<?xml version="1.0" encoding="UTF-8"?>
<testsuites tests="264" failures="127" disabled="66" errors="0" time="0.487" timestamp="2025-09-13T22:25:51.210" name="AllTests">
  <testsuite name="NppCoreFunctionalTest" tests="12" failures="0" disabled="2" skipped="0" errors="0" time="0.228" timestamp="2025-09-13T22:25:51.210">
    <testcase name="GetLibraryVersion" file="/home/cjxu/npp/test/unit/nppcore/test_nppcore.cpp" line="25" status="run" result="completed" time="0.216" timestamp="2025-09-13T22:25:51.210" classname="NppCoreFunctionalTest" />
    <testcase name="GetGpuProperties" file="/home/cjxu/npp/test/unit/nppcore/test_nppcore.cpp" line="43" status="run" result="completed" time="0." timestamp="2025-09-13T22:25:51.426" classname="NppCoreFunctionalTest" />
    <testcase name="StreamContext_DefaultContext" file="/home/cjxu/npp/test/unit/nppcore/test_nppcore.cpp" line="74" status="run" result="completed" time="0." timestamp="2025-09-13T22:25:51.426" classname="NppCoreFunctionalTest" />
    <testcase name="StreamContext_CustomStream" file="/home/cjxu/npp/test/unit/nppcore/test_nppcore.cpp" line="95" status="run" result="completed" time="0." timestamp="2025-09-13T22:25:51.426" classname="NppCoreFunctionalTest" />
    <testcase name="StreamContext_GetStream" file="/home/cjxu/npp/test/unit/nppcore/test_nppcore.cpp" line="113" status="run" result="completed" time="0." timestamp="2025-09-13T22:25:51.427" classname="NppCoreFunctionalTest" />
    <testcase name="Memory_BasicAllocation" file="/home/cjxu/npp/test/unit/nppcore/test_nppcore.cpp" line="125" status="run" result="completed" time="0.003" timestamp="2025-09-13T22:25:51.427" classname="NppCoreFunctionalTest" />
    <testcase name="Memory_AllocationStep" file="/home/cjxu/npp/test/unit/nppcore/test_nppcore.cpp" line="173" status="run" result="completed" time="0.001" timestamp="2025-09-13T22:25:51.431" classname="NppCoreFunctionalTest" />
    <testcase name="Memory_AllocationLimits" file="/home/cjxu/npp/test/unit/nppcore/test_nppcore.cpp" line="209" status="run" result="completed" time="0.003" timestamp="2025-09-13T22:25:51.432" classname="NppCoreFunctionalTest" />
    <testcase name="DISABLED_ErrorHandling_StatusCodes" file="/home/cjxu/npp/test/unit/nppcore/test_nppcore.cpp" line="231" status="notrun" result="suppressed" time="0." timestamp="1970-01-01T08:00:00.000" classname="NppCoreFunctionalTest" />
    <testcase name="DISABLED_ErrorHandling_NullPointerDetection" file="/home/cjxu/npp/test/unit/nppcore/test_nppcore.cpp" line="241" status="notrun" result="suppressed" time="0." timestamp="1970-01-01T08:00:00.000" classname="NppCoreFunctionalTest" />
    <testcase name="ComputeCapability_Detection" file="/home/cjxu/npp/test/unit/nppcore/test_nppcore.cpp" line="254" status="run" result="completed" time="0." timestamp="2025-09-13T22:25:51.435" classname="NppCoreFunctionalTest" />
    <testcase name="Integration_CompleteWorkflow" file="/home/cjxu/npp/test/unit/nppcore/test_nppcore.cpp" line="274" status="run" result="completed" time="0.003" timestamp="2025-09-13T22:25:51.435" classname="NppCoreFunctionalTest" />
  </testsuite>
  <testsuite name="AbsFunctionalTest" tests="4" failures="0" disabled="2" skipped="0" errors="0" time="0.012" timestamp="2025-09-13T22:25:51.439">
    <testcase name="Abs_32f_C1R_BasicOperation" file="/home/cjxu/npp/test/unit/nppi/arithmetic_operations/test_nppi_abs.cpp" line="27" status="run" result="completed" time="0.011" timestamp="2025-09-13T22:25:51.439" classname="AbsFunctionalTest" />
    <testcase name="Abs_32f_C1IR_InPlaceOperation" file="/home/cjxu/npp/test/unit/nppi/arithmetic_operations/test_nppi_abs.cpp" line="68" status="run" result="completed" time="0.001" timestamp="2025-09-13T22:25:51.450" classname="AbsFunctionalTest" />
    <testcase name="DISABLED_Abs_ErrorHandling_NullPointer" file="/home/cjxu/npp/test/unit/nppi/arithmetic_operations/test_nppi_abs.cpp" line="110" status="notrun" result="suppressed" time="0." timestamp="1970-01-01T08:00:00.000" classname="AbsFunctionalTest" />
    <testcase name="DISABLED_Abs_ErrorHandling_InvalidROI" file="/home/cjxu/npp/test/unit/nppi/arithmetic_operations/test_nppi_abs.cpp" line="129" status="notrun" result="suppressed" time="0." timestamp="1970-01-01T08:00:00.000" classname="AbsFunctionalTest" />
  </testsuite>
  <testsuite name="AddFunctionalTest" tests="10" failures="0" disabled="2" skipped="0" errors="0" time="0.048" timestamp="2025-09-13T22:25:51.451">
    <testcase name="Add_8u_C1RSfs_BasicOperation" file="/home/cjxu/npp/test/unit/nppi/arithmetic_operations/test_nppi_add.cpp" line="25" status="run" result="completed" time="0.014" timestamp="2025-09-13T22:25:51.451" classname="AddFunctionalTest" />
    <testcase name="Add_8u_C1RSfs_WithScaling" file="/home/cjxu/npp/test/unit/nppi/arithmetic_operations/test_nppi_add.cpp" line="66" status="run" result="completed" time="0.001" timestamp="2025-09-13T22:25:51.466" classname="AddFunctionalTest" />
    <testcase name="Add_8u_C1RSfs_SaturationHandling" file="/home/cjxu/npp/test/unit/nppi/arithmetic_operations/test_nppi_add.cpp" line="108" status="run" result="completed" time="0.002" timestamp="2025-09-13T22:25:51.467" classname="AddFunctionalTest" />
    <testcase name="Add_32f_C1R_BasicOperation" file="/home/cjxu/npp/test/unit/nppi/arithmetic_operations/test_nppi_add.cpp" line="152" status="run" result="completed" time="0.001" timestamp="2025-09-13T22:25:51.470" classname="AddFunctionalTest" />
    <testcase name="Add_32f_C1R_RandomData" file="/home/cjxu/npp/test/unit/nppi/arithmetic_operations/test_nppi_add.cpp" line="192" status="run" result="completed" time="0.001" timestamp="2025-09-13T22:25:51.472" classname="AddFunctionalTest" />
    <testcase name="Add_32f_C1IR_InPlaceOperation" file="/home/cjxu/npp/test/unit/nppi/arithmetic_operations/test_nppi_add.cpp" line="241" status="run" result="completed" time="0." timestamp="2025-09-13T22:25:51.473" classname="AddFunctionalTest" />
    <testcase name="DISABLED_Add_ErrorHandling_NullPointer" file="/home/cjxu/npp/test/unit/nppi/arithmetic_operations/test_nppi_add.cpp" line="282" status="notrun" result="suppressed" time="0." timestamp="1970-01-01T08:00:00.000" classname="AddFunctionalTest" />
    <testcase name="DISABLED_Add_ErrorHandling_InvalidROI" file="/home/cjxu/npp/test/unit/nppi/arithmetic_operations/test_nppi_add.cpp" line="302" status="notrun" result="suppressed" time="0." timestamp="1970-01-01T08:00:00.000" classname="AddFunctionalTest" />
    <testcase name="Add_BoundaryConditions_SmallImage" file="/home/cjxu/npp/test/unit/nppi/arithmetic_operations/test_nppi_add.cpp" line="323" status="run" result="completed" time="0." timestamp="2025-09-13T22:25:51.474" classname="AddFunctionalTest" />
    <testcase name="Add_BoundaryConditions_LargeImage" file="/home/cjxu/npp/test/unit/nppi/arithmetic_operations/test_nppi_add.cpp" line="353" status="run" result="completed" time="0.025" timestamp="2025-09-13T22:25:51.475" classname="AddFunctionalTest" />
  </testsuite>
  <testsuite name="AddcFunctionalTest" tests="2" failures="0" disabled="0" skipped="0" errors="0" time="0.014" timestamp="2025-09-13T22:25:51.500">
    <testcase name="AddC_8u_C1RSfs_BasicOperation" file="/home/cjxu/npp/test/unit/nppi/arithmetic_operations/test_nppi_addc.cpp" line="21" status="run" result="completed" time="0.01" timestamp="2025-09-13T22:25:51.500" classname="AddcFunctionalTest" />
    <testcase name="AddC_32f_C1R_BasicOperation" file="/home/cjxu/npp/test/unit/nppi/arithmetic_operations/test_nppi_addc.cpp" line="54" status="run" result="completed" time="0.003" timestamp="2025-09-13T22:25:51.511" classname="AddcFunctionalTest" />
  </testsuite>
  <testsuite name="DivFunctionalTest" tests="2" failures="0" disabled="2" skipped="0" errors="0" time="0." timestamp="1970-01-01T08:00:00.000">
    <testcase name="DISABLED_Div_8u_C1RSfs_BasicOperation" file="/home/cjxu/npp/test/unit/nppi/arithmetic_operations/test_nppi_div.cpp" line="24" status="notrun" result="suppressed" time="0." timestamp="1970-01-01T08:00:00.000" classname="DivFunctionalTest" />
    <testcase name="DISABLED_Div_32f_C1R_BasicOperation" file="/home/cjxu/npp/test/unit/nppi/arithmetic_operations/test_nppi_div.cpp" line="68" status="notrun" result="suppressed" time="0." timestamp="1970-01-01T08:00:00.000" classname="DivFunctionalTest" />
  </testsuite>
  <testsuite name="MulFunctionalTest" tests="2" failures="0" disabled="0" skipped="0" errors="0" time="0.002" timestamp="2025-09-13T22:25:51.514">
    <testcase name="Mul_8u_C1RSfs_BasicOperation" file="/home/cjxu/npp/test/unit/nppi/arithmetic_operations/test_nppi_mul.cpp" line="21" status="run" result="completed" time="0.001" timestamp="2025-09-13T22:25:51.514" classname="MulFunctionalTest" />
    <testcase name="Mul_32f_C1R_BasicOperation" file="/home/cjxu/npp/test/unit/nppi/arithmetic_operations/test_nppi_mul.cpp" line="57" status="run" result="completed" time="0." timestamp="2025-09-13T22:25:51.516" classname="MulFunctionalTest" />
  </testsuite>
  <testsuite name="SubFunctionalTest" tests="2" failures="0" disabled="2" skipped="0" errors="0" time="0." timestamp="1970-01-01T08:00:00.000">
    <testcase name="DISABLED_Sub_8u_C1RSfs_BasicOperation" file="/home/cjxu/npp/test/unit/nppi/arithmetic_operations/test_nppi_sub.cpp" line="24" status="notrun" result="suppressed" time="0." timestamp="1970-01-01T08:00:00.000" classname="SubFunctionalTest" />
    <testcase name="DISABLED_Sub_32f_C1R_BasicOperation" file="/home/cjxu/npp/test/unit/nppi/arithmetic_operations/test_nppi_sub.cpp" line="68" status="notrun" result="suppressed" time="0." timestamp="1970-01-01T08:00:00.000" classname="SubFunctionalTest" />
  </testsuite>
  <testsuite name="TransposeFunctionalTest" tests="12" failures="0" disabled="2" skipped="0" errors="0" time="0.019" timestamp="2025-09-13T22:25:51.517">
    <testcase name="Transpose_8u_C1R_BasicSquareMatrix" file="/home/cjxu/npp/test/unit/nppi/data_exchange_operations/test_nppi_transpose.cpp" line="48" status="run" result="completed" time="0.005" timestamp="2025-09-13T22:25:51.517" classname="TransposeFunctionalTest" />
    <testcase name="Transpose_32f_C1R_BasicSquareMatrix" file="/home/cjxu/npp/test/unit/nppi/data_exchange_operations/test_nppi_transpose.cpp" line="98" status="run" result="completed" time="0." timestamp="2025-09-13T22:25:51.522" classname="TransposeFunctionalTest" />
    <testcase name="Transpose_8u_C1R_RectangularMatrix" file="/home/cjxu/npp/test/unit/nppi/data_exchange_operations/test_nppi_transpose.cpp" line="136" status="run" result="completed" time="0." timestamp="2025-09-13T22:25:51.523" classname="TransposeFunctionalTest" />
    <testcase name="Transpose_32f_C1R_LargeMatrix" file="/home/cjxu/npp/test/unit/nppi/data_exchange_operations/test_nppi_transpose.cpp" line="187" status="run" result="completed" time="0." timestamp="2025-09-13T22:25:51.524" classname="TransposeFunctionalTest" />
    <testcase name="Transpose_8u_C1R_SinglePixel" file="/home/cjxu/npp/test/unit/nppi/data_exchange_operations/test_nppi_transpose.cpp" line="222" status="run" result="completed" time="0." timestamp="2025-09-13T22:25:51.524" classname="TransposeFunctionalTest" />
    <testcase name="Transpose_32f_C1R_SingleRow" file="/home/cjxu/npp/test/unit/nppi/data_exchange_operations/test_nppi_transpose.cpp" line="247" status="run" result="completed" time="0." timestamp="2025-09-13T22:25:51.525" classname="TransposeFunctionalTest" />
    <testcase name="Transpose_32f_C1R_SingleColumn" file="/home/cjxu/npp/test/unit/nppi/data_exchange_operations/test_nppi_transpose.cpp" line="274" status="run" result="completed" time="0." timestamp="2025-09-13T22:25:51.526" classname="TransposeFunctionalTest" />
    <testcase name="Transpose_8u_C1R_DoubleTranspose" file="/home/cjxu/npp/test/unit/nppi/data_exchange_operations/test_nppi_transpose.cpp" line="303" status="run" result="completed" time="0." timestamp="2025-09-13T22:25:51.526" classname="TransposeFunctionalTest" />
    <testcase name="Transpose_16u_C1R_DataTypeTest" file="/home/cjxu/npp/test/unit/nppi/data_exchange_operations/test_nppi_transpose.cpp" line="344" status="run" result="completed" time="0." timestamp="2025-09-13T22:25:51.527" classname="TransposeFunctionalTest" />
    <testcase name="DISABLED_ErrorHandling_NullPointer" file="/home/cjxu/npp/test/unit/nppi/data_exchange_operations/test_nppi_transpose.cpp" line="384" status="notrun" result="suppressed" time="0." timestamp="1970-01-01T08:00:00.000" classname="TransposeFunctionalTest" />
    <testcase name="DISABLED_ErrorHandling_InvalidROI" file="/home/cjxu/npp/test/unit/nppi/data_exchange_operations/test_nppi_transpose.cpp" line="410" status="notrun" result="suppressed" time="0." timestamp="1970-01-01T08:00:00.000" classname="TransposeFunctionalTest" />
    <testcase name="Performance_VariousSizes" file="/home/cjxu/npp/test/unit/nppi/data_exchange_operations/test_nppi_transpose.cpp" line="437" status="run" result="completed" time="0.008" timestamp="2025-09-13T22:25:51.528" classname="TransposeFunctionalTest" />
  </testsuite>
  <testsuite name="MagnitudeFunctionalTest" tests="2" failures="0" disabled="1" skipped="0" errors="0" time="0.003" timestamp="2025-09-13T22:25:51.537">
    <testcase name="Magnitude_32fc_32f_C1R_BasicOperation" file="/home/cjxu/npp/test/unit/nppi/linear_transform_operations/test_nppi_magnitude.cpp" line="22" status="run" result="completed" time="0.003" timestamp="2025-09-13T22:25:51.537" classname="MagnitudeFunctionalTest" />
    <testcase name="DISABLED_Magnitude_ErrorHandling" file="/home/cjxu/npp/test/unit/nppi/linear_transform_operations/test_nppi_magnitude.cpp" line="60" status="notrun" result="suppressed" time="0." timestamp="1970-01-01T08:00:00.000" classname="MagnitudeFunctionalTest" />
  </testsuite>
  <testsuite name="NPPIAbsDiffTest" tests="5" failures="0" disabled="1" skipped="0" errors="0" time="0.003" timestamp="2025-09-13T22:25:51.540">
    <testcase name="AbsDiff_8u_C1R" file="/home/cjxu/npp/test/unit/nppi/nppi_arithmetic_operations/test_nppi_absdiff.cpp" line="55" status="run" result="completed" time="0.001" timestamp="2025-09-13T22:25:51.540" classname="NPPIAbsDiffTest" />
    <testcase name="AbsDiff_8u_C3R" file="/home/cjxu/npp/test/unit/nppi/nppi_arithmetic_operations/test_nppi_absdiff.cpp" line="93" status="run" result="completed" time="0." timestamp="2025-09-13T22:25:51.542" classname="NPPIAbsDiffTest" />
    <testcase name="AbsDiff_32f_C1R" file="/home/cjxu/npp/test/unit/nppi/nppi_arithmetic_operations/test_nppi_absdiff.cpp" line="132" status="run" result="completed" time="0." timestamp="2025-09-13T22:25:51.542" classname="NPPIAbsDiffTest" />
    <testcase name="AbsDiff_8u_C1R_Ctx" file="/home/cjxu/npp/test/unit/nppi/nppi_arithmetic_operations/test_nppi_absdiff.cpp" line="175" status="run" result="completed" time="0." timestamp="2025-09-13T22:25:51.543" classname="NPPIAbsDiffTest" />
    <testcase name="DISABLED_ErrorHandling" file="/home/cjxu/npp/test/unit/nppi/nppi_arithmetic_operations/test_nppi_absdiff.cpp" line="218" status="notrun" result="suppressed" time="0." timestamp="1970-01-01T08:00:00.000" classname="NPPIAbsDiffTest" />
  </testsuite>
  <testsuite name="NPPICompareCTest" tests="8" failures="0" disabled="1" skipped="0" errors="0" time="0.022" timestamp="2025-09-13T22:25:51.544">
    <testcase name="CompareC_8u_C1R_Less" file="/home/cjxu/npp/test/unit/nppi/nppi_arithmetic_operations/test_nppi_comparec.cpp" line="69" status="run" result="completed" time="0.017" timestamp="2025-09-13T22:25:51.544" classname="NPPICompareCTest" />
    <testcase name="CompareC_8u_C1R_Equal" file="/home/cjxu/npp/test/unit/nppi/nppi_arithmetic_operations/test_nppi_comparec.cpp" line="104" status="run" result="completed" time="0." timestamp="2025-09-13T22:25:51.562" classname="NPPICompareCTest" />
    <testcase name="CompareC_8u_C1R_Greater" file="/home/cjxu/npp/test/unit/nppi/nppi_arithmetic_operations/test_nppi_comparec.cpp" line="144" status="run" result="completed" time="0." timestamp="2025-09-13T22:25:51.563" classname="NPPICompareCTest" />
    <testcase name="CompareC_16s_C1R" file="/home/cjxu/npp/test/unit/nppi/nppi_arithmetic_operations/test_nppi_comparec.cpp" line="179" status="run" result="completed" time="0." timestamp="2025-09-13T22:25:51.563" classname="NPPICompareCTest" />
    <testcase name="CompareC_32f_C1R" file="/home/cjxu/npp/test/unit/nppi/nppi_arithmetic_operations/test_nppi_comparec.cpp" line="216" status="run" result="completed" time="0." timestamp="2025-09-13T22:25:51.564" classname="NPPICompareCTest" />
    <testcase name="CompareC_8u_C1R_Ctx" file="/home/cjxu/npp/test/unit/nppi/nppi_arithmetic_operations/test_nppi_comparec.cpp" line="255" status="run" result="completed" time="0." timestamp="2025-09-13T22:25:51.565" classname="NPPICompareCTest" />
    <testcase name="CompareC_AllOperations" file="/home/cjxu/npp/test/unit/nppi/nppi_arithmetic_operations/test_nppi_comparec.cpp" line="294" status="run" result="completed" time="0.001" timestamp="2025-09-13T22:25:51.566" classname="NPPICompareCTest" />
    <testcase name="DISABLED_ErrorHandling" file="/home/cjxu/npp/test/unit/nppi/nppi_arithmetic_operations/test_nppi_comparec.cpp" line="334" status="notrun" result="suppressed" time="0." timestamp="1970-01-01T08:00:00.000" classname="NPPICompareCTest" />
  </testsuite>
  <testsuite name="ExpFunctionalTest" tests="8" failures="0" disabled="2" skipped="0" errors="0" time="0.011" timestamp="2025-09-13T22:25:51.567">
    <testcase name="Exp_8u_C1RSfs_BasicOperation" file="/home/cjxu/npp/test/unit/nppi/nppi_arithmetic_operations/test_nppi_exp.cpp" line="23" status="run" result="completed" time="0.001" timestamp="2025-09-13T22:25:51.567" classname="ExpFunctionalTest" />
    <testcase name="Exp_32f_C1R_BasicOperation" file="/home/cjxu/npp/test/unit/nppi/nppi_arithmetic_operations/test_nppi_exp.cpp" line="85" status="run" result="completed" time="0.004" timestamp="2025-09-13T22:25:51.569" classname="ExpFunctionalTest" />
    <testcase name="DISABLED_Exp_16s_C1RSfs_BasicOperation" file="/home/cjxu/npp/test/unit/nppi/nppi_arithmetic_operations/test_nppi_exp.cpp" line="138" status="notrun" result="suppressed" time="0." timestamp="1970-01-01T08:00:00.000" classname="ExpFunctionalTest" />
    <testcase name="Exp_32f_C1R_SpecialValues" file="/home/cjxu/npp/test/unit/nppi/nppi_arithmetic_operations/test_nppi_exp.cpp" line="199" status="run" result="completed" time="0." timestamp="2025-09-13T22:25:51.573" classname="ExpFunctionalTest" />
    <testcase name="Exp_32f_C1IR_InPlace" file="/home/cjxu/npp/test/unit/nppi/nppi_arithmetic_operations/test_nppi_exp.cpp" line="255" status="run" result="completed" time="0.001" timestamp="2025-09-13T22:25:51.574" classname="ExpFunctionalTest" />
    <testcase name="DISABLED_Exp_ErrorHandling" file="/home/cjxu/npp/test/unit/nppi/nppi_arithmetic_operations/test_nppi_exp.cpp" line="303" status="notrun" result="suppressed" time="0." timestamp="1970-01-01T08:00:00.000" classname="ExpFunctionalTest" />
    <testcase name="Exp_StreamContext" file="/home/cjxu/npp/test/unit/nppi/nppi_arithmetic_operations/test_nppi_exp.cpp" line="323" status="run" result="completed" time="0.001" timestamp="2025-09-13T22:25:51.576" classname="ExpFunctionalTest" />
    <testcase name="Exp_8u_C1RSfs_WithScaling" file="/home/cjxu/npp/test/unit/nppi/nppi_arithmetic_operations/test_nppi_exp.cpp" line="369" status="run" result="completed" time="0.001" timestamp="2025-09-13T22:25:51.577" classname="ExpFunctionalTest" />
  </testsuite>
  <testsuite name="LnFunctionalTest" tests="8" failures="0" disabled="8" skipped="0" errors="0" time="0." timestamp="1970-01-01T08:00:00.000">
    <testcase name="DISABLED_Ln_8u_C1RSfs_BasicOperation" file="/home/cjxu/npp/test/unit/nppi/nppi_arithmetic_operations/test_nppi_ln.cpp" line="28" status="notrun" result="suppressed" time="0." timestamp="1970-01-01T08:00:00.000" classname="LnFunctionalTest" />
    <testcase name="DISABLED_Ln_8u_C1RSfs_WithScaling" file="/home/cjxu/npp/test/unit/nppi/nppi_arithmetic_operations/test_nppi_ln.cpp" line="86" status="notrun" result="suppressed" time="0." timestamp="1970-01-01T08:00:00.000" classname="LnFunctionalTest" />
    <testcase name="DISABLED_Ln_32f_C1R_BasicOperation" file="/home/cjxu/npp/test/unit/nppi/nppi_arithmetic_operations/test_nppi_ln.cpp" line="144" status="notrun" result="suppressed" time="0." timestamp="1970-01-01T08:00:00.000" classname="LnFunctionalTest" />
    <testcase name="DISABLED_Ln_16s_C1RSfs_BasicOperation" file="/home/cjxu/npp/test/unit/nppi/nppi_arithmetic_operations/test_nppi_ln.cpp" line="196" status="notrun" result="suppressed" time="0." timestamp="1970-01-01T08:00:00.000" classname="LnFunctionalTest" />
    <testcase name="DISABLED_Ln_32f_C1R_SpecialValues" file="/home/cjxu/npp/test/unit/nppi/nppi_arithmetic_operations/test_nppi_ln.cpp" line="254" status="notrun" result="suppressed" time="0." timestamp="1970-01-01T08:00:00.000" classname="LnFunctionalTest" />
    <testcase name="DISABLED_Ln_32f_C1IR_InPlace" file="/home/cjxu/npp/test/unit/nppi/nppi_arithmetic_operations/test_nppi_ln.cpp" line="306" status="notrun" result="suppressed" time="0." timestamp="1970-01-01T08:00:00.000" classname="LnFunctionalTest" />
    <testcase name="DISABLED_Ln_ErrorHandling" file="/home/cjxu/npp/test/unit/nppi/nppi_arithmetic_operations/test_nppi_ln.cpp" line="353" status="notrun" result="suppressed" time="0." timestamp="1970-01-01T08:00:00.000" classname="LnFunctionalTest" />
    <testcase name="DISABLED_Ln_StreamContext" file="/home/cjxu/npp/test/unit/nppi/nppi_arithmetic_operations/test_nppi_ln.cpp" line="373" status="notrun" result="suppressed" time="0." timestamp="1970-01-01T08:00:00.000" classname="LnFunctionalTest" />
  </testsuite>
  <testsuite name="LogicalFunctionalTest" tests="4" failures="0" disabled="0" skipped="0" errors="0" time="0.013" timestamp="2025-09-13T22:25:51.578">
    <testcase name="And_8u_C1R" file="/home/cjxu/npp/test/unit/nppi/nppi_arithmetic_operations/test_nppi_logical.cpp" line="57" status="run" result="completed" time="0.004" timestamp="2025-09-13T22:25:51.578" classname="LogicalFunctionalTest" />
    <testcase name="AndC_8u_C1R" file="/home/cjxu/npp/test/unit/nppi/nppi_arithmetic_operations/test_nppi_logical.cpp" line="74" status="run" result="completed" time="0.006" timestamp="2025-09-13T22:25:51.582" classname="LogicalFunctionalTest" />
    <testcase name="Or_8u_C1R" file="/home/cjxu/npp/test/unit/nppi/nppi_arithmetic_operations/test_nppi_logical.cpp" line="93" status="run" result="completed" time="0.001" timestamp="2025-09-13T22:25:51.589" classname="LogicalFunctionalTest" />
    <testcase name="OrC_8u_C1R" file="/home/cjxu/npp/test/unit/nppi/nppi_arithmetic_operations/test_nppi_logical.cpp" line="110" status="run" result="completed" time="0.001" timestamp="2025-09-13T22:25:51.590" classname="LogicalFunctionalTest" />
  </testsuite>
  <testsuite name="LogicalParameterTest" tests="3" failures="2" disabled="0" skipped="0" errors="0" time="0.008" timestamp="2025-09-13T22:25:51.591">
    <testcase name="NullPointerError" file="/home/cjxu/npp/test/unit/nppi/nppi_arithmetic_operations/test_nppi_logical.cpp" line="130" status="run" result="completed" time="0.002" timestamp="2025-09-13T22:25:51.591" classname="LogicalParameterTest" />
    <testcase name="InvalidSize" file="/home/cjxu/npp/test/unit/nppi/nppi_arithmetic_operations/test_nppi_logical.cpp" line="152" status="run" result="completed" time="0." timestamp="2025-09-13T22:25:51.593" classname="LogicalParameterTest">
      <failure message="/home/cjxu/npp/test/unit/nppi/nppi_arithmetic_operations/test_nppi_logical.cpp:158&#x0A;Expected equality of these values:&#x0A;  nppiAnd_8u_C1R(&amp;dummy, step, &amp;dummy, step, &amp;dummy, step, size)&#x0A;    Which is: 0&#x0A;  NPP_SIZE_ERROR&#x0A;    Which is: -6&#x0A;" type=""><![CDATA[/home/cjxu/npp/test/unit/nppi/nppi_arithmetic_operations/test_nppi_logical.cpp:158
Expected equality of these values:
  nppiAnd_8u_C1R(&dummy, step, &dummy, step, &dummy, step, size)
    Which is: 0
  NPP_SIZE_ERROR
    Which is: -6
]]></failure>
      <failure message="/home/cjxu/npp/test/unit/nppi/nppi_arithmetic_operations/test_nppi_logical.cpp:163&#x0A;Expected equality of these values:&#x0A;  nppiOr_8u_C1R(&amp;dummy, step, &amp;dummy, step, &amp;dummy, step, size)&#x0A;    Which is: 0&#x0A;  NPP_SIZE_ERROR&#x0A;    Which is: -6&#x0A;" type=""><![CDATA[/home/cjxu/npp/test/unit/nppi/nppi_arithmetic_operations/test_nppi_logical.cpp:163
Expected equality of these values:
  nppiOr_8u_C1R(&dummy, step, &dummy, step, &dummy, step, size)
    Which is: 0
  NPP_SIZE_ERROR
    Which is: -6
]]></failure>
    </testcase>
    <testcase name="InvalidStep" file="/home/cjxu/npp/test/unit/nppi/nppi_arithmetic_operations/test_nppi_logical.cpp" line="167" status="run" result="completed" time="0.006" timestamp="2025-09-13T22:25:51.594" classname="LogicalParameterTest">
      <failure message="/home/cjxu/npp/test/unit/nppi/nppi_arithmetic_operations/test_nppi_logical.cpp:172&#x0A;Expected equality of these values:&#x0A;  nppiAnd_8u_C1R(&amp;dummy, 5, &amp;dummy, 10, &amp;dummy, 10, size)&#x0A;    Which is: 0&#x0A;  NPP_STEP_ERROR&#x0A;    Which is: -14&#x0A;" type=""><![CDATA[/home/cjxu/npp/test/unit/nppi/nppi_arithmetic_operations/test_nppi_logical.cpp:172
Expected equality of these values:
  nppiAnd_8u_C1R(&dummy, 5, &dummy, 10, &dummy, 10, size)
    Which is: 0
  NPP_STEP_ERROR
    Which is: -14
]]></failure>
      <failure message="/home/cjxu/npp/test/unit/nppi/nppi_arithmetic_operations/test_nppi_logical.cpp:174&#x0A;Expected equality of these values:&#x0A;  nppiOr_8u_C1R(&amp;dummy, 10, &amp;dummy, 5, &amp;dummy, 10, size)&#x0A;    Which is: 0&#x0A;  NPP_STEP_ERROR&#x0A;    Which is: -14&#x0A;" type=""><![CDATA[/home/cjxu/npp/test/unit/nppi/nppi_arithmetic_operations/test_nppi_logical.cpp:174
Expected equality of these values:
  nppiOr_8u_C1R(&dummy, 10, &dummy, 5, &dummy, 10, size)
    Which is: 0
  NPP_STEP_ERROR
    Which is: -14
]]></failure>
    </testcase>
  </testsuite>
  <testsuite name="MulScaleFunctionalTest" tests="7" failures="6" disabled="1" skipped="0" errors="0" time="0.002" timestamp="2025-09-13T22:25:51.600">
    <testcase name="MulScale_8u_C1R_BasicOperation" file="/home/cjxu/npp/test/unit/nppi/nppi_arithmetic_operations/test_nppi_mulscale.cpp" line="23" status="run" result="completed" time="0.002" timestamp="2025-09-13T22:25:51.600" classname="MulScaleFunctionalTest">
      <failure message="/home/cjxu/npp/test/unit/nppi/nppi_arithmetic_operations/test_nppi_mulscale.cpp:76&#x0A;Expected equality of these values:&#x0A;  status&#x0A;    Which is: -1000&#x0A;  NPP_SUCCESS&#x0A;    Which is: 0&#x0A;" type=""><![CDATA[/home/cjxu/npp/test/unit/nppi/nppi_arithmetic_operations/test_nppi_mulscale.cpp:76
Expected equality of these values:
  status
    Which is: -1000
  NPP_SUCCESS
    Which is: 0
]]></failure>
      <failure message="/home/cjxu/npp/test/unit/nppi/nppi_arithmetic_operations/test_nppi_mulscale.cpp:89&#x0A;Value of: NPPTestUtils::IsArithmeticEqual(resultData[i], expectedData[i], &quot;nppiMulScale_8u_C1R&quot;)&#x0A;  Actual: false&#x0A;Expected: true&#x0A;Arithmetic function nppiMulScale_8u_C1R values differ: actual=\0, expected= (Test mode: Tolerant Testing Mode (minor differences allowed))Mismatch at pixel 6: got 0, expected 2, src1=7, src2=96&#x0A;" type=""><![CDATA[/home/cjxu/npp/test/unit/nppi/nppi_arithmetic_operations/test_nppi_mulscale.cpp:89
Value of: NPPTestUtils::IsArithmeticEqual(resultData[i], expectedData[i], "nppiMulScale_8u_C1R")
  Actual: false
Expected: true
Arithmetic function nppiMulScale_8u_C1R values differ: actual=\0, expected= (Test mode: Tolerant Testing Mode (minor differences allowed))Mismatch at pixel 6: got 0, expected 2, src1=7, src2=96
]]></failure>
      <failure message="/home/cjxu/npp/test/unit/nppi/nppi_arithmetic_operations/test_nppi_mulscale.cpp:89&#x0A;Value of: NPPTestUtils::IsArithmeticEqual(resultData[i], expectedData[i], &quot;nppiMulScale_8u_C1R&quot;)&#x0A;  Actual: false&#x0A;Expected: true&#x0A;Arithmetic function nppiMulScale_8u_C1R values differ: actual=\0, expected= (Test mode: Tolerant Testing Mode (minor differences allowed))Mismatch at pixel 7: got 0, expected 3, src1=8, src2=112&#x0A;" type=""><![CDATA[/home/cjxu/npp/test/unit/nppi/nppi_arithmetic_operations/test_nppi_mulscale.cpp:89
Value of: NPPTestUtils::IsArithmeticEqual(resultData[i], expectedData[i], "nppiMulScale_8u_C1R")
  Actual: false
Expected: true
Arithmetic function nppiMulScale_8u_C1R values differ: actual=\0, expected= (Test mode: Tolerant Testing Mode (minor differences allowed))Mismatch at pixel 7: got 0, expected 3, src1=8, src2=112
]]></failure>
      <failure message="/home/cjxu/npp/test/unit/nppi/nppi_arithmetic_operations/test_nppi_mulscale.cpp:89&#x0A;Value of: NPPTestUtils::IsArithmeticEqual(resultData[i], expectedData[i], &quot;nppiMulScale_8u_C1R&quot;)&#x0A;  Actual: false&#x0A;Expected: true&#x0A;Arithmetic function nppiMulScale_8u_C1R values differ: actual=\0, expected= (Test mode: Tolerant Testing Mode (minor differences allowed))Mismatch at pixel 11: got 0, expected 2, src1=12, src2=48&#x0A;" type=""><![CDATA[/home/cjxu/npp/test/unit/nppi/nppi_arithmetic_operations/test_nppi_mulscale.cpp:89
Value of: NPPTestUtils::IsArithmeticEqual(resultData[i], expectedData[i], "nppiMulScale_8u_C1R")
  Actual: false
Expected: true
Arithmetic function nppiMulScale_8u_C1R values differ: actual=\0, expected= (Test mode: Tolerant Testing Mode (minor differences allowed))Mismatch at pixel 11: got 0, expected 2, src1=12, src2=48
]]></failure>
      <failure message="/home/cjxu/npp/test/unit/nppi/nppi_arithmetic_operations/test_nppi_mulscale.cpp:89&#x0A;Value of: NPPTestUtils::IsArithmeticEqual(resultData[i], expectedData[i], &quot;nppiMulScale_8u_C1R&quot;)&#x0A;  Actual: false&#x0A;Expected: true&#x0A;Arithmetic function nppiMulScale_8u_C1R values differ: actual=\0, expected= (Test mode: Tolerant Testing Mode (minor differences allowed))Mismatch at pixel 12: got 0, expected 3, src1=13, src2=64&#x0A;" type=""><![CDATA[/home/cjxu/npp/test/unit/nppi/nppi_arithmetic_operations/test_nppi_mulscale.cpp:89
Value of: NPPTestUtils::IsArithmeticEqual(resultData[i], expectedData[i], "nppiMulScale_8u_C1R")
  Actual: false
Expected: true
Arithmetic function nppiMulScale_8u_C1R values differ: actual=\0, expected= (Test mode: Tolerant Testing Mode (minor differences allowed))Mismatch at pixel 12: got 0, expected 3, src1=13, src2=64
]]></failure>
      <failure message="/home/cjxu/npp/test/unit/nppi/nppi_arithmetic_operations/test_nppi_mulscale.cpp:89&#x0A;Value of: NPPTestUtils::IsArithmeticEqual(resultData[i], expectedData[i], &quot;nppiMulScale_8u_C1R&quot;)&#x0A;  Actual: false&#x0A;Expected: true&#x0A;Arithmetic function nppiMulScale_8u_C1R values differ: actual=\0, expected= (Test mode: Tolerant Testing Mode (minor differences allowed))Mismatch at pixel 13: got 0, expected 4, src1=14, src2=80&#x0A;" type=""><![CDATA[/home/cjxu/npp/test/unit/nppi/nppi_arithmetic_operations/test_nppi_mulscale.cpp:89
Value of: NPPTestUtils::IsArithmeticEqual(resultData[i], expectedData[i], "nppiMulScale_8u_C1R")
  Actual: false
Expected: true
Arithmetic function nppiMulScale_8u_C1R values differ: actual=\0, expected= (Test mode: Tolerant Testing Mode (minor differences allowed))Mismatch at pixel 13: got 0, expected 4, src1=14, src2=80
]]></failure>
      <failure message="/home/cjxu/npp/test/unit/nppi/nppi_arithmetic_operations/test_nppi_mulscale.cpp:89&#x0A;Value of: NPPTestUtils::IsArithmeticEqual(resultData[i], expectedData[i], &quot;nppiMulScale_8u_C1R&quot;)&#x0A;  Actual: false&#x0A;Expected: true&#x0A;Arithmetic function nppiMulScale_8u_C1R values differ: actual=\0, expected= (Test mode: Tolerant Testing Mode (minor differences allowed))Mismatch at pixel 14: got 0, expected 5, src1=15, src2=96&#x0A;" type=""><![CDATA[/home/cjxu/npp/test/unit/nppi/nppi_arithmetic_operations/test_nppi_mulscale.cpp:89
Value of: NPPTestUtils::IsArithmeticEqual(resultData[i], expectedData[i], "nppiMulScale_8u_C1R")
  Actual: false
Expected: true
Arithmetic function nppiMulScale_8u_C1R values differ: actual=\0, expected= (Test mode: Tolerant Testing Mode (minor differences allowed))Mismatch at pixel 14: got 0, expected 5, src1=15, src2=96
]]></failure>
      <failure message="/home/cjxu/npp/test/unit/nppi/nppi_arithmetic_operations/test_nppi_mulscale.cpp:89&#x0A;Value of: NPPTestUtils::IsArithmeticEqual(resultData[i], expectedData[i], &quot;nppiMulScale_8u_C1R&quot;)&#x0A;  Actual: false&#x0A;Expected: true&#x0A;Arithmetic function nppiMulScale_8u_C1R values differ: actual=\0, expected= (Test mode: Tolerant Testing Mode (minor differences allowed))Mismatch at pixel 15: got 0, expected 7, src1=16, src2=112&#x0A;" type=""><![CDATA[/home/cjxu/npp/test/unit/nppi/nppi_arithmetic_operations/test_nppi_mulscale.cpp:89
Value of: NPPTestUtils::IsArithmeticEqual(resultData[i], expectedData[i], "nppiMulScale_8u_C1R")
  Actual: false
Expected: true
Arithmetic function nppiMulScale_8u_C1R values differ: actual=\0, expected= (Test mode: Tolerant Testing Mode (minor differences allowed))Mismatch at pixel 15: got 0, expected 7, src1=16, src2=112
]]></failure>
      <failure message="/home/cjxu/npp/test/unit/nppi/nppi_arithmetic_operations/test_nppi_mulscale.cpp:89&#x0A;Value of: NPPTestUtils::IsArithmeticEqual(resultData[i], expectedData[i], &quot;nppiMulScale_8u_C1R&quot;)&#x0A;  Actual: false&#x0A;Expected: true&#x0A;Arithmetic function nppiMulScale_8u_C1R values differ: actual=\0, expected= (Test mode: Tolerant Testing Mode (minor differences allowed))Mismatch at pixel 22: got 0, expected 2, src1=7, src2=96&#x0A;" type=""><![CDATA[/home/cjxu/npp/test/unit/nppi/nppi_arithmetic_operations/test_nppi_mulscale.cpp:89
Value of: NPPTestUtils::IsArithmeticEqual(resultData[i], expectedData[i], "nppiMulScale_8u_C1R")
  Actual: false
Expected: true
Arithmetic function nppiMulScale_8u_C1R values differ: actual=\0, expected= (Test mode: Tolerant Testing Mode (minor differences allowed))Mismatch at pixel 22: got 0, expected 2, src1=7, src2=96
]]></failure>
      <failure message="/home/cjxu/npp/test/unit/nppi/nppi_arithmetic_operations/test_nppi_mulscale.cpp:89&#x0A;Value of: NPPTestUtils::IsArithmeticEqual(resultData[i], expectedData[i], &quot;nppiMulScale_8u_C1R&quot;)&#x0A;  Actual: false&#x0A;Expected: true&#x0A;Arithmetic function nppiMulScale_8u_C1R values differ: actual=\0, expected= (Test mode: Tolerant Testing Mode (minor differences allowed))Mismatch at pixel 23: got 0, expected 3, src1=8, src2=112&#x0A;" type=""><![CDATA[/home/cjxu/npp/test/unit/nppi/nppi_arithmetic_operations/test_nppi_mulscale.cpp:89
Value of: NPPTestUtils::IsArithmeticEqual(resultData[i], expectedData[i], "nppiMulScale_8u_C1R")
  Actual: false
Expected: true
Arithmetic function nppiMulScale_8u_C1R values differ: actual=\0, expected= (Test mode: Tolerant Testing Mode (minor differences allowed))Mismatch at pixel 23: got 0, expected 3, src1=8, src2=112
]]></failure>
      <failure message="/home/cjxu/npp/test/unit/nppi/nppi_arithmetic_operations/test_nppi_mulscale.cpp:89&#x0A;Value of: NPPTestUtils::IsArithmeticEqual(resultData[i], expectedData[i], &quot;nppiMulScale_8u_C1R&quot;)&#x0A;  Actual: false&#x0A;Expected: true&#x0A;Arithmetic function nppiMulScale_8u_C1R values differ: actual=\0, expected= (Test mode: Tolerant Testing Mode (minor differences allowed))Mismatch at pixel 27: got 0, expected 2, src1=12, src2=48&#x0A;" type=""><![CDATA[/home/cjxu/npp/test/unit/nppi/nppi_arithmetic_operations/test_nppi_mulscale.cpp:89
Value of: NPPTestUtils::IsArithmeticEqual(resultData[i], expectedData[i], "nppiMulScale_8u_C1R")
  Actual: false
Expected: true
Arithmetic function nppiMulScale_8u_C1R values differ: actual=\0, expected= (Test mode: Tolerant Testing Mode (minor differences allowed))Mismatch at pixel 27: got 0, expected 2, src1=12, src2=48
]]></failure>
      <failure message="/home/cjxu/npp/test/unit/nppi/nppi_arithmetic_operations/test_nppi_mulscale.cpp:89&#x0A;Value of: NPPTestUtils::IsArithmeticEqual(resultData[i], expectedData[i], &quot;nppiMulScale_8u_C1R&quot;)&#x0A;  Actual: false&#x0A;Expected: true&#x0A;Arithmetic function nppiMulScale_8u_C1R values differ: actual=\0, expected= (Test mode: Tolerant Testing Mode (minor differences allowed))Mismatch at pixel 28: got 0, expected 3, src1=13, src2=64&#x0A;" type=""><![CDATA[/home/cjxu/npp/test/unit/nppi/nppi_arithmetic_operations/test_nppi_mulscale.cpp:89
Value of: NPPTestUtils::IsArithmeticEqual(resultData[i], expectedData[i], "nppiMulScale_8u_C1R")
  Actual: false
Expected: true
Arithmetic function nppiMulScale_8u_C1R values differ: actual=\0, expected= (Test mode: Tolerant Testing Mode (minor differences allowed))Mismatch at pixel 28: got 0, expected 3, src1=13, src2=64
]]></failure>
      <failure message="/home/cjxu/npp/test/unit/nppi/nppi_arithmetic_operations/test_nppi_mulscale.cpp:89&#x0A;Value of: NPPTestUtils::IsArithmeticEqual(resultData[i], expectedData[i], &quot;nppiMulScale_8u_C1R&quot;)&#x0A;  Actual: false&#x0A;Expected: true&#x0A;Arithmetic function nppiMulScale_8u_C1R values differ: actual=\0, expected= (Test mode: Tolerant Testing Mode (minor differences allowed))Mismatch at pixel 29: got 0, expected 4, src1=14, src2=80&#x0A;" type=""><![CDATA[/home/cjxu/npp/test/unit/nppi/nppi_arithmetic_operations/test_nppi_mulscale.cpp:89
Value of: NPPTestUtils::IsArithmeticEqual(resultData[i], expectedData[i], "nppiMulScale_8u_C1R")
  Actual: false
Expected: true
Arithmetic function nppiMulScale_8u_C1R values differ: actual=\0, expected= (Test mode: Tolerant Testing Mode (minor differences allowed))Mismatch at pixel 29: got 0, expected 4, src1=14, src2=80
]]></failure>
      <failure message="/home/cjxu/npp/test/unit/nppi/nppi_arithmetic_operations/test_nppi_mulscale.cpp:89&#x0A;Value of: NPPTestUtils::IsArithmeticEqual(resultData[i], expectedData[i], &quot;nppiMulScale_8u_C1R&quot;)&#x0A;  Actual: false&#x0A;Expected: true&#x0A;Arithmetic function nppiMulScale_8u_C1R values differ: actual=\0, expected= (Test mode: Tolerant Testing Mode (minor differences allowed))Mismatch at pixel 30: got 0, expected 5, src1=15, src2=96&#x0A;" type=""><![CDATA[/home/cjxu/npp/test/unit/nppi/nppi_arithmetic_operations/test_nppi_mulscale.cpp:89
Value of: NPPTestUtils::IsArithmeticEqual(resultData[i], expectedData[i], "nppiMulScale_8u_C1R")
  Actual: false
Expected: true
Arithmetic function nppiMulScale_8u_C1R values differ: actual=\0, expected= (Test mode: Tolerant Testing Mode (minor differences allowed))Mismatch at pixel 30: got 0, expected 5, src1=15, src2=96
]]></failure>
      <failure message="/home/cjxu/npp/test/unit/nppi/nppi_arithmetic_operations/test_nppi_mulscale.cpp:89&#x0A;Value of: NPPTestUtils::IsArithmeticEqual(resultData[i], expectedData[i], &quot;nppiMulScale_8u_C1R&quot;)&#x0A;  Actual: false&#x0A;Expected: true&#x0A;Arithmetic function nppiMulScale_8u_C1R values differ: actual=\0, expected= (Test mode: Tolerant Testing Mode (minor differences allowed))Mismatch at pixel 31: got 0, expected 7, src1=16, src2=112&#x0A;" type=""><![CDATA[/home/cjxu/npp/test/unit/nppi/nppi_arithmetic_operations/test_nppi_mulscale.cpp:89
Value of: NPPTestUtils::IsArithmeticEqual(resultData[i], expectedData[i], "nppiMulScale_8u_C1R")
  Actual: false
Expected: true
Arithmetic function nppiMulScale_8u_C1R values differ: actual=\0, expected= (Test mode: Tolerant Testing Mode (minor differences allowed))Mismatch at pixel 31: got 0, expected 7, src1=16, src2=112
]]></failure>
      <failure message="/home/cjxu/npp/test/unit/nppi/nppi_arithmetic_operations/test_nppi_mulscale.cpp:89&#x0A;Value of: NPPTestUtils::IsArithmeticEqual(resultData[i], expectedData[i], &quot;nppiMulScale_8u_C1R&quot;)&#x0A;  Actual: false&#x0A;Expected: true&#x0A;Arithmetic function nppiMulScale_8u_C1R values differ: actual=\0, expected= (Test mode: Tolerant Testing Mode (minor differences allowed))Mismatch at pixel 38: got 0, expected 2, src1=7, src2=96&#x0A;" type=""><![CDATA[/home/cjxu/npp/test/unit/nppi/nppi_arithmetic_operations/test_nppi_mulscale.cpp:89
Value of: NPPTestUtils::IsArithmeticEqual(resultData[i], expectedData[i], "nppiMulScale_8u_C1R")
  Actual: false
Expected: true
Arithmetic function nppiMulScale_8u_C1R values differ: actual=\0, expected= (Test mode: Tolerant Testing Mode (minor differences allowed))Mismatch at pixel 38: got 0, expected 2, src1=7, src2=96
]]></failure>
      <failure message="/home/cjxu/npp/test/unit/nppi/nppi_arithmetic_operations/test_nppi_mulscale.cpp:89&#x0A;Value of: NPPTestUtils::IsArithmeticEqual(resultData[i], expectedData[i], &quot;nppiMulScale_8u_C1R&quot;)&#x0A;  Actual: false&#x0A;Expected: true&#x0A;Arithmetic function nppiMulScale_8u_C1R values differ: actual=\0, expected= (Test mode: Tolerant Testing Mode (minor differences allowed))Mismatch at pixel 39: got 0, expected 3, src1=8, src2=112&#x0A;" type=""><![CDATA[/home/cjxu/npp/test/unit/nppi/nppi_arithmetic_operations/test_nppi_mulscale.cpp:89
Value of: NPPTestUtils::IsArithmeticEqual(resultData[i], expectedData[i], "nppiMulScale_8u_C1R")
  Actual: false
Expected: true
Arithmetic function nppiMulScale_8u_C1R values differ: actual=\0, expected= (Test mode: Tolerant Testing Mode (minor differences allowed))Mismatch at pixel 39: got 0, expected 3, src1=8, src2=112
]]></failure>
      <failure message="/home/cjxu/npp/test/unit/nppi/nppi_arithmetic_operations/test_nppi_mulscale.cpp:89&#x0A;Value of: NPPTestUtils::IsArithmeticEqual(resultData[i], expectedData[i], &quot;nppiMulScale_8u_C1R&quot;)&#x0A;  Actual: false&#x0A;Expected: true&#x0A;Arithmetic function nppiMulScale_8u_C1R values differ: actual=\0, expected= (Test mode: Tolerant Testing Mode (minor differences allowed))Mismatch at pixel 43: got 0, expected 2, src1=12, src2=48&#x0A;" type=""><![CDATA[/home/cjxu/npp/test/unit/nppi/nppi_arithmetic_operations/test_nppi_mulscale.cpp:89
Value of: NPPTestUtils::IsArithmeticEqual(resultData[i], expectedData[i], "nppiMulScale_8u_C1R")
  Actual: false
Expected: true
Arithmetic function nppiMulScale_8u_C1R values differ: actual=\0, expected= (Test mode: Tolerant Testing Mode (minor differences allowed))Mismatch at pixel 43: got 0, expected 2, src1=12, src2=48
]]></failure>
      <failure message="/home/cjxu/npp/test/unit/nppi/nppi_arithmetic_operations/test_nppi_mulscale.cpp:89&#x0A;Value of: NPPTestUtils::IsArithmeticEqual(resultData[i], expectedData[i], &quot;nppiMulScale_8u_C1R&quot;)&#x0A;  Actual: false&#x0A;Expected: true&#x0A;Arithmetic function nppiMulScale_8u_C1R values differ: actual=\0, expected= (Test mode: Tolerant Testing Mode (minor differences allowed))Mismatch at pixel 44: got 0, expected 3, src1=13, src2=64&#x0A;" type=""><![CDATA[/home/cjxu/npp/test/unit/nppi/nppi_arithmetic_operations/test_nppi_mulscale.cpp:89
Value of: NPPTestUtils::IsArithmeticEqual(resultData[i], expectedData[i], "nppiMulScale_8u_C1R")
  Actual: false
Expected: true
Arithmetic function nppiMulScale_8u_C1R values differ: actual=\0, expected= (Test mode: Tolerant Testing Mode (minor differences allowed))Mismatch at pixel 44: got 0, expected 3, src1=13, src2=64
]]></failure>
      <failure message="/home/cjxu/npp/test/unit/nppi/nppi_arithmetic_operations/test_nppi_mulscale.cpp:89&#x0A;Value of: NPPTestUtils::IsArithmeticEqual(resultData[i], expectedData[i], &quot;nppiMulScale_8u_C1R&quot;)&#x0A;  Actual: false&#x0A;Expected: true&#x0A;Arithmetic function nppiMulScale_8u_C1R values differ: actual=\0, expected= (Test mode: Tolerant Testing Mode (minor differences allowed))Mismatch at pixel 45: got 0, expected 4, src1=14, src2=80&#x0A;" type=""><![CDATA[/home/cjxu/npp/test/unit/nppi/nppi_arithmetic_operations/test_nppi_mulscale.cpp:89
Value of: NPPTestUtils::IsArithmeticEqual(resultData[i], expectedData[i], "nppiMulScale_8u_C1R")
  Actual: false
Expected: true
Arithmetic function nppiMulScale_8u_C1R values differ: actual=\0, expected= (Test mode: Tolerant Testing Mode (minor differences allowed))Mismatch at pixel 45: got 0, expected 4, src1=14, src2=80
]]></failure>
      <failure message="/home/cjxu/npp/test/unit/nppi/nppi_arithmetic_operations/test_nppi_mulscale.cpp:89&#x0A;Value of: NPPTestUtils::IsArithmeticEqual(resultData[i], expectedData[i], &quot;nppiMulScale_8u_C1R&quot;)&#x0A;  Actual: false&#x0A;Expected: true&#x0A;Arithmetic function nppiMulScale_8u_C1R values differ: actual=\0, expected= (Test mode: Tolerant Testing Mode (minor differences allowed))Mismatch at pixel 46: got 0, expected 5, src1=15, src2=96&#x0A;" type=""><![CDATA[/home/cjxu/npp/test/unit/nppi/nppi_arithmetic_operations/test_nppi_mulscale.cpp:89
Value of: NPPTestUtils::IsArithmeticEqual(resultData[i], expectedData[i], "nppiMulScale_8u_C1R")
  Actual: false
Expected: true
Arithmetic function nppiMulScale_8u_C1R values differ: actual=\0, expected= (Test mode: Tolerant Testing Mode (minor differences allowed))Mismatch at pixel 46: got 0, expected 5, src1=15, src2=96
]]></failure>
      <failure message="/home/cjxu/npp/test/unit/nppi/nppi_arithmetic_operations/test_nppi_mulscale.cpp:89&#x0A;Value of: NPPTestUtils::IsArithmeticEqual(resultData[i], expectedData[i], &quot;nppiMulScale_8u_C1R&quot;)&#x0A;  Actual: false&#x0A;Expected: true&#x0A;Arithmetic function nppiMulScale_8u_C1R values differ: actual=\0, expected= (Test mode: Tolerant Testing Mode (minor differences allowed))Mismatch at pixel 47: got 0, expected 7, src1=16, src2=112&#x0A;" type=""><![CDATA[/home/cjxu/npp/test/unit/nppi/nppi_arithmetic_operations/test_nppi_mulscale.cpp:89
Value of: NPPTestUtils::IsArithmeticEqual(resultData[i], expectedData[i], "nppiMulScale_8u_C1R")
  Actual: false
Expected: true
Arithmetic function nppiMulScale_8u_C1R values differ: actual=\0, expected= (Test mode: Tolerant Testing Mode (minor differences allowed))Mismatch at pixel 47: got 0, expected 7, src1=16, src2=112
]]></failure>
      <failure message="/home/cjxu/npp/test/unit/nppi/nppi_arithmetic_operations/test_nppi_mulscale.cpp:89&#x0A;Value of: NPPTestUtils::IsArithmeticEqual(resultData[i], expectedData[i], &quot;nppiMulScale_8u_C1R&quot;)&#x0A;  Actual: false&#x0A;Expected: true&#x0A;Arithmetic function nppiMulScale_8u_C1R values differ: actual=\0, expected= (Test mode: Tolerant Testing Mode (minor differences allowed))Mismatch at pixel 54: got 0, expected 2, src1=7, src2=96&#x0A;" type=""><![CDATA[/home/cjxu/npp/test/unit/nppi/nppi_arithmetic_operations/test_nppi_mulscale.cpp:89
Value of: NPPTestUtils::IsArithmeticEqual(resultData[i], expectedData[i], "nppiMulScale_8u_C1R")
  Actual: false
Expected: true
Arithmetic function nppiMulScale_8u_C1R values differ: actual=\0, expected= (Test mode: Tolerant Testing Mode (minor differences allowed))Mismatch at pixel 54: got 0, expected 2, src1=7, src2=96
]]></failure>
      <failure message="/home/cjxu/npp/test/unit/nppi/nppi_arithmetic_operations/test_nppi_mulscale.cpp:89&#x0A;Value of: NPPTestUtils::IsArithmeticEqual(resultData[i], expectedData[i], &quot;nppiMulScale_8u_C1R&quot;)&#x0A;  Actual: false&#x0A;Expected: true&#x0A;Arithmetic function nppiMulScale_8u_C1R values differ: actual=\0, expected= (Test mode: Tolerant Testing Mode (minor differences allowed))Mismatch at pixel 55: got 0, expected 3, src1=8, src2=112&#x0A;" type=""><![CDATA[/home/cjxu/npp/test/unit/nppi/nppi_arithmetic_operations/test_nppi_mulscale.cpp:89
Value of: NPPTestUtils::IsArithmeticEqual(resultData[i], expectedData[i], "nppiMulScale_8u_C1R")
  Actual: false
Expected: true
Arithmetic function nppiMulScale_8u_C1R values differ: actual=\0, expected= (Test mode: Tolerant Testing Mode (minor differences allowed))Mismatch at pixel 55: got 0, expected 3, src1=8, src2=112
]]></failure>
      <failure message="/home/cjxu/npp/test/unit/nppi/nppi_arithmetic_operations/test_nppi_mulscale.cpp:89&#x0A;Value of: NPPTestUtils::IsArithmeticEqual(resultData[i], expectedData[i], &quot;nppiMulScale_8u_C1R&quot;)&#x0A;  Actual: false&#x0A;Expected: true&#x0A;Arithmetic function nppiMulScale_8u_C1R values differ: actual=\0, expected= (Test mode: Tolerant Testing Mode (minor differences allowed))Mismatch at pixel 59: got 0, expected 2, src1=12, src2=48&#x0A;" type=""><![CDATA[/home/cjxu/npp/test/unit/nppi/nppi_arithmetic_operations/test_nppi_mulscale.cpp:89
Value of: NPPTestUtils::IsArithmeticEqual(resultData[i], expectedData[i], "nppiMulScale_8u_C1R")
  Actual: false
Expected: true
Arithmetic function nppiMulScale_8u_C1R values differ: actual=\0, expected= (Test mode: Tolerant Testing Mode (minor differences allowed))Mismatch at pixel 59: got 0, expected 2, src1=12, src2=48
]]></failure>
      <failure message="/home/cjxu/npp/test/unit/nppi/nppi_arithmetic_operations/test_nppi_mulscale.cpp:89&#x0A;Value of: NPPTestUtils::IsArithmeticEqual(resultData[i], expectedData[i], &quot;nppiMulScale_8u_C1R&quot;)&#x0A;  Actual: false&#x0A;Expected: true&#x0A;Arithmetic function nppiMulScale_8u_C1R values differ: actual=\0, expected= (Test mode: Tolerant Testing Mode (minor differences allowed))Mismatch at pixel 60: got 0, expected 3, src1=13, src2=64&#x0A;" type=""><![CDATA[/home/cjxu/npp/test/unit/nppi/nppi_arithmetic_operations/test_nppi_mulscale.cpp:89
Value of: NPPTestUtils::IsArithmeticEqual(resultData[i], expectedData[i], "nppiMulScale_8u_C1R")
  Actual: false
Expected: true
Arithmetic function nppiMulScale_8u_C1R values differ: actual=\0, expected= (Test mode: Tolerant Testing Mode (minor differences allowed))Mismatch at pixel 60: got 0, expected 3, src1=13, src2=64
]]></failure>
      <failure message="/home/cjxu/npp/test/unit/nppi/nppi_arithmetic_operations/test_nppi_mulscale.cpp:89&#x0A;Value of: NPPTestUtils::IsArithmeticEqual(resultData[i], expectedData[i], &quot;nppiMulScale_8u_C1R&quot;)&#x0A;  Actual: false&#x0A;Expected: true&#x0A;Arithmetic function nppiMulScale_8u_C1R values differ: actual=\0, expected= (Test mode: Tolerant Testing Mode (minor differences allowed))Mismatch at pixel 61: got 0, expected 4, src1=14, src2=80&#x0A;" type=""><![CDATA[/home/cjxu/npp/test/unit/nppi/nppi_arithmetic_operations/test_nppi_mulscale.cpp:89
Value of: NPPTestUtils::IsArithmeticEqual(resultData[i], expectedData[i], "nppiMulScale_8u_C1R")
  Actual: false
Expected: true
Arithmetic function nppiMulScale_8u_C1R values differ: actual=\0, expected= (Test mode: Tolerant Testing Mode (minor differences allowed))Mismatch at pixel 61: got 0, expected 4, src1=14, src2=80
]]></failure>
      <failure message="/home/cjxu/npp/test/unit/nppi/nppi_arithmetic_operations/test_nppi_mulscale.cpp:89&#x0A;Value of: NPPTestUtils::IsArithmeticEqual(resultData[i], expectedData[i], &quot;nppiMulScale_8u_C1R&quot;)&#x0A;  Actual: false&#x0A;Expected: true&#x0A;Arithmetic function nppiMulScale_8u_C1R values differ: actual=\0, expected= (Test mode: Tolerant Testing Mode (minor differences allowed))Mismatch at pixel 62: got 0, expected 5, src1=15, src2=96&#x0A;" type=""><![CDATA[/home/cjxu/npp/test/unit/nppi/nppi_arithmetic_operations/test_nppi_mulscale.cpp:89
Value of: NPPTestUtils::IsArithmeticEqual(resultData[i], expectedData[i], "nppiMulScale_8u_C1R")
  Actual: false
Expected: true
Arithmetic function nppiMulScale_8u_C1R values differ: actual=\0, expected= (Test mode: Tolerant Testing Mode (minor differences allowed))Mismatch at pixel 62: got 0, expected 5, src1=15, src2=96
]]></failure>
      <failure message="/home/cjxu/npp/test/unit/nppi/nppi_arithmetic_operations/test_nppi_mulscale.cpp:89&#x0A;Value of: NPPTestUtils::IsArithmeticEqual(resultData[i], expectedData[i], &quot;nppiMulScale_8u_C1R&quot;)&#x0A;  Actual: false&#x0A;Expected: true&#x0A;Arithmetic function nppiMulScale_8u_C1R values differ: actual=\0, expected= (Test mode: Tolerant Testing Mode (minor differences allowed))Mismatch at pixel 63: got 0, expected 7, src1=16, src2=112&#x0A;" type=""><![CDATA[/home/cjxu/npp/test/unit/nppi/nppi_arithmetic_operations/test_nppi_mulscale.cpp:89
Value of: NPPTestUtils::IsArithmeticEqual(resultData[i], expectedData[i], "nppiMulScale_8u_C1R")
  Actual: false
Expected: true
Arithmetic function nppiMulScale_8u_C1R values differ: actual=\0, expected= (Test mode: Tolerant Testing Mode (minor differences allowed))Mismatch at pixel 63: got 0, expected 7, src1=16, src2=112
]]></failure>
      <failure message="/home/cjxu/npp/test/unit/nppi/nppi_arithmetic_operations/test_nppi_mulscale.cpp:89&#x0A;Value of: NPPTestUtils::IsArithmeticEqual(resultData[i], expectedData[i], &quot;nppiMulScale_8u_C1R&quot;)&#x0A;  Actual: false&#x0A;Expected: true&#x0A;Arithmetic function nppiMulScale_8u_C1R values differ: actual=\0, expected= (Test mode: Tolerant Testing Mode (minor differences allowed))Mismatch at pixel 70: got 0, expected 2, src1=7, src2=96&#x0A;" type=""><![CDATA[/home/cjxu/npp/test/unit/nppi/nppi_arithmetic_operations/test_nppi_mulscale.cpp:89
Value of: NPPTestUtils::IsArithmeticEqual(resultData[i], expectedData[i], "nppiMulScale_8u_C1R")
  Actual: false
Expected: true
Arithmetic function nppiMulScale_8u_C1R values differ: actual=\0, expected= (Test mode: Tolerant Testing Mode (minor differences allowed))Mismatch at pixel 70: got 0, expected 2, src1=7, src2=96
]]></failure>
      <failure message="/home/cjxu/npp/test/unit/nppi/nppi_arithmetic_operations/test_nppi_mulscale.cpp:89&#x0A;Value of: NPPTestUtils::IsArithmeticEqual(resultData[i], expectedData[i], &quot;nppiMulScale_8u_C1R&quot;)&#x0A;  Actual: false&#x0A;Expected: true&#x0A;Arithmetic function nppiMulScale_8u_C1R values differ: actual=\0, expected= (Test mode: Tolerant Testing Mode (minor differences allowed))Mismatch at pixel 71: got 0, expected 3, src1=8, src2=112&#x0A;" type=""><![CDATA[/home/cjxu/npp/test/unit/nppi/nppi_arithmetic_operations/test_nppi_mulscale.cpp:89
Value of: NPPTestUtils::IsArithmeticEqual(resultData[i], expectedData[i], "nppiMulScale_8u_C1R")
  Actual: false
Expected: true
Arithmetic function nppiMulScale_8u_C1R values differ: actual=\0, expected= (Test mode: Tolerant Testing Mode (minor differences allowed))Mismatch at pixel 71: got 0, expected 3, src1=8, src2=112
]]></failure>
      <failure message="/home/cjxu/npp/test/unit/nppi/nppi_arithmetic_operations/test_nppi_mulscale.cpp:89&#x0A;Value of: NPPTestUtils::IsArithmeticEqual(resultData[i], expectedData[i], &quot;nppiMulScale_8u_C1R&quot;)&#x0A;  Actual: false&#x0A;Expected: true&#x0A;Arithmetic function nppiMulScale_8u_C1R values differ: actual=\0, expected= (Test mode: Tolerant Testing Mode (minor differences allowed))Mismatch at pixel 75: got 0, expected 2, src1=12, src2=48&#x0A;" type=""><![CDATA[/home/cjxu/npp/test/unit/nppi/nppi_arithmetic_operations/test_nppi_mulscale.cpp:89
Value of: NPPTestUtils::IsArithmeticEqual(resultData[i], expectedData[i], "nppiMulScale_8u_C1R")
  Actual: false
Expected: true
Arithmetic function nppiMulScale_8u_C1R values differ: actual=\0, expected= (Test mode: Tolerant Testing Mode (minor differences allowed))Mismatch at pixel 75: got 0, expected 2, src1=12, src2=48
]]></failure>
      <failure message="/home/cjxu/npp/test/unit/nppi/nppi_arithmetic_operations/test_nppi_mulscale.cpp:89&#x0A;Value of: NPPTestUtils::IsArithmeticEqual(resultData[i], expectedData[i], &quot;nppiMulScale_8u_C1R&quot;)&#x0A;  Actual: false&#x0A;Expected: true&#x0A;Arithmetic function nppiMulScale_8u_C1R values differ: actual=\0, expected= (Test mode: Tolerant Testing Mode (minor differences allowed))Mismatch at pixel 76: got 0, expected 3, src1=13, src2=64&#x0A;" type=""><![CDATA[/home/cjxu/npp/test/unit/nppi/nppi_arithmetic_operations/test_nppi_mulscale.cpp:89
Value of: NPPTestUtils::IsArithmeticEqual(resultData[i], expectedData[i], "nppiMulScale_8u_C1R")
  Actual: false
Expected: true
Arithmetic function nppiMulScale_8u_C1R values differ: actual=\0, expected= (Test mode: Tolerant Testing Mode (minor differences allowed))Mismatch at pixel 76: got 0, expected 3, src1=13, src2=64
]]></failure>
      <failure message="/home/cjxu/npp/test/unit/nppi/nppi_arithmetic_operations/test_nppi_mulscale.cpp:89&#x0A;Value of: NPPTestUtils::IsArithmeticEqual(resultData[i], expectedData[i], &quot;nppiMulScale_8u_C1R&quot;)&#x0A;  Actual: false&#x0A;Expected: true&#x0A;Arithmetic function nppiMulScale_8u_C1R values differ: actual=\0, expected= (Test mode: Tolerant Testing Mode (minor differences allowed))Mismatch at pixel 77: got 0, expected 4, src1=14, src2=80&#x0A;" type=""><![CDATA[/home/cjxu/npp/test/unit/nppi/nppi_arithmetic_operations/test_nppi_mulscale.cpp:89
Value of: NPPTestUtils::IsArithmeticEqual(resultData[i], expectedData[i], "nppiMulScale_8u_C1R")
  Actual: false
Expected: true
Arithmetic function nppiMulScale_8u_C1R values differ: actual=\0, expected= (Test mode: Tolerant Testing Mode (minor differences allowed))Mismatch at pixel 77: got 0, expected 4, src1=14, src2=80
]]></failure>
      <failure message="/home/cjxu/npp/test/unit/nppi/nppi_arithmetic_operations/test_nppi_mulscale.cpp:89&#x0A;Value of: NPPTestUtils::IsArithmeticEqual(resultData[i], expectedData[i], &quot;nppiMulScale_8u_C1R&quot;)&#x0A;  Actual: false&#x0A;Expected: true&#x0A;Arithmetic function nppiMulScale_8u_C1R values differ: actual=\0, expected= (Test mode: Tolerant Testing Mode (minor differences allowed))Mismatch at pixel 78: got 0, expected 5, src1=15, src2=96&#x0A;" type=""><![CDATA[/home/cjxu/npp/test/unit/nppi/nppi_arithmetic_operations/test_nppi_mulscale.cpp:89
Value of: NPPTestUtils::IsArithmeticEqual(resultData[i], expectedData[i], "nppiMulScale_8u_C1R")
  Actual: false
Expected: true
Arithmetic function nppiMulScale_8u_C1R values differ: actual=\0, expected= (Test mode: Tolerant Testing Mode (minor differences allowed))Mismatch at pixel 78: got 0, expected 5, src1=15, src2=96
]]></failure>
      <failure message="/home/cjxu/npp/test/unit/nppi/nppi_arithmetic_operations/test_nppi_mulscale.cpp:89&#x0A;Value of: NPPTestUtils::IsArithmeticEqual(resultData[i], expectedData[i], &quot;nppiMulScale_8u_C1R&quot;)&#x0A;  Actual: false&#x0A;Expected: true&#x0A;Arithmetic function nppiMulScale_8u_C1R values differ: actual=\0, expected= (Test mode: Tolerant Testing Mode (minor differences allowed))Mismatch at pixel 79: got 0, expected 7, src1=16, src2=112&#x0A;" type=""><![CDATA[/home/cjxu/npp/test/unit/nppi/nppi_arithmetic_operations/test_nppi_mulscale.cpp:89
Value of: NPPTestUtils::IsArithmeticEqual(resultData[i], expectedData[i], "nppiMulScale_8u_C1R")
  Actual: false
Expected: true
Arithmetic function nppiMulScale_8u_C1R values differ: actual=\0, expected= (Test mode: Tolerant Testing Mode (minor differences allowed))Mismatch at pixel 79: got 0, expected 7, src1=16, src2=112
]]></failure>
      <failure message="/home/cjxu/npp/test/unit/nppi/nppi_arithmetic_operations/test_nppi_mulscale.cpp:89&#x0A;Value of: NPPTestUtils::IsArithmeticEqual(resultData[i], expectedData[i], &quot;nppiMulScale_8u_C1R&quot;)&#x0A;  Actual: false&#x0A;Expected: true&#x0A;Arithmetic function nppiMulScale_8u_C1R values differ: actual=\0, expected= (Test mode: Tolerant Testing Mode (minor differences allowed))Mismatch at pixel 86: got 0, expected 2, src1=7, src2=96&#x0A;" type=""><![CDATA[/home/cjxu/npp/test/unit/nppi/nppi_arithmetic_operations/test_nppi_mulscale.cpp:89
Value of: NPPTestUtils::IsArithmeticEqual(resultData[i], expectedData[i], "nppiMulScale_8u_C1R")
  Actual: false
Expected: true
Arithmetic function nppiMulScale_8u_C1R values differ: actual=\0, expected= (Test mode: Tolerant Testing Mode (minor differences allowed))Mismatch at pixel 86: got 0, expected 2, src1=7, src2=96
]]></failure>
      <failure message="/home/cjxu/npp/test/unit/nppi/nppi_arithmetic_operations/test_nppi_mulscale.cpp:89&#x0A;Value of: NPPTestUtils::IsArithmeticEqual(resultData[i], expectedData[i], &quot;nppiMulScale_8u_C1R&quot;)&#x0A;  Actual: false&#x0A;Expected: true&#x0A;Arithmetic function nppiMulScale_8u_C1R values differ: actual=\0, expected= (Test mode: Tolerant Testing Mode (minor differences allowed))Mismatch at pixel 87: got 0, expected 3, src1=8, src2=112&#x0A;" type=""><![CDATA[/home/cjxu/npp/test/unit/nppi/nppi_arithmetic_operations/test_nppi_mulscale.cpp:89
Value of: NPPTestUtils::IsArithmeticEqual(resultData[i], expectedData[i], "nppiMulScale_8u_C1R")
  Actual: false
Expected: true
Arithmetic function nppiMulScale_8u_C1R values differ: actual=\0, expected= (Test mode: Tolerant Testing Mode (minor differences allowed))Mismatch at pixel 87: got 0, expected 3, src1=8, src2=112
]]></failure>
      <failure message="/home/cjxu/npp/test/unit/nppi/nppi_arithmetic_operations/test_nppi_mulscale.cpp:89&#x0A;Value of: NPPTestUtils::IsArithmeticEqual(resultData[i], expectedData[i], &quot;nppiMulScale_8u_C1R&quot;)&#x0A;  Actual: false&#x0A;Expected: true&#x0A;Arithmetic function nppiMulScale_8u_C1R values differ: actual=\0, expected= (Test mode: Tolerant Testing Mode (minor differences allowed))Mismatch at pixel 91: got 0, expected 2, src1=12, src2=48&#x0A;" type=""><![CDATA[/home/cjxu/npp/test/unit/nppi/nppi_arithmetic_operations/test_nppi_mulscale.cpp:89
Value of: NPPTestUtils::IsArithmeticEqual(resultData[i], expectedData[i], "nppiMulScale_8u_C1R")
  Actual: false
Expected: true
Arithmetic function nppiMulScale_8u_C1R values differ: actual=\0, expected= (Test mode: Tolerant Testing Mode (minor differences allowed))Mismatch at pixel 91: got 0, expected 2, src1=12, src2=48
]]></failure>
      <failure message="/home/cjxu/npp/test/unit/nppi/nppi_arithmetic_operations/test_nppi_mulscale.cpp:89&#x0A;Value of: NPPTestUtils::IsArithmeticEqual(resultData[i], expectedData[i], &quot;nppiMulScale_8u_C1R&quot;)&#x0A;  Actual: false&#x0A;Expected: true&#x0A;Arithmetic function nppiMulScale_8u_C1R values differ: actual=\0, expected= (Test mode: Tolerant Testing Mode (minor differences allowed))Mismatch at pixel 92: got 0, expected 3, src1=13, src2=64&#x0A;" type=""><![CDATA[/home/cjxu/npp/test/unit/nppi/nppi_arithmetic_operations/test_nppi_mulscale.cpp:89
Value of: NPPTestUtils::IsArithmeticEqual(resultData[i], expectedData[i], "nppiMulScale_8u_C1R")
  Actual: false
Expected: true
Arithmetic function nppiMulScale_8u_C1R values differ: actual=\0, expected= (Test mode: Tolerant Testing Mode (minor differences allowed))Mismatch at pixel 92: got 0, expected 3, src1=13, src2=64
]]></failure>
      <failure message="/home/cjxu/npp/test/unit/nppi/nppi_arithmetic_operations/test_nppi_mulscale.cpp:89&#x0A;Value of: NPPTestUtils::IsArithmeticEqual(resultData[i], expectedData[i], &quot;nppiMulScale_8u_C1R&quot;)&#x0A;  Actual: false&#x0A;Expected: true&#x0A;Arithmetic function nppiMulScale_8u_C1R values differ: actual=\0, expected= (Test mode: Tolerant Testing Mode (minor differences allowed))Mismatch at pixel 93: got 0, expected 4, src1=14, src2=80&#x0A;" type=""><![CDATA[/home/cjxu/npp/test/unit/nppi/nppi_arithmetic_operations/test_nppi_mulscale.cpp:89
Value of: NPPTestUtils::IsArithmeticEqual(resultData[i], expectedData[i], "nppiMulScale_8u_C1R")
  Actual: false
Expected: true
Arithmetic function nppiMulScale_8u_C1R values differ: actual=\0, expected= (Test mode: Tolerant Testing Mode (minor differences allowed))Mismatch at pixel 93: got 0, expected 4, src1=14, src2=80
]]></failure>
      <failure message="/home/cjxu/npp/test/unit/nppi/nppi_arithmetic_operations/test_nppi_mulscale.cpp:89&#x0A;Value of: NPPTestUtils::IsArithmeticEqual(resultData[i], expectedData[i], &quot;nppiMulScale_8u_C1R&quot;)&#x0A;  Actual: false&#x0A;Expected: true&#x0A;Arithmetic function nppiMulScale_8u_C1R values differ: actual=\0, expected= (Test mode: Tolerant Testing Mode (minor differences allowed))Mismatch at pixel 94: got 0, expected 5, src1=15, src2=96&#x0A;" type=""><![CDATA[/home/cjxu/npp/test/unit/nppi/nppi_arithmetic_operations/test_nppi_mulscale.cpp:89
Value of: NPPTestUtils::IsArithmeticEqual(resultData[i], expectedData[i], "nppiMulScale_8u_C1R")
  Actual: false
Expected: true
Arithmetic function nppiMulScale_8u_C1R values differ: actual=\0, expected= (Test mode: Tolerant Testing Mode (minor differences allowed))Mismatch at pixel 94: got 0, expected 5, src1=15, src2=96
]]></failure>
      <failure message="/home/cjxu/npp/test/unit/nppi/nppi_arithmetic_operations/test_nppi_mulscale.cpp:89&#x0A;Value of: NPPTestUtils::IsArithmeticEqual(resultData[i], expectedData[i], &quot;nppiMulScale_8u_C1R&quot;)&#x0A;  Actual: false&#x0A;Expected: true&#x0A;Arithmetic function nppiMulScale_8u_C1R values differ: actual=\0, expected= (Test mode: Tolerant Testing Mode (minor differences allowed))Mismatch at pixel 95: got 0, expected 7, src1=16, src2=112&#x0A;" type=""><![CDATA[/home/cjxu/npp/test/unit/nppi/nppi_arithmetic_operations/test_nppi_mulscale.cpp:89
Value of: NPPTestUtils::IsArithmeticEqual(resultData[i], expectedData[i], "nppiMulScale_8u_C1R")
  Actual: false
Expected: true
Arithmetic function nppiMulScale_8u_C1R values differ: actual=\0, expected= (Test mode: Tolerant Testing Mode (minor differences allowed))Mismatch at pixel 95: got 0, expected 7, src1=16, src2=112
]]></failure>
      <failure message="/home/cjxu/npp/test/unit/nppi/nppi_arithmetic_operations/test_nppi_mulscale.cpp:89&#x0A;Value of: NPPTestUtils::IsArithmeticEqual(resultData[i], expectedData[i], &quot;nppiMulScale_8u_C1R&quot;)&#x0A;  Actual: false&#x0A;Expected: true&#x0A;Arithmetic function nppiMulScale_8u_C1R values differ: actual=\0, expected= (Test mode: Tolerant Testing Mode (minor differences allowed))Mismatch at pixel 102: got 0, expected 2, src1=7, src2=96&#x0A;" type=""><![CDATA[/home/cjxu/npp/test/unit/nppi/nppi_arithmetic_operations/test_nppi_mulscale.cpp:89
Value of: NPPTestUtils::IsArithmeticEqual(resultData[i], expectedData[i], "nppiMulScale_8u_C1R")
  Actual: false
Expected: true
Arithmetic function nppiMulScale_8u_C1R values differ: actual=\0, expected= (Test mode: Tolerant Testing Mode (minor differences allowed))Mismatch at pixel 102: got 0, expected 2, src1=7, src2=96
]]></failure>
      <failure message="/home/cjxu/npp/test/unit/nppi/nppi_arithmetic_operations/test_nppi_mulscale.cpp:89&#x0A;Value of: NPPTestUtils::IsArithmeticEqual(resultData[i], expectedData[i], &quot;nppiMulScale_8u_C1R&quot;)&#x0A;  Actual: false&#x0A;Expected: true&#x0A;Arithmetic function nppiMulScale_8u_C1R values differ: actual=\0, expected= (Test mode: Tolerant Testing Mode (minor differences allowed))Mismatch at pixel 103: got 0, expected 3, src1=8, src2=112&#x0A;" type=""><![CDATA[/home/cjxu/npp/test/unit/nppi/nppi_arithmetic_operations/test_nppi_mulscale.cpp:89
Value of: NPPTestUtils::IsArithmeticEqual(resultData[i], expectedData[i], "nppiMulScale_8u_C1R")
  Actual: false
Expected: true
Arithmetic function nppiMulScale_8u_C1R values differ: actual=\0, expected= (Test mode: Tolerant Testing Mode (minor differences allowed))Mismatch at pixel 103: got 0, expected 3, src1=8, src2=112
]]></failure>
      <failure message="/home/cjxu/npp/test/unit/nppi/nppi_arithmetic_operations/test_nppi_mulscale.cpp:89&#x0A;Value of: NPPTestUtils::IsArithmeticEqual(resultData[i], expectedData[i], &quot;nppiMulScale_8u_C1R&quot;)&#x0A;  Actual: false&#x0A;Expected: true&#x0A;Arithmetic function nppiMulScale_8u_C1R values differ: actual=\0, expected= (Test mode: Tolerant Testing Mode (minor differences allowed))Mismatch at pixel 107: got 0, expected 2, src1=12, src2=48&#x0A;" type=""><![CDATA[/home/cjxu/npp/test/unit/nppi/nppi_arithmetic_operations/test_nppi_mulscale.cpp:89
Value of: NPPTestUtils::IsArithmeticEqual(resultData[i], expectedData[i], "nppiMulScale_8u_C1R")
  Actual: false
Expected: true
Arithmetic function nppiMulScale_8u_C1R values differ: actual=\0, expected= (Test mode: Tolerant Testing Mode (minor differences allowed))Mismatch at pixel 107: got 0, expected 2, src1=12, src2=48
]]></failure>
      <failure message="/home/cjxu/npp/test/unit/nppi/nppi_arithmetic_operations/test_nppi_mulscale.cpp:89&#x0A;Value of: NPPTestUtils::IsArithmeticEqual(resultData[i], expectedData[i], &quot;nppiMulScale_8u_C1R&quot;)&#x0A;  Actual: false&#x0A;Expected: true&#x0A;Arithmetic function nppiMulScale_8u_C1R values differ: actual=\0, expected= (Test mode: Tolerant Testing Mode (minor differences allowed))Mismatch at pixel 108: got 0, expected 3, src1=13, src2=64&#x0A;" type=""><![CDATA[/home/cjxu/npp/test/unit/nppi/nppi_arithmetic_operations/test_nppi_mulscale.cpp:89
Value of: NPPTestUtils::IsArithmeticEqual(resultData[i], expectedData[i], "nppiMulScale_8u_C1R")
  Actual: false
Expected: true
Arithmetic function nppiMulScale_8u_C1R values differ: actual=\0, expected= (Test mode: Tolerant Testing Mode (minor differences allowed))Mismatch at pixel 108: got 0, expected 3, src1=13, src2=64
]]></failure>
      <failure message="/home/cjxu/npp/test/unit/nppi/nppi_arithmetic_operations/test_nppi_mulscale.cpp:89&#x0A;Value of: NPPTestUtils::IsArithmeticEqual(resultData[i], expectedData[i], &quot;nppiMulScale_8u_C1R&quot;)&#x0A;  Actual: false&#x0A;Expected: true&#x0A;Arithmetic function nppiMulScale_8u_C1R values differ: actual=\0, expected= (Test mode: Tolerant Testing Mode (minor differences allowed))Mismatch at pixel 109: got 0, expected 4, src1=14, src2=80&#x0A;" type=""><![CDATA[/home/cjxu/npp/test/unit/nppi/nppi_arithmetic_operations/test_nppi_mulscale.cpp:89
Value of: NPPTestUtils::IsArithmeticEqual(resultData[i], expectedData[i], "nppiMulScale_8u_C1R")
  Actual: false
Expected: true
Arithmetic function nppiMulScale_8u_C1R values differ: actual=\0, expected= (Test mode: Tolerant Testing Mode (minor differences allowed))Mismatch at pixel 109: got 0, expected 4, src1=14, src2=80
]]></failure>
      <failure message="/home/cjxu/npp/test/unit/nppi/nppi_arithmetic_operations/test_nppi_mulscale.cpp:89&#x0A;Value of: NPPTestUtils::IsArithmeticEqual(resultData[i], expectedData[i], &quot;nppiMulScale_8u_C1R&quot;)&#x0A;  Actual: false&#x0A;Expected: true&#x0A;Arithmetic function nppiMulScale_8u_C1R values differ: actual=\0, expected= (Test mode: Tolerant Testing Mode (minor differences allowed))Mismatch at pixel 110: got 0, expected 5, src1=15, src2=96&#x0A;" type=""><![CDATA[/home/cjxu/npp/test/unit/nppi/nppi_arithmetic_operations/test_nppi_mulscale.cpp:89
Value of: NPPTestUtils::IsArithmeticEqual(resultData[i], expectedData[i], "nppiMulScale_8u_C1R")
  Actual: false
Expected: true
Arithmetic function nppiMulScale_8u_C1R values differ: actual=\0, expected= (Test mode: Tolerant Testing Mode (minor differences allowed))Mismatch at pixel 110: got 0, expected 5, src1=15, src2=96
]]></failure>
      <failure message="/home/cjxu/npp/test/unit/nppi/nppi_arithmetic_operations/test_nppi_mulscale.cpp:89&#x0A;Value of: NPPTestUtils::IsArithmeticEqual(resultData[i], expectedData[i], &quot;nppiMulScale_8u_C1R&quot;)&#x0A;  Actual: false&#x0A;Expected: true&#x0A;Arithmetic function nppiMulScale_8u_C1R values differ: actual=\0, expected= (Test mode: Tolerant Testing Mode (minor differences allowed))Mismatch at pixel 111: got 0, expected 7, src1=16, src2=112&#x0A;" type=""><![CDATA[/home/cjxu/npp/test/unit/nppi/nppi_arithmetic_operations/test_nppi_mulscale.cpp:89
Value of: NPPTestUtils::IsArithmeticEqual(resultData[i], expectedData[i], "nppiMulScale_8u_C1R")
  Actual: false
Expected: true
Arithmetic function nppiMulScale_8u_C1R values differ: actual=\0, expected= (Test mode: Tolerant Testing Mode (minor differences allowed))Mismatch at pixel 111: got 0, expected 7, src1=16, src2=112
]]></failure>
      <failure message="/home/cjxu/npp/test/unit/nppi/nppi_arithmetic_operations/test_nppi_mulscale.cpp:89&#x0A;Value of: NPPTestUtils::IsArithmeticEqual(resultData[i], expectedData[i], &quot;nppiMulScale_8u_C1R&quot;)&#x0A;  Actual: false&#x0A;Expected: true&#x0A;Arithmetic function nppiMulScale_8u_C1R values differ: actual=\0, expected= (Test mode: Tolerant Testing Mode (minor differences allowed))Mismatch at pixel 118: got 0, expected 2, src1=7, src2=96&#x0A;" type=""><![CDATA[/home/cjxu/npp/test/unit/nppi/nppi_arithmetic_operations/test_nppi_mulscale.cpp:89
Value of: NPPTestUtils::IsArithmeticEqual(resultData[i], expectedData[i], "nppiMulScale_8u_C1R")
  Actual: false
Expected: true
Arithmetic function nppiMulScale_8u_C1R values differ: actual=\0, expected= (Test mode: Tolerant Testing Mode (minor differences allowed))Mismatch at pixel 118: got 0, expected 2, src1=7, src2=96
]]></failure>
      <failure message="/home/cjxu/npp/test/unit/nppi/nppi_arithmetic_operations/test_nppi_mulscale.cpp:89&#x0A;Value of: NPPTestUtils::IsArithmeticEqual(resultData[i], expectedData[i], &quot;nppiMulScale_8u_C1R&quot;)&#x0A;  Actual: false&#x0A;Expected: true&#x0A;Arithmetic function nppiMulScale_8u_C1R values differ: actual=\0, expected= (Test mode: Tolerant Testing Mode (minor differences allowed))Mismatch at pixel 119: got 0, expected 3, src1=8, src2=112&#x0A;" type=""><![CDATA[/home/cjxu/npp/test/unit/nppi/nppi_arithmetic_operations/test_nppi_mulscale.cpp:89
Value of: NPPTestUtils::IsArithmeticEqual(resultData[i], expectedData[i], "nppiMulScale_8u_C1R")
  Actual: false
Expected: true
Arithmetic function nppiMulScale_8u_C1R values differ: actual=\0, expected= (Test mode: Tolerant Testing Mode (minor differences allowed))Mismatch at pixel 119: got 0, expected 3, src1=8, src2=112
]]></failure>
      <failure message="/home/cjxu/npp/test/unit/nppi/nppi_arithmetic_operations/test_nppi_mulscale.cpp:89&#x0A;Value of: NPPTestUtils::IsArithmeticEqual(resultData[i], expectedData[i], &quot;nppiMulScale_8u_C1R&quot;)&#x0A;  Actual: false&#x0A;Expected: true&#x0A;Arithmetic function nppiMulScale_8u_C1R values differ: actual=\0, expected= (Test mode: Tolerant Testing Mode (minor differences allowed))Mismatch at pixel 123: got 0, expected 2, src1=12, src2=48&#x0A;" type=""><![CDATA[/home/cjxu/npp/test/unit/nppi/nppi_arithmetic_operations/test_nppi_mulscale.cpp:89
Value of: NPPTestUtils::IsArithmeticEqual(resultData[i], expectedData[i], "nppiMulScale_8u_C1R")
  Actual: false
Expected: true
Arithmetic function nppiMulScale_8u_C1R values differ: actual=\0, expected= (Test mode: Tolerant Testing Mode (minor differences allowed))Mismatch at pixel 123: got 0, expected 2, src1=12, src2=48
]]></failure>
      <failure message="/home/cjxu/npp/test/unit/nppi/nppi_arithmetic_operations/test_nppi_mulscale.cpp:89&#x0A;Value of: NPPTestUtils::IsArithmeticEqual(resultData[i], expectedData[i], &quot;nppiMulScale_8u_C1R&quot;)&#x0A;  Actual: false&#x0A;Expected: true&#x0A;Arithmetic function nppiMulScale_8u_C1R values differ: actual=\0, expected= (Test mode: Tolerant Testing Mode (minor differences allowed))Mismatch at pixel 124: got 0, expected 3, src1=13, src2=64&#x0A;" type=""><![CDATA[/home/cjxu/npp/test/unit/nppi/nppi_arithmetic_operations/test_nppi_mulscale.cpp:89
Value of: NPPTestUtils::IsArithmeticEqual(resultData[i], expectedData[i], "nppiMulScale_8u_C1R")
  Actual: false
Expected: true
Arithmetic function nppiMulScale_8u_C1R values differ: actual=\0, expected= (Test mode: Tolerant Testing Mode (minor differences allowed))Mismatch at pixel 124: got 0, expected 3, src1=13, src2=64
]]></failure>
      <failure message="/home/cjxu/npp/test/unit/nppi/nppi_arithmetic_operations/test_nppi_mulscale.cpp:89&#x0A;Value of: NPPTestUtils::IsArithmeticEqual(resultData[i], expectedData[i], &quot;nppiMulScale_8u_C1R&quot;)&#x0A;  Actual: false&#x0A;Expected: true&#x0A;Arithmetic function nppiMulScale_8u_C1R values differ: actual=\0, expected= (Test mode: Tolerant Testing Mode (minor differences allowed))Mismatch at pixel 125: got 0, expected 4, src1=14, src2=80&#x0A;" type=""><![CDATA[/home/cjxu/npp/test/unit/nppi/nppi_arithmetic_operations/test_nppi_mulscale.cpp:89
Value of: NPPTestUtils::IsArithmeticEqual(resultData[i], expectedData[i], "nppiMulScale_8u_C1R")
  Actual: false
Expected: true
Arithmetic function nppiMulScale_8u_C1R values differ: actual=\0, expected= (Test mode: Tolerant Testing Mode (minor differences allowed))Mismatch at pixel 125: got 0, expected 4, src1=14, src2=80
]]></failure>
      <failure message="/home/cjxu/npp/test/unit/nppi/nppi_arithmetic_operations/test_nppi_mulscale.cpp:89&#x0A;Value of: NPPTestUtils::IsArithmeticEqual(resultData[i], expectedData[i], &quot;nppiMulScale_8u_C1R&quot;)&#x0A;  Actual: false&#x0A;Expected: true&#x0A;Arithmetic function nppiMulScale_8u_C1R values differ: actual=\0, expected= (Test mode: Tolerant Testing Mode (minor differences allowed))Mismatch at pixel 126: got 0, expected 5, src1=15, src2=96&#x0A;" type=""><![CDATA[/home/cjxu/npp/test/unit/nppi/nppi_arithmetic_operations/test_nppi_mulscale.cpp:89
Value of: NPPTestUtils::IsArithmeticEqual(resultData[i], expectedData[i], "nppiMulScale_8u_C1R")
  Actual: false
Expected: true
Arithmetic function nppiMulScale_8u_C1R values differ: actual=\0, expected= (Test mode: Tolerant Testing Mode (minor differences allowed))Mismatch at pixel 126: got 0, expected 5, src1=15, src2=96
]]></failure>
      <failure message="/home/cjxu/npp/test/unit/nppi/nppi_arithmetic_operations/test_nppi_mulscale.cpp:89&#x0A;Value of: NPPTestUtils::IsArithmeticEqual(resultData[i], expectedData[i], &quot;nppiMulScale_8u_C1R&quot;)&#x0A;  Actual: false&#x0A;Expected: true&#x0A;Arithmetic function nppiMulScale_8u_C1R values differ: actual=\0, expected= (Test mode: Tolerant Testing Mode (minor differences allowed))Mismatch at pixel 127: got 0, expected 7, src1=16, src2=112&#x0A;" type=""><![CDATA[/home/cjxu/npp/test/unit/nppi/nppi_arithmetic_operations/test_nppi_mulscale.cpp:89
Value of: NPPTestUtils::IsArithmeticEqual(resultData[i], expectedData[i], "nppiMulScale_8u_C1R")
  Actual: false
Expected: true
Arithmetic function nppiMulScale_8u_C1R values differ: actual=\0, expected= (Test mode: Tolerant Testing Mode (minor differences allowed))Mismatch at pixel 127: got 0, expected 7, src1=16, src2=112
]]></failure>
      <failure message="/home/cjxu/npp/test/unit/nppi/nppi_arithmetic_operations/test_nppi_mulscale.cpp:89&#x0A;Value of: NPPTestUtils::IsArithmeticEqual(resultData[i], expectedData[i], &quot;nppiMulScale_8u_C1R&quot;)&#x0A;  Actual: false&#x0A;Expected: true&#x0A;Arithmetic function nppiMulScale_8u_C1R values differ: actual=\0, expected= (Test mode: Tolerant Testing Mode (minor differences allowed))Mismatch at pixel 134: got 0, expected 2, src1=7, src2=96&#x0A;" type=""><![CDATA[/home/cjxu/npp/test/unit/nppi/nppi_arithmetic_operations/test_nppi_mulscale.cpp:89
Value of: NPPTestUtils::IsArithmeticEqual(resultData[i], expectedData[i], "nppiMulScale_8u_C1R")
  Actual: false
Expected: true
Arithmetic function nppiMulScale_8u_C1R values differ: actual=\0, expected= (Test mode: Tolerant Testing Mode (minor differences allowed))Mismatch at pixel 134: got 0, expected 2, src1=7, src2=96
]]></failure>
      <failure message="/home/cjxu/npp/test/unit/nppi/nppi_arithmetic_operations/test_nppi_mulscale.cpp:89&#x0A;Value of: NPPTestUtils::IsArithmeticEqual(resultData[i], expectedData[i], &quot;nppiMulScale_8u_C1R&quot;)&#x0A;  Actual: false&#x0A;Expected: true&#x0A;Arithmetic function nppiMulScale_8u_C1R values differ: actual=\0, expected= (Test mode: Tolerant Testing Mode (minor differences allowed))Mismatch at pixel 135: got 0, expected 3, src1=8, src2=112&#x0A;" type=""><![CDATA[/home/cjxu/npp/test/unit/nppi/nppi_arithmetic_operations/test_nppi_mulscale.cpp:89
Value of: NPPTestUtils::IsArithmeticEqual(resultData[i], expectedData[i], "nppiMulScale_8u_C1R")
  Actual: false
Expected: true
Arithmetic function nppiMulScale_8u_C1R values differ: actual=\0, expected= (Test mode: Tolerant Testing Mode (minor differences allowed))Mismatch at pixel 135: got 0, expected 3, src1=8, src2=112
]]></failure>
      <failure message="/home/cjxu/npp/test/unit/nppi/nppi_arithmetic_operations/test_nppi_mulscale.cpp:89&#x0A;Value of: NPPTestUtils::IsArithmeticEqual(resultData[i], expectedData[i], &quot;nppiMulScale_8u_C1R&quot;)&#x0A;  Actual: false&#x0A;Expected: true&#x0A;Arithmetic function nppiMulScale_8u_C1R values differ: actual=\0, expected= (Test mode: Tolerant Testing Mode (minor differences allowed))Mismatch at pixel 139: got 0, expected 2, src1=12, src2=48&#x0A;" type=""><![CDATA[/home/cjxu/npp/test/unit/nppi/nppi_arithmetic_operations/test_nppi_mulscale.cpp:89
Value of: NPPTestUtils::IsArithmeticEqual(resultData[i], expectedData[i], "nppiMulScale_8u_C1R")
  Actual: false
Expected: true
Arithmetic function nppiMulScale_8u_C1R values differ: actual=\0, expected= (Test mode: Tolerant Testing Mode (minor differences allowed))Mismatch at pixel 139: got 0, expected 2, src1=12, src2=48
]]></failure>
      <failure message="/home/cjxu/npp/test/unit/nppi/nppi_arithmetic_operations/test_nppi_mulscale.cpp:89&#x0A;Value of: NPPTestUtils::IsArithmeticEqual(resultData[i], expectedData[i], &quot;nppiMulScale_8u_C1R&quot;)&#x0A;  Actual: false&#x0A;Expected: true&#x0A;Arithmetic function nppiMulScale_8u_C1R values differ: actual=\0, expected= (Test mode: Tolerant Testing Mode (minor differences allowed))Mismatch at pixel 140: got 0, expected 3, src1=13, src2=64&#x0A;" type=""><![CDATA[/home/cjxu/npp/test/unit/nppi/nppi_arithmetic_operations/test_nppi_mulscale.cpp:89
Value of: NPPTestUtils::IsArithmeticEqual(resultData[i], expectedData[i], "nppiMulScale_8u_C1R")
  Actual: false
Expected: true
Arithmetic function nppiMulScale_8u_C1R values differ: actual=\0, expected= (Test mode: Tolerant Testing Mode (minor differences allowed))Mismatch at pixel 140: got 0, expected 3, src1=13, src2=64
]]></failure>
      <failure message="/home/cjxu/npp/test/unit/nppi/nppi_arithmetic_operations/test_nppi_mulscale.cpp:89&#x0A;Value of: NPPTestUtils::IsArithmeticEqual(resultData[i], expectedData[i], &quot;nppiMulScale_8u_C1R&quot;)&#x0A;  Actual: false&#x0A;Expected: true&#x0A;Arithmetic function nppiMulScale_8u_C1R values differ: actual=\0, expected= (Test mode: Tolerant Testing Mode (minor differences allowed))Mismatch at pixel 141: got 0, expected 4, src1=14, src2=80&#x0A;" type=""><![CDATA[/home/cjxu/npp/test/unit/nppi/nppi_arithmetic_operations/test_nppi_mulscale.cpp:89
Value of: NPPTestUtils::IsArithmeticEqual(resultData[i], expectedData[i], "nppiMulScale_8u_C1R")
  Actual: false
Expected: true
Arithmetic function nppiMulScale_8u_C1R values differ: actual=\0, expected= (Test mode: Tolerant Testing Mode (minor differences allowed))Mismatch at pixel 141: got 0, expected 4, src1=14, src2=80
]]></failure>
      <failure message="/home/cjxu/npp/test/unit/nppi/nppi_arithmetic_operations/test_nppi_mulscale.cpp:89&#x0A;Value of: NPPTestUtils::IsArithmeticEqual(resultData[i], expectedData[i], &quot;nppiMulScale_8u_C1R&quot;)&#x0A;  Actual: false&#x0A;Expected: true&#x0A;Arithmetic function nppiMulScale_8u_C1R values differ: actual=\0, expected= (Test mode: Tolerant Testing Mode (minor differences allowed))Mismatch at pixel 142: got 0, expected 5, src1=15, src2=96&#x0A;" type=""><![CDATA[/home/cjxu/npp/test/unit/nppi/nppi_arithmetic_operations/test_nppi_mulscale.cpp:89
Value of: NPPTestUtils::IsArithmeticEqual(resultData[i], expectedData[i], "nppiMulScale_8u_C1R")
  Actual: false
Expected: true
Arithmetic function nppiMulScale_8u_C1R values differ: actual=\0, expected= (Test mode: Tolerant Testing Mode (minor differences allowed))Mismatch at pixel 142: got 0, expected 5, src1=15, src2=96
]]></failure>
      <failure message="/home/cjxu/npp/test/unit/nppi/nppi_arithmetic_operations/test_nppi_mulscale.cpp:89&#x0A;Value of: NPPTestUtils::IsArithmeticEqual(resultData[i], expectedData[i], &quot;nppiMulScale_8u_C1R&quot;)&#x0A;  Actual: false&#x0A;Expected: true&#x0A;Arithmetic function nppiMulScale_8u_C1R values differ: actual=\0, expected= (Test mode: Tolerant Testing Mode (minor differences allowed))Mismatch at pixel 143: got 0, expected 7, src1=16, src2=112&#x0A;" type=""><![CDATA[/home/cjxu/npp/test/unit/nppi/nppi_arithmetic_operations/test_nppi_mulscale.cpp:89
Value of: NPPTestUtils::IsArithmeticEqual(resultData[i], expectedData[i], "nppiMulScale_8u_C1R")
  Actual: false
Expected: true
Arithmetic function nppiMulScale_8u_C1R values differ: actual=\0, expected= (Test mode: Tolerant Testing Mode (minor differences allowed))Mismatch at pixel 143: got 0, expected 7, src1=16, src2=112
]]></failure>
      <failure message="/home/cjxu/npp/test/unit/nppi/nppi_arithmetic_operations/test_nppi_mulscale.cpp:89&#x0A;Value of: NPPTestUtils::IsArithmeticEqual(resultData[i], expectedData[i], &quot;nppiMulScale_8u_C1R&quot;)&#x0A;  Actual: false&#x0A;Expected: true&#x0A;Arithmetic function nppiMulScale_8u_C1R values differ: actual=\0, expected= (Test mode: Tolerant Testing Mode (minor differences allowed))Mismatch at pixel 150: got 0, expected 2, src1=7, src2=96&#x0A;" type=""><![CDATA[/home/cjxu/npp/test/unit/nppi/nppi_arithmetic_operations/test_nppi_mulscale.cpp:89
Value of: NPPTestUtils::IsArithmeticEqual(resultData[i], expectedData[i], "nppiMulScale_8u_C1R")
  Actual: false
Expected: true
Arithmetic function nppiMulScale_8u_C1R values differ: actual=\0, expected= (Test mode: Tolerant Testing Mode (minor differences allowed))Mismatch at pixel 150: got 0, expected 2, src1=7, src2=96
]]></failure>
      <failure message="/home/cjxu/npp/test/unit/nppi/nppi_arithmetic_operations/test_nppi_mulscale.cpp:89&#x0A;Value of: NPPTestUtils::IsArithmeticEqual(resultData[i], expectedData[i], &quot;nppiMulScale_8u_C1R&quot;)&#x0A;  Actual: false&#x0A;Expected: true&#x0A;Arithmetic function nppiMulScale_8u_C1R values differ: actual=\0, expected= (Test mode: Tolerant Testing Mode (minor differences allowed))Mismatch at pixel 151: got 0, expected 3, src1=8, src2=112&#x0A;" type=""><![CDATA[/home/cjxu/npp/test/unit/nppi/nppi_arithmetic_operations/test_nppi_mulscale.cpp:89
Value of: NPPTestUtils::IsArithmeticEqual(resultData[i], expectedData[i], "nppiMulScale_8u_C1R")
  Actual: false
Expected: true
Arithmetic function nppiMulScale_8u_C1R values differ: actual=\0, expected= (Test mode: Tolerant Testing Mode (minor differences allowed))Mismatch at pixel 151: got 0, expected 3, src1=8, src2=112
]]></failure>
      <failure message="/home/cjxu/npp/test/unit/nppi/nppi_arithmetic_operations/test_nppi_mulscale.cpp:89&#x0A;Value of: NPPTestUtils::IsArithmeticEqual(resultData[i], expectedData[i], &quot;nppiMulScale_8u_C1R&quot;)&#x0A;  Actual: false&#x0A;Expected: true&#x0A;Arithmetic function nppiMulScale_8u_C1R values differ: actual=\0, expected= (Test mode: Tolerant Testing Mode (minor differences allowed))Mismatch at pixel 155: got 0, expected 2, src1=12, src2=48&#x0A;" type=""><![CDATA[/home/cjxu/npp/test/unit/nppi/nppi_arithmetic_operations/test_nppi_mulscale.cpp:89
Value of: NPPTestUtils::IsArithmeticEqual(resultData[i], expectedData[i], "nppiMulScale_8u_C1R")
  Actual: false
Expected: true
Arithmetic function nppiMulScale_8u_C1R values differ: actual=\0, expected= (Test mode: Tolerant Testing Mode (minor differences allowed))Mismatch at pixel 155: got 0, expected 2, src1=12, src2=48
]]></failure>
      <failure message="/home/cjxu/npp/test/unit/nppi/nppi_arithmetic_operations/test_nppi_mulscale.cpp:89&#x0A;Value of: NPPTestUtils::IsArithmeticEqual(resultData[i], expectedData[i], &quot;nppiMulScale_8u_C1R&quot;)&#x0A;  Actual: false&#x0A;Expected: true&#x0A;Arithmetic function nppiMulScale_8u_C1R values differ: actual=\0, expected= (Test mode: Tolerant Testing Mode (minor differences allowed))Mismatch at pixel 156: got 0, expected 3, src1=13, src2=64&#x0A;" type=""><![CDATA[/home/cjxu/npp/test/unit/nppi/nppi_arithmetic_operations/test_nppi_mulscale.cpp:89
Value of: NPPTestUtils::IsArithmeticEqual(resultData[i], expectedData[i], "nppiMulScale_8u_C1R")
  Actual: false
Expected: true
Arithmetic function nppiMulScale_8u_C1R values differ: actual=\0, expected= (Test mode: Tolerant Testing Mode (minor differences allowed))Mismatch at pixel 156: got 0, expected 3, src1=13, src2=64
]]></failure>
      <failure message="/home/cjxu/npp/test/unit/nppi/nppi_arithmetic_operations/test_nppi_mulscale.cpp:89&#x0A;Value of: NPPTestUtils::IsArithmeticEqual(resultData[i], expectedData[i], &quot;nppiMulScale_8u_C1R&quot;)&#x0A;  Actual: false&#x0A;Expected: true&#x0A;Arithmetic function nppiMulScale_8u_C1R values differ: actual=\0, expected= (Test mode: Tolerant Testing Mode (minor differences allowed))Mismatch at pixel 157: got 0, expected 4, src1=14, src2=80&#x0A;" type=""><![CDATA[/home/cjxu/npp/test/unit/nppi/nppi_arithmetic_operations/test_nppi_mulscale.cpp:89
Value of: NPPTestUtils::IsArithmeticEqual(resultData[i], expectedData[i], "nppiMulScale_8u_C1R")
  Actual: false
Expected: true
Arithmetic function nppiMulScale_8u_C1R values differ: actual=\0, expected= (Test mode: Tolerant Testing Mode (minor differences allowed))Mismatch at pixel 157: got 0, expected 4, src1=14, src2=80
]]></failure>
      <failure message="/home/cjxu/npp/test/unit/nppi/nppi_arithmetic_operations/test_nppi_mulscale.cpp:89&#x0A;Value of: NPPTestUtils::IsArithmeticEqual(resultData[i], expectedData[i], &quot;nppiMulScale_8u_C1R&quot;)&#x0A;  Actual: false&#x0A;Expected: true&#x0A;Arithmetic function nppiMulScale_8u_C1R values differ: actual=\0, expected= (Test mode: Tolerant Testing Mode (minor differences allowed))Mismatch at pixel 158: got 0, expected 5, src1=15, src2=96&#x0A;" type=""><![CDATA[/home/cjxu/npp/test/unit/nppi/nppi_arithmetic_operations/test_nppi_mulscale.cpp:89
Value of: NPPTestUtils::IsArithmeticEqual(resultData[i], expectedData[i], "nppiMulScale_8u_C1R")
  Actual: false
Expected: true
Arithmetic function nppiMulScale_8u_C1R values differ: actual=\0, expected= (Test mode: Tolerant Testing Mode (minor differences allowed))Mismatch at pixel 158: got 0, expected 5, src1=15, src2=96
]]></failure>
      <failure message="/home/cjxu/npp/test/unit/nppi/nppi_arithmetic_operations/test_nppi_mulscale.cpp:89&#x0A;Value of: NPPTestUtils::IsArithmeticEqual(resultData[i], expectedData[i], &quot;nppiMulScale_8u_C1R&quot;)&#x0A;  Actual: false&#x0A;Expected: true&#x0A;Arithmetic function nppiMulScale_8u_C1R values differ: actual=\0, expected= (Test mode: Tolerant Testing Mode (minor differences allowed))Mismatch at pixel 159: got 0, expected 7, src1=16, src2=112&#x0A;" type=""><![CDATA[/home/cjxu/npp/test/unit/nppi/nppi_arithmetic_operations/test_nppi_mulscale.cpp:89
Value of: NPPTestUtils::IsArithmeticEqual(resultData[i], expectedData[i], "nppiMulScale_8u_C1R")
  Actual: false
Expected: true
Arithmetic function nppiMulScale_8u_C1R values differ: actual=\0, expected= (Test mode: Tolerant Testing Mode (minor differences allowed))Mismatch at pixel 159: got 0, expected 7, src1=16, src2=112
]]></failure>
      <failure message="/home/cjxu/npp/test/unit/nppi/nppi_arithmetic_operations/test_nppi_mulscale.cpp:89&#x0A;Value of: NPPTestUtils::IsArithmeticEqual(resultData[i], expectedData[i], &quot;nppiMulScale_8u_C1R&quot;)&#x0A;  Actual: false&#x0A;Expected: true&#x0A;Arithmetic function nppiMulScale_8u_C1R values differ: actual=\0, expected= (Test mode: Tolerant Testing Mode (minor differences allowed))Mismatch at pixel 166: got 0, expected 2, src1=7, src2=96&#x0A;" type=""><![CDATA[/home/cjxu/npp/test/unit/nppi/nppi_arithmetic_operations/test_nppi_mulscale.cpp:89
Value of: NPPTestUtils::IsArithmeticEqual(resultData[i], expectedData[i], "nppiMulScale_8u_C1R")
  Actual: false
Expected: true
Arithmetic function nppiMulScale_8u_C1R values differ: actual=\0, expected= (Test mode: Tolerant Testing Mode (minor differences allowed))Mismatch at pixel 166: got 0, expected 2, src1=7, src2=96
]]></failure>
      <failure message="/home/cjxu/npp/test/unit/nppi/nppi_arithmetic_operations/test_nppi_mulscale.cpp:89&#x0A;Value of: NPPTestUtils::IsArithmeticEqual(resultData[i], expectedData[i], &quot;nppiMulScale_8u_C1R&quot;)&#x0A;  Actual: false&#x0A;Expected: true&#x0A;Arithmetic function nppiMulScale_8u_C1R values differ: actual=\0, expected= (Test mode: Tolerant Testing Mode (minor differences allowed))Mismatch at pixel 167: got 0, expected 3, src1=8, src2=112&#x0A;" type=""><![CDATA[/home/cjxu/npp/test/unit/nppi/nppi_arithmetic_operations/test_nppi_mulscale.cpp:89
Value of: NPPTestUtils::IsArithmeticEqual(resultData[i], expectedData[i], "nppiMulScale_8u_C1R")
  Actual: false
Expected: true
Arithmetic function nppiMulScale_8u_C1R values differ: actual=\0, expected= (Test mode: Tolerant Testing Mode (minor differences allowed))Mismatch at pixel 167: got 0, expected 3, src1=8, src2=112
]]></failure>
      <failure message="/home/cjxu/npp/test/unit/nppi/nppi_arithmetic_operations/test_nppi_mulscale.cpp:89&#x0A;Value of: NPPTestUtils::IsArithmeticEqual(resultData[i], expectedData[i], &quot;nppiMulScale_8u_C1R&quot;)&#x0A;  Actual: false&#x0A;Expected: true&#x0A;Arithmetic function nppiMulScale_8u_C1R values differ: actual=\0, expected= (Test mode: Tolerant Testing Mode (minor differences allowed))Mismatch at pixel 171: got 0, expected 2, src1=12, src2=48&#x0A;" type=""><![CDATA[/home/cjxu/npp/test/unit/nppi/nppi_arithmetic_operations/test_nppi_mulscale.cpp:89
Value of: NPPTestUtils::IsArithmeticEqual(resultData[i], expectedData[i], "nppiMulScale_8u_C1R")
  Actual: false
Expected: true
Arithmetic function nppiMulScale_8u_C1R values differ: actual=\0, expected= (Test mode: Tolerant Testing Mode (minor differences allowed))Mismatch at pixel 171: got 0, expected 2, src1=12, src2=48
]]></failure>
      <failure message="/home/cjxu/npp/test/unit/nppi/nppi_arithmetic_operations/test_nppi_mulscale.cpp:89&#x0A;Value of: NPPTestUtils::IsArithmeticEqual(resultData[i], expectedData[i], &quot;nppiMulScale_8u_C1R&quot;)&#x0A;  Actual: false&#x0A;Expected: true&#x0A;Arithmetic function nppiMulScale_8u_C1R values differ: actual=\0, expected= (Test mode: Tolerant Testing Mode (minor differences allowed))Mismatch at pixel 172: got 0, expected 3, src1=13, src2=64&#x0A;" type=""><![CDATA[/home/cjxu/npp/test/unit/nppi/nppi_arithmetic_operations/test_nppi_mulscale.cpp:89
Value of: NPPTestUtils::IsArithmeticEqual(resultData[i], expectedData[i], "nppiMulScale_8u_C1R")
  Actual: false
Expected: true
Arithmetic function nppiMulScale_8u_C1R values differ: actual=\0, expected= (Test mode: Tolerant Testing Mode (minor differences allowed))Mismatch at pixel 172: got 0, expected 3, src1=13, src2=64
]]></failure>
      <failure message="/home/cjxu/npp/test/unit/nppi/nppi_arithmetic_operations/test_nppi_mulscale.cpp:89&#x0A;Value of: NPPTestUtils::IsArithmeticEqual(resultData[i], expectedData[i], &quot;nppiMulScale_8u_C1R&quot;)&#x0A;  Actual: false&#x0A;Expected: true&#x0A;Arithmetic function nppiMulScale_8u_C1R values differ: actual=\0, expected= (Test mode: Tolerant Testing Mode (minor differences allowed))Mismatch at pixel 173: got 0, expected 4, src1=14, src2=80&#x0A;" type=""><![CDATA[/home/cjxu/npp/test/unit/nppi/nppi_arithmetic_operations/test_nppi_mulscale.cpp:89
Value of: NPPTestUtils::IsArithmeticEqual(resultData[i], expectedData[i], "nppiMulScale_8u_C1R")
  Actual: false
Expected: true
Arithmetic function nppiMulScale_8u_C1R values differ: actual=\0, expected= (Test mode: Tolerant Testing Mode (minor differences allowed))Mismatch at pixel 173: got 0, expected 4, src1=14, src2=80
]]></failure>
      <failure message="/home/cjxu/npp/test/unit/nppi/nppi_arithmetic_operations/test_nppi_mulscale.cpp:89&#x0A;Value of: NPPTestUtils::IsArithmeticEqual(resultData[i], expectedData[i], &quot;nppiMulScale_8u_C1R&quot;)&#x0A;  Actual: false&#x0A;Expected: true&#x0A;Arithmetic function nppiMulScale_8u_C1R values differ: actual=\0, expected= (Test mode: Tolerant Testing Mode (minor differences allowed))Mismatch at pixel 174: got 0, expected 5, src1=15, src2=96&#x0A;" type=""><![CDATA[/home/cjxu/npp/test/unit/nppi/nppi_arithmetic_operations/test_nppi_mulscale.cpp:89
Value of: NPPTestUtils::IsArithmeticEqual(resultData[i], expectedData[i], "nppiMulScale_8u_C1R")
  Actual: false
Expected: true
Arithmetic function nppiMulScale_8u_C1R values differ: actual=\0, expected= (Test mode: Tolerant Testing Mode (minor differences allowed))Mismatch at pixel 174: got 0, expected 5, src1=15, src2=96
]]></failure>
      <failure message="/home/cjxu/npp/test/unit/nppi/nppi_arithmetic_operations/test_nppi_mulscale.cpp:89&#x0A;Value of: NPPTestUtils::IsArithmeticEqual(resultData[i], expectedData[i], &quot;nppiMulScale_8u_C1R&quot;)&#x0A;  Actual: false&#x0A;Expected: true&#x0A;Arithmetic function nppiMulScale_8u_C1R values differ: actual=\0, expected= (Test mode: Tolerant Testing Mode (minor differences allowed))Mismatch at pixel 175: got 0, expected 7, src1=16, src2=112&#x0A;" type=""><![CDATA[/home/cjxu/npp/test/unit/nppi/nppi_arithmetic_operations/test_nppi_mulscale.cpp:89
Value of: NPPTestUtils::IsArithmeticEqual(resultData[i], expectedData[i], "nppiMulScale_8u_C1R")
  Actual: false
Expected: true
Arithmetic function nppiMulScale_8u_C1R values differ: actual=\0, expected= (Test mode: Tolerant Testing Mode (minor differences allowed))Mismatch at pixel 175: got 0, expected 7, src1=16, src2=112
]]></failure>
      <failure message="/home/cjxu/npp/test/unit/nppi/nppi_arithmetic_operations/test_nppi_mulscale.cpp:89&#x0A;Value of: NPPTestUtils::IsArithmeticEqual(resultData[i], expectedData[i], &quot;nppiMulScale_8u_C1R&quot;)&#x0A;  Actual: false&#x0A;Expected: true&#x0A;Arithmetic function nppiMulScale_8u_C1R values differ: actual=\0, expected= (Test mode: Tolerant Testing Mode (minor differences allowed))Mismatch at pixel 182: got 0, expected 2, src1=7, src2=96&#x0A;" type=""><![CDATA[/home/cjxu/npp/test/unit/nppi/nppi_arithmetic_operations/test_nppi_mulscale.cpp:89
Value of: NPPTestUtils::IsArithmeticEqual(resultData[i], expectedData[i], "nppiMulScale_8u_C1R")
  Actual: false
Expected: true
Arithmetic function nppiMulScale_8u_C1R values differ: actual=\0, expected= (Test mode: Tolerant Testing Mode (minor differences allowed))Mismatch at pixel 182: got 0, expected 2, src1=7, src2=96
]]></failure>
      <failure message="/home/cjxu/npp/test/unit/nppi/nppi_arithmetic_operations/test_nppi_mulscale.cpp:89&#x0A;Value of: NPPTestUtils::IsArithmeticEqual(resultData[i], expectedData[i], &quot;nppiMulScale_8u_C1R&quot;)&#x0A;  Actual: false&#x0A;Expected: true&#x0A;Arithmetic function nppiMulScale_8u_C1R values differ: actual=\0, expected= (Test mode: Tolerant Testing Mode (minor differences allowed))Mismatch at pixel 183: got 0, expected 3, src1=8, src2=112&#x0A;" type=""><![CDATA[/home/cjxu/npp/test/unit/nppi/nppi_arithmetic_operations/test_nppi_mulscale.cpp:89
Value of: NPPTestUtils::IsArithmeticEqual(resultData[i], expectedData[i], "nppiMulScale_8u_C1R")
  Actual: false
Expected: true
Arithmetic function nppiMulScale_8u_C1R values differ: actual=\0, expected= (Test mode: Tolerant Testing Mode (minor differences allowed))Mismatch at pixel 183: got 0, expected 3, src1=8, src2=112
]]></failure>
      <failure message="/home/cjxu/npp/test/unit/nppi/nppi_arithmetic_operations/test_nppi_mulscale.cpp:89&#x0A;Value of: NPPTestUtils::IsArithmeticEqual(resultData[i], expectedData[i], &quot;nppiMulScale_8u_C1R&quot;)&#x0A;  Actual: false&#x0A;Expected: true&#x0A;Arithmetic function nppiMulScale_8u_C1R values differ: actual=\0, expected= (Test mode: Tolerant Testing Mode (minor differences allowed))Mismatch at pixel 187: got 0, expected 2, src1=12, src2=48&#x0A;" type=""><![CDATA[/home/cjxu/npp/test/unit/nppi/nppi_arithmetic_operations/test_nppi_mulscale.cpp:89
Value of: NPPTestUtils::IsArithmeticEqual(resultData[i], expectedData[i], "nppiMulScale_8u_C1R")
  Actual: false
Expected: true
Arithmetic function nppiMulScale_8u_C1R values differ: actual=\0, expected= (Test mode: Tolerant Testing Mode (minor differences allowed))Mismatch at pixel 187: got 0, expected 2, src1=12, src2=48
]]></failure>
      <failure message="/home/cjxu/npp/test/unit/nppi/nppi_arithmetic_operations/test_nppi_mulscale.cpp:89&#x0A;Value of: NPPTestUtils::IsArithmeticEqual(resultData[i], expectedData[i], &quot;nppiMulScale_8u_C1R&quot;)&#x0A;  Actual: false&#x0A;Expected: true&#x0A;Arithmetic function nppiMulScale_8u_C1R values differ: actual=\0, expected= (Test mode: Tolerant Testing Mode (minor differences allowed))Mismatch at pixel 188: got 0, expected 3, src1=13, src2=64&#x0A;" type=""><![CDATA[/home/cjxu/npp/test/unit/nppi/nppi_arithmetic_operations/test_nppi_mulscale.cpp:89
Value of: NPPTestUtils::IsArithmeticEqual(resultData[i], expectedData[i], "nppiMulScale_8u_C1R")
  Actual: false
Expected: true
Arithmetic function nppiMulScale_8u_C1R values differ: actual=\0, expected= (Test mode: Tolerant Testing Mode (minor differences allowed))Mismatch at pixel 188: got 0, expected 3, src1=13, src2=64
]]></failure>
      <failure message="/home/cjxu/npp/test/unit/nppi/nppi_arithmetic_operations/test_nppi_mulscale.cpp:89&#x0A;Value of: NPPTestUtils::IsArithmeticEqual(resultData[i], expectedData[i], &quot;nppiMulScale_8u_C1R&quot;)&#x0A;  Actual: false&#x0A;Expected: true&#x0A;Arithmetic function nppiMulScale_8u_C1R values differ: actual=\0, expected= (Test mode: Tolerant Testing Mode (minor differences allowed))Mismatch at pixel 189: got 0, expected 4, src1=14, src2=80&#x0A;" type=""><![CDATA[/home/cjxu/npp/test/unit/nppi/nppi_arithmetic_operations/test_nppi_mulscale.cpp:89
Value of: NPPTestUtils::IsArithmeticEqual(resultData[i], expectedData[i], "nppiMulScale_8u_C1R")
  Actual: false
Expected: true
Arithmetic function nppiMulScale_8u_C1R values differ: actual=\0, expected= (Test mode: Tolerant Testing Mode (minor differences allowed))Mismatch at pixel 189: got 0, expected 4, src1=14, src2=80
]]></failure>
      <failure message="/home/cjxu/npp/test/unit/nppi/nppi_arithmetic_operations/test_nppi_mulscale.cpp:89&#x0A;Value of: NPPTestUtils::IsArithmeticEqual(resultData[i], expectedData[i], &quot;nppiMulScale_8u_C1R&quot;)&#x0A;  Actual: false&#x0A;Expected: true&#x0A;Arithmetic function nppiMulScale_8u_C1R values differ: actual=\0, expected= (Test mode: Tolerant Testing Mode (minor differences allowed))Mismatch at pixel 190: got 0, expected 5, src1=15, src2=96&#x0A;" type=""><![CDATA[/home/cjxu/npp/test/unit/nppi/nppi_arithmetic_operations/test_nppi_mulscale.cpp:89
Value of: NPPTestUtils::IsArithmeticEqual(resultData[i], expectedData[i], "nppiMulScale_8u_C1R")
  Actual: false
Expected: true
Arithmetic function nppiMulScale_8u_C1R values differ: actual=\0, expected= (Test mode: Tolerant Testing Mode (minor differences allowed))Mismatch at pixel 190: got 0, expected 5, src1=15, src2=96
]]></failure>
      <failure message="/home/cjxu/npp/test/unit/nppi/nppi_arithmetic_operations/test_nppi_mulscale.cpp:89&#x0A;Value of: NPPTestUtils::IsArithmeticEqual(resultData[i], expectedData[i], &quot;nppiMulScale_8u_C1R&quot;)&#x0A;  Actual: false&#x0A;Expected: true&#x0A;Arithmetic function nppiMulScale_8u_C1R values differ: actual=\0, expected= (Test mode: Tolerant Testing Mode (minor differences allowed))Mismatch at pixel 191: got 0, expected 7, src1=16, src2=112&#x0A;" type=""><![CDATA[/home/cjxu/npp/test/unit/nppi/nppi_arithmetic_operations/test_nppi_mulscale.cpp:89
Value of: NPPTestUtils::IsArithmeticEqual(resultData[i], expectedData[i], "nppiMulScale_8u_C1R")
  Actual: false
Expected: true
Arithmetic function nppiMulScale_8u_C1R values differ: actual=\0, expected= (Test mode: Tolerant Testing Mode (minor differences allowed))Mismatch at pixel 191: got 0, expected 7, src1=16, src2=112
]]></failure>
    </testcase>
    <testcase name="MulScale_16u_C1R_BasicOperation" file="/home/cjxu/npp/test/unit/nppi/nppi_arithmetic_operations/test_nppi_mulscale.cpp" line="100" status="run" result="completed" time="0." timestamp="2025-09-13T22:25:51.603" classname="MulScaleFunctionalTest">
      <failure message="/home/cjxu/npp/test/unit/nppi/nppi_arithmetic_operations/test_nppi_mulscale.cpp:135&#x0A;Expected: (d_src1) != (nullptr), actual: NULL vs (nullptr)&#x0A;" type=""><![CDATA[/home/cjxu/npp/test/unit/nppi/nppi_arithmetic_operations/test_nppi_mulscale.cpp:135
Expected: (d_src1) != (nullptr), actual: NULL vs (nullptr)
]]></failure>
    </testcase>
    <testcase name="MulScale_8u_C1R_ExtremeValues" file="/home/cjxu/npp/test/unit/nppi/nppi_arithmetic_operations/test_nppi_mulscale.cpp" line="177" status="run" result="completed" time="0." timestamp="2025-09-13T22:25:51.603" classname="MulScaleFunctionalTest">
      <failure message="/home/cjxu/npp/test/unit/nppi/nppi_arithmetic_operations/test_nppi_mulscale.cpp:209&#x0A;Expected: (d_src1) != (nullptr), actual: NULL vs (nullptr)&#x0A;" type=""><![CDATA[/home/cjxu/npp/test/unit/nppi/nppi_arithmetic_operations/test_nppi_mulscale.cpp:209
Expected: (d_src1) != (nullptr), actual: NULL vs (nullptr)
]]></failure>
    </testcase>
    <testcase name="MulScale_8u_C1IR_InPlace" file="/home/cjxu/npp/test/unit/nppi/nppi_arithmetic_operations/test_nppi_mulscale.cpp" line="237" status="run" result="completed" time="0." timestamp="2025-09-13T22:25:51.603" classname="MulScaleFunctionalTest">
      <failure message="/home/cjxu/npp/test/unit/nppi/nppi_arithmetic_operations/test_nppi_mulscale.cpp:270&#x0A;Expected: (d_src) != (nullptr), actual: NULL vs (nullptr)&#x0A;" type=""><![CDATA[/home/cjxu/npp/test/unit/nppi/nppi_arithmetic_operations/test_nppi_mulscale.cpp:270
Expected: (d_src) != (nullptr), actual: NULL vs (nullptr)
]]></failure>
    </testcase>
    <testcase name="DISABLED_MulScale_ErrorHandling" file="/home/cjxu/npp/test/unit/nppi/nppi_arithmetic_operations/test_nppi_mulscale.cpp" line="309" status="notrun" result="suppressed" time="0." timestamp="1970-01-01T08:00:00.000" classname="MulScaleFunctionalTest" />
    <testcase name="MulScale_StreamContext" file="/home/cjxu/npp/test/unit/nppi/nppi_arithmetic_operations/test_nppi_mulscale.cpp" line="325" status="run" result="completed" time="0." timestamp="2025-09-13T22:25:51.603" classname="MulScaleFunctionalTest">
      <failure message="/home/cjxu/npp/test/unit/nppi/nppi_arithmetic_operations/test_nppi_mulscale.cpp:346&#x0A;Expected: (d_src1) != (nullptr), actual: NULL vs (nullptr)&#x0A;" type=""><![CDATA[/home/cjxu/npp/test/unit/nppi/nppi_arithmetic_operations/test_nppi_mulscale.cpp:346
Expected: (d_src1) != (nullptr), actual: NULL vs (nullptr)
]]></failure>
    </testcase>
    <testcase name="MulScale_16u_C1R_OverflowHandling" file="/home/cjxu/npp/test/unit/nppi/nppi_arithmetic_operations/test_nppi_mulscale.cpp" line="389" status="run" result="completed" time="0." timestamp="2025-09-13T22:25:51.603" classname="MulScaleFunctionalTest">
      <failure message="/home/cjxu/npp/test/unit/nppi/nppi_arithmetic_operations/test_nppi_mulscale.cpp:421&#x0A;Expected: (d_src1) != (nullptr), actual: NULL vs (nullptr)&#x0A;" type=""><![CDATA[/home/cjxu/npp/test/unit/nppi/nppi_arithmetic_operations/test_nppi_mulscale.cpp:421
Expected: (d_src1) != (nullptr), actual: NULL vs (nullptr)
]]></failure>
    </testcase>
  </testsuite>
  <testsuite name="SqrFunctionalTest" tests="7" failures="6" disabled="1" skipped="0" errors="0" time="0." timestamp="2025-09-13T22:25:51.603">
    <testcase name="Sqr_8u_C1RSfs_BasicOperation" file="/home/cjxu/npp/test/unit/nppi/nppi_arithmetic_operations/test_nppi_sqr.cpp" line="23" status="run" result="completed" time="0." timestamp="2025-09-13T22:25:51.603" classname="SqrFunctionalTest">
      <failure message="/home/cjxu/npp/test/unit/nppi/nppi_arithmetic_operations/test_nppi_sqr.cpp:40&#x0A;Expected: (d_src) != (nullptr), actual: NULL vs (nullptr)&#x0A;" type=""><![CDATA[/home/cjxu/npp/test/unit/nppi/nppi_arithmetic_operations/test_nppi_sqr.cpp:40
Expected: (d_src) != (nullptr), actual: NULL vs (nullptr)
]]></failure>
    </testcase>
    <testcase name="Sqr_8u_C1RSfs_WithScaling" file="/home/cjxu/npp/test/unit/nppi/nppi_arithmetic_operations/test_nppi_sqr.cpp" line="77" status="run" result="completed" time="0." timestamp="2025-09-13T22:25:51.603" classname="SqrFunctionalTest">
      <failure message="/home/cjxu/npp/test/unit/nppi/nppi_arithmetic_operations/test_nppi_sqr.cpp:94&#x0A;Expected: (d_src) != (nullptr), actual: NULL vs (nullptr)&#x0A;" type=""><![CDATA[/home/cjxu/npp/test/unit/nppi/nppi_arithmetic_operations/test_nppi_sqr.cpp:94
Expected: (d_src) != (nullptr), actual: NULL vs (nullptr)
]]></failure>
    </testcase>
    <testcase name="Sqr_32f_C1R_BasicOperation" file="/home/cjxu/npp/test/unit/nppi/nppi_arithmetic_operations/test_nppi_sqr.cpp" line="131" status="run" result="completed" time="0." timestamp="2025-09-13T22:25:51.603" classname="SqrFunctionalTest">
      <failure message="/home/cjxu/npp/test/unit/nppi/nppi_arithmetic_operations/test_nppi_sqr.cpp:146&#x0A;Expected: (d_src) != (nullptr), actual: NULL vs (nullptr)&#x0A;" type=""><![CDATA[/home/cjxu/npp/test/unit/nppi/nppi_arithmetic_operations/test_nppi_sqr.cpp:146
Expected: (d_src) != (nullptr), actual: NULL vs (nullptr)
]]></failure>
    </testcase>
    <testcase name="Sqr_16s_C1RSfs_BasicOperation" file="/home/cjxu/npp/test/unit/nppi/nppi_arithmetic_operations/test_nppi_sqr.cpp" line="182" status="run" result="completed" time="0." timestamp="2025-09-13T22:25:51.603" classname="SqrFunctionalTest">
      <failure message="/home/cjxu/npp/test/unit/nppi/nppi_arithmetic_operations/test_nppi_sqr.cpp:200&#x0A;Expected: (d_src) != (nullptr), actual: NULL vs (nullptr)&#x0A;" type=""><![CDATA[/home/cjxu/npp/test/unit/nppi/nppi_arithmetic_operations/test_nppi_sqr.cpp:200
Expected: (d_src) != (nullptr), actual: NULL vs (nullptr)
]]></failure>
    </testcase>
    <testcase name="Sqr_32f_C1R_SpecialValues" file="/home/cjxu/npp/test/unit/nppi/nppi_arithmetic_operations/test_nppi_sqr.cpp" line="237" status="run" result="completed" time="0." timestamp="2025-09-13T22:25:51.603" classname="SqrFunctionalTest">
      <failure message="/home/cjxu/npp/test/unit/nppi/nppi_arithmetic_operations/test_nppi_sqr.cpp:249&#x0A;Expected: (d_src) != (nullptr), actual: NULL vs (nullptr)&#x0A;" type=""><![CDATA[/home/cjxu/npp/test/unit/nppi/nppi_arithmetic_operations/test_nppi_sqr.cpp:249
Expected: (d_src) != (nullptr), actual: NULL vs (nullptr)
]]></failure>
    </testcase>
    <testcase name="DISABLED_Sqr_ErrorHandling" file="/home/cjxu/npp/test/unit/nppi/nppi_arithmetic_operations/test_nppi_sqr.cpp" line="275" status="notrun" result="suppressed" time="0." timestamp="1970-01-01T08:00:00.000" classname="SqrFunctionalTest" />
    <testcase name="Sqr_StreamContext" file="/home/cjxu/npp/test/unit/nppi/nppi_arithmetic_operations/test_nppi_sqr.cpp" line="295" status="run" result="completed" time="0." timestamp="2025-09-13T22:25:51.603" classname="SqrFunctionalTest">
      <failure message="/home/cjxu/npp/test/unit/nppi/nppi_arithmetic_operations/test_nppi_sqr.cpp:302&#x0A;Expected: (d_src) != (nullptr), actual: NULL vs (nullptr)&#x0A;" type=""><![CDATA[/home/cjxu/npp/test/unit/nppi/nppi_arithmetic_operations/test_nppi_sqr.cpp:302
Expected: (d_src) != (nullptr), actual: NULL vs (nullptr)
]]></failure>
    </testcase>
  </testsuite>
  <testsuite name="SqrtFunctionalTest" tests="7" failures="1" disabled="6" skipped="0" errors="0" time="0." timestamp="2025-09-13T22:25:51.603">
    <testcase name="Sqrt_8u_C1RSfs_BasicOperation" file="/home/cjxu/npp/test/unit/nppi/nppi_arithmetic_operations/test_nppi_sqrt.cpp" line="29" status="run" result="completed" time="0." timestamp="2025-09-13T22:25:51.603" classname="SqrtFunctionalTest">
      <failure message="/home/cjxu/npp/test/unit/nppi/nppi_arithmetic_operations/test_nppi_sqrt.cpp:47&#x0A;Expected: (d_src) != (nullptr), actual: NULL vs (nullptr)&#x0A;" type=""><![CDATA[/home/cjxu/npp/test/unit/nppi/nppi_arithmetic_operations/test_nppi_sqrt.cpp:47
Expected: (d_src) != (nullptr), actual: NULL vs (nullptr)
]]></failure>
    </testcase>
    <testcase name="DISABLED_Sqrt_8u_C1RSfs_WithScaling" file="/home/cjxu/npp/test/unit/nppi/nppi_arithmetic_operations/test_nppi_sqrt.cpp" line="85" status="notrun" result="suppressed" time="0." timestamp="1970-01-01T08:00:00.000" classname="SqrtFunctionalTest" />
    <testcase name="DISABLED_Sqrt_32f_C1R_BasicOperation" file="/home/cjxu/npp/test/unit/nppi/nppi_arithmetic_operations/test_nppi_sqrt.cpp" line="143" status="notrun" result="suppressed" time="0." timestamp="1970-01-01T08:00:00.000" classname="SqrtFunctionalTest" />
    <testcase name="DISABLED_Sqrt_16s_C1RSfs_BasicOperation" file="/home/cjxu/npp/test/unit/nppi/nppi_arithmetic_operations/test_nppi_sqrt.cpp" line="195" status="notrun" result="suppressed" time="0." timestamp="1970-01-01T08:00:00.000" classname="SqrtFunctionalTest" />
    <testcase name="DISABLED_Sqrt_32f_C1R_SpecialValues" file="/home/cjxu/npp/test/unit/nppi/nppi_arithmetic_operations/test_nppi_sqrt.cpp" line="256" status="notrun" result="suppressed" time="0." timestamp="1970-01-01T08:00:00.000" classname="SqrtFunctionalTest" />
    <testcase name="DISABLED_Sqrt_ErrorHandling" file="/home/cjxu/npp/test/unit/nppi/nppi_arithmetic_operations/test_nppi_sqrt.cpp" line="295" status="notrun" result="suppressed" time="0." timestamp="1970-01-01T08:00:00.000" classname="SqrtFunctionalTest" />
    <testcase name="DISABLED_Sqrt_StreamContext" file="/home/cjxu/npp/test/unit/nppi/nppi_arithmetic_operations/test_nppi_sqrt.cpp" line="315" status="notrun" result="suppressed" time="0." timestamp="1970-01-01T08:00:00.000" classname="SqrtFunctionalTest" />
  </testsuite>
  <testsuite name="ColorConversionTest" tests="2" failures="2" disabled="0" skipped="0" errors="0" time="0." timestamp="2025-09-13T22:25:51.603">
    <testcase name="RGBToYUV_BasicColors" file="/home/cjxu/npp/test/unit/nppi/nppi_color_conversion_operations/test_nppi_color_conversion.cpp" line="41" status="run" result="completed" time="0." timestamp="2025-09-13T22:25:51.603" classname="ColorConversionTest">
      <failure message="/home/cjxu/npp/test/unit/nppi/nppi_color_conversion_operations/test_nppi_color_conversion.cpp:19&#x0A;Expected: (d_src) != (nullptr), actual: NULL vs (nullptr)&#x0A;Failed to allocate src memory&#x0A;" type=""><![CDATA[/home/cjxu/npp/test/unit/nppi/nppi_color_conversion_operations/test_nppi_color_conversion.cpp:19
Expected: (d_src) != (nullptr), actual: NULL vs (nullptr)
Failed to allocate src memory
]]></failure>
    </testcase>
    <testcase name="YUVToRGB_RoundTrip" file="/home/cjxu/npp/test/unit/nppi/nppi_color_conversion_operations/test_nppi_color_conversion.cpp" line="120" status="run" result="completed" time="0." timestamp="2025-09-13T22:25:51.603" classname="ColorConversionTest">
      <failure message="/home/cjxu/npp/test/unit/nppi/nppi_color_conversion_operations/test_nppi_color_conversion.cpp:19&#x0A;Expected: (d_src) != (nullptr), actual: NULL vs (nullptr)&#x0A;Failed to allocate src memory&#x0A;" type=""><![CDATA[/home/cjxu/npp/test/unit/nppi/nppi_color_conversion_operations/test_nppi_color_conversion.cpp:19
Expected: (d_src) != (nullptr), actual: NULL vs (nullptr)
Failed to allocate src memory
]]></failure>
    </testcase>
  </testsuite>
  <testsuite name="ColorConversionParameterTest" tests="3" failures="1" disabled="0" skipped="0" errors="0" time="0.002" timestamp="2025-09-13T22:25:51.603">
    <testcase name="NullPointerError" file="/home/cjxu/npp/test/unit/nppi/nppi_color_conversion_operations/test_nppi_color_conversion.cpp" line="157" status="run" result="completed" time="0.001" timestamp="2025-09-13T22:25:51.603" classname="ColorConversionParameterTest" />
    <testcase name="InvalidSize" file="/home/cjxu/npp/test/unit/nppi/nppi_color_conversion_operations/test_nppi_color_conversion.cpp" line="173" status="run" result="completed" time="0." timestamp="2025-09-13T22:25:51.605" classname="ColorConversionParameterTest">
      <failure message="/home/cjxu/npp/test/unit/nppi/nppi_color_conversion_operations/test_nppi_color_conversion.cpp:179&#x0A;Expected equality of these values:&#x0A;  nppiRGBToYUV_8u_C3R(&amp;dummy, step, &amp;dummy, step, size)&#x0A;    Which is: 0&#x0A;  NPP_SIZE_ERROR&#x0A;    Which is: -6&#x0A;" type=""><![CDATA[/home/cjxu/npp/test/unit/nppi/nppi_color_conversion_operations/test_nppi_color_conversion.cpp:179
Expected equality of these values:
  nppiRGBToYUV_8u_C3R(&dummy, step, &dummy, step, size)
    Which is: 0
  NPP_SIZE_ERROR
    Which is: -6
]]></failure>
      <failure message="/home/cjxu/npp/test/unit/nppi/nppi_color_conversion_operations/test_nppi_color_conversion.cpp:184&#x0A;Expected equality of these values:&#x0A;  nppiYUVToRGB_8u_C3R(&amp;dummy, step, &amp;dummy, step, size)&#x0A;    Which is: 0&#x0A;  NPP_SIZE_ERROR&#x0A;    Which is: -6&#x0A;" type=""><![CDATA[/home/cjxu/npp/test/unit/nppi/nppi_color_conversion_operations/test_nppi_color_conversion.cpp:184
Expected equality of these values:
  nppiYUVToRGB_8u_C3R(&dummy, step, &dummy, step, size)
    Which is: 0
  NPP_SIZE_ERROR
    Which is: -6
]]></failure>
    </testcase>
    <testcase name="InvalidStep" file="/home/cjxu/npp/test/unit/nppi/nppi_color_conversion_operations/test_nppi_color_conversion.cpp" line="188" status="run" result="completed" time="0." timestamp="2025-09-13T22:25:51.605" classname="ColorConversionParameterTest" />
  </testsuite>
  <testsuite name="NV12ToRGBTest" tests="4" failures="3" disabled="0" skipped="1" errors="0" time="0.002" timestamp="2025-09-13T22:25:51.605">
    <testcase name="BasicNV12ToRGB_8u_P2C3R" file="/home/cjxu/npp/test/unit/nppi/nppi_color_conversion_operations/test_nppi_nv12_rgb.cpp" line="58" status="run" result="completed" time="0.002" timestamp="2025-09-13T22:25:51.605" classname="NV12ToRGBTest">
      <failure message="/home/cjxu/npp/test/unit/nppi/nppi_color_conversion_operations/test_nppi_nv12_rgb.cpp:69&#x0A;Expected: (d_srcY) != (nullptr), actual: NULL vs (nullptr)&#x0A;" type=""><![CDATA[/home/cjxu/npp/test/unit/nppi/nppi_color_conversion_operations/test_nppi_nv12_rgb.cpp:69
Expected: (d_srcY) != (nullptr), actual: NULL vs (nullptr)
]]></failure>
    </testcase>
    <testcase name="NV12ToRGB_709CSC_8u_P2C3R" file="/home/cjxu/npp/test/unit/nppi/nppi_color_conversion_operations/test_nppi_nv12_rgb.cpp" line="110" status="run" result="completed" time="0." timestamp="2025-09-13T22:25:51.607" classname="NV12ToRGBTest">
      <failure message="/home/cjxu/npp/test/unit/nppi/nppi_color_conversion_operations/test_nppi_nv12_rgb.cpp:121&#x0A;Expected: (d_srcY) != (nullptr), actual: NULL vs (nullptr)&#x0A;" type=""><![CDATA[/home/cjxu/npp/test/unit/nppi/nppi_color_conversion_operations/test_nppi_nv12_rgb.cpp:121
Expected: (d_srcY) != (nullptr), actual: NULL vs (nullptr)
]]></failure>
    </testcase>
    <testcase name="NV12ToRGB_709HDTV_8u_P2C3R" file="/home/cjxu/npp/test/unit/nppi/nppi_color_conversion_operations/test_nppi_nv12_rgb.cpp" line="164" status="run" result="completed" time="0." timestamp="2025-09-13T22:25:51.607" classname="NV12ToRGBTest">
      <failure message="/home/cjxu/npp/test/unit/nppi/nppi_color_conversion_operations/test_nppi_nv12_rgb.cpp:175&#x0A;Expected: (d_srcY) != (nullptr), actual: NULL vs (nullptr)&#x0A;" type=""><![CDATA[/home/cjxu/npp/test/unit/nppi/nppi_color_conversion_operations/test_nppi_nv12_rgb.cpp:175
Expected: (d_srcY) != (nullptr), actual: NULL vs (nullptr)
]]></failure>
    </testcase>
    <testcase name="VariousImageSizes" file="/home/cjxu/npp/test/unit/nppi/nppi_color_conversion_operations/test_nppi_nv12_rgb.cpp" line="198" status="run" result="skipped" time="0." timestamp="2025-09-13T22:25:51.607" classname="NV12ToRGBTest">
      <skipped message="/home/cjxu/npp/test/unit/nppi/nppi_color_conversion_operations/test_nppi_nv12_rgb.cpp:230&#x0A;Could not allocate GPU memory for 32x32&#x0A;"><![CDATA[/home/cjxu/npp/test/unit/nppi/nppi_color_conversion_operations/test_nppi_nv12_rgb.cpp:230
Could not allocate GPU memory for 32x32
]]></skipped>
    </testcase>
  </testsuite>
  <testsuite name="NV12ToRGBParameterTest" tests="3" failures="0" disabled="3" skipped="0" errors="0" time="0." timestamp="1970-01-01T08:00:00.000">
    <testcase name="DISABLED_NullPointerError" file="/home/cjxu/npp/test/unit/nppi/nppi_color_conversion_operations/test_nppi_nv12_rgb.cpp" line="255" status="notrun" result="suppressed" time="0." timestamp="1970-01-01T08:00:00.000" classname="NV12ToRGBParameterTest" />
    <testcase name="DISABLED_InvalidROI" file="/home/cjxu/npp/test/unit/nppi/nppi_color_conversion_operations/test_nppi_nv12_rgb.cpp" line="278" status="notrun" result="suppressed" time="0." timestamp="1970-01-01T08:00:00.000" classname="NV12ToRGBParameterTest" />
    <testcase name="DISABLED_InvalidStep" file="/home/cjxu/npp/test/unit/nppi/nppi_color_conversion_operations/test_nppi_nv12_rgb.cpp" line="303" status="notrun" result="suppressed" time="0." timestamp="1970-01-01T08:00:00.000" classname="NV12ToRGBParameterTest" />
  </testsuite>
  <testsuite name="TorchCodecCompatibilityTest" tests="1" failures="0" disabled="0" skipped="1" errors="0" time="0." timestamp="2025-09-13T22:25:51.607">
    <testcase name="TorchCodecUsagePattern" file="/home/cjxu/npp/test/unit/nppi/nppi_color_conversion_operations/test_nppi_nv12_rgb.cpp" line="334" status="run" result="skipped" time="0." timestamp="2025-09-13T22:25:51.607" classname="TorchCodecCompatibilityTest">
      <skipped message="/home/cjxu/npp/test/unit/nppi/nppi_color_conversion_operations/test_nppi_nv12_rgb.cpp:350&#x0A;Cannot allocate GPU memory for 1920x1080 test&#x0A;"><![CDATA[/home/cjxu/npp/test/unit/nppi/nppi_color_conversion_operations/test_nppi_nv12_rgb.cpp:350
Cannot allocate GPU memory for 1920x1080 test
]]></skipped>
    </testcase>
  </testsuite>
  <testsuite name="RGBToGrayFunctionalTest" tests="6" failures="5" disabled="1" skipped="0" errors="0" time="0." timestamp="2025-09-13T22:25:51.607">
    <testcase name="RGBToGray_8u_C3C1R_BasicOperation" file="/home/cjxu/npp/test/unit/nppi/nppi_color_conversion_operations/test_nppi_rgb_gray.cpp" line="31" status="run" result="completed" time="0." timestamp="2025-09-13T22:25:51.607" classname="RGBToGrayFunctionalTest">
      <failure message="/home/cjxu/npp/test/unit/nppi/nppi_color_conversion_operations/test_nppi_rgb_gray.cpp:52&#x0A;Expected: (d_src) != (nullptr), actual: NULL vs (nullptr)&#x0A;" type=""><![CDATA[/home/cjxu/npp/test/unit/nppi/nppi_color_conversion_operations/test_nppi_rgb_gray.cpp:52
Expected: (d_src) != (nullptr), actual: NULL vs (nullptr)
]]></failure>
    </testcase>
    <testcase name="RGBToGray_8u_AC4C1R_BasicOperation" file="/home/cjxu/npp/test/unit/nppi/nppi_color_conversion_operations/test_nppi_rgb_gray.cpp" line="91" status="run" result="completed" time="0." timestamp="2025-09-13T22:25:51.607" classname="RGBToGrayFunctionalTest">
      <failure message="/home/cjxu/npp/test/unit/nppi/nppi_color_conversion_operations/test_nppi_rgb_gray.cpp:114&#x0A;Expected: (d_src) != (nullptr), actual: NULL vs (nullptr)&#x0A;" type=""><![CDATA[/home/cjxu/npp/test/unit/nppi/nppi_color_conversion_operations/test_nppi_rgb_gray.cpp:114
Expected: (d_src) != (nullptr), actual: NULL vs (nullptr)
]]></failure>
    </testcase>
    <testcase name="RGBToGray_32f_C3C1R_BasicOperation" file="/home/cjxu/npp/test/unit/nppi/nppi_color_conversion_operations/test_nppi_rgb_gray.cpp" line="149" status="run" result="completed" time="0." timestamp="2025-09-13T22:25:51.607" classname="RGBToGrayFunctionalTest">
      <failure message="/home/cjxu/npp/test/unit/nppi/nppi_color_conversion_operations/test_nppi_rgb_gray.cpp:170&#x0A;Expected: (d_src) != (nullptr), actual: NULL vs (nullptr)&#x0A;" type=""><![CDATA[/home/cjxu/npp/test/unit/nppi/nppi_color_conversion_operations/test_nppi_rgb_gray.cpp:170
Expected: (d_src) != (nullptr), actual: NULL vs (nullptr)
]]></failure>
    </testcase>
    <testcase name="RGBToGray_PrimaryColors" file="/home/cjxu/npp/test/unit/nppi/nppi_color_conversion_operations/test_nppi_rgb_gray.cpp" line="205" status="run" result="completed" time="0." timestamp="2025-09-13T22:25:51.607" classname="RGBToGrayFunctionalTest">
      <failure message="/home/cjxu/npp/test/unit/nppi/nppi_color_conversion_operations/test_nppi_rgb_gray.cpp:227&#x0A;Expected: (d_src) != (nullptr), actual: NULL vs (nullptr)&#x0A;" type=""><![CDATA[/home/cjxu/npp/test/unit/nppi/nppi_color_conversion_operations/test_nppi_rgb_gray.cpp:227
Expected: (d_src) != (nullptr), actual: NULL vs (nullptr)
]]></failure>
    </testcase>
    <testcase name="DISABLED_RGBToGray_ErrorHandling" file="/home/cjxu/npp/test/unit/nppi/nppi_color_conversion_operations/test_nppi_rgb_gray.cpp" line="253" status="notrun" result="suppressed" time="0." timestamp="1970-01-01T08:00:00.000" classname="RGBToGrayFunctionalTest" />
    <testcase name="RGBToGray_StreamContext" file="/home/cjxu/npp/test/unit/nppi/nppi_color_conversion_operations/test_nppi_rgb_gray.cpp" line="269" status="run" result="completed" time="0." timestamp="2025-09-13T22:25:51.607" classname="RGBToGrayFunctionalTest">
      <failure message="/home/cjxu/npp/test/unit/nppi/nppi_color_conversion_operations/test_nppi_rgb_gray.cpp:276&#x0A;Expected: (d_src) != (nullptr), actual: NULL vs (nullptr)&#x0A;" type=""><![CDATA[/home/cjxu/npp/test/unit/nppi/nppi_color_conversion_operations/test_nppi_rgb_gray.cpp:276
Expected: (d_src) != (nullptr), actual: NULL vs (nullptr)
]]></failure>
    </testcase>
  </testsuite>
  <testsuite name="NPPICompressLabelsTest" tests="4" failures="1" disabled="2" skipped="0" errors="0" time="0.002" timestamp="2025-09-13T22:25:51.607">
    <testcase name="CompressMarkerLabelsGetBufferSize_Basic" file="/home/cjxu/npp/test/unit/nppi/nppi_data_exchange_and_initialization/test_nppi_compressLabels.cpp" line="20" status="run" result="completed" time="0." timestamp="2025-09-13T22:25:51.607" classname="NPPICompressLabelsTest" />
    <testcase name="DISABLED_CompressMarkerLabelsGetBufferSize_ErrorHandling" file="/home/cjxu/npp/test/unit/nppi/nppi_data_exchange_and_initialization/test_nppi_compressLabels.cpp" line="31" status="notrun" result="suppressed" time="0." timestamp="1970-01-01T08:00:00.000" classname="NPPICompressLabelsTest" />
    <testcase name="CompressMarkerLabelsUF_32u_C1IR_Basic" file="/home/cjxu/npp/test/unit/nppi/nppi_data_exchange_and_initialization/test_nppi_compressLabels.cpp" line="43" status="run" result="completed" time="0.002" timestamp="2025-09-13T22:25:51.607" classname="NPPICompressLabelsTest">
      <failure message="/home/cjxu/npp/test/unit/nppi/nppi_data_exchange_and_initialization/test_nppi_compressLabels.cpp:82&#x0A;Expected equality of these values:&#x0A;  status&#x0A;    Which is: -8&#x0A;  NPP_SUCCESS&#x0A;    Which is: 0&#x0A;" type=""><![CDATA[/home/cjxu/npp/test/unit/nppi/nppi_data_exchange_and_initialization/test_nppi_compressLabels.cpp:82
Expected equality of these values:
  status
    Which is: -8
  NPP_SUCCESS
    Which is: 0
]]></failure>
      <failure message="/home/cjxu/npp/test/unit/nppi/nppi_data_exchange_and_initialization/test_nppi_compressLabels.cpp:83&#x0A;Expected: (newMarkerLabelsNumber) &gt; (0), actual: 0 vs 0&#x0A;" type=""><![CDATA[/home/cjxu/npp/test/unit/nppi/nppi_data_exchange_and_initialization/test_nppi_compressLabels.cpp:83
Expected: (newMarkerLabelsNumber) > (0), actual: 0 vs 0
]]></failure>
    </testcase>
    <testcase name="DISABLED_CompressMarkerLabelsUF_ErrorHandling" file="/home/cjxu/npp/test/unit/nppi/nppi_data_exchange_and_initialization/test_nppi_compressLabels.cpp" line="106" status="notrun" result="suppressed" time="0." timestamp="1970-01-01T08:00:00.000" classname="NPPICompressLabelsTest" />
  </testsuite>
  <testsuite name="CopyFunctionalTest" tests="7" failures="6" disabled="1" skipped="0" errors="0" time="0.001" timestamp="2025-09-13T22:25:51.609">
    <testcase name="Copy_8u_C1R_Basic" file="/home/cjxu/npp/test/unit/nppi/nppi_data_exchange_and_initialization/test_nppi_copy.cpp" line="32" status="run" result="completed" time="0." timestamp="2025-09-13T22:25:51.609" classname="CopyFunctionalTest">
      <failure message="unknown file&#x0A;C++ exception with description &quot;Failed to allocate NPP image memory&quot; thrown in the test body.&#x0A;" type=""><![CDATA[unknown file
C++ exception with description "Failed to allocate NPP image memory" thrown in the test body.
]]></failure>
      <failure message="/home/cjxu/npp/test/unit/nppi/nppi_data_exchange_and_initialization/../../framework/npp_test_base.h:46&#x0A;Expected equality of these values:&#x0A;  err&#x0A;    Which is: 700&#x0A;  cudaSuccess&#x0A;    Which is: 0&#x0A;CUDA error after test: an illegal memory access was encountered&#x0A;" type=""><![CDATA[/home/cjxu/npp/test/unit/nppi/nppi_data_exchange_and_initialization/../../framework/npp_test_base.h:46
Expected equality of these values:
  err
    Which is: 700
  cudaSuccess
    Which is: 0
CUDA error after test: an illegal memory access was encountered
]]></failure>
    </testcase>
    <testcase name="Copy_8u_C3R_RGB" file="/home/cjxu/npp/test/unit/nppi/nppi_data_exchange_and_initialization/test_nppi_copy.cpp" line="63" status="run" result="completed" time="0." timestamp="2025-09-13T22:25:51.610" classname="CopyFunctionalTest">
      <failure message="/home/cjxu/npp/test/unit/nppi/nppi_data_exchange_and_initialization/test_nppi_copy.cpp:81&#x0A;Expected: (srcPtr) != (nullptr), actual: NULL vs (nullptr)&#x0A;" type=""><![CDATA[/home/cjxu/npp/test/unit/nppi/nppi_data_exchange_and_initialization/test_nppi_copy.cpp:81
Expected: (srcPtr) != (nullptr), actual: NULL vs (nullptr)
]]></failure>
      <failure message="/home/cjxu/npp/test/unit/nppi/nppi_data_exchange_and_initialization/../../framework/npp_test_base.h:46&#x0A;Expected equality of these values:&#x0A;  err&#x0A;    Which is: 700&#x0A;  cudaSuccess&#x0A;    Which is: 0&#x0A;CUDA error after test: an illegal memory access was encountered&#x0A;" type=""><![CDATA[/home/cjxu/npp/test/unit/nppi/nppi_data_exchange_and_initialization/../../framework/npp_test_base.h:46
Expected equality of these values:
  err
    Which is: 700
  cudaSuccess
    Which is: 0
CUDA error after test: an illegal memory access was encountered
]]></failure>
    </testcase>
    <testcase name="Copy_8u_C4R_RGBA" file="/home/cjxu/npp/test/unit/nppi/nppi_data_exchange_and_initialization/test_nppi_copy.cpp" line="108" status="run" result="completed" time="0." timestamp="2025-09-13T22:25:51.610" classname="CopyFunctionalTest">
      <failure message="/home/cjxu/npp/test/unit/nppi/nppi_data_exchange_and_initialization/test_nppi_copy.cpp:127&#x0A;Expected: (srcPtr) != (nullptr), actual: NULL vs (nullptr)&#x0A;" type=""><![CDATA[/home/cjxu/npp/test/unit/nppi/nppi_data_exchange_and_initialization/test_nppi_copy.cpp:127
Expected: (srcPtr) != (nullptr), actual: NULL vs (nullptr)
]]></failure>
      <failure message="/home/cjxu/npp/test/unit/nppi/nppi_data_exchange_and_initialization/../../framework/npp_test_base.h:46&#x0A;Expected equality of these values:&#x0A;  err&#x0A;    Which is: 700&#x0A;  cudaSuccess&#x0A;    Which is: 0&#x0A;CUDA error after test: an illegal memory access was encountered&#x0A;" type=""><![CDATA[/home/cjxu/npp/test/unit/nppi/nppi_data_exchange_and_initialization/../../framework/npp_test_base.h:46
Expected equality of these values:
  err
    Which is: 700
  cudaSuccess
    Which is: 0
CUDA error after test: an illegal memory access was encountered
]]></failure>
    </testcase>
    <testcase name="Copy_32f_C1R_Float" file="/home/cjxu/npp/test/unit/nppi/nppi_data_exchange_and_initialization/test_nppi_copy.cpp" line="154" status="run" result="completed" time="0." timestamp="2025-09-13T22:25:51.610" classname="CopyFunctionalTest">
      <failure message="unknown file&#x0A;C++ exception with description &quot;Failed to allocate NPP image memory&quot; thrown in the test body.&#x0A;" type=""><![CDATA[unknown file
C++ exception with description "Failed to allocate NPP image memory" thrown in the test body.
]]></failure>
      <failure message="/home/cjxu/npp/test/unit/nppi/nppi_data_exchange_and_initialization/../../framework/npp_test_base.h:46&#x0A;Expected equality of these values:&#x0A;  err&#x0A;    Which is: 700&#x0A;  cudaSuccess&#x0A;    Which is: 0&#x0A;CUDA error after test: an illegal memory access was encountered&#x0A;" type=""><![CDATA[/home/cjxu/npp/test/unit/nppi/nppi_data_exchange_and_initialization/../../framework/npp_test_base.h:46
Expected equality of these values:
  err
    Which is: 700
  cudaSuccess
    Which is: 0
CUDA error after test: an illegal memory access was encountered
]]></failure>
    </testcase>
    <testcase name="Copy_8u_C1R_DifferentROI" file="/home/cjxu/npp/test/unit/nppi/nppi_data_exchange_and_initialization/test_nppi_copy.cpp" line="193" status="run" result="completed" time="0." timestamp="2025-09-13T22:25:51.610" classname="CopyFunctionalTest">
      <failure message="unknown file&#x0A;C++ exception with description &quot;Failed to allocate NPP image memory&quot; thrown in the test body.&#x0A;" type=""><![CDATA[unknown file
C++ exception with description "Failed to allocate NPP image memory" thrown in the test body.
]]></failure>
      <failure message="/home/cjxu/npp/test/unit/nppi/nppi_data_exchange_and_initialization/../../framework/npp_test_base.h:46&#x0A;Expected equality of these values:&#x0A;  err&#x0A;    Which is: 700&#x0A;  cudaSuccess&#x0A;    Which is: 0&#x0A;CUDA error after test: an illegal memory access was encountered&#x0A;" type=""><![CDATA[/home/cjxu/npp/test/unit/nppi/nppi_data_exchange_and_initialization/../../framework/npp_test_base.h:46
Expected equality of these values:
  err
    Which is: 700
  cudaSuccess
    Which is: 0
CUDA error after test: an illegal memory access was encountered
]]></failure>
    </testcase>
    <testcase name="DISABLED_Copy_ErrorHandling" file="/home/cjxu/npp/test/unit/nppi/nppi_data_exchange_and_initialization/test_nppi_copy.cpp" line="244" status="notrun" result="suppressed" time="0." timestamp="1970-01-01T08:00:00.000" classname="CopyFunctionalTest" />
    <testcase name="Copy_Performance_Benchmark" file="/home/cjxu/npp/test/unit/nppi/nppi_data_exchange_and_initialization/test_nppi_copy.cpp" line="288" status="run" result="completed" time="0." timestamp="2025-09-13T22:25:51.610" classname="CopyFunctionalTest">
      <failure message="unknown file&#x0A;C++ exception with description &quot;Failed to allocate NPP image memory&quot; thrown in the test body.&#x0A;" type=""><![CDATA[unknown file
C++ exception with description "Failed to allocate NPP image memory" thrown in the test body.
]]></failure>
      <failure message="/home/cjxu/npp/test/unit/nppi/nppi_data_exchange_and_initialization/../../framework/npp_test_base.h:46&#x0A;Expected equality of these values:&#x0A;  err&#x0A;    Which is: 700&#x0A;  cudaSuccess&#x0A;    Which is: 0&#x0A;CUDA error after test: an illegal memory access was encountered&#x0A;" type=""><![CDATA[/home/cjxu/npp/test/unit/nppi/nppi_data_exchange_and_initialization/../../framework/npp_test_base.h:46
Expected equality of these values:
  err
    Which is: 700
  cudaSuccess
    Which is: 0
CUDA error after test: an illegal memory access was encountered
]]></failure>
    </testcase>
  </testsuite>
  <testsuite name="NPPILUTTest" tests="2" failures="1" disabled="1" skipped="0" errors="0" time="0." timestamp="2025-09-13T22:25:51.611">
    <testcase name="LUT_Linear_8u_C1R_Basic" file="/home/cjxu/npp/test/unit/nppi/nppi_data_exchange_and_initialization/test_nppi_lut.cpp" line="20" status="run" result="completed" time="0." timestamp="2025-09-13T22:25:51.611" classname="NPPILUTTest">
      <failure message="/home/cjxu/npp/test/unit/nppi/nppi_data_exchange_and_initialization/test_nppi_lut.cpp:47&#x0A;Expected equality of these values:&#x0A;  status&#x0A;    Which is: -8&#x0A;  NPP_SUCCESS&#x0A;    Which is: 0&#x0A;" type=""><![CDATA[/home/cjxu/npp/test/unit/nppi/nppi_data_exchange_and_initialization/test_nppi_lut.cpp:47
Expected equality of these values:
  status
    Which is: -8
  NPP_SUCCESS
    Which is: 0
]]></failure>
      <failure message="/home/cjxu/npp/test/unit/nppi/nppi_data_exchange_and_initialization/test_nppi_lut.cpp:53&#x0A;Expected equality of these values:&#x0A;  dstData[0]&#x0A;    Which is: &apos;\0&apos;&#x0A;  255&#x0A;" type=""><![CDATA[/home/cjxu/npp/test/unit/nppi/nppi_data_exchange_and_initialization/test_nppi_lut.cpp:53
Expected equality of these values:
  dstData[0]
    Which is: '\0'
  255
]]></failure>
      <failure message="/home/cjxu/npp/test/unit/nppi/nppi_data_exchange_and_initialization/test_nppi_lut.cpp:54&#x0A;Expected equality of these values:&#x0A;  dstData[128]&#x0A;    Which is: &apos;\0&apos;&#x0A;  127&#x0A;" type=""><![CDATA[/home/cjxu/npp/test/unit/nppi/nppi_data_exchange_and_initialization/test_nppi_lut.cpp:54
Expected equality of these values:
  dstData[128]
    Which is: '\0'
  127
]]></failure>
      <failure message="/home/cjxu/npp/test/unit/nppi/nppi_data_exchange_and_initialization/test_nppi_lut.cpp:55&#x0A;Expected equality of these values:&#x0A;  dstData[255]&#x0A;    Which is: &apos;e&apos; (101, 0x65)&#x0A;  0&#x0A;" type=""><![CDATA[/home/cjxu/npp/test/unit/nppi/nppi_data_exchange_and_initialization/test_nppi_lut.cpp:55
Expected equality of these values:
  dstData[255]
    Which is: 'e' (101, 0x65)
  0
]]></failure>
    </testcase>
    <testcase name="DISABLED_LUT_Linear_ErrorHandling" file="/home/cjxu/npp/test/unit/nppi/nppi_data_exchange_and_initialization/test_nppi_lut.cpp" line="63" status="notrun" result="suppressed" time="0." timestamp="1970-01-01T08:00:00.000" classname="NPPILUTTest" />
  </testsuite>
  <testsuite name="FilterTest" tests="2" failures="2" disabled="0" skipped="0" errors="0" time="0." timestamp="2025-09-13T22:25:51.611">
    <testcase name="FilterBox_3x3_Uniform" file="/home/cjxu/npp/test/unit/nppi/nppi_filtering_functions/test_nppi_filter.cpp" line="39" status="run" result="completed" time="0." timestamp="2025-09-13T22:25:51.611" classname="FilterTest">
      <failure message="/home/cjxu/npp/test/unit/nppi/nppi_filtering_functions/test_nppi_filter.cpp:18&#x0A;Expected: (d_src) != (nullptr), actual: NULL vs (nullptr)&#x0A;Failed to allocate src memory&#x0A;" type=""><![CDATA[/home/cjxu/npp/test/unit/nppi/nppi_filtering_functions/test_nppi_filter.cpp:18
Expected: (d_src) != (nullptr), actual: NULL vs (nullptr)
Failed to allocate src memory
]]></failure>
    </testcase>
    <testcase name="FilterBox_5x5_EdgeHandling" file="/home/cjxu/npp/test/unit/nppi/nppi_filtering_functions/test_nppi_filter.cpp" line="78" status="run" result="completed" time="0." timestamp="2025-09-13T22:25:51.611" classname="FilterTest">
      <failure message="/home/cjxu/npp/test/unit/nppi/nppi_filtering_functions/test_nppi_filter.cpp:18&#x0A;Expected: (d_src) != (nullptr), actual: NULL vs (nullptr)&#x0A;Failed to allocate src memory&#x0A;" type=""><![CDATA[/home/cjxu/npp/test/unit/nppi/nppi_filtering_functions/test_nppi_filter.cpp:18
Expected: (d_src) != (nullptr), actual: NULL vs (nullptr)
Failed to allocate src memory
]]></failure>
    </testcase>
  </testsuite>
  <testsuite name="FilterParameterTest" tests="4" failures="3" disabled="0" skipped="0" errors="0" time="0.011" timestamp="2025-09-13T22:25:51.611">
    <testcase name="NullPointerError" file="/home/cjxu/npp/test/unit/nppi/nppi_filtering_functions/test_nppi_filter.cpp" line="115" status="run" result="completed" time="0." timestamp="2025-09-13T22:25:51.611" classname="FilterParameterTest" />
    <testcase name="InvalidSize" file="/home/cjxu/npp/test/unit/nppi/nppi_filtering_functions/test_nppi_filter.cpp" line="128" status="run" result="completed" time="0." timestamp="2025-09-13T22:25:51.611" classname="FilterParameterTest">
      <failure message="/home/cjxu/npp/test/unit/nppi/nppi_filtering_functions/test_nppi_filter.cpp:136&#x0A;Expected equality of these values:&#x0A;  nppiFilterBox_8u_C1R(&amp;dummy, step, &amp;dummy, step, size, maskSize, anchor)&#x0A;    Which is: 0&#x0A;  NPP_SIZE_ERROR&#x0A;    Which is: -6&#x0A;" type=""><![CDATA[/home/cjxu/npp/test/unit/nppi/nppi_filtering_functions/test_nppi_filter.cpp:136
Expected equality of these values:
  nppiFilterBox_8u_C1R(&dummy, step, &dummy, step, size, maskSize, anchor)
    Which is: 0
  NPP_SIZE_ERROR
    Which is: -6
]]></failure>
      <failure message="/home/cjxu/npp/test/unit/nppi/nppi_filtering_functions/test_nppi_filter.cpp:140&#x0A;Expected equality of these values:&#x0A;  nppiFilterBox_8u_C1R(&amp;dummy, step, &amp;dummy, step, size, maskSize, anchor)&#x0A;    Which is: 0&#x0A;  NPP_SIZE_ERROR&#x0A;    Which is: -6&#x0A;" type=""><![CDATA[/home/cjxu/npp/test/unit/nppi/nppi_filtering_functions/test_nppi_filter.cpp:140
Expected equality of these values:
  nppiFilterBox_8u_C1R(&dummy, step, &dummy, step, size, maskSize, anchor)
    Which is: 0
  NPP_SIZE_ERROR
    Which is: -6
]]></failure>
    </testcase>
    <testcase name="InvalidMaskSize" file="/home/cjxu/npp/test/unit/nppi/nppi_filtering_functions/test_nppi_filter.cpp" line="144" status="run" result="completed" time="0.011" timestamp="2025-09-13T22:25:51.611" classname="FilterParameterTest">
      <failure message="/home/cjxu/npp/test/unit/nppi/nppi_filtering_functions/test_nppi_filter.cpp:152&#x0A;Expected equality of these values:&#x0A;  nppiFilterBox_8u_C1R(&amp;dummy, step, &amp;dummy, step, size, maskSize, anchor)&#x0A;    Which is: -1000&#x0A;  NPP_MASK_SIZE_ERROR&#x0A;    Which is: -33&#x0A;" type=""><![CDATA[/home/cjxu/npp/test/unit/nppi/nppi_filtering_functions/test_nppi_filter.cpp:152
Expected equality of these values:
  nppiFilterBox_8u_C1R(&dummy, step, &dummy, step, size, maskSize, anchor)
    Which is: -1000
  NPP_MASK_SIZE_ERROR
    Which is: -33
]]></failure>
      <failure message="/home/cjxu/npp/test/unit/nppi/nppi_filtering_functions/test_nppi_filter.cpp:157&#x0A;Expected equality of these values:&#x0A;  nppiFilterBox_8u_C1R(&amp;dummy, step, &amp;dummy, step, size, maskSize, anchor)&#x0A;    Which is: -1000&#x0A;  NPP_MASK_SIZE_ERROR&#x0A;    Which is: -33&#x0A;" type=""><![CDATA[/home/cjxu/npp/test/unit/nppi/nppi_filtering_functions/test_nppi_filter.cpp:157
Expected equality of these values:
  nppiFilterBox_8u_C1R(&dummy, step, &dummy, step, size, maskSize, anchor)
    Which is: -1000
  NPP_MASK_SIZE_ERROR
    Which is: -33
]]></failure>
    </testcase>
    <testcase name="InvalidAnchor" file="/home/cjxu/npp/test/unit/nppi/nppi_filtering_functions/test_nppi_filter.cpp" line="161" status="run" result="completed" time="0." timestamp="2025-09-13T22:25:51.622" classname="FilterParameterTest">
      <failure message="/home/cjxu/npp/test/unit/nppi/nppi_filtering_functions/test_nppi_filter.cpp:169&#x0A;Expected equality of these values:&#x0A;  nppiFilterBox_8u_C1R(&amp;dummy, step, &amp;dummy, step, size, maskSize, anchor)&#x0A;    Which is: -1000&#x0A;  NPP_ANCHOR_ERROR&#x0A;    Which is: -34&#x0A;" type=""><![CDATA[/home/cjxu/npp/test/unit/nppi/nppi_filtering_functions/test_nppi_filter.cpp:169
Expected equality of these values:
  nppiFilterBox_8u_C1R(&dummy, step, &dummy, step, size, maskSize, anchor)
    Which is: -1000
  NPP_ANCHOR_ERROR
    Which is: -34
]]></failure>
      <failure message="/home/cjxu/npp/test/unit/nppi/nppi_filtering_functions/test_nppi_filter.cpp:173&#x0A;Expected equality of these values:&#x0A;  nppiFilterBox_8u_C1R(&amp;dummy, step, &amp;dummy, step, size, maskSize, anchor)&#x0A;    Which is: -1000&#x0A;  NPP_ANCHOR_ERROR&#x0A;    Which is: -34&#x0A;" type=""><![CDATA[/home/cjxu/npp/test/unit/nppi/nppi_filtering_functions/test_nppi_filter.cpp:173
Expected equality of these values:
  nppiFilterBox_8u_C1R(&dummy, step, &dummy, step, size, maskSize, anchor)
    Which is: -1000
  NPP_ANCHOR_ERROR
    Which is: -34
]]></failure>
    </testcase>
  </testsuite>
  <testsuite name="NPPIFilterBoxBorderTest" tests="8" failures="6" disabled="2" skipped="0" errors="0" time="0.003" timestamp="2025-09-13T22:25:51.622">
    <testcase name="FilterBoxBorder_8u_C1R" file="/home/cjxu/npp/test/unit/nppi/nppi_filtering_functions/test_nppi_filterBoxBorder.cpp" line="104" status="run" result="completed" time="0.001" timestamp="2025-09-13T22:25:51.622" classname="NPPIFilterBoxBorderTest">
      <failure message="/home/cjxu/npp/test/unit/nppi/nppi_filtering_functions/test_nppi_filterBoxBorder.cpp:130&#x0A;Expected equality of these values:&#x0A;  status&#x0A;    Which is: -8&#x0A;  NPP_SUCCESS&#x0A;    Which is: 0&#x0A;" type=""><![CDATA[/home/cjxu/npp/test/unit/nppi/nppi_filtering_functions/test_nppi_filterBoxBorder.cpp:130
Expected equality of these values:
  status
    Which is: -8
  NPP_SUCCESS
    Which is: 0
]]></failure>
      <failure message="/home/cjxu/npp/test/unit/nppi/nppi_filtering_functions/test_nppi_filterBoxBorder.cpp:96&#x0A;Expected: (diff) &lt;= (tolerance), actual: &apos;z&apos; (122, 0x7A) vs &apos;\x2&apos; (2)&#x0A;Mismatch at index 0 result=0 reference=122&#x0A;" type=""><![CDATA[/home/cjxu/npp/test/unit/nppi/nppi_filtering_functions/test_nppi_filterBoxBorder.cpp:96
Expected: (diff) <= (tolerance), actual: 'z' (122, 0x7A) vs '\x2' (2)
Mismatch at index 0 result=0 reference=122
]]></failure>
      <failure message="/home/cjxu/npp/test/unit/nppi/nppi_filtering_functions/test_nppi_filterBoxBorder.cpp:96&#x0A;Expected: (diff) &lt;= (tolerance), actual: &apos;\x84&apos; (132) vs &apos;\x2&apos; (2)&#x0A;Mismatch at index 1 result=0 reference=132&#x0A;" type=""><![CDATA[/home/cjxu/npp/test/unit/nppi/nppi_filtering_functions/test_nppi_filterBoxBorder.cpp:96
Expected: (diff) <= (tolerance), actual: '\x84' (132) vs '\x2' (2)
Mismatch at index 1 result=0 reference=132
]]></failure>
      <failure message="/home/cjxu/npp/test/unit/nppi/nppi_filtering_functions/test_nppi_filterBoxBorder.cpp:96&#x0A;Expected: (diff) &lt;= (tolerance), actual: &apos;p&apos; (112, 0x70) vs &apos;\x2&apos; (2)&#x0A;Mismatch at index 2 result=0 reference=112&#x0A;" type=""><![CDATA[/home/cjxu/npp/test/unit/nppi/nppi_filtering_functions/test_nppi_filterBoxBorder.cpp:96
Expected: (diff) <= (tolerance), actual: 'p' (112, 0x70) vs '\x2' (2)
Mismatch at index 2 result=0 reference=112
]]></failure>
      <failure message="/home/cjxu/npp/test/unit/nppi/nppi_filtering_functions/test_nppi_filterBoxBorder.cpp:96&#x0A;Expected: (diff) &lt;= (tolerance), actual: &apos;\x9F&apos; (159) vs &apos;\x2&apos; (2)&#x0A;Mismatch at index 3 result=0 reference=159&#x0A;" type=""><![CDATA[/home/cjxu/npp/test/unit/nppi/nppi_filtering_functions/test_nppi_filterBoxBorder.cpp:96
Expected: (diff) <= (tolerance), actual: '\x9F' (159) vs '\x2' (2)
Mismatch at index 3 result=0 reference=159
]]></failure>
      <failure message="/home/cjxu/npp/test/unit/nppi/nppi_filtering_functions/test_nppi_filterBoxBorder.cpp:96&#x0A;Expected: (diff) &lt;= (tolerance), actual: &apos;\x87&apos; (135) vs &apos;\x2&apos; (2)&#x0A;Mismatch at index 4 result=0 reference=135&#x0A;" type=""><![CDATA[/home/cjxu/npp/test/unit/nppi/nppi_filtering_functions/test_nppi_filterBoxBorder.cpp:96
Expected: (diff) <= (tolerance), actual: '\x87' (135) vs '\x2' (2)
Mismatch at index 4 result=0 reference=135
]]></failure>
      <failure message="/home/cjxu/npp/test/unit/nppi/nppi_filtering_functions/test_nppi_filterBoxBorder.cpp:96&#x0A;Expected: (diff) &lt;= (tolerance), actual: &apos;\x84&apos; (132) vs &apos;\x2&apos; (2)&#x0A;Mismatch at index 5 result=0 reference=132&#x0A;" type=""><![CDATA[/home/cjxu/npp/test/unit/nppi/nppi_filtering_functions/test_nppi_filterBoxBorder.cpp:96
Expected: (diff) <= (tolerance), actual: '\x84' (132) vs '\x2' (2)
Mismatch at index 5 result=0 reference=132
]]></failure>
      <failure message="/home/cjxu/npp/test/unit/nppi/nppi_filtering_functions/test_nppi_filterBoxBorder.cpp:96&#x0A;Expected: (diff) &lt;= (tolerance), actual: &apos;f&apos; (102, 0x66) vs &apos;\x2&apos; (2)&#x0A;Mismatch at index 6 result=0 reference=102&#x0A;" type=""><![CDATA[/home/cjxu/npp/test/unit/nppi/nppi_filtering_functions/test_nppi_filterBoxBorder.cpp:96
Expected: (diff) <= (tolerance), actual: 'f' (102, 0x66) vs '\x2' (2)
Mismatch at index 6 result=0 reference=102
]]></failure>
      <failure message="/home/cjxu/npp/test/unit/nppi/nppi_filtering_functions/test_nppi_filterBoxBorder.cpp:96&#x0A;Expected: (diff) &lt;= (tolerance), actual: &apos;\x80&apos; (128) vs &apos;\x2&apos; (2)&#x0A;Mismatch at index 7 result=0 reference=128&#x0A;" type=""><![CDATA[/home/cjxu/npp/test/unit/nppi/nppi_filtering_functions/test_nppi_filterBoxBorder.cpp:96
Expected: (diff) <= (tolerance), actual: '\x80' (128) vs '\x2' (2)
Mismatch at index 7 result=0 reference=128
]]></failure>
      <failure message="/home/cjxu/npp/test/unit/nppi/nppi_filtering_functions/test_nppi_filterBoxBorder.cpp:96&#x0A;Expected: (diff) &lt;= (tolerance), actual: &apos;\x80&apos; (128) vs &apos;\x2&apos; (2)&#x0A;Mismatch at index 8 result=0 reference=128&#x0A;" type=""><![CDATA[/home/cjxu/npp/test/unit/nppi/nppi_filtering_functions/test_nppi_filterBoxBorder.cpp:96
Expected: (diff) <= (tolerance), actual: '\x80' (128) vs '\x2' (2)
Mismatch at index 8 result=0 reference=128
]]></failure>
      <failure message="/home/cjxu/npp/test/unit/nppi/nppi_filtering_functions/test_nppi_filterBoxBorder.cpp:96&#x0A;Expected: (diff) &lt;= (tolerance), actual: &apos;\x9A&apos; (154) vs &apos;\x2&apos; (2)&#x0A;Mismatch at index 9 result=0 reference=154&#x0A;" type=""><![CDATA[/home/cjxu/npp/test/unit/nppi/nppi_filtering_functions/test_nppi_filterBoxBorder.cpp:96
Expected: (diff) <= (tolerance), actual: '\x9A' (154) vs '\x2' (2)
Mismatch at index 9 result=0 reference=154
]]></failure>
      <failure message="/home/cjxu/npp/test/unit/nppi/nppi_filtering_functions/test_nppi_filterBoxBorder.cpp:96&#x0A;Expected: (diff) &lt;= (tolerance), actual: &apos;\x8E&apos; (142) vs &apos;\x2&apos; (2)&#x0A;Mismatch at index 10 result=0 reference=142&#x0A;" type=""><![CDATA[/home/cjxu/npp/test/unit/nppi/nppi_filtering_functions/test_nppi_filterBoxBorder.cpp:96
Expected: (diff) <= (tolerance), actual: '\x8E' (142) vs '\x2' (2)
Mismatch at index 10 result=0 reference=142
]]></failure>
      <failure message="/home/cjxu/npp/test/unit/nppi/nppi_filtering_functions/test_nppi_filterBoxBorder.cpp:96&#x0A;Expected: (diff) &lt;= (tolerance), actual: &apos;\xA7&apos; (167) vs &apos;\x2&apos; (2)&#x0A;Mismatch at index 11 result=0 reference=167&#x0A;" type=""><![CDATA[/home/cjxu/npp/test/unit/nppi/nppi_filtering_functions/test_nppi_filterBoxBorder.cpp:96
Expected: (diff) <= (tolerance), actual: '\xA7' (167) vs '\x2' (2)
Mismatch at index 11 result=0 reference=167
]]></failure>
      <failure message="/home/cjxu/npp/test/unit/nppi/nppi_filtering_functions/test_nppi_filterBoxBorder.cpp:96&#x0A;Expected: (diff) &lt;= (tolerance), actual: &apos;\x85&apos; (133) vs &apos;\x2&apos; (2)&#x0A;Mismatch at index 12 result=0 reference=133&#x0A;" type=""><![CDATA[/home/cjxu/npp/test/unit/nppi/nppi_filtering_functions/test_nppi_filterBoxBorder.cpp:96
Expected: (diff) <= (tolerance), actual: '\x85' (133) vs '\x2' (2)
Mismatch at index 12 result=0 reference=133
]]></failure>
      <failure message="/home/cjxu/npp/test/unit/nppi/nppi_filtering_functions/test_nppi_filterBoxBorder.cpp:96&#x0A;Expected: (diff) &lt;= (tolerance), actual: &apos;x&apos; (120, 0x78) vs &apos;\x2&apos; (2)&#x0A;Mismatch at index 13 result=0 reference=120&#x0A;" type=""><![CDATA[/home/cjxu/npp/test/unit/nppi/nppi_filtering_functions/test_nppi_filterBoxBorder.cpp:96
Expected: (diff) <= (tolerance), actual: 'x' (120, 0x78) vs '\x2' (2)
Mismatch at index 13 result=0 reference=120
]]></failure>
      <failure message="/home/cjxu/npp/test/unit/nppi/nppi_filtering_functions/test_nppi_filterBoxBorder.cpp:96&#x0A;Expected: (diff) &lt;= (tolerance), actual: &apos;o&apos; (111, 0x6F) vs &apos;\x2&apos; (2)&#x0A;Mismatch at index 14 result=0 reference=111&#x0A;" type=""><![CDATA[/home/cjxu/npp/test/unit/nppi/nppi_filtering_functions/test_nppi_filterBoxBorder.cpp:96
Expected: (diff) <= (tolerance), actual: 'o' (111, 0x6F) vs '\x2' (2)
Mismatch at index 14 result=0 reference=111
]]></failure>
      <failure message="/home/cjxu/npp/test/unit/nppi/nppi_filtering_functions/test_nppi_filterBoxBorder.cpp:96&#x0A;Expected: (diff) &lt;= (tolerance), actual: &apos;}&apos; (125, 0x7D) vs &apos;\x2&apos; (2)&#x0A;Mismatch at index 15 result=0 reference=125&#x0A;" type=""><![CDATA[/home/cjxu/npp/test/unit/nppi/nppi_filtering_functions/test_nppi_filterBoxBorder.cpp:96
Expected: (diff) <= (tolerance), actual: '}' (125, 0x7D) vs '\x2' (2)
Mismatch at index 15 result=0 reference=125
]]></failure>
      <failure message="/home/cjxu/npp/test/unit/nppi/nppi_filtering_functions/test_nppi_filterBoxBorder.cpp:96&#x0A;Expected: (diff) &lt;= (tolerance), actual: &apos;k&apos; (107, 0x6B) vs &apos;\x2&apos; (2)&#x0A;Mismatch at index 16 result=0 reference=107&#x0A;" type=""><![CDATA[/home/cjxu/npp/test/unit/nppi/nppi_filtering_functions/test_nppi_filterBoxBorder.cpp:96
Expected: (diff) <= (tolerance), actual: 'k' (107, 0x6B) vs '\x2' (2)
Mismatch at index 16 result=0 reference=107
]]></failure>
      <failure message="/home/cjxu/npp/test/unit/nppi/nppi_filtering_functions/test_nppi_filterBoxBorder.cpp:96&#x0A;Expected: (diff) &lt;= (tolerance), actual: &apos;\x92&apos; (146) vs &apos;\x2&apos; (2)&#x0A;Mismatch at index 17 result=0 reference=146&#x0A;" type=""><![CDATA[/home/cjxu/npp/test/unit/nppi/nppi_filtering_functions/test_nppi_filterBoxBorder.cpp:96
Expected: (diff) <= (tolerance), actual: '\x92' (146) vs '\x2' (2)
Mismatch at index 17 result=0 reference=146
]]></failure>
      <failure message="/home/cjxu/npp/test/unit/nppi/nppi_filtering_functions/test_nppi_filterBoxBorder.cpp:96&#x0A;Expected: (diff) &lt;= (tolerance), actual: &apos;k&apos; (107, 0x6B) vs &apos;\x2&apos; (2)&#x0A;Mismatch at index 18 result=0 reference=107&#x0A;" type=""><![CDATA[/home/cjxu/npp/test/unit/nppi/nppi_filtering_functions/test_nppi_filterBoxBorder.cpp:96
Expected: (diff) <= (tolerance), actual: 'k' (107, 0x6B) vs '\x2' (2)
Mismatch at index 18 result=0 reference=107
]]></failure>
      <failure message="/home/cjxu/npp/test/unit/nppi/nppi_filtering_functions/test_nppi_filterBoxBorder.cpp:96&#x0A;Expected: (diff) &lt;= (tolerance), actual: &apos;y&apos; (121, 0x79) vs &apos;\x2&apos; (2)&#x0A;Mismatch at index 19 result=0 reference=121&#x0A;" type=""><![CDATA[/home/cjxu/npp/test/unit/nppi/nppi_filtering_functions/test_nppi_filterBoxBorder.cpp:96
Expected: (diff) <= (tolerance), actual: 'y' (121, 0x79) vs '\x2' (2)
Mismatch at index 19 result=0 reference=121
]]></failure>
      <failure message="/home/cjxu/npp/test/unit/nppi/nppi_filtering_functions/test_nppi_filterBoxBorder.cpp:96&#x0A;Expected: (diff) &lt;= (tolerance), actual: &apos;h&apos; (104, 0x68) vs &apos;\x2&apos; (2)&#x0A;Mismatch at index 20 result=0 reference=104&#x0A;" type=""><![CDATA[/home/cjxu/npp/test/unit/nppi/nppi_filtering_functions/test_nppi_filterBoxBorder.cpp:96
Expected: (diff) <= (tolerance), actual: 'h' (104, 0x68) vs '\x2' (2)
Mismatch at index 20 result=0 reference=104
]]></failure>
      <failure message="/home/cjxu/npp/test/unit/nppi/nppi_filtering_functions/test_nppi_filterBoxBorder.cpp:96&#x0A;Expected: (diff) &lt;= (tolerance), actual: &apos;v&apos; (118, 0x76) vs &apos;\x2&apos; (2)&#x0A;Mismatch at index 21 result=0 reference=118&#x0A;" type=""><![CDATA[/home/cjxu/npp/test/unit/nppi/nppi_filtering_functions/test_nppi_filterBoxBorder.cpp:96
Expected: (diff) <= (tolerance), actual: 'v' (118, 0x76) vs '\x2' (2)
Mismatch at index 21 result=0 reference=118
]]></failure>
      <failure message="/home/cjxu/npp/test/unit/nppi/nppi_filtering_functions/test_nppi_filterBoxBorder.cpp:96&#x0A;Expected: (diff) &lt;= (tolerance), actual: &apos;_&apos; (95, 0x5F) vs &apos;\x2&apos; (2)&#x0A;Mismatch at index 22 result=0 reference=95&#x0A;" type=""><![CDATA[/home/cjxu/npp/test/unit/nppi/nppi_filtering_functions/test_nppi_filterBoxBorder.cpp:96
Expected: (diff) <= (tolerance), actual: '_' (95, 0x5F) vs '\x2' (2)
Mismatch at index 22 result=0 reference=95
]]></failure>
      <failure message="/home/cjxu/npp/test/unit/nppi/nppi_filtering_functions/test_nppi_filterBoxBorder.cpp:96&#x0A;Expected: (diff) &lt;= (tolerance), actual: &apos;`&apos; (96, 0x60) vs &apos;\x2&apos; (2)&#x0A;Mismatch at index 23 result=0 reference=96&#x0A;" type=""><![CDATA[/home/cjxu/npp/test/unit/nppi/nppi_filtering_functions/test_nppi_filterBoxBorder.cpp:96
Expected: (diff) <= (tolerance), actual: '`' (96, 0x60) vs '\x2' (2)
Mismatch at index 23 result=0 reference=96
]]></failure>
      <failure message="/home/cjxu/npp/test/unit/nppi/nppi_filtering_functions/test_nppi_filterBoxBorder.cpp:96&#x0A;Expected: (diff) &lt;= (tolerance), actual: &apos;\x87&apos; (135) vs &apos;\x2&apos; (2)&#x0A;Mismatch at index 24 result=0 reference=135&#x0A;" type=""><![CDATA[/home/cjxu/npp/test/unit/nppi/nppi_filtering_functions/test_nppi_filterBoxBorder.cpp:96
Expected: (diff) <= (tolerance), actual: '\x87' (135) vs '\x2' (2)
Mismatch at index 24 result=0 reference=135
]]></failure>
      <failure message="/home/cjxu/npp/test/unit/nppi/nppi_filtering_functions/test_nppi_filterBoxBorder.cpp:96&#x0A;Expected: (diff) &lt;= (tolerance), actual: &apos;\xB1&apos; (177) vs &apos;\x2&apos; (2)&#x0A;Mismatch at index 25 result=0 reference=177&#x0A;" type=""><![CDATA[/home/cjxu/npp/test/unit/nppi/nppi_filtering_functions/test_nppi_filterBoxBorder.cpp:96
Expected: (diff) <= (tolerance), actual: '\xB1' (177) vs '\x2' (2)
Mismatch at index 25 result=0 reference=177
]]></failure>
      <failure message="/home/cjxu/npp/test/unit/nppi/nppi_filtering_functions/test_nppi_filterBoxBorder.cpp:96&#x0A;Expected: (diff) &lt;= (tolerance), actual: &apos;\xB9&apos; (185) vs &apos;\x2&apos; (2)&#x0A;Mismatch at index 26 result=0 reference=185&#x0A;" type=""><![CDATA[/home/cjxu/npp/test/unit/nppi/nppi_filtering_functions/test_nppi_filterBoxBorder.cpp:96
Expected: (diff) <= (tolerance), actual: '\xB9' (185) vs '\x2' (2)
Mismatch at index 26 result=0 reference=185
]]></failure>
      <failure message="/home/cjxu/npp/test/unit/nppi/nppi_filtering_functions/test_nppi_filterBoxBorder.cpp:96&#x0A;Expected: (diff) &lt;= (tolerance), actual: &apos;\x96&apos; (150) vs &apos;\x2&apos; (2)&#x0A;Mismatch at index 27 result=0 reference=150&#x0A;" type=""><![CDATA[/home/cjxu/npp/test/unit/nppi/nppi_filtering_functions/test_nppi_filterBoxBorder.cpp:96
Expected: (diff) <= (tolerance), actual: '\x96' (150) vs '\x2' (2)
Mismatch at index 27 result=0 reference=150
]]></failure>
      <failure message="/home/cjxu/npp/test/unit/nppi/nppi_filtering_functions/test_nppi_filterBoxBorder.cpp:96&#x0A;Expected: (diff) &lt;= (tolerance), actual: &apos;p&apos; (112, 0x70) vs &apos;\x2&apos; (2)&#x0A;Mismatch at index 28 result=0 reference=112&#x0A;" type=""><![CDATA[/home/cjxu/npp/test/unit/nppi/nppi_filtering_functions/test_nppi_filterBoxBorder.cpp:96
Expected: (diff) <= (tolerance), actual: 'p' (112, 0x70) vs '\x2' (2)
Mismatch at index 28 result=0 reference=112
]]></failure>
      <failure message="/home/cjxu/npp/test/unit/nppi/nppi_filtering_functions/test_nppi_filterBoxBorder.cpp:96&#x0A;Expected: (diff) &lt;= (tolerance), actual: &apos;t&apos; (116, 0x74) vs &apos;\x2&apos; (2)&#x0A;Mismatch at index 29 result=0 reference=116&#x0A;" type=""><![CDATA[/home/cjxu/npp/test/unit/nppi/nppi_filtering_functions/test_nppi_filterBoxBorder.cpp:96
Expected: (diff) <= (tolerance), actual: 't' (116, 0x74) vs '\x2' (2)
Mismatch at index 29 result=0 reference=116
]]></failure>
      <failure message="/home/cjxu/npp/test/unit/nppi/nppi_filtering_functions/test_nppi_filterBoxBorder.cpp:96&#x0A;Expected: (diff) &lt;= (tolerance), actual: &apos;~&apos; (126, 0x7E) vs &apos;\x2&apos; (2)&#x0A;Mismatch at index 30 result=0 reference=126&#x0A;" type=""><![CDATA[/home/cjxu/npp/test/unit/nppi/nppi_filtering_functions/test_nppi_filterBoxBorder.cpp:96
Expected: (diff) <= (tolerance), actual: '~' (126, 0x7E) vs '\x2' (2)
Mismatch at index 30 result=0 reference=126
]]></failure>
      <failure message="/home/cjxu/npp/test/unit/nppi/nppi_filtering_functions/test_nppi_filterBoxBorder.cpp:96&#x0A;Expected: (diff) &lt;= (tolerance), actual: &apos;\xA3&apos; (163) vs &apos;\x2&apos; (2)&#x0A;Mismatch at index 31 result=0 reference=163&#x0A;" type=""><![CDATA[/home/cjxu/npp/test/unit/nppi/nppi_filtering_functions/test_nppi_filterBoxBorder.cpp:96
Expected: (diff) <= (tolerance), actual: '\xA3' (163) vs '\x2' (2)
Mismatch at index 31 result=0 reference=163
]]></failure>
      <failure message="/home/cjxu/npp/test/unit/nppi/nppi_filtering_functions/test_nppi_filterBoxBorder.cpp:96&#x0A;Expected: (diff) &lt;= (tolerance), actual: &apos;\x86&apos; (134) vs &apos;\x2&apos; (2)&#x0A;Mismatch at index 32 result=0 reference=134&#x0A;" type=""><![CDATA[/home/cjxu/npp/test/unit/nppi/nppi_filtering_functions/test_nppi_filterBoxBorder.cpp:96
Expected: (diff) <= (tolerance), actual: '\x86' (134) vs '\x2' (2)
Mismatch at index 32 result=0 reference=134
]]></failure>
      <failure message="/home/cjxu/npp/test/unit/nppi/nppi_filtering_functions/test_nppi_filterBoxBorder.cpp:96&#x0A;Expected: (diff) &lt;= (tolerance), actual: &apos;\x90&apos; (144) vs &apos;\x2&apos; (2)&#x0A;Mismatch at index 33 result=0 reference=144&#x0A;" type=""><![CDATA[/home/cjxu/npp/test/unit/nppi/nppi_filtering_functions/test_nppi_filterBoxBorder.cpp:96
Expected: (diff) <= (tolerance), actual: '\x90' (144) vs '\x2' (2)
Mismatch at index 33 result=0 reference=144
]]></failure>
      <failure message="/home/cjxu/npp/test/unit/nppi/nppi_filtering_functions/test_nppi_filterBoxBorder.cpp:96&#x0A;Expected: (diff) &lt;= (tolerance), actual: &apos;y&apos; (121, 0x79) vs &apos;\x2&apos; (2)&#x0A;Mismatch at index 34 result=0 reference=121&#x0A;" type=""><![CDATA[/home/cjxu/npp/test/unit/nppi/nppi_filtering_functions/test_nppi_filterBoxBorder.cpp:96
Expected: (diff) <= (tolerance), actual: 'y' (121, 0x79) vs '\x2' (2)
Mismatch at index 34 result=0 reference=121
]]></failure>
      <failure message="/home/cjxu/npp/test/unit/nppi/nppi_filtering_functions/test_nppi_filterBoxBorder.cpp:96&#x0A;Expected: (diff) &lt;= (tolerance), actual: &apos;y&apos; (121, 0x79) vs &apos;\x2&apos; (2)&#x0A;Mismatch at index 35 result=0 reference=121&#x0A;" type=""><![CDATA[/home/cjxu/npp/test/unit/nppi/nppi_filtering_functions/test_nppi_filterBoxBorder.cpp:96
Expected: (diff) <= (tolerance), actual: 'y' (121, 0x79) vs '\x2' (2)
Mismatch at index 35 result=0 reference=121
]]></failure>
      <failure message="/home/cjxu/npp/test/unit/nppi/nppi_filtering_functions/test_nppi_filterBoxBorder.cpp:96&#x0A;Expected: (diff) &lt;= (tolerance), actual: &apos;d&apos; (100, 0x64) vs &apos;\x2&apos; (2)&#x0A;Mismatch at index 36 result=0 reference=100&#x0A;" type=""><![CDATA[/home/cjxu/npp/test/unit/nppi/nppi_filtering_functions/test_nppi_filterBoxBorder.cpp:96
Expected: (diff) <= (tolerance), actual: 'd' (100, 0x64) vs '\x2' (2)
Mismatch at index 36 result=0 reference=100
]]></failure>
      <failure message="/home/cjxu/npp/test/unit/nppi/nppi_filtering_functions/test_nppi_filterBoxBorder.cpp:96&#x0A;Expected: (diff) &lt;= (tolerance), actual: &apos;z&apos; (122, 0x7A) vs &apos;\x2&apos; (2)&#x0A;Mismatch at index 37 result=0 reference=122&#x0A;" type=""><![CDATA[/home/cjxu/npp/test/unit/nppi/nppi_filtering_functions/test_nppi_filterBoxBorder.cpp:96
Expected: (diff) <= (tolerance), actual: 'z' (122, 0x7A) vs '\x2' (2)
Mismatch at index 37 result=0 reference=122
]]></failure>
      <failure message="/home/cjxu/npp/test/unit/nppi/nppi_filtering_functions/test_nppi_filterBoxBorder.cpp:96&#x0A;Expected: (diff) &lt;= (tolerance), actual: &apos;\x92&apos; (146) vs &apos;\x2&apos; (2)&#x0A;Mismatch at index 38 result=0 reference=146&#x0A;" type=""><![CDATA[/home/cjxu/npp/test/unit/nppi/nppi_filtering_functions/test_nppi_filterBoxBorder.cpp:96
Expected: (diff) <= (tolerance), actual: '\x92' (146) vs '\x2' (2)
Mismatch at index 38 result=0 reference=146
]]></failure>
      <failure message="/home/cjxu/npp/test/unit/nppi/nppi_filtering_functions/test_nppi_filterBoxBorder.cpp:96&#x0A;Expected: (diff) &lt;= (tolerance), actual: &apos;\x94&apos; (148) vs &apos;\x2&apos; (2)&#x0A;Mismatch at index 39 result=0 reference=148&#x0A;" type=""><![CDATA[/home/cjxu/npp/test/unit/nppi/nppi_filtering_functions/test_nppi_filterBoxBorder.cpp:96
Expected: (diff) <= (tolerance), actual: '\x94' (148) vs '\x2' (2)
Mismatch at index 39 result=0 reference=148
]]></failure>
      <failure message="/home/cjxu/npp/test/unit/nppi/nppi_filtering_functions/test_nppi_filterBoxBorder.cpp:96&#x0A;Expected: (diff) &lt;= (tolerance), actual: &apos;\x9E&apos; (158) vs &apos;\x2&apos; (2)&#x0A;Mismatch at index 40 result=0 reference=158&#x0A;" type=""><![CDATA[/home/cjxu/npp/test/unit/nppi/nppi_filtering_functions/test_nppi_filterBoxBorder.cpp:96
Expected: (diff) <= (tolerance), actual: '\x9E' (158) vs '\x2' (2)
Mismatch at index 40 result=0 reference=158
]]></failure>
      <failure message="/home/cjxu/npp/test/unit/nppi/nppi_filtering_functions/test_nppi_filterBoxBorder.cpp:96&#x0A;Expected: (diff) &lt;= (tolerance), actual: &apos;\x95&apos; (149) vs &apos;\x2&apos; (2)&#x0A;Mismatch at index 41 result=0 reference=149&#x0A;" type=""><![CDATA[/home/cjxu/npp/test/unit/nppi/nppi_filtering_functions/test_nppi_filterBoxBorder.cpp:96
Expected: (diff) <= (tolerance), actual: '\x95' (149) vs '\x2' (2)
Mismatch at index 41 result=0 reference=149
]]></failure>
      <failure message="/home/cjxu/npp/test/unit/nppi/nppi_filtering_functions/test_nppi_filterBoxBorder.cpp:96&#x0A;Expected: (diff) &lt;= (tolerance), actual: &apos;g&apos; (103, 0x67) vs &apos;\x2&apos; (2)&#x0A;Mismatch at index 42 result=0 reference=103&#x0A;" type=""><![CDATA[/home/cjxu/npp/test/unit/nppi/nppi_filtering_functions/test_nppi_filterBoxBorder.cpp:96
Expected: (diff) <= (tolerance), actual: 'g' (103, 0x67) vs '\x2' (2)
Mismatch at index 42 result=0 reference=103
]]></failure>
      <failure message="/home/cjxu/npp/test/unit/nppi/nppi_filtering_functions/test_nppi_filterBoxBorder.cpp:96&#x0A;Expected: (diff) &lt;= (tolerance), actual: &apos;i&apos; (105, 0x69) vs &apos;\x2&apos; (2)&#x0A;Mismatch at index 43 result=0 reference=105&#x0A;" type=""><![CDATA[/home/cjxu/npp/test/unit/nppi/nppi_filtering_functions/test_nppi_filterBoxBorder.cpp:96
Expected: (diff) <= (tolerance), actual: 'i' (105, 0x69) vs '\x2' (2)
Mismatch at index 43 result=0 reference=105
]]></failure>
      <failure message="/home/cjxu/npp/test/unit/nppi/nppi_filtering_functions/test_nppi_filterBoxBorder.cpp:96&#x0A;Expected: (diff) &lt;= (tolerance), actual: &apos;\x84&apos; (132) vs &apos;\x2&apos; (2)&#x0A;Mismatch at index 44 result=0 reference=132&#x0A;" type=""><![CDATA[/home/cjxu/npp/test/unit/nppi/nppi_filtering_functions/test_nppi_filterBoxBorder.cpp:96
Expected: (diff) <= (tolerance), actual: '\x84' (132) vs '\x2' (2)
Mismatch at index 44 result=0 reference=132
]]></failure>
      <failure message="/home/cjxu/npp/test/unit/nppi/nppi_filtering_functions/test_nppi_filterBoxBorder.cpp:96&#x0A;Expected: (diff) &lt;= (tolerance), actual: &apos;\x9A&apos; (154) vs &apos;\x2&apos; (2)&#x0A;Mismatch at index 45 result=0 reference=154&#x0A;" type=""><![CDATA[/home/cjxu/npp/test/unit/nppi/nppi_filtering_functions/test_nppi_filterBoxBorder.cpp:96
Expected: (diff) <= (tolerance), actual: '\x9A' (154) vs '\x2' (2)
Mismatch at index 45 result=0 reference=154
]]></failure>
      <failure message="/home/cjxu/npp/test/unit/nppi/nppi_filtering_functions/test_nppi_filterBoxBorder.cpp:96&#x0A;Expected: (diff) &lt;= (tolerance), actual: &apos;p&apos; (112, 0x70) vs &apos;\x2&apos; (2)&#x0A;Mismatch at index 46 result=0 reference=112&#x0A;" type=""><![CDATA[/home/cjxu/npp/test/unit/nppi/nppi_filtering_functions/test_nppi_filterBoxBorder.cpp:96
Expected: (diff) <= (tolerance), actual: 'p' (112, 0x70) vs '\x2' (2)
Mismatch at index 46 result=0 reference=112
]]></failure>
      <failure message="/home/cjxu/npp/test/unit/nppi/nppi_filtering_functions/test_nppi_filterBoxBorder.cpp:96&#x0A;Expected: (diff) &lt;= (tolerance), actual: &apos;{&apos; (123, 0x7B) vs &apos;\x2&apos; (2)&#x0A;Mismatch at index 47 result=0 reference=123&#x0A;" type=""><![CDATA[/home/cjxu/npp/test/unit/nppi/nppi_filtering_functions/test_nppi_filterBoxBorder.cpp:96
Expected: (diff) <= (tolerance), actual: '{' (123, 0x7B) vs '\x2' (2)
Mismatch at index 47 result=0 reference=123
]]></failure>
      <failure message="/home/cjxu/npp/test/unit/nppi/nppi_filtering_functions/test_nppi_filterBoxBorder.cpp:96&#x0A;Expected: (diff) &lt;= (tolerance), actual: &apos;g&apos; (103, 0x67) vs &apos;\x2&apos; (2)&#x0A;Mismatch at index 48 result=0 reference=103&#x0A;" type=""><![CDATA[/home/cjxu/npp/test/unit/nppi/nppi_filtering_functions/test_nppi_filterBoxBorder.cpp:96
Expected: (diff) <= (tolerance), actual: 'g' (103, 0x67) vs '\x2' (2)
Mismatch at index 48 result=0 reference=103
]]></failure>
      <failure message="/home/cjxu/npp/test/unit/nppi/nppi_filtering_functions/test_nppi_filterBoxBorder.cpp:96&#x0A;Expected: (diff) &lt;= (tolerance), actual: &apos;{&apos; (123, 0x7B) vs &apos;\x2&apos; (2)&#x0A;Mismatch at index 49 result=0 reference=123&#x0A;" type=""><![CDATA[/home/cjxu/npp/test/unit/nppi/nppi_filtering_functions/test_nppi_filterBoxBorder.cpp:96
Expected: (diff) <= (tolerance), actual: '{' (123, 0x7B) vs '\x2' (2)
Mismatch at index 49 result=0 reference=123
]]></failure>
      <failure message="/home/cjxu/npp/test/unit/nppi/nppi_filtering_functions/test_nppi_filterBoxBorder.cpp:96&#x0A;Expected: (diff) &lt;= (tolerance), actual: &apos;j&apos; (106, 0x6A) vs &apos;\x2&apos; (2)&#x0A;Mismatch at index 50 result=0 reference=106&#x0A;" type=""><![CDATA[/home/cjxu/npp/test/unit/nppi/nppi_filtering_functions/test_nppi_filterBoxBorder.cpp:96
Expected: (diff) <= (tolerance), actual: 'j' (106, 0x6A) vs '\x2' (2)
Mismatch at index 50 result=0 reference=106
]]></failure>
      <failure message="/home/cjxu/npp/test/unit/nppi/nppi_filtering_functions/test_nppi_filterBoxBorder.cpp:96&#x0A;Expected: (diff) &lt;= (tolerance), actual: &apos;}&apos; (125, 0x7D) vs &apos;\x2&apos; (2)&#x0A;Mismatch at index 51 result=0 reference=125&#x0A;" type=""><![CDATA[/home/cjxu/npp/test/unit/nppi/nppi_filtering_functions/test_nppi_filterBoxBorder.cpp:96
Expected: (diff) <= (tolerance), actual: '}' (125, 0x7D) vs '\x2' (2)
Mismatch at index 51 result=0 reference=125
]]></failure>
      <failure message="/home/cjxu/npp/test/unit/nppi/nppi_filtering_functions/test_nppi_filterBoxBorder.cpp:96&#x0A;Expected: (diff) &lt;= (tolerance), actual: &apos;\x81&apos; (129) vs &apos;\x2&apos; (2)&#x0A;Mismatch at index 52 result=0 reference=129&#x0A;" type=""><![CDATA[/home/cjxu/npp/test/unit/nppi/nppi_filtering_functions/test_nppi_filterBoxBorder.cpp:96
Expected: (diff) <= (tolerance), actual: '\x81' (129) vs '\x2' (2)
Mismatch at index 52 result=0 reference=129
]]></failure>
      <failure message="/home/cjxu/npp/test/unit/nppi/nppi_filtering_functions/test_nppi_filterBoxBorder.cpp:96&#x0A;Expected: (diff) &lt;= (tolerance), actual: &apos;y&apos; (121, 0x79) vs &apos;\x2&apos; (2)&#x0A;Mismatch at index 53 result=0 reference=121&#x0A;" type=""><![CDATA[/home/cjxu/npp/test/unit/nppi/nppi_filtering_functions/test_nppi_filterBoxBorder.cpp:96
Expected: (diff) <= (tolerance), actual: 'y' (121, 0x79) vs '\x2' (2)
Mismatch at index 53 result=0 reference=121
]]></failure>
      <failure message="/home/cjxu/npp/test/unit/nppi/nppi_filtering_functions/test_nppi_filterBoxBorder.cpp:96&#x0A;Expected: (diff) &lt;= (tolerance), actual: &apos;\x86&apos; (134) vs &apos;\x2&apos; (2)&#x0A;Mismatch at index 54 result=0 reference=134&#x0A;" type=""><![CDATA[/home/cjxu/npp/test/unit/nppi/nppi_filtering_functions/test_nppi_filterBoxBorder.cpp:96
Expected: (diff) <= (tolerance), actual: '\x86' (134) vs '\x2' (2)
Mismatch at index 54 result=0 reference=134
]]></failure>
      <failure message="/home/cjxu/npp/test/unit/nppi/nppi_filtering_functions/test_nppi_filterBoxBorder.cpp:96&#x0A;Expected: (diff) &lt;= (tolerance), actual: &apos;\x85&apos; (133) vs &apos;\x2&apos; (2)&#x0A;Mismatch at index 55 result=0 reference=133&#x0A;" type=""><![CDATA[/home/cjxu/npp/test/unit/nppi/nppi_filtering_functions/test_nppi_filterBoxBorder.cpp:96
Expected: (diff) <= (tolerance), actual: '\x85' (133) vs '\x2' (2)
Mismatch at index 55 result=0 reference=133
]]></failure>
      <failure message="/home/cjxu/npp/test/unit/nppi/nppi_filtering_functions/test_nppi_filterBoxBorder.cpp:96&#x0A;Expected: (diff) &lt;= (tolerance), actual: &apos;N&apos; (78, 0x4E) vs &apos;\x2&apos; (2)&#x0A;Mismatch at index 56 result=0 reference=78&#x0A;" type=""><![CDATA[/home/cjxu/npp/test/unit/nppi/nppi_filtering_functions/test_nppi_filterBoxBorder.cpp:96
Expected: (diff) <= (tolerance), actual: 'N' (78, 0x4E) vs '\x2' (2)
Mismatch at index 56 result=0 reference=78
]]></failure>
      <failure message="/home/cjxu/npp/test/unit/nppi/nppi_filtering_functions/test_nppi_filterBoxBorder.cpp:96&#x0A;Expected: (diff) &lt;= (tolerance), actual: &apos;I&apos; (73, 0x49) vs &apos;\x2&apos; (2)&#x0A;Mismatch at index 57 result=0 reference=73&#x0A;" type=""><![CDATA[/home/cjxu/npp/test/unit/nppi/nppi_filtering_functions/test_nppi_filterBoxBorder.cpp:96
Expected: (diff) <= (tolerance), actual: 'I' (73, 0x49) vs '\x2' (2)
Mismatch at index 57 result=0 reference=73
]]></failure>
      <failure message="/home/cjxu/npp/test/unit/nppi/nppi_filtering_functions/test_nppi_filterBoxBorder.cpp:96&#x0A;Expected: (diff) &lt;= (tolerance), actual: &apos;a&apos; (97, 0x61) vs &apos;\x2&apos; (2)&#x0A;Mismatch at index 58 result=0 reference=97&#x0A;" type=""><![CDATA[/home/cjxu/npp/test/unit/nppi/nppi_filtering_functions/test_nppi_filterBoxBorder.cpp:96
Expected: (diff) <= (tolerance), actual: 'a' (97, 0x61) vs '\x2' (2)
Mismatch at index 58 result=0 reference=97
]]></failure>
      <failure message="/home/cjxu/npp/test/unit/nppi/nppi_filtering_functions/test_nppi_filterBoxBorder.cpp:96&#x0A;Expected: (diff) &lt;= (tolerance), actual: &apos;\x80&apos; (128) vs &apos;\x2&apos; (2)&#x0A;Mismatch at index 59 result=0 reference=128&#x0A;" type=""><![CDATA[/home/cjxu/npp/test/unit/nppi/nppi_filtering_functions/test_nppi_filterBoxBorder.cpp:96
Expected: (diff) <= (tolerance), actual: '\x80' (128) vs '\x2' (2)
Mismatch at index 59 result=0 reference=128
]]></failure>
      <failure message="/home/cjxu/npp/test/unit/nppi/nppi_filtering_functions/test_nppi_filterBoxBorder.cpp:96&#x0A;Expected: (diff) &lt;= (tolerance), actual: &apos;\x85&apos; (133) vs &apos;\x2&apos; (2)&#x0A;Mismatch at index 60 result=0 reference=133&#x0A;" type=""><![CDATA[/home/cjxu/npp/test/unit/nppi/nppi_filtering_functions/test_nppi_filterBoxBorder.cpp:96
Expected: (diff) <= (tolerance), actual: '\x85' (133) vs '\x2' (2)
Mismatch at index 60 result=0 reference=133
]]></failure>
      <failure message="/home/cjxu/npp/test/unit/nppi/nppi_filtering_functions/test_nppi_filterBoxBorder.cpp:96&#x0A;Expected: (diff) &lt;= (tolerance), actual: &apos;\x86&apos; (134) vs &apos;\x2&apos; (2)&#x0A;Mismatch at index 61 result=0 reference=134&#x0A;" type=""><![CDATA[/home/cjxu/npp/test/unit/nppi/nppi_filtering_functions/test_nppi_filterBoxBorder.cpp:96
Expected: (diff) <= (tolerance), actual: '\x86' (134) vs '\x2' (2)
Mismatch at index 61 result=0 reference=134
]]></failure>
      <failure message="/home/cjxu/npp/test/unit/nppi/nppi_filtering_functions/test_nppi_filterBoxBorder.cpp:96&#x0A;Expected: (diff) &lt;= (tolerance), actual: &apos;k&apos; (107, 0x6B) vs &apos;\x2&apos; (2)&#x0A;Mismatch at index 62 result=0 reference=107&#x0A;" type=""><![CDATA[/home/cjxu/npp/test/unit/nppi/nppi_filtering_functions/test_nppi_filterBoxBorder.cpp:96
Expected: (diff) <= (tolerance), actual: 'k' (107, 0x6B) vs '\x2' (2)
Mismatch at index 62 result=0 reference=107
]]></failure>
      <failure message="/home/cjxu/npp/test/unit/nppi/nppi_filtering_functions/test_nppi_filterBoxBorder.cpp:96&#x0A;Expected: (diff) &lt;= (tolerance), actual: &apos;x&apos; (120, 0x78) vs &apos;\x2&apos; (2)&#x0A;Mismatch at index 63 result=0 reference=120&#x0A;" type=""><![CDATA[/home/cjxu/npp/test/unit/nppi/nppi_filtering_functions/test_nppi_filterBoxBorder.cpp:96
Expected: (diff) <= (tolerance), actual: 'x' (120, 0x78) vs '\x2' (2)
Mismatch at index 63 result=0 reference=120
]]></failure>
      <failure message="/home/cjxu/npp/test/unit/nppi/nppi_filtering_functions/test_nppi_filterBoxBorder.cpp:96&#x0A;Expected: (diff) &lt;= (tolerance), actual: &apos;s&apos; (115, 0x73) vs &apos;\x2&apos; (2)&#x0A;Mismatch at index 64 result=0 reference=115&#x0A;" type=""><![CDATA[/home/cjxu/npp/test/unit/nppi/nppi_filtering_functions/test_nppi_filterBoxBorder.cpp:96
Expected: (diff) <= (tolerance), actual: 's' (115, 0x73) vs '\x2' (2)
Mismatch at index 64 result=0 reference=115
]]></failure>
      <failure message="/home/cjxu/npp/test/unit/nppi/nppi_filtering_functions/test_nppi_filterBoxBorder.cpp:96&#x0A;Expected: (diff) &lt;= (tolerance), actual: &apos;\x8D&apos; (141) vs &apos;\x2&apos; (2)&#x0A;Mismatch at index 65 result=0 reference=141&#x0A;" type=""><![CDATA[/home/cjxu/npp/test/unit/nppi/nppi_filtering_functions/test_nppi_filterBoxBorder.cpp:96
Expected: (diff) <= (tolerance), actual: '\x8D' (141) vs '\x2' (2)
Mismatch at index 65 result=0 reference=141
]]></failure>
      <failure message="/home/cjxu/npp/test/unit/nppi/nppi_filtering_functions/test_nppi_filterBoxBorder.cpp:96&#x0A;Expected: (diff) &lt;= (tolerance), actual: &apos;~&apos; (126, 0x7E) vs &apos;\x2&apos; (2)&#x0A;Mismatch at index 66 result=0 reference=126&#x0A;" type=""><![CDATA[/home/cjxu/npp/test/unit/nppi/nppi_filtering_functions/test_nppi_filterBoxBorder.cpp:96
Expected: (diff) <= (tolerance), actual: '~' (126, 0x7E) vs '\x2' (2)
Mismatch at index 66 result=0 reference=126
]]></failure>
      <failure message="/home/cjxu/npp/test/unit/nppi/nppi_filtering_functions/test_nppi_filterBoxBorder.cpp:96&#x0A;Expected: (diff) &lt;= (tolerance), actual: &apos;f&apos; (102, 0x66) vs &apos;\x2&apos; (2)&#x0A;Mismatch at index 67 result=0 reference=102&#x0A;" type=""><![CDATA[/home/cjxu/npp/test/unit/nppi/nppi_filtering_functions/test_nppi_filterBoxBorder.cpp:96
Expected: (diff) <= (tolerance), actual: 'f' (102, 0x66) vs '\x2' (2)
Mismatch at index 67 result=0 reference=102
]]></failure>
      <failure message="/home/cjxu/npp/test/unit/nppi/nppi_filtering_functions/test_nppi_filterBoxBorder.cpp:96&#x0A;Expected: (diff) &lt;= (tolerance), actual: &apos;w&apos; (119, 0x77) vs &apos;\x2&apos; (2)&#x0A;Mismatch at index 68 result=0 reference=119&#x0A;" type=""><![CDATA[/home/cjxu/npp/test/unit/nppi/nppi_filtering_functions/test_nppi_filterBoxBorder.cpp:96
Expected: (diff) <= (tolerance), actual: 'w' (119, 0x77) vs '\x2' (2)
Mismatch at index 68 result=0 reference=119
]]></failure>
      <failure message="/home/cjxu/npp/test/unit/nppi/nppi_filtering_functions/test_nppi_filterBoxBorder.cpp:96&#x0A;Expected: (diff) &lt;= (tolerance), actual: &apos;|&apos; (124, 0x7C) vs &apos;\x2&apos; (2)&#x0A;Mismatch at index 69 result=0 reference=124&#x0A;" type=""><![CDATA[/home/cjxu/npp/test/unit/nppi/nppi_filtering_functions/test_nppi_filterBoxBorder.cpp:96
Expected: (diff) <= (tolerance), actual: '|' (124, 0x7C) vs '\x2' (2)
Mismatch at index 69 result=0 reference=124
]]></failure>
      <failure message="/home/cjxu/npp/test/unit/nppi/nppi_filtering_functions/test_nppi_filterBoxBorder.cpp:96&#x0A;Expected: (diff) &lt;= (tolerance), actual: &apos;X&apos; (88, 0x58) vs &apos;\x2&apos; (2)&#x0A;Mismatch at index 70 result=0 reference=88&#x0A;" type=""><![CDATA[/home/cjxu/npp/test/unit/nppi/nppi_filtering_functions/test_nppi_filterBoxBorder.cpp:96
Expected: (diff) <= (tolerance), actual: 'X' (88, 0x58) vs '\x2' (2)
Mismatch at index 70 result=0 reference=88
]]></failure>
      <failure message="/home/cjxu/npp/test/unit/nppi/nppi_filtering_functions/test_nppi_filterBoxBorder.cpp:96&#x0A;Expected: (diff) &lt;= (tolerance), actual: &apos;P&apos; (80, 0x50) vs &apos;\x2&apos; (2)&#x0A;Mismatch at index 71 result=0 reference=80&#x0A;" type=""><![CDATA[/home/cjxu/npp/test/unit/nppi/nppi_filtering_functions/test_nppi_filterBoxBorder.cpp:96
Expected: (diff) <= (tolerance), actual: 'P' (80, 0x50) vs '\x2' (2)
Mismatch at index 71 result=0 reference=80
]]></failure>
      <failure message="/home/cjxu/npp/test/unit/nppi/nppi_filtering_functions/test_nppi_filterBoxBorder.cpp:96&#x0A;Expected: (diff) &lt;= (tolerance), actual: &apos;A&apos; (65, 0x41) vs &apos;\x2&apos; (2)&#x0A;Mismatch at index 72 result=0 reference=65&#x0A;" type=""><![CDATA[/home/cjxu/npp/test/unit/nppi/nppi_filtering_functions/test_nppi_filterBoxBorder.cpp:96
Expected: (diff) <= (tolerance), actual: 'A' (65, 0x41) vs '\x2' (2)
Mismatch at index 72 result=0 reference=65
]]></failure>
      <failure message="/home/cjxu/npp/test/unit/nppi/nppi_filtering_functions/test_nppi_filterBoxBorder.cpp:96&#x0A;Expected: (diff) &lt;= (tolerance), actual: &apos;W&apos; (87, 0x57) vs &apos;\x2&apos; (2)&#x0A;Mismatch at index 73 result=0 reference=87&#x0A;" type=""><![CDATA[/home/cjxu/npp/test/unit/nppi/nppi_filtering_functions/test_nppi_filterBoxBorder.cpp:96
Expected: (diff) <= (tolerance), actual: 'W' (87, 0x57) vs '\x2' (2)
Mismatch at index 73 result=0 reference=87
]]></failure>
      <failure message="/home/cjxu/npp/test/unit/nppi/nppi_filtering_functions/test_nppi_filterBoxBorder.cpp:96&#x0A;Expected: (diff) &lt;= (tolerance), actual: &apos;v&apos; (118, 0x76) vs &apos;\x2&apos; (2)&#x0A;Mismatch at index 74 result=0 reference=118&#x0A;" type=""><![CDATA[/home/cjxu/npp/test/unit/nppi/nppi_filtering_functions/test_nppi_filterBoxBorder.cpp:96
Expected: (diff) <= (tolerance), actual: 'v' (118, 0x76) vs '\x2' (2)
Mismatch at index 74 result=0 reference=118
]]></failure>
      <failure message="/home/cjxu/npp/test/unit/nppi/nppi_filtering_functions/test_nppi_filterBoxBorder.cpp:96&#x0A;Expected: (diff) &lt;= (tolerance), actual: &apos;\x8D&apos; (141) vs &apos;\x2&apos; (2)&#x0A;Mismatch at index 75 result=0 reference=141&#x0A;" type=""><![CDATA[/home/cjxu/npp/test/unit/nppi/nppi_filtering_functions/test_nppi_filterBoxBorder.cpp:96
Expected: (diff) <= (tolerance), actual: '\x8D' (141) vs '\x2' (2)
Mismatch at index 75 result=0 reference=141
]]></failure>
      <failure message="/home/cjxu/npp/test/unit/nppi/nppi_filtering_functions/test_nppi_filterBoxBorder.cpp:96&#x0A;Expected: (diff) &lt;= (tolerance), actual: &apos;}&apos; (125, 0x7D) vs &apos;\x2&apos; (2)&#x0A;Mismatch at index 76 result=0 reference=125&#x0A;" type=""><![CDATA[/home/cjxu/npp/test/unit/nppi/nppi_filtering_functions/test_nppi_filterBoxBorder.cpp:96
Expected: (diff) <= (tolerance), actual: '}' (125, 0x7D) vs '\x2' (2)
Mismatch at index 76 result=0 reference=125
]]></failure>
      <failure message="/home/cjxu/npp/test/unit/nppi/nppi_filtering_functions/test_nppi_filterBoxBorder.cpp:96&#x0A;Expected: (diff) &lt;= (tolerance), actual: &apos;n&apos; (110, 0x6E) vs &apos;\x2&apos; (2)&#x0A;Mismatch at index 77 result=0 reference=110&#x0A;" type=""><![CDATA[/home/cjxu/npp/test/unit/nppi/nppi_filtering_functions/test_nppi_filterBoxBorder.cpp:96
Expected: (diff) <= (tolerance), actual: 'n' (110, 0x6E) vs '\x2' (2)
Mismatch at index 77 result=0 reference=110
]]></failure>
      <failure message="/home/cjxu/npp/test/unit/nppi/nppi_filtering_functions/test_nppi_filterBoxBorder.cpp:96&#x0A;Expected: (diff) &lt;= (tolerance), actual: &apos;`&apos; (96, 0x60) vs &apos;\x2&apos; (2)&#x0A;Mismatch at index 78 result=0 reference=96&#x0A;" type=""><![CDATA[/home/cjxu/npp/test/unit/nppi/nppi_filtering_functions/test_nppi_filterBoxBorder.cpp:96
Expected: (diff) <= (tolerance), actual: '`' (96, 0x60) vs '\x2' (2)
Mismatch at index 78 result=0 reference=96
]]></failure>
      <failure message="/home/cjxu/npp/test/unit/nppi/nppi_filtering_functions/test_nppi_filterBoxBorder.cpp:96&#x0A;Expected: (diff) &lt;= (tolerance), actual: &apos;q&apos; (113, 0x71) vs &apos;\x2&apos; (2)&#x0A;Mismatch at index 79 result=0 reference=113&#x0A;" type=""><![CDATA[/home/cjxu/npp/test/unit/nppi/nppi_filtering_functions/test_nppi_filterBoxBorder.cpp:96
Expected: (diff) <= (tolerance), actual: 'q' (113, 0x71) vs '\x2' (2)
Mismatch at index 79 result=0 reference=113
]]></failure>
      <failure message="/home/cjxu/npp/test/unit/nppi/nppi_filtering_functions/test_nppi_filterBoxBorder.cpp:96&#x0A;Expected: (diff) &lt;= (tolerance), actual: &apos;v&apos; (118, 0x76) vs &apos;\x2&apos; (2)&#x0A;Mismatch at index 80 result=0 reference=118&#x0A;" type=""><![CDATA[/home/cjxu/npp/test/unit/nppi/nppi_filtering_functions/test_nppi_filterBoxBorder.cpp:96
Expected: (diff) <= (tolerance), actual: 'v' (118, 0x76) vs '\x2' (2)
Mismatch at index 80 result=0 reference=118
]]></failure>
      <failure message="/home/cjxu/npp/test/unit/nppi/nppi_filtering_functions/test_nppi_filterBoxBorder.cpp:96&#x0A;Expected: (diff) &lt;= (tolerance), actual: &apos;t&apos; (116, 0x74) vs &apos;\x2&apos; (2)&#x0A;Mismatch at index 81 result=0 reference=116&#x0A;" type=""><![CDATA[/home/cjxu/npp/test/unit/nppi/nppi_filtering_functions/test_nppi_filterBoxBorder.cpp:96
Expected: (diff) <= (tolerance), actual: 't' (116, 0x74) vs '\x2' (2)
Mismatch at index 81 result=0 reference=116
]]></failure>
      <failure message="/home/cjxu/npp/test/unit/nppi/nppi_filtering_functions/test_nppi_filterBoxBorder.cpp:96&#x0A;Expected: (diff) &lt;= (tolerance), actual: &apos;h&apos; (104, 0x68) vs &apos;\x2&apos; (2)&#x0A;Mismatch at index 82 result=0 reference=104&#x0A;" type=""><![CDATA[/home/cjxu/npp/test/unit/nppi/nppi_filtering_functions/test_nppi_filterBoxBorder.cpp:96
Expected: (diff) <= (tolerance), actual: 'h' (104, 0x68) vs '\x2' (2)
Mismatch at index 82 result=0 reference=104
]]></failure>
      <failure message="/home/cjxu/npp/test/unit/nppi/nppi_filtering_functions/test_nppi_filterBoxBorder.cpp:96&#x0A;Expected: (diff) &lt;= (tolerance), actual: &apos;^&apos; (94, 0x5E) vs &apos;\x2&apos; (2)&#x0A;Mismatch at index 83 result=0 reference=94&#x0A;" type=""><![CDATA[/home/cjxu/npp/test/unit/nppi/nppi_filtering_functions/test_nppi_filterBoxBorder.cpp:96
Expected: (diff) <= (tolerance), actual: '^' (94, 0x5E) vs '\x2' (2)
Mismatch at index 83 result=0 reference=94
]]></failure>
      <failure message="/home/cjxu/npp/test/unit/nppi/nppi_filtering_functions/test_nppi_filterBoxBorder.cpp:96&#x0A;Expected: (diff) &lt;= (tolerance), actual: &apos;6&apos; (54, 0x36) vs &apos;\x2&apos; (2)&#x0A;Mismatch at index 84 result=0 reference=54&#x0A;" type=""><![CDATA[/home/cjxu/npp/test/unit/nppi/nppi_filtering_functions/test_nppi_filterBoxBorder.cpp:96
Expected: (diff) <= (tolerance), actual: '6' (54, 0x36) vs '\x2' (2)
Mismatch at index 84 result=0 reference=54
]]></failure>
      <failure message="/home/cjxu/npp/test/unit/nppi/nppi_filtering_functions/test_nppi_filterBoxBorder.cpp:96&#x0A;Expected: (diff) &lt;= (tolerance), actual: &apos;@&apos; (64, 0x40) vs &apos;\x2&apos; (2)&#x0A;Mismatch at index 85 result=0 reference=64&#x0A;" type=""><![CDATA[/home/cjxu/npp/test/unit/nppi/nppi_filtering_functions/test_nppi_filterBoxBorder.cpp:96
Expected: (diff) <= (tolerance), actual: '@' (64, 0x40) vs '\x2' (2)
Mismatch at index 85 result=0 reference=64
]]></failure>
      <failure message="/home/cjxu/npp/test/unit/nppi/nppi_filtering_functions/test_nppi_filterBoxBorder.cpp:96&#x0A;Expected: (diff) &lt;= (tolerance), actual: &apos;8&apos; (56, 0x38) vs &apos;\x2&apos; (2)&#x0A;Mismatch at index 86 result=0 reference=56&#x0A;" type=""><![CDATA[/home/cjxu/npp/test/unit/nppi/nppi_filtering_functions/test_nppi_filterBoxBorder.cpp:96
Expected: (diff) <= (tolerance), actual: '8' (56, 0x38) vs '\x2' (2)
Mismatch at index 86 result=0 reference=56
]]></failure>
      <failure message="/home/cjxu/npp/test/unit/nppi/nppi_filtering_functions/test_nppi_filterBoxBorder.cpp:96&#x0A;Expected: (diff) &lt;= (tolerance), actual: &apos;J&apos; (74, 0x4A) vs &apos;\x2&apos; (2)&#x0A;Mismatch at index 87 result=0 reference=74&#x0A;" type=""><![CDATA[/home/cjxu/npp/test/unit/nppi/nppi_filtering_functions/test_nppi_filterBoxBorder.cpp:96
Expected: (diff) <= (tolerance), actual: 'J' (74, 0x4A) vs '\x2' (2)
Mismatch at index 87 result=0 reference=74
]]></failure>
      <failure message="/home/cjxu/npp/test/unit/nppi/nppi_filtering_functions/test_nppi_filterBoxBorder.cpp:96&#x0A;Expected: (diff) &lt;= (tolerance), actual: &apos;q&apos; (113, 0x71) vs &apos;\x2&apos; (2)&#x0A;Mismatch at index 88 result=0 reference=113&#x0A;" type=""><![CDATA[/home/cjxu/npp/test/unit/nppi/nppi_filtering_functions/test_nppi_filterBoxBorder.cpp:96
Expected: (diff) <= (tolerance), actual: 'q' (113, 0x71) vs '\x2' (2)
Mismatch at index 88 result=0 reference=113
]]></failure>
      <failure message="/home/cjxu/npp/test/unit/nppi/nppi_filtering_functions/test_nppi_filterBoxBorder.cpp:96&#x0A;Expected: (diff) &lt;= (tolerance), actual: &apos;\x88&apos; (136) vs &apos;\x2&apos; (2)&#x0A;Mismatch at index 89 result=0 reference=136&#x0A;" type=""><![CDATA[/home/cjxu/npp/test/unit/nppi/nppi_filtering_functions/test_nppi_filterBoxBorder.cpp:96
Expected: (diff) <= (tolerance), actual: '\x88' (136) vs '\x2' (2)
Mismatch at index 89 result=0 reference=136
]]></failure>
      <failure message="/home/cjxu/npp/test/unit/nppi/nppi_filtering_functions/test_nppi_filterBoxBorder.cpp:96&#x0A;Expected: (diff) &lt;= (tolerance), actual: &apos;\x89&apos; (137) vs &apos;\x2&apos; (2)&#x0A;Mismatch at index 90 result=0 reference=137&#x0A;" type=""><![CDATA[/home/cjxu/npp/test/unit/nppi/nppi_filtering_functions/test_nppi_filterBoxBorder.cpp:96
Expected: (diff) <= (tolerance), actual: '\x89' (137) vs '\x2' (2)
Mismatch at index 90 result=0 reference=137
]]></failure>
      <failure message="/home/cjxu/npp/test/unit/nppi/nppi_filtering_functions/test_nppi_filterBoxBorder.cpp:96&#x0A;Expected: (diff) &lt;= (tolerance), actual: &apos;s&apos; (115, 0x73) vs &apos;\x2&apos; (2)&#x0A;Mismatch at index 91 result=0 reference=115&#x0A;" type=""><![CDATA[/home/cjxu/npp/test/unit/nppi/nppi_filtering_functions/test_nppi_filterBoxBorder.cpp:96
Expected: (diff) <= (tolerance), actual: 's' (115, 0x73) vs '\x2' (2)
Mismatch at index 91 result=0 reference=115
]]></failure>
      <failure message="/home/cjxu/npp/test/unit/nppi/nppi_filtering_functions/test_nppi_filterBoxBorder.cpp:96&#x0A;Expected: (diff) &lt;= (tolerance), actual: &apos;j&apos; (106, 0x6A) vs &apos;\x2&apos; (2)&#x0A;Mismatch at index 92 result=0 reference=106&#x0A;" type=""><![CDATA[/home/cjxu/npp/test/unit/nppi/nppi_filtering_functions/test_nppi_filterBoxBorder.cpp:96
Expected: (diff) <= (tolerance), actual: 'j' (106, 0x6A) vs '\x2' (2)
Mismatch at index 92 result=0 reference=106
]]></failure>
      <failure message="/home/cjxu/npp/test/unit/nppi/nppi_filtering_functions/test_nppi_filterBoxBorder.cpp:96&#x0A;Expected: (diff) &lt;= (tolerance), actual: &apos;y&apos; (121, 0x79) vs &apos;\x2&apos; (2)&#x0A;Mismatch at index 93 result=0 reference=121&#x0A;" type=""><![CDATA[/home/cjxu/npp/test/unit/nppi/nppi_filtering_functions/test_nppi_filterBoxBorder.cpp:96
Expected: (diff) <= (tolerance), actual: 'y' (121, 0x79) vs '\x2' (2)
Mismatch at index 93 result=0 reference=121
]]></failure>
      <failure message="/home/cjxu/npp/test/unit/nppi/nppi_filtering_functions/test_nppi_filterBoxBorder.cpp:96&#x0A;Expected: (diff) &lt;= (tolerance), actual: &apos;\x85&apos; (133) vs &apos;\x2&apos; (2)&#x0A;Mismatch at index 94 result=0 reference=133&#x0A;" type=""><![CDATA[/home/cjxu/npp/test/unit/nppi/nppi_filtering_functions/test_nppi_filterBoxBorder.cpp:96
Expected: (diff) <= (tolerance), actual: '\x85' (133) vs '\x2' (2)
Mismatch at index 94 result=0 reference=133
]]></failure>
      <failure message="/home/cjxu/npp/test/unit/nppi/nppi_filtering_functions/test_nppi_filterBoxBorder.cpp:96&#x0A;Expected: (diff) &lt;= (tolerance), actual: &apos;\x8D&apos; (141) vs &apos;\x2&apos; (2)&#x0A;Mismatch at index 95 result=0 reference=141&#x0A;" type=""><![CDATA[/home/cjxu/npp/test/unit/nppi/nppi_filtering_functions/test_nppi_filterBoxBorder.cpp:96
Expected: (diff) <= (tolerance), actual: '\x8D' (141) vs '\x2' (2)
Mismatch at index 95 result=0 reference=141
]]></failure>
      <failure message="/home/cjxu/npp/test/unit/nppi/nppi_filtering_functions/test_nppi_filterBoxBorder.cpp:96&#x0A;Expected: (diff) &lt;= (tolerance), actual: &apos;\x84&apos; (132) vs &apos;\x2&apos; (2)&#x0A;Mismatch at index 96 result=0 reference=132&#x0A;" type=""><![CDATA[/home/cjxu/npp/test/unit/nppi/nppi_filtering_functions/test_nppi_filterBoxBorder.cpp:96
Expected: (diff) <= (tolerance), actual: '\x84' (132) vs '\x2' (2)
Mismatch at index 96 result=0 reference=132
]]></failure>
      <failure message="/home/cjxu/npp/test/unit/nppi/nppi_filtering_functions/test_nppi_filterBoxBorder.cpp:96&#x0A;Expected: (diff) &lt;= (tolerance), actual: &apos;\x89&apos; (137) vs &apos;\x2&apos; (2)&#x0A;Mismatch at index 97 result=0 reference=137&#x0A;" type=""><![CDATA[/home/cjxu/npp/test/unit/nppi/nppi_filtering_functions/test_nppi_filterBoxBorder.cpp:96
Expected: (diff) <= (tolerance), actual: '\x89' (137) vs '\x2' (2)
Mismatch at index 97 result=0 reference=137
]]></failure>
      <failure message="/home/cjxu/npp/test/unit/nppi/nppi_filtering_functions/test_nppi_filterBoxBorder.cpp:96&#x0A;Expected: (diff) &lt;= (tolerance), actual: &apos;g&apos; (103, 0x67) vs &apos;\x2&apos; (2)&#x0A;Mismatch at index 98 result=0 reference=103&#x0A;" type=""><![CDATA[/home/cjxu/npp/test/unit/nppi/nppi_filtering_functions/test_nppi_filterBoxBorder.cpp:96
Expected: (diff) <= (tolerance), actual: 'g' (103, 0x67) vs '\x2' (2)
Mismatch at index 98 result=0 reference=103
]]></failure>
      <failure message="/home/cjxu/npp/test/unit/nppi/nppi_filtering_functions/test_nppi_filterBoxBorder.cpp:96&#x0A;Expected: (diff) &lt;= (tolerance), actual: &apos;v&apos; (118, 0x76) vs &apos;\x2&apos; (2)&#x0A;Mismatch at index 99 result=0 reference=118&#x0A;" type=""><![CDATA[/home/cjxu/npp/test/unit/nppi/nppi_filtering_functions/test_nppi_filterBoxBorder.cpp:96
Expected: (diff) <= (tolerance), actual: 'v' (118, 0x76) vs '\x2' (2)
Mismatch at index 99 result=0 reference=118
]]></failure>
      <failure message="/home/cjxu/npp/test/unit/nppi/nppi_filtering_functions/test_nppi_filterBoxBorder.cpp:96&#x0A;Expected: (diff) &lt;= (tolerance), actual: &apos;m&apos; (109, 0x6D) vs &apos;\x2&apos; (2)&#x0A;Mismatch at index 100 result=0 reference=109&#x0A;" type=""><![CDATA[/home/cjxu/npp/test/unit/nppi/nppi_filtering_functions/test_nppi_filterBoxBorder.cpp:96
Expected: (diff) <= (tolerance), actual: 'm' (109, 0x6D) vs '\x2' (2)
Mismatch at index 100 result=0 reference=109
]]></failure>
      <failure message="/home/cjxu/npp/test/unit/nppi/nppi_filtering_functions/test_nppi_filterBoxBorder.cpp:96&#x0A;Expected: (diff) &lt;= (tolerance), actual: &apos;l&apos; (108, 0x6C) vs &apos;\x2&apos; (2)&#x0A;Mismatch at index 101 result=0 reference=108&#x0A;" type=""><![CDATA[/home/cjxu/npp/test/unit/nppi/nppi_filtering_functions/test_nppi_filterBoxBorder.cpp:96
Expected: (diff) <= (tolerance), actual: 'l' (108, 0x6C) vs '\x2' (2)
Mismatch at index 101 result=0 reference=108
]]></failure>
      <failure message="/home/cjxu/npp/test/unit/nppi/nppi_filtering_functions/test_nppi_filterBoxBorder.cpp:96&#x0A;Expected: (diff) &lt;= (tolerance), actual: &apos;u&apos; (117, 0x75) vs &apos;\x2&apos; (2)&#x0A;Mismatch at index 102 result=0 reference=117&#x0A;" type=""><![CDATA[/home/cjxu/npp/test/unit/nppi/nppi_filtering_functions/test_nppi_filterBoxBorder.cpp:96
Expected: (diff) <= (tolerance), actual: 'u' (117, 0x75) vs '\x2' (2)
Mismatch at index 102 result=0 reference=117
]]></failure>
      <failure message="/home/cjxu/npp/test/unit/nppi/nppi_filtering_functions/test_nppi_filterBoxBorder.cpp:96&#x0A;Expected: (diff) &lt;= (tolerance), actual: &apos;y&apos; (121, 0x79) vs &apos;\x2&apos; (2)&#x0A;Mismatch at index 103 result=0 reference=121&#x0A;" type=""><![CDATA[/home/cjxu/npp/test/unit/nppi/nppi_filtering_functions/test_nppi_filterBoxBorder.cpp:96
Expected: (diff) <= (tolerance), actual: 'y' (121, 0x79) vs '\x2' (2)
Mismatch at index 103 result=0 reference=121
]]></failure>
      <failure message="/home/cjxu/npp/test/unit/nppi/nppi_filtering_functions/test_nppi_filterBoxBorder.cpp:96&#x0A;Expected: (diff) &lt;= (tolerance), actual: &apos;\x85&apos; (133) vs &apos;\x2&apos; (2)&#x0A;Mismatch at index 104 result=0 reference=133&#x0A;" type=""><![CDATA[/home/cjxu/npp/test/unit/nppi/nppi_filtering_functions/test_nppi_filterBoxBorder.cpp:96
Expected: (diff) <= (tolerance), actual: '\x85' (133) vs '\x2' (2)
Mismatch at index 104 result=0 reference=133
]]></failure>
      <failure message="/home/cjxu/npp/test/unit/nppi/nppi_filtering_functions/test_nppi_filterBoxBorder.cpp:96&#x0A;Expected: (diff) &lt;= (tolerance), actual: &apos;\x80&apos; (128) vs &apos;\x2&apos; (2)&#x0A;Mismatch at index 105 result=0 reference=128&#x0A;" type=""><![CDATA[/home/cjxu/npp/test/unit/nppi/nppi_filtering_functions/test_nppi_filterBoxBorder.cpp:96
Expected: (diff) <= (tolerance), actual: '\x80' (128) vs '\x2' (2)
Mismatch at index 105 result=0 reference=128
]]></failure>
      <failure message="/home/cjxu/npp/test/unit/nppi/nppi_filtering_functions/test_nppi_filterBoxBorder.cpp:96&#x0A;Expected: (diff) &lt;= (tolerance), actual: &apos;\x95&apos; (149) vs &apos;\x2&apos; (2)&#x0A;Mismatch at index 106 result=0 reference=149&#x0A;" type=""><![CDATA[/home/cjxu/npp/test/unit/nppi/nppi_filtering_functions/test_nppi_filterBoxBorder.cpp:96
Expected: (diff) <= (tolerance), actual: '\x95' (149) vs '\x2' (2)
Mismatch at index 106 result=0 reference=149
]]></failure>
      <failure message="/home/cjxu/npp/test/unit/nppi/nppi_filtering_functions/test_nppi_filterBoxBorder.cpp:96&#x0A;Expected: (diff) &lt;= (tolerance), actual: &apos;\x8A&apos; (138) vs &apos;\x2&apos; (2)&#x0A;Mismatch at index 107 result=0 reference=138&#x0A;" type=""><![CDATA[/home/cjxu/npp/test/unit/nppi/nppi_filtering_functions/test_nppi_filterBoxBorder.cpp:96
Expected: (diff) <= (tolerance), actual: '\x8A' (138) vs '\x2' (2)
Mismatch at index 107 result=0 reference=138
]]></failure>
      <failure message="/home/cjxu/npp/test/unit/nppi/nppi_filtering_functions/test_nppi_filterBoxBorder.cpp:96&#x0A;Expected: (diff) &lt;= (tolerance), actual: &apos;\x83&apos; (131) vs &apos;\x2&apos; (2)&#x0A;Mismatch at index 108 result=0 reference=131&#x0A;" type=""><![CDATA[/home/cjxu/npp/test/unit/nppi/nppi_filtering_functions/test_nppi_filterBoxBorder.cpp:96
Expected: (diff) <= (tolerance), actual: '\x83' (131) vs '\x2' (2)
Mismatch at index 108 result=0 reference=131
]]></failure>
      <failure message="/home/cjxu/npp/test/unit/nppi/nppi_filtering_functions/test_nppi_filterBoxBorder.cpp:96&#x0A;Expected: (diff) &lt;= (tolerance), actual: &apos;\x8C&apos; (140) vs &apos;\x2&apos; (2)&#x0A;Mismatch at index 109 result=0 reference=140&#x0A;" type=""><![CDATA[/home/cjxu/npp/test/unit/nppi/nppi_filtering_functions/test_nppi_filterBoxBorder.cpp:96
Expected: (diff) <= (tolerance), actual: '\x8C' (140) vs '\x2' (2)
Mismatch at index 109 result=0 reference=140
]]></failure>
      <failure message="/home/cjxu/npp/test/unit/nppi/nppi_filtering_functions/test_nppi_filterBoxBorder.cpp:96&#x0A;Expected: (diff) &lt;= (tolerance), actual: &apos;w&apos; (119, 0x77) vs &apos;\x2&apos; (2)&#x0A;Mismatch at index 110 result=0 reference=119&#x0A;" type=""><![CDATA[/home/cjxu/npp/test/unit/nppi/nppi_filtering_functions/test_nppi_filterBoxBorder.cpp:96
Expected: (diff) <= (tolerance), actual: 'w' (119, 0x77) vs '\x2' (2)
Mismatch at index 110 result=0 reference=119
]]></failure>
      <failure message="/home/cjxu/npp/test/unit/nppi/nppi_filtering_functions/test_nppi_filterBoxBorder.cpp:96&#x0A;Expected: (diff) &lt;= (tolerance), actual: &apos;~&apos; (126, 0x7E) vs &apos;\x2&apos; (2)&#x0A;Mismatch at index 111 result=0 reference=126&#x0A;" type=""><![CDATA[/home/cjxu/npp/test/unit/nppi/nppi_filtering_functions/test_nppi_filterBoxBorder.cpp:96
Expected: (diff) <= (tolerance), actual: '~' (126, 0x7E) vs '\x2' (2)
Mismatch at index 111 result=0 reference=126
]]></failure>
      <failure message="/home/cjxu/npp/test/unit/nppi/nppi_filtering_functions/test_nppi_filterBoxBorder.cpp:96&#x0A;Expected: (diff) &lt;= (tolerance), actual: &apos;\x85&apos; (133) vs &apos;\x2&apos; (2)&#x0A;Mismatch at index 112 result=0 reference=133&#x0A;" type=""><![CDATA[/home/cjxu/npp/test/unit/nppi/nppi_filtering_functions/test_nppi_filterBoxBorder.cpp:96
Expected: (diff) <= (tolerance), actual: '\x85' (133) vs '\x2' (2)
Mismatch at index 112 result=0 reference=133
]]></failure>
      <failure message="/home/cjxu/npp/test/unit/nppi/nppi_filtering_functions/test_nppi_filterBoxBorder.cpp:96&#x0A;Expected: (diff) &lt;= (tolerance), actual: &apos;}&apos; (125, 0x7D) vs &apos;\x2&apos; (2)&#x0A;Mismatch at index 113 result=0 reference=125&#x0A;" type=""><![CDATA[/home/cjxu/npp/test/unit/nppi/nppi_filtering_functions/test_nppi_filterBoxBorder.cpp:96
Expected: (diff) <= (tolerance), actual: '}' (125, 0x7D) vs '\x2' (2)
Mismatch at index 113 result=0 reference=125
]]></failure>
      <failure message="/home/cjxu/npp/test/unit/nppi/nppi_filtering_functions/test_nppi_filterBoxBorder.cpp:96&#x0A;Expected: (diff) &lt;= (tolerance), actual: &apos;\x86&apos; (134) vs &apos;\x2&apos; (2)&#x0A;Mismatch at index 114 result=0 reference=134&#x0A;" type=""><![CDATA[/home/cjxu/npp/test/unit/nppi/nppi_filtering_functions/test_nppi_filterBoxBorder.cpp:96
Expected: (diff) <= (tolerance), actual: '\x86' (134) vs '\x2' (2)
Mismatch at index 114 result=0 reference=134
]]></failure>
      <failure message="/home/cjxu/npp/test/unit/nppi/nppi_filtering_functions/test_nppi_filterBoxBorder.cpp:96&#x0A;Expected: (diff) &lt;= (tolerance), actual: &apos;\x85&apos; (133) vs &apos;\x2&apos; (2)&#x0A;Mismatch at index 115 result=0 reference=133&#x0A;" type=""><![CDATA[/home/cjxu/npp/test/unit/nppi/nppi_filtering_functions/test_nppi_filterBoxBorder.cpp:96
Expected: (diff) <= (tolerance), actual: '\x85' (133) vs '\x2' (2)
Mismatch at index 115 result=0 reference=133
]]></failure>
      <failure message="/home/cjxu/npp/test/unit/nppi/nppi_filtering_functions/test_nppi_filterBoxBorder.cpp:96&#x0A;Expected: (diff) &lt;= (tolerance), actual: &apos;\x94&apos; (148) vs &apos;\x2&apos; (2)&#x0A;Mismatch at index 116 result=0 reference=148&#x0A;" type=""><![CDATA[/home/cjxu/npp/test/unit/nppi/nppi_filtering_functions/test_nppi_filterBoxBorder.cpp:96
Expected: (diff) <= (tolerance), actual: '\x94' (148) vs '\x2' (2)
Mismatch at index 116 result=0 reference=148
]]></failure>
      <failure message="/home/cjxu/npp/test/unit/nppi/nppi_filtering_functions/test_nppi_filterBoxBorder.cpp:96&#x0A;Expected: (diff) &lt;= (tolerance), actual: &apos;\x81&apos; (129) vs &apos;\x2&apos; (2)&#x0A;Mismatch at index 117 result=0 reference=129&#x0A;" type=""><![CDATA[/home/cjxu/npp/test/unit/nppi/nppi_filtering_functions/test_nppi_filterBoxBorder.cpp:96
Expected: (diff) <= (tolerance), actual: '\x81' (129) vs '\x2' (2)
Mismatch at index 117 result=0 reference=129
]]></failure>
      <failure message="/home/cjxu/npp/test/unit/nppi/nppi_filtering_functions/test_nppi_filterBoxBorder.cpp:96&#x0A;Expected: (diff) &lt;= (tolerance), actual: &apos;\x87&apos; (135) vs &apos;\x2&apos; (2)&#x0A;Mismatch at index 118 result=0 reference=135&#x0A;" type=""><![CDATA[/home/cjxu/npp/test/unit/nppi/nppi_filtering_functions/test_nppi_filterBoxBorder.cpp:96
Expected: (diff) <= (tolerance), actual: '\x87' (135) vs '\x2' (2)
Mismatch at index 118 result=0 reference=135
]]></failure>
      <failure message="/home/cjxu/npp/test/unit/nppi/nppi_filtering_functions/test_nppi_filterBoxBorder.cpp:96&#x0A;Expected: (diff) &lt;= (tolerance), actual: &apos;\x8D&apos; (141) vs &apos;\x2&apos; (2)&#x0A;Mismatch at index 119 result=0 reference=141&#x0A;" type=""><![CDATA[/home/cjxu/npp/test/unit/nppi/nppi_filtering_functions/test_nppi_filterBoxBorder.cpp:96
Expected: (diff) <= (tolerance), actual: '\x8D' (141) vs '\x2' (2)
Mismatch at index 119 result=0 reference=141
]]></failure>
      <failure message="/home/cjxu/npp/test/unit/nppi/nppi_filtering_functions/test_nppi_filterBoxBorder.cpp:96&#x0A;Expected: (diff) &lt;= (tolerance), actual: &apos;\xA6&apos; (166) vs &apos;\x2&apos; (2)&#x0A;Mismatch at index 120 result=0 reference=166&#x0A;" type=""><![CDATA[/home/cjxu/npp/test/unit/nppi/nppi_filtering_functions/test_nppi_filterBoxBorder.cpp:96
Expected: (diff) <= (tolerance), actual: '\xA6' (166) vs '\x2' (2)
Mismatch at index 120 result=0 reference=166
]]></failure>
      <failure message="/home/cjxu/npp/test/unit/nppi/nppi_filtering_functions/test_nppi_filterBoxBorder.cpp:96&#x0A;Expected: (diff) &lt;= (tolerance), actual: &apos;\x9A&apos; (154) vs &apos;\x2&apos; (2)&#x0A;Mismatch at index 121 result=0 reference=154&#x0A;" type=""><![CDATA[/home/cjxu/npp/test/unit/nppi/nppi_filtering_functions/test_nppi_filterBoxBorder.cpp:96
Expected: (diff) <= (tolerance), actual: '\x9A' (154) vs '\x2' (2)
Mismatch at index 121 result=0 reference=154
]]></failure>
      <failure message="/home/cjxu/npp/test/unit/nppi/nppi_filtering_functions/test_nppi_filterBoxBorder.cpp:96&#x0A;Expected: (diff) &lt;= (tolerance), actual: &apos;\x8C&apos; (140) vs &apos;\x2&apos; (2)&#x0A;Mismatch at index 122 result=0 reference=140&#x0A;" type=""><![CDATA[/home/cjxu/npp/test/unit/nppi/nppi_filtering_functions/test_nppi_filterBoxBorder.cpp:96
Expected: (diff) <= (tolerance), actual: '\x8C' (140) vs '\x2' (2)
Mismatch at index 122 result=0 reference=140
]]></failure>
      <failure message="/home/cjxu/npp/test/unit/nppi/nppi_filtering_functions/test_nppi_filterBoxBorder.cpp:96&#x0A;Expected: (diff) &lt;= (tolerance), actual: &apos;\x80&apos; (128) vs &apos;\x2&apos; (2)&#x0A;Mismatch at index 123 result=0 reference=128&#x0A;" type=""><![CDATA[/home/cjxu/npp/test/unit/nppi/nppi_filtering_functions/test_nppi_filterBoxBorder.cpp:96
Expected: (diff) <= (tolerance), actual: '\x80' (128) vs '\x2' (2)
Mismatch at index 123 result=0 reference=128
]]></failure>
      <failure message="/home/cjxu/npp/test/unit/nppi/nppi_filtering_functions/test_nppi_filterBoxBorder.cpp:96&#x0A;Expected: (diff) &lt;= (tolerance), actual: &apos;y&apos; (121, 0x79) vs &apos;\x2&apos; (2)&#x0A;Mismatch at index 124 result=0 reference=121&#x0A;" type=""><![CDATA[/home/cjxu/npp/test/unit/nppi/nppi_filtering_functions/test_nppi_filterBoxBorder.cpp:96
Expected: (diff) <= (tolerance), actual: 'y' (121, 0x79) vs '\x2' (2)
Mismatch at index 124 result=0 reference=121
]]></failure>
      <failure message="/home/cjxu/npp/test/unit/nppi/nppi_filtering_functions/test_nppi_filterBoxBorder.cpp:96&#x0A;Expected: (diff) &lt;= (tolerance), actual: &apos;\x87&apos; (135) vs &apos;\x2&apos; (2)&#x0A;Mismatch at index 125 result=0 reference=135&#x0A;" type=""><![CDATA[/home/cjxu/npp/test/unit/nppi/nppi_filtering_functions/test_nppi_filterBoxBorder.cpp:96
Expected: (diff) <= (tolerance), actual: '\x87' (135) vs '\x2' (2)
Mismatch at index 125 result=0 reference=135
]]></failure>
      <failure message="/home/cjxu/npp/test/unit/nppi/nppi_filtering_functions/test_nppi_filterBoxBorder.cpp:96&#x0A;Expected: (diff) &lt;= (tolerance), actual: &apos;\xA9&apos; (169) vs &apos;\x2&apos; (2)&#x0A;Mismatch at index 126 result=0 reference=169&#x0A;" type=""><![CDATA[/home/cjxu/npp/test/unit/nppi/nppi_filtering_functions/test_nppi_filterBoxBorder.cpp:96
Expected: (diff) <= (tolerance), actual: '\xA9' (169) vs '\x2' (2)
Mismatch at index 126 result=0 reference=169
]]></failure>
      <failure message="/home/cjxu/npp/test/unit/nppi/nppi_filtering_functions/test_nppi_filterBoxBorder.cpp:96&#x0A;Expected: (diff) &lt;= (tolerance), actual: &apos;\x91&apos; (145) vs &apos;\x2&apos; (2)&#x0A;Mismatch at index 127 result=0 reference=145&#x0A;" type=""><![CDATA[/home/cjxu/npp/test/unit/nppi/nppi_filtering_functions/test_nppi_filterBoxBorder.cpp:96
Expected: (diff) <= (tolerance), actual: '\x91' (145) vs '\x2' (2)
Mismatch at index 127 result=0 reference=145
]]></failure>
      <failure message="/home/cjxu/npp/test/unit/nppi/nppi_filtering_functions/test_nppi_filterBoxBorder.cpp:96&#x0A;Expected: (diff) &lt;= (tolerance), actual: &apos;\x86&apos; (134) vs &apos;\x2&apos; (2)&#x0A;Mismatch at index 128 result=0 reference=134&#x0A;" type=""><![CDATA[/home/cjxu/npp/test/unit/nppi/nppi_filtering_functions/test_nppi_filterBoxBorder.cpp:96
Expected: (diff) <= (tolerance), actual: '\x86' (134) vs '\x2' (2)
Mismatch at index 128 result=0 reference=134
]]></failure>
      <failure message="/home/cjxu/npp/test/unit/nppi/nppi_filtering_functions/test_nppi_filterBoxBorder.cpp:96&#x0A;Expected: (diff) &lt;= (tolerance), actual: &apos;\x90&apos; (144) vs &apos;\x2&apos; (2)&#x0A;Mismatch at index 129 result=0 reference=144&#x0A;" type=""><![CDATA[/home/cjxu/npp/test/unit/nppi/nppi_filtering_functions/test_nppi_filterBoxBorder.cpp:96
Expected: (diff) <= (tolerance), actual: '\x90' (144) vs '\x2' (2)
Mismatch at index 129 result=0 reference=144
]]></failure>
      <failure message="/home/cjxu/npp/test/unit/nppi/nppi_filtering_functions/test_nppi_filterBoxBorder.cpp:96&#x0A;Expected: (diff) &lt;= (tolerance), actual: &apos;\x99&apos; (153) vs &apos;\x2&apos; (2)&#x0A;Mismatch at index 130 result=0 reference=153&#x0A;" type=""><![CDATA[/home/cjxu/npp/test/unit/nppi/nppi_filtering_functions/test_nppi_filterBoxBorder.cpp:96
Expected: (diff) <= (tolerance), actual: '\x99' (153) vs '\x2' (2)
Mismatch at index 130 result=0 reference=153
]]></failure>
      <failure message="/home/cjxu/npp/test/unit/nppi/nppi_filtering_functions/test_nppi_filterBoxBorder.cpp:96&#x0A;Expected: (diff) &lt;= (tolerance), actual: &apos;\x9A&apos; (154) vs &apos;\x2&apos; (2)&#x0A;Mismatch at index 131 result=0 reference=154&#x0A;" type=""><![CDATA[/home/cjxu/npp/test/unit/nppi/nppi_filtering_functions/test_nppi_filterBoxBorder.cpp:96
Expected: (diff) <= (tolerance), actual: '\x9A' (154) vs '\x2' (2)
Mismatch at index 131 result=0 reference=154
]]></failure>
      <failure message="/home/cjxu/npp/test/unit/nppi/nppi_filtering_functions/test_nppi_filterBoxBorder.cpp:96&#x0A;Expected: (diff) &lt;= (tolerance), actual: &apos;\x82&apos; (130) vs &apos;\x2&apos; (2)&#x0A;Mismatch at index 132 result=0 reference=130&#x0A;" type=""><![CDATA[/home/cjxu/npp/test/unit/nppi/nppi_filtering_functions/test_nppi_filterBoxBorder.cpp:96
Expected: (diff) <= (tolerance), actual: '\x82' (130) vs '\x2' (2)
Mismatch at index 132 result=0 reference=130
]]></failure>
      <failure message="/home/cjxu/npp/test/unit/nppi/nppi_filtering_functions/test_nppi_filterBoxBorder.cpp:96&#x0A;Expected: (diff) &lt;= (tolerance), actual: &apos;\x84&apos; (132) vs &apos;\x2&apos; (2)&#x0A;Mismatch at index 133 result=0 reference=132&#x0A;" type=""><![CDATA[/home/cjxu/npp/test/unit/nppi/nppi_filtering_functions/test_nppi_filterBoxBorder.cpp:96
Expected: (diff) <= (tolerance), actual: '\x84' (132) vs '\x2' (2)
Mismatch at index 133 result=0 reference=132
]]></failure>
      <failure message="/home/cjxu/npp/test/unit/nppi/nppi_filtering_functions/test_nppi_filterBoxBorder.cpp:96&#x0A;Expected: (diff) &lt;= (tolerance), actual: &apos;\x97&apos; (151) vs &apos;\x2&apos; (2)&#x0A;Mismatch at index 134 result=0 reference=151&#x0A;" type=""><![CDATA[/home/cjxu/npp/test/unit/nppi/nppi_filtering_functions/test_nppi_filterBoxBorder.cpp:96
Expected: (diff) <= (tolerance), actual: '\x97' (151) vs '\x2' (2)
Mismatch at index 134 result=0 reference=151
]]></failure>
      <failure message="/home/cjxu/npp/test/unit/nppi/nppi_filtering_functions/test_nppi_filterBoxBorder.cpp:96&#x0A;Expected: (diff) &lt;= (tolerance), actual: &apos;\x94&apos; (148) vs &apos;\x2&apos; (2)&#x0A;Mismatch at index 135 result=0 reference=148&#x0A;" type=""><![CDATA[/home/cjxu/npp/test/unit/nppi/nppi_filtering_functions/test_nppi_filterBoxBorder.cpp:96
Expected: (diff) <= (tolerance), actual: '\x94' (148) vs '\x2' (2)
Mismatch at index 135 result=0 reference=148
]]></failure>
      <failure message="/home/cjxu/npp/test/unit/nppi/nppi_filtering_functions/test_nppi_filterBoxBorder.cpp:96&#x0A;Expected: (diff) &lt;= (tolerance), actual: &apos;\x83&apos; (131) vs &apos;\x2&apos; (2)&#x0A;Mismatch at index 136 result=0 reference=131&#x0A;" type=""><![CDATA[/home/cjxu/npp/test/unit/nppi/nppi_filtering_functions/test_nppi_filterBoxBorder.cpp:96
Expected: (diff) <= (tolerance), actual: '\x83' (131) vs '\x2' (2)
Mismatch at index 136 result=0 reference=131
]]></failure>
      <failure message="/home/cjxu/npp/test/unit/nppi/nppi_filtering_functions/test_nppi_filterBoxBorder.cpp:96&#x0A;Expected: (diff) &lt;= (tolerance), actual: &apos;d&apos; (100, 0x64) vs &apos;\x2&apos; (2)&#x0A;Mismatch at index 137 result=0 reference=100&#x0A;" type=""><![CDATA[/home/cjxu/npp/test/unit/nppi/nppi_filtering_functions/test_nppi_filterBoxBorder.cpp:96
Expected: (diff) <= (tolerance), actual: 'd' (100, 0x64) vs '\x2' (2)
Mismatch at index 137 result=0 reference=100
]]></failure>
      <failure message="/home/cjxu/npp/test/unit/nppi/nppi_filtering_functions/test_nppi_filterBoxBorder.cpp:96&#x0A;Expected: (diff) &lt;= (tolerance), actual: &apos;h&apos; (104, 0x68) vs &apos;\x2&apos; (2)&#x0A;Mismatch at index 138 result=0 reference=104&#x0A;" type=""><![CDATA[/home/cjxu/npp/test/unit/nppi/nppi_filtering_functions/test_nppi_filterBoxBorder.cpp:96
Expected: (diff) <= (tolerance), actual: 'h' (104, 0x68) vs '\x2' (2)
Mismatch at index 138 result=0 reference=104
]]></failure>
      <failure message="/home/cjxu/npp/test/unit/nppi/nppi_filtering_functions/test_nppi_filterBoxBorder.cpp:96&#x0A;Expected: (diff) &lt;= (tolerance), actual: &apos;r&apos; (114, 0x72) vs &apos;\x2&apos; (2)&#x0A;Mismatch at index 139 result=0 reference=114&#x0A;" type=""><![CDATA[/home/cjxu/npp/test/unit/nppi/nppi_filtering_functions/test_nppi_filterBoxBorder.cpp:96
Expected: (diff) <= (tolerance), actual: 'r' (114, 0x72) vs '\x2' (2)
Mismatch at index 139 result=0 reference=114
]]></failure>
    </testcase>
    <testcase name="FilterBoxBorder_8u_C3R" file="/home/cjxu/npp/test/unit/nppi/nppi_filtering_functions/test_nppi_filterBoxBorder.cpp" line="144" status="run" result="completed" time="0." timestamp="2025-09-13T22:25:51.624" classname="NPPIFilterBoxBorderTest">
      <failure message="/home/cjxu/npp/test/unit/nppi/nppi_filtering_functions/test_nppi_filterBoxBorder.cpp:167&#x0A;Expected equality of these values:&#x0A;  status&#x0A;    Which is: -8&#x0A;  NPP_SUCCESS&#x0A;    Which is: 0&#x0A;" type=""><![CDATA[/home/cjxu/npp/test/unit/nppi/nppi_filtering_functions/test_nppi_filterBoxBorder.cpp:167
Expected equality of these values:
  status
    Which is: -8
  NPP_SUCCESS
    Which is: 0
]]></failure>
      <failure message="/home/cjxu/npp/test/unit/nppi/nppi_filtering_functions/test_nppi_filterBoxBorder.cpp:180&#x0A;Value of: hasNonZero&#x0A;  Actual: false&#x0A;Expected: true&#x0A;Filter result seems to be all zeros&#x0A;" type=""><![CDATA[/home/cjxu/npp/test/unit/nppi/nppi_filtering_functions/test_nppi_filterBoxBorder.cpp:180
Value of: hasNonZero
  Actual: false
Expected: true
Filter result seems to be all zeros
]]></failure>
    </testcase>
    <testcase name="FilterBoxBorder_16s_C1R" file="/home/cjxu/npp/test/unit/nppi/nppi_filtering_functions/test_nppi_filterBoxBorder.cpp" line="188" status="run" result="completed" time="0.001" timestamp="2025-09-13T22:25:51.624" classname="NPPIFilterBoxBorderTest">
      <failure message="/home/cjxu/npp/test/unit/nppi/nppi_filtering_functions/test_nppi_filterBoxBorder.cpp:214&#x0A;Expected equality of these values:&#x0A;  status&#x0A;    Which is: -8&#x0A;  NPP_SUCCESS&#x0A;    Which is: 0&#x0A;" type=""><![CDATA[/home/cjxu/npp/test/unit/nppi/nppi_filtering_functions/test_nppi_filterBoxBorder.cpp:214
Expected equality of these values:
  status
    Which is: -8
  NPP_SUCCESS
    Which is: 0
]]></failure>
      <failure message="/home/cjxu/npp/test/unit/nppi/nppi_filtering_functions/test_nppi_filterBoxBorder.cpp:96&#x0A;Expected: (diff) &lt;= (tolerance), actual: 62 vs 5&#x0A;Mismatch at index 0 result=0 reference=-62&#x0A;" type=""><![CDATA[/home/cjxu/npp/test/unit/nppi/nppi_filtering_functions/test_nppi_filterBoxBorder.cpp:96
Expected: (diff) <= (tolerance), actual: 62 vs 5
Mismatch at index 0 result=0 reference=-62
]]></failure>
      <failure message="/home/cjxu/npp/test/unit/nppi/nppi_filtering_functions/test_nppi_filterBoxBorder.cpp:96&#x0A;Expected: (diff) &lt;= (tolerance), actual: 91 vs 5&#x0A;Mismatch at index 1 result=0 reference=-91&#x0A;" type=""><![CDATA[/home/cjxu/npp/test/unit/nppi/nppi_filtering_functions/test_nppi_filterBoxBorder.cpp:96
Expected: (diff) <= (tolerance), actual: 91 vs 5
Mismatch at index 1 result=0 reference=-91
]]></failure>
      <failure message="/home/cjxu/npp/test/unit/nppi/nppi_filtering_functions/test_nppi_filterBoxBorder.cpp:96&#x0A;Expected: (diff) &lt;= (tolerance), actual: 197 vs 5&#x0A;Mismatch at index 2 result=0 reference=-197&#x0A;" type=""><![CDATA[/home/cjxu/npp/test/unit/nppi/nppi_filtering_functions/test_nppi_filterBoxBorder.cpp:96
Expected: (diff) <= (tolerance), actual: 197 vs 5
Mismatch at index 2 result=0 reference=-197
]]></failure>
      <failure message="/home/cjxu/npp/test/unit/nppi/nppi_filtering_functions/test_nppi_filterBoxBorder.cpp:96&#x0A;Expected: (diff) &lt;= (tolerance), actual: 384 vs 5&#x0A;Mismatch at index 3 result=0 reference=-384&#x0A;" type=""><![CDATA[/home/cjxu/npp/test/unit/nppi/nppi_filtering_functions/test_nppi_filterBoxBorder.cpp:96
Expected: (diff) <= (tolerance), actual: 384 vs 5
Mismatch at index 3 result=0 reference=-384
]]></failure>
      <failure message="/home/cjxu/npp/test/unit/nppi/nppi_filtering_functions/test_nppi_filterBoxBorder.cpp:96&#x0A;Expected: (diff) &lt;= (tolerance), actual: 113 vs 5&#x0A;Mismatch at index 4 result=0 reference=-113&#x0A;" type=""><![CDATA[/home/cjxu/npp/test/unit/nppi/nppi_filtering_functions/test_nppi_filterBoxBorder.cpp:96
Expected: (diff) <= (tolerance), actual: 113 vs 5
Mismatch at index 4 result=0 reference=-113
]]></failure>
      <failure message="/home/cjxu/npp/test/unit/nppi/nppi_filtering_functions/test_nppi_filterBoxBorder.cpp:96&#x0A;Expected: (diff) &lt;= (tolerance), actual: 123 vs 5&#x0A;Mismatch at index 5 result=0 reference=123&#x0A;" type=""><![CDATA[/home/cjxu/npp/test/unit/nppi/nppi_filtering_functions/test_nppi_filterBoxBorder.cpp:96
Expected: (diff) <= (tolerance), actual: 123 vs 5
Mismatch at index 5 result=0 reference=123
]]></failure>
      <failure message="/home/cjxu/npp/test/unit/nppi/nppi_filtering_functions/test_nppi_filterBoxBorder.cpp:96&#x0A;Expected: (diff) &lt;= (tolerance), actual: 433 vs 5&#x0A;Mismatch at index 6 result=0 reference=433&#x0A;" type=""><![CDATA[/home/cjxu/npp/test/unit/nppi/nppi_filtering_functions/test_nppi_filterBoxBorder.cpp:96
Expected: (diff) <= (tolerance), actual: 433 vs 5
Mismatch at index 6 result=0 reference=433
]]></failure>
      <failure message="/home/cjxu/npp/test/unit/nppi/nppi_filtering_functions/test_nppi_filterBoxBorder.cpp:96&#x0A;Expected: (diff) &lt;= (tolerance), actual: 400 vs 5&#x0A;Mismatch at index 7 result=0 reference=400&#x0A;" type=""><![CDATA[/home/cjxu/npp/test/unit/nppi/nppi_filtering_functions/test_nppi_filterBoxBorder.cpp:96
Expected: (diff) <= (tolerance), actual: 400 vs 5
Mismatch at index 7 result=0 reference=400
]]></failure>
      <failure message="/home/cjxu/npp/test/unit/nppi/nppi_filtering_functions/test_nppi_filterBoxBorder.cpp:96&#x0A;Expected: (diff) &lt;= (tolerance), actual: 442 vs 5&#x0A;Mismatch at index 8 result=0 reference=442&#x0A;" type=""><![CDATA[/home/cjxu/npp/test/unit/nppi/nppi_filtering_functions/test_nppi_filterBoxBorder.cpp:96
Expected: (diff) <= (tolerance), actual: 442 vs 5
Mismatch at index 8 result=0 reference=442
]]></failure>
      <failure message="/home/cjxu/npp/test/unit/nppi/nppi_filtering_functions/test_nppi_filterBoxBorder.cpp:96&#x0A;Expected: (diff) &lt;= (tolerance), actual: 464 vs 5&#x0A;Mismatch at index 9 result=0 reference=464&#x0A;" type=""><![CDATA[/home/cjxu/npp/test/unit/nppi/nppi_filtering_functions/test_nppi_filterBoxBorder.cpp:96
Expected: (diff) <= (tolerance), actual: 464 vs 5
Mismatch at index 9 result=0 reference=464
]]></failure>
      <failure message="/home/cjxu/npp/test/unit/nppi/nppi_filtering_functions/test_nppi_filterBoxBorder.cpp:96&#x0A;Expected: (diff) &lt;= (tolerance), actual: 311 vs 5&#x0A;Mismatch at index 10 result=0 reference=311&#x0A;" type=""><![CDATA[/home/cjxu/npp/test/unit/nppi/nppi_filtering_functions/test_nppi_filterBoxBorder.cpp:96
Expected: (diff) <= (tolerance), actual: 311 vs 5
Mismatch at index 10 result=0 reference=311
]]></failure>
      <failure message="/home/cjxu/npp/test/unit/nppi/nppi_filtering_functions/test_nppi_filterBoxBorder.cpp:96&#x0A;Expected: (diff) &lt;= (tolerance), actual: 142 vs 5&#x0A;Mismatch at index 11 result=0 reference=142&#x0A;" type=""><![CDATA[/home/cjxu/npp/test/unit/nppi/nppi_filtering_functions/test_nppi_filterBoxBorder.cpp:96
Expected: (diff) <= (tolerance), actual: 142 vs 5
Mismatch at index 11 result=0 reference=142
]]></failure>
      <failure message="/home/cjxu/npp/test/unit/nppi/nppi_filtering_functions/test_nppi_filterBoxBorder.cpp:96&#x0A;Expected: (diff) &lt;= (tolerance), actual: 182 vs 5&#x0A;Mismatch at index 12 result=0 reference=-182&#x0A;" type=""><![CDATA[/home/cjxu/npp/test/unit/nppi/nppi_filtering_functions/test_nppi_filterBoxBorder.cpp:96
Expected: (diff) <= (tolerance), actual: 182 vs 5
Mismatch at index 12 result=0 reference=-182
]]></failure>
      <failure message="/home/cjxu/npp/test/unit/nppi/nppi_filtering_functions/test_nppi_filterBoxBorder.cpp:96&#x0A;Expected: (diff) &lt;= (tolerance), actual: 104 vs 5&#x0A;Mismatch at index 13 result=0 reference=-104&#x0A;" type=""><![CDATA[/home/cjxu/npp/test/unit/nppi/nppi_filtering_functions/test_nppi_filterBoxBorder.cpp:96
Expected: (diff) <= (tolerance), actual: 104 vs 5
Mismatch at index 13 result=0 reference=-104
]]></failure>
      <failure message="/home/cjxu/npp/test/unit/nppi/nppi_filtering_functions/test_nppi_filterBoxBorder.cpp:96&#x0A;Expected: (diff) &lt;= (tolerance), actual: 53 vs 5&#x0A;Mismatch at index 14 result=0 reference=53&#x0A;" type=""><![CDATA[/home/cjxu/npp/test/unit/nppi/nppi_filtering_functions/test_nppi_filterBoxBorder.cpp:96
Expected: (diff) <= (tolerance), actual: 53 vs 5
Mismatch at index 14 result=0 reference=53
]]></failure>
      <failure message="/home/cjxu/npp/test/unit/nppi/nppi_filtering_functions/test_nppi_filterBoxBorder.cpp:96&#x0A;Expected: (diff) &lt;= (tolerance), actual: 80 vs 5&#x0A;Mismatch at index 15 result=0 reference=80&#x0A;" type=""><![CDATA[/home/cjxu/npp/test/unit/nppi/nppi_filtering_functions/test_nppi_filterBoxBorder.cpp:96
Expected: (diff) <= (tolerance), actual: 80 vs 5
Mismatch at index 15 result=0 reference=80
]]></failure>
      <failure message="/home/cjxu/npp/test/unit/nppi/nppi_filtering_functions/test_nppi_filterBoxBorder.cpp:96&#x0A;Expected: (diff) &lt;= (tolerance), actual: 68 vs 5&#x0A;Mismatch at index 16 result=0 reference=68&#x0A;" type=""><![CDATA[/home/cjxu/npp/test/unit/nppi/nppi_filtering_functions/test_nppi_filterBoxBorder.cpp:96
Expected: (diff) <= (tolerance), actual: 68 vs 5
Mismatch at index 16 result=0 reference=68
]]></failure>
      <failure message="/home/cjxu/npp/test/unit/nppi/nppi_filtering_functions/test_nppi_filterBoxBorder.cpp:96&#x0A;Expected: (diff) &lt;= (tolerance), actual: 184 vs 5&#x0A;Mismatch at index 17 result=0 reference=-184&#x0A;" type=""><![CDATA[/home/cjxu/npp/test/unit/nppi/nppi_filtering_functions/test_nppi_filterBoxBorder.cpp:96
Expected: (diff) <= (tolerance), actual: 184 vs 5
Mismatch at index 17 result=0 reference=-184
]]></failure>
      <failure message="/home/cjxu/npp/test/unit/nppi/nppi_filtering_functions/test_nppi_filterBoxBorder.cpp:96&#x0A;Expected: (diff) &lt;= (tolerance), actual: 210 vs 5&#x0A;Mismatch at index 18 result=0 reference=-210&#x0A;" type=""><![CDATA[/home/cjxu/npp/test/unit/nppi/nppi_filtering_functions/test_nppi_filterBoxBorder.cpp:96
Expected: (diff) <= (tolerance), actual: 210 vs 5
Mismatch at index 18 result=0 reference=-210
]]></failure>
      <failure message="/home/cjxu/npp/test/unit/nppi/nppi_filtering_functions/test_nppi_filterBoxBorder.cpp:96&#x0A;Expected: (diff) &lt;= (tolerance), actual: 283 vs 5&#x0A;Mismatch at index 19 result=0 reference=-283&#x0A;" type=""><![CDATA[/home/cjxu/npp/test/unit/nppi/nppi_filtering_functions/test_nppi_filterBoxBorder.cpp:96
Expected: (diff) <= (tolerance), actual: 283 vs 5
Mismatch at index 19 result=0 reference=-283
]]></failure>
      <failure message="/home/cjxu/npp/test/unit/nppi/nppi_filtering_functions/test_nppi_filterBoxBorder.cpp:96&#x0A;Expected: (diff) &lt;= (tolerance), actual: 152 vs 5&#x0A;Mismatch at index 20 result=0 reference=152&#x0A;" type=""><![CDATA[/home/cjxu/npp/test/unit/nppi/nppi_filtering_functions/test_nppi_filterBoxBorder.cpp:96
Expected: (diff) <= (tolerance), actual: 152 vs 5
Mismatch at index 20 result=0 reference=152
]]></failure>
      <failure message="/home/cjxu/npp/test/unit/nppi/nppi_filtering_functions/test_nppi_filterBoxBorder.cpp:96&#x0A;Expected: (diff) &lt;= (tolerance), actual: 290 vs 5&#x0A;Mismatch at index 21 result=0 reference=290&#x0A;" type=""><![CDATA[/home/cjxu/npp/test/unit/nppi/nppi_filtering_functions/test_nppi_filterBoxBorder.cpp:96
Expected: (diff) <= (tolerance), actual: 290 vs 5
Mismatch at index 21 result=0 reference=290
]]></failure>
      <failure message="/home/cjxu/npp/test/unit/nppi/nppi_filtering_functions/test_nppi_filterBoxBorder.cpp:96&#x0A;Expected: (diff) &lt;= (tolerance), actual: 501 vs 5&#x0A;Mismatch at index 22 result=0 reference=501&#x0A;" type=""><![CDATA[/home/cjxu/npp/test/unit/nppi/nppi_filtering_functions/test_nppi_filterBoxBorder.cpp:96
Expected: (diff) <= (tolerance), actual: 501 vs 5
Mismatch at index 22 result=0 reference=501
]]></failure>
      <failure message="/home/cjxu/npp/test/unit/nppi/nppi_filtering_functions/test_nppi_filterBoxBorder.cpp:96&#x0A;Expected: (diff) &lt;= (tolerance), actual: 505 vs 5&#x0A;Mismatch at index 23 result=0 reference=505&#x0A;" type=""><![CDATA[/home/cjxu/npp/test/unit/nppi/nppi_filtering_functions/test_nppi_filterBoxBorder.cpp:96
Expected: (diff) <= (tolerance), actual: 505 vs 5
Mismatch at index 23 result=0 reference=505
]]></failure>
      <failure message="/home/cjxu/npp/test/unit/nppi/nppi_filtering_functions/test_nppi_filterBoxBorder.cpp:96&#x0A;Expected: (diff) &lt;= (tolerance), actual: 306 vs 5&#x0A;Mismatch at index 24 result=0 reference=306&#x0A;" type=""><![CDATA[/home/cjxu/npp/test/unit/nppi/nppi_filtering_functions/test_nppi_filterBoxBorder.cpp:96
Expected: (diff) <= (tolerance), actual: 306 vs 5
Mismatch at index 24 result=0 reference=306
]]></failure>
      <failure message="/home/cjxu/npp/test/unit/nppi/nppi_filtering_functions/test_nppi_filterBoxBorder.cpp:96&#x0A;Expected: (diff) &lt;= (tolerance), actual: 150 vs 5&#x0A;Mismatch at index 25 result=0 reference=150&#x0A;" type=""><![CDATA[/home/cjxu/npp/test/unit/nppi/nppi_filtering_functions/test_nppi_filterBoxBorder.cpp:96
Expected: (diff) <= (tolerance), actual: 150 vs 5
Mismatch at index 25 result=0 reference=150
]]></failure>
      <failure message="/home/cjxu/npp/test/unit/nppi/nppi_filtering_functions/test_nppi_filterBoxBorder.cpp:96&#x0A;Expected: (diff) &lt;= (tolerance), actual: 153 vs 5&#x0A;Mismatch at index 26 result=0 reference=-153&#x0A;" type=""><![CDATA[/home/cjxu/npp/test/unit/nppi/nppi_filtering_functions/test_nppi_filterBoxBorder.cpp:96
Expected: (diff) <= (tolerance), actual: 153 vs 5
Mismatch at index 26 result=0 reference=-153
]]></failure>
      <failure message="/home/cjxu/npp/test/unit/nppi/nppi_filtering_functions/test_nppi_filterBoxBorder.cpp:96&#x0A;Expected: (diff) &lt;= (tolerance), actual: 27 vs 5&#x0A;Mismatch at index 27 result=0 reference=-27&#x0A;" type=""><![CDATA[/home/cjxu/npp/test/unit/nppi/nppi_filtering_functions/test_nppi_filterBoxBorder.cpp:96
Expected: (diff) <= (tolerance), actual: 27 vs 5
Mismatch at index 27 result=0 reference=-27
]]></failure>
      <failure message="/home/cjxu/npp/test/unit/nppi/nppi_filtering_functions/test_nppi_filterBoxBorder.cpp:96&#x0A;Expected: (diff) &lt;= (tolerance), actual: 189 vs 5&#x0A;Mismatch at index 28 result=0 reference=189&#x0A;" type=""><![CDATA[/home/cjxu/npp/test/unit/nppi/nppi_filtering_functions/test_nppi_filterBoxBorder.cpp:96
Expected: (diff) <= (tolerance), actual: 189 vs 5
Mismatch at index 28 result=0 reference=189
]]></failure>
      <failure message="/home/cjxu/npp/test/unit/nppi/nppi_filtering_functions/test_nppi_filterBoxBorder.cpp:96&#x0A;Expected: (diff) &lt;= (tolerance), actual: 161 vs 5&#x0A;Mismatch at index 29 result=0 reference=161&#x0A;" type=""><![CDATA[/home/cjxu/npp/test/unit/nppi/nppi_filtering_functions/test_nppi_filterBoxBorder.cpp:96
Expected: (diff) <= (tolerance), actual: 161 vs 5
Mismatch at index 29 result=0 reference=161
]]></failure>
      <failure message="/home/cjxu/npp/test/unit/nppi/nppi_filtering_functions/test_nppi_filterBoxBorder.cpp:96&#x0A;Expected: (diff) &lt;= (tolerance), actual: 19 vs 5&#x0A;Mismatch at index 30 result=0 reference=19&#x0A;" type=""><![CDATA[/home/cjxu/npp/test/unit/nppi/nppi_filtering_functions/test_nppi_filterBoxBorder.cpp:96
Expected: (diff) <= (tolerance), actual: 19 vs 5
Mismatch at index 30 result=0 reference=19
]]></failure>
      <failure message="/home/cjxu/npp/test/unit/nppi/nppi_filtering_functions/test_nppi_filterBoxBorder.cpp:96&#x0A;Expected: (diff) &lt;= (tolerance), actual: 39 vs 5&#x0A;Mismatch at index 31 result=0 reference=39&#x0A;" type=""><![CDATA[/home/cjxu/npp/test/unit/nppi/nppi_filtering_functions/test_nppi_filterBoxBorder.cpp:96
Expected: (diff) <= (tolerance), actual: 39 vs 5
Mismatch at index 31 result=0 reference=39
]]></failure>
      <failure message="/home/cjxu/npp/test/unit/nppi/nppi_filtering_functions/test_nppi_filterBoxBorder.cpp:96&#x0A;Expected: (diff) &lt;= (tolerance), actual: 245 vs 5&#x0A;Mismatch at index 32 result=0 reference=-245&#x0A;" type=""><![CDATA[/home/cjxu/npp/test/unit/nppi/nppi_filtering_functions/test_nppi_filterBoxBorder.cpp:96
Expected: (diff) <= (tolerance), actual: 245 vs 5
Mismatch at index 32 result=0 reference=-245
]]></failure>
      <failure message="/home/cjxu/npp/test/unit/nppi/nppi_filtering_functions/test_nppi_filterBoxBorder.cpp:96&#x0A;Expected: (diff) &lt;= (tolerance), actual: 349 vs 5&#x0A;Mismatch at index 33 result=0 reference=-349&#x0A;" type=""><![CDATA[/home/cjxu/npp/test/unit/nppi/nppi_filtering_functions/test_nppi_filterBoxBorder.cpp:96
Expected: (diff) <= (tolerance), actual: 349 vs 5
Mismatch at index 33 result=0 reference=-349
]]></failure>
      <failure message="/home/cjxu/npp/test/unit/nppi/nppi_filtering_functions/test_nppi_filterBoxBorder.cpp:96&#x0A;Expected: (diff) &lt;= (tolerance), actual: 33 vs 5&#x0A;Mismatch at index 34 result=0 reference=33&#x0A;" type=""><![CDATA[/home/cjxu/npp/test/unit/nppi/nppi_filtering_functions/test_nppi_filterBoxBorder.cpp:96
Expected: (diff) <= (tolerance), actual: 33 vs 5
Mismatch at index 34 result=0 reference=33
]]></failure>
      <failure message="/home/cjxu/npp/test/unit/nppi/nppi_filtering_functions/test_nppi_filterBoxBorder.cpp:96&#x0A;Expected: (diff) &lt;= (tolerance), actual: 333 vs 5&#x0A;Mismatch at index 35 result=0 reference=333&#x0A;" type=""><![CDATA[/home/cjxu/npp/test/unit/nppi/nppi_filtering_functions/test_nppi_filterBoxBorder.cpp:96
Expected: (diff) <= (tolerance), actual: 333 vs 5
Mismatch at index 35 result=0 reference=333
]]></failure>
      <failure message="/home/cjxu/npp/test/unit/nppi/nppi_filtering_functions/test_nppi_filterBoxBorder.cpp:96&#x0A;Expected: (diff) &lt;= (tolerance), actual: 522 vs 5&#x0A;Mismatch at index 36 result=0 reference=522&#x0A;" type=""><![CDATA[/home/cjxu/npp/test/unit/nppi/nppi_filtering_functions/test_nppi_filterBoxBorder.cpp:96
Expected: (diff) <= (tolerance), actual: 522 vs 5
Mismatch at index 36 result=0 reference=522
]]></failure>
      <failure message="/home/cjxu/npp/test/unit/nppi/nppi_filtering_functions/test_nppi_filterBoxBorder.cpp:96&#x0A;Expected: (diff) &lt;= (tolerance), actual: 259 vs 5&#x0A;Mismatch at index 37 result=0 reference=259&#x0A;" type=""><![CDATA[/home/cjxu/npp/test/unit/nppi/nppi_filtering_functions/test_nppi_filterBoxBorder.cpp:96
Expected: (diff) <= (tolerance), actual: 259 vs 5
Mismatch at index 37 result=0 reference=259
]]></failure>
      <failure message="/home/cjxu/npp/test/unit/nppi/nppi_filtering_functions/test_nppi_filterBoxBorder.cpp:96&#x0A;Expected: (diff) &lt;= (tolerance), actual: 118 vs 5&#x0A;Mismatch at index 38 result=0 reference=118&#x0A;" type=""><![CDATA[/home/cjxu/npp/test/unit/nppi/nppi_filtering_functions/test_nppi_filterBoxBorder.cpp:96
Expected: (diff) <= (tolerance), actual: 118 vs 5
Mismatch at index 38 result=0 reference=118
]]></failure>
      <failure message="/home/cjxu/npp/test/unit/nppi/nppi_filtering_functions/test_nppi_filterBoxBorder.cpp:96&#x0A;Expected: (diff) &lt;= (tolerance), actual: 17 vs 5&#x0A;Mismatch at index 39 result=0 reference=-17&#x0A;" type=""><![CDATA[/home/cjxu/npp/test/unit/nppi/nppi_filtering_functions/test_nppi_filterBoxBorder.cpp:96
Expected: (diff) <= (tolerance), actual: 17 vs 5
Mismatch at index 39 result=0 reference=-17
]]></failure>
      <failure message="/home/cjxu/npp/test/unit/nppi/nppi_filtering_functions/test_nppi_filterBoxBorder.cpp:96&#x0A;Expected: (diff) &lt;= (tolerance), actual: 203 vs 5&#x0A;Mismatch at index 40 result=0 reference=-203&#x0A;" type=""><![CDATA[/home/cjxu/npp/test/unit/nppi/nppi_filtering_functions/test_nppi_filterBoxBorder.cpp:96
Expected: (diff) <= (tolerance), actual: 203 vs 5
Mismatch at index 40 result=0 reference=-203
]]></failure>
      <failure message="/home/cjxu/npp/test/unit/nppi/nppi_filtering_functions/test_nppi_filterBoxBorder.cpp:96&#x0A;Expected: (diff) &lt;= (tolerance), actual: 155 vs 5&#x0A;Mismatch at index 41 result=0 reference=-155&#x0A;" type=""><![CDATA[/home/cjxu/npp/test/unit/nppi/nppi_filtering_functions/test_nppi_filterBoxBorder.cpp:96
Expected: (diff) <= (tolerance), actual: 155 vs 5
Mismatch at index 41 result=0 reference=-155
]]></failure>
      <failure message="/home/cjxu/npp/test/unit/nppi/nppi_filtering_functions/test_nppi_filterBoxBorder.cpp:96&#x0A;Expected: (diff) &lt;= (tolerance), actual: 283 vs 5&#x0A;Mismatch at index 42 result=0 reference=283&#x0A;" type=""><![CDATA[/home/cjxu/npp/test/unit/nppi/nppi_filtering_functions/test_nppi_filterBoxBorder.cpp:96
Expected: (diff) <= (tolerance), actual: 283 vs 5
Mismatch at index 42 result=0 reference=283
]]></failure>
      <failure message="/home/cjxu/npp/test/unit/nppi/nppi_filtering_functions/test_nppi_filterBoxBorder.cpp:96&#x0A;Expected: (diff) &lt;= (tolerance), actual: 119 vs 5&#x0A;Mismatch at index 43 result=0 reference=119&#x0A;" type=""><![CDATA[/home/cjxu/npp/test/unit/nppi/nppi_filtering_functions/test_nppi_filterBoxBorder.cpp:96
Expected: (diff) <= (tolerance), actual: 119 vs 5
Mismatch at index 43 result=0 reference=119
]]></failure>
      <failure message="/home/cjxu/npp/test/unit/nppi/nppi_filtering_functions/test_nppi_filterBoxBorder.cpp:96&#x0A;Expected: (diff) &lt;= (tolerance), actual: 111 vs 5&#x0A;Mismatch at index 44 result=0 reference=111&#x0A;" type=""><![CDATA[/home/cjxu/npp/test/unit/nppi/nppi_filtering_functions/test_nppi_filterBoxBorder.cpp:96
Expected: (diff) <= (tolerance), actual: 111 vs 5
Mismatch at index 44 result=0 reference=111
]]></failure>
      <failure message="/home/cjxu/npp/test/unit/nppi/nppi_filtering_functions/test_nppi_filterBoxBorder.cpp:96&#x0A;Expected: (diff) &lt;= (tolerance), actual: 209 vs 5&#x0A;Mismatch at index 45 result=0 reference=209&#x0A;" type=""><![CDATA[/home/cjxu/npp/test/unit/nppi/nppi_filtering_functions/test_nppi_filterBoxBorder.cpp:96
Expected: (diff) <= (tolerance), actual: 209 vs 5
Mismatch at index 45 result=0 reference=209
]]></failure>
      <failure message="/home/cjxu/npp/test/unit/nppi/nppi_filtering_functions/test_nppi_filterBoxBorder.cpp:96&#x0A;Expected: (diff) &lt;= (tolerance), actual: 28 vs 5&#x0A;Mismatch at index 46 result=0 reference=-28&#x0A;" type=""><![CDATA[/home/cjxu/npp/test/unit/nppi/nppi_filtering_functions/test_nppi_filterBoxBorder.cpp:96
Expected: (diff) <= (tolerance), actual: 28 vs 5
Mismatch at index 46 result=0 reference=-28
]]></failure>
      <failure message="/home/cjxu/npp/test/unit/nppi/nppi_filtering_functions/test_nppi_filterBoxBorder.cpp:96&#x0A;Expected: (diff) &lt;= (tolerance), actual: 316 vs 5&#x0A;Mismatch at index 47 result=0 reference=-316&#x0A;" type=""><![CDATA[/home/cjxu/npp/test/unit/nppi/nppi_filtering_functions/test_nppi_filterBoxBorder.cpp:96
Expected: (diff) <= (tolerance), actual: 316 vs 5
Mismatch at index 47 result=0 reference=-316
]]></failure>
      <failure message="/home/cjxu/npp/test/unit/nppi/nppi_filtering_functions/test_nppi_filterBoxBorder.cpp:96&#x0A;Expected: (diff) &lt;= (tolerance), actual: 79 vs 5&#x0A;Mismatch at index 48 result=0 reference=-79&#x0A;" type=""><![CDATA[/home/cjxu/npp/test/unit/nppi/nppi_filtering_functions/test_nppi_filterBoxBorder.cpp:96
Expected: (diff) <= (tolerance), actual: 79 vs 5
Mismatch at index 48 result=0 reference=-79
]]></failure>
      <failure message="/home/cjxu/npp/test/unit/nppi/nppi_filtering_functions/test_nppi_filterBoxBorder.cpp:96&#x0A;Expected: (diff) &lt;= (tolerance), actual: 436 vs 5&#x0A;Mismatch at index 49 result=0 reference=436&#x0A;" type=""><![CDATA[/home/cjxu/npp/test/unit/nppi/nppi_filtering_functions/test_nppi_filterBoxBorder.cpp:96
Expected: (diff) <= (tolerance), actual: 436 vs 5
Mismatch at index 49 result=0 reference=436
]]></failure>
      <failure message="/home/cjxu/npp/test/unit/nppi/nppi_filtering_functions/test_nppi_filterBoxBorder.cpp:96&#x0A;Expected: (diff) &lt;= (tolerance), actual: 646 vs 5&#x0A;Mismatch at index 50 result=0 reference=646&#x0A;" type=""><![CDATA[/home/cjxu/npp/test/unit/nppi/nppi_filtering_functions/test_nppi_filterBoxBorder.cpp:96
Expected: (diff) <= (tolerance), actual: 646 vs 5
Mismatch at index 50 result=0 reference=646
]]></failure>
      <failure message="/home/cjxu/npp/test/unit/nppi/nppi_filtering_functions/test_nppi_filterBoxBorder.cpp:96&#x0A;Expected: (diff) &lt;= (tolerance), actual: 313 vs 5&#x0A;Mismatch at index 51 result=0 reference=313&#x0A;" type=""><![CDATA[/home/cjxu/npp/test/unit/nppi/nppi_filtering_functions/test_nppi_filterBoxBorder.cpp:96
Expected: (diff) <= (tolerance), actual: 313 vs 5
Mismatch at index 51 result=0 reference=313
]]></failure>
      <failure message="/home/cjxu/npp/test/unit/nppi/nppi_filtering_functions/test_nppi_filterBoxBorder.cpp:96&#x0A;Expected: (diff) &lt;= (tolerance), actual: 130 vs 5&#x0A;Mismatch at index 52 result=0 reference=130&#x0A;" type=""><![CDATA[/home/cjxu/npp/test/unit/nppi/nppi_filtering_functions/test_nppi_filterBoxBorder.cpp:96
Expected: (diff) <= (tolerance), actual: 130 vs 5
Mismatch at index 52 result=0 reference=130
]]></failure>
      <failure message="/home/cjxu/npp/test/unit/nppi/nppi_filtering_functions/test_nppi_filterBoxBorder.cpp:96&#x0A;Expected: (diff) &lt;= (tolerance), actual: 37 vs 5&#x0A;Mismatch at index 53 result=0 reference=37&#x0A;" type=""><![CDATA[/home/cjxu/npp/test/unit/nppi/nppi_filtering_functions/test_nppi_filterBoxBorder.cpp:96
Expected: (diff) <= (tolerance), actual: 37 vs 5
Mismatch at index 53 result=0 reference=37
]]></failure>
      <failure message="/home/cjxu/npp/test/unit/nppi/nppi_filtering_functions/test_nppi_filterBoxBorder.cpp:96&#x0A;Expected: (diff) &lt;= (tolerance), actual: 121 vs 5&#x0A;Mismatch at index 54 result=0 reference=-121&#x0A;" type=""><![CDATA[/home/cjxu/npp/test/unit/nppi/nppi_filtering_functions/test_nppi_filterBoxBorder.cpp:96
Expected: (diff) <= (tolerance), actual: 121 vs 5
Mismatch at index 54 result=0 reference=-121
]]></failure>
      <failure message="/home/cjxu/npp/test/unit/nppi/nppi_filtering_functions/test_nppi_filterBoxBorder.cpp:96&#x0A;Expected: (diff) &lt;= (tolerance), actual: 127 vs 5&#x0A;Mismatch at index 55 result=0 reference=-127&#x0A;" type=""><![CDATA[/home/cjxu/npp/test/unit/nppi/nppi_filtering_functions/test_nppi_filterBoxBorder.cpp:96
Expected: (diff) <= (tolerance), actual: 127 vs 5
Mismatch at index 55 result=0 reference=-127
]]></failure>
      <failure message="/home/cjxu/npp/test/unit/nppi/nppi_filtering_functions/test_nppi_filterBoxBorder.cpp:96&#x0A;Expected: (diff) &lt;= (tolerance), actual: 170 vs 5&#x0A;Mismatch at index 56 result=0 reference=170&#x0A;" type=""><![CDATA[/home/cjxu/npp/test/unit/nppi/nppi_filtering_functions/test_nppi_filterBoxBorder.cpp:96
Expected: (diff) <= (tolerance), actual: 170 vs 5
Mismatch at index 56 result=0 reference=170
]]></failure>
      <failure message="/home/cjxu/npp/test/unit/nppi/nppi_filtering_functions/test_nppi_filterBoxBorder.cpp:96&#x0A;Expected: (diff) &lt;= (tolerance), actual: 21 vs 5&#x0A;Mismatch at index 57 result=0 reference=-21&#x0A;" type=""><![CDATA[/home/cjxu/npp/test/unit/nppi/nppi_filtering_functions/test_nppi_filterBoxBorder.cpp:96
Expected: (diff) <= (tolerance), actual: 21 vs 5
Mismatch at index 57 result=0 reference=-21
]]></failure>
      <failure message="/home/cjxu/npp/test/unit/nppi/nppi_filtering_functions/test_nppi_filterBoxBorder.cpp:96&#x0A;Expected: (diff) &lt;= (tolerance), actual: 64 vs 5&#x0A;Mismatch at index 58 result=0 reference=-64&#x0A;" type=""><![CDATA[/home/cjxu/npp/test/unit/nppi/nppi_filtering_functions/test_nppi_filterBoxBorder.cpp:96
Expected: (diff) <= (tolerance), actual: 64 vs 5
Mismatch at index 58 result=0 reference=-64
]]></failure>
      <failure message="/home/cjxu/npp/test/unit/nppi/nppi_filtering_functions/test_nppi_filterBoxBorder.cpp:96&#x0A;Expected: (diff) &lt;= (tolerance), actual: 61 vs 5&#x0A;Mismatch at index 59 result=0 reference=61&#x0A;" type=""><![CDATA[/home/cjxu/npp/test/unit/nppi/nppi_filtering_functions/test_nppi_filterBoxBorder.cpp:96
Expected: (diff) <= (tolerance), actual: 61 vs 5
Mismatch at index 59 result=0 reference=61
]]></failure>
      <failure message="/home/cjxu/npp/test/unit/nppi/nppi_filtering_functions/test_nppi_filterBoxBorder.cpp:96&#x0A;Expected: (diff) &lt;= (tolerance), actual: 36 vs 5&#x0A;Mismatch at index 60 result=0 reference=36&#x0A;" type=""><![CDATA[/home/cjxu/npp/test/unit/nppi/nppi_filtering_functions/test_nppi_filterBoxBorder.cpp:96
Expected: (diff) <= (tolerance), actual: 36 vs 5
Mismatch at index 60 result=0 reference=36
]]></failure>
      <failure message="/home/cjxu/npp/test/unit/nppi/nppi_filtering_functions/test_nppi_filterBoxBorder.cpp:96&#x0A;Expected: (diff) &lt;= (tolerance), actual: 56 vs 5&#x0A;Mismatch at index 61 result=0 reference=56&#x0A;" type=""><![CDATA[/home/cjxu/npp/test/unit/nppi/nppi_filtering_functions/test_nppi_filterBoxBorder.cpp:96
Expected: (diff) <= (tolerance), actual: 56 vs 5
Mismatch at index 61 result=0 reference=56
]]></failure>
      <failure message="/home/cjxu/npp/test/unit/nppi/nppi_filtering_functions/test_nppi_filterBoxBorder.cpp:96&#x0A;Expected: (diff) &lt;= (tolerance), actual: 11 vs 5&#x0A;Mismatch at index 62 result=0 reference=-11&#x0A;" type=""><![CDATA[/home/cjxu/npp/test/unit/nppi/nppi_filtering_functions/test_nppi_filterBoxBorder.cpp:96
Expected: (diff) <= (tolerance), actual: 11 vs 5
Mismatch at index 62 result=0 reference=-11
]]></failure>
      <failure message="/home/cjxu/npp/test/unit/nppi/nppi_filtering_functions/test_nppi_filterBoxBorder.cpp:96&#x0A;Expected: (diff) &lt;= (tolerance), actual: 251 vs 5&#x0A;Mismatch at index 63 result=0 reference=251&#x0A;" type=""><![CDATA[/home/cjxu/npp/test/unit/nppi/nppi_filtering_functions/test_nppi_filterBoxBorder.cpp:96
Expected: (diff) <= (tolerance), actual: 251 vs 5
Mismatch at index 63 result=0 reference=251
]]></failure>
      <failure message="/home/cjxu/npp/test/unit/nppi/nppi_filtering_functions/test_nppi_filterBoxBorder.cpp:96&#x0A;Expected: (diff) &lt;= (tolerance), actual: 278 vs 5&#x0A;Mismatch at index 64 result=0 reference=278&#x0A;" type=""><![CDATA[/home/cjxu/npp/test/unit/nppi/nppi_filtering_functions/test_nppi_filterBoxBorder.cpp:96
Expected: (diff) <= (tolerance), actual: 278 vs 5
Mismatch at index 64 result=0 reference=278
]]></failure>
      <failure message="/home/cjxu/npp/test/unit/nppi/nppi_filtering_functions/test_nppi_filterBoxBorder.cpp:96&#x0A;Expected: (diff) &lt;= (tolerance), actual: 20 vs 5&#x0A;Mismatch at index 65 result=0 reference=20&#x0A;" type=""><![CDATA[/home/cjxu/npp/test/unit/nppi/nppi_filtering_functions/test_nppi_filterBoxBorder.cpp:96
Expected: (diff) <= (tolerance), actual: 20 vs 5
Mismatch at index 65 result=0 reference=20
]]></failure>
      <failure message="/home/cjxu/npp/test/unit/nppi/nppi_filtering_functions/test_nppi_filterBoxBorder.cpp:96&#x0A;Expected: (diff) &lt;= (tolerance), actual: 49 vs 5&#x0A;Mismatch at index 66 result=0 reference=49&#x0A;" type=""><![CDATA[/home/cjxu/npp/test/unit/nppi/nppi_filtering_functions/test_nppi_filterBoxBorder.cpp:96
Expected: (diff) <= (tolerance), actual: 49 vs 5
Mismatch at index 66 result=0 reference=49
]]></failure>
      <failure message="/home/cjxu/npp/test/unit/nppi/nppi_filtering_functions/test_nppi_filterBoxBorder.cpp:96&#x0A;Expected: (diff) &lt;= (tolerance), actual: 162 vs 5&#x0A;Mismatch at index 67 result=0 reference=162&#x0A;" type=""><![CDATA[/home/cjxu/npp/test/unit/nppi/nppi_filtering_functions/test_nppi_filterBoxBorder.cpp:96
Expected: (diff) <= (tolerance), actual: 162 vs 5
Mismatch at index 67 result=0 reference=162
]]></failure>
      <failure message="/home/cjxu/npp/test/unit/nppi/nppi_filtering_functions/test_nppi_filterBoxBorder.cpp:96&#x0A;Expected: (diff) &lt;= (tolerance), actual: 125 vs 5&#x0A;Mismatch at index 68 result=0 reference=125&#x0A;" type=""><![CDATA[/home/cjxu/npp/test/unit/nppi/nppi_filtering_functions/test_nppi_filterBoxBorder.cpp:96
Expected: (diff) <= (tolerance), actual: 125 vs 5
Mismatch at index 68 result=0 reference=125
]]></failure>
      <failure message="/home/cjxu/npp/test/unit/nppi/nppi_filtering_functions/test_nppi_filterBoxBorder.cpp:96&#x0A;Expected: (diff) &lt;= (tolerance), actual: 121 vs 5&#x0A;Mismatch at index 69 result=0 reference=-121&#x0A;" type=""><![CDATA[/home/cjxu/npp/test/unit/nppi/nppi_filtering_functions/test_nppi_filterBoxBorder.cpp:96
Expected: (diff) <= (tolerance), actual: 121 vs 5
Mismatch at index 69 result=0 reference=-121
]]></failure>
      <failure message="/home/cjxu/npp/test/unit/nppi/nppi_filtering_functions/test_nppi_filterBoxBorder.cpp:96&#x0A;Expected: (diff) &lt;= (tolerance), actual: 307 vs 5&#x0A;Mismatch at index 70 result=0 reference=307&#x0A;" type=""><![CDATA[/home/cjxu/npp/test/unit/nppi/nppi_filtering_functions/test_nppi_filterBoxBorder.cpp:96
Expected: (diff) <= (tolerance), actual: 307 vs 5
Mismatch at index 70 result=0 reference=307
]]></failure>
      <failure message="/home/cjxu/npp/test/unit/nppi/nppi_filtering_functions/test_nppi_filterBoxBorder.cpp:96&#x0A;Expected: (diff) &lt;= (tolerance), actual: 39 vs 5&#x0A;Mismatch at index 71 result=0 reference=39&#x0A;" type=""><![CDATA[/home/cjxu/npp/test/unit/nppi/nppi_filtering_functions/test_nppi_filterBoxBorder.cpp:96
Expected: (diff) <= (tolerance), actual: 39 vs 5
Mismatch at index 71 result=0 reference=39
]]></failure>
      <failure message="/home/cjxu/npp/test/unit/nppi/nppi_filtering_functions/test_nppi_filterBoxBorder.cpp:96&#x0A;Expected: (diff) &lt;= (tolerance), actual: 47 vs 5&#x0A;Mismatch at index 72 result=0 reference=-47&#x0A;" type=""><![CDATA[/home/cjxu/npp/test/unit/nppi/nppi_filtering_functions/test_nppi_filterBoxBorder.cpp:96
Expected: (diff) <= (tolerance), actual: 47 vs 5
Mismatch at index 72 result=0 reference=-47
]]></failure>
      <failure message="/home/cjxu/npp/test/unit/nppi/nppi_filtering_functions/test_nppi_filterBoxBorder.cpp:96&#x0A;Expected: (diff) &lt;= (tolerance), actual: 202 vs 5&#x0A;Mismatch at index 73 result=0 reference=-202&#x0A;" type=""><![CDATA[/home/cjxu/npp/test/unit/nppi/nppi_filtering_functions/test_nppi_filterBoxBorder.cpp:96
Expected: (diff) <= (tolerance), actual: 202 vs 5
Mismatch at index 73 result=0 reference=-202
]]></failure>
      <failure message="/home/cjxu/npp/test/unit/nppi/nppi_filtering_functions/test_nppi_filterBoxBorder.cpp:96&#x0A;Expected: (diff) &lt;= (tolerance), actual: 91 vs 5&#x0A;Mismatch at index 74 result=0 reference=-91&#x0A;" type=""><![CDATA[/home/cjxu/npp/test/unit/nppi/nppi_filtering_functions/test_nppi_filterBoxBorder.cpp:96
Expected: (diff) <= (tolerance), actual: 91 vs 5
Mismatch at index 74 result=0 reference=-91
]]></failure>
      <failure message="/home/cjxu/npp/test/unit/nppi/nppi_filtering_functions/test_nppi_filterBoxBorder.cpp:96&#x0A;Expected: (diff) &lt;= (tolerance), actual: 39 vs 5&#x0A;Mismatch at index 75 result=0 reference=-39&#x0A;" type=""><![CDATA[/home/cjxu/npp/test/unit/nppi/nppi_filtering_functions/test_nppi_filterBoxBorder.cpp:96
Expected: (diff) <= (tolerance), actual: 39 vs 5
Mismatch at index 75 result=0 reference=-39
]]></failure>
      <failure message="/home/cjxu/npp/test/unit/nppi/nppi_filtering_functions/test_nppi_filterBoxBorder.cpp:96&#x0A;Expected: (diff) &lt;= (tolerance), actual: 148 vs 5&#x0A;Mismatch at index 77 result=0 reference=148&#x0A;" type=""><![CDATA[/home/cjxu/npp/test/unit/nppi/nppi_filtering_functions/test_nppi_filterBoxBorder.cpp:96
Expected: (diff) <= (tolerance), actual: 148 vs 5
Mismatch at index 77 result=0 reference=148
]]></failure>
      <failure message="/home/cjxu/npp/test/unit/nppi/nppi_filtering_functions/test_nppi_filterBoxBorder.cpp:96&#x0A;Expected: (diff) &lt;= (tolerance), actual: 187 vs 5&#x0A;Mismatch at index 78 result=0 reference=187&#x0A;" type=""><![CDATA[/home/cjxu/npp/test/unit/nppi/nppi_filtering_functions/test_nppi_filterBoxBorder.cpp:96
Expected: (diff) <= (tolerance), actual: 187 vs 5
Mismatch at index 78 result=0 reference=187
]]></failure>
      <failure message="/home/cjxu/npp/test/unit/nppi/nppi_filtering_functions/test_nppi_filterBoxBorder.cpp:96&#x0A;Expected: (diff) &lt;= (tolerance), actual: 94 vs 5&#x0A;Mismatch at index 79 result=0 reference=94&#x0A;" type=""><![CDATA[/home/cjxu/npp/test/unit/nppi/nppi_filtering_functions/test_nppi_filterBoxBorder.cpp:96
Expected: (diff) <= (tolerance), actual: 94 vs 5
Mismatch at index 79 result=0 reference=94
]]></failure>
      <failure message="/home/cjxu/npp/test/unit/nppi/nppi_filtering_functions/test_nppi_filterBoxBorder.cpp:96&#x0A;Expected: (diff) &lt;= (tolerance), actual: 99 vs 5&#x0A;Mismatch at index 80 result=0 reference=99&#x0A;" type=""><![CDATA[/home/cjxu/npp/test/unit/nppi/nppi_filtering_functions/test_nppi_filterBoxBorder.cpp:96
Expected: (diff) <= (tolerance), actual: 99 vs 5
Mismatch at index 80 result=0 reference=99
]]></failure>
      <failure message="/home/cjxu/npp/test/unit/nppi/nppi_filtering_functions/test_nppi_filterBoxBorder.cpp:96&#x0A;Expected: (diff) &lt;= (tolerance), actual: 202 vs 5&#x0A;Mismatch at index 81 result=0 reference=202&#x0A;" type=""><![CDATA[/home/cjxu/npp/test/unit/nppi/nppi_filtering_functions/test_nppi_filterBoxBorder.cpp:96
Expected: (diff) <= (tolerance), actual: 202 vs 5
Mismatch at index 81 result=0 reference=202
]]></failure>
      <failure message="/home/cjxu/npp/test/unit/nppi/nppi_filtering_functions/test_nppi_filterBoxBorder.cpp:96&#x0A;Expected: (diff) &lt;= (tolerance), actual: 164 vs 5&#x0A;Mismatch at index 83 result=0 reference=-164&#x0A;" type=""><![CDATA[/home/cjxu/npp/test/unit/nppi/nppi_filtering_functions/test_nppi_filterBoxBorder.cpp:96
Expected: (diff) <= (tolerance), actual: 164 vs 5
Mismatch at index 83 result=0 reference=-164
]]></failure>
      <failure message="/home/cjxu/npp/test/unit/nppi/nppi_filtering_functions/test_nppi_filterBoxBorder.cpp:96&#x0A;Expected: (diff) &lt;= (tolerance), actual: 395 vs 5&#x0A;Mismatch at index 84 result=0 reference=395&#x0A;" type=""><![CDATA[/home/cjxu/npp/test/unit/nppi/nppi_filtering_functions/test_nppi_filterBoxBorder.cpp:96
Expected: (diff) <= (tolerance), actual: 395 vs 5
Mismatch at index 84 result=0 reference=395
]]></failure>
      <failure message="/home/cjxu/npp/test/unit/nppi/nppi_filtering_functions/test_nppi_filterBoxBorder.cpp:96&#x0A;Expected: (diff) &lt;= (tolerance), actual: 171 vs 5&#x0A;Mismatch at index 85 result=0 reference=171&#x0A;" type=""><![CDATA[/home/cjxu/npp/test/unit/nppi/nppi_filtering_functions/test_nppi_filterBoxBorder.cpp:96
Expected: (diff) <= (tolerance), actual: 171 vs 5
Mismatch at index 85 result=0 reference=171
]]></failure>
      <failure message="/home/cjxu/npp/test/unit/nppi/nppi_filtering_functions/test_nppi_filterBoxBorder.cpp:96&#x0A;Expected: (diff) &lt;= (tolerance), actual: 33 vs 5&#x0A;Mismatch at index 86 result=0 reference=-33&#x0A;" type=""><![CDATA[/home/cjxu/npp/test/unit/nppi/nppi_filtering_functions/test_nppi_filterBoxBorder.cpp:96
Expected: (diff) <= (tolerance), actual: 33 vs 5
Mismatch at index 86 result=0 reference=-33
]]></failure>
      <failure message="/home/cjxu/npp/test/unit/nppi/nppi_filtering_functions/test_nppi_filterBoxBorder.cpp:96&#x0A;Expected: (diff) &lt;= (tolerance), actual: 370 vs 5&#x0A;Mismatch at index 87 result=0 reference=-370&#x0A;" type=""><![CDATA[/home/cjxu/npp/test/unit/nppi/nppi_filtering_functions/test_nppi_filterBoxBorder.cpp:96
Expected: (diff) <= (tolerance), actual: 370 vs 5
Mismatch at index 87 result=0 reference=-370
]]></failure>
      <failure message="/home/cjxu/npp/test/unit/nppi/nppi_filtering_functions/test_nppi_filterBoxBorder.cpp:96&#x0A;Expected: (diff) &lt;= (tolerance), actual: 129 vs 5&#x0A;Mismatch at index 88 result=0 reference=-129&#x0A;" type=""><![CDATA[/home/cjxu/npp/test/unit/nppi/nppi_filtering_functions/test_nppi_filterBoxBorder.cpp:96
Expected: (diff) <= (tolerance), actual: 129 vs 5
Mismatch at index 88 result=0 reference=-129
]]></failure>
      <failure message="/home/cjxu/npp/test/unit/nppi/nppi_filtering_functions/test_nppi_filterBoxBorder.cpp:96&#x0A;Expected: (diff) &lt;= (tolerance), actual: 41 vs 5&#x0A;Mismatch at index 89 result=0 reference=41&#x0A;" type=""><![CDATA[/home/cjxu/npp/test/unit/nppi/nppi_filtering_functions/test_nppi_filterBoxBorder.cpp:96
Expected: (diff) <= (tolerance), actual: 41 vs 5
Mismatch at index 89 result=0 reference=41
]]></failure>
      <failure message="/home/cjxu/npp/test/unit/nppi/nppi_filtering_functions/test_nppi_filterBoxBorder.cpp:96&#x0A;Expected: (diff) &lt;= (tolerance), actual: 140 vs 5&#x0A;Mismatch at index 90 result=0 reference=140&#x0A;" type=""><![CDATA[/home/cjxu/npp/test/unit/nppi/nppi_filtering_functions/test_nppi_filterBoxBorder.cpp:96
Expected: (diff) <= (tolerance), actual: 140 vs 5
Mismatch at index 90 result=0 reference=140
]]></failure>
      <failure message="/home/cjxu/npp/test/unit/nppi/nppi_filtering_functions/test_nppi_filterBoxBorder.cpp:96&#x0A;Expected: (diff) &lt;= (tolerance), actual: 14 vs 5&#x0A;Mismatch at index 91 result=0 reference=14&#x0A;" type=""><![CDATA[/home/cjxu/npp/test/unit/nppi/nppi_filtering_functions/test_nppi_filterBoxBorder.cpp:96
Expected: (diff) <= (tolerance), actual: 14 vs 5
Mismatch at index 91 result=0 reference=14
]]></failure>
      <failure message="/home/cjxu/npp/test/unit/nppi/nppi_filtering_functions/test_nppi_filterBoxBorder.cpp:96&#x0A;Expected: (diff) &lt;= (tolerance), actual: 72 vs 5&#x0A;Mismatch at index 92 result=0 reference=-72&#x0A;" type=""><![CDATA[/home/cjxu/npp/test/unit/nppi/nppi_filtering_functions/test_nppi_filterBoxBorder.cpp:96
Expected: (diff) <= (tolerance), actual: 72 vs 5
Mismatch at index 92 result=0 reference=-72
]]></failure>
      <failure message="/home/cjxu/npp/test/unit/nppi/nppi_filtering_functions/test_nppi_filterBoxBorder.cpp:96&#x0A;Expected: (diff) &lt;= (tolerance), actual: 104 vs 5&#x0A;Mismatch at index 93 result=0 reference=104&#x0A;" type=""><![CDATA[/home/cjxu/npp/test/unit/nppi/nppi_filtering_functions/test_nppi_filterBoxBorder.cpp:96
Expected: (diff) <= (tolerance), actual: 104 vs 5
Mismatch at index 93 result=0 reference=104
]]></failure>
      <failure message="/home/cjxu/npp/test/unit/nppi/nppi_filtering_functions/test_nppi_filterBoxBorder.cpp:96&#x0A;Expected: (diff) &lt;= (tolerance), actual: 41 vs 5&#x0A;Mismatch at index 94 result=0 reference=41&#x0A;" type=""><![CDATA[/home/cjxu/npp/test/unit/nppi/nppi_filtering_functions/test_nppi_filterBoxBorder.cpp:96
Expected: (diff) <= (tolerance), actual: 41 vs 5
Mismatch at index 94 result=0 reference=41
]]></failure>
      <failure message="/home/cjxu/npp/test/unit/nppi/nppi_filtering_functions/test_nppi_filterBoxBorder.cpp:96&#x0A;Expected: (diff) &lt;= (tolerance), actual: 139 vs 5&#x0A;Mismatch at index 95 result=0 reference=139&#x0A;" type=""><![CDATA[/home/cjxu/npp/test/unit/nppi/nppi_filtering_functions/test_nppi_filterBoxBorder.cpp:96
Expected: (diff) <= (tolerance), actual: 139 vs 5
Mismatch at index 95 result=0 reference=139
]]></failure>
      <failure message="/home/cjxu/npp/test/unit/nppi/nppi_filtering_functions/test_nppi_filterBoxBorder.cpp:96&#x0A;Expected: (diff) &lt;= (tolerance), actual: 28 vs 5&#x0A;Mismatch at index 96 result=0 reference=-28&#x0A;" type=""><![CDATA[/home/cjxu/npp/test/unit/nppi/nppi_filtering_functions/test_nppi_filterBoxBorder.cpp:96
Expected: (diff) <= (tolerance), actual: 28 vs 5
Mismatch at index 96 result=0 reference=-28
]]></failure>
      <failure message="/home/cjxu/npp/test/unit/nppi/nppi_filtering_functions/test_nppi_filterBoxBorder.cpp:96&#x0A;Expected: (diff) &lt;= (tolerance), actual: 128 vs 5&#x0A;Mismatch at index 97 result=0 reference=-128&#x0A;" type=""><![CDATA[/home/cjxu/npp/test/unit/nppi/nppi_filtering_functions/test_nppi_filterBoxBorder.cpp:96
Expected: (diff) <= (tolerance), actual: 128 vs 5
Mismatch at index 97 result=0 reference=-128
]]></failure>
      <failure message="/home/cjxu/npp/test/unit/nppi/nppi_filtering_functions/test_nppi_filterBoxBorder.cpp:96&#x0A;Expected: (diff) &lt;= (tolerance), actual: 269 vs 5&#x0A;Mismatch at index 98 result=0 reference=269&#x0A;" type=""><![CDATA[/home/cjxu/npp/test/unit/nppi/nppi_filtering_functions/test_nppi_filterBoxBorder.cpp:96
Expected: (diff) <= (tolerance), actual: 269 vs 5
Mismatch at index 98 result=0 reference=269
]]></failure>
      <failure message="/home/cjxu/npp/test/unit/nppi/nppi_filtering_functions/test_nppi_filterBoxBorder.cpp:96&#x0A;Expected: (diff) &lt;= (tolerance), actual: 194 vs 5&#x0A;Mismatch at index 99 result=0 reference=194&#x0A;" type=""><![CDATA[/home/cjxu/npp/test/unit/nppi/nppi_filtering_functions/test_nppi_filterBoxBorder.cpp:96
Expected: (diff) <= (tolerance), actual: 194 vs 5
Mismatch at index 99 result=0 reference=194
]]></failure>
      <failure message="/home/cjxu/npp/test/unit/nppi/nppi_filtering_functions/test_nppi_filterBoxBorder.cpp:96&#x0A;Expected: (diff) &lt;= (tolerance), actual: 77 vs 5&#x0A;Mismatch at index 100 result=0 reference=77&#x0A;" type=""><![CDATA[/home/cjxu/npp/test/unit/nppi/nppi_filtering_functions/test_nppi_filterBoxBorder.cpp:96
Expected: (diff) <= (tolerance), actual: 77 vs 5
Mismatch at index 100 result=0 reference=77
]]></failure>
      <failure message="/home/cjxu/npp/test/unit/nppi/nppi_filtering_functions/test_nppi_filterBoxBorder.cpp:96&#x0A;Expected: (diff) &lt;= (tolerance), actual: 179 vs 5&#x0A;Mismatch at index 101 result=0 reference=-179&#x0A;" type=""><![CDATA[/home/cjxu/npp/test/unit/nppi/nppi_filtering_functions/test_nppi_filterBoxBorder.cpp:96
Expected: (diff) <= (tolerance), actual: 179 vs 5
Mismatch at index 101 result=0 reference=-179
]]></failure>
      <failure message="/home/cjxu/npp/test/unit/nppi/nppi_filtering_functions/test_nppi_filterBoxBorder.cpp:96&#x0A;Expected: (diff) &lt;= (tolerance), actual: 19 vs 5&#x0A;Mismatch at index 102 result=0 reference=19&#x0A;" type=""><![CDATA[/home/cjxu/npp/test/unit/nppi/nppi_filtering_functions/test_nppi_filterBoxBorder.cpp:96
Expected: (diff) <= (tolerance), actual: 19 vs 5
Mismatch at index 102 result=0 reference=19
]]></failure>
      <failure message="/home/cjxu/npp/test/unit/nppi/nppi_filtering_functions/test_nppi_filterBoxBorder.cpp:96&#x0A;Expected: (diff) &lt;= (tolerance), actual: 57 vs 5&#x0A;Mismatch at index 103 result=0 reference=-57&#x0A;" type=""><![CDATA[/home/cjxu/npp/test/unit/nppi/nppi_filtering_functions/test_nppi_filterBoxBorder.cpp:96
Expected: (diff) <= (tolerance), actual: 57 vs 5
Mismatch at index 103 result=0 reference=-57
]]></failure>
      <failure message="/home/cjxu/npp/test/unit/nppi/nppi_filtering_functions/test_nppi_filterBoxBorder.cpp:96&#x0A;Expected: (diff) &lt;= (tolerance), actual: 104 vs 5&#x0A;Mismatch at index 104 result=0 reference=104&#x0A;" type=""><![CDATA[/home/cjxu/npp/test/unit/nppi/nppi_filtering_functions/test_nppi_filterBoxBorder.cpp:96
Expected: (diff) <= (tolerance), actual: 104 vs 5
Mismatch at index 104 result=0 reference=104
]]></failure>
      <failure message="/home/cjxu/npp/test/unit/nppi/nppi_filtering_functions/test_nppi_filterBoxBorder.cpp:96&#x0A;Expected: (diff) &lt;= (tolerance), actual: 71 vs 5&#x0A;Mismatch at index 105 result=0 reference=71&#x0A;" type=""><![CDATA[/home/cjxu/npp/test/unit/nppi/nppi_filtering_functions/test_nppi_filterBoxBorder.cpp:96
Expected: (diff) <= (tolerance), actual: 71 vs 5
Mismatch at index 105 result=0 reference=71
]]></failure>
      <failure message="/home/cjxu/npp/test/unit/nppi/nppi_filtering_functions/test_nppi_filterBoxBorder.cpp:96&#x0A;Expected: (diff) &lt;= (tolerance), actual: 48 vs 5&#x0A;Mismatch at index 106 result=0 reference=-48&#x0A;" type=""><![CDATA[/home/cjxu/npp/test/unit/nppi/nppi_filtering_functions/test_nppi_filterBoxBorder.cpp:96
Expected: (diff) <= (tolerance), actual: 48 vs 5
Mismatch at index 106 result=0 reference=-48
]]></failure>
      <failure message="/home/cjxu/npp/test/unit/nppi/nppi_filtering_functions/test_nppi_filterBoxBorder.cpp:96&#x0A;Expected: (diff) &lt;= (tolerance), actual: 117 vs 5&#x0A;Mismatch at index 107 result=0 reference=117&#x0A;" type=""><![CDATA[/home/cjxu/npp/test/unit/nppi/nppi_filtering_functions/test_nppi_filterBoxBorder.cpp:96
Expected: (diff) <= (tolerance), actual: 117 vs 5
Mismatch at index 107 result=0 reference=117
]]></failure>
      <failure message="/home/cjxu/npp/test/unit/nppi/nppi_filtering_functions/test_nppi_filterBoxBorder.cpp:96&#x0A;Expected: (diff) &lt;= (tolerance), actual: 34 vs 5&#x0A;Mismatch at index 108 result=0 reference=-34&#x0A;" type=""><![CDATA[/home/cjxu/npp/test/unit/nppi/nppi_filtering_functions/test_nppi_filterBoxBorder.cpp:96
Expected: (diff) <= (tolerance), actual: 34 vs 5
Mismatch at index 108 result=0 reference=-34
]]></failure>
      <failure message="/home/cjxu/npp/test/unit/nppi/nppi_filtering_functions/test_nppi_filterBoxBorder.cpp:96&#x0A;Expected: (diff) &lt;= (tolerance), actual: 43 vs 5&#x0A;Mismatch at index 109 result=0 reference=43&#x0A;" type=""><![CDATA[/home/cjxu/npp/test/unit/nppi/nppi_filtering_functions/test_nppi_filterBoxBorder.cpp:96
Expected: (diff) <= (tolerance), actual: 43 vs 5
Mismatch at index 109 result=0 reference=43
]]></failure>
      <failure message="/home/cjxu/npp/test/unit/nppi/nppi_filtering_functions/test_nppi_filterBoxBorder.cpp:96&#x0A;Expected: (diff) &lt;= (tolerance), actual: 230 vs 5&#x0A;Mismatch at index 110 result=0 reference=-230&#x0A;" type=""><![CDATA[/home/cjxu/npp/test/unit/nppi/nppi_filtering_functions/test_nppi_filterBoxBorder.cpp:96
Expected: (diff) <= (tolerance), actual: 230 vs 5
Mismatch at index 110 result=0 reference=-230
]]></failure>
      <failure message="/home/cjxu/npp/test/unit/nppi/nppi_filtering_functions/test_nppi_filterBoxBorder.cpp:96&#x0A;Expected: (diff) &lt;= (tolerance), actual: 341 vs 5&#x0A;Mismatch at index 111 result=0 reference=-341&#x0A;" type=""><![CDATA[/home/cjxu/npp/test/unit/nppi/nppi_filtering_functions/test_nppi_filterBoxBorder.cpp:96
Expected: (diff) <= (tolerance), actual: 341 vs 5
Mismatch at index 111 result=0 reference=-341
]]></failure>
      <failure message="/home/cjxu/npp/test/unit/nppi/nppi_filtering_functions/test_nppi_filterBoxBorder.cpp:96&#x0A;Expected: (diff) &lt;= (tolerance), actual: 188 vs 5&#x0A;Mismatch at index 112 result=0 reference=188&#x0A;" type=""><![CDATA[/home/cjxu/npp/test/unit/nppi/nppi_filtering_functions/test_nppi_filterBoxBorder.cpp:96
Expected: (diff) <= (tolerance), actual: 188 vs 5
Mismatch at index 112 result=0 reference=188
]]></failure>
      <failure message="/home/cjxu/npp/test/unit/nppi/nppi_filtering_functions/test_nppi_filterBoxBorder.cpp:96&#x0A;Expected: (diff) &lt;= (tolerance), actual: 100 vs 5&#x0A;Mismatch at index 113 result=0 reference=100&#x0A;" type=""><![CDATA[/home/cjxu/npp/test/unit/nppi/nppi_filtering_functions/test_nppi_filterBoxBorder.cpp:96
Expected: (diff) <= (tolerance), actual: 100 vs 5
Mismatch at index 113 result=0 reference=100
]]></failure>
      <failure message="/home/cjxu/npp/test/unit/nppi/nppi_filtering_functions/test_nppi_filterBoxBorder.cpp:96&#x0A;Expected: (diff) &lt;= (tolerance), actual: 155 vs 5&#x0A;Mismatch at index 114 result=0 reference=-155&#x0A;" type=""><![CDATA[/home/cjxu/npp/test/unit/nppi/nppi_filtering_functions/test_nppi_filterBoxBorder.cpp:96
Expected: (diff) <= (tolerance), actual: 155 vs 5
Mismatch at index 114 result=0 reference=-155
]]></failure>
      <failure message="/home/cjxu/npp/test/unit/nppi/nppi_filtering_functions/test_nppi_filterBoxBorder.cpp:96&#x0A;Expected: (diff) &lt;= (tolerance), actual: 76 vs 5&#x0A;Mismatch at index 115 result=0 reference=-76&#x0A;" type=""><![CDATA[/home/cjxu/npp/test/unit/nppi/nppi_filtering_functions/test_nppi_filterBoxBorder.cpp:96
Expected: (diff) <= (tolerance), actual: 76 vs 5
Mismatch at index 115 result=0 reference=-76
]]></failure>
      <failure message="/home/cjxu/npp/test/unit/nppi/nppi_filtering_functions/test_nppi_filterBoxBorder.cpp:96&#x0A;Expected: (diff) &lt;= (tolerance), actual: 179 vs 5&#x0A;Mismatch at index 116 result=0 reference=179&#x0A;" type=""><![CDATA[/home/cjxu/npp/test/unit/nppi/nppi_filtering_functions/test_nppi_filterBoxBorder.cpp:96
Expected: (diff) <= (tolerance), actual: 179 vs 5
Mismatch at index 116 result=0 reference=179
]]></failure>
      <failure message="/home/cjxu/npp/test/unit/nppi/nppi_filtering_functions/test_nppi_filterBoxBorder.cpp:96&#x0A;Expected: (diff) &lt;= (tolerance), actual: 196 vs 5&#x0A;Mismatch at index 117 result=0 reference=196&#x0A;" type=""><![CDATA[/home/cjxu/npp/test/unit/nppi/nppi_filtering_functions/test_nppi_filterBoxBorder.cpp:96
Expected: (diff) <= (tolerance), actual: 196 vs 5
Mismatch at index 117 result=0 reference=196
]]></failure>
      <failure message="/home/cjxu/npp/test/unit/nppi/nppi_filtering_functions/test_nppi_filterBoxBorder.cpp:96&#x0A;Expected: (diff) &lt;= (tolerance), actual: 73 vs 5&#x0A;Mismatch at index 118 result=0 reference=73&#x0A;" type=""><![CDATA[/home/cjxu/npp/test/unit/nppi/nppi_filtering_functions/test_nppi_filterBoxBorder.cpp:96
Expected: (diff) <= (tolerance), actual: 73 vs 5
Mismatch at index 118 result=0 reference=73
]]></failure>
      <failure message="/home/cjxu/npp/test/unit/nppi/nppi_filtering_functions/test_nppi_filterBoxBorder.cpp:96&#x0A;Expected: (diff) &lt;= (tolerance), actual: 70 vs 5&#x0A;Mismatch at index 119 result=0 reference=70&#x0A;" type=""><![CDATA[/home/cjxu/npp/test/unit/nppi/nppi_filtering_functions/test_nppi_filterBoxBorder.cpp:96
Expected: (diff) <= (tolerance), actual: 70 vs 5
Mismatch at index 119 result=0 reference=70
]]></failure>
      <failure message="/home/cjxu/npp/test/unit/nppi/nppi_filtering_functions/test_nppi_filterBoxBorder.cpp:96&#x0A;Expected: (diff) &lt;= (tolerance), actual: 41 vs 5&#x0A;Mismatch at index 120 result=0 reference=41&#x0A;" type=""><![CDATA[/home/cjxu/npp/test/unit/nppi/nppi_filtering_functions/test_nppi_filterBoxBorder.cpp:96
Expected: (diff) <= (tolerance), actual: 41 vs 5
Mismatch at index 120 result=0 reference=41
]]></failure>
      <failure message="/home/cjxu/npp/test/unit/nppi/nppi_filtering_functions/test_nppi_filterBoxBorder.cpp:96&#x0A;Expected: (diff) &lt;= (tolerance), actual: 202 vs 5&#x0A;Mismatch at index 121 result=0 reference=202&#x0A;" type=""><![CDATA[/home/cjxu/npp/test/unit/nppi/nppi_filtering_functions/test_nppi_filterBoxBorder.cpp:96
Expected: (diff) <= (tolerance), actual: 202 vs 5
Mismatch at index 121 result=0 reference=202
]]></failure>
      <failure message="/home/cjxu/npp/test/unit/nppi/nppi_filtering_functions/test_nppi_filterBoxBorder.cpp:96&#x0A;Expected: (diff) &lt;= (tolerance), actual: 25 vs 5&#x0A;Mismatch at index 122 result=0 reference=25&#x0A;" type=""><![CDATA[/home/cjxu/npp/test/unit/nppi/nppi_filtering_functions/test_nppi_filterBoxBorder.cpp:96
Expected: (diff) <= (tolerance), actual: 25 vs 5
Mismatch at index 122 result=0 reference=25
]]></failure>
      <failure message="/home/cjxu/npp/test/unit/nppi/nppi_filtering_functions/test_nppi_filterBoxBorder.cpp:96&#x0A;Expected: (diff) &lt;= (tolerance), actual: 100 vs 5&#x0A;Mismatch at index 123 result=0 reference=100&#x0A;" type=""><![CDATA[/home/cjxu/npp/test/unit/nppi/nppi_filtering_functions/test_nppi_filterBoxBorder.cpp:96
Expected: (diff) <= (tolerance), actual: 100 vs 5
Mismatch at index 123 result=0 reference=100
]]></failure>
      <failure message="/home/cjxu/npp/test/unit/nppi/nppi_filtering_functions/test_nppi_filterBoxBorder.cpp:96&#x0A;Expected: (diff) &lt;= (tolerance), actual: 12 vs 5&#x0A;Mismatch at index 124 result=0 reference=-12&#x0A;" type=""><![CDATA[/home/cjxu/npp/test/unit/nppi/nppi_filtering_functions/test_nppi_filterBoxBorder.cpp:96
Expected: (diff) <= (tolerance), actual: 12 vs 5
Mismatch at index 124 result=0 reference=-12
]]></failure>
      <failure message="/home/cjxu/npp/test/unit/nppi/nppi_filtering_functions/test_nppi_filterBoxBorder.cpp:96&#x0A;Expected: (diff) &lt;= (tolerance), actual: 177 vs 5&#x0A;Mismatch at index 125 result=0 reference=-177&#x0A;" type=""><![CDATA[/home/cjxu/npp/test/unit/nppi/nppi_filtering_functions/test_nppi_filterBoxBorder.cpp:96
Expected: (diff) <= (tolerance), actual: 177 vs 5
Mismatch at index 125 result=0 reference=-177
]]></failure>
      <failure message="/home/cjxu/npp/test/unit/nppi/nppi_filtering_functions/test_nppi_filterBoxBorder.cpp:96&#x0A;Expected: (diff) &lt;= (tolerance), actual: 103 vs 5&#x0A;Mismatch at index 126 result=0 reference=103&#x0A;" type=""><![CDATA[/home/cjxu/npp/test/unit/nppi/nppi_filtering_functions/test_nppi_filterBoxBorder.cpp:96
Expected: (diff) <= (tolerance), actual: 103 vs 5
Mismatch at index 126 result=0 reference=103
]]></failure>
      <failure message="/home/cjxu/npp/test/unit/nppi/nppi_filtering_functions/test_nppi_filterBoxBorder.cpp:96&#x0A;Expected: (diff) &lt;= (tolerance), actual: 24 vs 5&#x0A;Mismatch at index 127 result=0 reference=-24&#x0A;" type=""><![CDATA[/home/cjxu/npp/test/unit/nppi/nppi_filtering_functions/test_nppi_filterBoxBorder.cpp:96
Expected: (diff) <= (tolerance), actual: 24 vs 5
Mismatch at index 127 result=0 reference=-24
]]></failure>
      <failure message="/home/cjxu/npp/test/unit/nppi/nppi_filtering_functions/test_nppi_filterBoxBorder.cpp:96&#x0A;Expected: (diff) &lt;= (tolerance), actual: 267 vs 5&#x0A;Mismatch at index 128 result=0 reference=-267&#x0A;" type=""><![CDATA[/home/cjxu/npp/test/unit/nppi/nppi_filtering_functions/test_nppi_filterBoxBorder.cpp:96
Expected: (diff) <= (tolerance), actual: 267 vs 5
Mismatch at index 128 result=0 reference=-267
]]></failure>
      <failure message="/home/cjxu/npp/test/unit/nppi/nppi_filtering_functions/test_nppi_filterBoxBorder.cpp:96&#x0A;Expected: (diff) &lt;= (tolerance), actual: 185 vs 5&#x0A;Mismatch at index 129 result=0 reference=-185&#x0A;" type=""><![CDATA[/home/cjxu/npp/test/unit/nppi/nppi_filtering_functions/test_nppi_filterBoxBorder.cpp:96
Expected: (diff) <= (tolerance), actual: 185 vs 5
Mismatch at index 129 result=0 reference=-185
]]></failure>
      <failure message="/home/cjxu/npp/test/unit/nppi/nppi_filtering_functions/test_nppi_filterBoxBorder.cpp:96&#x0A;Expected: (diff) &lt;= (tolerance), actual: 54 vs 5&#x0A;Mismatch at index 130 result=0 reference=54&#x0A;" type=""><![CDATA[/home/cjxu/npp/test/unit/nppi/nppi_filtering_functions/test_nppi_filterBoxBorder.cpp:96
Expected: (diff) <= (tolerance), actual: 54 vs 5
Mismatch at index 130 result=0 reference=54
]]></failure>
      <failure message="/home/cjxu/npp/test/unit/nppi/nppi_filtering_functions/test_nppi_filterBoxBorder.cpp:96&#x0A;Expected: (diff) &lt;= (tolerance), actual: 47 vs 5&#x0A;Mismatch at index 131 result=0 reference=47&#x0A;" type=""><![CDATA[/home/cjxu/npp/test/unit/nppi/nppi_filtering_functions/test_nppi_filterBoxBorder.cpp:96
Expected: (diff) <= (tolerance), actual: 47 vs 5
Mismatch at index 131 result=0 reference=47
]]></failure>
      <failure message="/home/cjxu/npp/test/unit/nppi/nppi_filtering_functions/test_nppi_filterBoxBorder.cpp:96&#x0A;Expected: (diff) &lt;= (tolerance), actual: 26 vs 5&#x0A;Mismatch at index 132 result=0 reference=-26&#x0A;" type=""><![CDATA[/home/cjxu/npp/test/unit/nppi/nppi_filtering_functions/test_nppi_filterBoxBorder.cpp:96
Expected: (diff) <= (tolerance), actual: 26 vs 5
Mismatch at index 132 result=0 reference=-26
]]></failure>
      <failure message="/home/cjxu/npp/test/unit/nppi/nppi_filtering_functions/test_nppi_filterBoxBorder.cpp:96&#x0A;Expected: (diff) &lt;= (tolerance), actual: 93 vs 5&#x0A;Mismatch at index 133 result=0 reference=93&#x0A;" type=""><![CDATA[/home/cjxu/npp/test/unit/nppi/nppi_filtering_functions/test_nppi_filterBoxBorder.cpp:96
Expected: (diff) <= (tolerance), actual: 93 vs 5
Mismatch at index 133 result=0 reference=93
]]></failure>
      <failure message="/home/cjxu/npp/test/unit/nppi/nppi_filtering_functions/test_nppi_filterBoxBorder.cpp:96&#x0A;Expected: (diff) &lt;= (tolerance), actual: 301 vs 5&#x0A;Mismatch at index 134 result=0 reference=301&#x0A;" type=""><![CDATA[/home/cjxu/npp/test/unit/nppi/nppi_filtering_functions/test_nppi_filterBoxBorder.cpp:96
Expected: (diff) <= (tolerance), actual: 301 vs 5
Mismatch at index 134 result=0 reference=301
]]></failure>
      <failure message="/home/cjxu/npp/test/unit/nppi/nppi_filtering_functions/test_nppi_filterBoxBorder.cpp:96&#x0A;Expected: (diff) &lt;= (tolerance), actual: 298 vs 5&#x0A;Mismatch at index 135 result=0 reference=298&#x0A;" type=""><![CDATA[/home/cjxu/npp/test/unit/nppi/nppi_filtering_functions/test_nppi_filterBoxBorder.cpp:96
Expected: (diff) <= (tolerance), actual: 298 vs 5
Mismatch at index 135 result=0 reference=298
]]></failure>
      <failure message="/home/cjxu/npp/test/unit/nppi/nppi_filtering_functions/test_nppi_filterBoxBorder.cpp:96&#x0A;Expected: (diff) &lt;= (tolerance), actual: 223 vs 5&#x0A;Mismatch at index 136 result=0 reference=223&#x0A;" type=""><![CDATA[/home/cjxu/npp/test/unit/nppi/nppi_filtering_functions/test_nppi_filterBoxBorder.cpp:96
Expected: (diff) <= (tolerance), actual: 223 vs 5
Mismatch at index 136 result=0 reference=223
]]></failure>
      <failure message="/home/cjxu/npp/test/unit/nppi/nppi_filtering_functions/test_nppi_filterBoxBorder.cpp:96&#x0A;Expected: (diff) &lt;= (tolerance), actual: 207 vs 5&#x0A;Mismatch at index 137 result=0 reference=207&#x0A;" type=""><![CDATA[/home/cjxu/npp/test/unit/nppi/nppi_filtering_functions/test_nppi_filterBoxBorder.cpp:96
Expected: (diff) <= (tolerance), actual: 207 vs 5
Mismatch at index 137 result=0 reference=207
]]></failure>
      <failure message="/home/cjxu/npp/test/unit/nppi/nppi_filtering_functions/test_nppi_filterBoxBorder.cpp:96&#x0A;Expected: (diff) &lt;= (tolerance), actual: 142 vs 5&#x0A;Mismatch at index 138 result=0 reference=142&#x0A;" type=""><![CDATA[/home/cjxu/npp/test/unit/nppi/nppi_filtering_functions/test_nppi_filterBoxBorder.cpp:96
Expected: (diff) <= (tolerance), actual: 142 vs 5
Mismatch at index 138 result=0 reference=142
]]></failure>
      <failure message="/home/cjxu/npp/test/unit/nppi/nppi_filtering_functions/test_nppi_filterBoxBorder.cpp:96&#x0A;Expected: (diff) &lt;= (tolerance), actual: 87 vs 5&#x0A;Mismatch at index 139 result=0 reference=-87&#x0A;" type=""><![CDATA[/home/cjxu/npp/test/unit/nppi/nppi_filtering_functions/test_nppi_filterBoxBorder.cpp:96
Expected: (diff) <= (tolerance), actual: 87 vs 5
Mismatch at index 139 result=0 reference=-87
]]></failure>
    </testcase>
    <testcase name="FilterBoxBorder_32f_C1R" file="/home/cjxu/npp/test/unit/nppi/nppi_filtering_functions/test_nppi_filterBoxBorder.cpp" line="228" status="run" result="completed" time="0." timestamp="2025-09-13T22:25:51.625" classname="NPPIFilterBoxBorderTest">
      <failure message="/home/cjxu/npp/test/unit/nppi/nppi_filtering_functions/test_nppi_filterBoxBorder.cpp:253&#x0A;Expected equality of these values:&#x0A;  status&#x0A;    Which is: -8&#x0A;  NPP_SUCCESS&#x0A;    Which is: 0&#x0A;" type=""><![CDATA[/home/cjxu/npp/test/unit/nppi/nppi_filtering_functions/test_nppi_filterBoxBorder.cpp:253
Expected equality of these values:
  status
    Which is: -8
  NPP_SUCCESS
    Which is: 0
]]></failure>
    </testcase>
    <testcase name="FilterBoxBorder_DifferentKernelSizes" file="/home/cjxu/npp/test/unit/nppi/nppi_filtering_functions/test_nppi_filterBoxBorder.cpp" line="277" status="run" result="completed" time="0." timestamp="2025-09-13T22:25:51.625" classname="NPPIFilterBoxBorderTest">
      <failure message="/home/cjxu/npp/test/unit/nppi/nppi_filtering_functions/test_nppi_filterBoxBorder.cpp:307&#x0A;Expected equality of these values:&#x0A;  status&#x0A;    Which is: -8&#x0A;  NPP_SUCCESS&#x0A;    Which is: 0&#x0A;" type=""><![CDATA[/home/cjxu/npp/test/unit/nppi/nppi_filtering_functions/test_nppi_filterBoxBorder.cpp:307
Expected equality of these values:
  status
    Which is: -8
  NPP_SUCCESS
    Which is: 0
]]></failure>
      <failure message="/home/cjxu/npp/test/unit/nppi/nppi_filtering_functions/test_nppi_filterBoxBorder.cpp:320&#x0A;Value of: hasValidResult&#x0A;  Actual: false&#x0A;Expected: true&#x0A;" type=""><![CDATA[/home/cjxu/npp/test/unit/nppi/nppi_filtering_functions/test_nppi_filterBoxBorder.cpp:320
Value of: hasValidResult
  Actual: false
Expected: true
]]></failure>
    </testcase>
    <testcase name="DISABLED_FilterBoxBorder_DifferentBorderTypes" file="/home/cjxu/npp/test/unit/nppi/nppi_filtering_functions/test_nppi_filterBoxBorder.cpp" line="328" status="notrun" result="suppressed" time="0." timestamp="1970-01-01T08:00:00.000" classname="NPPIFilterBoxBorderTest" />
    <testcase name="FilterBoxBorder_8u_C1R_Ctx" file="/home/cjxu/npp/test/unit/nppi/nppi_filtering_functions/test_nppi_filterBoxBorder.cpp" line="377" status="run" result="completed" time="0." timestamp="2025-09-13T22:25:51.625" classname="NPPIFilterBoxBorderTest">
      <failure message="/home/cjxu/npp/test/unit/nppi/nppi_filtering_functions/test_nppi_filterBoxBorder.cpp:404&#x0A;Expected equality of these values:&#x0A;  status&#x0A;    Which is: -8&#x0A;  NPP_SUCCESS&#x0A;    Which is: 0&#x0A;" type=""><![CDATA[/home/cjxu/npp/test/unit/nppi/nppi_filtering_functions/test_nppi_filterBoxBorder.cpp:404
Expected equality of these values:
  status
    Which is: -8
  NPP_SUCCESS
    Which is: 0
]]></failure>
      <failure message="/home/cjxu/npp/test/unit/nppi/nppi_filtering_functions/test_nppi_filterBoxBorder.cpp:417&#x0A;Value of: hasNonZero&#x0A;  Actual: false&#x0A;Expected: true&#x0A;" type=""><![CDATA[/home/cjxu/npp/test/unit/nppi/nppi_filtering_functions/test_nppi_filterBoxBorder.cpp:417
Value of: hasNonZero
  Actual: false
Expected: true
]]></failure>
    </testcase>
    <testcase name="DISABLED_ErrorHandling" file="/home/cjxu/npp/test/unit/nppi/nppi_filtering_functions/test_nppi_filterBoxBorder.cpp" line="426" status="notrun" result="suppressed" time="0." timestamp="1970-01-01T08:00:00.000" classname="NPPIFilterBoxBorderTest" />
  </testsuite>
  <testsuite name="NPPIFilterCannyTest" tests="4" failures="1" disabled="2" skipped="0" errors="0" time="0." timestamp="2025-09-13T22:25:51.625">
    <testcase name="CannyBorderGetBufferSize_Basic" file="/home/cjxu/npp/test/unit/nppi/nppi_filtering_functions/test_nppi_filterCanny.cpp" line="29" status="run" result="completed" time="0." timestamp="2025-09-13T22:25:51.625" classname="NPPIFilterCannyTest" />
    <testcase name="DISABLED_CannyBorderGetBufferSize_ErrorHandling" file="/home/cjxu/npp/test/unit/nppi/nppi_filtering_functions/test_nppi_filterCanny.cpp" line="39" status="notrun" result="suppressed" time="0." timestamp="1970-01-01T08:00:00.000" classname="NPPIFilterCannyTest" />
    <testcase name="FilterCannyBorder_8u_C1R_Basic" file="/home/cjxu/npp/test/unit/nppi/nppi_filtering_functions/test_nppi_filterCanny.cpp" line="52" status="run" result="completed" time="0." timestamp="2025-09-13T22:25:51.625" classname="NPPIFilterCannyTest">
      <failure message="/home/cjxu/npp/test/unit/nppi/nppi_filtering_functions/test_nppi_filterCanny.cpp:89&#x0A;Expected equality of these values:&#x0A;  status&#x0A;    Which is: -8&#x0A;  NPP_SUCCESS&#x0A;    Which is: 0&#x0A;" type=""><![CDATA[/home/cjxu/npp/test/unit/nppi/nppi_filtering_functions/test_nppi_filterCanny.cpp:89
Expected equality of these values:
  status
    Which is: -8
  NPP_SUCCESS
    Which is: 0
]]></failure>
      <failure message="/home/cjxu/npp/test/unit/nppi/nppi_filtering_functions/test_nppi_filterCanny.cpp:101&#x0A;Expected: (edgePixelCount) &gt; (0), actual: 0 vs 0&#x0A;" type=""><![CDATA[/home/cjxu/npp/test/unit/nppi/nppi_filtering_functions/test_nppi_filterCanny.cpp:101
Expected: (edgePixelCount) > (0), actual: 0 vs 0
]]></failure>
    </testcase>
    <testcase name="DISABLED_FilterCannyBorder_ErrorHandling" file="/home/cjxu/npp/test/unit/nppi/nppi_filtering_functions/test_nppi_filterCanny.cpp" line="110" status="notrun" result="suppressed" time="0." timestamp="1970-01-01T08:00:00.000" classname="NPPIFilterCannyTest" />
  </testsuite>
  <testsuite name="GaussianFilterFunctionalTest" tests="6" failures="5" disabled="1" skipped="0" errors="0" time="0." timestamp="2025-09-13T22:25:51.626">
    <testcase name="FilterGauss_8u_C1R_3x3" file="/home/cjxu/npp/test/unit/nppi/nppi_filtering_functions/test_nppi_filterGauss.cpp" line="52" status="run" result="completed" time="0." timestamp="2025-09-13T22:25:51.626" classname="GaussianFilterFunctionalTest">
      <failure message="unknown file&#x0A;C++ exception with description &quot;Failed to allocate NPP image memory&quot; thrown in the test body.&#x0A;" type=""><![CDATA[unknown file
C++ exception with description "Failed to allocate NPP image memory" thrown in the test body.
]]></failure>
      <failure message="/home/cjxu/npp/test/unit/nppi/nppi_filtering_functions/../../framework/npp_test_base.h:46&#x0A;Expected equality of these values:&#x0A;  err&#x0A;    Which is: 700&#x0A;  cudaSuccess&#x0A;    Which is: 0&#x0A;CUDA error after test: an illegal memory access was encountered&#x0A;" type=""><![CDATA[/home/cjxu/npp/test/unit/nppi/nppi_filtering_functions/../../framework/npp_test_base.h:46
Expected equality of these values:
  err
    Which is: 700
  cudaSuccess
    Which is: 0
CUDA error after test: an illegal memory access was encountered
]]></failure>
    </testcase>
    <testcase name="FilterGauss_8u_C1R_5x5" file="/home/cjxu/npp/test/unit/nppi/nppi_filtering_functions/test_nppi_filterGauss.cpp" line="96" status="run" result="completed" time="0." timestamp="2025-09-13T22:25:51.626" classname="GaussianFilterFunctionalTest">
      <failure message="unknown file&#x0A;C++ exception with description &quot;Failed to allocate NPP image memory&quot; thrown in the test body.&#x0A;" type=""><![CDATA[unknown file
C++ exception with description "Failed to allocate NPP image memory" thrown in the test body.
]]></failure>
      <failure message="/home/cjxu/npp/test/unit/nppi/nppi_filtering_functions/../../framework/npp_test_base.h:46&#x0A;Expected equality of these values:&#x0A;  err&#x0A;    Which is: 700&#x0A;  cudaSuccess&#x0A;    Which is: 0&#x0A;CUDA error after test: an illegal memory access was encountered&#x0A;" type=""><![CDATA[/home/cjxu/npp/test/unit/nppi/nppi_filtering_functions/../../framework/npp_test_base.h:46
Expected equality of these values:
  err
    Which is: 700
  cudaSuccess
    Which is: 0
CUDA error after test: an illegal memory access was encountered
]]></failure>
    </testcase>
    <testcase name="FilterGauss_8u_C3R_Basic" file="/home/cjxu/npp/test/unit/nppi/nppi_filtering_functions/test_nppi_filterGauss.cpp" line="141" status="run" result="completed" time="0." timestamp="2025-09-13T22:25:51.626" classname="GaussianFilterFunctionalTest">
      <failure message="/home/cjxu/npp/test/unit/nppi/nppi_filtering_functions/test_nppi_filterGauss.cpp:159&#x0A;Expected: (srcPtr) != (nullptr), actual: NULL vs (nullptr)&#x0A;" type=""><![CDATA[/home/cjxu/npp/test/unit/nppi/nppi_filtering_functions/test_nppi_filterGauss.cpp:159
Expected: (srcPtr) != (nullptr), actual: NULL vs (nullptr)
]]></failure>
      <failure message="/home/cjxu/npp/test/unit/nppi/nppi_filtering_functions/../../framework/npp_test_base.h:46&#x0A;Expected equality of these values:&#x0A;  err&#x0A;    Which is: 700&#x0A;  cudaSuccess&#x0A;    Which is: 0&#x0A;CUDA error after test: an illegal memory access was encountered&#x0A;" type=""><![CDATA[/home/cjxu/npp/test/unit/nppi/nppi_filtering_functions/../../framework/npp_test_base.h:46
Expected equality of these values:
  err
    Which is: 700
  cudaSuccess
    Which is: 0
CUDA error after test: an illegal memory access was encountered
]]></failure>
    </testcase>
    <testcase name="FilterGauss_32f_C1R_Float" file="/home/cjxu/npp/test/unit/nppi/nppi_filtering_functions/test_nppi_filterGauss.cpp" line="190" status="run" result="completed" time="0." timestamp="2025-09-13T22:25:51.626" classname="GaussianFilterFunctionalTest">
      <failure message="unknown file&#x0A;C++ exception with description &quot;Failed to allocate NPP image memory&quot; thrown in the test body.&#x0A;" type=""><![CDATA[unknown file
C++ exception with description "Failed to allocate NPP image memory" thrown in the test body.
]]></failure>
      <failure message="/home/cjxu/npp/test/unit/nppi/nppi_filtering_functions/../../framework/npp_test_base.h:46&#x0A;Expected equality of these values:&#x0A;  err&#x0A;    Which is: 700&#x0A;  cudaSuccess&#x0A;    Which is: 0&#x0A;CUDA error after test: an illegal memory access was encountered&#x0A;" type=""><![CDATA[/home/cjxu/npp/test/unit/nppi/nppi_filtering_functions/../../framework/npp_test_base.h:46
Expected equality of these values:
  err
    Which is: 700
  cudaSuccess
    Which is: 0
CUDA error after test: an illegal memory access was encountered
]]></failure>
    </testcase>
    <testcase name="DISABLED_FilterGauss_ErrorHandling" file="/home/cjxu/npp/test/unit/nppi/nppi_filtering_functions/test_nppi_filterGauss.cpp" line="230" status="notrun" result="suppressed" time="0." timestamp="1970-01-01T08:00:00.000" classname="GaussianFilterFunctionalTest" />
    <testcase name="FilterGauss_DifferentKernelSizes" file="/home/cjxu/npp/test/unit/nppi/nppi_filtering_functions/test_nppi_filterGauss.cpp" line="262" status="run" result="completed" time="0." timestamp="2025-09-13T22:25:51.626" classname="GaussianFilterFunctionalTest">
      <failure message="unknown file&#x0A;C++ exception with description &quot;Failed to allocate NPP image memory&quot; thrown in the test body.&#x0A;" type=""><![CDATA[unknown file
C++ exception with description "Failed to allocate NPP image memory" thrown in the test body.
]]></failure>
      <failure message="/home/cjxu/npp/test/unit/nppi/nppi_filtering_functions/../../framework/npp_test_base.h:46&#x0A;Expected equality of these values:&#x0A;  err&#x0A;    Which is: 700&#x0A;  cudaSuccess&#x0A;    Which is: 0&#x0A;CUDA error after test: an illegal memory access was encountered&#x0A;" type=""><![CDATA[/home/cjxu/npp/test/unit/nppi/nppi_filtering_functions/../../framework/npp_test_base.h:46
Expected equality of these values:
  err
    Which is: 700
  cudaSuccess
    Which is: 0
CUDA error after test: an illegal memory access was encountered
]]></failure>
    </testcase>
  </testsuite>
  <testsuite name="SimpleGaussianFilterTest" tests="1" failures="1" disabled="0" skipped="0" errors="0" time="0." timestamp="2025-09-13T22:25:51.626">
    <testcase name="BasicFunctionality" file="/home/cjxu/npp/test/unit/nppi/nppi_filtering_functions/test_nppi_filterGauss_simple.cpp" line="22" status="run" result="completed" time="0." timestamp="2025-09-13T22:25:51.626" classname="SimpleGaussianFilterTest">
      <failure message="unknown file&#x0A;C++ exception with description &quot;Failed to allocate NPP image memory&quot; thrown in the test body.&#x0A;" type=""><![CDATA[unknown file
C++ exception with description "Failed to allocate NPP image memory" thrown in the test body.
]]></failure>
      <failure message="/home/cjxu/npp/test/unit/nppi/nppi_filtering_functions/../../framework/npp_test_base.h:46&#x0A;Expected equality of these values:&#x0A;  err&#x0A;    Which is: 700&#x0A;  cudaSuccess&#x0A;    Which is: 0&#x0A;CUDA error after test: an illegal memory access was encountered&#x0A;" type=""><![CDATA[/home/cjxu/npp/test/unit/nppi/nppi_filtering_functions/../../framework/npp_test_base.h:46
Expected equality of these values:
  err
    Which is: 700
  cudaSuccess
    Which is: 0
CUDA error after test: an illegal memory access was encountered
]]></failure>
    </testcase>
  </testsuite>
  <testsuite name="FilterConvolutionFunctionalTest" tests="6" failures="5" disabled="1" skipped="0" errors="0" time="0." timestamp="2025-09-13T22:25:51.626">
    <testcase name="Filter_8u_C1R_EdgeDetection" file="/home/cjxu/npp/test/unit/nppi/nppi_filtering_functions/test_nppi_filter_convolution.cpp" line="45" status="run" result="completed" time="0." timestamp="2025-09-13T22:25:51.626" classname="FilterConvolutionFunctionalTest">
      <failure message="unknown file&#x0A;C++ exception with description &quot;Failed to allocate NPP image memory&quot; thrown in the test body.&#x0A;" type=""><![CDATA[unknown file
C++ exception with description "Failed to allocate NPP image memory" thrown in the test body.
]]></failure>
      <failure message="/home/cjxu/npp/test/unit/nppi/nppi_filtering_functions/../../framework/npp_test_base.h:46&#x0A;Expected equality of these values:&#x0A;  err&#x0A;    Which is: 700&#x0A;  cudaSuccess&#x0A;    Which is: 0&#x0A;CUDA error after test: an illegal memory access was encountered&#x0A;" type=""><![CDATA[/home/cjxu/npp/test/unit/nppi/nppi_filtering_functions/../../framework/npp_test_base.h:46
Expected equality of these values:
  err
    Which is: 700
  cudaSuccess
    Which is: 0
CUDA error after test: an illegal memory access was encountered
]]></failure>
    </testcase>
    <testcase name="Filter_8u_C1R_Sharpen" file="/home/cjxu/npp/test/unit/nppi/nppi_filtering_functions/test_nppi_filter_convolution.cpp" line="93" status="run" result="completed" time="0." timestamp="2025-09-13T22:25:51.626" classname="FilterConvolutionFunctionalTest">
      <failure message="unknown file&#x0A;C++ exception with description &quot;Failed to allocate NPP image memory&quot; thrown in the test body.&#x0A;" type=""><![CDATA[unknown file
C++ exception with description "Failed to allocate NPP image memory" thrown in the test body.
]]></failure>
      <failure message="/home/cjxu/npp/test/unit/nppi/nppi_filtering_functions/../../framework/npp_test_base.h:46&#x0A;Expected equality of these values:&#x0A;  err&#x0A;    Which is: 700&#x0A;  cudaSuccess&#x0A;    Which is: 0&#x0A;CUDA error after test: an illegal memory access was encountered&#x0A;" type=""><![CDATA[/home/cjxu/npp/test/unit/nppi/nppi_filtering_functions/../../framework/npp_test_base.h:46
Expected equality of these values:
  err
    Which is: 700
  cudaSuccess
    Which is: 0
CUDA error after test: an illegal memory access was encountered
]]></failure>
    </testcase>
    <testcase name="Filter_8u_C3R_Basic" file="/home/cjxu/npp/test/unit/nppi/nppi_filtering_functions/test_nppi_filter_convolution.cpp" line="131" status="run" result="completed" time="0." timestamp="2025-09-13T22:25:51.626" classname="FilterConvolutionFunctionalTest">
      <failure message="/home/cjxu/npp/test/unit/nppi/nppi_filtering_functions/test_nppi_filter_convolution.cpp:149&#x0A;Expected: (srcPtr) != (nullptr), actual: NULL vs (nullptr)&#x0A;" type=""><![CDATA[/home/cjxu/npp/test/unit/nppi/nppi_filtering_functions/test_nppi_filter_convolution.cpp:149
Expected: (srcPtr) != (nullptr), actual: NULL vs (nullptr)
]]></failure>
      <failure message="/home/cjxu/npp/test/unit/nppi/nppi_filtering_functions/../../framework/npp_test_base.h:46&#x0A;Expected equality of these values:&#x0A;  err&#x0A;    Which is: 700&#x0A;  cudaSuccess&#x0A;    Which is: 0&#x0A;CUDA error after test: an illegal memory access was encountered&#x0A;" type=""><![CDATA[/home/cjxu/npp/test/unit/nppi/nppi_filtering_functions/../../framework/npp_test_base.h:46
Expected equality of these values:
  err
    Which is: 700
  cudaSuccess
    Which is: 0
CUDA error after test: an illegal memory access was encountered
]]></failure>
    </testcase>
    <testcase name="Filter_32f_C1R_Gaussian" file="/home/cjxu/npp/test/unit/nppi/nppi_filtering_functions/test_nppi_filter_convolution.cpp" line="190" status="run" result="completed" time="0." timestamp="2025-09-13T22:25:51.626" classname="FilterConvolutionFunctionalTest">
      <failure message="unknown file&#x0A;C++ exception with description &quot;Failed to allocate NPP image memory&quot; thrown in the test body.&#x0A;" type=""><![CDATA[unknown file
C++ exception with description "Failed to allocate NPP image memory" thrown in the test body.
]]></failure>
      <failure message="/home/cjxu/npp/test/unit/nppi/nppi_filtering_functions/../../framework/npp_test_base.h:46&#x0A;Expected equality of these values:&#x0A;  err&#x0A;    Which is: 700&#x0A;  cudaSuccess&#x0A;    Which is: 0&#x0A;CUDA error after test: an illegal memory access was encountered&#x0A;" type=""><![CDATA[/home/cjxu/npp/test/unit/nppi/nppi_filtering_functions/../../framework/npp_test_base.h:46
Expected equality of these values:
  err
    Which is: 700
  cudaSuccess
    Which is: 0
CUDA error after test: an illegal memory access was encountered
]]></failure>
    </testcase>
    <testcase name="DISABLED_Filter_ErrorHandling" file="/home/cjxu/npp/test/unit/nppi/nppi_filtering_functions/test_nppi_filter_convolution.cpp" line="230" status="notrun" result="suppressed" time="0." timestamp="1970-01-01T08:00:00.000" classname="FilterConvolutionFunctionalTest" />
    <testcase name="Filter_DifferentKernelSizes" file="/home/cjxu/npp/test/unit/nppi/nppi_filtering_functions/test_nppi_filter_convolution.cpp" line="281" status="run" result="completed" time="0." timestamp="2025-09-13T22:25:51.626" classname="FilterConvolutionFunctionalTest">
      <failure message="unknown file&#x0A;C++ exception with description &quot;Failed to allocate NPP image memory&quot; thrown in the test body.&#x0A;" type=""><![CDATA[unknown file
C++ exception with description "Failed to allocate NPP image memory" thrown in the test body.
]]></failure>
      <failure message="/home/cjxu/npp/test/unit/nppi/nppi_filtering_functions/../../framework/npp_test_base.h:46&#x0A;Expected equality of these values:&#x0A;  err&#x0A;    Which is: 700&#x0A;  cudaSuccess&#x0A;    Which is: 0&#x0A;CUDA error after test: an illegal memory access was encountered&#x0A;" type=""><![CDATA[/home/cjxu/npp/test/unit/nppi/nppi_filtering_functions/../../framework/npp_test_base.h:46
Expected equality of these values:
  err
    Which is: 700
  cudaSuccess
    Which is: 0
CUDA error after test: an illegal memory access was encountered
]]></failure>
    </testcase>
  </testsuite>
  <testsuite name="NPPIGradientTest" tests="2" failures="0" disabled="2" skipped="0" errors="0" time="0." timestamp="1970-01-01T08:00:00.000">
    <testcase name="DISABLED_GradientVectorPrewittBorder_8u16s_C1R_Basic" file="/home/cjxu/npp/test/unit/nppi/nppi_filtering_functions/test_nppi_gradient.cpp" line="29" status="notrun" result="suppressed" time="0." timestamp="1970-01-01T08:00:00.000" classname="NPPIGradientTest" />
    <testcase name="DISABLED_GradientVectorPrewittBorder_ErrorHandling" file="/home/cjxu/npp/test/unit/nppi/nppi_filtering_functions/test_nppi_gradient.cpp" line="83" status="notrun" result="suppressed" time="0." timestamp="1970-01-01T08:00:00.000" classname="NPPIGradientTest" />
  </testsuite>
  <testsuite name="NPPICopyConstBorderTest" tests="7" failures="6" disabled="1" skipped="0" errors="0" time="0.025" timestamp="2025-09-13T22:25:51.626">
    <testcase name="CopyConstBorder_8u_C1R" file="/home/cjxu/npp/test/unit/nppi/nppi_geometry_transforms/test_nppi_copyConstBorder.cpp" line="105" status="run" result="completed" time="0.004" timestamp="2025-09-13T22:25:51.626" classname="NPPICopyConstBorderTest">
      <failure message="/home/cjxu/npp/test/unit/nppi/nppi_geometry_transforms/test_nppi_copyConstBorder.cpp:129&#x0A;Expected equality of these values:&#x0A;  status&#x0A;    Which is: -8&#x0A;  NPP_SUCCESS&#x0A;    Which is: 0&#x0A;" type=""><![CDATA[/home/cjxu/npp/test/unit/nppi/nppi_geometry_transforms/test_nppi_copyConstBorder.cpp:129
Expected equality of these values:
  status
    Which is: -8
  NPP_SUCCESS
    Which is: 0
]]></failure>
      <failure message="/home/cjxu/npp/test/unit/nppi/nppi_geometry_transforms/test_nppi_copyConstBorder.cpp:67&#x0A;Expected equality of these values:&#x0A;  dstData[dstIdx]&#x0A;    Which is: &apos;\0&apos;&#x0A;  borderValue&#x0A;    Which is: &apos;\x80&apos; (128)&#x0A;Border value mismatch at (0,0)&#x0A;" type=""><![CDATA[/home/cjxu/npp/test/unit/nppi/nppi_geometry_transforms/test_nppi_copyConstBorder.cpp:67
Expected equality of these values:
  dstData[dstIdx]
    Which is: '\0'
  borderValue
    Which is: '\x80' (128)
Border value mismatch at (0,0)
]]></failure>
      <failure message="/home/cjxu/npp/test/unit/nppi/nppi_geometry_transforms/test_nppi_copyConstBorder.cpp:67&#x0A;Expected equality of these values:&#x0A;  dstData[dstIdx]&#x0A;    Which is: &apos;\0&apos;&#x0A;  borderValue&#x0A;    Which is: &apos;\x80&apos; (128)&#x0A;Border value mismatch at (1,0)&#x0A;" type=""><![CDATA[/home/cjxu/npp/test/unit/nppi/nppi_geometry_transforms/test_nppi_copyConstBorder.cpp:67
Expected equality of these values:
  dstData[dstIdx]
    Which is: '\0'
  borderValue
    Which is: '\x80' (128)
Border value mismatch at (1,0)
]]></failure>
      <failure message="/home/cjxu/npp/test/unit/nppi/nppi_geometry_transforms/test_nppi_copyConstBorder.cpp:67&#x0A;Expected equality of these values:&#x0A;  dstData[dstIdx]&#x0A;    Which is: &apos;\0&apos;&#x0A;  borderValue&#x0A;    Which is: &apos;\x80&apos; (128)&#x0A;Border value mismatch at (2,0)&#x0A;" type=""><![CDATA[/home/cjxu/npp/test/unit/nppi/nppi_geometry_transforms/test_nppi_copyConstBorder.cpp:67
Expected equality of these values:
  dstData[dstIdx]
    Which is: '\0'
  borderValue
    Which is: '\x80' (128)
Border value mismatch at (2,0)
]]></failure>
      <failure message="/home/cjxu/npp/test/unit/nppi/nppi_geometry_transforms/test_nppi_copyConstBorder.cpp:67&#x0A;Expected equality of these values:&#x0A;  dstData[dstIdx]&#x0A;    Which is: &apos;\0&apos;&#x0A;  borderValue&#x0A;    Which is: &apos;\x80&apos; (128)&#x0A;Border value mismatch at (3,0)&#x0A;" type=""><![CDATA[/home/cjxu/npp/test/unit/nppi/nppi_geometry_transforms/test_nppi_copyConstBorder.cpp:67
Expected equality of these values:
  dstData[dstIdx]
    Which is: '\0'
  borderValue
    Which is: '\x80' (128)
Border value mismatch at (3,0)
]]></failure>
      <failure message="/home/cjxu/npp/test/unit/nppi/nppi_geometry_transforms/test_nppi_copyConstBorder.cpp:67&#x0A;Expected equality of these values:&#x0A;  dstData[dstIdx]&#x0A;    Which is: &apos;\0&apos;&#x0A;  borderValue&#x0A;    Which is: &apos;\x80&apos; (128)&#x0A;Border value mismatch at (4,0)&#x0A;" type=""><![CDATA[/home/cjxu/npp/test/unit/nppi/nppi_geometry_transforms/test_nppi_copyConstBorder.cpp:67
Expected equality of these values:
  dstData[dstIdx]
    Which is: '\0'
  borderValue
    Which is: '\x80' (128)
Border value mismatch at (4,0)
]]></failure>
      <failure message="/home/cjxu/npp/test/unit/nppi/nppi_geometry_transforms/test_nppi_copyConstBorder.cpp:67&#x0A;Expected equality of these values:&#x0A;  dstData[dstIdx]&#x0A;    Which is: &apos;\0&apos;&#x0A;  borderValue&#x0A;    Which is: &apos;\x80&apos; (128)&#x0A;Border value mismatch at (5,0)&#x0A;" type=""><![CDATA[/home/cjxu/npp/test/unit/nppi/nppi_geometry_transforms/test_nppi_copyConstBorder.cpp:67
Expected equality of these values:
  dstData[dstIdx]
    Which is: '\0'
  borderValue
    Which is: '\x80' (128)
Border value mismatch at (5,0)
]]></failure>
      <failure message="/home/cjxu/npp/test/unit/nppi/nppi_geometry_transforms/test_nppi_copyConstBorder.cpp:67&#x0A;Expected equality of these values:&#x0A;  dstData[dstIdx]&#x0A;    Which is: &apos;\0&apos;&#x0A;  borderValue&#x0A;    Which is: &apos;\x80&apos; (128)&#x0A;Border value mismatch at (6,0)&#x0A;" type=""><![CDATA[/home/cjxu/npp/test/unit/nppi/nppi_geometry_transforms/test_nppi_copyConstBorder.cpp:67
Expected equality of these values:
  dstData[dstIdx]
    Which is: '\0'
  borderValue
    Which is: '\x80' (128)
Border value mismatch at (6,0)
]]></failure>
      <failure message="/home/cjxu/npp/test/unit/nppi/nppi_geometry_transforms/test_nppi_copyConstBorder.cpp:67&#x0A;Expected equality of these values:&#x0A;  dstData[dstIdx]&#x0A;    Which is: &apos;\0&apos;&#x0A;  borderValue&#x0A;    Which is: &apos;\x80&apos; (128)&#x0A;Border value mismatch at (7,0)&#x0A;" type=""><![CDATA[/home/cjxu/npp/test/unit/nppi/nppi_geometry_transforms/test_nppi_copyConstBorder.cpp:67
Expected equality of these values:
  dstData[dstIdx]
    Which is: '\0'
  borderValue
    Which is: '\x80' (128)
Border value mismatch at (7,0)
]]></failure>
      <failure message="/home/cjxu/npp/test/unit/nppi/nppi_geometry_transforms/test_nppi_copyConstBorder.cpp:67&#x0A;Expected equality of these values:&#x0A;  dstData[dstIdx]&#x0A;    Which is: &apos;\0&apos;&#x0A;  borderValue&#x0A;    Which is: &apos;\x80&apos; (128)&#x0A;Border value mismatch at (8,0)&#x0A;" type=""><![CDATA[/home/cjxu/npp/test/unit/nppi/nppi_geometry_transforms/test_nppi_copyConstBorder.cpp:67
Expected equality of these values:
  dstData[dstIdx]
    Which is: '\0'
  borderValue
    Which is: '\x80' (128)
Border value mismatch at (8,0)
]]></failure>
      <failure message="/home/cjxu/npp/test/unit/nppi/nppi_geometry_transforms/test_nppi_copyConstBorder.cpp:67&#x0A;Expected equality of these values:&#x0A;  dstData[dstIdx]&#x0A;    Which is: &apos;\0&apos;&#x0A;  borderValue&#x0A;    Which is: &apos;\x80&apos; (128)&#x0A;Border value mismatch at (9,0)&#x0A;" type=""><![CDATA[/home/cjxu/npp/test/unit/nppi/nppi_geometry_transforms/test_nppi_copyConstBorder.cpp:67
Expected equality of these values:
  dstData[dstIdx]
    Which is: '\0'
  borderValue
    Which is: '\x80' (128)
Border value mismatch at (9,0)
]]></failure>
      <failure message="/home/cjxu/npp/test/unit/nppi/nppi_geometry_transforms/test_nppi_copyConstBorder.cpp:67&#x0A;Expected equality of these values:&#x0A;  dstData[dstIdx]&#x0A;    Which is: &apos;\0&apos;&#x0A;  borderValue&#x0A;    Which is: &apos;\x80&apos; (128)&#x0A;Border value mismatch at (10,0)&#x0A;" type=""><![CDATA[/home/cjxu/npp/test/unit/nppi/nppi_geometry_transforms/test_nppi_copyConstBorder.cpp:67
Expected equality of these values:
  dstData[dstIdx]
    Which is: '\0'
  borderValue
    Which is: '\x80' (128)
Border value mismatch at (10,0)
]]></failure>
      <failure message="/home/cjxu/npp/test/unit/nppi/nppi_geometry_transforms/test_nppi_copyConstBorder.cpp:67&#x0A;Expected equality of these values:&#x0A;  dstData[dstIdx]&#x0A;    Which is: &apos;\0&apos;&#x0A;  borderValue&#x0A;    Which is: &apos;\x80&apos; (128)&#x0A;Border value mismatch at (11,0)&#x0A;" type=""><![CDATA[/home/cjxu/npp/test/unit/nppi/nppi_geometry_transforms/test_nppi_copyConstBorder.cpp:67
Expected equality of these values:
  dstData[dstIdx]
    Which is: '\0'
  borderValue
    Which is: '\x80' (128)
Border value mismatch at (11,0)
]]></failure>
      <failure message="/home/cjxu/npp/test/unit/nppi/nppi_geometry_transforms/test_nppi_copyConstBorder.cpp:67&#x0A;Expected equality of these values:&#x0A;  dstData[dstIdx]&#x0A;    Which is: &apos;\0&apos;&#x0A;  borderValue&#x0A;    Which is: &apos;\x80&apos; (128)&#x0A;Border value mismatch at (12,0)&#x0A;" type=""><![CDATA[/home/cjxu/npp/test/unit/nppi/nppi_geometry_transforms/test_nppi_copyConstBorder.cpp:67
Expected equality of these values:
  dstData[dstIdx]
    Which is: '\0'
  borderValue
    Which is: '\x80' (128)
Border value mismatch at (12,0)
]]></failure>
      <failure message="/home/cjxu/npp/test/unit/nppi/nppi_geometry_transforms/test_nppi_copyConstBorder.cpp:67&#x0A;Expected equality of these values:&#x0A;  dstData[dstIdx]&#x0A;    Which is: &apos;\0&apos;&#x0A;  borderValue&#x0A;    Which is: &apos;\x80&apos; (128)&#x0A;Border value mismatch at (13,0)&#x0A;" type=""><![CDATA[/home/cjxu/npp/test/unit/nppi/nppi_geometry_transforms/test_nppi_copyConstBorder.cpp:67
Expected equality of these values:
  dstData[dstIdx]
    Which is: '\0'
  borderValue
    Which is: '\x80' (128)
Border value mismatch at (13,0)
]]></failure>
      <failure message="/home/cjxu/npp/test/unit/nppi/nppi_geometry_transforms/test_nppi_copyConstBorder.cpp:67&#x0A;Expected equality of these values:&#x0A;  dstData[dstIdx]&#x0A;    Which is: &apos;\0&apos;&#x0A;  borderValue&#x0A;    Which is: &apos;\x80&apos; (128)&#x0A;Border value mismatch at (14,0)&#x0A;" type=""><![CDATA[/home/cjxu/npp/test/unit/nppi/nppi_geometry_transforms/test_nppi_copyConstBorder.cpp:67
Expected equality of these values:
  dstData[dstIdx]
    Which is: '\0'
  borderValue
    Which is: '\x80' (128)
Border value mismatch at (14,0)
]]></failure>
      <failure message="/home/cjxu/npp/test/unit/nppi/nppi_geometry_transforms/test_nppi_copyConstBorder.cpp:67&#x0A;Expected equality of these values:&#x0A;  dstData[dstIdx]&#x0A;    Which is: &apos;\0&apos;&#x0A;  borderValue&#x0A;    Which is: &apos;\x80&apos; (128)&#x0A;Border value mismatch at (15,0)&#x0A;" type=""><![CDATA[/home/cjxu/npp/test/unit/nppi/nppi_geometry_transforms/test_nppi_copyConstBorder.cpp:67
Expected equality of these values:
  dstData[dstIdx]
    Which is: '\0'
  borderValue
    Which is: '\x80' (128)
Border value mismatch at (15,0)
]]></failure>
      <failure message="/home/cjxu/npp/test/unit/nppi/nppi_geometry_transforms/test_nppi_copyConstBorder.cpp:67&#x0A;Expected equality of these values:&#x0A;  dstData[dstIdx]&#x0A;    Which is: &apos;\0&apos;&#x0A;  borderValue&#x0A;    Which is: &apos;\x80&apos; (128)&#x0A;Border value mismatch at (16,0)&#x0A;" type=""><![CDATA[/home/cjxu/npp/test/unit/nppi/nppi_geometry_transforms/test_nppi_copyConstBorder.cpp:67
Expected equality of these values:
  dstData[dstIdx]
    Which is: '\0'
  borderValue
    Which is: '\x80' (128)
Border value mismatch at (16,0)
]]></failure>
      <failure message="/home/cjxu/npp/test/unit/nppi/nppi_geometry_transforms/test_nppi_copyConstBorder.cpp:67&#x0A;Expected equality of these values:&#x0A;  dstData[dstIdx]&#x0A;    Which is: &apos;\0&apos;&#x0A;  borderValue&#x0A;    Which is: &apos;\x80&apos; (128)&#x0A;Border value mismatch at (17,0)&#x0A;" type=""><![CDATA[/home/cjxu/npp/test/unit/nppi/nppi_geometry_transforms/test_nppi_copyConstBorder.cpp:67
Expected equality of these values:
  dstData[dstIdx]
    Which is: '\0'
  borderValue
    Which is: '\x80' (128)
Border value mismatch at (17,0)
]]></failure>
      <failure message="/home/cjxu/npp/test/unit/nppi/nppi_geometry_transforms/test_nppi_copyConstBorder.cpp:67&#x0A;Expected equality of these values:&#x0A;  dstData[dstIdx]&#x0A;    Which is: &apos;\0&apos;&#x0A;  borderValue&#x0A;    Which is: &apos;\x80&apos; (128)&#x0A;Border value mismatch at (18,0)&#x0A;" type=""><![CDATA[/home/cjxu/npp/test/unit/nppi/nppi_geometry_transforms/test_nppi_copyConstBorder.cpp:67
Expected equality of these values:
  dstData[dstIdx]
    Which is: '\0'
  borderValue
    Which is: '\x80' (128)
Border value mismatch at (18,0)
]]></failure>
      <failure message="/home/cjxu/npp/test/unit/nppi/nppi_geometry_transforms/test_nppi_copyConstBorder.cpp:67&#x0A;Expected equality of these values:&#x0A;  dstData[dstIdx]&#x0A;    Which is: &apos;\0&apos;&#x0A;  borderValue&#x0A;    Which is: &apos;\x80&apos; (128)&#x0A;Border value mismatch at (19,0)&#x0A;" type=""><![CDATA[/home/cjxu/npp/test/unit/nppi/nppi_geometry_transforms/test_nppi_copyConstBorder.cpp:67
Expected equality of these values:
  dstData[dstIdx]
    Which is: '\0'
  borderValue
    Which is: '\x80' (128)
Border value mismatch at (19,0)
]]></failure>
      <failure message="/home/cjxu/npp/test/unit/nppi/nppi_geometry_transforms/test_nppi_copyConstBorder.cpp:67&#x0A;Expected equality of these values:&#x0A;  dstData[dstIdx]&#x0A;    Which is: &apos;\0&apos;&#x0A;  borderValue&#x0A;    Which is: &apos;\x80&apos; (128)&#x0A;Border value mismatch at (20,0)&#x0A;" type=""><![CDATA[/home/cjxu/npp/test/unit/nppi/nppi_geometry_transforms/test_nppi_copyConstBorder.cpp:67
Expected equality of these values:
  dstData[dstIdx]
    Which is: '\0'
  borderValue
    Which is: '\x80' (128)
Border value mismatch at (20,0)
]]></failure>
      <failure message="/home/cjxu/npp/test/unit/nppi/nppi_geometry_transforms/test_nppi_copyConstBorder.cpp:67&#x0A;Expected equality of these values:&#x0A;  dstData[dstIdx]&#x0A;    Which is: &apos;\0&apos;&#x0A;  borderValue&#x0A;    Which is: &apos;\x80&apos; (128)&#x0A;Border value mismatch at (21,0)&#x0A;" type=""><![CDATA[/home/cjxu/npp/test/unit/nppi/nppi_geometry_transforms/test_nppi_copyConstBorder.cpp:67
Expected equality of these values:
  dstData[dstIdx]
    Which is: '\0'
  borderValue
    Which is: '\x80' (128)
Border value mismatch at (21,0)
]]></failure>
      <failure message="/home/cjxu/npp/test/unit/nppi/nppi_geometry_transforms/test_nppi_copyConstBorder.cpp:67&#x0A;Expected equality of these values:&#x0A;  dstData[dstIdx]&#x0A;    Which is: &apos;\0&apos;&#x0A;  borderValue&#x0A;    Which is: &apos;\x80&apos; (128)&#x0A;Border value mismatch at (22,0)&#x0A;" type=""><![CDATA[/home/cjxu/npp/test/unit/nppi/nppi_geometry_transforms/test_nppi_copyConstBorder.cpp:67
Expected equality of these values:
  dstData[dstIdx]
    Which is: '\0'
  borderValue
    Which is: '\x80' (128)
Border value mismatch at (22,0)
]]></failure>
      <failure message="/home/cjxu/npp/test/unit/nppi/nppi_geometry_transforms/test_nppi_copyConstBorder.cpp:67&#x0A;Expected equality of these values:&#x0A;  dstData[dstIdx]&#x0A;    Which is: &apos;\0&apos;&#x0A;  borderValue&#x0A;    Which is: &apos;\x80&apos; (128)&#x0A;Border value mismatch at (23,0)&#x0A;" type=""><![CDATA[/home/cjxu/npp/test/unit/nppi/nppi_geometry_transforms/test_nppi_copyConstBorder.cpp:67
Expected equality of these values:
  dstData[dstIdx]
    Which is: '\0'
  borderValue
    Which is: '\x80' (128)
Border value mismatch at (23,0)
]]></failure>
      <failure message="/home/cjxu/npp/test/unit/nppi/nppi_geometry_transforms/test_nppi_copyConstBorder.cpp:67&#x0A;Expected equality of these values:&#x0A;  dstData[dstIdx]&#x0A;    Which is: &apos;\0&apos;&#x0A;  borderValue&#x0A;    Which is: &apos;\x80&apos; (128)&#x0A;Border value mismatch at (0,1)&#x0A;" type=""><![CDATA[/home/cjxu/npp/test/unit/nppi/nppi_geometry_transforms/test_nppi_copyConstBorder.cpp:67
Expected equality of these values:
  dstData[dstIdx]
    Which is: '\0'
  borderValue
    Which is: '\x80' (128)
Border value mismatch at (0,1)
]]></failure>
      <failure message="/home/cjxu/npp/test/unit/nppi/nppi_geometry_transforms/test_nppi_copyConstBorder.cpp:67&#x0A;Expected equality of these values:&#x0A;  dstData[dstIdx]&#x0A;    Which is: &apos;\0&apos;&#x0A;  borderValue&#x0A;    Which is: &apos;\x80&apos; (128)&#x0A;Border value mismatch at (1,1)&#x0A;" type=""><![CDATA[/home/cjxu/npp/test/unit/nppi/nppi_geometry_transforms/test_nppi_copyConstBorder.cpp:67
Expected equality of these values:
  dstData[dstIdx]
    Which is: '\0'
  borderValue
    Which is: '\x80' (128)
Border value mismatch at (1,1)
]]></failure>
      <failure message="/home/cjxu/npp/test/unit/nppi/nppi_geometry_transforms/test_nppi_copyConstBorder.cpp:67&#x0A;Expected equality of these values:&#x0A;  dstData[dstIdx]&#x0A;    Which is: &apos;\0&apos;&#x0A;  borderValue&#x0A;    Which is: &apos;\x80&apos; (128)&#x0A;Border value mismatch at (2,1)&#x0A;" type=""><![CDATA[/home/cjxu/npp/test/unit/nppi/nppi_geometry_transforms/test_nppi_copyConstBorder.cpp:67
Expected equality of these values:
  dstData[dstIdx]
    Which is: '\0'
  borderValue
    Which is: '\x80' (128)
Border value mismatch at (2,1)
]]></failure>
      <failure message="/home/cjxu/npp/test/unit/nppi/nppi_geometry_transforms/test_nppi_copyConstBorder.cpp:67&#x0A;Expected equality of these values:&#x0A;  dstData[dstIdx]&#x0A;    Which is: &apos;\0&apos;&#x0A;  borderValue&#x0A;    Which is: &apos;\x80&apos; (128)&#x0A;Border value mismatch at (3,1)&#x0A;" type=""><![CDATA[/home/cjxu/npp/test/unit/nppi/nppi_geometry_transforms/test_nppi_copyConstBorder.cpp:67
Expected equality of these values:
  dstData[dstIdx]
    Which is: '\0'
  borderValue
    Which is: '\x80' (128)
Border value mismatch at (3,1)
]]></failure>
      <failure message="/home/cjxu/npp/test/unit/nppi/nppi_geometry_transforms/test_nppi_copyConstBorder.cpp:67&#x0A;Expected equality of these values:&#x0A;  dstData[dstIdx]&#x0A;    Which is: &apos;\0&apos;&#x0A;  borderValue&#x0A;    Which is: &apos;\x80&apos; (128)&#x0A;Border value mismatch at (4,1)&#x0A;" type=""><![CDATA[/home/cjxu/npp/test/unit/nppi/nppi_geometry_transforms/test_nppi_copyConstBorder.cpp:67
Expected equality of these values:
  dstData[dstIdx]
    Which is: '\0'
  borderValue
    Which is: '\x80' (128)
Border value mismatch at (4,1)
]]></failure>
      <failure message="/home/cjxu/npp/test/unit/nppi/nppi_geometry_transforms/test_nppi_copyConstBorder.cpp:67&#x0A;Expected equality of these values:&#x0A;  dstData[dstIdx]&#x0A;    Which is: &apos;\0&apos;&#x0A;  borderValue&#x0A;    Which is: &apos;\x80&apos; (128)&#x0A;Border value mismatch at (5,1)&#x0A;" type=""><![CDATA[/home/cjxu/npp/test/unit/nppi/nppi_geometry_transforms/test_nppi_copyConstBorder.cpp:67
Expected equality of these values:
  dstData[dstIdx]
    Which is: '\0'
  borderValue
    Which is: '\x80' (128)
Border value mismatch at (5,1)
]]></failure>
      <failure message="/home/cjxu/npp/test/unit/nppi/nppi_geometry_transforms/test_nppi_copyConstBorder.cpp:67&#x0A;Expected equality of these values:&#x0A;  dstData[dstIdx]&#x0A;    Which is: &apos;\0&apos;&#x0A;  borderValue&#x0A;    Which is: &apos;\x80&apos; (128)&#x0A;Border value mismatch at (6,1)&#x0A;" type=""><![CDATA[/home/cjxu/npp/test/unit/nppi/nppi_geometry_transforms/test_nppi_copyConstBorder.cpp:67
Expected equality of these values:
  dstData[dstIdx]
    Which is: '\0'
  borderValue
    Which is: '\x80' (128)
Border value mismatch at (6,1)
]]></failure>
      <failure message="/home/cjxu/npp/test/unit/nppi/nppi_geometry_transforms/test_nppi_copyConstBorder.cpp:67&#x0A;Expected equality of these values:&#x0A;  dstData[dstIdx]&#x0A;    Which is: &apos;\0&apos;&#x0A;  borderValue&#x0A;    Which is: &apos;\x80&apos; (128)&#x0A;Border value mismatch at (7,1)&#x0A;" type=""><![CDATA[/home/cjxu/npp/test/unit/nppi/nppi_geometry_transforms/test_nppi_copyConstBorder.cpp:67
Expected equality of these values:
  dstData[dstIdx]
    Which is: '\0'
  borderValue
    Which is: '\x80' (128)
Border value mismatch at (7,1)
]]></failure>
      <failure message="/home/cjxu/npp/test/unit/nppi/nppi_geometry_transforms/test_nppi_copyConstBorder.cpp:67&#x0A;Expected equality of these values:&#x0A;  dstData[dstIdx]&#x0A;    Which is: &apos;\0&apos;&#x0A;  borderValue&#x0A;    Which is: &apos;\x80&apos; (128)&#x0A;Border value mismatch at (8,1)&#x0A;" type=""><![CDATA[/home/cjxu/npp/test/unit/nppi/nppi_geometry_transforms/test_nppi_copyConstBorder.cpp:67
Expected equality of these values:
  dstData[dstIdx]
    Which is: '\0'
  borderValue
    Which is: '\x80' (128)
Border value mismatch at (8,1)
]]></failure>
      <failure message="/home/cjxu/npp/test/unit/nppi/nppi_geometry_transforms/test_nppi_copyConstBorder.cpp:67&#x0A;Expected equality of these values:&#x0A;  dstData[dstIdx]&#x0A;    Which is: &apos;\0&apos;&#x0A;  borderValue&#x0A;    Which is: &apos;\x80&apos; (128)&#x0A;Border value mismatch at (9,1)&#x0A;" type=""><![CDATA[/home/cjxu/npp/test/unit/nppi/nppi_geometry_transforms/test_nppi_copyConstBorder.cpp:67
Expected equality of these values:
  dstData[dstIdx]
    Which is: '\0'
  borderValue
    Which is: '\x80' (128)
Border value mismatch at (9,1)
]]></failure>
      <failure message="/home/cjxu/npp/test/unit/nppi/nppi_geometry_transforms/test_nppi_copyConstBorder.cpp:67&#x0A;Expected equality of these values:&#x0A;  dstData[dstIdx]&#x0A;    Which is: &apos;\0&apos;&#x0A;  borderValue&#x0A;    Which is: &apos;\x80&apos; (128)&#x0A;Border value mismatch at (10,1)&#x0A;" type=""><![CDATA[/home/cjxu/npp/test/unit/nppi/nppi_geometry_transforms/test_nppi_copyConstBorder.cpp:67
Expected equality of these values:
  dstData[dstIdx]
    Which is: '\0'
  borderValue
    Which is: '\x80' (128)
Border value mismatch at (10,1)
]]></failure>
      <failure message="/home/cjxu/npp/test/unit/nppi/nppi_geometry_transforms/test_nppi_copyConstBorder.cpp:67&#x0A;Expected equality of these values:&#x0A;  dstData[dstIdx]&#x0A;    Which is: &apos;\0&apos;&#x0A;  borderValue&#x0A;    Which is: &apos;\x80&apos; (128)&#x0A;Border value mismatch at (11,1)&#x0A;" type=""><![CDATA[/home/cjxu/npp/test/unit/nppi/nppi_geometry_transforms/test_nppi_copyConstBorder.cpp:67
Expected equality of these values:
  dstData[dstIdx]
    Which is: '\0'
  borderValue
    Which is: '\x80' (128)
Border value mismatch at (11,1)
]]></failure>
      <failure message="/home/cjxu/npp/test/unit/nppi/nppi_geometry_transforms/test_nppi_copyConstBorder.cpp:67&#x0A;Expected equality of these values:&#x0A;  dstData[dstIdx]&#x0A;    Which is: &apos;\0&apos;&#x0A;  borderValue&#x0A;    Which is: &apos;\x80&apos; (128)&#x0A;Border value mismatch at (12,1)&#x0A;" type=""><![CDATA[/home/cjxu/npp/test/unit/nppi/nppi_geometry_transforms/test_nppi_copyConstBorder.cpp:67
Expected equality of these values:
  dstData[dstIdx]
    Which is: '\0'
  borderValue
    Which is: '\x80' (128)
Border value mismatch at (12,1)
]]></failure>
      <failure message="/home/cjxu/npp/test/unit/nppi/nppi_geometry_transforms/test_nppi_copyConstBorder.cpp:67&#x0A;Expected equality of these values:&#x0A;  dstData[dstIdx]&#x0A;    Which is: &apos;\0&apos;&#x0A;  borderValue&#x0A;    Which is: &apos;\x80&apos; (128)&#x0A;Border value mismatch at (13,1)&#x0A;" type=""><![CDATA[/home/cjxu/npp/test/unit/nppi/nppi_geometry_transforms/test_nppi_copyConstBorder.cpp:67
Expected equality of these values:
  dstData[dstIdx]
    Which is: '\0'
  borderValue
    Which is: '\x80' (128)
Border value mismatch at (13,1)
]]></failure>
      <failure message="/home/cjxu/npp/test/unit/nppi/nppi_geometry_transforms/test_nppi_copyConstBorder.cpp:67&#x0A;Expected equality of these values:&#x0A;  dstData[dstIdx]&#x0A;    Which is: &apos;\0&apos;&#x0A;  borderValue&#x0A;    Which is: &apos;\x80&apos; (128)&#x0A;Border value mismatch at (14,1)&#x0A;" type=""><![CDATA[/home/cjxu/npp/test/unit/nppi/nppi_geometry_transforms/test_nppi_copyConstBorder.cpp:67
Expected equality of these values:
  dstData[dstIdx]
    Which is: '\0'
  borderValue
    Which is: '\x80' (128)
Border value mismatch at (14,1)
]]></failure>
      <failure message="/home/cjxu/npp/test/unit/nppi/nppi_geometry_transforms/test_nppi_copyConstBorder.cpp:67&#x0A;Expected equality of these values:&#x0A;  dstData[dstIdx]&#x0A;    Which is: &apos;\0&apos;&#x0A;  borderValue&#x0A;    Which is: &apos;\x80&apos; (128)&#x0A;Border value mismatch at (15,1)&#x0A;" type=""><![CDATA[/home/cjxu/npp/test/unit/nppi/nppi_geometry_transforms/test_nppi_copyConstBorder.cpp:67
Expected equality of these values:
  dstData[dstIdx]
    Which is: '\0'
  borderValue
    Which is: '\x80' (128)
Border value mismatch at (15,1)
]]></failure>
      <failure message="/home/cjxu/npp/test/unit/nppi/nppi_geometry_transforms/test_nppi_copyConstBorder.cpp:67&#x0A;Expected equality of these values:&#x0A;  dstData[dstIdx]&#x0A;    Which is: &apos;\0&apos;&#x0A;  borderValue&#x0A;    Which is: &apos;\x80&apos; (128)&#x0A;Border value mismatch at (16,1)&#x0A;" type=""><![CDATA[/home/cjxu/npp/test/unit/nppi/nppi_geometry_transforms/test_nppi_copyConstBorder.cpp:67
Expected equality of these values:
  dstData[dstIdx]
    Which is: '\0'
  borderValue
    Which is: '\x80' (128)
Border value mismatch at (16,1)
]]></failure>
      <failure message="/home/cjxu/npp/test/unit/nppi/nppi_geometry_transforms/test_nppi_copyConstBorder.cpp:67&#x0A;Expected equality of these values:&#x0A;  dstData[dstIdx]&#x0A;    Which is: &apos;\0&apos;&#x0A;  borderValue&#x0A;    Which is: &apos;\x80&apos; (128)&#x0A;Border value mismatch at (17,1)&#x0A;" type=""><![CDATA[/home/cjxu/npp/test/unit/nppi/nppi_geometry_transforms/test_nppi_copyConstBorder.cpp:67
Expected equality of these values:
  dstData[dstIdx]
    Which is: '\0'
  borderValue
    Which is: '\x80' (128)
Border value mismatch at (17,1)
]]></failure>
      <failure message="/home/cjxu/npp/test/unit/nppi/nppi_geometry_transforms/test_nppi_copyConstBorder.cpp:67&#x0A;Expected equality of these values:&#x0A;  dstData[dstIdx]&#x0A;    Which is: &apos;\0&apos;&#x0A;  borderValue&#x0A;    Which is: &apos;\x80&apos; (128)&#x0A;Border value mismatch at (18,1)&#x0A;" type=""><![CDATA[/home/cjxu/npp/test/unit/nppi/nppi_geometry_transforms/test_nppi_copyConstBorder.cpp:67
Expected equality of these values:
  dstData[dstIdx]
    Which is: '\0'
  borderValue
    Which is: '\x80' (128)
Border value mismatch at (18,1)
]]></failure>
      <failure message="/home/cjxu/npp/test/unit/nppi/nppi_geometry_transforms/test_nppi_copyConstBorder.cpp:67&#x0A;Expected equality of these values:&#x0A;  dstData[dstIdx]&#x0A;    Which is: &apos;\0&apos;&#x0A;  borderValue&#x0A;    Which is: &apos;\x80&apos; (128)&#x0A;Border value mismatch at (19,1)&#x0A;" type=""><![CDATA[/home/cjxu/npp/test/unit/nppi/nppi_geometry_transforms/test_nppi_copyConstBorder.cpp:67
Expected equality of these values:
  dstData[dstIdx]
    Which is: '\0'
  borderValue
    Which is: '\x80' (128)
Border value mismatch at (19,1)
]]></failure>
      <failure message="/home/cjxu/npp/test/unit/nppi/nppi_geometry_transforms/test_nppi_copyConstBorder.cpp:67&#x0A;Expected equality of these values:&#x0A;  dstData[dstIdx]&#x0A;    Which is: &apos;\0&apos;&#x0A;  borderValue&#x0A;    Which is: &apos;\x80&apos; (128)&#x0A;Border value mismatch at (20,1)&#x0A;" type=""><![CDATA[/home/cjxu/npp/test/unit/nppi/nppi_geometry_transforms/test_nppi_copyConstBorder.cpp:67
Expected equality of these values:
  dstData[dstIdx]
    Which is: '\0'
  borderValue
    Which is: '\x80' (128)
Border value mismatch at (20,1)
]]></failure>
      <failure message="/home/cjxu/npp/test/unit/nppi/nppi_geometry_transforms/test_nppi_copyConstBorder.cpp:67&#x0A;Expected equality of these values:&#x0A;  dstData[dstIdx]&#x0A;    Which is: &apos;\0&apos;&#x0A;  borderValue&#x0A;    Which is: &apos;\x80&apos; (128)&#x0A;Border value mismatch at (21,1)&#x0A;" type=""><![CDATA[/home/cjxu/npp/test/unit/nppi/nppi_geometry_transforms/test_nppi_copyConstBorder.cpp:67
Expected equality of these values:
  dstData[dstIdx]
    Which is: '\0'
  borderValue
    Which is: '\x80' (128)
Border value mismatch at (21,1)
]]></failure>
      <failure message="/home/cjxu/npp/test/unit/nppi/nppi_geometry_transforms/test_nppi_copyConstBorder.cpp:67&#x0A;Expected equality of these values:&#x0A;  dstData[dstIdx]&#x0A;    Which is: &apos;\0&apos;&#x0A;  borderValue&#x0A;    Which is: &apos;\x80&apos; (128)&#x0A;Border value mismatch at (22,1)&#x0A;" type=""><![CDATA[/home/cjxu/npp/test/unit/nppi/nppi_geometry_transforms/test_nppi_copyConstBorder.cpp:67
Expected equality of these values:
  dstData[dstIdx]
    Which is: '\0'
  borderValue
    Which is: '\x80' (128)
Border value mismatch at (22,1)
]]></failure>
      <failure message="/home/cjxu/npp/test/unit/nppi/nppi_geometry_transforms/test_nppi_copyConstBorder.cpp:67&#x0A;Expected equality of these values:&#x0A;  dstData[dstIdx]&#x0A;    Which is: &apos;\0&apos;&#x0A;  borderValue&#x0A;    Which is: &apos;\x80&apos; (128)&#x0A;Border value mismatch at (23,1)&#x0A;" type=""><![CDATA[/home/cjxu/npp/test/unit/nppi/nppi_geometry_transforms/test_nppi_copyConstBorder.cpp:67
Expected equality of these values:
  dstData[dstIdx]
    Which is: '\0'
  borderValue
    Which is: '\x80' (128)
Border value mismatch at (23,1)
]]></failure>
      <failure message="/home/cjxu/npp/test/unit/nppi/nppi_geometry_transforms/test_nppi_copyConstBorder.cpp:67&#x0A;Expected equality of these values:&#x0A;  dstData[dstIdx]&#x0A;    Which is: &apos;\0&apos;&#x0A;  borderValue&#x0A;    Which is: &apos;\x80&apos; (128)&#x0A;Border value mismatch at (0,2)&#x0A;" type=""><![CDATA[/home/cjxu/npp/test/unit/nppi/nppi_geometry_transforms/test_nppi_copyConstBorder.cpp:67
Expected equality of these values:
  dstData[dstIdx]
    Which is: '\0'
  borderValue
    Which is: '\x80' (128)
Border value mismatch at (0,2)
]]></failure>
      <failure message="/home/cjxu/npp/test/unit/nppi/nppi_geometry_transforms/test_nppi_copyConstBorder.cpp:67&#x0A;Expected equality of these values:&#x0A;  dstData[dstIdx]&#x0A;    Which is: &apos;\0&apos;&#x0A;  borderValue&#x0A;    Which is: &apos;\x80&apos; (128)&#x0A;Border value mismatch at (1,2)&#x0A;" type=""><![CDATA[/home/cjxu/npp/test/unit/nppi/nppi_geometry_transforms/test_nppi_copyConstBorder.cpp:67
Expected equality of these values:
  dstData[dstIdx]
    Which is: '\0'
  borderValue
    Which is: '\x80' (128)
Border value mismatch at (1,2)
]]></failure>
      <failure message="/home/cjxu/npp/test/unit/nppi/nppi_geometry_transforms/test_nppi_copyConstBorder.cpp:67&#x0A;Expected equality of these values:&#x0A;  dstData[dstIdx]&#x0A;    Which is: &apos;\0&apos;&#x0A;  borderValue&#x0A;    Which is: &apos;\x80&apos; (128)&#x0A;Border value mismatch at (2,2)&#x0A;" type=""><![CDATA[/home/cjxu/npp/test/unit/nppi/nppi_geometry_transforms/test_nppi_copyConstBorder.cpp:67
Expected equality of these values:
  dstData[dstIdx]
    Which is: '\0'
  borderValue
    Which is: '\x80' (128)
Border value mismatch at (2,2)
]]></failure>
      <failure message="/home/cjxu/npp/test/unit/nppi/nppi_geometry_transforms/test_nppi_copyConstBorder.cpp:67&#x0A;Expected equality of these values:&#x0A;  dstData[dstIdx]&#x0A;    Which is: &apos;\0&apos;&#x0A;  borderValue&#x0A;    Which is: &apos;\x80&apos; (128)&#x0A;Border value mismatch at (3,2)&#x0A;" type=""><![CDATA[/home/cjxu/npp/test/unit/nppi/nppi_geometry_transforms/test_nppi_copyConstBorder.cpp:67
Expected equality of these values:
  dstData[dstIdx]
    Which is: '\0'
  borderValue
    Which is: '\x80' (128)
Border value mismatch at (3,2)
]]></failure>
      <failure message="/home/cjxu/npp/test/unit/nppi/nppi_geometry_transforms/test_nppi_copyConstBorder.cpp:67&#x0A;Expected equality of these values:&#x0A;  dstData[dstIdx]&#x0A;    Which is: &apos;\0&apos;&#x0A;  borderValue&#x0A;    Which is: &apos;\x80&apos; (128)&#x0A;Border value mismatch at (4,2)&#x0A;" type=""><![CDATA[/home/cjxu/npp/test/unit/nppi/nppi_geometry_transforms/test_nppi_copyConstBorder.cpp:67
Expected equality of these values:
  dstData[dstIdx]
    Which is: '\0'
  borderValue
    Which is: '\x80' (128)
Border value mismatch at (4,2)
]]></failure>
      <failure message="/home/cjxu/npp/test/unit/nppi/nppi_geometry_transforms/test_nppi_copyConstBorder.cpp:67&#x0A;Expected equality of these values:&#x0A;  dstData[dstIdx]&#x0A;    Which is: &apos;\0&apos;&#x0A;  borderValue&#x0A;    Which is: &apos;\x80&apos; (128)&#x0A;Border value mismatch at (5,2)&#x0A;" type=""><![CDATA[/home/cjxu/npp/test/unit/nppi/nppi_geometry_transforms/test_nppi_copyConstBorder.cpp:67
Expected equality of these values:
  dstData[dstIdx]
    Which is: '\0'
  borderValue
    Which is: '\x80' (128)
Border value mismatch at (5,2)
]]></failure>
      <failure message="/home/cjxu/npp/test/unit/nppi/nppi_geometry_transforms/test_nppi_copyConstBorder.cpp:67&#x0A;Expected equality of these values:&#x0A;  dstData[dstIdx]&#x0A;    Which is: &apos;\0&apos;&#x0A;  borderValue&#x0A;    Which is: &apos;\x80&apos; (128)&#x0A;Border value mismatch at (6,2)&#x0A;" type=""><![CDATA[/home/cjxu/npp/test/unit/nppi/nppi_geometry_transforms/test_nppi_copyConstBorder.cpp:67
Expected equality of these values:
  dstData[dstIdx]
    Which is: '\0'
  borderValue
    Which is: '\x80' (128)
Border value mismatch at (6,2)
]]></failure>
      <failure message="/home/cjxu/npp/test/unit/nppi/nppi_geometry_transforms/test_nppi_copyConstBorder.cpp:67&#x0A;Expected equality of these values:&#x0A;  dstData[dstIdx]&#x0A;    Which is: &apos;\0&apos;&#x0A;  borderValue&#x0A;    Which is: &apos;\x80&apos; (128)&#x0A;Border value mismatch at (7,2)&#x0A;" type=""><![CDATA[/home/cjxu/npp/test/unit/nppi/nppi_geometry_transforms/test_nppi_copyConstBorder.cpp:67
Expected equality of these values:
  dstData[dstIdx]
    Which is: '\0'
  borderValue
    Which is: '\x80' (128)
Border value mismatch at (7,2)
]]></failure>
      <failure message="/home/cjxu/npp/test/unit/nppi/nppi_geometry_transforms/test_nppi_copyConstBorder.cpp:67&#x0A;Expected equality of these values:&#x0A;  dstData[dstIdx]&#x0A;    Which is: &apos;\0&apos;&#x0A;  borderValue&#x0A;    Which is: &apos;\x80&apos; (128)&#x0A;Border value mismatch at (8,2)&#x0A;" type=""><![CDATA[/home/cjxu/npp/test/unit/nppi/nppi_geometry_transforms/test_nppi_copyConstBorder.cpp:67
Expected equality of these values:
  dstData[dstIdx]
    Which is: '\0'
  borderValue
    Which is: '\x80' (128)
Border value mismatch at (8,2)
]]></failure>
      <failure message="/home/cjxu/npp/test/unit/nppi/nppi_geometry_transforms/test_nppi_copyConstBorder.cpp:67&#x0A;Expected equality of these values:&#x0A;  dstData[dstIdx]&#x0A;    Which is: &apos;\0&apos;&#x0A;  borderValue&#x0A;    Which is: &apos;\x80&apos; (128)&#x0A;Border value mismatch at (9,2)&#x0A;" type=""><![CDATA[/home/cjxu/npp/test/unit/nppi/nppi_geometry_transforms/test_nppi_copyConstBorder.cpp:67
Expected equality of these values:
  dstData[dstIdx]
    Which is: '\0'
  borderValue
    Which is: '\x80' (128)
Border value mismatch at (9,2)
]]></failure>
      <failure message="/home/cjxu/npp/test/unit/nppi/nppi_geometry_transforms/test_nppi_copyConstBorder.cpp:67&#x0A;Expected equality of these values:&#x0A;  dstData[dstIdx]&#x0A;    Which is: &apos;\0&apos;&#x0A;  borderValue&#x0A;    Which is: &apos;\x80&apos; (128)&#x0A;Border value mismatch at (10,2)&#x0A;" type=""><![CDATA[/home/cjxu/npp/test/unit/nppi/nppi_geometry_transforms/test_nppi_copyConstBorder.cpp:67
Expected equality of these values:
  dstData[dstIdx]
    Which is: '\0'
  borderValue
    Which is: '\x80' (128)
Border value mismatch at (10,2)
]]></failure>
      <failure message="/home/cjxu/npp/test/unit/nppi/nppi_geometry_transforms/test_nppi_copyConstBorder.cpp:67&#x0A;Expected equality of these values:&#x0A;  dstData[dstIdx]&#x0A;    Which is: &apos;\0&apos;&#x0A;  borderValue&#x0A;    Which is: &apos;\x80&apos; (128)&#x0A;Border value mismatch at (11,2)&#x0A;" type=""><![CDATA[/home/cjxu/npp/test/unit/nppi/nppi_geometry_transforms/test_nppi_copyConstBorder.cpp:67
Expected equality of these values:
  dstData[dstIdx]
    Which is: '\0'
  borderValue
    Which is: '\x80' (128)
Border value mismatch at (11,2)
]]></failure>
      <failure message="/home/cjxu/npp/test/unit/nppi/nppi_geometry_transforms/test_nppi_copyConstBorder.cpp:67&#x0A;Expected equality of these values:&#x0A;  dstData[dstIdx]&#x0A;    Which is: &apos;\0&apos;&#x0A;  borderValue&#x0A;    Which is: &apos;\x80&apos; (128)&#x0A;Border value mismatch at (12,2)&#x0A;" type=""><![CDATA[/home/cjxu/npp/test/unit/nppi/nppi_geometry_transforms/test_nppi_copyConstBorder.cpp:67
Expected equality of these values:
  dstData[dstIdx]
    Which is: '\0'
  borderValue
    Which is: '\x80' (128)
Border value mismatch at (12,2)
]]></failure>
      <failure message="/home/cjxu/npp/test/unit/nppi/nppi_geometry_transforms/test_nppi_copyConstBorder.cpp:67&#x0A;Expected equality of these values:&#x0A;  dstData[dstIdx]&#x0A;    Which is: &apos;\0&apos;&#x0A;  borderValue&#x0A;    Which is: &apos;\x80&apos; (128)&#x0A;Border value mismatch at (13,2)&#x0A;" type=""><![CDATA[/home/cjxu/npp/test/unit/nppi/nppi_geometry_transforms/test_nppi_copyConstBorder.cpp:67
Expected equality of these values:
  dstData[dstIdx]
    Which is: '\0'
  borderValue
    Which is: '\x80' (128)
Border value mismatch at (13,2)
]]></failure>
      <failure message="/home/cjxu/npp/test/unit/nppi/nppi_geometry_transforms/test_nppi_copyConstBorder.cpp:67&#x0A;Expected equality of these values:&#x0A;  dstData[dstIdx]&#x0A;    Which is: &apos;\0&apos;&#x0A;  borderValue&#x0A;    Which is: &apos;\x80&apos; (128)&#x0A;Border value mismatch at (14,2)&#x0A;" type=""><![CDATA[/home/cjxu/npp/test/unit/nppi/nppi_geometry_transforms/test_nppi_copyConstBorder.cpp:67
Expected equality of these values:
  dstData[dstIdx]
    Which is: '\0'
  borderValue
    Which is: '\x80' (128)
Border value mismatch at (14,2)
]]></failure>
      <failure message="/home/cjxu/npp/test/unit/nppi/nppi_geometry_transforms/test_nppi_copyConstBorder.cpp:67&#x0A;Expected equality of these values:&#x0A;  dstData[dstIdx]&#x0A;    Which is: &apos;\0&apos;&#x0A;  borderValue&#x0A;    Which is: &apos;\x80&apos; (128)&#x0A;Border value mismatch at (15,2)&#x0A;" type=""><![CDATA[/home/cjxu/npp/test/unit/nppi/nppi_geometry_transforms/test_nppi_copyConstBorder.cpp:67
Expected equality of these values:
  dstData[dstIdx]
    Which is: '\0'
  borderValue
    Which is: '\x80' (128)
Border value mismatch at (15,2)
]]></failure>
      <failure message="/home/cjxu/npp/test/unit/nppi/nppi_geometry_transforms/test_nppi_copyConstBorder.cpp:67&#x0A;Expected equality of these values:&#x0A;  dstData[dstIdx]&#x0A;    Which is: &apos;\0&apos;&#x0A;  borderValue&#x0A;    Which is: &apos;\x80&apos; (128)&#x0A;Border value mismatch at (16,2)&#x0A;" type=""><![CDATA[/home/cjxu/npp/test/unit/nppi/nppi_geometry_transforms/test_nppi_copyConstBorder.cpp:67
Expected equality of these values:
  dstData[dstIdx]
    Which is: '\0'
  borderValue
    Which is: '\x80' (128)
Border value mismatch at (16,2)
]]></failure>
      <failure message="/home/cjxu/npp/test/unit/nppi/nppi_geometry_transforms/test_nppi_copyConstBorder.cpp:67&#x0A;Expected equality of these values:&#x0A;  dstData[dstIdx]&#x0A;    Which is: &apos;\0&apos;&#x0A;  borderValue&#x0A;    Which is: &apos;\x80&apos; (128)&#x0A;Border value mismatch at (17,2)&#x0A;" type=""><![CDATA[/home/cjxu/npp/test/unit/nppi/nppi_geometry_transforms/test_nppi_copyConstBorder.cpp:67
Expected equality of these values:
  dstData[dstIdx]
    Which is: '\0'
  borderValue
    Which is: '\x80' (128)
Border value mismatch at (17,2)
]]></failure>
      <failure message="/home/cjxu/npp/test/unit/nppi/nppi_geometry_transforms/test_nppi_copyConstBorder.cpp:67&#x0A;Expected equality of these values:&#x0A;  dstData[dstIdx]&#x0A;    Which is: &apos;\0&apos;&#x0A;  borderValue&#x0A;    Which is: &apos;\x80&apos; (128)&#x0A;Border value mismatch at (18,2)&#x0A;" type=""><![CDATA[/home/cjxu/npp/test/unit/nppi/nppi_geometry_transforms/test_nppi_copyConstBorder.cpp:67
Expected equality of these values:
  dstData[dstIdx]
    Which is: '\0'
  borderValue
    Which is: '\x80' (128)
Border value mismatch at (18,2)
]]></failure>
      <failure message="/home/cjxu/npp/test/unit/nppi/nppi_geometry_transforms/test_nppi_copyConstBorder.cpp:67&#x0A;Expected equality of these values:&#x0A;  dstData[dstIdx]&#x0A;    Which is: &apos;\0&apos;&#x0A;  borderValue&#x0A;    Which is: &apos;\x80&apos; (128)&#x0A;Border value mismatch at (19,2)&#x0A;" type=""><![CDATA[/home/cjxu/npp/test/unit/nppi/nppi_geometry_transforms/test_nppi_copyConstBorder.cpp:67
Expected equality of these values:
  dstData[dstIdx]
    Which is: '\0'
  borderValue
    Which is: '\x80' (128)
Border value mismatch at (19,2)
]]></failure>
      <failure message="/home/cjxu/npp/test/unit/nppi/nppi_geometry_transforms/test_nppi_copyConstBorder.cpp:67&#x0A;Expected equality of these values:&#x0A;  dstData[dstIdx]&#x0A;    Which is: &apos;\0&apos;&#x0A;  borderValue&#x0A;    Which is: &apos;\x80&apos; (128)&#x0A;Border value mismatch at (20,2)&#x0A;" type=""><![CDATA[/home/cjxu/npp/test/unit/nppi/nppi_geometry_transforms/test_nppi_copyConstBorder.cpp:67
Expected equality of these values:
  dstData[dstIdx]
    Which is: '\0'
  borderValue
    Which is: '\x80' (128)
Border value mismatch at (20,2)
]]></failure>
      <failure message="/home/cjxu/npp/test/unit/nppi/nppi_geometry_transforms/test_nppi_copyConstBorder.cpp:67&#x0A;Expected equality of these values:&#x0A;  dstData[dstIdx]&#x0A;    Which is: &apos;\0&apos;&#x0A;  borderValue&#x0A;    Which is: &apos;\x80&apos; (128)&#x0A;Border value mismatch at (21,2)&#x0A;" type=""><![CDATA[/home/cjxu/npp/test/unit/nppi/nppi_geometry_transforms/test_nppi_copyConstBorder.cpp:67
Expected equality of these values:
  dstData[dstIdx]
    Which is: '\0'
  borderValue
    Which is: '\x80' (128)
Border value mismatch at (21,2)
]]></failure>
      <failure message="/home/cjxu/npp/test/unit/nppi/nppi_geometry_transforms/test_nppi_copyConstBorder.cpp:67&#x0A;Expected equality of these values:&#x0A;  dstData[dstIdx]&#x0A;    Which is: &apos;\0&apos;&#x0A;  borderValue&#x0A;    Which is: &apos;\x80&apos; (128)&#x0A;Border value mismatch at (22,2)&#x0A;" type=""><![CDATA[/home/cjxu/npp/test/unit/nppi/nppi_geometry_transforms/test_nppi_copyConstBorder.cpp:67
Expected equality of these values:
  dstData[dstIdx]
    Which is: '\0'
  borderValue
    Which is: '\x80' (128)
Border value mismatch at (22,2)
]]></failure>
      <failure message="/home/cjxu/npp/test/unit/nppi/nppi_geometry_transforms/test_nppi_copyConstBorder.cpp:67&#x0A;Expected equality of these values:&#x0A;  dstData[dstIdx]&#x0A;    Which is: &apos;\0&apos;&#x0A;  borderValue&#x0A;    Which is: &apos;\x80&apos; (128)&#x0A;Border value mismatch at (23,2)&#x0A;" type=""><![CDATA[/home/cjxu/npp/test/unit/nppi/nppi_geometry_transforms/test_nppi_copyConstBorder.cpp:67
Expected equality of these values:
  dstData[dstIdx]
    Which is: '\0'
  borderValue
    Which is: '\x80' (128)
Border value mismatch at (23,2)
]]></failure>
      <failure message="/home/cjxu/npp/test/unit/nppi/nppi_geometry_transforms/test_nppi_copyConstBorder.cpp:67&#x0A;Expected equality of these values:&#x0A;  dstData[dstIdx]&#x0A;    Which is: &apos;\0&apos;&#x0A;  borderValue&#x0A;    Which is: &apos;\x80&apos; (128)&#x0A;Border value mismatch at (0,3)&#x0A;" type=""><![CDATA[/home/cjxu/npp/test/unit/nppi/nppi_geometry_transforms/test_nppi_copyConstBorder.cpp:67
Expected equality of these values:
  dstData[dstIdx]
    Which is: '\0'
  borderValue
    Which is: '\x80' (128)
Border value mismatch at (0,3)
]]></failure>
      <failure message="/home/cjxu/npp/test/unit/nppi/nppi_geometry_transforms/test_nppi_copyConstBorder.cpp:67&#x0A;Expected equality of these values:&#x0A;  dstData[dstIdx]&#x0A;    Which is: &apos;\0&apos;&#x0A;  borderValue&#x0A;    Which is: &apos;\x80&apos; (128)&#x0A;Border value mismatch at (1,3)&#x0A;" type=""><![CDATA[/home/cjxu/npp/test/unit/nppi/nppi_geometry_transforms/test_nppi_copyConstBorder.cpp:67
Expected equality of these values:
  dstData[dstIdx]
    Which is: '\0'
  borderValue
    Which is: '\x80' (128)
Border value mismatch at (1,3)
]]></failure>
      <failure message="/home/cjxu/npp/test/unit/nppi/nppi_geometry_transforms/test_nppi_copyConstBorder.cpp:67&#x0A;Expected equality of these values:&#x0A;  dstData[dstIdx]&#x0A;    Which is: &apos;\0&apos;&#x0A;  borderValue&#x0A;    Which is: &apos;\x80&apos; (128)&#x0A;Border value mismatch at (2,3)&#x0A;" type=""><![CDATA[/home/cjxu/npp/test/unit/nppi/nppi_geometry_transforms/test_nppi_copyConstBorder.cpp:67
Expected equality of these values:
  dstData[dstIdx]
    Which is: '\0'
  borderValue
    Which is: '\x80' (128)
Border value mismatch at (2,3)
]]></failure>
      <failure message="/home/cjxu/npp/test/unit/nppi/nppi_geometry_transforms/test_nppi_copyConstBorder.cpp:67&#x0A;Expected equality of these values:&#x0A;  dstData[dstIdx]&#x0A;    Which is: &apos;\0&apos;&#x0A;  borderValue&#x0A;    Which is: &apos;\x80&apos; (128)&#x0A;Border value mismatch at (3,3)&#x0A;" type=""><![CDATA[/home/cjxu/npp/test/unit/nppi/nppi_geometry_transforms/test_nppi_copyConstBorder.cpp:67
Expected equality of these values:
  dstData[dstIdx]
    Which is: '\0'
  borderValue
    Which is: '\x80' (128)
Border value mismatch at (3,3)
]]></failure>
      <failure message="/home/cjxu/npp/test/unit/nppi/nppi_geometry_transforms/test_nppi_copyConstBorder.cpp:67&#x0A;Expected equality of these values:&#x0A;  dstData[dstIdx]&#x0A;    Which is: &apos;\0&apos;&#x0A;  borderValue&#x0A;    Which is: &apos;\x80&apos; (128)&#x0A;Border value mismatch at (4,3)&#x0A;" type=""><![CDATA[/home/cjxu/npp/test/unit/nppi/nppi_geometry_transforms/test_nppi_copyConstBorder.cpp:67
Expected equality of these values:
  dstData[dstIdx]
    Which is: '\0'
  borderValue
    Which is: '\x80' (128)
Border value mismatch at (4,3)
]]></failure>
      <failure message="/home/cjxu/npp/test/unit/nppi/nppi_geometry_transforms/test_nppi_copyConstBorder.cpp:67&#x0A;Expected equality of these values:&#x0A;  dstData[dstIdx]&#x0A;    Which is: &apos;\0&apos;&#x0A;  borderValue&#x0A;    Which is: &apos;\x80&apos; (128)&#x0A;Border value mismatch at (5,3)&#x0A;" type=""><![CDATA[/home/cjxu/npp/test/unit/nppi/nppi_geometry_transforms/test_nppi_copyConstBorder.cpp:67
Expected equality of these values:
  dstData[dstIdx]
    Which is: '\0'
  borderValue
    Which is: '\x80' (128)
Border value mismatch at (5,3)
]]></failure>
      <failure message="/home/cjxu/npp/test/unit/nppi/nppi_geometry_transforms/test_nppi_copyConstBorder.cpp:67&#x0A;Expected equality of these values:&#x0A;  dstData[dstIdx]&#x0A;    Which is: &apos;\0&apos;&#x0A;  borderValue&#x0A;    Which is: &apos;\x80&apos; (128)&#x0A;Border value mismatch at (6,3)&#x0A;" type=""><![CDATA[/home/cjxu/npp/test/unit/nppi/nppi_geometry_transforms/test_nppi_copyConstBorder.cpp:67
Expected equality of these values:
  dstData[dstIdx]
    Which is: '\0'
  borderValue
    Which is: '\x80' (128)
Border value mismatch at (6,3)
]]></failure>
      <failure message="/home/cjxu/npp/test/unit/nppi/nppi_geometry_transforms/test_nppi_copyConstBorder.cpp:67&#x0A;Expected equality of these values:&#x0A;  dstData[dstIdx]&#x0A;    Which is: &apos;\0&apos;&#x0A;  borderValue&#x0A;    Which is: &apos;\x80&apos; (128)&#x0A;Border value mismatch at (7,3)&#x0A;" type=""><![CDATA[/home/cjxu/npp/test/unit/nppi/nppi_geometry_transforms/test_nppi_copyConstBorder.cpp:67
Expected equality of these values:
  dstData[dstIdx]
    Which is: '\0'
  borderValue
    Which is: '\x80' (128)
Border value mismatch at (7,3)
]]></failure>
      <failure message="/home/cjxu/npp/test/unit/nppi/nppi_geometry_transforms/test_nppi_copyConstBorder.cpp:67&#x0A;Expected equality of these values:&#x0A;  dstData[dstIdx]&#x0A;    Which is: &apos;\0&apos;&#x0A;  borderValue&#x0A;    Which is: &apos;\x80&apos; (128)&#x0A;Border value mismatch at (8,3)&#x0A;" type=""><![CDATA[/home/cjxu/npp/test/unit/nppi/nppi_geometry_transforms/test_nppi_copyConstBorder.cpp:67
Expected equality of these values:
  dstData[dstIdx]
    Which is: '\0'
  borderValue
    Which is: '\x80' (128)
Border value mismatch at (8,3)
]]></failure>
      <failure message="/home/cjxu/npp/test/unit/nppi/nppi_geometry_transforms/test_nppi_copyConstBorder.cpp:67&#x0A;Expected equality of these values:&#x0A;  dstData[dstIdx]&#x0A;    Which is: &apos;\0&apos;&#x0A;  borderValue&#x0A;    Which is: &apos;\x80&apos; (128)&#x0A;Border value mismatch at (9,3)&#x0A;" type=""><![CDATA[/home/cjxu/npp/test/unit/nppi/nppi_geometry_transforms/test_nppi_copyConstBorder.cpp:67
Expected equality of these values:
  dstData[dstIdx]
    Which is: '\0'
  borderValue
    Which is: '\x80' (128)
Border value mismatch at (9,3)
]]></failure>
      <failure message="/home/cjxu/npp/test/unit/nppi/nppi_geometry_transforms/test_nppi_copyConstBorder.cpp:67&#x0A;Expected equality of these values:&#x0A;  dstData[dstIdx]&#x0A;    Which is: &apos;\0&apos;&#x0A;  borderValue&#x0A;    Which is: &apos;\x80&apos; (128)&#x0A;Border value mismatch at (10,3)&#x0A;" type=""><![CDATA[/home/cjxu/npp/test/unit/nppi/nppi_geometry_transforms/test_nppi_copyConstBorder.cpp:67
Expected equality of these values:
  dstData[dstIdx]
    Which is: '\0'
  borderValue
    Which is: '\x80' (128)
Border value mismatch at (10,3)
]]></failure>
      <failure message="/home/cjxu/npp/test/unit/nppi/nppi_geometry_transforms/test_nppi_copyConstBorder.cpp:67&#x0A;Expected equality of these values:&#x0A;  dstData[dstIdx]&#x0A;    Which is: &apos;\0&apos;&#x0A;  borderValue&#x0A;    Which is: &apos;\x80&apos; (128)&#x0A;Border value mismatch at (11,3)&#x0A;" type=""><![CDATA[/home/cjxu/npp/test/unit/nppi/nppi_geometry_transforms/test_nppi_copyConstBorder.cpp:67
Expected equality of these values:
  dstData[dstIdx]
    Which is: '\0'
  borderValue
    Which is: '\x80' (128)
Border value mismatch at (11,3)
]]></failure>
      <failure message="/home/cjxu/npp/test/unit/nppi/nppi_geometry_transforms/test_nppi_copyConstBorder.cpp:67&#x0A;Expected equality of these values:&#x0A;  dstData[dstIdx]&#x0A;    Which is: &apos;\0&apos;&#x0A;  borderValue&#x0A;    Which is: &apos;\x80&apos; (128)&#x0A;Border value mismatch at (12,3)&#x0A;" type=""><![CDATA[/home/cjxu/npp/test/unit/nppi/nppi_geometry_transforms/test_nppi_copyConstBorder.cpp:67
Expected equality of these values:
  dstData[dstIdx]
    Which is: '\0'
  borderValue
    Which is: '\x80' (128)
Border value mismatch at (12,3)
]]></failure>
      <failure message="/home/cjxu/npp/test/unit/nppi/nppi_geometry_transforms/test_nppi_copyConstBorder.cpp:67&#x0A;Expected equality of these values:&#x0A;  dstData[dstIdx]&#x0A;    Which is: &apos;\0&apos;&#x0A;  borderValue&#x0A;    Which is: &apos;\x80&apos; (128)&#x0A;Border value mismatch at (13,3)&#x0A;" type=""><![CDATA[/home/cjxu/npp/test/unit/nppi/nppi_geometry_transforms/test_nppi_copyConstBorder.cpp:67
Expected equality of these values:
  dstData[dstIdx]
    Which is: '\0'
  borderValue
    Which is: '\x80' (128)
Border value mismatch at (13,3)
]]></failure>
      <failure message="/home/cjxu/npp/test/unit/nppi/nppi_geometry_transforms/test_nppi_copyConstBorder.cpp:67&#x0A;Expected equality of these values:&#x0A;  dstData[dstIdx]&#x0A;    Which is: &apos;\0&apos;&#x0A;  borderValue&#x0A;    Which is: &apos;\x80&apos; (128)&#x0A;Border value mismatch at (14,3)&#x0A;" type=""><![CDATA[/home/cjxu/npp/test/unit/nppi/nppi_geometry_transforms/test_nppi_copyConstBorder.cpp:67
Expected equality of these values:
  dstData[dstIdx]
    Which is: '\0'
  borderValue
    Which is: '\x80' (128)
Border value mismatch at (14,3)
]]></failure>
      <failure message="/home/cjxu/npp/test/unit/nppi/nppi_geometry_transforms/test_nppi_copyConstBorder.cpp:67&#x0A;Expected equality of these values:&#x0A;  dstData[dstIdx]&#x0A;    Which is: &apos;\0&apos;&#x0A;  borderValue&#x0A;    Which is: &apos;\x80&apos; (128)&#x0A;Border value mismatch at (15,3)&#x0A;" type=""><![CDATA[/home/cjxu/npp/test/unit/nppi/nppi_geometry_transforms/test_nppi_copyConstBorder.cpp:67
Expected equality of these values:
  dstData[dstIdx]
    Which is: '\0'
  borderValue
    Which is: '\x80' (128)
Border value mismatch at (15,3)
]]></failure>
      <failure message="/home/cjxu/npp/test/unit/nppi/nppi_geometry_transforms/test_nppi_copyConstBorder.cpp:67&#x0A;Expected equality of these values:&#x0A;  dstData[dstIdx]&#x0A;    Which is: &apos;\0&apos;&#x0A;  borderValue&#x0A;    Which is: &apos;\x80&apos; (128)&#x0A;Border value mismatch at (16,3)&#x0A;" type=""><![CDATA[/home/cjxu/npp/test/unit/nppi/nppi_geometry_transforms/test_nppi_copyConstBorder.cpp:67
Expected equality of these values:
  dstData[dstIdx]
    Which is: '\0'
  borderValue
    Which is: '\x80' (128)
Border value mismatch at (16,3)
]]></failure>
      <failure message="/home/cjxu/npp/test/unit/nppi/nppi_geometry_transforms/test_nppi_copyConstBorder.cpp:67&#x0A;Expected equality of these values:&#x0A;  dstData[dstIdx]&#x0A;    Which is: &apos;\0&apos;&#x0A;  borderValue&#x0A;    Which is: &apos;\x80&apos; (128)&#x0A;Border value mismatch at (17,3)&#x0A;" type=""><![CDATA[/home/cjxu/npp/test/unit/nppi/nppi_geometry_transforms/test_nppi_copyConstBorder.cpp:67
Expected equality of these values:
  dstData[dstIdx]
    Which is: '\0'
  borderValue
    Which is: '\x80' (128)
Border value mismatch at (17,3)
]]></failure>
      <failure message="/home/cjxu/npp/test/unit/nppi/nppi_geometry_transforms/test_nppi_copyConstBorder.cpp:67&#x0A;Expected equality of these values:&#x0A;  dstData[dstIdx]&#x0A;    Which is: &apos;\0&apos;&#x0A;  borderValue&#x0A;    Which is: &apos;\x80&apos; (128)&#x0A;Border value mismatch at (18,3)&#x0A;" type=""><![CDATA[/home/cjxu/npp/test/unit/nppi/nppi_geometry_transforms/test_nppi_copyConstBorder.cpp:67
Expected equality of these values:
  dstData[dstIdx]
    Which is: '\0'
  borderValue
    Which is: '\x80' (128)
Border value mismatch at (18,3)
]]></failure>
      <failure message="/home/cjxu/npp/test/unit/nppi/nppi_geometry_transforms/test_nppi_copyConstBorder.cpp:67&#x0A;Expected equality of these values:&#x0A;  dstData[dstIdx]&#x0A;    Which is: &apos;\0&apos;&#x0A;  borderValue&#x0A;    Which is: &apos;\x80&apos; (128)&#x0A;Border value mismatch at (19,3)&#x0A;" type=""><![CDATA[/home/cjxu/npp/test/unit/nppi/nppi_geometry_transforms/test_nppi_copyConstBorder.cpp:67
Expected equality of these values:
  dstData[dstIdx]
    Which is: '\0'
  borderValue
    Which is: '\x80' (128)
Border value mismatch at (19,3)
]]></failure>
      <failure message="/home/cjxu/npp/test/unit/nppi/nppi_geometry_transforms/test_nppi_copyConstBorder.cpp:67&#x0A;Expected equality of these values:&#x0A;  dstData[dstIdx]&#x0A;    Which is: &apos;\0&apos;&#x0A;  borderValue&#x0A;    Which is: &apos;\x80&apos; (128)&#x0A;Border value mismatch at (20,3)&#x0A;" type=""><![CDATA[/home/cjxu/npp/test/unit/nppi/nppi_geometry_transforms/test_nppi_copyConstBorder.cpp:67
Expected equality of these values:
  dstData[dstIdx]
    Which is: '\0'
  borderValue
    Which is: '\x80' (128)
Border value mismatch at (20,3)
]]></failure>
      <failure message="/home/cjxu/npp/test/unit/nppi/nppi_geometry_transforms/test_nppi_copyConstBorder.cpp:67&#x0A;Expected equality of these values:&#x0A;  dstData[dstIdx]&#x0A;    Which is: &apos;\0&apos;&#x0A;  borderValue&#x0A;    Which is: &apos;\x80&apos; (128)&#x0A;Border value mismatch at (21,3)&#x0A;" type=""><![CDATA[/home/cjxu/npp/test/unit/nppi/nppi_geometry_transforms/test_nppi_copyConstBorder.cpp:67
Expected equality of these values:
  dstData[dstIdx]
    Which is: '\0'
  borderValue
    Which is: '\x80' (128)
Border value mismatch at (21,3)
]]></failure>
      <failure message="/home/cjxu/npp/test/unit/nppi/nppi_geometry_transforms/test_nppi_copyConstBorder.cpp:67&#x0A;Expected equality of these values:&#x0A;  dstData[dstIdx]&#x0A;    Which is: &apos;\0&apos;&#x0A;  borderValue&#x0A;    Which is: &apos;\x80&apos; (128)&#x0A;Border value mismatch at (22,3)&#x0A;" type=""><![CDATA[/home/cjxu/npp/test/unit/nppi/nppi_geometry_transforms/test_nppi_copyConstBorder.cpp:67
Expected equality of these values:
  dstData[dstIdx]
    Which is: '\0'
  borderValue
    Which is: '\x80' (128)
Border value mismatch at (22,3)
]]></failure>
      <failure message="/home/cjxu/npp/test/unit/nppi/nppi_geometry_transforms/test_nppi_copyConstBorder.cpp:67&#x0A;Expected equality of these values:&#x0A;  dstData[dstIdx]&#x0A;    Which is: &apos;\0&apos;&#x0A;  borderValue&#x0A;    Which is: &apos;\x80&apos; (128)&#x0A;Border value mismatch at (23,3)&#x0A;" type=""><![CDATA[/home/cjxu/npp/test/unit/nppi/nppi_geometry_transforms/test_nppi_copyConstBorder.cpp:67
Expected equality of these values:
  dstData[dstIdx]
    Which is: '\0'
  borderValue
    Which is: '\x80' (128)
Border value mismatch at (23,3)
]]></failure>
      <failure message="/home/cjxu/npp/test/unit/nppi/nppi_geometry_transforms/test_nppi_copyConstBorder.cpp:67&#x0A;Expected equality of these values:&#x0A;  dstData[dstIdx]&#x0A;    Which is: &apos;\0&apos;&#x0A;  borderValue&#x0A;    Which is: &apos;\x80&apos; (128)&#x0A;Border value mismatch at (0,4)&#x0A;" type=""><![CDATA[/home/cjxu/npp/test/unit/nppi/nppi_geometry_transforms/test_nppi_copyConstBorder.cpp:67
Expected equality of these values:
  dstData[dstIdx]
    Which is: '\0'
  borderValue
    Which is: '\x80' (128)
Border value mismatch at (0,4)
]]></failure>
      <failure message="/home/cjxu/npp/test/unit/nppi/nppi_geometry_transforms/test_nppi_copyConstBorder.cpp:67&#x0A;Expected equality of these values:&#x0A;  dstData[dstIdx]&#x0A;    Which is: &apos;\0&apos;&#x0A;  borderValue&#x0A;    Which is: &apos;\x80&apos; (128)&#x0A;Border value mismatch at (1,4)&#x0A;" type=""><![CDATA[/home/cjxu/npp/test/unit/nppi/nppi_geometry_transforms/test_nppi_copyConstBorder.cpp:67
Expected equality of these values:
  dstData[dstIdx]
    Which is: '\0'
  borderValue
    Which is: '\x80' (128)
Border value mismatch at (1,4)
]]></failure>
      <failure message="/home/cjxu/npp/test/unit/nppi/nppi_geometry_transforms/test_nppi_copyConstBorder.cpp:67&#x0A;Expected equality of these values:&#x0A;  dstData[dstIdx]&#x0A;    Which is: &apos;\0&apos;&#x0A;  borderValue&#x0A;    Which is: &apos;\x80&apos; (128)&#x0A;Border value mismatch at (2,4)&#x0A;" type=""><![CDATA[/home/cjxu/npp/test/unit/nppi/nppi_geometry_transforms/test_nppi_copyConstBorder.cpp:67
Expected equality of these values:
  dstData[dstIdx]
    Which is: '\0'
  borderValue
    Which is: '\x80' (128)
Border value mismatch at (2,4)
]]></failure>
      <failure message="/home/cjxu/npp/test/unit/nppi/nppi_geometry_transforms/test_nppi_copyConstBorder.cpp:63&#x0A;Expected equality of these values:&#x0A;  dstData[dstIdx]&#x0A;    Which is: &apos;\0&apos;&#x0A;  srcData[srcIdx]&#x0A;    Which is: &apos;\xBB&apos; (187)&#x0A;Source copy mismatch at dst(3,4) src(0,0)&#x0A;" type=""><![CDATA[/home/cjxu/npp/test/unit/nppi/nppi_geometry_transforms/test_nppi_copyConstBorder.cpp:63
Expected equality of these values:
  dstData[dstIdx]
    Which is: '\0'
  srcData[srcIdx]
    Which is: '\xBB' (187)
Source copy mismatch at dst(3,4) src(0,0)
]]></failure>
      <failure message="/home/cjxu/npp/test/unit/nppi/nppi_geometry_transforms/test_nppi_copyConstBorder.cpp:63&#x0A;Expected equality of these values:&#x0A;  dstData[dstIdx]&#x0A;    Which is: &apos;\0&apos;&#x0A;  srcData[srcIdx]&#x0A;    Which is: &apos;\xC7&apos; (199)&#x0A;Source copy mismatch at dst(4,4) src(1,0)&#x0A;" type=""><![CDATA[/home/cjxu/npp/test/unit/nppi/nppi_geometry_transforms/test_nppi_copyConstBorder.cpp:63
Expected equality of these values:
  dstData[dstIdx]
    Which is: '\0'
  srcData[srcIdx]
    Which is: '\xC7' (199)
Source copy mismatch at dst(4,4) src(1,0)
]]></failure>
      <failure message="/home/cjxu/npp/test/unit/nppi/nppi_geometry_transforms/test_nppi_copyConstBorder.cpp:63&#x0A;Expected equality of these values:&#x0A;  dstData[dstIdx]&#x0A;    Which is: &apos;\0&apos;&#x0A;  srcData[srcIdx]&#x0A;    Which is: &apos;A&apos; (65, 0x41)&#x0A;Source copy mismatch at dst(5,4) src(2,0)&#x0A;" type=""><![CDATA[/home/cjxu/npp/test/unit/nppi/nppi_geometry_transforms/test_nppi_copyConstBorder.cpp:63
Expected equality of these values:
  dstData[dstIdx]
    Which is: '\0'
  srcData[srcIdx]
    Which is: 'A' (65, 0x41)
Source copy mismatch at dst(5,4) src(2,0)
]]></failure>
      <failure message="/home/cjxu/npp/test/unit/nppi/nppi_geometry_transforms/test_nppi_copyConstBorder.cpp:63&#x0A;Expected equality of these values:&#x0A;  dstData[dstIdx]&#x0A;    Which is: &apos;\0&apos;&#x0A;  srcData[srcIdx]&#x0A;    Which is: &apos;\xCA&apos; (202)&#x0A;Source copy mismatch at dst(6,4) src(3,0)&#x0A;" type=""><![CDATA[/home/cjxu/npp/test/unit/nppi/nppi_geometry_transforms/test_nppi_copyConstBorder.cpp:63
Expected equality of these values:
  dstData[dstIdx]
    Which is: '\0'
  srcData[srcIdx]
    Which is: '\xCA' (202)
Source copy mismatch at dst(6,4) src(3,0)
]]></failure>
      <failure message="/home/cjxu/npp/test/unit/nppi/nppi_geometry_transforms/test_nppi_copyConstBorder.cpp:63&#x0A;Expected equality of these values:&#x0A;  dstData[dstIdx]&#x0A;    Which is: &apos;\0&apos;&#x0A;  srcData[srcIdx]&#x0A;    Which is: &apos;\x96&apos; (150)&#x0A;Source copy mismatch at dst(7,4) src(4,0)&#x0A;" type=""><![CDATA[/home/cjxu/npp/test/unit/nppi/nppi_geometry_transforms/test_nppi_copyConstBorder.cpp:63
Expected equality of these values:
  dstData[dstIdx]
    Which is: '\0'
  srcData[srcIdx]
    Which is: '\x96' (150)
Source copy mismatch at dst(7,4) src(4,0)
]]></failure>
      <failure message="/home/cjxu/npp/test/unit/nppi/nppi_geometry_transforms/test_nppi_copyConstBorder.cpp:63&#x0A;Expected equality of these values:&#x0A;  dstData[dstIdx]&#x0A;    Which is: &apos;\0&apos;&#x0A;  srcData[srcIdx]&#x0A;    Which is: &apos;\x94&apos; (148)&#x0A;Source copy mismatch at dst(8,4) src(5,0)&#x0A;" type=""><![CDATA[/home/cjxu/npp/test/unit/nppi/nppi_geometry_transforms/test_nppi_copyConstBorder.cpp:63
Expected equality of these values:
  dstData[dstIdx]
    Which is: '\0'
  srcData[srcIdx]
    Which is: '\x94' (148)
Source copy mismatch at dst(8,4) src(5,0)
]]></failure>
      <failure message="/home/cjxu/npp/test/unit/nppi/nppi_geometry_transforms/test_nppi_copyConstBorder.cpp:63&#x0A;Expected equality of these values:&#x0A;  dstData[dstIdx]&#x0A;    Which is: &apos;\0&apos;&#x0A;  srcData[srcIdx]&#x0A;    Which is: &apos;\x85&apos; (133)&#x0A;Source copy mismatch at dst(9,4) src(6,0)&#x0A;" type=""><![CDATA[/home/cjxu/npp/test/unit/nppi/nppi_geometry_transforms/test_nppi_copyConstBorder.cpp:63
Expected equality of these values:
  dstData[dstIdx]
    Which is: '\0'
  srcData[srcIdx]
    Which is: '\x85' (133)
Source copy mismatch at dst(9,4) src(6,0)
]]></failure>
      <failure message="/home/cjxu/npp/test/unit/nppi/nppi_geometry_transforms/test_nppi_copyConstBorder.cpp:63&#x0A;Expected equality of these values:&#x0A;  dstData[dstIdx]&#x0A;    Which is: &apos;\0&apos;&#x0A;  srcData[srcIdx]&#x0A;    Which is: &apos;\\&apos; (92, 0x5C)&#x0A;Source copy mismatch at dst(10,4) src(7,0)&#x0A;" type=""><![CDATA[/home/cjxu/npp/test/unit/nppi/nppi_geometry_transforms/test_nppi_copyConstBorder.cpp:63
Expected equality of these values:
  dstData[dstIdx]
    Which is: '\0'
  srcData[srcIdx]
    Which is: '\\' (92, 0x5C)
Source copy mismatch at dst(10,4) src(7,0)
]]></failure>
      <failure message="/home/cjxu/npp/test/unit/nppi/nppi_geometry_transforms/test_nppi_copyConstBorder.cpp:63&#x0A;Expected equality of these values:&#x0A;  dstData[dstIdx]&#x0A;    Which is: &apos;\0&apos;&#x0A;  srcData[srcIdx]&#x0A;    Which is: &apos;\x1F&apos; (31)&#x0A;Source copy mismatch at dst(11,4) src(8,0)&#x0A;" type=""><![CDATA[/home/cjxu/npp/test/unit/nppi/nppi_geometry_transforms/test_nppi_copyConstBorder.cpp:63
Expected equality of these values:
  dstData[dstIdx]
    Which is: '\0'
  srcData[srcIdx]
    Which is: '\x1F' (31)
Source copy mismatch at dst(11,4) src(8,0)
]]></failure>
      <failure message="/home/cjxu/npp/test/unit/nppi/nppi_geometry_transforms/test_nppi_copyConstBorder.cpp:63&#x0A;Expected equality of these values:&#x0A;  dstData[dstIdx]&#x0A;    Which is: &apos;\0&apos;&#x0A;  srcData[srcIdx]&#x0A;    Which is: &apos;\xEE&apos; (238)&#x0A;Source copy mismatch at dst(12,4) src(9,0)&#x0A;" type=""><![CDATA[/home/cjxu/npp/test/unit/nppi/nppi_geometry_transforms/test_nppi_copyConstBorder.cpp:63
Expected equality of these values:
  dstData[dstIdx]
    Which is: '\0'
  srcData[srcIdx]
    Which is: '\xEE' (238)
Source copy mismatch at dst(12,4) src(9,0)
]]></failure>
      <failure message="/home/cjxu/npp/test/unit/nppi/nppi_geometry_transforms/test_nppi_copyConstBorder.cpp:63&#x0A;Expected equality of these values:&#x0A;  dstData[dstIdx]&#x0A;    Which is: &apos;\0&apos;&#x0A;  srcData[srcIdx]&#x0A;    Which is: &apos;\x98&apos; (152)&#x0A;Source copy mismatch at dst(13,4) src(10,0)&#x0A;" type=""><![CDATA[/home/cjxu/npp/test/unit/nppi/nppi_geometry_transforms/test_nppi_copyConstBorder.cpp:63
Expected equality of these values:
  dstData[dstIdx]
    Which is: '\0'
  srcData[srcIdx]
    Which is: '\x98' (152)
Source copy mismatch at dst(13,4) src(10,0)
]]></failure>
      <failure message="/home/cjxu/npp/test/unit/nppi/nppi_geometry_transforms/test_nppi_copyConstBorder.cpp:63&#x0A;Expected equality of these values:&#x0A;  dstData[dstIdx]&#x0A;    Which is: &apos;\0&apos;&#x0A;  srcData[srcIdx]&#x0A;    Which is: &apos;\xE8&apos; (232)&#x0A;Source copy mismatch at dst(14,4) src(11,0)&#x0A;" type=""><![CDATA[/home/cjxu/npp/test/unit/nppi/nppi_geometry_transforms/test_nppi_copyConstBorder.cpp:63
Expected equality of these values:
  dstData[dstIdx]
    Which is: '\0'
  srcData[srcIdx]
    Which is: '\xE8' (232)
Source copy mismatch at dst(14,4) src(11,0)
]]></failure>
      <failure message="/home/cjxu/npp/test/unit/nppi/nppi_geometry_transforms/test_nppi_copyConstBorder.cpp:63&#x0A;Expected equality of these values:&#x0A;  dstData[dstIdx]&#x0A;    Which is: &apos;\0&apos;&#x0A;  srcData[srcIdx]&#x0A;    Which is: &apos;\x15&apos; (21)&#x0A;Source copy mismatch at dst(15,4) src(12,0)&#x0A;" type=""><![CDATA[/home/cjxu/npp/test/unit/nppi/nppi_geometry_transforms/test_nppi_copyConstBorder.cpp:63
Expected equality of these values:
  dstData[dstIdx]
    Which is: '\0'
  srcData[srcIdx]
    Which is: '\x15' (21)
Source copy mismatch at dst(15,4) src(12,0)
]]></failure>
      <failure message="/home/cjxu/npp/test/unit/nppi/nppi_geometry_transforms/test_nppi_copyConstBorder.cpp:63&#x0A;Expected equality of these values:&#x0A;  dstData[dstIdx]&#x0A;    Which is: &apos;\0&apos;&#x0A;  srcData[srcIdx]&#x0A;    Which is: &apos;\x86&apos; (134)&#x0A;Source copy mismatch at dst(16,4) src(13,0)&#x0A;" type=""><![CDATA[/home/cjxu/npp/test/unit/nppi/nppi_geometry_transforms/test_nppi_copyConstBorder.cpp:63
Expected equality of these values:
  dstData[dstIdx]
    Which is: '\0'
  srcData[srcIdx]
    Which is: '\x86' (134)
Source copy mismatch at dst(16,4) src(13,0)
]]></failure>
      <failure message="/home/cjxu/npp/test/unit/nppi/nppi_geometry_transforms/test_nppi_copyConstBorder.cpp:63&#x0A;Expected equality of these values:&#x0A;  dstData[dstIdx]&#x0A;    Which is: &apos;\0&apos;&#x0A;  srcData[srcIdx]&#x0A;    Which is: &apos;\x9F&apos; (159)&#x0A;Source copy mismatch at dst(18,4) src(15,0)&#x0A;" type=""><![CDATA[/home/cjxu/npp/test/unit/nppi/nppi_geometry_transforms/test_nppi_copyConstBorder.cpp:63
Expected equality of these values:
  dstData[dstIdx]
    Which is: '\0'
  srcData[srcIdx]
    Which is: '\x9F' (159)
Source copy mismatch at dst(18,4) src(15,0)
]]></failure>
      <failure message="/home/cjxu/npp/test/unit/nppi/nppi_geometry_transforms/test_nppi_copyConstBorder.cpp:67&#x0A;Expected equality of these values:&#x0A;  dstData[dstIdx]&#x0A;    Which is: &apos;\0&apos;&#x0A;  borderValue&#x0A;    Which is: &apos;\x80&apos; (128)&#x0A;Border value mismatch at (19,4)&#x0A;" type=""><![CDATA[/home/cjxu/npp/test/unit/nppi/nppi_geometry_transforms/test_nppi_copyConstBorder.cpp:67
Expected equality of these values:
  dstData[dstIdx]
    Which is: '\0'
  borderValue
    Which is: '\x80' (128)
Border value mismatch at (19,4)
]]></failure>
      <failure message="/home/cjxu/npp/test/unit/nppi/nppi_geometry_transforms/test_nppi_copyConstBorder.cpp:67&#x0A;Expected equality of these values:&#x0A;  dstData[dstIdx]&#x0A;    Which is: &apos;\0&apos;&#x0A;  borderValue&#x0A;    Which is: &apos;\x80&apos; (128)&#x0A;Border value mismatch at (20,4)&#x0A;" type=""><![CDATA[/home/cjxu/npp/test/unit/nppi/nppi_geometry_transforms/test_nppi_copyConstBorder.cpp:67
Expected equality of these values:
  dstData[dstIdx]
    Which is: '\0'
  borderValue
    Which is: '\x80' (128)
Border value mismatch at (20,4)
]]></failure>
      <failure message="/home/cjxu/npp/test/unit/nppi/nppi_geometry_transforms/test_nppi_copyConstBorder.cpp:67&#x0A;Expected equality of these values:&#x0A;  dstData[dstIdx]&#x0A;    Which is: &apos;\0&apos;&#x0A;  borderValue&#x0A;    Which is: &apos;\x80&apos; (128)&#x0A;Border value mismatch at (21,4)&#x0A;" type=""><![CDATA[/home/cjxu/npp/test/unit/nppi/nppi_geometry_transforms/test_nppi_copyConstBorder.cpp:67
Expected equality of these values:
  dstData[dstIdx]
    Which is: '\0'
  borderValue
    Which is: '\x80' (128)
Border value mismatch at (21,4)
]]></failure>
      <failure message="/home/cjxu/npp/test/unit/nppi/nppi_geometry_transforms/test_nppi_copyConstBorder.cpp:67&#x0A;Expected equality of these values:&#x0A;  dstData[dstIdx]&#x0A;    Which is: &apos;\0&apos;&#x0A;  borderValue&#x0A;    Which is: &apos;\x80&apos; (128)&#x0A;Border value mismatch at (22,4)&#x0A;" type=""><![CDATA[/home/cjxu/npp/test/unit/nppi/nppi_geometry_transforms/test_nppi_copyConstBorder.cpp:67
Expected equality of these values:
  dstData[dstIdx]
    Which is: '\0'
  borderValue
    Which is: '\x80' (128)
Border value mismatch at (22,4)
]]></failure>
      <failure message="/home/cjxu/npp/test/unit/nppi/nppi_geometry_transforms/test_nppi_copyConstBorder.cpp:67&#x0A;Expected equality of these values:&#x0A;  dstData[dstIdx]&#x0A;    Which is: &apos;\0&apos;&#x0A;  borderValue&#x0A;    Which is: &apos;\x80&apos; (128)&#x0A;Border value mismatch at (23,4)&#x0A;" type=""><![CDATA[/home/cjxu/npp/test/unit/nppi/nppi_geometry_transforms/test_nppi_copyConstBorder.cpp:67
Expected equality of these values:
  dstData[dstIdx]
    Which is: '\0'
  borderValue
    Which is: '\x80' (128)
Border value mismatch at (23,4)
]]></failure>
      <failure message="/home/cjxu/npp/test/unit/nppi/nppi_geometry_transforms/test_nppi_copyConstBorder.cpp:67&#x0A;Expected equality of these values:&#x0A;  dstData[dstIdx]&#x0A;    Which is: &apos;\0&apos;&#x0A;  borderValue&#x0A;    Which is: &apos;\x80&apos; (128)&#x0A;Border value mismatch at (0,5)&#x0A;" type=""><![CDATA[/home/cjxu/npp/test/unit/nppi/nppi_geometry_transforms/test_nppi_copyConstBorder.cpp:67
Expected equality of these values:
  dstData[dstIdx]
    Which is: '\0'
  borderValue
    Which is: '\x80' (128)
Border value mismatch at (0,5)
]]></failure>
      <failure message="/home/cjxu/npp/test/unit/nppi/nppi_geometry_transforms/test_nppi_copyConstBorder.cpp:67&#x0A;Expected equality of these values:&#x0A;  dstData[dstIdx]&#x0A;    Which is: &apos;\0&apos;&#x0A;  borderValue&#x0A;    Which is: &apos;\x80&apos; (128)&#x0A;Border value mismatch at (1,5)&#x0A;" type=""><![CDATA[/home/cjxu/npp/test/unit/nppi/nppi_geometry_transforms/test_nppi_copyConstBorder.cpp:67
Expected equality of these values:
  dstData[dstIdx]
    Which is: '\0'
  borderValue
    Which is: '\x80' (128)
Border value mismatch at (1,5)
]]></failure>
      <failure message="/home/cjxu/npp/test/unit/nppi/nppi_geometry_transforms/test_nppi_copyConstBorder.cpp:67&#x0A;Expected equality of these values:&#x0A;  dstData[dstIdx]&#x0A;    Which is: &apos;\0&apos;&#x0A;  borderValue&#x0A;    Which is: &apos;\x80&apos; (128)&#x0A;Border value mismatch at (2,5)&#x0A;" type=""><![CDATA[/home/cjxu/npp/test/unit/nppi/nppi_geometry_transforms/test_nppi_copyConstBorder.cpp:67
Expected equality of these values:
  dstData[dstIdx]
    Which is: '\0'
  borderValue
    Which is: '\x80' (128)
Border value mismatch at (2,5)
]]></failure>
      <failure message="/home/cjxu/npp/test/unit/nppi/nppi_geometry_transforms/test_nppi_copyConstBorder.cpp:63&#x0A;Expected equality of these values:&#x0A;  dstData[dstIdx]&#x0A;    Which is: &apos;\0&apos;&#x0A;  srcData[srcIdx]&#x0A;    Which is: &apos;K&apos; (75, 0x4B)&#x0A;Source copy mismatch at dst(3,5) src(0,1)&#x0A;" type=""><![CDATA[/home/cjxu/npp/test/unit/nppi/nppi_geometry_transforms/test_nppi_copyConstBorder.cpp:63
Expected equality of these values:
  dstData[dstIdx]
    Which is: '\0'
  srcData[srcIdx]
    Which is: 'K' (75, 0x4B)
Source copy mismatch at dst(3,5) src(0,1)
]]></failure>
      <failure message="/home/cjxu/npp/test/unit/nppi/nppi_geometry_transforms/test_nppi_copyConstBorder.cpp:63&#x0A;Expected equality of these values:&#x0A;  dstData[dstIdx]&#x0A;    Which is: &apos;\0&apos;&#x0A;  srcData[srcIdx]&#x0A;    Which is: &apos;E&apos; (69, 0x45)&#x0A;Source copy mismatch at dst(4,5) src(1,1)&#x0A;" type=""><![CDATA[/home/cjxu/npp/test/unit/nppi/nppi_geometry_transforms/test_nppi_copyConstBorder.cpp:63
Expected equality of these values:
  dstData[dstIdx]
    Which is: '\0'
  srcData[srcIdx]
    Which is: 'E' (69, 0x45)
Source copy mismatch at dst(4,5) src(1,1)
]]></failure>
      <failure message="/home/cjxu/npp/test/unit/nppi/nppi_geometry_transforms/test_nppi_copyConstBorder.cpp:63&#x0A;Expected equality of these values:&#x0A;  dstData[dstIdx]&#x0A;    Which is: &apos;\0&apos;&#x0A;  srcData[srcIdx]&#x0A;    Which is: &apos;\x18&apos; (24)&#x0A;Source copy mismatch at dst(5,5) src(2,1)&#x0A;" type=""><![CDATA[/home/cjxu/npp/test/unit/nppi/nppi_geometry_transforms/test_nppi_copyConstBorder.cpp:63
Expected equality of these values:
  dstData[dstIdx]
    Which is: '\0'
  srcData[srcIdx]
    Which is: '\x18' (24)
Source copy mismatch at dst(5,5) src(2,1)
]]></failure>
      <failure message="/home/cjxu/npp/test/unit/nppi/nppi_geometry_transforms/test_nppi_copyConstBorder.cpp:63&#x0A;Expected equality of these values:&#x0A;  dstData[dstIdx]&#x0A;    Which is: &apos;\0&apos;&#x0A;  srcData[srcIdx]&#x0A;    Which is: &apos;\xFB&apos; (251)&#x0A;Source copy mismatch at dst(6,5) src(3,1)&#x0A;" type=""><![CDATA[/home/cjxu/npp/test/unit/nppi/nppi_geometry_transforms/test_nppi_copyConstBorder.cpp:63
Expected equality of these values:
  dstData[dstIdx]
    Which is: '\0'
  srcData[srcIdx]
    Which is: '\xFB' (251)
Source copy mismatch at dst(6,5) src(3,1)
]]></failure>
      <failure message="/home/cjxu/npp/test/unit/nppi/nppi_geometry_transforms/test_nppi_copyConstBorder.cpp:63&#x0A;Expected equality of these values:&#x0A;  dstData[dstIdx]&#x0A;    Which is: &apos;\0&apos;&#x0A;  srcData[srcIdx]&#x0A;    Which is: &apos;1&apos; (49, 0x31)&#x0A;Source copy mismatch at dst(7,5) src(4,1)&#x0A;" type=""><![CDATA[/home/cjxu/npp/test/unit/nppi/nppi_geometry_transforms/test_nppi_copyConstBorder.cpp:63
Expected equality of these values:
  dstData[dstIdx]
    Which is: '\0'
  srcData[srcIdx]
    Which is: '1' (49, 0x31)
Source copy mismatch at dst(7,5) src(4,1)
]]></failure>
      <failure message="/home/cjxu/npp/test/unit/nppi/nppi_geometry_transforms/test_nppi_copyConstBorder.cpp:63&#x0A;Expected equality of these values:&#x0A;  dstData[dstIdx]&#x0A;    Which is: &apos;\0&apos;&#x0A;  srcData[srcIdx]&#x0A;    Which is: &apos;\xE1&apos; (225)&#x0A;Source copy mismatch at dst(8,5) src(5,1)&#x0A;" type=""><![CDATA[/home/cjxu/npp/test/unit/nppi/nppi_geometry_transforms/test_nppi_copyConstBorder.cpp:63
Expected equality of these values:
  dstData[dstIdx]
    Which is: '\0'
  srcData[srcIdx]
    Which is: '\xE1' (225)
Source copy mismatch at dst(8,5) src(5,1)
]]></failure>
      <failure message="/home/cjxu/npp/test/unit/nppi/nppi_geometry_transforms/test_nppi_copyConstBorder.cpp:63&#x0A;Expected equality of these values:&#x0A;  dstData[dstIdx]&#x0A;    Which is: &apos;\0&apos;&#x0A;  srcData[srcIdx]&#x0A;    Which is: &apos;\x13&apos; (19)&#x0A;Source copy mismatch at dst(9,5) src(6,1)&#x0A;" type=""><![CDATA[/home/cjxu/npp/test/unit/nppi/nppi_geometry_transforms/test_nppi_copyConstBorder.cpp:63
Expected equality of these values:
  dstData[dstIdx]
    Which is: '\0'
  srcData[srcIdx]
    Which is: '\x13' (19)
Source copy mismatch at dst(9,5) src(6,1)
]]></failure>
      <failure message="/home/cjxu/npp/test/unit/nppi/nppi_geometry_transforms/test_nppi_copyConstBorder.cpp:63&#x0A;Expected equality of these values:&#x0A;  dstData[dstIdx]&#x0A;    Which is: &apos;\0&apos;&#x0A;  srcData[srcIdx]&#x0A;    Which is: &apos;-&apos; (45, 0x2D)&#x0A;Source copy mismatch at dst(10,5) src(7,1)&#x0A;" type=""><![CDATA[/home/cjxu/npp/test/unit/nppi/nppi_geometry_transforms/test_nppi_copyConstBorder.cpp:63
Expected equality of these values:
  dstData[dstIdx]
    Which is: '\0'
  srcData[srcIdx]
    Which is: '-' (45, 0x2D)
Source copy mismatch at dst(10,5) src(7,1)
]]></failure>
      <failure message="/home/cjxu/npp/test/unit/nppi/nppi_geometry_transforms/test_nppi_copyConstBorder.cpp:63&#x0A;Expected equality of these values:&#x0A;  dstData[dstIdx]&#x0A;    Which is: &apos;\0&apos;&#x0A;  srcData[srcIdx]&#x0A;    Which is: &apos;]&apos; (93, 0x5D)&#x0A;Source copy mismatch at dst(11,5) src(8,1)&#x0A;" type=""><![CDATA[/home/cjxu/npp/test/unit/nppi/nppi_geometry_transforms/test_nppi_copyConstBorder.cpp:63
Expected equality of these values:
  dstData[dstIdx]
    Which is: '\0'
  srcData[srcIdx]
    Which is: ']' (93, 0x5D)
Source copy mismatch at dst(11,5) src(8,1)
]]></failure>
      <failure message="/home/cjxu/npp/test/unit/nppi/nppi_geometry_transforms/test_nppi_copyConstBorder.cpp:63&#x0A;Expected equality of these values:&#x0A;  dstData[dstIdx]&#x0A;    Which is: &apos;\0&apos;&#x0A;  srcData[srcIdx]&#x0A;    Which is: &apos;\xFD&apos; (253)&#x0A;Source copy mismatch at dst(12,5) src(9,1)&#x0A;" type=""><![CDATA[/home/cjxu/npp/test/unit/nppi/nppi_geometry_transforms/test_nppi_copyConstBorder.cpp:63
Expected equality of these values:
  dstData[dstIdx]
    Which is: '\0'
  srcData[srcIdx]
    Which is: '\xFD' (253)
Source copy mismatch at dst(12,5) src(9,1)
]]></failure>
      <failure message="/home/cjxu/npp/test/unit/nppi/nppi_geometry_transforms/test_nppi_copyConstBorder.cpp:63&#x0A;Expected equality of these values:&#x0A;  dstData[dstIdx]&#x0A;    Which is: &apos;\0&apos;&#x0A;  srcData[srcIdx]&#x0A;    Which is: &apos;\x3&apos; (3)&#x0A;Source copy mismatch at dst(13,5) src(10,1)&#x0A;" type=""><![CDATA[/home/cjxu/npp/test/unit/nppi/nppi_geometry_transforms/test_nppi_copyConstBorder.cpp:63
Expected equality of these values:
  dstData[dstIdx]
    Which is: '\0'
  srcData[srcIdx]
    Which is: '\x3' (3)
Source copy mismatch at dst(13,5) src(10,1)
]]></failure>
      <failure message="/home/cjxu/npp/test/unit/nppi/nppi_geometry_transforms/test_nppi_copyConstBorder.cpp:63&#x0A;Expected equality of these values:&#x0A;  dstData[dstIdx]&#x0A;    Which is: &apos;\0&apos;&#x0A;  srcData[srcIdx]&#x0A;    Which is: &apos;n&apos; (110, 0x6E)&#x0A;Source copy mismatch at dst(14,5) src(11,1)&#x0A;" type=""><![CDATA[/home/cjxu/npp/test/unit/nppi/nppi_geometry_transforms/test_nppi_copyConstBorder.cpp:63
Expected equality of these values:
  dstData[dstIdx]
    Which is: '\0'
  srcData[srcIdx]
    Which is: 'n' (110, 0x6E)
Source copy mismatch at dst(14,5) src(11,1)
]]></failure>
      <failure message="/home/cjxu/npp/test/unit/nppi/nppi_geometry_transforms/test_nppi_copyConstBorder.cpp:63&#x0A;Expected equality of these values:&#x0A;  dstData[dstIdx]&#x0A;    Which is: &apos;\0&apos;&#x0A;  srcData[srcIdx]&#x0A;    Which is: &apos;\xE0&apos; (224)&#x0A;Source copy mismatch at dst(15,5) src(12,1)&#x0A;" type=""><![CDATA[/home/cjxu/npp/test/unit/nppi/nppi_geometry_transforms/test_nppi_copyConstBorder.cpp:63
Expected equality of these values:
  dstData[dstIdx]
    Which is: '\0'
  srcData[srcIdx]
    Which is: '\xE0' (224)
Source copy mismatch at dst(15,5) src(12,1)
]]></failure>
      <failure message="/home/cjxu/npp/test/unit/nppi/nppi_geometry_transforms/test_nppi_copyConstBorder.cpp:63&#x0A;Expected equality of these values:&#x0A;  dstData[dstIdx]&#x0A;    Which is: &apos;\0&apos;&#x0A;  srcData[srcIdx]&#x0A;    Which is: &apos;\xF8&apos; (248)&#x0A;Source copy mismatch at dst(16,5) src(13,1)&#x0A;" type=""><![CDATA[/home/cjxu/npp/test/unit/nppi/nppi_geometry_transforms/test_nppi_copyConstBorder.cpp:63
Expected equality of these values:
  dstData[dstIdx]
    Which is: '\0'
  srcData[srcIdx]
    Which is: '\xF8' (248)
Source copy mismatch at dst(16,5) src(13,1)
]]></failure>
      <failure message="/home/cjxu/npp/test/unit/nppi/nppi_geometry_transforms/test_nppi_copyConstBorder.cpp:63&#x0A;Expected equality of these values:&#x0A;  dstData[dstIdx]&#x0A;    Which is: &apos;\0&apos;&#x0A;  srcData[srcIdx]&#x0A;    Which is: &apos;\x80&apos; (128)&#x0A;Source copy mismatch at dst(17,5) src(14,1)&#x0A;" type=""><![CDATA[/home/cjxu/npp/test/unit/nppi/nppi_geometry_transforms/test_nppi_copyConstBorder.cpp:63
Expected equality of these values:
  dstData[dstIdx]
    Which is: '\0'
  srcData[srcIdx]
    Which is: '\x80' (128)
Source copy mismatch at dst(17,5) src(14,1)
]]></failure>
      <failure message="/home/cjxu/npp/test/unit/nppi/nppi_geometry_transforms/test_nppi_copyConstBorder.cpp:63&#x0A;Expected equality of these values:&#x0A;  dstData[dstIdx]&#x0A;    Which is: &apos;\0&apos;&#x0A;  srcData[srcIdx]&#x0A;    Which is: &apos;\x9C&apos; (156)&#x0A;Source copy mismatch at dst(18,5) src(15,1)&#x0A;" type=""><![CDATA[/home/cjxu/npp/test/unit/nppi/nppi_geometry_transforms/test_nppi_copyConstBorder.cpp:63
Expected equality of these values:
  dstData[dstIdx]
    Which is: '\0'
  srcData[srcIdx]
    Which is: '\x9C' (156)
Source copy mismatch at dst(18,5) src(15,1)
]]></failure>
      <failure message="/home/cjxu/npp/test/unit/nppi/nppi_geometry_transforms/test_nppi_copyConstBorder.cpp:67&#x0A;Expected equality of these values:&#x0A;  dstData[dstIdx]&#x0A;    Which is: &apos;\0&apos;&#x0A;  borderValue&#x0A;    Which is: &apos;\x80&apos; (128)&#x0A;Border value mismatch at (19,5)&#x0A;" type=""><![CDATA[/home/cjxu/npp/test/unit/nppi/nppi_geometry_transforms/test_nppi_copyConstBorder.cpp:67
Expected equality of these values:
  dstData[dstIdx]
    Which is: '\0'
  borderValue
    Which is: '\x80' (128)
Border value mismatch at (19,5)
]]></failure>
      <failure message="/home/cjxu/npp/test/unit/nppi/nppi_geometry_transforms/test_nppi_copyConstBorder.cpp:67&#x0A;Expected equality of these values:&#x0A;  dstData[dstIdx]&#x0A;    Which is: &apos;\0&apos;&#x0A;  borderValue&#x0A;    Which is: &apos;\x80&apos; (128)&#x0A;Border value mismatch at (20,5)&#x0A;" type=""><![CDATA[/home/cjxu/npp/test/unit/nppi/nppi_geometry_transforms/test_nppi_copyConstBorder.cpp:67
Expected equality of these values:
  dstData[dstIdx]
    Which is: '\0'
  borderValue
    Which is: '\x80' (128)
Border value mismatch at (20,5)
]]></failure>
      <failure message="/home/cjxu/npp/test/unit/nppi/nppi_geometry_transforms/test_nppi_copyConstBorder.cpp:67&#x0A;Expected equality of these values:&#x0A;  dstData[dstIdx]&#x0A;    Which is: &apos;\0&apos;&#x0A;  borderValue&#x0A;    Which is: &apos;\x80&apos; (128)&#x0A;Border value mismatch at (21,5)&#x0A;" type=""><![CDATA[/home/cjxu/npp/test/unit/nppi/nppi_geometry_transforms/test_nppi_copyConstBorder.cpp:67
Expected equality of these values:
  dstData[dstIdx]
    Which is: '\0'
  borderValue
    Which is: '\x80' (128)
Border value mismatch at (21,5)
]]></failure>
      <failure message="/home/cjxu/npp/test/unit/nppi/nppi_geometry_transforms/test_nppi_copyConstBorder.cpp:67&#x0A;Expected equality of these values:&#x0A;  dstData[dstIdx]&#x0A;    Which is: &apos;\0&apos;&#x0A;  borderValue&#x0A;    Which is: &apos;\x80&apos; (128)&#x0A;Border value mismatch at (22,5)&#x0A;" type=""><![CDATA[/home/cjxu/npp/test/unit/nppi/nppi_geometry_transforms/test_nppi_copyConstBorder.cpp:67
Expected equality of these values:
  dstData[dstIdx]
    Which is: '\0'
  borderValue
    Which is: '\x80' (128)
Border value mismatch at (22,5)
]]></failure>
      <failure message="/home/cjxu/npp/test/unit/nppi/nppi_geometry_transforms/test_nppi_copyConstBorder.cpp:67&#x0A;Expected equality of these values:&#x0A;  dstData[dstIdx]&#x0A;    Which is: &apos;\0&apos;&#x0A;  borderValue&#x0A;    Which is: &apos;\x80&apos; (128)&#x0A;Border value mismatch at (23,5)&#x0A;" type=""><![CDATA[/home/cjxu/npp/test/unit/nppi/nppi_geometry_transforms/test_nppi_copyConstBorder.cpp:67
Expected equality of these values:
  dstData[dstIdx]
    Which is: '\0'
  borderValue
    Which is: '\x80' (128)
Border value mismatch at (23,5)
]]></failure>
      <failure message="/home/cjxu/npp/test/unit/nppi/nppi_geometry_transforms/test_nppi_copyConstBorder.cpp:67&#x0A;Expected equality of these values:&#x0A;  dstData[dstIdx]&#x0A;    Which is: &apos;\0&apos;&#x0A;  borderValue&#x0A;    Which is: &apos;\x80&apos; (128)&#x0A;Border value mismatch at (0,6)&#x0A;" type=""><![CDATA[/home/cjxu/npp/test/unit/nppi/nppi_geometry_transforms/test_nppi_copyConstBorder.cpp:67
Expected equality of these values:
  dstData[dstIdx]
    Which is: '\0'
  borderValue
    Which is: '\x80' (128)
Border value mismatch at (0,6)
]]></failure>
      <failure message="/home/cjxu/npp/test/unit/nppi/nppi_geometry_transforms/test_nppi_copyConstBorder.cpp:67&#x0A;Expected equality of these values:&#x0A;  dstData[dstIdx]&#x0A;    Which is: &apos;\0&apos;&#x0A;  borderValue&#x0A;    Which is: &apos;\x80&apos; (128)&#x0A;Border value mismatch at (1,6)&#x0A;" type=""><![CDATA[/home/cjxu/npp/test/unit/nppi/nppi_geometry_transforms/test_nppi_copyConstBorder.cpp:67
Expected equality of these values:
  dstData[dstIdx]
    Which is: '\0'
  borderValue
    Which is: '\x80' (128)
Border value mismatch at (1,6)
]]></failure>
      <failure message="/home/cjxu/npp/test/unit/nppi/nppi_geometry_transforms/test_nppi_copyConstBorder.cpp:67&#x0A;Expected equality of these values:&#x0A;  dstData[dstIdx]&#x0A;    Which is: &apos;\0&apos;&#x0A;  borderValue&#x0A;    Which is: &apos;\x80&apos; (128)&#x0A;Border value mismatch at (2,6)&#x0A;" type=""><![CDATA[/home/cjxu/npp/test/unit/nppi/nppi_geometry_transforms/test_nppi_copyConstBorder.cpp:67
Expected equality of these values:
  dstData[dstIdx]
    Which is: '\0'
  borderValue
    Which is: '\x80' (128)
Border value mismatch at (2,6)
]]></failure>
      <failure message="/home/cjxu/npp/test/unit/nppi/nppi_geometry_transforms/test_nppi_copyConstBorder.cpp:63&#x0A;Expected equality of these values:&#x0A;  dstData[dstIdx]&#x0A;    Which is: &apos;\0&apos;&#x0A;  srcData[srcIdx]&#x0A;    Which is: &apos;\xBF&apos; (191)&#x0A;Source copy mismatch at dst(3,6) src(0,2)&#x0A;" type=""><![CDATA[/home/cjxu/npp/test/unit/nppi/nppi_geometry_transforms/test_nppi_copyConstBorder.cpp:63
Expected equality of these values:
  dstData[dstIdx]
    Which is: '\0'
  srcData[srcIdx]
    Which is: '\xBF' (191)
Source copy mismatch at dst(3,6) src(0,2)
]]></failure>
      <failure message="/home/cjxu/npp/test/unit/nppi/nppi_geometry_transforms/test_nppi_copyConstBorder.cpp:63&#x0A;Expected equality of these values:&#x0A;  dstData[dstIdx]&#x0A;    Which is: &apos;\0&apos;&#x0A;  srcData[srcIdx]&#x0A;    Which is: &apos;\xC2&apos; (194)&#x0A;Source copy mismatch at dst(4,6) src(1,2)&#x0A;" type=""><![CDATA[/home/cjxu/npp/test/unit/nppi/nppi_geometry_transforms/test_nppi_copyConstBorder.cpp:63
Expected equality of these values:
  dstData[dstIdx]
    Which is: '\0'
  srcData[srcIdx]
    Which is: '\xC2' (194)
Source copy mismatch at dst(4,6) src(1,2)
]]></failure>
      <failure message="/home/cjxu/npp/test/unit/nppi/nppi_geometry_transforms/test_nppi_copyConstBorder.cpp:63&#x0A;Expected equality of these values:&#x0A;  dstData[dstIdx]&#x0A;    Which is: &apos;\0&apos;&#x0A;  srcData[srcIdx]&#x0A;    Which is: &apos;f&apos; (102, 0x66)&#x0A;Source copy mismatch at dst(5,6) src(2,2)&#x0A;" type=""><![CDATA[/home/cjxu/npp/test/unit/nppi/nppi_geometry_transforms/test_nppi_copyConstBorder.cpp:63
Expected equality of these values:
  dstData[dstIdx]
    Which is: '\0'
  srcData[srcIdx]
    Which is: 'f' (102, 0x66)
Source copy mismatch at dst(5,6) src(2,2)
]]></failure>
      <failure message="/home/cjxu/npp/test/unit/nppi/nppi_geometry_transforms/test_nppi_copyConstBorder.cpp:63&#x0A;Expected equality of these values:&#x0A;  dstData[dstIdx]&#x0A;    Which is: &apos;\0&apos;&#x0A;  srcData[srcIdx]&#x0A;    Which is: &apos;U&apos; (85, 0x55)&#x0A;Source copy mismatch at dst(6,6) src(3,2)&#x0A;" type=""><![CDATA[/home/cjxu/npp/test/unit/nppi/nppi_geometry_transforms/test_nppi_copyConstBorder.cpp:63
Expected equality of these values:
  dstData[dstIdx]
    Which is: '\0'
  srcData[srcIdx]
    Which is: 'U' (85, 0x55)
Source copy mismatch at dst(6,6) src(3,2)
]]></failure>
      <failure message="/home/cjxu/npp/test/unit/nppi/nppi_geometry_transforms/test_nppi_copyConstBorder.cpp:63&#x0A;Expected equality of these values:&#x0A;  dstData[dstIdx]&#x0A;    Which is: &apos;\0&apos;&#x0A;  srcData[srcIdx]&#x0A;    Which is: &apos;V&apos; (86, 0x56)&#x0A;Source copy mismatch at dst(7,6) src(4,2)&#x0A;" type=""><![CDATA[/home/cjxu/npp/test/unit/nppi/nppi_geometry_transforms/test_nppi_copyConstBorder.cpp:63
Expected equality of these values:
  dstData[dstIdx]
    Which is: '\0'
  srcData[srcIdx]
    Which is: 'V' (86, 0x56)
Source copy mismatch at dst(7,6) src(4,2)
]]></failure>
      <failure message="/home/cjxu/npp/test/unit/nppi/nppi_geometry_transforms/test_nppi_copyConstBorder.cpp:63&#x0A;Expected equality of these values:&#x0A;  dstData[dstIdx]&#x0A;    Which is: &apos;\0&apos;&#x0A;  srcData[srcIdx]&#x0A;    Which is: &apos;\xEB&apos; (235)&#x0A;Source copy mismatch at dst(8,6) src(5,2)&#x0A;" type=""><![CDATA[/home/cjxu/npp/test/unit/nppi/nppi_geometry_transforms/test_nppi_copyConstBorder.cpp:63
Expected equality of these values:
  dstData[dstIdx]
    Which is: '\0'
  srcData[srcIdx]
    Which is: '\xEB' (235)
Source copy mismatch at dst(8,6) src(5,2)
]]></failure>
      <failure message="/home/cjxu/npp/test/unit/nppi/nppi_geometry_transforms/test_nppi_copyConstBorder.cpp:63&#x0A;Expected equality of these values:&#x0A;  dstData[dstIdx]&#x0A;    Which is: &apos;\0&apos;&#x0A;  srcData[srcIdx]&#x0A;    Which is: &apos;\xB2&apos; (178)&#x0A;Source copy mismatch at dst(9,6) src(6,2)&#x0A;" type=""><![CDATA[/home/cjxu/npp/test/unit/nppi/nppi_geometry_transforms/test_nppi_copyConstBorder.cpp:63
Expected equality of these values:
  dstData[dstIdx]
    Which is: '\0'
  srcData[srcIdx]
    Which is: '\xB2' (178)
Source copy mismatch at dst(9,6) src(6,2)
]]></failure>
      <failure message="/home/cjxu/npp/test/unit/nppi/nppi_geometry_transforms/test_nppi_copyConstBorder.cpp:63&#x0A;Expected equality of these values:&#x0A;  dstData[dstIdx]&#x0A;    Which is: &apos;\0&apos;&#x0A;  srcData[srcIdx]&#x0A;    Which is: &apos;u&apos; (117, 0x75)&#x0A;Source copy mismatch at dst(10,6) src(7,2)&#x0A;" type=""><![CDATA[/home/cjxu/npp/test/unit/nppi/nppi_geometry_transforms/test_nppi_copyConstBorder.cpp:63
Expected equality of these values:
  dstData[dstIdx]
    Which is: '\0'
  srcData[srcIdx]
    Which is: 'u' (117, 0x75)
Source copy mismatch at dst(10,6) src(7,2)
]]></failure>
      <failure message="/home/cjxu/npp/test/unit/nppi/nppi_geometry_transforms/test_nppi_copyConstBorder.cpp:63&#x0A;Expected equality of these values:&#x0A;  dstData[dstIdx]&#x0A;    Which is: &apos;\0&apos;&#x0A;  srcData[srcIdx]&#x0A;    Which is: &apos;\xD9&apos; (217)&#x0A;Source copy mismatch at dst(11,6) src(8,2)&#x0A;" type=""><![CDATA[/home/cjxu/npp/test/unit/nppi/nppi_geometry_transforms/test_nppi_copyConstBorder.cpp:63
Expected equality of these values:
  dstData[dstIdx]
    Which is: '\0'
  srcData[srcIdx]
    Which is: '\xD9' (217)
Source copy mismatch at dst(11,6) src(8,2)
]]></failure>
      <failure message="/home/cjxu/npp/test/unit/nppi/nppi_geometry_transforms/test_nppi_copyConstBorder.cpp:63&#x0A;Expected equality of these values:&#x0A;  dstData[dstIdx]&#x0A;    Which is: &apos;\0&apos;&#x0A;  srcData[srcIdx]&#x0A;    Which is: &apos;J&apos; (74, 0x4A)&#x0A;Source copy mismatch at dst(12,6) src(9,2)&#x0A;" type=""><![CDATA[/home/cjxu/npp/test/unit/nppi/nppi_geometry_transforms/test_nppi_copyConstBorder.cpp:63
Expected equality of these values:
  dstData[dstIdx]
    Which is: '\0'
  srcData[srcIdx]
    Which is: 'J' (74, 0x4A)
Source copy mismatch at dst(12,6) src(9,2)
]]></failure>
      <failure message="/home/cjxu/npp/test/unit/nppi/nppi_geometry_transforms/test_nppi_copyConstBorder.cpp:63&#x0A;Expected equality of these values:&#x0A;  dstData[dstIdx]&#x0A;    Which is: &apos;\0&apos;&#x0A;  srcData[srcIdx]&#x0A;    Which is: &apos;]&apos; (93, 0x5D)&#x0A;Source copy mismatch at dst(13,6) src(10,2)&#x0A;" type=""><![CDATA[/home/cjxu/npp/test/unit/nppi/nppi_geometry_transforms/test_nppi_copyConstBorder.cpp:63
Expected equality of these values:
  dstData[dstIdx]
    Which is: '\0'
  srcData[srcIdx]
    Which is: ']' (93, 0x5D)
Source copy mismatch at dst(13,6) src(10,2)
]]></failure>
      <failure message="/home/cjxu/npp/test/unit/nppi/nppi_geometry_transforms/test_nppi_copyConstBorder.cpp:63&#x0A;Expected equality of these values:&#x0A;  dstData[dstIdx]&#x0A;    Which is: &apos;\0&apos;&#x0A;  srcData[srcIdx]&#x0A;    Which is: &apos;\xEF&apos; (239)&#x0A;Source copy mismatch at dst(14,6) src(11,2)&#x0A;" type=""><![CDATA[/home/cjxu/npp/test/unit/nppi/nppi_geometry_transforms/test_nppi_copyConstBorder.cpp:63
Expected equality of these values:
  dstData[dstIdx]
    Which is: '\0'
  srcData[srcIdx]
    Which is: '\xEF' (239)
Source copy mismatch at dst(14,6) src(11,2)
]]></failure>
      <failure message="/home/cjxu/npp/test/unit/nppi/nppi_geometry_transforms/test_nppi_copyConstBorder.cpp:63&#x0A;Expected equality of these values:&#x0A;  dstData[dstIdx]&#x0A;    Which is: &apos;\0&apos;&#x0A;  srcData[srcIdx]&#x0A;    Which is: &apos;\xD0&apos; (208)&#x0A;Source copy mismatch at dst(15,6) src(12,2)&#x0A;" type=""><![CDATA[/home/cjxu/npp/test/unit/nppi/nppi_geometry_transforms/test_nppi_copyConstBorder.cpp:63
Expected equality of these values:
  dstData[dstIdx]
    Which is: '\0'
  srcData[srcIdx]
    Which is: '\xD0' (208)
Source copy mismatch at dst(15,6) src(12,2)
]]></failure>
      <failure message="/home/cjxu/npp/test/unit/nppi/nppi_geometry_transforms/test_nppi_copyConstBorder.cpp:63&#x0A;Expected equality of these values:&#x0A;  dstData[dstIdx]&#x0A;    Which is: &apos;\0&apos;&#x0A;  srcData[srcIdx]&#x0A;    Which is: &apos;]&apos; (93, 0x5D)&#x0A;Source copy mismatch at dst(16,6) src(13,2)&#x0A;" type=""><![CDATA[/home/cjxu/npp/test/unit/nppi/nppi_geometry_transforms/test_nppi_copyConstBorder.cpp:63
Expected equality of these values:
  dstData[dstIdx]
    Which is: '\0'
  srcData[srcIdx]
    Which is: ']' (93, 0x5D)
Source copy mismatch at dst(16,6) src(13,2)
]]></failure>
      <failure message="/home/cjxu/npp/test/unit/nppi/nppi_geometry_transforms/test_nppi_copyConstBorder.cpp:63&#x0A;Expected equality of these values:&#x0A;  dstData[dstIdx]&#x0A;    Which is: &apos;\0&apos;&#x0A;  srcData[srcIdx]&#x0A;    Which is: &apos;\x8E&apos; (142)&#x0A;Source copy mismatch at dst(17,6) src(14,2)&#x0A;" type=""><![CDATA[/home/cjxu/npp/test/unit/nppi/nppi_geometry_transforms/test_nppi_copyConstBorder.cpp:63
Expected equality of these values:
  dstData[dstIdx]
    Which is: '\0'
  srcData[srcIdx]
    Which is: '\x8E' (142)
Source copy mismatch at dst(17,6) src(14,2)
]]></failure>
      <failure message="/home/cjxu/npp/test/unit/nppi/nppi_geometry_transforms/test_nppi_copyConstBorder.cpp:63&#x0A;Expected equality of these values:&#x0A;  dstData[dstIdx]&#x0A;    Which is: &apos;\0&apos;&#x0A;  srcData[srcIdx]&#x0A;    Which is: &apos;\x1C&apos; (28)&#x0A;Source copy mismatch at dst(18,6) src(15,2)&#x0A;" type=""><![CDATA[/home/cjxu/npp/test/unit/nppi/nppi_geometry_transforms/test_nppi_copyConstBorder.cpp:63
Expected equality of these values:
  dstData[dstIdx]
    Which is: '\0'
  srcData[srcIdx]
    Which is: '\x1C' (28)
Source copy mismatch at dst(18,6) src(15,2)
]]></failure>
      <failure message="/home/cjxu/npp/test/unit/nppi/nppi_geometry_transforms/test_nppi_copyConstBorder.cpp:67&#x0A;Expected equality of these values:&#x0A;  dstData[dstIdx]&#x0A;    Which is: &apos;\0&apos;&#x0A;  borderValue&#x0A;    Which is: &apos;\x80&apos; (128)&#x0A;Border value mismatch at (19,6)&#x0A;" type=""><![CDATA[/home/cjxu/npp/test/unit/nppi/nppi_geometry_transforms/test_nppi_copyConstBorder.cpp:67
Expected equality of these values:
  dstData[dstIdx]
    Which is: '\0'
  borderValue
    Which is: '\x80' (128)
Border value mismatch at (19,6)
]]></failure>
      <failure message="/home/cjxu/npp/test/unit/nppi/nppi_geometry_transforms/test_nppi_copyConstBorder.cpp:67&#x0A;Expected equality of these values:&#x0A;  dstData[dstIdx]&#x0A;    Which is: &apos;\0&apos;&#x0A;  borderValue&#x0A;    Which is: &apos;\x80&apos; (128)&#x0A;Border value mismatch at (20,6)&#x0A;" type=""><![CDATA[/home/cjxu/npp/test/unit/nppi/nppi_geometry_transforms/test_nppi_copyConstBorder.cpp:67
Expected equality of these values:
  dstData[dstIdx]
    Which is: '\0'
  borderValue
    Which is: '\x80' (128)
Border value mismatch at (20,6)
]]></failure>
      <failure message="/home/cjxu/npp/test/unit/nppi/nppi_geometry_transforms/test_nppi_copyConstBorder.cpp:67&#x0A;Expected equality of these values:&#x0A;  dstData[dstIdx]&#x0A;    Which is: &apos;\0&apos;&#x0A;  borderValue&#x0A;    Which is: &apos;\x80&apos; (128)&#x0A;Border value mismatch at (21,6)&#x0A;" type=""><![CDATA[/home/cjxu/npp/test/unit/nppi/nppi_geometry_transforms/test_nppi_copyConstBorder.cpp:67
Expected equality of these values:
  dstData[dstIdx]
    Which is: '\0'
  borderValue
    Which is: '\x80' (128)
Border value mismatch at (21,6)
]]></failure>
      <failure message="/home/cjxu/npp/test/unit/nppi/nppi_geometry_transforms/test_nppi_copyConstBorder.cpp:67&#x0A;Expected equality of these values:&#x0A;  dstData[dstIdx]&#x0A;    Which is: &apos;\0&apos;&#x0A;  borderValue&#x0A;    Which is: &apos;\x80&apos; (128)&#x0A;Border value mismatch at (22,6)&#x0A;" type=""><![CDATA[/home/cjxu/npp/test/unit/nppi/nppi_geometry_transforms/test_nppi_copyConstBorder.cpp:67
Expected equality of these values:
  dstData[dstIdx]
    Which is: '\0'
  borderValue
    Which is: '\x80' (128)
Border value mismatch at (22,6)
]]></failure>
      <failure message="/home/cjxu/npp/test/unit/nppi/nppi_geometry_transforms/test_nppi_copyConstBorder.cpp:67&#x0A;Expected equality of these values:&#x0A;  dstData[dstIdx]&#x0A;    Which is: &apos;\0&apos;&#x0A;  borderValue&#x0A;    Which is: &apos;\x80&apos; (128)&#x0A;Border value mismatch at (23,6)&#x0A;" type=""><![CDATA[/home/cjxu/npp/test/unit/nppi/nppi_geometry_transforms/test_nppi_copyConstBorder.cpp:67
Expected equality of these values:
  dstData[dstIdx]
    Which is: '\0'
  borderValue
    Which is: '\x80' (128)
Border value mismatch at (23,6)
]]></failure>
      <failure message="/home/cjxu/npp/test/unit/nppi/nppi_geometry_transforms/test_nppi_copyConstBorder.cpp:67&#x0A;Expected equality of these values:&#x0A;  dstData[dstIdx]&#x0A;    Which is: &apos;\0&apos;&#x0A;  borderValue&#x0A;    Which is: &apos;\x80&apos; (128)&#x0A;Border value mismatch at (0,7)&#x0A;" type=""><![CDATA[/home/cjxu/npp/test/unit/nppi/nppi_geometry_transforms/test_nppi_copyConstBorder.cpp:67
Expected equality of these values:
  dstData[dstIdx]
    Which is: '\0'
  borderValue
    Which is: '\x80' (128)
Border value mismatch at (0,7)
]]></failure>
      <failure message="/home/cjxu/npp/test/unit/nppi/nppi_geometry_transforms/test_nppi_copyConstBorder.cpp:67&#x0A;Expected equality of these values:&#x0A;  dstData[dstIdx]&#x0A;    Which is: &apos;\0&apos;&#x0A;  borderValue&#x0A;    Which is: &apos;\x80&apos; (128)&#x0A;Border value mismatch at (1,7)&#x0A;" type=""><![CDATA[/home/cjxu/npp/test/unit/nppi/nppi_geometry_transforms/test_nppi_copyConstBorder.cpp:67
Expected equality of these values:
  dstData[dstIdx]
    Which is: '\0'
  borderValue
    Which is: '\x80' (128)
Border value mismatch at (1,7)
]]></failure>
      <failure message="/home/cjxu/npp/test/unit/nppi/nppi_geometry_transforms/test_nppi_copyConstBorder.cpp:67&#x0A;Expected equality of these values:&#x0A;  dstData[dstIdx]&#x0A;    Which is: &apos;\0&apos;&#x0A;  borderValue&#x0A;    Which is: &apos;\x80&apos; (128)&#x0A;Border value mismatch at (2,7)&#x0A;" type=""><![CDATA[/home/cjxu/npp/test/unit/nppi/nppi_geometry_transforms/test_nppi_copyConstBorder.cpp:67
Expected equality of these values:
  dstData[dstIdx]
    Which is: '\0'
  borderValue
    Which is: '\x80' (128)
Border value mismatch at (2,7)
]]></failure>
      <failure message="/home/cjxu/npp/test/unit/nppi/nppi_geometry_transforms/test_nppi_copyConstBorder.cpp:63&#x0A;Expected equality of these values:&#x0A;  dstData[dstIdx]&#x0A;    Which is: &apos;\0&apos;&#x0A;  srcData[srcIdx]&#x0A;    Which is: &apos;\xA3&apos; (163)&#x0A;Source copy mismatch at dst(3,7) src(0,3)&#x0A;" type=""><![CDATA[/home/cjxu/npp/test/unit/nppi/nppi_geometry_transforms/test_nppi_copyConstBorder.cpp:63
Expected equality of these values:
  dstData[dstIdx]
    Which is: '\0'
  srcData[srcIdx]
    Which is: '\xA3' (163)
Source copy mismatch at dst(3,7) src(0,3)
]]></failure>
      <failure message="/home/cjxu/npp/test/unit/nppi/nppi_geometry_transforms/test_nppi_copyConstBorder.cpp:63&#x0A;Expected equality of these values:&#x0A;  dstData[dstIdx]&#x0A;    Which is: &apos;\0&apos;&#x0A;  srcData[srcIdx]&#x0A;    Which is: &apos;\xA6&apos; (166)&#x0A;Source copy mismatch at dst(4,7) src(1,3)&#x0A;" type=""><![CDATA[/home/cjxu/npp/test/unit/nppi/nppi_geometry_transforms/test_nppi_copyConstBorder.cpp:63
Expected equality of these values:
  dstData[dstIdx]
    Which is: '\0'
  srcData[srcIdx]
    Which is: '\xA6' (166)
Source copy mismatch at dst(4,7) src(1,3)
]]></failure>
      <failure message="/home/cjxu/npp/test/unit/nppi/nppi_geometry_transforms/test_nppi_copyConstBorder.cpp:63&#x0A;Expected equality of these values:&#x0A;  dstData[dstIdx]&#x0A;    Which is: &apos;\0&apos;&#x0A;  srcData[srcIdx]&#x0A;    Which is: &apos;\x17&apos; (23)&#x0A;Source copy mismatch at dst(5,7) src(2,3)&#x0A;" type=""><![CDATA[/home/cjxu/npp/test/unit/nppi/nppi_geometry_transforms/test_nppi_copyConstBorder.cpp:63
Expected equality of these values:
  dstData[dstIdx]
    Which is: '\0'
  srcData[srcIdx]
    Which is: '\x17' (23)
Source copy mismatch at dst(5,7) src(2,3)
]]></failure>
      <failure message="/home/cjxu/npp/test/unit/nppi/nppi_geometry_transforms/test_nppi_copyConstBorder.cpp:63&#x0A;Expected equality of these values:&#x0A;  dstData[dstIdx]&#x0A;    Which is: &apos;\0&apos;&#x0A;  srcData[srcIdx]&#x0A;    Which is: &apos;\xD4&apos; (212)&#x0A;Source copy mismatch at dst(6,7) src(3,3)&#x0A;" type=""><![CDATA[/home/cjxu/npp/test/unit/nppi/nppi_geometry_transforms/test_nppi_copyConstBorder.cpp:63
Expected equality of these values:
  dstData[dstIdx]
    Which is: '\0'
  srcData[srcIdx]
    Which is: '\xD4' (212)
Source copy mismatch at dst(6,7) src(3,3)
]]></failure>
      <failure message="/home/cjxu/npp/test/unit/nppi/nppi_geometry_transforms/test_nppi_copyConstBorder.cpp:63&#x0A;Expected equality of these values:&#x0A;  dstData[dstIdx]&#x0A;    Which is: &apos;\0&apos;&#x0A;  srcData[srcIdx]&#x0A;    Which is: &apos;\x87&apos; (135)&#x0A;Source copy mismatch at dst(7,7) src(4,3)&#x0A;" type=""><![CDATA[/home/cjxu/npp/test/unit/nppi/nppi_geometry_transforms/test_nppi_copyConstBorder.cpp:63
Expected equality of these values:
  dstData[dstIdx]
    Which is: '\0'
  srcData[srcIdx]
    Which is: '\x87' (135)
Source copy mismatch at dst(7,7) src(4,3)
]]></failure>
      <failure message="/home/cjxu/npp/test/unit/nppi/nppi_geometry_transforms/test_nppi_copyConstBorder.cpp:63&#x0A;Expected equality of these values:&#x0A;  dstData[dstIdx]&#x0A;    Which is: &apos;\0&apos;&#x0A;  srcData[srcIdx]&#x0A;    Which is: &apos;*&apos; (42, 0x2A)&#x0A;Source copy mismatch at dst(8,7) src(5,3)&#x0A;" type=""><![CDATA[/home/cjxu/npp/test/unit/nppi/nppi_geometry_transforms/test_nppi_copyConstBorder.cpp:63
Expected equality of these values:
  dstData[dstIdx]
    Which is: '\0'
  srcData[srcIdx]
    Which is: '*' (42, 0x2A)
Source copy mismatch at dst(8,7) src(5,3)
]]></failure>
      <failure message="/home/cjxu/npp/test/unit/nppi/nppi_geometry_transforms/test_nppi_copyConstBorder.cpp:63&#x0A;Expected equality of these values:&#x0A;  dstData[dstIdx]&#x0A;    Which is: &apos;\0&apos;&#x0A;  srcData[srcIdx]&#x0A;    Which is: &apos;\x1&apos; (1)&#x0A;Source copy mismatch at dst(9,7) src(6,3)&#x0A;" type=""><![CDATA[/home/cjxu/npp/test/unit/nppi/nppi_geometry_transforms/test_nppi_copyConstBorder.cpp:63
Expected equality of these values:
  dstData[dstIdx]
    Which is: '\0'
  srcData[srcIdx]
    Which is: '\x1' (1)
Source copy mismatch at dst(9,7) src(6,3)
]]></failure>
      <failure message="/home/cjxu/npp/test/unit/nppi/nppi_geometry_transforms/test_nppi_copyConstBorder.cpp:63&#x0A;Expected equality of these values:&#x0A;  dstData[dstIdx]&#x0A;    Which is: &apos;\0&apos;&#x0A;  srcData[srcIdx]&#x0A;    Which is: &apos;\xE4&apos; (228)&#x0A;Source copy mismatch at dst(10,7) src(7,3)&#x0A;" type=""><![CDATA[/home/cjxu/npp/test/unit/nppi/nppi_geometry_transforms/test_nppi_copyConstBorder.cpp:63
Expected equality of these values:
  dstData[dstIdx]
    Which is: '\0'
  srcData[srcIdx]
    Which is: '\xE4' (228)
Source copy mismatch at dst(10,7) src(7,3)
]]></failure>
      <failure message="/home/cjxu/npp/test/unit/nppi/nppi_geometry_transforms/test_nppi_copyConstBorder.cpp:63&#x0A;Expected equality of these values:&#x0A;  dstData[dstIdx]&#x0A;    Which is: &apos;\0&apos;&#x0A;  srcData[srcIdx]&#x0A;    Which is: &apos;\&apos;&apos; (39, 0x27)&#x0A;Source copy mismatch at dst(11,7) src(8,3)&#x0A;" type=""><![CDATA[/home/cjxu/npp/test/unit/nppi/nppi_geometry_transforms/test_nppi_copyConstBorder.cpp:63
Expected equality of these values:
  dstData[dstIdx]
    Which is: '\0'
  srcData[srcIdx]
    Which is: '\'' (39, 0x27)
Source copy mismatch at dst(11,7) src(8,3)
]]></failure>
      <failure message="/home/cjxu/npp/test/unit/nppi/nppi_geometry_transforms/test_nppi_copyConstBorder.cpp:63&#x0A;Expected equality of these values:&#x0A;  dstData[dstIdx]&#x0A;    Which is: &apos;\0&apos;&#x0A;  srcData[srcIdx]&#x0A;    Which is: &apos;\x4&apos; (4)&#x0A;Source copy mismatch at dst(12,7) src(9,3)&#x0A;" type=""><![CDATA[/home/cjxu/npp/test/unit/nppi/nppi_geometry_transforms/test_nppi_copyConstBorder.cpp:63
Expected equality of these values:
  dstData[dstIdx]
    Which is: '\0'
  srcData[srcIdx]
    Which is: '\x4' (4)
Source copy mismatch at dst(12,7) src(9,3)
]]></failure>
      <failure message="/home/cjxu/npp/test/unit/nppi/nppi_geometry_transforms/test_nppi_copyConstBorder.cpp:63&#x0A;Expected equality of these values:&#x0A;  dstData[dstIdx]&#x0A;    Which is: &apos;\0&apos;&#x0A;  srcData[srcIdx]&#x0A;    Which is: &apos;R&apos; (82, 0x52)&#x0A;Source copy mismatch at dst(13,7) src(10,3)&#x0A;" type=""><![CDATA[/home/cjxu/npp/test/unit/nppi/nppi_geometry_transforms/test_nppi_copyConstBorder.cpp:63
Expected equality of these values:
  dstData[dstIdx]
    Which is: '\0'
  srcData[srcIdx]
    Which is: 'R' (82, 0x52)
Source copy mismatch at dst(13,7) src(10,3)
]]></failure>
      <failure message="/home/cjxu/npp/test/unit/nppi/nppi_geometry_transforms/test_nppi_copyConstBorder.cpp:63&#x0A;Expected equality of these values:&#x0A;  dstData[dstIdx]&#x0A;    Which is: &apos;\0&apos;&#x0A;  srcData[srcIdx]&#x0A;    Which is: &apos;\b&apos; (8)&#x0A;Source copy mismatch at dst(14,7) src(11,3)&#x0A;" type=""><![CDATA[/home/cjxu/npp/test/unit/nppi/nppi_geometry_transforms/test_nppi_copyConstBorder.cpp:63
Expected equality of these values:
  dstData[dstIdx]
    Which is: '\0'
  srcData[srcIdx]
    Which is: '\b' (8)
Source copy mismatch at dst(14,7) src(11,3)
]]></failure>
      <failure message="/home/cjxu/npp/test/unit/nppi/nppi_geometry_transforms/test_nppi_copyConstBorder.cpp:63&#x0A;Expected equality of these values:&#x0A;  dstData[dstIdx]&#x0A;    Which is: &apos;\0&apos;&#x0A;  srcData[srcIdx]&#x0A;    Which is: &apos;\xFC&apos; (252)&#x0A;Source copy mismatch at dst(15,7) src(12,3)&#x0A;" type=""><![CDATA[/home/cjxu/npp/test/unit/nppi/nppi_geometry_transforms/test_nppi_copyConstBorder.cpp:63
Expected equality of these values:
  dstData[dstIdx]
    Which is: '\0'
  srcData[srcIdx]
    Which is: '\xFC' (252)
Source copy mismatch at dst(15,7) src(12,3)
]]></failure>
      <failure message="/home/cjxu/npp/test/unit/nppi/nppi_geometry_transforms/test_nppi_copyConstBorder.cpp:63&#x0A;Expected equality of these values:&#x0A;  dstData[dstIdx]&#x0A;    Which is: &apos;\0&apos;&#x0A;  srcData[srcIdx]&#x0A;    Which is: &apos;\xD3&apos; (211)&#x0A;Source copy mismatch at dst(16,7) src(13,3)&#x0A;" type=""><![CDATA[/home/cjxu/npp/test/unit/nppi/nppi_geometry_transforms/test_nppi_copyConstBorder.cpp:63
Expected equality of these values:
  dstData[dstIdx]
    Which is: '\0'
  srcData[srcIdx]
    Which is: '\xD3' (211)
Source copy mismatch at dst(16,7) src(13,3)
]]></failure>
      <failure message="/home/cjxu/npp/test/unit/nppi/nppi_geometry_transforms/test_nppi_copyConstBorder.cpp:63&#x0A;Expected equality of these values:&#x0A;  dstData[dstIdx]&#x0A;    Which is: &apos;\0&apos;&#x0A;  srcData[srcIdx]&#x0A;    Which is: &apos;\xA4&apos; (164)&#x0A;Source copy mismatch at dst(17,7) src(14,3)&#x0A;" type=""><![CDATA[/home/cjxu/npp/test/unit/nppi/nppi_geometry_transforms/test_nppi_copyConstBorder.cpp:63
Expected equality of these values:
  dstData[dstIdx]
    Which is: '\0'
  srcData[srcIdx]
    Which is: '\xA4' (164)
Source copy mismatch at dst(17,7) src(14,3)
]]></failure>
      <failure message="/home/cjxu/npp/test/unit/nppi/nppi_geometry_transforms/test_nppi_copyConstBorder.cpp:63&#x0A;Expected equality of these values:&#x0A;  dstData[dstIdx]&#x0A;    Which is: &apos;\0&apos;&#x0A;  srcData[srcIdx]&#x0A;    Which is: &apos;\xBC&apos; (188)&#x0A;Source copy mismatch at dst(18,7) src(15,3)&#x0A;" type=""><![CDATA[/home/cjxu/npp/test/unit/nppi/nppi_geometry_transforms/test_nppi_copyConstBorder.cpp:63
Expected equality of these values:
  dstData[dstIdx]
    Which is: '\0'
  srcData[srcIdx]
    Which is: '\xBC' (188)
Source copy mismatch at dst(18,7) src(15,3)
]]></failure>
      <failure message="/home/cjxu/npp/test/unit/nppi/nppi_geometry_transforms/test_nppi_copyConstBorder.cpp:67&#x0A;Expected equality of these values:&#x0A;  dstData[dstIdx]&#x0A;    Which is: &apos;\0&apos;&#x0A;  borderValue&#x0A;    Which is: &apos;\x80&apos; (128)&#x0A;Border value mismatch at (19,7)&#x0A;" type=""><![CDATA[/home/cjxu/npp/test/unit/nppi/nppi_geometry_transforms/test_nppi_copyConstBorder.cpp:67
Expected equality of these values:
  dstData[dstIdx]
    Which is: '\0'
  borderValue
    Which is: '\x80' (128)
Border value mismatch at (19,7)
]]></failure>
      <failure message="/home/cjxu/npp/test/unit/nppi/nppi_geometry_transforms/test_nppi_copyConstBorder.cpp:67&#x0A;Expected equality of these values:&#x0A;  dstData[dstIdx]&#x0A;    Which is: &apos;\0&apos;&#x0A;  borderValue&#x0A;    Which is: &apos;\x80&apos; (128)&#x0A;Border value mismatch at (20,7)&#x0A;" type=""><![CDATA[/home/cjxu/npp/test/unit/nppi/nppi_geometry_transforms/test_nppi_copyConstBorder.cpp:67
Expected equality of these values:
  dstData[dstIdx]
    Which is: '\0'
  borderValue
    Which is: '\x80' (128)
Border value mismatch at (20,7)
]]></failure>
      <failure message="/home/cjxu/npp/test/unit/nppi/nppi_geometry_transforms/test_nppi_copyConstBorder.cpp:67&#x0A;Expected equality of these values:&#x0A;  dstData[dstIdx]&#x0A;    Which is: &apos;\0&apos;&#x0A;  borderValue&#x0A;    Which is: &apos;\x80&apos; (128)&#x0A;Border value mismatch at (21,7)&#x0A;" type=""><![CDATA[/home/cjxu/npp/test/unit/nppi/nppi_geometry_transforms/test_nppi_copyConstBorder.cpp:67
Expected equality of these values:
  dstData[dstIdx]
    Which is: '\0'
  borderValue
    Which is: '\x80' (128)
Border value mismatch at (21,7)
]]></failure>
      <failure message="/home/cjxu/npp/test/unit/nppi/nppi_geometry_transforms/test_nppi_copyConstBorder.cpp:67&#x0A;Expected equality of these values:&#x0A;  dstData[dstIdx]&#x0A;    Which is: &apos;\0&apos;&#x0A;  borderValue&#x0A;    Which is: &apos;\x80&apos; (128)&#x0A;Border value mismatch at (22,7)&#x0A;" type=""><![CDATA[/home/cjxu/npp/test/unit/nppi/nppi_geometry_transforms/test_nppi_copyConstBorder.cpp:67
Expected equality of these values:
  dstData[dstIdx]
    Which is: '\0'
  borderValue
    Which is: '\x80' (128)
Border value mismatch at (22,7)
]]></failure>
      <failure message="/home/cjxu/npp/test/unit/nppi/nppi_geometry_transforms/test_nppi_copyConstBorder.cpp:67&#x0A;Expected equality of these values:&#x0A;  dstData[dstIdx]&#x0A;    Which is: &apos;\0&apos;&#x0A;  borderValue&#x0A;    Which is: &apos;\x80&apos; (128)&#x0A;Border value mismatch at (23,7)&#x0A;" type=""><![CDATA[/home/cjxu/npp/test/unit/nppi/nppi_geometry_transforms/test_nppi_copyConstBorder.cpp:67
Expected equality of these values:
  dstData[dstIdx]
    Which is: '\0'
  borderValue
    Which is: '\x80' (128)
Border value mismatch at (23,7)
]]></failure>
      <failure message="/home/cjxu/npp/test/unit/nppi/nppi_geometry_transforms/test_nppi_copyConstBorder.cpp:67&#x0A;Expected equality of these values:&#x0A;  dstData[dstIdx]&#x0A;    Which is: &apos;\0&apos;&#x0A;  borderValue&#x0A;    Which is: &apos;\x80&apos; (128)&#x0A;Border value mismatch at (0,8)&#x0A;" type=""><![CDATA[/home/cjxu/npp/test/unit/nppi/nppi_geometry_transforms/test_nppi_copyConstBorder.cpp:67
Expected equality of these values:
  dstData[dstIdx]
    Which is: '\0'
  borderValue
    Which is: '\x80' (128)
Border value mismatch at (0,8)
]]></failure>
      <failure message="/home/cjxu/npp/test/unit/nppi/nppi_geometry_transforms/test_nppi_copyConstBorder.cpp:67&#x0A;Expected equality of these values:&#x0A;  dstData[dstIdx]&#x0A;    Which is: &apos;\0&apos;&#x0A;  borderValue&#x0A;    Which is: &apos;\x80&apos; (128)&#x0A;Border value mismatch at (1,8)&#x0A;" type=""><![CDATA[/home/cjxu/npp/test/unit/nppi/nppi_geometry_transforms/test_nppi_copyConstBorder.cpp:67
Expected equality of these values:
  dstData[dstIdx]
    Which is: '\0'
  borderValue
    Which is: '\x80' (128)
Border value mismatch at (1,8)
]]></failure>
      <failure message="/home/cjxu/npp/test/unit/nppi/nppi_geometry_transforms/test_nppi_copyConstBorder.cpp:67&#x0A;Expected equality of these values:&#x0A;  dstData[dstIdx]&#x0A;    Which is: &apos;\0&apos;&#x0A;  borderValue&#x0A;    Which is: &apos;\x80&apos; (128)&#x0A;Border value mismatch at (2,8)&#x0A;" type=""><![CDATA[/home/cjxu/npp/test/unit/nppi/nppi_geometry_transforms/test_nppi_copyConstBorder.cpp:67
Expected equality of these values:
  dstData[dstIdx]
    Which is: '\0'
  borderValue
    Which is: '\x80' (128)
Border value mismatch at (2,8)
]]></failure>
      <failure message="/home/cjxu/npp/test/unit/nppi/nppi_geometry_transforms/test_nppi_copyConstBorder.cpp:63&#x0A;Expected equality of these values:&#x0A;  dstData[dstIdx]&#x0A;    Which is: &apos;\0&apos;&#x0A;  srcData[srcIdx]&#x0A;    Which is: &apos;\x95&apos; (149)&#x0A;Source copy mismatch at dst(3,8) src(0,4)&#x0A;" type=""><![CDATA[/home/cjxu/npp/test/unit/nppi/nppi_geometry_transforms/test_nppi_copyConstBorder.cpp:63
Expected equality of these values:
  dstData[dstIdx]
    Which is: '\0'
  srcData[srcIdx]
    Which is: '\x95' (149)
Source copy mismatch at dst(3,8) src(0,4)
]]></failure>
      <failure message="/home/cjxu/npp/test/unit/nppi/nppi_geometry_transforms/test_nppi_copyConstBorder.cpp:63&#x0A;Expected equality of these values:&#x0A;  dstData[dstIdx]&#x0A;    Which is: &apos;\0&apos;&#x0A;  srcData[srcIdx]&#x0A;    Which is: &apos;\n&apos; (10, 0xA)&#x0A;With diff:&#x0A;@@ -1,1 +1,2 @@&#x0A;-&apos;\0&apos;&#x0A;+&apos;&#x0A;+&apos; (10, 0xA)&#x0A;&#x0A;Source copy mismatch at dst(4,8) src(1,4)&#x0A;" type=""><![CDATA[/home/cjxu/npp/test/unit/nppi/nppi_geometry_transforms/test_nppi_copyConstBorder.cpp:63
Expected equality of these values:
  dstData[dstIdx]
    Which is: '\0'
  srcData[srcIdx]
    Which is: '\n' (10, 0xA)
With diff:
@@ -1,1 +1,2 @@
-'\0'
+'
+' (10, 0xA)

Source copy mismatch at dst(4,8) src(1,4)
]]></failure>
      <failure message="/home/cjxu/npp/test/unit/nppi/nppi_geometry_transforms/test_nppi_copyConstBorder.cpp:63&#x0A;Expected equality of these values:&#x0A;  dstData[dstIdx]&#x0A;    Which is: &apos;\0&apos;&#x0A;  srcData[srcIdx]&#x0A;    Which is: &apos;\x11&apos; (17)&#x0A;Source copy mismatch at dst(5,8) src(2,4)&#x0A;" type=""><![CDATA[/home/cjxu/npp/test/unit/nppi/nppi_geometry_transforms/test_nppi_copyConstBorder.cpp:63
Expected equality of these values:
  dstData[dstIdx]
    Which is: '\0'
  srcData[srcIdx]
    Which is: '\x11' (17)
Source copy mismatch at dst(5,8) src(2,4)
]]></failure>
      <failure message="/home/cjxu/npp/test/unit/nppi/nppi_geometry_transforms/test_nppi_copyConstBorder.cpp:63&#x0A;Expected equality of these values:&#x0A;  dstData[dstIdx]&#x0A;    Which is: &apos;\0&apos;&#x0A;  srcData[srcIdx]&#x0A;    Which is: &apos;\xEB&apos; (235)&#x0A;Source copy mismatch at dst(6,8) src(3,4)&#x0A;" type=""><![CDATA[/home/cjxu/npp/test/unit/nppi/nppi_geometry_transforms/test_nppi_copyConstBorder.cpp:63
Expected equality of these values:
  dstData[dstIdx]
    Which is: '\0'
  srcData[srcIdx]
    Which is: '\xEB' (235)
Source copy mismatch at dst(6,8) src(3,4)
]]></failure>
      <failure message="/home/cjxu/npp/test/unit/nppi/nppi_geometry_transforms/test_nppi_copyConstBorder.cpp:63&#x0A;Expected equality of these values:&#x0A;  dstData[dstIdx]&#x0A;    Which is: &apos;\0&apos;&#x0A;  srcData[srcIdx]&#x0A;    Which is: &apos;\xF5&apos; (245)&#x0A;Source copy mismatch at dst(7,8) src(4,4)&#x0A;" type=""><![CDATA[/home/cjxu/npp/test/unit/nppi/nppi_geometry_transforms/test_nppi_copyConstBorder.cpp:63
Expected equality of these values:
  dstData[dstIdx]
    Which is: '\0'
  srcData[srcIdx]
    Which is: '\xF5' (245)
Source copy mismatch at dst(7,8) src(4,4)
]]></failure>
      <failure message="/home/cjxu/npp/test/unit/nppi/nppi_geometry_transforms/test_nppi_copyConstBorder.cpp:63&#x0A;Expected equality of these values:&#x0A;  dstData[dstIdx]&#x0A;    Which is: &apos;\0&apos;&#x0A;  srcData[srcIdx]&#x0A;    Which is: &apos;\xC3&apos; (195)&#x0A;Source copy mismatch at dst(8,8) src(5,4)&#x0A;" type=""><![CDATA[/home/cjxu/npp/test/unit/nppi/nppi_geometry_transforms/test_nppi_copyConstBorder.cpp:63
Expected equality of these values:
  dstData[dstIdx]
    Which is: '\0'
  srcData[srcIdx]
    Which is: '\xC3' (195)
Source copy mismatch at dst(8,8) src(5,4)
]]></failure>
      <failure message="/home/cjxu/npp/test/unit/nppi/nppi_geometry_transforms/test_nppi_copyConstBorder.cpp:63&#x0A;Expected equality of these values:&#x0A;  dstData[dstIdx]&#x0A;    Which is: &apos;\0&apos;&#x0A;  srcData[srcIdx]&#x0A;    Which is: &apos;`&apos; (96, 0x60)&#x0A;Source copy mismatch at dst(9,8) src(6,4)&#x0A;" type=""><![CDATA[/home/cjxu/npp/test/unit/nppi/nppi_geometry_transforms/test_nppi_copyConstBorder.cpp:63
Expected equality of these values:
  dstData[dstIdx]
    Which is: '\0'
  srcData[srcIdx]
    Which is: '`' (96, 0x60)
Source copy mismatch at dst(9,8) src(6,4)
]]></failure>
      <failure message="/home/cjxu/npp/test/unit/nppi/nppi_geometry_transforms/test_nppi_copyConstBorder.cpp:63&#x0A;Expected equality of these values:&#x0A;  dstData[dstIdx]&#x0A;    Which is: &apos;\0&apos;&#x0A;  srcData[srcIdx]&#x0A;    Which is: &apos;\xCF&apos; (207)&#x0A;Source copy mismatch at dst(10,8) src(7,4)&#x0A;" type=""><![CDATA[/home/cjxu/npp/test/unit/nppi/nppi_geometry_transforms/test_nppi_copyConstBorder.cpp:63
Expected equality of these values:
  dstData[dstIdx]
    Which is: '\0'
  srcData[srcIdx]
    Which is: '\xCF' (207)
Source copy mismatch at dst(10,8) src(7,4)
]]></failure>
      <failure message="/home/cjxu/npp/test/unit/nppi/nppi_geometry_transforms/test_nppi_copyConstBorder.cpp:63&#x0A;Expected equality of these values:&#x0A;  dstData[dstIdx]&#x0A;    Which is: &apos;\0&apos;&#x0A;  srcData[srcIdx]&#x0A;    Which is: &apos;\r&apos; (13, 0xD)&#x0A;Source copy mismatch at dst(11,8) src(8,4)&#x0A;" type=""><![CDATA[/home/cjxu/npp/test/unit/nppi/nppi_geometry_transforms/test_nppi_copyConstBorder.cpp:63
Expected equality of these values:
  dstData[dstIdx]
    Which is: '\0'
  srcData[srcIdx]
    Which is: '\r' (13, 0xD)
Source copy mismatch at dst(11,8) src(8,4)
]]></failure>
      <failure message="/home/cjxu/npp/test/unit/nppi/nppi_geometry_transforms/test_nppi_copyConstBorder.cpp:63&#x0A;Expected equality of these values:&#x0A;  dstData[dstIdx]&#x0A;    Which is: &apos;\0&apos;&#x0A;  srcData[srcIdx]&#x0A;    Which is: &apos;\xBE&apos; (190)&#x0A;Source copy mismatch at dst(12,8) src(9,4)&#x0A;" type=""><![CDATA[/home/cjxu/npp/test/unit/nppi/nppi_geometry_transforms/test_nppi_copyConstBorder.cpp:63
Expected equality of these values:
  dstData[dstIdx]
    Which is: '\0'
  srcData[srcIdx]
    Which is: '\xBE' (190)
Source copy mismatch at dst(12,8) src(9,4)
]]></failure>
      <failure message="/home/cjxu/npp/test/unit/nppi/nppi_geometry_transforms/test_nppi_copyConstBorder.cpp:63&#x0A;Expected equality of these values:&#x0A;  dstData[dstIdx]&#x0A;    Which is: &apos;\0&apos;&#x0A;  srcData[srcIdx]&#x0A;    Which is: &apos;\xBE&apos; (190)&#x0A;Source copy mismatch at dst(13,8) src(10,4)&#x0A;" type=""><![CDATA[/home/cjxu/npp/test/unit/nppi/nppi_geometry_transforms/test_nppi_copyConstBorder.cpp:63
Expected equality of these values:
  dstData[dstIdx]
    Which is: '\0'
  srcData[srcIdx]
    Which is: '\xBE' (190)
Source copy mismatch at dst(13,8) src(10,4)
]]></failure>
      <failure message="/home/cjxu/npp/test/unit/nppi/nppi_geometry_transforms/test_nppi_copyConstBorder.cpp:63&#x0A;Expected equality of these values:&#x0A;  dstData[dstIdx]&#x0A;    Which is: &apos;\0&apos;&#x0A;  srcData[srcIdx]&#x0A;    Which is: &apos;\xDE&apos; (222)&#x0A;Source copy mismatch at dst(14,8) src(11,4)&#x0A;" type=""><![CDATA[/home/cjxu/npp/test/unit/nppi/nppi_geometry_transforms/test_nppi_copyConstBorder.cpp:63
Expected equality of these values:
  dstData[dstIdx]
    Which is: '\0'
  srcData[srcIdx]
    Which is: '\xDE' (222)
Source copy mismatch at dst(14,8) src(11,4)
]]></failure>
      <failure message="/home/cjxu/npp/test/unit/nppi/nppi_geometry_transforms/test_nppi_copyConstBorder.cpp:63&#x0A;Expected equality of these values:&#x0A;  dstData[dstIdx]&#x0A;    Which is: &apos;\0&apos;&#x0A;  srcData[srcIdx]&#x0A;    Which is: &apos;\x1B&apos; (27)&#x0A;Source copy mismatch at dst(15,8) src(12,4)&#x0A;" type=""><![CDATA[/home/cjxu/npp/test/unit/nppi/nppi_geometry_transforms/test_nppi_copyConstBorder.cpp:63
Expected equality of these values:
  dstData[dstIdx]
    Which is: '\0'
  srcData[srcIdx]
    Which is: '\x1B' (27)
Source copy mismatch at dst(15,8) src(12,4)
]]></failure>
      <failure message="/home/cjxu/npp/test/unit/nppi/nppi_geometry_transforms/test_nppi_copyConstBorder.cpp:63&#x0A;Expected equality of these values:&#x0A;  dstData[dstIdx]&#x0A;    Which is: &apos;\0&apos;&#x0A;  srcData[srcIdx]&#x0A;    Which is: &apos;L&apos; (76, 0x4C)&#x0A;Source copy mismatch at dst(16,8) src(13,4)&#x0A;" type=""><![CDATA[/home/cjxu/npp/test/unit/nppi/nppi_geometry_transforms/test_nppi_copyConstBorder.cpp:63
Expected equality of these values:
  dstData[dstIdx]
    Which is: '\0'
  srcData[srcIdx]
    Which is: 'L' (76, 0x4C)
Source copy mismatch at dst(16,8) src(13,4)
]]></failure>
      <failure message="/home/cjxu/npp/test/unit/nppi/nppi_geometry_transforms/test_nppi_copyConstBorder.cpp:63&#x0A;Expected equality of these values:&#x0A;  dstData[dstIdx]&#x0A;    Which is: &apos;\0&apos;&#x0A;  srcData[srcIdx]&#x0A;    Which is: &apos;\xFA&apos; (250)&#x0A;Source copy mismatch at dst(17,8) src(14,4)&#x0A;" type=""><![CDATA[/home/cjxu/npp/test/unit/nppi/nppi_geometry_transforms/test_nppi_copyConstBorder.cpp:63
Expected equality of these values:
  dstData[dstIdx]
    Which is: '\0'
  srcData[srcIdx]
    Which is: '\xFA' (250)
Source copy mismatch at dst(17,8) src(14,4)
]]></failure>
      <failure message="/home/cjxu/npp/test/unit/nppi/nppi_geometry_transforms/test_nppi_copyConstBorder.cpp:63&#x0A;Expected equality of these values:&#x0A;  dstData[dstIdx]&#x0A;    Which is: &apos;\0&apos;&#x0A;  srcData[srcIdx]&#x0A;    Which is: &apos;\xBE&apos; (190)&#x0A;Source copy mismatch at dst(18,8) src(15,4)&#x0A;" type=""><![CDATA[/home/cjxu/npp/test/unit/nppi/nppi_geometry_transforms/test_nppi_copyConstBorder.cpp:63
Expected equality of these values:
  dstData[dstIdx]
    Which is: '\0'
  srcData[srcIdx]
    Which is: '\xBE' (190)
Source copy mismatch at dst(18,8) src(15,4)
]]></failure>
      <failure message="/home/cjxu/npp/test/unit/nppi/nppi_geometry_transforms/test_nppi_copyConstBorder.cpp:67&#x0A;Expected equality of these values:&#x0A;  dstData[dstIdx]&#x0A;    Which is: &apos;\0&apos;&#x0A;  borderValue&#x0A;    Which is: &apos;\x80&apos; (128)&#x0A;Border value mismatch at (19,8)&#x0A;" type=""><![CDATA[/home/cjxu/npp/test/unit/nppi/nppi_geometry_transforms/test_nppi_copyConstBorder.cpp:67
Expected equality of these values:
  dstData[dstIdx]
    Which is: '\0'
  borderValue
    Which is: '\x80' (128)
Border value mismatch at (19,8)
]]></failure>
      <failure message="/home/cjxu/npp/test/unit/nppi/nppi_geometry_transforms/test_nppi_copyConstBorder.cpp:67&#x0A;Expected equality of these values:&#x0A;  dstData[dstIdx]&#x0A;    Which is: &apos;\0&apos;&#x0A;  borderValue&#x0A;    Which is: &apos;\x80&apos; (128)&#x0A;Border value mismatch at (20,8)&#x0A;" type=""><![CDATA[/home/cjxu/npp/test/unit/nppi/nppi_geometry_transforms/test_nppi_copyConstBorder.cpp:67
Expected equality of these values:
  dstData[dstIdx]
    Which is: '\0'
  borderValue
    Which is: '\x80' (128)
Border value mismatch at (20,8)
]]></failure>
      <failure message="/home/cjxu/npp/test/unit/nppi/nppi_geometry_transforms/test_nppi_copyConstBorder.cpp:67&#x0A;Expected equality of these values:&#x0A;  dstData[dstIdx]&#x0A;    Which is: &apos;\0&apos;&#x0A;  borderValue&#x0A;    Which is: &apos;\x80&apos; (128)&#x0A;Border value mismatch at (21,8)&#x0A;" type=""><![CDATA[/home/cjxu/npp/test/unit/nppi/nppi_geometry_transforms/test_nppi_copyConstBorder.cpp:67
Expected equality of these values:
  dstData[dstIdx]
    Which is: '\0'
  borderValue
    Which is: '\x80' (128)
Border value mismatch at (21,8)
]]></failure>
      <failure message="/home/cjxu/npp/test/unit/nppi/nppi_geometry_transforms/test_nppi_copyConstBorder.cpp:67&#x0A;Expected equality of these values:&#x0A;  dstData[dstIdx]&#x0A;    Which is: &apos;\0&apos;&#x0A;  borderValue&#x0A;    Which is: &apos;\x80&apos; (128)&#x0A;Border value mismatch at (22,8)&#x0A;" type=""><![CDATA[/home/cjxu/npp/test/unit/nppi/nppi_geometry_transforms/test_nppi_copyConstBorder.cpp:67
Expected equality of these values:
  dstData[dstIdx]
    Which is: '\0'
  borderValue
    Which is: '\x80' (128)
Border value mismatch at (22,8)
]]></failure>
      <failure message="/home/cjxu/npp/test/unit/nppi/nppi_geometry_transforms/test_nppi_copyConstBorder.cpp:67&#x0A;Expected equality of these values:&#x0A;  dstData[dstIdx]&#x0A;    Which is: &apos;\0&apos;&#x0A;  borderValue&#x0A;    Which is: &apos;\x80&apos; (128)&#x0A;Border value mismatch at (23,8)&#x0A;" type=""><![CDATA[/home/cjxu/npp/test/unit/nppi/nppi_geometry_transforms/test_nppi_copyConstBorder.cpp:67
Expected equality of these values:
  dstData[dstIdx]
    Which is: '\0'
  borderValue
    Which is: '\x80' (128)
Border value mismatch at (23,8)
]]></failure>
      <failure message="/home/cjxu/npp/test/unit/nppi/nppi_geometry_transforms/test_nppi_copyConstBorder.cpp:67&#x0A;Expected equality of these values:&#x0A;  dstData[dstIdx]&#x0A;    Which is: &apos;\0&apos;&#x0A;  borderValue&#x0A;    Which is: &apos;\x80&apos; (128)&#x0A;Border value mismatch at (0,9)&#x0A;" type=""><![CDATA[/home/cjxu/npp/test/unit/nppi/nppi_geometry_transforms/test_nppi_copyConstBorder.cpp:67
Expected equality of these values:
  dstData[dstIdx]
    Which is: '\0'
  borderValue
    Which is: '\x80' (128)
Border value mismatch at (0,9)
]]></failure>
      <failure message="/home/cjxu/npp/test/unit/nppi/nppi_geometry_transforms/test_nppi_copyConstBorder.cpp:67&#x0A;Expected equality of these values:&#x0A;  dstData[dstIdx]&#x0A;    Which is: &apos;\0&apos;&#x0A;  borderValue&#x0A;    Which is: &apos;\x80&apos; (128)&#x0A;Border value mismatch at (1,9)&#x0A;" type=""><![CDATA[/home/cjxu/npp/test/unit/nppi/nppi_geometry_transforms/test_nppi_copyConstBorder.cpp:67
Expected equality of these values:
  dstData[dstIdx]
    Which is: '\0'
  borderValue
    Which is: '\x80' (128)
Border value mismatch at (1,9)
]]></failure>
      <failure message="/home/cjxu/npp/test/unit/nppi/nppi_geometry_transforms/test_nppi_copyConstBorder.cpp:67&#x0A;Expected equality of these values:&#x0A;  dstData[dstIdx]&#x0A;    Which is: &apos;\0&apos;&#x0A;  borderValue&#x0A;    Which is: &apos;\x80&apos; (128)&#x0A;Border value mismatch at (2,9)&#x0A;" type=""><![CDATA[/home/cjxu/npp/test/unit/nppi/nppi_geometry_transforms/test_nppi_copyConstBorder.cpp:67
Expected equality of these values:
  dstData[dstIdx]
    Which is: '\0'
  borderValue
    Which is: '\x80' (128)
Border value mismatch at (2,9)
]]></failure>
      <failure message="/home/cjxu/npp/test/unit/nppi/nppi_geometry_transforms/test_nppi_copyConstBorder.cpp:63&#x0A;Expected equality of these values:&#x0A;  dstData[dstIdx]&#x0A;    Which is: &apos;\0&apos;&#x0A;  srcData[srcIdx]&#x0A;    Which is: &apos;\xF3&apos; (243)&#x0A;Source copy mismatch at dst(3,9) src(0,5)&#x0A;" type=""><![CDATA[/home/cjxu/npp/test/unit/nppi/nppi_geometry_transforms/test_nppi_copyConstBorder.cpp:63
Expected equality of these values:
  dstData[dstIdx]
    Which is: '\0'
  srcData[srcIdx]
    Which is: '\xF3' (243)
Source copy mismatch at dst(3,9) src(0,5)
]]></failure>
      <failure message="/home/cjxu/npp/test/unit/nppi/nppi_geometry_transforms/test_nppi_copyConstBorder.cpp:63&#x0A;Expected equality of these values:&#x0A;  dstData[dstIdx]&#x0A;    Which is: &apos;\0&apos;&#x0A;  srcData[srcIdx]&#x0A;    Which is: &apos;\x11&apos; (17)&#x0A;Source copy mismatch at dst(4,9) src(1,5)&#x0A;" type=""><![CDATA[/home/cjxu/npp/test/unit/nppi/nppi_geometry_transforms/test_nppi_copyConstBorder.cpp:63
Expected equality of these values:
  dstData[dstIdx]
    Which is: '\0'
  srcData[srcIdx]
    Which is: '\x11' (17)
Source copy mismatch at dst(4,9) src(1,5)
]]></failure>
      <failure message="/home/cjxu/npp/test/unit/nppi/nppi_geometry_transforms/test_nppi_copyConstBorder.cpp:63&#x0A;Expected equality of these values:&#x0A;  dstData[dstIdx]&#x0A;    Which is: &apos;\0&apos;&#x0A;  srcData[srcIdx]&#x0A;    Which is: &apos;\x93&apos; (147)&#x0A;Source copy mismatch at dst(5,9) src(2,5)&#x0A;" type=""><![CDATA[/home/cjxu/npp/test/unit/nppi/nppi_geometry_transforms/test_nppi_copyConstBorder.cpp:63
Expected equality of these values:
  dstData[dstIdx]
    Which is: '\0'
  srcData[srcIdx]
    Which is: '\x93' (147)
Source copy mismatch at dst(5,9) src(2,5)
]]></failure>
      <failure message="/home/cjxu/npp/test/unit/nppi/nppi_geometry_transforms/test_nppi_copyConstBorder.cpp:63&#x0A;Expected equality of these values:&#x0A;  dstData[dstIdx]&#x0A;    Which is: &apos;\0&apos;&#x0A;  srcData[srcIdx]&#x0A;    Which is: &apos;z&apos; (122, 0x7A)&#x0A;Source copy mismatch at dst(6,9) src(3,5)&#x0A;" type=""><![CDATA[/home/cjxu/npp/test/unit/nppi/nppi_geometry_transforms/test_nppi_copyConstBorder.cpp:63
Expected equality of these values:
  dstData[dstIdx]
    Which is: '\0'
  srcData[srcIdx]
    Which is: 'z' (122, 0x7A)
Source copy mismatch at dst(6,9) src(3,5)
]]></failure>
      <failure message="/home/cjxu/npp/test/unit/nppi/nppi_geometry_transforms/test_nppi_copyConstBorder.cpp:63&#x0A;Expected equality of these values:&#x0A;  dstData[dstIdx]&#x0A;    Which is: &apos;\0&apos;&#x0A;  srcData[srcIdx]&#x0A;    Which is: &apos;;&apos; (59, 0x3B)&#x0A;Source copy mismatch at dst(7,9) src(4,5)&#x0A;" type=""><![CDATA[/home/cjxu/npp/test/unit/nppi/nppi_geometry_transforms/test_nppi_copyConstBorder.cpp:63
Expected equality of these values:
  dstData[dstIdx]
    Which is: '\0'
  srcData[srcIdx]
    Which is: ';' (59, 0x3B)
Source copy mismatch at dst(7,9) src(4,5)
]]></failure>
      <failure message="/home/cjxu/npp/test/unit/nppi/nppi_geometry_transforms/test_nppi_copyConstBorder.cpp:63&#x0A;Expected equality of these values:&#x0A;  dstData[dstIdx]&#x0A;    Which is: &apos;\0&apos;&#x0A;  srcData[srcIdx]&#x0A;    Which is: &apos;\x94&apos; (148)&#x0A;Source copy mismatch at dst(8,9) src(5,5)&#x0A;" type=""><![CDATA[/home/cjxu/npp/test/unit/nppi/nppi_geometry_transforms/test_nppi_copyConstBorder.cpp:63
Expected equality of these values:
  dstData[dstIdx]
    Which is: '\0'
  srcData[srcIdx]
    Which is: '\x94' (148)
Source copy mismatch at dst(8,9) src(5,5)
]]></failure>
      <failure message="/home/cjxu/npp/test/unit/nppi/nppi_geometry_transforms/test_nppi_copyConstBorder.cpp:63&#x0A;Expected equality of these values:&#x0A;  dstData[dstIdx]&#x0A;    Which is: &apos;\0&apos;&#x0A;  srcData[srcIdx]&#x0A;    Which is: &apos;_&apos; (95, 0x5F)&#x0A;Source copy mismatch at dst(9,9) src(6,5)&#x0A;" type=""><![CDATA[/home/cjxu/npp/test/unit/nppi/nppi_geometry_transforms/test_nppi_copyConstBorder.cpp:63
Expected equality of these values:
  dstData[dstIdx]
    Which is: '\0'
  srcData[srcIdx]
    Which is: '_' (95, 0x5F)
Source copy mismatch at dst(9,9) src(6,5)
]]></failure>
      <failure message="/home/cjxu/npp/test/unit/nppi/nppi_geometry_transforms/test_nppi_copyConstBorder.cpp:63&#x0A;Expected equality of these values:&#x0A;  dstData[dstIdx]&#x0A;    Which is: &apos;\0&apos;&#x0A;  srcData[srcIdx]&#x0A;    Which is: &apos;b&apos; (98, 0x62)&#x0A;Source copy mismatch at dst(10,9) src(7,5)&#x0A;" type=""><![CDATA[/home/cjxu/npp/test/unit/nppi/nppi_geometry_transforms/test_nppi_copyConstBorder.cpp:63
Expected equality of these values:
  dstData[dstIdx]
    Which is: '\0'
  srcData[srcIdx]
    Which is: 'b' (98, 0x62)
Source copy mismatch at dst(10,9) src(7,5)
]]></failure>
      <failure message="/home/cjxu/npp/test/unit/nppi/nppi_geometry_transforms/test_nppi_copyConstBorder.cpp:63&#x0A;Expected equality of these values:&#x0A;  dstData[dstIdx]&#x0A;    Which is: &apos;\0&apos;&#x0A;  srcData[srcIdx]&#x0A;    Which is: &apos;\x99&apos; (153)&#x0A;Source copy mismatch at dst(11,9) src(8,5)&#x0A;" type=""><![CDATA[/home/cjxu/npp/test/unit/nppi/nppi_geometry_transforms/test_nppi_copyConstBorder.cpp:63
Expected equality of these values:
  dstData[dstIdx]
    Which is: '\0'
  srcData[srcIdx]
    Which is: '\x99' (153)
Source copy mismatch at dst(11,9) src(8,5)
]]></failure>
      <failure message="/home/cjxu/npp/test/unit/nppi/nppi_geometry_transforms/test_nppi_copyConstBorder.cpp:63&#x0A;Expected equality of these values:&#x0A;  dstData[dstIdx]&#x0A;    Which is: &apos;\0&apos;&#x0A;  srcData[srcIdx]&#x0A;    Which is: &apos;\xB1&apos; (177)&#x0A;Source copy mismatch at dst(12,9) src(9,5)&#x0A;" type=""><![CDATA[/home/cjxu/npp/test/unit/nppi/nppi_geometry_transforms/test_nppi_copyConstBorder.cpp:63
Expected equality of these values:
  dstData[dstIdx]
    Which is: '\0'
  srcData[srcIdx]
    Which is: '\xB1' (177)
Source copy mismatch at dst(12,9) src(9,5)
]]></failure>
      <failure message="/home/cjxu/npp/test/unit/nppi/nppi_geometry_transforms/test_nppi_copyConstBorder.cpp:63&#x0A;Expected equality of these values:&#x0A;  dstData[dstIdx]&#x0A;    Which is: &apos;\0&apos;&#x0A;  srcData[srcIdx]&#x0A;    Which is: &apos;j&apos; (106, 0x6A)&#x0A;Source copy mismatch at dst(13,9) src(10,5)&#x0A;" type=""><![CDATA[/home/cjxu/npp/test/unit/nppi/nppi_geometry_transforms/test_nppi_copyConstBorder.cpp:63
Expected equality of these values:
  dstData[dstIdx]
    Which is: '\0'
  srcData[srcIdx]
    Which is: 'j' (106, 0x6A)
Source copy mismatch at dst(13,9) src(10,5)
]]></failure>
      <failure message="/home/cjxu/npp/test/unit/nppi/nppi_geometry_transforms/test_nppi_copyConstBorder.cpp:63&#x0A;Expected equality of these values:&#x0A;  dstData[dstIdx]&#x0A;    Which is: &apos;\0&apos;&#x0A;  srcData[srcIdx]&#x0A;    Which is: &apos;\x95&apos; (149)&#x0A;Source copy mismatch at dst(14,9) src(11,5)&#x0A;" type=""><![CDATA[/home/cjxu/npp/test/unit/nppi/nppi_geometry_transforms/test_nppi_copyConstBorder.cpp:63
Expected equality of these values:
  dstData[dstIdx]
    Which is: '\0'
  srcData[srcIdx]
    Which is: '\x95' (149)
Source copy mismatch at dst(14,9) src(11,5)
]]></failure>
      <failure message="/home/cjxu/npp/test/unit/nppi/nppi_geometry_transforms/test_nppi_copyConstBorder.cpp:63&#x0A;Expected equality of these values:&#x0A;  dstData[dstIdx]&#x0A;    Which is: &apos;\0&apos;&#x0A;  srcData[srcIdx]&#x0A;    Which is: &apos;\x84&apos; (132)&#x0A;Source copy mismatch at dst(15,9) src(12,5)&#x0A;" type=""><![CDATA[/home/cjxu/npp/test/unit/nppi/nppi_geometry_transforms/test_nppi_copyConstBorder.cpp:63
Expected equality of these values:
  dstData[dstIdx]
    Which is: '\0'
  srcData[srcIdx]
    Which is: '\x84' (132)
Source copy mismatch at dst(15,9) src(12,5)
]]></failure>
      <failure message="/home/cjxu/npp/test/unit/nppi/nppi_geometry_transforms/test_nppi_copyConstBorder.cpp:63&#x0A;Expected equality of these values:&#x0A;  dstData[dstIdx]&#x0A;    Which is: &apos;\0&apos;&#x0A;  srcData[srcIdx]&#x0A;    Which is: &apos;\xE&apos; (14)&#x0A;Source copy mismatch at dst(16,9) src(13,5)&#x0A;" type=""><![CDATA[/home/cjxu/npp/test/unit/nppi/nppi_geometry_transforms/test_nppi_copyConstBorder.cpp:63
Expected equality of these values:
  dstData[dstIdx]
    Which is: '\0'
  srcData[srcIdx]
    Which is: '\xE' (14)
Source copy mismatch at dst(16,9) src(13,5)
]]></failure>
      <failure message="/home/cjxu/npp/test/unit/nppi/nppi_geometry_transforms/test_nppi_copyConstBorder.cpp:63&#x0A;Expected equality of these values:&#x0A;  dstData[dstIdx]&#x0A;    Which is: &apos;\0&apos;&#x0A;  srcData[srcIdx]&#x0A;    Which is: &apos;Q&apos; (81, 0x51)&#x0A;Source copy mismatch at dst(17,9) src(14,5)&#x0A;" type=""><![CDATA[/home/cjxu/npp/test/unit/nppi/nppi_geometry_transforms/test_nppi_copyConstBorder.cpp:63
Expected equality of these values:
  dstData[dstIdx]
    Which is: '\0'
  srcData[srcIdx]
    Which is: 'Q' (81, 0x51)
Source copy mismatch at dst(17,9) src(14,5)
]]></failure>
      <failure message="/home/cjxu/npp/test/unit/nppi/nppi_geometry_transforms/test_nppi_copyConstBorder.cpp:63&#x0A;Expected equality of these values:&#x0A;  dstData[dstIdx]&#x0A;    Which is: &apos;\0&apos;&#x0A;  srcData[srcIdx]&#x0A;    Which is: &apos;\x19&apos; (25)&#x0A;Source copy mismatch at dst(18,9) src(15,5)&#x0A;" type=""><![CDATA[/home/cjxu/npp/test/unit/nppi/nppi_geometry_transforms/test_nppi_copyConstBorder.cpp:63
Expected equality of these values:
  dstData[dstIdx]
    Which is: '\0'
  srcData[srcIdx]
    Which is: '\x19' (25)
Source copy mismatch at dst(18,9) src(15,5)
]]></failure>
      <failure message="/home/cjxu/npp/test/unit/nppi/nppi_geometry_transforms/test_nppi_copyConstBorder.cpp:67&#x0A;Expected equality of these values:&#x0A;  dstData[dstIdx]&#x0A;    Which is: &apos;\0&apos;&#x0A;  borderValue&#x0A;    Which is: &apos;\x80&apos; (128)&#x0A;Border value mismatch at (19,9)&#x0A;" type=""><![CDATA[/home/cjxu/npp/test/unit/nppi/nppi_geometry_transforms/test_nppi_copyConstBorder.cpp:67
Expected equality of these values:
  dstData[dstIdx]
    Which is: '\0'
  borderValue
    Which is: '\x80' (128)
Border value mismatch at (19,9)
]]></failure>
      <failure message="/home/cjxu/npp/test/unit/nppi/nppi_geometry_transforms/test_nppi_copyConstBorder.cpp:67&#x0A;Expected equality of these values:&#x0A;  dstData[dstIdx]&#x0A;    Which is: &apos;\0&apos;&#x0A;  borderValue&#x0A;    Which is: &apos;\x80&apos; (128)&#x0A;Border value mismatch at (20,9)&#x0A;" type=""><![CDATA[/home/cjxu/npp/test/unit/nppi/nppi_geometry_transforms/test_nppi_copyConstBorder.cpp:67
Expected equality of these values:
  dstData[dstIdx]
    Which is: '\0'
  borderValue
    Which is: '\x80' (128)
Border value mismatch at (20,9)
]]></failure>
      <failure message="/home/cjxu/npp/test/unit/nppi/nppi_geometry_transforms/test_nppi_copyConstBorder.cpp:67&#x0A;Expected equality of these values:&#x0A;  dstData[dstIdx]&#x0A;    Which is: &apos;\0&apos;&#x0A;  borderValue&#x0A;    Which is: &apos;\x80&apos; (128)&#x0A;Border value mismatch at (21,9)&#x0A;" type=""><![CDATA[/home/cjxu/npp/test/unit/nppi/nppi_geometry_transforms/test_nppi_copyConstBorder.cpp:67
Expected equality of these values:
  dstData[dstIdx]
    Which is: '\0'
  borderValue
    Which is: '\x80' (128)
Border value mismatch at (21,9)
]]></failure>
      <failure message="/home/cjxu/npp/test/unit/nppi/nppi_geometry_transforms/test_nppi_copyConstBorder.cpp:67&#x0A;Expected equality of these values:&#x0A;  dstData[dstIdx]&#x0A;    Which is: &apos;\0&apos;&#x0A;  borderValue&#x0A;    Which is: &apos;\x80&apos; (128)&#x0A;Border value mismatch at (22,9)&#x0A;" type=""><![CDATA[/home/cjxu/npp/test/unit/nppi/nppi_geometry_transforms/test_nppi_copyConstBorder.cpp:67
Expected equality of these values:
  dstData[dstIdx]
    Which is: '\0'
  borderValue
    Which is: '\x80' (128)
Border value mismatch at (22,9)
]]></failure>
      <failure message="/home/cjxu/npp/test/unit/nppi/nppi_geometry_transforms/test_nppi_copyConstBorder.cpp:67&#x0A;Expected equality of these values:&#x0A;  dstData[dstIdx]&#x0A;    Which is: &apos;\0&apos;&#x0A;  borderValue&#x0A;    Which is: &apos;\x80&apos; (128)&#x0A;Border value mismatch at (23,9)&#x0A;" type=""><![CDATA[/home/cjxu/npp/test/unit/nppi/nppi_geometry_transforms/test_nppi_copyConstBorder.cpp:67
Expected equality of these values:
  dstData[dstIdx]
    Which is: '\0'
  borderValue
    Which is: '\x80' (128)
Border value mismatch at (23,9)
]]></failure>
      <failure message="/home/cjxu/npp/test/unit/nppi/nppi_geometry_transforms/test_nppi_copyConstBorder.cpp:67&#x0A;Expected equality of these values:&#x0A;  dstData[dstIdx]&#x0A;    Which is: &apos;\0&apos;&#x0A;  borderValue&#x0A;    Which is: &apos;\x80&apos; (128)&#x0A;Border value mismatch at (0,10)&#x0A;" type=""><![CDATA[/home/cjxu/npp/test/unit/nppi/nppi_geometry_transforms/test_nppi_copyConstBorder.cpp:67
Expected equality of these values:
  dstData[dstIdx]
    Which is: '\0'
  borderValue
    Which is: '\x80' (128)
Border value mismatch at (0,10)
]]></failure>
      <failure message="/home/cjxu/npp/test/unit/nppi/nppi_geometry_transforms/test_nppi_copyConstBorder.cpp:67&#x0A;Expected equality of these values:&#x0A;  dstData[dstIdx]&#x0A;    Which is: &apos;\0&apos;&#x0A;  borderValue&#x0A;    Which is: &apos;\x80&apos; (128)&#x0A;Border value mismatch at (1,10)&#x0A;" type=""><![CDATA[/home/cjxu/npp/test/unit/nppi/nppi_geometry_transforms/test_nppi_copyConstBorder.cpp:67
Expected equality of these values:
  dstData[dstIdx]
    Which is: '\0'
  borderValue
    Which is: '\x80' (128)
Border value mismatch at (1,10)
]]></failure>
      <failure message="/home/cjxu/npp/test/unit/nppi/nppi_geometry_transforms/test_nppi_copyConstBorder.cpp:67&#x0A;Expected equality of these values:&#x0A;  dstData[dstIdx]&#x0A;    Which is: &apos;\0&apos;&#x0A;  borderValue&#x0A;    Which is: &apos;\x80&apos; (128)&#x0A;Border value mismatch at (2,10)&#x0A;" type=""><![CDATA[/home/cjxu/npp/test/unit/nppi/nppi_geometry_transforms/test_nppi_copyConstBorder.cpp:67
Expected equality of these values:
  dstData[dstIdx]
    Which is: '\0'
  borderValue
    Which is: '\x80' (128)
Border value mismatch at (2,10)
]]></failure>
      <failure message="/home/cjxu/npp/test/unit/nppi/nppi_geometry_transforms/test_nppi_copyConstBorder.cpp:63&#x0A;Expected equality of these values:&#x0A;  dstData[dstIdx]&#x0A;    Which is: &apos;\0&apos;&#x0A;  srcData[srcIdx]&#x0A;    Which is: &apos;\x18&apos; (24)&#x0A;Source copy mismatch at dst(3,10) src(0,6)&#x0A;" type=""><![CDATA[/home/cjxu/npp/test/unit/nppi/nppi_geometry_transforms/test_nppi_copyConstBorder.cpp:63
Expected equality of these values:
  dstData[dstIdx]
    Which is: '\0'
  srcData[srcIdx]
    Which is: '\x18' (24)
Source copy mismatch at dst(3,10) src(0,6)
]]></failure>
      <failure message="/home/cjxu/npp/test/unit/nppi/nppi_geometry_transforms/test_nppi_copyConstBorder.cpp:63&#x0A;Expected equality of these values:&#x0A;  dstData[dstIdx]&#x0A;    Which is: &apos;\0&apos;&#x0A;  srcData[srcIdx]&#x0A;    Which is: &apos;c&apos; (99, 0x63)&#x0A;Source copy mismatch at dst(4,10) src(1,6)&#x0A;" type=""><![CDATA[/home/cjxu/npp/test/unit/nppi/nppi_geometry_transforms/test_nppi_copyConstBorder.cpp:63
Expected equality of these values:
  dstData[dstIdx]
    Which is: '\0'
  srcData[srcIdx]
    Which is: 'c' (99, 0x63)
Source copy mismatch at dst(4,10) src(1,6)
]]></failure>
      <failure message="/home/cjxu/npp/test/unit/nppi/nppi_geometry_transforms/test_nppi_copyConstBorder.cpp:63&#x0A;Expected equality of these values:&#x0A;  dstData[dstIdx]&#x0A;    Which is: &apos;\0&apos;&#x0A;  srcData[srcIdx]&#x0A;    Which is: &apos;\x4&apos; (4)&#x0A;Source copy mismatch at dst(5,10) src(2,6)&#x0A;" type=""><![CDATA[/home/cjxu/npp/test/unit/nppi/nppi_geometry_transforms/test_nppi_copyConstBorder.cpp:63
Expected equality of these values:
  dstData[dstIdx]
    Which is: '\0'
  srcData[srcIdx]
    Which is: '\x4' (4)
Source copy mismatch at dst(5,10) src(2,6)
]]></failure>
      <failure message="/home/cjxu/npp/test/unit/nppi/nppi_geometry_transforms/test_nppi_copyConstBorder.cpp:63&#x0A;Expected equality of these values:&#x0A;  dstData[dstIdx]&#x0A;    Which is: &apos;\0&apos;&#x0A;  srcData[srcIdx]&#x0A;    Which is: &apos;\xE&apos; (14)&#x0A;Source copy mismatch at dst(6,10) src(3,6)&#x0A;" type=""><![CDATA[/home/cjxu/npp/test/unit/nppi/nppi_geometry_transforms/test_nppi_copyConstBorder.cpp:63
Expected equality of these values:
  dstData[dstIdx]
    Which is: '\0'
  srcData[srcIdx]
    Which is: '\xE' (14)
Source copy mismatch at dst(6,10) src(3,6)
]]></failure>
      <failure message="/home/cjxu/npp/test/unit/nppi/nppi_geometry_transforms/test_nppi_copyConstBorder.cpp:63&#x0A;Expected equality of these values:&#x0A;  dstData[dstIdx]&#x0A;    Which is: &apos;\0&apos;&#x0A;  srcData[srcIdx]&#x0A;    Which is: &apos;&amp;&apos; (38, 0x26)&#x0A;Source copy mismatch at dst(7,10) src(4,6)&#x0A;" type=""><![CDATA[/home/cjxu/npp/test/unit/nppi/nppi_geometry_transforms/test_nppi_copyConstBorder.cpp:63
Expected equality of these values:
  dstData[dstIdx]
    Which is: '\0'
  srcData[srcIdx]
    Which is: '&' (38, 0x26)
Source copy mismatch at dst(7,10) src(4,6)
]]></failure>
      <failure message="/home/cjxu/npp/test/unit/nppi/nppi_geometry_transforms/test_nppi_copyConstBorder.cpp:63&#x0A;Expected equality of these values:&#x0A;  dstData[dstIdx]&#x0A;    Which is: &apos;\0&apos;&#x0A;  srcData[srcIdx]&#x0A;    Which is: &apos;e&apos; (101, 0x65)&#x0A;Source copy mismatch at dst(8,10) src(5,6)&#x0A;" type=""><![CDATA[/home/cjxu/npp/test/unit/nppi/nppi_geometry_transforms/test_nppi_copyConstBorder.cpp:63
Expected equality of these values:
  dstData[dstIdx]
    Which is: '\0'
  srcData[srcIdx]
    Which is: 'e' (101, 0x65)
Source copy mismatch at dst(8,10) src(5,6)
]]></failure>
      <failure message="/home/cjxu/npp/test/unit/nppi/nppi_geometry_transforms/test_nppi_copyConstBorder.cpp:63&#x0A;Expected equality of these values:&#x0A;  dstData[dstIdx]&#x0A;    Which is: &apos;\0&apos;&#x0A;  srcData[srcIdx]&#x0A;    Which is: &apos;\xDD&apos; (221)&#x0A;Source copy mismatch at dst(9,10) src(6,6)&#x0A;" type=""><![CDATA[/home/cjxu/npp/test/unit/nppi/nppi_geometry_transforms/test_nppi_copyConstBorder.cpp:63
Expected equality of these values:
  dstData[dstIdx]
    Which is: '\0'
  srcData[srcIdx]
    Which is: '\xDD' (221)
Source copy mismatch at dst(9,10) src(6,6)
]]></failure>
      <failure message="/home/cjxu/npp/test/unit/nppi/nppi_geometry_transforms/test_nppi_copyConstBorder.cpp:63&#x0A;Expected equality of these values:&#x0A;  dstData[dstIdx]&#x0A;    Which is: &apos;\0&apos;&#x0A;  srcData[srcIdx]&#x0A;    Which is: &apos;4&apos; (52, 0x34)&#x0A;Source copy mismatch at dst(10,10) src(7,6)&#x0A;" type=""><![CDATA[/home/cjxu/npp/test/unit/nppi/nppi_geometry_transforms/test_nppi_copyConstBorder.cpp:63
Expected equality of these values:
  dstData[dstIdx]
    Which is: '\0'
  srcData[srcIdx]
    Which is: '4' (52, 0x34)
Source copy mismatch at dst(10,10) src(7,6)
]]></failure>
      <failure message="/home/cjxu/npp/test/unit/nppi/nppi_geometry_transforms/test_nppi_copyConstBorder.cpp:63&#x0A;Expected equality of these values:&#x0A;  dstData[dstIdx]&#x0A;    Which is: &apos;\0&apos;&#x0A;  srcData[srcIdx]&#x0A;    Which is: &apos;#&apos; (35, 0x23)&#x0A;Source copy mismatch at dst(11,10) src(8,6)&#x0A;" type=""><![CDATA[/home/cjxu/npp/test/unit/nppi/nppi_geometry_transforms/test_nppi_copyConstBorder.cpp:63
Expected equality of these values:
  dstData[dstIdx]
    Which is: '\0'
  srcData[srcIdx]
    Which is: '#' (35, 0x23)
Source copy mismatch at dst(11,10) src(8,6)
]]></failure>
      <failure message="/home/cjxu/npp/test/unit/nppi/nppi_geometry_transforms/test_nppi_copyConstBorder.cpp:63&#x0A;Expected equality of these values:&#x0A;  dstData[dstIdx]&#x0A;    Which is: &apos;\0&apos;&#x0A;  srcData[srcIdx]&#x0A;    Which is: &apos;\x9B&apos; (155)&#x0A;Source copy mismatch at dst(12,10) src(9,6)&#x0A;" type=""><![CDATA[/home/cjxu/npp/test/unit/nppi/nppi_geometry_transforms/test_nppi_copyConstBorder.cpp:63
Expected equality of these values:
  dstData[dstIdx]
    Which is: '\0'
  srcData[srcIdx]
    Which is: '\x9B' (155)
Source copy mismatch at dst(12,10) src(9,6)
]]></failure>
      <failure message="/home/cjxu/npp/test/unit/nppi/nppi_geometry_transforms/test_nppi_copyConstBorder.cpp:63&#x0A;Expected equality of these values:&#x0A;  dstData[dstIdx]&#x0A;    Which is: &apos;\0&apos;&#x0A;  srcData[srcIdx]&#x0A;    Which is: &apos;\x12&apos; (18)&#x0A;Source copy mismatch at dst(13,10) src(10,6)&#x0A;" type=""><![CDATA[/home/cjxu/npp/test/unit/nppi/nppi_geometry_transforms/test_nppi_copyConstBorder.cpp:63
Expected equality of these values:
  dstData[dstIdx]
    Which is: '\0'
  srcData[srcIdx]
    Which is: '\x12' (18)
Source copy mismatch at dst(13,10) src(10,6)
]]></failure>
      <failure message="/home/cjxu/npp/test/unit/nppi/nppi_geometry_transforms/test_nppi_copyConstBorder.cpp:63&#x0A;Expected equality of these values:&#x0A;  dstData[dstIdx]&#x0A;    Which is: &apos;\0&apos;&#x0A;  srcData[srcIdx]&#x0A;    Which is: &apos;&gt;&apos; (62, 0x3E)&#x0A;Source copy mismatch at dst(14,10) src(11,6)&#x0A;" type=""><![CDATA[/home/cjxu/npp/test/unit/nppi/nppi_geometry_transforms/test_nppi_copyConstBorder.cpp:63
Expected equality of these values:
  dstData[dstIdx]
    Which is: '\0'
  srcData[srcIdx]
    Which is: '>' (62, 0x3E)
Source copy mismatch at dst(14,10) src(11,6)
]]></failure>
      <failure message="/home/cjxu/npp/test/unit/nppi/nppi_geometry_transforms/test_nppi_copyConstBorder.cpp:63&#x0A;Expected equality of these values:&#x0A;  dstData[dstIdx]&#x0A;    Which is: &apos;\0&apos;&#x0A;  srcData[srcIdx]&#x0A;    Which is: &apos;\xE7&apos; (231)&#x0A;Source copy mismatch at dst(15,10) src(12,6)&#x0A;" type=""><![CDATA[/home/cjxu/npp/test/unit/nppi/nppi_geometry_transforms/test_nppi_copyConstBorder.cpp:63
Expected equality of these values:
  dstData[dstIdx]
    Which is: '\0'
  srcData[srcIdx]
    Which is: '\xE7' (231)
Source copy mismatch at dst(15,10) src(12,6)
]]></failure>
      <failure message="/home/cjxu/npp/test/unit/nppi/nppi_geometry_transforms/test_nppi_copyConstBorder.cpp:63&#x0A;Expected equality of these values:&#x0A;  dstData[dstIdx]&#x0A;    Which is: &apos;\0&apos;&#x0A;  srcData[srcIdx]&#x0A;    Which is: &apos;\f&apos; (12, 0xC)&#x0A;Source copy mismatch at dst(16,10) src(13,6)&#x0A;" type=""><![CDATA[/home/cjxu/npp/test/unit/nppi/nppi_geometry_transforms/test_nppi_copyConstBorder.cpp:63
Expected equality of these values:
  dstData[dstIdx]
    Which is: '\0'
  srcData[srcIdx]
    Which is: '\f' (12, 0xC)
Source copy mismatch at dst(16,10) src(13,6)
]]></failure>
      <failure message="/home/cjxu/npp/test/unit/nppi/nppi_geometry_transforms/test_nppi_copyConstBorder.cpp:63&#x0A;Expected equality of these values:&#x0A;  dstData[dstIdx]&#x0A;    Which is: &apos;\0&apos;&#x0A;  srcData[srcIdx]&#x0A;    Which is: &apos;\xFD&apos; (253)&#x0A;Source copy mismatch at dst(17,10) src(14,6)&#x0A;" type=""><![CDATA[/home/cjxu/npp/test/unit/nppi/nppi_geometry_transforms/test_nppi_copyConstBorder.cpp:63
Expected equality of these values:
  dstData[dstIdx]
    Which is: '\0'
  srcData[srcIdx]
    Which is: '\xFD' (253)
Source copy mismatch at dst(17,10) src(14,6)
]]></failure>
      <failure message="/home/cjxu/npp/test/unit/nppi/nppi_geometry_transforms/test_nppi_copyConstBorder.cpp:63&#x0A;Expected equality of these values:&#x0A;  dstData[dstIdx]&#x0A;    Which is: &apos;\0&apos;&#x0A;  srcData[srcIdx]&#x0A;    Which is: &apos;\xDA&apos; (218)&#x0A;Source copy mismatch at dst(18,10) src(15,6)&#x0A;" type=""><![CDATA[/home/cjxu/npp/test/unit/nppi/nppi_geometry_transforms/test_nppi_copyConstBorder.cpp:63
Expected equality of these values:
  dstData[dstIdx]
    Which is: '\0'
  srcData[srcIdx]
    Which is: '\xDA' (218)
Source copy mismatch at dst(18,10) src(15,6)
]]></failure>
      <failure message="/home/cjxu/npp/test/unit/nppi/nppi_geometry_transforms/test_nppi_copyConstBorder.cpp:67&#x0A;Expected equality of these values:&#x0A;  dstData[dstIdx]&#x0A;    Which is: &apos;\0&apos;&#x0A;  borderValue&#x0A;    Which is: &apos;\x80&apos; (128)&#x0A;Border value mismatch at (19,10)&#x0A;" type=""><![CDATA[/home/cjxu/npp/test/unit/nppi/nppi_geometry_transforms/test_nppi_copyConstBorder.cpp:67
Expected equality of these values:
  dstData[dstIdx]
    Which is: '\0'
  borderValue
    Which is: '\x80' (128)
Border value mismatch at (19,10)
]]></failure>
      <failure message="/home/cjxu/npp/test/unit/nppi/nppi_geometry_transforms/test_nppi_copyConstBorder.cpp:67&#x0A;Expected equality of these values:&#x0A;  dstData[dstIdx]&#x0A;    Which is: &apos;\0&apos;&#x0A;  borderValue&#x0A;    Which is: &apos;\x80&apos; (128)&#x0A;Border value mismatch at (20,10)&#x0A;" type=""><![CDATA[/home/cjxu/npp/test/unit/nppi/nppi_geometry_transforms/test_nppi_copyConstBorder.cpp:67
Expected equality of these values:
  dstData[dstIdx]
    Which is: '\0'
  borderValue
    Which is: '\x80' (128)
Border value mismatch at (20,10)
]]></failure>
      <failure message="/home/cjxu/npp/test/unit/nppi/nppi_geometry_transforms/test_nppi_copyConstBorder.cpp:67&#x0A;Expected equality of these values:&#x0A;  dstData[dstIdx]&#x0A;    Which is: &apos;\0&apos;&#x0A;  borderValue&#x0A;    Which is: &apos;\x80&apos; (128)&#x0A;Border value mismatch at (21,10)&#x0A;" type=""><![CDATA[/home/cjxu/npp/test/unit/nppi/nppi_geometry_transforms/test_nppi_copyConstBorder.cpp:67
Expected equality of these values:
  dstData[dstIdx]
    Which is: '\0'
  borderValue
    Which is: '\x80' (128)
Border value mismatch at (21,10)
]]></failure>
      <failure message="/home/cjxu/npp/test/unit/nppi/nppi_geometry_transforms/test_nppi_copyConstBorder.cpp:67&#x0A;Expected equality of these values:&#x0A;  dstData[dstIdx]&#x0A;    Which is: &apos;\0&apos;&#x0A;  borderValue&#x0A;    Which is: &apos;\x80&apos; (128)&#x0A;Border value mismatch at (22,10)&#x0A;" type=""><![CDATA[/home/cjxu/npp/test/unit/nppi/nppi_geometry_transforms/test_nppi_copyConstBorder.cpp:67
Expected equality of these values:
  dstData[dstIdx]
    Which is: '\0'
  borderValue
    Which is: '\x80' (128)
Border value mismatch at (22,10)
]]></failure>
      <failure message="/home/cjxu/npp/test/unit/nppi/nppi_geometry_transforms/test_nppi_copyConstBorder.cpp:67&#x0A;Expected equality of these values:&#x0A;  dstData[dstIdx]&#x0A;    Which is: &apos;\0&apos;&#x0A;  borderValue&#x0A;    Which is: &apos;\x80&apos; (128)&#x0A;Border value mismatch at (23,10)&#x0A;" type=""><![CDATA[/home/cjxu/npp/test/unit/nppi/nppi_geometry_transforms/test_nppi_copyConstBorder.cpp:67
Expected equality of these values:
  dstData[dstIdx]
    Which is: '\0'
  borderValue
    Which is: '\x80' (128)
Border value mismatch at (23,10)
]]></failure>
      <failure message="/home/cjxu/npp/test/unit/nppi/nppi_geometry_transforms/test_nppi_copyConstBorder.cpp:67&#x0A;Expected equality of these values:&#x0A;  dstData[dstIdx]&#x0A;    Which is: &apos;\0&apos;&#x0A;  borderValue&#x0A;    Which is: &apos;\x80&apos; (128)&#x0A;Border value mismatch at (0,11)&#x0A;" type=""><![CDATA[/home/cjxu/npp/test/unit/nppi/nppi_geometry_transforms/test_nppi_copyConstBorder.cpp:67
Expected equality of these values:
  dstData[dstIdx]
    Which is: '\0'
  borderValue
    Which is: '\x80' (128)
Border value mismatch at (0,11)
]]></failure>
      <failure message="/home/cjxu/npp/test/unit/nppi/nppi_geometry_transforms/test_nppi_copyConstBorder.cpp:67&#x0A;Expected equality of these values:&#x0A;  dstData[dstIdx]&#x0A;    Which is: &apos;\0&apos;&#x0A;  borderValue&#x0A;    Which is: &apos;\x80&apos; (128)&#x0A;Border value mismatch at (1,11)&#x0A;" type=""><![CDATA[/home/cjxu/npp/test/unit/nppi/nppi_geometry_transforms/test_nppi_copyConstBorder.cpp:67
Expected equality of these values:
  dstData[dstIdx]
    Which is: '\0'
  borderValue
    Which is: '\x80' (128)
Border value mismatch at (1,11)
]]></failure>
      <failure message="/home/cjxu/npp/test/unit/nppi/nppi_geometry_transforms/test_nppi_copyConstBorder.cpp:67&#x0A;Expected equality of these values:&#x0A;  dstData[dstIdx]&#x0A;    Which is: &apos;\0&apos;&#x0A;  borderValue&#x0A;    Which is: &apos;\x80&apos; (128)&#x0A;Border value mismatch at (2,11)&#x0A;" type=""><![CDATA[/home/cjxu/npp/test/unit/nppi/nppi_geometry_transforms/test_nppi_copyConstBorder.cpp:67
Expected equality of these values:
  dstData[dstIdx]
    Which is: '\0'
  borderValue
    Which is: '\x80' (128)
Border value mismatch at (2,11)
]]></failure>
      <failure message="/home/cjxu/npp/test/unit/nppi/nppi_geometry_transforms/test_nppi_copyConstBorder.cpp:63&#x0A;Expected equality of these values:&#x0A;  dstData[dstIdx]&#x0A;    Which is: &apos;\0&apos;&#x0A;  srcData[srcIdx]&#x0A;    Which is: &apos;\x1D&apos; (29)&#x0A;Source copy mismatch at dst(3,11) src(0,7)&#x0A;" type=""><![CDATA[/home/cjxu/npp/test/unit/nppi/nppi_geometry_transforms/test_nppi_copyConstBorder.cpp:63
Expected equality of these values:
  dstData[dstIdx]
    Which is: '\0'
  srcData[srcIdx]
    Which is: '\x1D' (29)
Source copy mismatch at dst(3,11) src(0,7)
]]></failure>
      <failure message="/home/cjxu/npp/test/unit/nppi/nppi_geometry_transforms/test_nppi_copyConstBorder.cpp:63&#x0A;Expected equality of these values:&#x0A;  dstData[dstIdx]&#x0A;    Which is: &apos;\0&apos;&#x0A;  srcData[srcIdx]&#x0A;    Which is: &apos;\x90&apos; (144)&#x0A;Source copy mismatch at dst(4,11) src(1,7)&#x0A;" type=""><![CDATA[/home/cjxu/npp/test/unit/nppi/nppi_geometry_transforms/test_nppi_copyConstBorder.cpp:63
Expected equality of these values:
  dstData[dstIdx]
    Which is: '\0'
  srcData[srcIdx]
    Which is: '\x90' (144)
Source copy mismatch at dst(4,11) src(1,7)
]]></failure>
      <failure message="/home/cjxu/npp/test/unit/nppi/nppi_geometry_transforms/test_nppi_copyConstBorder.cpp:63&#x0A;Expected equality of these values:&#x0A;  dstData[dstIdx]&#x0A;    Which is: &apos;\0&apos;&#x0A;  srcData[srcIdx]&#x0A;    Which is: &apos;U&apos; (85, 0x55)&#x0A;Source copy mismatch at dst(5,11) src(2,7)&#x0A;" type=""><![CDATA[/home/cjxu/npp/test/unit/nppi/nppi_geometry_transforms/test_nppi_copyConstBorder.cpp:63
Expected equality of these values:
  dstData[dstIdx]
    Which is: '\0'
  srcData[srcIdx]
    Which is: 'U' (85, 0x55)
Source copy mismatch at dst(5,11) src(2,7)
]]></failure>
      <failure message="/home/cjxu/npp/test/unit/nppi/nppi_geometry_transforms/test_nppi_copyConstBorder.cpp:63&#x0A;Expected equality of these values:&#x0A;  dstData[dstIdx]&#x0A;    Which is: &apos;\0&apos;&#x0A;  srcData[srcIdx]&#x0A;    Which is: &apos;X&apos; (88, 0x58)&#x0A;Source copy mismatch at dst(6,11) src(3,7)&#x0A;" type=""><![CDATA[/home/cjxu/npp/test/unit/nppi/nppi_geometry_transforms/test_nppi_copyConstBorder.cpp:63
Expected equality of these values:
  dstData[dstIdx]
    Which is: '\0'
  srcData[srcIdx]
    Which is: 'X' (88, 0x58)
Source copy mismatch at dst(6,11) src(3,7)
]]></failure>
      <failure message="/home/cjxu/npp/test/unit/nppi/nppi_geometry_transforms/test_nppi_copyConstBorder.cpp:63&#x0A;Expected equality of these values:&#x0A;  dstData[dstIdx]&#x0A;    Which is: &apos;\0&apos;&#x0A;  srcData[srcIdx]&#x0A;    Which is: &apos;$&apos; (36, 0x24)&#x0A;Source copy mismatch at dst(7,11) src(4,7)&#x0A;" type=""><![CDATA[/home/cjxu/npp/test/unit/nppi/nppi_geometry_transforms/test_nppi_copyConstBorder.cpp:63
Expected equality of these values:
  dstData[dstIdx]
    Which is: '\0'
  srcData[srcIdx]
    Which is: '$' (36, 0x24)
Source copy mismatch at dst(7,11) src(4,7)
]]></failure>
      <failure message="/home/cjxu/npp/test/unit/nppi/nppi_geometry_transforms/test_nppi_copyConstBorder.cpp:63&#x0A;Expected equality of these values:&#x0A;  dstData[dstIdx]&#x0A;    Which is: &apos;\0&apos;&#x0A;  srcData[srcIdx]&#x0A;    Which is: &apos;\xB4&apos; (180)&#x0A;Source copy mismatch at dst(8,11) src(5,7)&#x0A;" type=""><![CDATA[/home/cjxu/npp/test/unit/nppi/nppi_geometry_transforms/test_nppi_copyConstBorder.cpp:63
Expected equality of these values:
  dstData[dstIdx]
    Which is: '\0'
  srcData[srcIdx]
    Which is: '\xB4' (180)
Source copy mismatch at dst(8,11) src(5,7)
]]></failure>
      <failure message="/home/cjxu/npp/test/unit/nppi/nppi_geometry_transforms/test_nppi_copyConstBorder.cpp:63&#x0A;Expected equality of these values:&#x0A;  dstData[dstIdx]&#x0A;    Which is: &apos;\0&apos;&#x0A;  srcData[srcIdx]&#x0A;    Which is: &apos;\xBA&apos; (186)&#x0A;Source copy mismatch at dst(9,11) src(6,7)&#x0A;" type=""><![CDATA[/home/cjxu/npp/test/unit/nppi/nppi_geometry_transforms/test_nppi_copyConstBorder.cpp:63
Expected equality of these values:
  dstData[dstIdx]
    Which is: '\0'
  srcData[srcIdx]
    Which is: '\xBA' (186)
Source copy mismatch at dst(9,11) src(6,7)
]]></failure>
      <failure message="/home/cjxu/npp/test/unit/nppi/nppi_geometry_transforms/test_nppi_copyConstBorder.cpp:63&#x0A;Expected equality of these values:&#x0A;  dstData[dstIdx]&#x0A;    Which is: &apos;\0&apos;&#x0A;  srcData[srcIdx]&#x0A;    Which is: &apos;\xBD&apos; (189)&#x0A;Source copy mismatch at dst(10,11) src(7,7)&#x0A;" type=""><![CDATA[/home/cjxu/npp/test/unit/nppi/nppi_geometry_transforms/test_nppi_copyConstBorder.cpp:63
Expected equality of these values:
  dstData[dstIdx]
    Which is: '\0'
  srcData[srcIdx]
    Which is: '\xBD' (189)
Source copy mismatch at dst(10,11) src(7,7)
]]></failure>
      <failure message="/home/cjxu/npp/test/unit/nppi/nppi_geometry_transforms/test_nppi_copyConstBorder.cpp:63&#x0A;Expected equality of these values:&#x0A;  dstData[dstIdx]&#x0A;    Which is: &apos;\0&apos;&#x0A;  srcData[srcIdx]&#x0A;    Which is: &apos;e&apos; (101, 0x65)&#x0A;Source copy mismatch at dst(11,11) src(8,7)&#x0A;" type=""><![CDATA[/home/cjxu/npp/test/unit/nppi/nppi_geometry_transforms/test_nppi_copyConstBorder.cpp:63
Expected equality of these values:
  dstData[dstIdx]
    Which is: '\0'
  srcData[srcIdx]
    Which is: 'e' (101, 0x65)
Source copy mismatch at dst(11,11) src(8,7)
]]></failure>
      <failure message="/home/cjxu/npp/test/unit/nppi/nppi_geometry_transforms/test_nppi_copyConstBorder.cpp:63&#x0A;Expected equality of these values:&#x0A;  dstData[dstIdx]&#x0A;    Which is: &apos;\0&apos;&#x0A;  srcData[srcIdx]&#x0A;    Which is: &apos;%&apos; (37, 0x25)&#x0A;Source copy mismatch at dst(12,11) src(9,7)&#x0A;" type=""><![CDATA[/home/cjxu/npp/test/unit/nppi/nppi_geometry_transforms/test_nppi_copyConstBorder.cpp:63
Expected equality of these values:
  dstData[dstIdx]
    Which is: '\0'
  srcData[srcIdx]
    Which is: '%' (37, 0x25)
Source copy mismatch at dst(12,11) src(9,7)
]]></failure>
      <failure message="/home/cjxu/npp/test/unit/nppi/nppi_geometry_transforms/test_nppi_copyConstBorder.cpp:63&#x0A;Expected equality of these values:&#x0A;  dstData[dstIdx]&#x0A;    Which is: &apos;\0&apos;&#x0A;  srcData[srcIdx]&#x0A;    Which is: &apos;S&apos; (83, 0x53)&#x0A;Source copy mismatch at dst(13,11) src(10,7)&#x0A;" type=""><![CDATA[/home/cjxu/npp/test/unit/nppi/nppi_geometry_transforms/test_nppi_copyConstBorder.cpp:63
Expected equality of these values:
  dstData[dstIdx]
    Which is: '\0'
  srcData[srcIdx]
    Which is: 'S' (83, 0x53)
Source copy mismatch at dst(13,11) src(10,7)
]]></failure>
      <failure message="/home/cjxu/npp/test/unit/nppi/nppi_geometry_transforms/test_nppi_copyConstBorder.cpp:63&#x0A;Expected equality of these values:&#x0A;  dstData[dstIdx]&#x0A;    Which is: &apos;\0&apos;&#x0A;  srcData[srcIdx]&#x0A;    Which is: &apos;\xEA&apos; (234)&#x0A;Source copy mismatch at dst(14,11) src(11,7)&#x0A;" type=""><![CDATA[/home/cjxu/npp/test/unit/nppi/nppi_geometry_transforms/test_nppi_copyConstBorder.cpp:63
Expected equality of these values:
  dstData[dstIdx]
    Which is: '\0'
  srcData[srcIdx]
    Which is: '\xEA' (234)
Source copy mismatch at dst(14,11) src(11,7)
]]></failure>
      <failure message="/home/cjxu/npp/test/unit/nppi/nppi_geometry_transforms/test_nppi_copyConstBorder.cpp:63&#x0A;Expected equality of these values:&#x0A;  dstData[dstIdx]&#x0A;    Which is: &apos;\0&apos;&#x0A;  srcData[srcIdx]&#x0A;    Which is: &apos;3&apos; (51, 0x33)&#x0A;Source copy mismatch at dst(15,11) src(12,7)&#x0A;" type=""><![CDATA[/home/cjxu/npp/test/unit/nppi/nppi_geometry_transforms/test_nppi_copyConstBorder.cpp:63
Expected equality of these values:
  dstData[dstIdx]
    Which is: '\0'
  srcData[srcIdx]
    Which is: '3' (51, 0x33)
Source copy mismatch at dst(15,11) src(12,7)
]]></failure>
      <failure message="/home/cjxu/npp/test/unit/nppi/nppi_geometry_transforms/test_nppi_copyConstBorder.cpp:63&#x0A;Expected equality of these values:&#x0A;  dstData[dstIdx]&#x0A;    Which is: &apos;\0&apos;&#x0A;  srcData[srcIdx]&#x0A;    Which is: &apos;\xA4&apos; (164)&#x0A;Source copy mismatch at dst(16,11) src(13,7)&#x0A;" type=""><![CDATA[/home/cjxu/npp/test/unit/nppi/nppi_geometry_transforms/test_nppi_copyConstBorder.cpp:63
Expected equality of these values:
  dstData[dstIdx]
    Which is: '\0'
  srcData[srcIdx]
    Which is: '\xA4' (164)
Source copy mismatch at dst(16,11) src(13,7)
]]></failure>
      <failure message="/home/cjxu/npp/test/unit/nppi/nppi_geometry_transforms/test_nppi_copyConstBorder.cpp:63&#x0A;Expected equality of these values:&#x0A;  dstData[dstIdx]&#x0A;    Which is: &apos;\0&apos;&#x0A;  srcData[srcIdx]&#x0A;    Which is: &apos;\x3&apos; (3)&#x0A;Source copy mismatch at dst(17,11) src(14,7)&#x0A;" type=""><![CDATA[/home/cjxu/npp/test/unit/nppi/nppi_geometry_transforms/test_nppi_copyConstBorder.cpp:63
Expected equality of these values:
  dstData[dstIdx]
    Which is: '\0'
  srcData[srcIdx]
    Which is: '\x3' (3)
Source copy mismatch at dst(17,11) src(14,7)
]]></failure>
      <failure message="/home/cjxu/npp/test/unit/nppi/nppi_geometry_transforms/test_nppi_copyConstBorder.cpp:63&#x0A;Expected equality of these values:&#x0A;  dstData[dstIdx]&#x0A;    Which is: &apos;\0&apos;&#x0A;  srcData[srcIdx]&#x0A;    Which is: &apos;L&apos; (76, 0x4C)&#x0A;Source copy mismatch at dst(18,11) src(15,7)&#x0A;" type=""><![CDATA[/home/cjxu/npp/test/unit/nppi/nppi_geometry_transforms/test_nppi_copyConstBorder.cpp:63
Expected equality of these values:
  dstData[dstIdx]
    Which is: '\0'
  srcData[srcIdx]
    Which is: 'L' (76, 0x4C)
Source copy mismatch at dst(18,11) src(15,7)
]]></failure>
      <failure message="/home/cjxu/npp/test/unit/nppi/nppi_geometry_transforms/test_nppi_copyConstBorder.cpp:67&#x0A;Expected equality of these values:&#x0A;  dstData[dstIdx]&#x0A;    Which is: &apos;\0&apos;&#x0A;  borderValue&#x0A;    Which is: &apos;\x80&apos; (128)&#x0A;Border value mismatch at (19,11)&#x0A;" type=""><![CDATA[/home/cjxu/npp/test/unit/nppi/nppi_geometry_transforms/test_nppi_copyConstBorder.cpp:67
Expected equality of these values:
  dstData[dstIdx]
    Which is: '\0'
  borderValue
    Which is: '\x80' (128)
Border value mismatch at (19,11)
]]></failure>
      <failure message="/home/cjxu/npp/test/unit/nppi/nppi_geometry_transforms/test_nppi_copyConstBorder.cpp:67&#x0A;Expected equality of these values:&#x0A;  dstData[dstIdx]&#x0A;    Which is: &apos;\0&apos;&#x0A;  borderValue&#x0A;    Which is: &apos;\x80&apos; (128)&#x0A;Border value mismatch at (20,11)&#x0A;" type=""><![CDATA[/home/cjxu/npp/test/unit/nppi/nppi_geometry_transforms/test_nppi_copyConstBorder.cpp:67
Expected equality of these values:
  dstData[dstIdx]
    Which is: '\0'
  borderValue
    Which is: '\x80' (128)
Border value mismatch at (20,11)
]]></failure>
      <failure message="/home/cjxu/npp/test/unit/nppi/nppi_geometry_transforms/test_nppi_copyConstBorder.cpp:67&#x0A;Expected equality of these values:&#x0A;  dstData[dstIdx]&#x0A;    Which is: &apos;\0&apos;&#x0A;  borderValue&#x0A;    Which is: &apos;\x80&apos; (128)&#x0A;Border value mismatch at (21,11)&#x0A;" type=""><![CDATA[/home/cjxu/npp/test/unit/nppi/nppi_geometry_transforms/test_nppi_copyConstBorder.cpp:67
Expected equality of these values:
  dstData[dstIdx]
    Which is: '\0'
  borderValue
    Which is: '\x80' (128)
Border value mismatch at (21,11)
]]></failure>
      <failure message="/home/cjxu/npp/test/unit/nppi/nppi_geometry_transforms/test_nppi_copyConstBorder.cpp:67&#x0A;Expected equality of these values:&#x0A;  dstData[dstIdx]&#x0A;    Which is: &apos;\0&apos;&#x0A;  borderValue&#x0A;    Which is: &apos;\x80&apos; (128)&#x0A;Border value mismatch at (22,11)&#x0A;" type=""><![CDATA[/home/cjxu/npp/test/unit/nppi/nppi_geometry_transforms/test_nppi_copyConstBorder.cpp:67
Expected equality of these values:
  dstData[dstIdx]
    Which is: '\0'
  borderValue
    Which is: '\x80' (128)
Border value mismatch at (22,11)
]]></failure>
      <failure message="/home/cjxu/npp/test/unit/nppi/nppi_geometry_transforms/test_nppi_copyConstBorder.cpp:67&#x0A;Expected equality of these values:&#x0A;  dstData[dstIdx]&#x0A;    Which is: &apos;\0&apos;&#x0A;  borderValue&#x0A;    Which is: &apos;\x80&apos; (128)&#x0A;Border value mismatch at (23,11)&#x0A;" type=""><![CDATA[/home/cjxu/npp/test/unit/nppi/nppi_geometry_transforms/test_nppi_copyConstBorder.cpp:67
Expected equality of these values:
  dstData[dstIdx]
    Which is: '\0'
  borderValue
    Which is: '\x80' (128)
Border value mismatch at (23,11)
]]></failure>
      <failure message="/home/cjxu/npp/test/unit/nppi/nppi_geometry_transforms/test_nppi_copyConstBorder.cpp:67&#x0A;Expected equality of these values:&#x0A;  dstData[dstIdx]&#x0A;    Which is: &apos;\0&apos;&#x0A;  borderValue&#x0A;    Which is: &apos;\x80&apos; (128)&#x0A;Border value mismatch at (0,12)&#x0A;" type=""><![CDATA[/home/cjxu/npp/test/unit/nppi/nppi_geometry_transforms/test_nppi_copyConstBorder.cpp:67
Expected equality of these values:
  dstData[dstIdx]
    Which is: '\0'
  borderValue
    Which is: '\x80' (128)
Border value mismatch at (0,12)
]]></failure>
      <failure message="/home/cjxu/npp/test/unit/nppi/nppi_geometry_transforms/test_nppi_copyConstBorder.cpp:67&#x0A;Expected equality of these values:&#x0A;  dstData[dstIdx]&#x0A;    Which is: &apos;\0&apos;&#x0A;  borderValue&#x0A;    Which is: &apos;\x80&apos; (128)&#x0A;Border value mismatch at (1,12)&#x0A;" type=""><![CDATA[/home/cjxu/npp/test/unit/nppi/nppi_geometry_transforms/test_nppi_copyConstBorder.cpp:67
Expected equality of these values:
  dstData[dstIdx]
    Which is: '\0'
  borderValue
    Which is: '\x80' (128)
Border value mismatch at (1,12)
]]></failure>
      <failure message="/home/cjxu/npp/test/unit/nppi/nppi_geometry_transforms/test_nppi_copyConstBorder.cpp:67&#x0A;Expected equality of these values:&#x0A;  dstData[dstIdx]&#x0A;    Which is: &apos;\0&apos;&#x0A;  borderValue&#x0A;    Which is: &apos;\x80&apos; (128)&#x0A;Border value mismatch at (2,12)&#x0A;" type=""><![CDATA[/home/cjxu/npp/test/unit/nppi/nppi_geometry_transforms/test_nppi_copyConstBorder.cpp:67
Expected equality of these values:
  dstData[dstIdx]
    Which is: '\0'
  borderValue
    Which is: '\x80' (128)
Border value mismatch at (2,12)
]]></failure>
      <failure message="/home/cjxu/npp/test/unit/nppi/nppi_geometry_transforms/test_nppi_copyConstBorder.cpp:63&#x0A;Expected equality of these values:&#x0A;  dstData[dstIdx]&#x0A;    Which is: &apos;\0&apos;&#x0A;  srcData[srcIdx]&#x0A;    Which is: &apos;\a&apos; (7)&#x0A;Source copy mismatch at dst(3,12) src(0,8)&#x0A;" type=""><![CDATA[/home/cjxu/npp/test/unit/nppi/nppi_geometry_transforms/test_nppi_copyConstBorder.cpp:63
Expected equality of these values:
  dstData[dstIdx]
    Which is: '\0'
  srcData[srcIdx]
    Which is: '\a' (7)
Source copy mismatch at dst(3,12) src(0,8)
]]></failure>
      <failure message="/home/cjxu/npp/test/unit/nppi/nppi_geometry_transforms/test_nppi_copyConstBorder.cpp:63&#x0A;Expected equality of these values:&#x0A;  dstData[dstIdx]&#x0A;    Which is: &apos;\0&apos;&#x0A;  srcData[srcIdx]&#x0A;    Which is: &apos;\b&apos; (8)&#x0A;Source copy mismatch at dst(4,12) src(1,8)&#x0A;" type=""><![CDATA[/home/cjxu/npp/test/unit/nppi/nppi_geometry_transforms/test_nppi_copyConstBorder.cpp:63
Expected equality of these values:
  dstData[dstIdx]
    Which is: '\0'
  srcData[srcIdx]
    Which is: '\b' (8)
Source copy mismatch at dst(4,12) src(1,8)
]]></failure>
      <failure message="/home/cjxu/npp/test/unit/nppi/nppi_geometry_transforms/test_nppi_copyConstBorder.cpp:63&#x0A;Expected equality of these values:&#x0A;  dstData[dstIdx]&#x0A;    Which is: &apos;\0&apos;&#x0A;  srcData[srcIdx]&#x0A;    Which is: &apos;Z&apos; (90, 0x5A)&#x0A;Source copy mismatch at dst(5,12) src(2,8)&#x0A;" type=""><![CDATA[/home/cjxu/npp/test/unit/nppi/nppi_geometry_transforms/test_nppi_copyConstBorder.cpp:63
Expected equality of these values:
  dstData[dstIdx]
    Which is: '\0'
  srcData[srcIdx]
    Which is: 'Z' (90, 0x5A)
Source copy mismatch at dst(5,12) src(2,8)
]]></failure>
      <failure message="/home/cjxu/npp/test/unit/nppi/nppi_geometry_transforms/test_nppi_copyConstBorder.cpp:63&#x0A;Expected equality of these values:&#x0A;  dstData[dstIdx]&#x0A;    Which is: &apos;\0&apos;&#x0A;  srcData[srcIdx]&#x0A;    Which is: &apos;.&apos; (46, 0x2E)&#x0A;Source copy mismatch at dst(6,12) src(3,8)&#x0A;" type=""><![CDATA[/home/cjxu/npp/test/unit/nppi/nppi_geometry_transforms/test_nppi_copyConstBorder.cpp:63
Expected equality of these values:
  dstData[dstIdx]
    Which is: '\0'
  srcData[srcIdx]
    Which is: '.' (46, 0x2E)
Source copy mismatch at dst(6,12) src(3,8)
]]></failure>
      <failure message="/home/cjxu/npp/test/unit/nppi/nppi_geometry_transforms/test_nppi_copyConstBorder.cpp:63&#x0A;Expected equality of these values:&#x0A;  dstData[dstIdx]&#x0A;    Which is: &apos;\0&apos;&#x0A;  srcData[srcIdx]&#x0A;    Which is: &apos;m&apos; (109, 0x6D)&#x0A;Source copy mismatch at dst(7,12) src(4,8)&#x0A;" type=""><![CDATA[/home/cjxu/npp/test/unit/nppi/nppi_geometry_transforms/test_nppi_copyConstBorder.cpp:63
Expected equality of these values:
  dstData[dstIdx]
    Which is: '\0'
  srcData[srcIdx]
    Which is: 'm' (109, 0x6D)
Source copy mismatch at dst(7,12) src(4,8)
]]></failure>
      <failure message="/home/cjxu/npp/test/unit/nppi/nppi_geometry_transforms/test_nppi_copyConstBorder.cpp:63&#x0A;Expected equality of these values:&#x0A;  dstData[dstIdx]&#x0A;    Which is: &apos;\0&apos;&#x0A;  srcData[srcIdx]&#x0A;    Which is: &apos;7&apos; (55, 0x37)&#x0A;Source copy mismatch at dst(8,12) src(5,8)&#x0A;" type=""><![CDATA[/home/cjxu/npp/test/unit/nppi/nppi_geometry_transforms/test_nppi_copyConstBorder.cpp:63
Expected equality of these values:
  dstData[dstIdx]
    Which is: '\0'
  srcData[srcIdx]
    Which is: '7' (55, 0x37)
Source copy mismatch at dst(8,12) src(5,8)
]]></failure>
      <failure message="/home/cjxu/npp/test/unit/nppi/nppi_geometry_transforms/test_nppi_copyConstBorder.cpp:63&#x0A;Expected equality of these values:&#x0A;  dstData[dstIdx]&#x0A;    Which is: &apos;\0&apos;&#x0A;  srcData[srcIdx]&#x0A;    Which is: &apos;b&apos; (98, 0x62)&#x0A;Source copy mismatch at dst(9,12) src(6,8)&#x0A;" type=""><![CDATA[/home/cjxu/npp/test/unit/nppi/nppi_geometry_transforms/test_nppi_copyConstBorder.cpp:63
Expected equality of these values:
  dstData[dstIdx]
    Which is: '\0'
  srcData[srcIdx]
    Which is: 'b' (98, 0x62)
Source copy mismatch at dst(9,12) src(6,8)
]]></failure>
      <failure message="/home/cjxu/npp/test/unit/nppi/nppi_geometry_transforms/test_nppi_copyConstBorder.cpp:63&#x0A;Expected equality of these values:&#x0A;  dstData[dstIdx]&#x0A;    Which is: &apos;\0&apos;&#x0A;  srcData[srcIdx]&#x0A;    Which is: &apos;\x90&apos; (144)&#x0A;Source copy mismatch at dst(10,12) src(7,8)&#x0A;" type=""><![CDATA[/home/cjxu/npp/test/unit/nppi/nppi_geometry_transforms/test_nppi_copyConstBorder.cpp:63
Expected equality of these values:
  dstData[dstIdx]
    Which is: '\0'
  srcData[srcIdx]
    Which is: '\x90' (144)
Source copy mismatch at dst(10,12) src(7,8)
]]></failure>
      <failure message="/home/cjxu/npp/test/unit/nppi/nppi_geometry_transforms/test_nppi_copyConstBorder.cpp:63&#x0A;Expected equality of these values:&#x0A;  dstData[dstIdx]&#x0A;    Which is: &apos;\0&apos;&#x0A;  srcData[srcIdx]&#x0A;    Which is: &apos;\xD2&apos; (210)&#x0A;Source copy mismatch at dst(11,12) src(8,8)&#x0A;" type=""><![CDATA[/home/cjxu/npp/test/unit/nppi/nppi_geometry_transforms/test_nppi_copyConstBorder.cpp:63
Expected equality of these values:
  dstData[dstIdx]
    Which is: '\0'
  srcData[srcIdx]
    Which is: '\xD2' (210)
Source copy mismatch at dst(11,12) src(8,8)
]]></failure>
      <failure message="/home/cjxu/npp/test/unit/nppi/nppi_geometry_transforms/test_nppi_copyConstBorder.cpp:63&#x0A;Expected equality of these values:&#x0A;  dstData[dstIdx]&#x0A;    Which is: &apos;\0&apos;&#x0A;  srcData[srcIdx]&#x0A;    Which is: &apos;t&apos; (116, 0x74)&#x0A;Source copy mismatch at dst(12,12) src(9,8)&#x0A;" type=""><![CDATA[/home/cjxu/npp/test/unit/nppi/nppi_geometry_transforms/test_nppi_copyConstBorder.cpp:63
Expected equality of these values:
  dstData[dstIdx]
    Which is: '\0'
  srcData[srcIdx]
    Which is: 't' (116, 0x74)
Source copy mismatch at dst(12,12) src(9,8)
]]></failure>
      <failure message="/home/cjxu/npp/test/unit/nppi/nppi_geometry_transforms/test_nppi_copyConstBorder.cpp:63&#x0A;Expected equality of these values:&#x0A;  dstData[dstIdx]&#x0A;    Which is: &apos;\0&apos;&#x0A;  srcData[srcIdx]&#x0A;    Which is: &apos;\xCE&apos; (206)&#x0A;Source copy mismatch at dst(13,12) src(10,8)&#x0A;" type=""><![CDATA[/home/cjxu/npp/test/unit/nppi/nppi_geometry_transforms/test_nppi_copyConstBorder.cpp:63
Expected equality of these values:
  dstData[dstIdx]
    Which is: '\0'
  srcData[srcIdx]
    Which is: '\xCE' (206)
Source copy mismatch at dst(13,12) src(10,8)
]]></failure>
      <failure message="/home/cjxu/npp/test/unit/nppi/nppi_geometry_transforms/test_nppi_copyConstBorder.cpp:63&#x0A;Expected equality of these values:&#x0A;  dstData[dstIdx]&#x0A;    Which is: &apos;\0&apos;&#x0A;  srcData[srcIdx]&#x0A;    Which is: &apos;\xB9&apos; (185)&#x0A;Source copy mismatch at dst(14,12) src(11,8)&#x0A;" type=""><![CDATA[/home/cjxu/npp/test/unit/nppi/nppi_geometry_transforms/test_nppi_copyConstBorder.cpp:63
Expected equality of these values:
  dstData[dstIdx]
    Which is: '\0'
  srcData[srcIdx]
    Which is: '\xB9' (185)
Source copy mismatch at dst(14,12) src(11,8)
]]></failure>
      <failure message="/home/cjxu/npp/test/unit/nppi/nppi_geometry_transforms/test_nppi_copyConstBorder.cpp:63&#x0A;Expected equality of these values:&#x0A;  dstData[dstIdx]&#x0A;    Which is: &apos;\0&apos;&#x0A;  srcData[srcIdx]&#x0A;    Which is: &apos;\x80&apos; (128)&#x0A;Source copy mismatch at dst(15,12) src(12,8)&#x0A;" type=""><![CDATA[/home/cjxu/npp/test/unit/nppi/nppi_geometry_transforms/test_nppi_copyConstBorder.cpp:63
Expected equality of these values:
  dstData[dstIdx]
    Which is: '\0'
  srcData[srcIdx]
    Which is: '\x80' (128)
Source copy mismatch at dst(15,12) src(12,8)
]]></failure>
      <failure message="/home/cjxu/npp/test/unit/nppi/nppi_geometry_transforms/test_nppi_copyConstBorder.cpp:63&#x0A;Expected equality of these values:&#x0A;  dstData[dstIdx]&#x0A;    Which is: &apos;\0&apos;&#x0A;  srcData[srcIdx]&#x0A;    Which is: &apos;\xCB&apos; (203)&#x0A;Source copy mismatch at dst(16,12) src(13,8)&#x0A;" type=""><![CDATA[/home/cjxu/npp/test/unit/nppi/nppi_geometry_transforms/test_nppi_copyConstBorder.cpp:63
Expected equality of these values:
  dstData[dstIdx]
    Which is: '\0'
  srcData[srcIdx]
    Which is: '\xCB' (203)
Source copy mismatch at dst(16,12) src(13,8)
]]></failure>
      <failure message="/home/cjxu/npp/test/unit/nppi/nppi_geometry_transforms/test_nppi_copyConstBorder.cpp:63&#x0A;Expected equality of these values:&#x0A;  dstData[dstIdx]&#x0A;    Which is: &apos;\0&apos;&#x0A;  srcData[srcIdx]&#x0A;    Which is: &apos;\x94&apos; (148)&#x0A;Source copy mismatch at dst(17,12) src(14,8)&#x0A;" type=""><![CDATA[/home/cjxu/npp/test/unit/nppi/nppi_geometry_transforms/test_nppi_copyConstBorder.cpp:63
Expected equality of these values:
  dstData[dstIdx]
    Which is: '\0'
  srcData[srcIdx]
    Which is: '\x94' (148)
Source copy mismatch at dst(17,12) src(14,8)
]]></failure>
      <failure message="/home/cjxu/npp/test/unit/nppi/nppi_geometry_transforms/test_nppi_copyConstBorder.cpp:63&#x0A;Expected equality of these values:&#x0A;  dstData[dstIdx]&#x0A;    Which is: &apos;\0&apos;&#x0A;  srcData[srcIdx]&#x0A;    Which is: &apos;\x9D&apos; (157)&#x0A;Source copy mismatch at dst(18,12) src(15,8)&#x0A;" type=""><![CDATA[/home/cjxu/npp/test/unit/nppi/nppi_geometry_transforms/test_nppi_copyConstBorder.cpp:63
Expected equality of these values:
  dstData[dstIdx]
    Which is: '\0'
  srcData[srcIdx]
    Which is: '\x9D' (157)
Source copy mismatch at dst(18,12) src(15,8)
]]></failure>
      <failure message="/home/cjxu/npp/test/unit/nppi/nppi_geometry_transforms/test_nppi_copyConstBorder.cpp:67&#x0A;Expected equality of these values:&#x0A;  dstData[dstIdx]&#x0A;    Which is: &apos;\0&apos;&#x0A;  borderValue&#x0A;    Which is: &apos;\x80&apos; (128)&#x0A;Border value mismatch at (19,12)&#x0A;" type=""><![CDATA[/home/cjxu/npp/test/unit/nppi/nppi_geometry_transforms/test_nppi_copyConstBorder.cpp:67
Expected equality of these values:
  dstData[dstIdx]
    Which is: '\0'
  borderValue
    Which is: '\x80' (128)
Border value mismatch at (19,12)
]]></failure>
      <failure message="/home/cjxu/npp/test/unit/nppi/nppi_geometry_transforms/test_nppi_copyConstBorder.cpp:67&#x0A;Expected equality of these values:&#x0A;  dstData[dstIdx]&#x0A;    Which is: &apos;\0&apos;&#x0A;  borderValue&#x0A;    Which is: &apos;\x80&apos; (128)&#x0A;Border value mismatch at (20,12)&#x0A;" type=""><![CDATA[/home/cjxu/npp/test/unit/nppi/nppi_geometry_transforms/test_nppi_copyConstBorder.cpp:67
Expected equality of these values:
  dstData[dstIdx]
    Which is: '\0'
  borderValue
    Which is: '\x80' (128)
Border value mismatch at (20,12)
]]></failure>
      <failure message="/home/cjxu/npp/test/unit/nppi/nppi_geometry_transforms/test_nppi_copyConstBorder.cpp:67&#x0A;Expected equality of these values:&#x0A;  dstData[dstIdx]&#x0A;    Which is: &apos;\0&apos;&#x0A;  borderValue&#x0A;    Which is: &apos;\x80&apos; (128)&#x0A;Border value mismatch at (21,12)&#x0A;" type=""><![CDATA[/home/cjxu/npp/test/unit/nppi/nppi_geometry_transforms/test_nppi_copyConstBorder.cpp:67
Expected equality of these values:
  dstData[dstIdx]
    Which is: '\0'
  borderValue
    Which is: '\x80' (128)
Border value mismatch at (21,12)
]]></failure>
      <failure message="/home/cjxu/npp/test/unit/nppi/nppi_geometry_transforms/test_nppi_copyConstBorder.cpp:67&#x0A;Expected equality of these values:&#x0A;  dstData[dstIdx]&#x0A;    Which is: &apos;\0&apos;&#x0A;  borderValue&#x0A;    Which is: &apos;\x80&apos; (128)&#x0A;Border value mismatch at (22,12)&#x0A;" type=""><![CDATA[/home/cjxu/npp/test/unit/nppi/nppi_geometry_transforms/test_nppi_copyConstBorder.cpp:67
Expected equality of these values:
  dstData[dstIdx]
    Which is: '\0'
  borderValue
    Which is: '\x80' (128)
Border value mismatch at (22,12)
]]></failure>
      <failure message="/home/cjxu/npp/test/unit/nppi/nppi_geometry_transforms/test_nppi_copyConstBorder.cpp:67&#x0A;Expected equality of these values:&#x0A;  dstData[dstIdx]&#x0A;    Which is: &apos;\0&apos;&#x0A;  borderValue&#x0A;    Which is: &apos;\x80&apos; (128)&#x0A;Border value mismatch at (23,12)&#x0A;" type=""><![CDATA[/home/cjxu/npp/test/unit/nppi/nppi_geometry_transforms/test_nppi_copyConstBorder.cpp:67
Expected equality of these values:
  dstData[dstIdx]
    Which is: '\0'
  borderValue
    Which is: '\x80' (128)
Border value mismatch at (23,12)
]]></failure>
      <failure message="/home/cjxu/npp/test/unit/nppi/nppi_geometry_transforms/test_nppi_copyConstBorder.cpp:67&#x0A;Expected equality of these values:&#x0A;  dstData[dstIdx]&#x0A;    Which is: &apos;\0&apos;&#x0A;  borderValue&#x0A;    Which is: &apos;\x80&apos; (128)&#x0A;Border value mismatch at (0,13)&#x0A;" type=""><![CDATA[/home/cjxu/npp/test/unit/nppi/nppi_geometry_transforms/test_nppi_copyConstBorder.cpp:67
Expected equality of these values:
  dstData[dstIdx]
    Which is: '\0'
  borderValue
    Which is: '\x80' (128)
Border value mismatch at (0,13)
]]></failure>
      <failure message="/home/cjxu/npp/test/unit/nppi/nppi_geometry_transforms/test_nppi_copyConstBorder.cpp:67&#x0A;Expected equality of these values:&#x0A;  dstData[dstIdx]&#x0A;    Which is: &apos;\0&apos;&#x0A;  borderValue&#x0A;    Which is: &apos;\x80&apos; (128)&#x0A;Border value mismatch at (1,13)&#x0A;" type=""><![CDATA[/home/cjxu/npp/test/unit/nppi/nppi_geometry_transforms/test_nppi_copyConstBorder.cpp:67
Expected equality of these values:
  dstData[dstIdx]
    Which is: '\0'
  borderValue
    Which is: '\x80' (128)
Border value mismatch at (1,13)
]]></failure>
      <failure message="/home/cjxu/npp/test/unit/nppi/nppi_geometry_transforms/test_nppi_copyConstBorder.cpp:67&#x0A;Expected equality of these values:&#x0A;  dstData[dstIdx]&#x0A;    Which is: &apos;\0&apos;&#x0A;  borderValue&#x0A;    Which is: &apos;\x80&apos; (128)&#x0A;Border value mismatch at (2,13)&#x0A;" type=""><![CDATA[/home/cjxu/npp/test/unit/nppi/nppi_geometry_transforms/test_nppi_copyConstBorder.cpp:67
Expected equality of these values:
  dstData[dstIdx]
    Which is: '\0'
  borderValue
    Which is: '\x80' (128)
Border value mismatch at (2,13)
]]></failure>
      <failure message="/home/cjxu/npp/test/unit/nppi/nppi_geometry_transforms/test_nppi_copyConstBorder.cpp:63&#x0A;Expected equality of these values:&#x0A;  dstData[dstIdx]&#x0A;    Which is: &apos;\0&apos;&#x0A;  srcData[srcIdx]&#x0A;    Which is: &apos;[&apos; (91, 0x5B)&#x0A;Source copy mismatch at dst(3,13) src(0,9)&#x0A;" type=""><![CDATA[/home/cjxu/npp/test/unit/nppi/nppi_geometry_transforms/test_nppi_copyConstBorder.cpp:63
Expected equality of these values:
  dstData[dstIdx]
    Which is: '\0'
  srcData[srcIdx]
    Which is: '[' (91, 0x5B)
Source copy mismatch at dst(3,13) src(0,9)
]]></failure>
      <failure message="/home/cjxu/npp/test/unit/nppi/nppi_geometry_transforms/test_nppi_copyConstBorder.cpp:63&#x0A;Expected equality of these values:&#x0A;  dstData[dstIdx]&#x0A;    Which is: &apos;\0&apos;&#x0A;  srcData[srcIdx]&#x0A;    Which is: &apos;\xE9&apos; (233)&#x0A;Source copy mismatch at dst(4,13) src(1,9)&#x0A;" type=""><![CDATA[/home/cjxu/npp/test/unit/nppi/nppi_geometry_transforms/test_nppi_copyConstBorder.cpp:63
Expected equality of these values:
  dstData[dstIdx]
    Which is: '\0'
  srcData[srcIdx]
    Which is: '\xE9' (233)
Source copy mismatch at dst(4,13) src(1,9)
]]></failure>
      <failure message="/home/cjxu/npp/test/unit/nppi/nppi_geometry_transforms/test_nppi_copyConstBorder.cpp:63&#x0A;Expected equality of these values:&#x0A;  dstData[dstIdx]&#x0A;    Which is: &apos;\0&apos;&#x0A;  srcData[srcIdx]&#x0A;    Which is: &apos;\xF5&apos; (245)&#x0A;Source copy mismatch at dst(5,13) src(2,9)&#x0A;" type=""><![CDATA[/home/cjxu/npp/test/unit/nppi/nppi_geometry_transforms/test_nppi_copyConstBorder.cpp:63
Expected equality of these values:
  dstData[dstIdx]
    Which is: '\0'
  srcData[srcIdx]
    Which is: '\xF5' (245)
Source copy mismatch at dst(5,13) src(2,9)
]]></failure>
      <failure message="/home/cjxu/npp/test/unit/nppi/nppi_geometry_transforms/test_nppi_copyConstBorder.cpp:63&#x0A;Expected equality of these values:&#x0A;  dstData[dstIdx]&#x0A;    Which is: &apos;\0&apos;&#x0A;  srcData[srcIdx]&#x0A;    Which is: &apos;\x80&apos; (128)&#x0A;Source copy mismatch at dst(6,13) src(3,9)&#x0A;" type=""><![CDATA[/home/cjxu/npp/test/unit/nppi/nppi_geometry_transforms/test_nppi_copyConstBorder.cpp:63
Expected equality of these values:
  dstData[dstIdx]
    Which is: '\0'
  srcData[srcIdx]
    Which is: '\x80' (128)
Source copy mismatch at dst(6,13) src(3,9)
]]></failure>
      <failure message="/home/cjxu/npp/test/unit/nppi/nppi_geometry_transforms/test_nppi_copyConstBorder.cpp:63&#x0A;Expected equality of these values:&#x0A;  dstData[dstIdx]&#x0A;    Which is: &apos;\0&apos;&#x0A;  srcData[srcIdx]&#x0A;    Which is: &apos;\x9D&apos; (157)&#x0A;Source copy mismatch at dst(7,13) src(4,9)&#x0A;" type=""><![CDATA[/home/cjxu/npp/test/unit/nppi/nppi_geometry_transforms/test_nppi_copyConstBorder.cpp:63
Expected equality of these values:
  dstData[dstIdx]
    Which is: '\0'
  srcData[srcIdx]
    Which is: '\x9D' (157)
Source copy mismatch at dst(7,13) src(4,9)
]]></failure>
      <failure message="/home/cjxu/npp/test/unit/nppi/nppi_geometry_transforms/test_nppi_copyConstBorder.cpp:63&#x0A;Expected equality of these values:&#x0A;  dstData[dstIdx]&#x0A;    Which is: &apos;\0&apos;&#x0A;  srcData[srcIdx]&#x0A;    Which is: &apos;\xAF&apos; (175)&#x0A;Source copy mismatch at dst(8,13) src(5,9)&#x0A;" type=""><![CDATA[/home/cjxu/npp/test/unit/nppi/nppi_geometry_transforms/test_nppi_copyConstBorder.cpp:63
Expected equality of these values:
  dstData[dstIdx]
    Which is: '\0'
  srcData[srcIdx]
    Which is: '\xAF' (175)
Source copy mismatch at dst(8,13) src(5,9)
]]></failure>
      <failure message="/home/cjxu/npp/test/unit/nppi/nppi_geometry_transforms/test_nppi_copyConstBorder.cpp:63&#x0A;Expected equality of these values:&#x0A;  dstData[dstIdx]&#x0A;    Which is: &apos;\0&apos;&#x0A;  srcData[srcIdx]&#x0A;    Which is: &apos;=&apos; (61, 0x3D)&#x0A;Source copy mismatch at dst(9,13) src(6,9)&#x0A;" type=""><![CDATA[/home/cjxu/npp/test/unit/nppi/nppi_geometry_transforms/test_nppi_copyConstBorder.cpp:63
Expected equality of these values:
  dstData[dstIdx]
    Which is: '\0'
  srcData[srcIdx]
    Which is: '=' (61, 0x3D)
Source copy mismatch at dst(9,13) src(6,9)
]]></failure>
      <failure message="/home/cjxu/npp/test/unit/nppi/nppi_geometry_transforms/test_nppi_copyConstBorder.cpp:63&#x0A;Expected equality of these values:&#x0A;  dstData[dstIdx]&#x0A;    Which is: &apos;\0&apos;&#x0A;  srcData[srcIdx]&#x0A;    Which is: &apos;\x2&apos; (2)&#x0A;Source copy mismatch at dst(10,13) src(7,9)&#x0A;" type=""><![CDATA[/home/cjxu/npp/test/unit/nppi/nppi_geometry_transforms/test_nppi_copyConstBorder.cpp:63
Expected equality of these values:
  dstData[dstIdx]
    Which is: '\0'
  srcData[srcIdx]
    Which is: '\x2' (2)
Source copy mismatch at dst(10,13) src(7,9)
]]></failure>
      <failure message="/home/cjxu/npp/test/unit/nppi/nppi_geometry_transforms/test_nppi_copyConstBorder.cpp:63&#x0A;Expected equality of these values:&#x0A;  dstData[dstIdx]&#x0A;    Which is: &apos;\0&apos;&#x0A;  srcData[srcIdx]&#x0A;    Which is: &apos;\xD4&apos; (212)&#x0A;Source copy mismatch at dst(11,13) src(8,9)&#x0A;" type=""><![CDATA[/home/cjxu/npp/test/unit/nppi/nppi_geometry_transforms/test_nppi_copyConstBorder.cpp:63
Expected equality of these values:
  dstData[dstIdx]
    Which is: '\0'
  srcData[srcIdx]
    Which is: '\xD4' (212)
Source copy mismatch at dst(11,13) src(8,9)
]]></failure>
      <failure message="/home/cjxu/npp/test/unit/nppi/nppi_geometry_transforms/test_nppi_copyConstBorder.cpp:63&#x0A;Expected equality of these values:&#x0A;  dstData[dstIdx]&#x0A;    Which is: &apos;\0&apos;&#x0A;  srcData[srcIdx]&#x0A;    Which is: &apos;\x90&apos; (144)&#x0A;Source copy mismatch at dst(12,13) src(9,9)&#x0A;" type=""><![CDATA[/home/cjxu/npp/test/unit/nppi/nppi_geometry_transforms/test_nppi_copyConstBorder.cpp:63
Expected equality of these values:
  dstData[dstIdx]
    Which is: '\0'
  srcData[srcIdx]
    Which is: '\x90' (144)
Source copy mismatch at dst(12,13) src(9,9)
]]></failure>
      <failure message="/home/cjxu/npp/test/unit/nppi/nppi_geometry_transforms/test_nppi_copyConstBorder.cpp:63&#x0A;Expected equality of these values:&#x0A;  dstData[dstIdx]&#x0A;    Which is: &apos;\0&apos;&#x0A;  srcData[srcIdx]&#x0A;    Which is: &apos;\xEC&apos; (236)&#x0A;Source copy mismatch at dst(13,13) src(10,9)&#x0A;" type=""><![CDATA[/home/cjxu/npp/test/unit/nppi/nppi_geometry_transforms/test_nppi_copyConstBorder.cpp:63
Expected equality of these values:
  dstData[dstIdx]
    Which is: '\0'
  srcData[srcIdx]
    Which is: '\xEC' (236)
Source copy mismatch at dst(13,13) src(10,9)
]]></failure>
      <failure message="/home/cjxu/npp/test/unit/nppi/nppi_geometry_transforms/test_nppi_copyConstBorder.cpp:63&#x0A;Expected equality of these values:&#x0A;  dstData[dstIdx]&#x0A;    Which is: &apos;\0&apos;&#x0A;  srcData[srcIdx]&#x0A;    Which is: &apos;\b&apos; (8)&#x0A;Source copy mismatch at dst(14,13) src(11,9)&#x0A;" type=""><![CDATA[/home/cjxu/npp/test/unit/nppi/nppi_geometry_transforms/test_nppi_copyConstBorder.cpp:63
Expected equality of these values:
  dstData[dstIdx]
    Which is: '\0'
  srcData[srcIdx]
    Which is: '\b' (8)
Source copy mismatch at dst(14,13) src(11,9)
]]></failure>
      <failure message="/home/cjxu/npp/test/unit/nppi/nppi_geometry_transforms/test_nppi_copyConstBorder.cpp:63&#x0A;Expected equality of these values:&#x0A;  dstData[dstIdx]&#x0A;    Which is: &apos;\0&apos;&#x0A;  srcData[srcIdx]&#x0A;    Which is: &apos;5&apos; (53, 0x35)&#x0A;Source copy mismatch at dst(15,13) src(12,9)&#x0A;" type=""><![CDATA[/home/cjxu/npp/test/unit/nppi/nppi_geometry_transforms/test_nppi_copyConstBorder.cpp:63
Expected equality of these values:
  dstData[dstIdx]
    Which is: '\0'
  srcData[srcIdx]
    Which is: '5' (53, 0x35)
Source copy mismatch at dst(15,13) src(12,9)
]]></failure>
      <failure message="/home/cjxu/npp/test/unit/nppi/nppi_geometry_transforms/test_nppi_copyConstBorder.cpp:63&#x0A;Expected equality of these values:&#x0A;  dstData[dstIdx]&#x0A;    Which is: &apos;\0&apos;&#x0A;  srcData[srcIdx]&#x0A;    Which is: &apos;\xF0&apos; (240)&#x0A;Source copy mismatch at dst(16,13) src(13,9)&#x0A;" type=""><![CDATA[/home/cjxu/npp/test/unit/nppi/nppi_geometry_transforms/test_nppi_copyConstBorder.cpp:63
Expected equality of these values:
  dstData[dstIdx]
    Which is: '\0'
  srcData[srcIdx]
    Which is: '\xF0' (240)
Source copy mismatch at dst(16,13) src(13,9)
]]></failure>
      <failure message="/home/cjxu/npp/test/unit/nppi/nppi_geometry_transforms/test_nppi_copyConstBorder.cpp:63&#x0A;Expected equality of these values:&#x0A;  dstData[dstIdx]&#x0A;    Which is: &apos;\0&apos;&#x0A;  srcData[srcIdx]&#x0A;    Which is: &apos;T&apos; (84, 0x54)&#x0A;Source copy mismatch at dst(17,13) src(14,9)&#x0A;" type=""><![CDATA[/home/cjxu/npp/test/unit/nppi/nppi_geometry_transforms/test_nppi_copyConstBorder.cpp:63
Expected equality of these values:
  dstData[dstIdx]
    Which is: '\0'
  srcData[srcIdx]
    Which is: 'T' (84, 0x54)
Source copy mismatch at dst(17,13) src(14,9)
]]></failure>
      <failure message="/home/cjxu/npp/test/unit/nppi/nppi_geometry_transforms/test_nppi_copyConstBorder.cpp:63&#x0A;Expected equality of these values:&#x0A;  dstData[dstIdx]&#x0A;    Which is: &apos;\0&apos;&#x0A;  srcData[srcIdx]&#x0A;    Which is: &apos;&lt;&apos; (60, 0x3C)&#x0A;Source copy mismatch at dst(18,13) src(15,9)&#x0A;" type=""><![CDATA[/home/cjxu/npp/test/unit/nppi/nppi_geometry_transforms/test_nppi_copyConstBorder.cpp:63
Expected equality of these values:
  dstData[dstIdx]
    Which is: '\0'
  srcData[srcIdx]
    Which is: '<' (60, 0x3C)
Source copy mismatch at dst(18,13) src(15,9)
]]></failure>
      <failure message="/home/cjxu/npp/test/unit/nppi/nppi_geometry_transforms/test_nppi_copyConstBorder.cpp:67&#x0A;Expected equality of these values:&#x0A;  dstData[dstIdx]&#x0A;    Which is: &apos;\0&apos;&#x0A;  borderValue&#x0A;    Which is: &apos;\x80&apos; (128)&#x0A;Border value mismatch at (19,13)&#x0A;" type=""><![CDATA[/home/cjxu/npp/test/unit/nppi/nppi_geometry_transforms/test_nppi_copyConstBorder.cpp:67
Expected equality of these values:
  dstData[dstIdx]
    Which is: '\0'
  borderValue
    Which is: '\x80' (128)
Border value mismatch at (19,13)
]]></failure>
      <failure message="/home/cjxu/npp/test/unit/nppi/nppi_geometry_transforms/test_nppi_copyConstBorder.cpp:67&#x0A;Expected equality of these values:&#x0A;  dstData[dstIdx]&#x0A;    Which is: &apos;\0&apos;&#x0A;  borderValue&#x0A;    Which is: &apos;\x80&apos; (128)&#x0A;Border value mismatch at (20,13)&#x0A;" type=""><![CDATA[/home/cjxu/npp/test/unit/nppi/nppi_geometry_transforms/test_nppi_copyConstBorder.cpp:67
Expected equality of these values:
  dstData[dstIdx]
    Which is: '\0'
  borderValue
    Which is: '\x80' (128)
Border value mismatch at (20,13)
]]></failure>
      <failure message="/home/cjxu/npp/test/unit/nppi/nppi_geometry_transforms/test_nppi_copyConstBorder.cpp:67&#x0A;Expected equality of these values:&#x0A;  dstData[dstIdx]&#x0A;    Which is: &apos;\0&apos;&#x0A;  borderValue&#x0A;    Which is: &apos;\x80&apos; (128)&#x0A;Border value mismatch at (21,13)&#x0A;" type=""><![CDATA[/home/cjxu/npp/test/unit/nppi/nppi_geometry_transforms/test_nppi_copyConstBorder.cpp:67
Expected equality of these values:
  dstData[dstIdx]
    Which is: '\0'
  borderValue
    Which is: '\x80' (128)
Border value mismatch at (21,13)
]]></failure>
      <failure message="/home/cjxu/npp/test/unit/nppi/nppi_geometry_transforms/test_nppi_copyConstBorder.cpp:67&#x0A;Expected equality of these values:&#x0A;  dstData[dstIdx]&#x0A;    Which is: &apos;\0&apos;&#x0A;  borderValue&#x0A;    Which is: &apos;\x80&apos; (128)&#x0A;Border value mismatch at (22,13)&#x0A;" type=""><![CDATA[/home/cjxu/npp/test/unit/nppi/nppi_geometry_transforms/test_nppi_copyConstBorder.cpp:67
Expected equality of these values:
  dstData[dstIdx]
    Which is: '\0'
  borderValue
    Which is: '\x80' (128)
Border value mismatch at (22,13)
]]></failure>
      <failure message="/home/cjxu/npp/test/unit/nppi/nppi_geometry_transforms/test_nppi_copyConstBorder.cpp:67&#x0A;Expected equality of these values:&#x0A;  dstData[dstIdx]&#x0A;    Which is: &apos;\0&apos;&#x0A;  borderValue&#x0A;    Which is: &apos;\x80&apos; (128)&#x0A;Border value mismatch at (23,13)&#x0A;" type=""><![CDATA[/home/cjxu/npp/test/unit/nppi/nppi_geometry_transforms/test_nppi_copyConstBorder.cpp:67
Expected equality of these values:
  dstData[dstIdx]
    Which is: '\0'
  borderValue
    Which is: '\x80' (128)
Border value mismatch at (23,13)
]]></failure>
      <failure message="/home/cjxu/npp/test/unit/nppi/nppi_geometry_transforms/test_nppi_copyConstBorder.cpp:67&#x0A;Expected equality of these values:&#x0A;  dstData[dstIdx]&#x0A;    Which is: &apos;\0&apos;&#x0A;  borderValue&#x0A;    Which is: &apos;\x80&apos; (128)&#x0A;Border value mismatch at (0,14)&#x0A;" type=""><![CDATA[/home/cjxu/npp/test/unit/nppi/nppi_geometry_transforms/test_nppi_copyConstBorder.cpp:67
Expected equality of these values:
  dstData[dstIdx]
    Which is: '\0'
  borderValue
    Which is: '\x80' (128)
Border value mismatch at (0,14)
]]></failure>
      <failure message="/home/cjxu/npp/test/unit/nppi/nppi_geometry_transforms/test_nppi_copyConstBorder.cpp:67&#x0A;Expected equality of these values:&#x0A;  dstData[dstIdx]&#x0A;    Which is: &apos;\0&apos;&#x0A;  borderValue&#x0A;    Which is: &apos;\x80&apos; (128)&#x0A;Border value mismatch at (1,14)&#x0A;" type=""><![CDATA[/home/cjxu/npp/test/unit/nppi/nppi_geometry_transforms/test_nppi_copyConstBorder.cpp:67
Expected equality of these values:
  dstData[dstIdx]
    Which is: '\0'
  borderValue
    Which is: '\x80' (128)
Border value mismatch at (1,14)
]]></failure>
      <failure message="/home/cjxu/npp/test/unit/nppi/nppi_geometry_transforms/test_nppi_copyConstBorder.cpp:67&#x0A;Expected equality of these values:&#x0A;  dstData[dstIdx]&#x0A;    Which is: &apos;\0&apos;&#x0A;  borderValue&#x0A;    Which is: &apos;\x80&apos; (128)&#x0A;Border value mismatch at (2,14)&#x0A;" type=""><![CDATA[/home/cjxu/npp/test/unit/nppi/nppi_geometry_transforms/test_nppi_copyConstBorder.cpp:67
Expected equality of these values:
  dstData[dstIdx]
    Which is: '\0'
  borderValue
    Which is: '\x80' (128)
Border value mismatch at (2,14)
]]></failure>
      <failure message="/home/cjxu/npp/test/unit/nppi/nppi_geometry_transforms/test_nppi_copyConstBorder.cpp:63&#x0A;Expected equality of these values:&#x0A;  dstData[dstIdx]&#x0A;    Which is: &apos;\0&apos;&#x0A;  srcData[srcIdx]&#x0A;    Which is: &apos;\xF8&apos; (248)&#x0A;Source copy mismatch at dst(3,14) src(0,10)&#x0A;" type=""><![CDATA[/home/cjxu/npp/test/unit/nppi/nppi_geometry_transforms/test_nppi_copyConstBorder.cpp:63
Expected equality of these values:
  dstData[dstIdx]
    Which is: '\0'
  srcData[srcIdx]
    Which is: '\xF8' (248)
Source copy mismatch at dst(3,14) src(0,10)
]]></failure>
      <failure message="/home/cjxu/npp/test/unit/nppi/nppi_geometry_transforms/test_nppi_copyConstBorder.cpp:63&#x0A;Expected equality of these values:&#x0A;  dstData[dstIdx]&#x0A;    Which is: &apos;\0&apos;&#x0A;  srcData[srcIdx]&#x0A;    Which is: &apos;\xAE&apos; (174)&#x0A;Source copy mismatch at dst(4,14) src(1,10)&#x0A;" type=""><![CDATA[/home/cjxu/npp/test/unit/nppi/nppi_geometry_transforms/test_nppi_copyConstBorder.cpp:63
Expected equality of these values:
  dstData[dstIdx]
    Which is: '\0'
  srcData[srcIdx]
    Which is: '\xAE' (174)
Source copy mismatch at dst(4,14) src(1,10)
]]></failure>
      <failure message="/home/cjxu/npp/test/unit/nppi/nppi_geometry_transforms/test_nppi_copyConstBorder.cpp:63&#x0A;Expected equality of these values:&#x0A;  dstData[dstIdx]&#x0A;    Which is: &apos;\0&apos;&#x0A;  srcData[srcIdx]&#x0A;    Which is: &apos;j&apos; (106, 0x6A)&#x0A;Source copy mismatch at dst(5,14) src(2,10)&#x0A;" type=""><![CDATA[/home/cjxu/npp/test/unit/nppi/nppi_geometry_transforms/test_nppi_copyConstBorder.cpp:63
Expected equality of these values:
  dstData[dstIdx]
    Which is: '\0'
  srcData[srcIdx]
    Which is: 'j' (106, 0x6A)
Source copy mismatch at dst(5,14) src(2,10)
]]></failure>
      <failure message="/home/cjxu/npp/test/unit/nppi/nppi_geometry_transforms/test_nppi_copyConstBorder.cpp:63&#x0A;Expected equality of these values:&#x0A;  dstData[dstIdx]&#x0A;    Which is: &apos;\0&apos;&#x0A;  srcData[srcIdx]&#x0A;    Which is: &apos;e&apos; (101, 0x65)&#x0A;Source copy mismatch at dst(6,14) src(3,10)&#x0A;" type=""><![CDATA[/home/cjxu/npp/test/unit/nppi/nppi_geometry_transforms/test_nppi_copyConstBorder.cpp:63
Expected equality of these values:
  dstData[dstIdx]
    Which is: '\0'
  srcData[srcIdx]
    Which is: 'e' (101, 0x65)
Source copy mismatch at dst(6,14) src(3,10)
]]></failure>
      <failure message="/home/cjxu/npp/test/unit/nppi/nppi_geometry_transforms/test_nppi_copyConstBorder.cpp:63&#x0A;Expected equality of these values:&#x0A;  dstData[dstIdx]&#x0A;    Which is: &apos;\0&apos;&#x0A;  srcData[srcIdx]&#x0A;    Which is: &apos;\xE5&apos; (229)&#x0A;Source copy mismatch at dst(7,14) src(4,10)&#x0A;" type=""><![CDATA[/home/cjxu/npp/test/unit/nppi/nppi_geometry_transforms/test_nppi_copyConstBorder.cpp:63
Expected equality of these values:
  dstData[dstIdx]
    Which is: '\0'
  srcData[srcIdx]
    Which is: '\xE5' (229)
Source copy mismatch at dst(7,14) src(4,10)
]]></failure>
      <failure message="/home/cjxu/npp/test/unit/nppi/nppi_geometry_transforms/test_nppi_copyConstBorder.cpp:63&#x0A;Expected equality of these values:&#x0A;  dstData[dstIdx]&#x0A;    Which is: &apos;\0&apos;&#x0A;  srcData[srcIdx]&#x0A;    Which is: &apos;\xCC&apos; (204)&#x0A;Source copy mismatch at dst(8,14) src(5,10)&#x0A;" type=""><![CDATA[/home/cjxu/npp/test/unit/nppi/nppi_geometry_transforms/test_nppi_copyConstBorder.cpp:63
Expected equality of these values:
  dstData[dstIdx]
    Which is: '\0'
  srcData[srcIdx]
    Which is: '\xCC' (204)
Source copy mismatch at dst(8,14) src(5,10)
]]></failure>
      <failure message="/home/cjxu/npp/test/unit/nppi/nppi_geometry_transforms/test_nppi_copyConstBorder.cpp:63&#x0A;Expected equality of these values:&#x0A;  dstData[dstIdx]&#x0A;    Which is: &apos;\0&apos;&#x0A;  srcData[srcIdx]&#x0A;    Which is: &apos;\xF5&apos; (245)&#x0A;Source copy mismatch at dst(9,14) src(6,10)&#x0A;" type=""><![CDATA[/home/cjxu/npp/test/unit/nppi/nppi_geometry_transforms/test_nppi_copyConstBorder.cpp:63
Expected equality of these values:
  dstData[dstIdx]
    Which is: '\0'
  srcData[srcIdx]
    Which is: '\xF5' (245)
Source copy mismatch at dst(9,14) src(6,10)
]]></failure>
      <failure message="/home/cjxu/npp/test/unit/nppi/nppi_geometry_transforms/test_nppi_copyConstBorder.cpp:63&#x0A;Expected equality of these values:&#x0A;  dstData[dstIdx]&#x0A;    Which is: &apos;\0&apos;&#x0A;  srcData[srcIdx]&#x0A;    Which is: &apos;\xB7&apos; (183)&#x0A;Source copy mismatch at dst(10,14) src(7,10)&#x0A;" type=""><![CDATA[/home/cjxu/npp/test/unit/nppi/nppi_geometry_transforms/test_nppi_copyConstBorder.cpp:63
Expected equality of these values:
  dstData[dstIdx]
    Which is: '\0'
  srcData[srcIdx]
    Which is: '\xB7' (183)
Source copy mismatch at dst(10,14) src(7,10)
]]></failure>
      <failure message="/home/cjxu/npp/test/unit/nppi/nppi_geometry_transforms/test_nppi_copyConstBorder.cpp:63&#x0A;Expected equality of these values:&#x0A;  dstData[dstIdx]&#x0A;    Which is: &apos;\0&apos;&#x0A;  srcData[srcIdx]&#x0A;    Which is: &apos;@&apos; (64, 0x40)&#x0A;Source copy mismatch at dst(11,14) src(8,10)&#x0A;" type=""><![CDATA[/home/cjxu/npp/test/unit/nppi/nppi_geometry_transforms/test_nppi_copyConstBorder.cpp:63
Expected equality of these values:
  dstData[dstIdx]
    Which is: '\0'
  srcData[srcIdx]
    Which is: '@' (64, 0x40)
Source copy mismatch at dst(11,14) src(8,10)
]]></failure>
      <failure message="/home/cjxu/npp/test/unit/nppi/nppi_geometry_transforms/test_nppi_copyConstBorder.cpp:63&#x0A;Expected equality of these values:&#x0A;  dstData[dstIdx]&#x0A;    Which is: &apos;\0&apos;&#x0A;  srcData[srcIdx]&#x0A;    Which is: &apos;\xC3&apos; (195)&#x0A;Source copy mismatch at dst(12,14) src(9,10)&#x0A;" type=""><![CDATA[/home/cjxu/npp/test/unit/nppi/nppi_geometry_transforms/test_nppi_copyConstBorder.cpp:63
Expected equality of these values:
  dstData[dstIdx]
    Which is: '\0'
  srcData[srcIdx]
    Which is: '\xC3' (195)
Source copy mismatch at dst(12,14) src(9,10)
]]></failure>
      <failure message="/home/cjxu/npp/test/unit/nppi/nppi_geometry_transforms/test_nppi_copyConstBorder.cpp:63&#x0A;Expected equality of these values:&#x0A;  dstData[dstIdx]&#x0A;    Which is: &apos;\0&apos;&#x0A;  srcData[srcIdx]&#x0A;    Which is: &apos;p&apos; (112, 0x70)&#x0A;Source copy mismatch at dst(13,14) src(10,10)&#x0A;" type=""><![CDATA[/home/cjxu/npp/test/unit/nppi/nppi_geometry_transforms/test_nppi_copyConstBorder.cpp:63
Expected equality of these values:
  dstData[dstIdx]
    Which is: '\0'
  srcData[srcIdx]
    Which is: 'p' (112, 0x70)
Source copy mismatch at dst(13,14) src(10,10)
]]></failure>
      <failure message="/home/cjxu/npp/test/unit/nppi/nppi_geometry_transforms/test_nppi_copyConstBorder.cpp:63&#x0A;Expected equality of these values:&#x0A;  dstData[dstIdx]&#x0A;    Which is: &apos;\0&apos;&#x0A;  srcData[srcIdx]&#x0A;    Which is: &apos;\xC0&apos; (192)&#x0A;Source copy mismatch at dst(14,14) src(11,10)&#x0A;" type=""><![CDATA[/home/cjxu/npp/test/unit/nppi/nppi_geometry_transforms/test_nppi_copyConstBorder.cpp:63
Expected equality of these values:
  dstData[dstIdx]
    Which is: '\0'
  srcData[srcIdx]
    Which is: '\xC0' (192)
Source copy mismatch at dst(14,14) src(11,10)
]]></failure>
      <failure message="/home/cjxu/npp/test/unit/nppi/nppi_geometry_transforms/test_nppi_copyConstBorder.cpp:63&#x0A;Expected equality of these values:&#x0A;  dstData[dstIdx]&#x0A;    Which is: &apos;\0&apos;&#x0A;  srcData[srcIdx]&#x0A;    Which is: &apos;\x8F&apos; (143)&#x0A;Source copy mismatch at dst(15,14) src(12,10)&#x0A;" type=""><![CDATA[/home/cjxu/npp/test/unit/nppi/nppi_geometry_transforms/test_nppi_copyConstBorder.cpp:63
Expected equality of these values:
  dstData[dstIdx]
    Which is: '\0'
  srcData[srcIdx]
    Which is: '\x8F' (143)
Source copy mismatch at dst(15,14) src(12,10)
]]></failure>
      <failure message="/home/cjxu/npp/test/unit/nppi/nppi_geometry_transforms/test_nppi_copyConstBorder.cpp:63&#x0A;Expected equality of these values:&#x0A;  dstData[dstIdx]&#x0A;    Which is: &apos;\0&apos;&#x0A;  srcData[srcIdx]&#x0A;    Which is: &apos;\x4&apos; (4)&#x0A;Source copy mismatch at dst(16,14) src(13,10)&#x0A;" type=""><![CDATA[/home/cjxu/npp/test/unit/nppi/nppi_geometry_transforms/test_nppi_copyConstBorder.cpp:63
Expected equality of these values:
  dstData[dstIdx]
    Which is: '\0'
  srcData[srcIdx]
    Which is: '\x4' (4)
Source copy mismatch at dst(16,14) src(13,10)
]]></failure>
      <failure message="/home/cjxu/npp/test/unit/nppi/nppi_geometry_transforms/test_nppi_copyConstBorder.cpp:63&#x0A;Expected equality of these values:&#x0A;  dstData[dstIdx]&#x0A;    Which is: &apos;\0&apos;&#x0A;  srcData[srcIdx]&#x0A;    Which is: &apos;]&apos; (93, 0x5D)&#x0A;Source copy mismatch at dst(17,14) src(14,10)&#x0A;" type=""><![CDATA[/home/cjxu/npp/test/unit/nppi/nppi_geometry_transforms/test_nppi_copyConstBorder.cpp:63
Expected equality of these values:
  dstData[dstIdx]
    Which is: '\0'
  srcData[srcIdx]
    Which is: ']' (93, 0x5D)
Source copy mismatch at dst(17,14) src(14,10)
]]></failure>
      <failure message="/home/cjxu/npp/test/unit/nppi/nppi_geometry_transforms/test_nppi_copyConstBorder.cpp:63&#x0A;Expected equality of these values:&#x0A;  dstData[dstIdx]&#x0A;    Which is: &apos;\0&apos;&#x0A;  srcData[srcIdx]&#x0A;    Which is: &apos;\xEA&apos; (234)&#x0A;Source copy mismatch at dst(18,14) src(15,10)&#x0A;" type=""><![CDATA[/home/cjxu/npp/test/unit/nppi/nppi_geometry_transforms/test_nppi_copyConstBorder.cpp:63
Expected equality of these values:
  dstData[dstIdx]
    Which is: '\0'
  srcData[srcIdx]
    Which is: '\xEA' (234)
Source copy mismatch at dst(18,14) src(15,10)
]]></failure>
      <failure message="/home/cjxu/npp/test/unit/nppi/nppi_geometry_transforms/test_nppi_copyConstBorder.cpp:67&#x0A;Expected equality of these values:&#x0A;  dstData[dstIdx]&#x0A;    Which is: &apos;\0&apos;&#x0A;  borderValue&#x0A;    Which is: &apos;\x80&apos; (128)&#x0A;Border value mismatch at (19,14)&#x0A;" type=""><![CDATA[/home/cjxu/npp/test/unit/nppi/nppi_geometry_transforms/test_nppi_copyConstBorder.cpp:67
Expected equality of these values:
  dstData[dstIdx]
    Which is: '\0'
  borderValue
    Which is: '\x80' (128)
Border value mismatch at (19,14)
]]></failure>
      <failure message="/home/cjxu/npp/test/unit/nppi/nppi_geometry_transforms/test_nppi_copyConstBorder.cpp:67&#x0A;Expected equality of these values:&#x0A;  dstData[dstIdx]&#x0A;    Which is: &apos;\0&apos;&#x0A;  borderValue&#x0A;    Which is: &apos;\x80&apos; (128)&#x0A;Border value mismatch at (20,14)&#x0A;" type=""><![CDATA[/home/cjxu/npp/test/unit/nppi/nppi_geometry_transforms/test_nppi_copyConstBorder.cpp:67
Expected equality of these values:
  dstData[dstIdx]
    Which is: '\0'
  borderValue
    Which is: '\x80' (128)
Border value mismatch at (20,14)
]]></failure>
      <failure message="/home/cjxu/npp/test/unit/nppi/nppi_geometry_transforms/test_nppi_copyConstBorder.cpp:67&#x0A;Expected equality of these values:&#x0A;  dstData[dstIdx]&#x0A;    Which is: &apos;\0&apos;&#x0A;  borderValue&#x0A;    Which is: &apos;\x80&apos; (128)&#x0A;Border value mismatch at (21,14)&#x0A;" type=""><![CDATA[/home/cjxu/npp/test/unit/nppi/nppi_geometry_transforms/test_nppi_copyConstBorder.cpp:67
Expected equality of these values:
  dstData[dstIdx]
    Which is: '\0'
  borderValue
    Which is: '\x80' (128)
Border value mismatch at (21,14)
]]></failure>
      <failure message="/home/cjxu/npp/test/unit/nppi/nppi_geometry_transforms/test_nppi_copyConstBorder.cpp:67&#x0A;Expected equality of these values:&#x0A;  dstData[dstIdx]&#x0A;    Which is: &apos;\0&apos;&#x0A;  borderValue&#x0A;    Which is: &apos;\x80&apos; (128)&#x0A;Border value mismatch at (22,14)&#x0A;" type=""><![CDATA[/home/cjxu/npp/test/unit/nppi/nppi_geometry_transforms/test_nppi_copyConstBorder.cpp:67
Expected equality of these values:
  dstData[dstIdx]
    Which is: '\0'
  borderValue
    Which is: '\x80' (128)
Border value mismatch at (22,14)
]]></failure>
      <failure message="/home/cjxu/npp/test/unit/nppi/nppi_geometry_transforms/test_nppi_copyConstBorder.cpp:67&#x0A;Expected equality of these values:&#x0A;  dstData[dstIdx]&#x0A;    Which is: &apos;\0&apos;&#x0A;  borderValue&#x0A;    Which is: &apos;\x80&apos; (128)&#x0A;Border value mismatch at (23,14)&#x0A;" type=""><![CDATA[/home/cjxu/npp/test/unit/nppi/nppi_geometry_transforms/test_nppi_copyConstBorder.cpp:67
Expected equality of these values:
  dstData[dstIdx]
    Which is: '\0'
  borderValue
    Which is: '\x80' (128)
Border value mismatch at (23,14)
]]></failure>
      <failure message="/home/cjxu/npp/test/unit/nppi/nppi_geometry_transforms/test_nppi_copyConstBorder.cpp:67&#x0A;Expected equality of these values:&#x0A;  dstData[dstIdx]&#x0A;    Which is: &apos;\0&apos;&#x0A;  borderValue&#x0A;    Which is: &apos;\x80&apos; (128)&#x0A;Border value mismatch at (0,15)&#x0A;" type=""><![CDATA[/home/cjxu/npp/test/unit/nppi/nppi_geometry_transforms/test_nppi_copyConstBorder.cpp:67
Expected equality of these values:
  dstData[dstIdx]
    Which is: '\0'
  borderValue
    Which is: '\x80' (128)
Border value mismatch at (0,15)
]]></failure>
      <failure message="/home/cjxu/npp/test/unit/nppi/nppi_geometry_transforms/test_nppi_copyConstBorder.cpp:67&#x0A;Expected equality of these values:&#x0A;  dstData[dstIdx]&#x0A;    Which is: &apos;\0&apos;&#x0A;  borderValue&#x0A;    Which is: &apos;\x80&apos; (128)&#x0A;Border value mismatch at (1,15)&#x0A;" type=""><![CDATA[/home/cjxu/npp/test/unit/nppi/nppi_geometry_transforms/test_nppi_copyConstBorder.cpp:67
Expected equality of these values:
  dstData[dstIdx]
    Which is: '\0'
  borderValue
    Which is: '\x80' (128)
Border value mismatch at (1,15)
]]></failure>
      <failure message="/home/cjxu/npp/test/unit/nppi/nppi_geometry_transforms/test_nppi_copyConstBorder.cpp:67&#x0A;Expected equality of these values:&#x0A;  dstData[dstIdx]&#x0A;    Which is: &apos;\0&apos;&#x0A;  borderValue&#x0A;    Which is: &apos;\x80&apos; (128)&#x0A;Border value mismatch at (2,15)&#x0A;" type=""><![CDATA[/home/cjxu/npp/test/unit/nppi/nppi_geometry_transforms/test_nppi_copyConstBorder.cpp:67
Expected equality of these values:
  dstData[dstIdx]
    Which is: '\0'
  borderValue
    Which is: '\x80' (128)
Border value mismatch at (2,15)
]]></failure>
      <failure message="/home/cjxu/npp/test/unit/nppi/nppi_geometry_transforms/test_nppi_copyConstBorder.cpp:63&#x0A;Expected equality of these values:&#x0A;  dstData[dstIdx]&#x0A;    Which is: &apos;\0&apos;&#x0A;  srcData[srcIdx]&#x0A;    Which is: &apos;\xED&apos; (237)&#x0A;Source copy mismatch at dst(3,15) src(0,11)&#x0A;" type=""><![CDATA[/home/cjxu/npp/test/unit/nppi/nppi_geometry_transforms/test_nppi_copyConstBorder.cpp:63
Expected equality of these values:
  dstData[dstIdx]
    Which is: '\0'
  srcData[srcIdx]
    Which is: '\xED' (237)
Source copy mismatch at dst(3,15) src(0,11)
]]></failure>
      <failure message="/home/cjxu/npp/test/unit/nppi/nppi_geometry_transforms/test_nppi_copyConstBorder.cpp:63&#x0A;Expected equality of these values:&#x0A;  dstData[dstIdx]&#x0A;    Which is: &apos;\0&apos;&#x0A;  srcData[srcIdx]&#x0A;    Which is: &apos;R&apos; (82, 0x52)&#x0A;Source copy mismatch at dst(4,15) src(1,11)&#x0A;" type=""><![CDATA[/home/cjxu/npp/test/unit/nppi/nppi_geometry_transforms/test_nppi_copyConstBorder.cpp:63
Expected equality of these values:
  dstData[dstIdx]
    Which is: '\0'
  srcData[srcIdx]
    Which is: 'R' (82, 0x52)
Source copy mismatch at dst(4,15) src(1,11)
]]></failure>
      <failure message="/home/cjxu/npp/test/unit/nppi/nppi_geometry_transforms/test_nppi_copyConstBorder.cpp:63&#x0A;Expected equality of these values:&#x0A;  dstData[dstIdx]&#x0A;    Which is: &apos;\0&apos;&#x0A;  srcData[srcIdx]&#x0A;    Which is: &apos;j&apos; (106, 0x6A)&#x0A;Source copy mismatch at dst(5,15) src(2,11)&#x0A;" type=""><![CDATA[/home/cjxu/npp/test/unit/nppi/nppi_geometry_transforms/test_nppi_copyConstBorder.cpp:63
Expected equality of these values:
  dstData[dstIdx]
    Which is: '\0'
  srcData[srcIdx]
    Which is: 'j' (106, 0x6A)
Source copy mismatch at dst(5,15) src(2,11)
]]></failure>
      <failure message="/home/cjxu/npp/test/unit/nppi/nppi_geometry_transforms/test_nppi_copyConstBorder.cpp:63&#x0A;Expected equality of these values:&#x0A;  dstData[dstIdx]&#x0A;    Which is: &apos;\0&apos;&#x0A;  srcData[srcIdx]&#x0A;    Which is: &apos;\x8A&apos; (138)&#x0A;Source copy mismatch at dst(6,15) src(3,11)&#x0A;" type=""><![CDATA[/home/cjxu/npp/test/unit/nppi/nppi_geometry_transforms/test_nppi_copyConstBorder.cpp:63
Expected equality of these values:
  dstData[dstIdx]
    Which is: '\0'
  srcData[srcIdx]
    Which is: '\x8A' (138)
Source copy mismatch at dst(6,15) src(3,11)
]]></failure>
      <failure message="/home/cjxu/npp/test/unit/nppi/nppi_geometry_transforms/test_nppi_copyConstBorder.cpp:63&#x0A;Expected equality of these values:&#x0A;  dstData[dstIdx]&#x0A;    Which is: &apos;\0&apos;&#x0A;  srcData[srcIdx]&#x0A;    Which is: &apos;\x2&apos; (2)&#x0A;Source copy mismatch at dst(7,15) src(4,11)&#x0A;" type=""><![CDATA[/home/cjxu/npp/test/unit/nppi/nppi_geometry_transforms/test_nppi_copyConstBorder.cpp:63
Expected equality of these values:
  dstData[dstIdx]
    Which is: '\0'
  srcData[srcIdx]
    Which is: '\x2' (2)
Source copy mismatch at dst(7,15) src(4,11)
]]></failure>
      <failure message="/home/cjxu/npp/test/unit/nppi/nppi_geometry_transforms/test_nppi_copyConstBorder.cpp:63&#x0A;Expected equality of these values:&#x0A;  dstData[dstIdx]&#x0A;    Which is: &apos;\0&apos;&#x0A;  srcData[srcIdx]&#x0A;    Which is: &apos;\xA8&apos; (168)&#x0A;Source copy mismatch at dst(8,15) src(5,11)&#x0A;" type=""><![CDATA[/home/cjxu/npp/test/unit/nppi/nppi_geometry_transforms/test_nppi_copyConstBorder.cpp:63
Expected equality of these values:
  dstData[dstIdx]
    Which is: '\0'
  srcData[srcIdx]
    Which is: '\xA8' (168)
Source copy mismatch at dst(8,15) src(5,11)
]]></failure>
      <failure message="/home/cjxu/npp/test/unit/nppi/nppi_geometry_transforms/test_nppi_copyConstBorder.cpp:63&#x0A;Expected equality of these values:&#x0A;  dstData[dstIdx]&#x0A;    Which is: &apos;\0&apos;&#x0A;  srcData[srcIdx]&#x0A;    Which is: &apos;\x8D&apos; (141)&#x0A;Source copy mismatch at dst(9,15) src(6,11)&#x0A;" type=""><![CDATA[/home/cjxu/npp/test/unit/nppi/nppi_geometry_transforms/test_nppi_copyConstBorder.cpp:63
Expected equality of these values:
  dstData[dstIdx]
    Which is: '\0'
  srcData[srcIdx]
    Which is: '\x8D' (141)
Source copy mismatch at dst(9,15) src(6,11)
]]></failure>
      <failure message="/home/cjxu/npp/test/unit/nppi/nppi_geometry_transforms/test_nppi_copyConstBorder.cpp:63&#x0A;Expected equality of these values:&#x0A;  dstData[dstIdx]&#x0A;    Which is: &apos;\0&apos;&#x0A;  srcData[srcIdx]&#x0A;    Which is: &apos;\xD6&apos; (214)&#x0A;Source copy mismatch at dst(10,15) src(7,11)&#x0A;" type=""><![CDATA[/home/cjxu/npp/test/unit/nppi/nppi_geometry_transforms/test_nppi_copyConstBorder.cpp:63
Expected equality of these values:
  dstData[dstIdx]
    Which is: '\0'
  srcData[srcIdx]
    Which is: '\xD6' (214)
Source copy mismatch at dst(10,15) src(7,11)
]]></failure>
      <failure message="/home/cjxu/npp/test/unit/nppi/nppi_geometry_transforms/test_nppi_copyConstBorder.cpp:63&#x0A;Expected equality of these values:&#x0A;  dstData[dstIdx]&#x0A;    Which is: &apos;\0&apos;&#x0A;  srcData[srcIdx]&#x0A;    Which is: &apos;8&apos; (56, 0x38)&#x0A;Source copy mismatch at dst(11,15) src(8,11)&#x0A;" type=""><![CDATA[/home/cjxu/npp/test/unit/nppi/nppi_geometry_transforms/test_nppi_copyConstBorder.cpp:63
Expected equality of these values:
  dstData[dstIdx]
    Which is: '\0'
  srcData[srcIdx]
    Which is: '8' (56, 0x38)
Source copy mismatch at dst(11,15) src(8,11)
]]></failure>
      <failure message="/home/cjxu/npp/test/unit/nppi/nppi_geometry_transforms/test_nppi_copyConstBorder.cpp:63&#x0A;Expected equality of these values:&#x0A;  dstData[dstIdx]&#x0A;    Which is: &apos;\0&apos;&#x0A;  srcData[srcIdx]&#x0A;    Which is: &apos;y&apos; (121, 0x79)&#x0A;Source copy mismatch at dst(12,15) src(9,11)&#x0A;" type=""><![CDATA[/home/cjxu/npp/test/unit/nppi/nppi_geometry_transforms/test_nppi_copyConstBorder.cpp:63
Expected equality of these values:
  dstData[dstIdx]
    Which is: '\0'
  srcData[srcIdx]
    Which is: 'y' (121, 0x79)
Source copy mismatch at dst(12,15) src(9,11)
]]></failure>
      <failure message="/home/cjxu/npp/test/unit/nppi/nppi_geometry_transforms/test_nppi_copyConstBorder.cpp:63&#x0A;Expected equality of these values:&#x0A;  dstData[dstIdx]&#x0A;    Which is: &apos;\0&apos;&#x0A;  srcData[srcIdx]&#x0A;    Which is: &apos;\xDE&apos; (222)&#x0A;Source copy mismatch at dst(13,15) src(10,11)&#x0A;" type=""><![CDATA[/home/cjxu/npp/test/unit/nppi/nppi_geometry_transforms/test_nppi_copyConstBorder.cpp:63
Expected equality of these values:
  dstData[dstIdx]
    Which is: '\0'
  srcData[srcIdx]
    Which is: '\xDE' (222)
Source copy mismatch at dst(13,15) src(10,11)
]]></failure>
      <failure message="/home/cjxu/npp/test/unit/nppi/nppi_geometry_transforms/test_nppi_copyConstBorder.cpp:63&#x0A;Expected equality of these values:&#x0A;  dstData[dstIdx]&#x0A;    Which is: &apos;\0&apos;&#x0A;  srcData[srcIdx]&#x0A;    Which is: &apos;m&apos; (109, 0x6D)&#x0A;Source copy mismatch at dst(14,15) src(11,11)&#x0A;" type=""><![CDATA[/home/cjxu/npp/test/unit/nppi/nppi_geometry_transforms/test_nppi_copyConstBorder.cpp:63
Expected equality of these values:
  dstData[dstIdx]
    Which is: '\0'
  srcData[srcIdx]
    Which is: 'm' (109, 0x6D)
Source copy mismatch at dst(14,15) src(11,11)
]]></failure>
      <failure message="/home/cjxu/npp/test/unit/nppi/nppi_geometry_transforms/test_nppi_copyConstBorder.cpp:63&#x0A;Expected equality of these values:&#x0A;  dstData[dstIdx]&#x0A;    Which is: &apos;\0&apos;&#x0A;  srcData[srcIdx]&#x0A;    Which is: &apos;i&apos; (105, 0x69)&#x0A;Source copy mismatch at dst(15,15) src(12,11)&#x0A;" type=""><![CDATA[/home/cjxu/npp/test/unit/nppi/nppi_geometry_transforms/test_nppi_copyConstBorder.cpp:63
Expected equality of these values:
  dstData[dstIdx]
    Which is: '\0'
  srcData[srcIdx]
    Which is: 'i' (105, 0x69)
Source copy mismatch at dst(15,15) src(12,11)
]]></failure>
      <failure message="/home/cjxu/npp/test/unit/nppi/nppi_geometry_transforms/test_nppi_copyConstBorder.cpp:63&#x0A;Expected equality of these values:&#x0A;  dstData[dstIdx]&#x0A;    Which is: &apos;\0&apos;&#x0A;  srcData[srcIdx]&#x0A;    Which is: &apos;2&apos; (50, 0x32)&#x0A;Source copy mismatch at dst(16,15) src(13,11)&#x0A;" type=""><![CDATA[/home/cjxu/npp/test/unit/nppi/nppi_geometry_transforms/test_nppi_copyConstBorder.cpp:63
Expected equality of these values:
  dstData[dstIdx]
    Which is: '\0'
  srcData[srcIdx]
    Which is: '2' (50, 0x32)
Source copy mismatch at dst(16,15) src(13,11)
]]></failure>
      <failure message="/home/cjxu/npp/test/unit/nppi/nppi_geometry_transforms/test_nppi_copyConstBorder.cpp:63&#x0A;Expected equality of these values:&#x0A;  dstData[dstIdx]&#x0A;    Which is: &apos;\0&apos;&#x0A;  srcData[srcIdx]&#x0A;    Which is: &apos;\xAA&apos; (170)&#x0A;Source copy mismatch at dst(17,15) src(14,11)&#x0A;" type=""><![CDATA[/home/cjxu/npp/test/unit/nppi/nppi_geometry_transforms/test_nppi_copyConstBorder.cpp:63
Expected equality of these values:
  dstData[dstIdx]
    Which is: '\0'
  srcData[srcIdx]
    Which is: '\xAA' (170)
Source copy mismatch at dst(17,15) src(14,11)
]]></failure>
      <failure message="/home/cjxu/npp/test/unit/nppi/nppi_geometry_transforms/test_nppi_copyConstBorder.cpp:63&#x0A;Expected equality of these values:&#x0A;  dstData[dstIdx]&#x0A;    Which is: &apos;\0&apos;&#x0A;  srcData[srcIdx]&#x0A;    Which is: &apos;a&apos; (97, 0x61)&#x0A;Source copy mismatch at dst(18,15) src(15,11)&#x0A;" type=""><![CDATA[/home/cjxu/npp/test/unit/nppi/nppi_geometry_transforms/test_nppi_copyConstBorder.cpp:63
Expected equality of these values:
  dstData[dstIdx]
    Which is: '\0'
  srcData[srcIdx]
    Which is: 'a' (97, 0x61)
Source copy mismatch at dst(18,15) src(15,11)
]]></failure>
      <failure message="/home/cjxu/npp/test/unit/nppi/nppi_geometry_transforms/test_nppi_copyConstBorder.cpp:67&#x0A;Expected equality of these values:&#x0A;  dstData[dstIdx]&#x0A;    Which is: &apos;\0&apos;&#x0A;  borderValue&#x0A;    Which is: &apos;\x80&apos; (128)&#x0A;Border value mismatch at (19,15)&#x0A;" type=""><![CDATA[/home/cjxu/npp/test/unit/nppi/nppi_geometry_transforms/test_nppi_copyConstBorder.cpp:67
Expected equality of these values:
  dstData[dstIdx]
    Which is: '\0'
  borderValue
    Which is: '\x80' (128)
Border value mismatch at (19,15)
]]></failure>
      <failure message="/home/cjxu/npp/test/unit/nppi/nppi_geometry_transforms/test_nppi_copyConstBorder.cpp:67&#x0A;Expected equality of these values:&#x0A;  dstData[dstIdx]&#x0A;    Which is: &apos;\0&apos;&#x0A;  borderValue&#x0A;    Which is: &apos;\x80&apos; (128)&#x0A;Border value mismatch at (20,15)&#x0A;" type=""><![CDATA[/home/cjxu/npp/test/unit/nppi/nppi_geometry_transforms/test_nppi_copyConstBorder.cpp:67
Expected equality of these values:
  dstData[dstIdx]
    Which is: '\0'
  borderValue
    Which is: '\x80' (128)
Border value mismatch at (20,15)
]]></failure>
      <failure message="/home/cjxu/npp/test/unit/nppi/nppi_geometry_transforms/test_nppi_copyConstBorder.cpp:67&#x0A;Expected equality of these values:&#x0A;  dstData[dstIdx]&#x0A;    Which is: &apos;\0&apos;&#x0A;  borderValue&#x0A;    Which is: &apos;\x80&apos; (128)&#x0A;Border value mismatch at (21,15)&#x0A;" type=""><![CDATA[/home/cjxu/npp/test/unit/nppi/nppi_geometry_transforms/test_nppi_copyConstBorder.cpp:67
Expected equality of these values:
  dstData[dstIdx]
    Which is: '\0'
  borderValue
    Which is: '\x80' (128)
Border value mismatch at (21,15)
]]></failure>
      <failure message="/home/cjxu/npp/test/unit/nppi/nppi_geometry_transforms/test_nppi_copyConstBorder.cpp:67&#x0A;Expected equality of these values:&#x0A;  dstData[dstIdx]&#x0A;    Which is: &apos;\0&apos;&#x0A;  borderValue&#x0A;    Which is: &apos;\x80&apos; (128)&#x0A;Border value mismatch at (22,15)&#x0A;" type=""><![CDATA[/home/cjxu/npp/test/unit/nppi/nppi_geometry_transforms/test_nppi_copyConstBorder.cpp:67
Expected equality of these values:
  dstData[dstIdx]
    Which is: '\0'
  borderValue
    Which is: '\x80' (128)
Border value mismatch at (22,15)
]]></failure>
      <failure message="/home/cjxu/npp/test/unit/nppi/nppi_geometry_transforms/test_nppi_copyConstBorder.cpp:67&#x0A;Expected equality of these values:&#x0A;  dstData[dstIdx]&#x0A;    Which is: &apos;\0&apos;&#x0A;  borderValue&#x0A;    Which is: &apos;\x80&apos; (128)&#x0A;Border value mismatch at (23,15)&#x0A;" type=""><![CDATA[/home/cjxu/npp/test/unit/nppi/nppi_geometry_transforms/test_nppi_copyConstBorder.cpp:67
Expected equality of these values:
  dstData[dstIdx]
    Which is: '\0'
  borderValue
    Which is: '\x80' (128)
Border value mismatch at (23,15)
]]></failure>
      <failure message="/home/cjxu/npp/test/unit/nppi/nppi_geometry_transforms/test_nppi_copyConstBorder.cpp:67&#x0A;Expected equality of these values:&#x0A;  dstData[dstIdx]&#x0A;    Which is: &apos;\0&apos;&#x0A;  borderValue&#x0A;    Which is: &apos;\x80&apos; (128)&#x0A;Border value mismatch at (0,16)&#x0A;" type=""><![CDATA[/home/cjxu/npp/test/unit/nppi/nppi_geometry_transforms/test_nppi_copyConstBorder.cpp:67
Expected equality of these values:
  dstData[dstIdx]
    Which is: '\0'
  borderValue
    Which is: '\x80' (128)
Border value mismatch at (0,16)
]]></failure>
      <failure message="/home/cjxu/npp/test/unit/nppi/nppi_geometry_transforms/test_nppi_copyConstBorder.cpp:67&#x0A;Expected equality of these values:&#x0A;  dstData[dstIdx]&#x0A;    Which is: &apos;\0&apos;&#x0A;  borderValue&#x0A;    Which is: &apos;\x80&apos; (128)&#x0A;Border value mismatch at (1,16)&#x0A;" type=""><![CDATA[/home/cjxu/npp/test/unit/nppi/nppi_geometry_transforms/test_nppi_copyConstBorder.cpp:67
Expected equality of these values:
  dstData[dstIdx]
    Which is: '\0'
  borderValue
    Which is: '\x80' (128)
Border value mismatch at (1,16)
]]></failure>
      <failure message="/home/cjxu/npp/test/unit/nppi/nppi_geometry_transforms/test_nppi_copyConstBorder.cpp:67&#x0A;Expected equality of these values:&#x0A;  dstData[dstIdx]&#x0A;    Which is: &apos;\0&apos;&#x0A;  borderValue&#x0A;    Which is: &apos;\x80&apos; (128)&#x0A;Border value mismatch at (2,16)&#x0A;" type=""><![CDATA[/home/cjxu/npp/test/unit/nppi/nppi_geometry_transforms/test_nppi_copyConstBorder.cpp:67
Expected equality of these values:
  dstData[dstIdx]
    Which is: '\0'
  borderValue
    Which is: '\x80' (128)
Border value mismatch at (2,16)
]]></failure>
      <failure message="/home/cjxu/npp/test/unit/nppi/nppi_geometry_transforms/test_nppi_copyConstBorder.cpp:67&#x0A;Expected equality of these values:&#x0A;  dstData[dstIdx]&#x0A;    Which is: &apos;\0&apos;&#x0A;  borderValue&#x0A;    Which is: &apos;\x80&apos; (128)&#x0A;Border value mismatch at (3,16)&#x0A;" type=""><![CDATA[/home/cjxu/npp/test/unit/nppi/nppi_geometry_transforms/test_nppi_copyConstBorder.cpp:67
Expected equality of these values:
  dstData[dstIdx]
    Which is: '\0'
  borderValue
    Which is: '\x80' (128)
Border value mismatch at (3,16)
]]></failure>
      <failure message="/home/cjxu/npp/test/unit/nppi/nppi_geometry_transforms/test_nppi_copyConstBorder.cpp:67&#x0A;Expected equality of these values:&#x0A;  dstData[dstIdx]&#x0A;    Which is: &apos;\0&apos;&#x0A;  borderValue&#x0A;    Which is: &apos;\x80&apos; (128)&#x0A;Border value mismatch at (4,16)&#x0A;" type=""><![CDATA[/home/cjxu/npp/test/unit/nppi/nppi_geometry_transforms/test_nppi_copyConstBorder.cpp:67
Expected equality of these values:
  dstData[dstIdx]
    Which is: '\0'
  borderValue
    Which is: '\x80' (128)
Border value mismatch at (4,16)
]]></failure>
      <failure message="/home/cjxu/npp/test/unit/nppi/nppi_geometry_transforms/test_nppi_copyConstBorder.cpp:67&#x0A;Expected equality of these values:&#x0A;  dstData[dstIdx]&#x0A;    Which is: &apos;\0&apos;&#x0A;  borderValue&#x0A;    Which is: &apos;\x80&apos; (128)&#x0A;Border value mismatch at (5,16)&#x0A;" type=""><![CDATA[/home/cjxu/npp/test/unit/nppi/nppi_geometry_transforms/test_nppi_copyConstBorder.cpp:67
Expected equality of these values:
  dstData[dstIdx]
    Which is: '\0'
  borderValue
    Which is: '\x80' (128)
Border value mismatch at (5,16)
]]></failure>
      <failure message="/home/cjxu/npp/test/unit/nppi/nppi_geometry_transforms/test_nppi_copyConstBorder.cpp:67&#x0A;Expected equality of these values:&#x0A;  dstData[dstIdx]&#x0A;    Which is: &apos;\0&apos;&#x0A;  borderValue&#x0A;    Which is: &apos;\x80&apos; (128)&#x0A;Border value mismatch at (6,16)&#x0A;" type=""><![CDATA[/home/cjxu/npp/test/unit/nppi/nppi_geometry_transforms/test_nppi_copyConstBorder.cpp:67
Expected equality of these values:
  dstData[dstIdx]
    Which is: '\0'
  borderValue
    Which is: '\x80' (128)
Border value mismatch at (6,16)
]]></failure>
      <failure message="/home/cjxu/npp/test/unit/nppi/nppi_geometry_transforms/test_nppi_copyConstBorder.cpp:67&#x0A;Expected equality of these values:&#x0A;  dstData[dstIdx]&#x0A;    Which is: &apos;\0&apos;&#x0A;  borderValue&#x0A;    Which is: &apos;\x80&apos; (128)&#x0A;Border value mismatch at (7,16)&#x0A;" type=""><![CDATA[/home/cjxu/npp/test/unit/nppi/nppi_geometry_transforms/test_nppi_copyConstBorder.cpp:67
Expected equality of these values:
  dstData[dstIdx]
    Which is: '\0'
  borderValue
    Which is: '\x80' (128)
Border value mismatch at (7,16)
]]></failure>
      <failure message="/home/cjxu/npp/test/unit/nppi/nppi_geometry_transforms/test_nppi_copyConstBorder.cpp:67&#x0A;Expected equality of these values:&#x0A;  dstData[dstIdx]&#x0A;    Which is: &apos;\0&apos;&#x0A;  borderValue&#x0A;    Which is: &apos;\x80&apos; (128)&#x0A;Border value mismatch at (8,16)&#x0A;" type=""><![CDATA[/home/cjxu/npp/test/unit/nppi/nppi_geometry_transforms/test_nppi_copyConstBorder.cpp:67
Expected equality of these values:
  dstData[dstIdx]
    Which is: '\0'
  borderValue
    Which is: '\x80' (128)
Border value mismatch at (8,16)
]]></failure>
      <failure message="/home/cjxu/npp/test/unit/nppi/nppi_geometry_transforms/test_nppi_copyConstBorder.cpp:67&#x0A;Expected equality of these values:&#x0A;  dstData[dstIdx]&#x0A;    Which is: &apos;\0&apos;&#x0A;  borderValue&#x0A;    Which is: &apos;\x80&apos; (128)&#x0A;Border value mismatch at (9,16)&#x0A;" type=""><![CDATA[/home/cjxu/npp/test/unit/nppi/nppi_geometry_transforms/test_nppi_copyConstBorder.cpp:67
Expected equality of these values:
  dstData[dstIdx]
    Which is: '\0'
  borderValue
    Which is: '\x80' (128)
Border value mismatch at (9,16)
]]></failure>
      <failure message="/home/cjxu/npp/test/unit/nppi/nppi_geometry_transforms/test_nppi_copyConstBorder.cpp:67&#x0A;Expected equality of these values:&#x0A;  dstData[dstIdx]&#x0A;    Which is: &apos;\0&apos;&#x0A;  borderValue&#x0A;    Which is: &apos;\x80&apos; (128)&#x0A;Border value mismatch at (10,16)&#x0A;" type=""><![CDATA[/home/cjxu/npp/test/unit/nppi/nppi_geometry_transforms/test_nppi_copyConstBorder.cpp:67
Expected equality of these values:
  dstData[dstIdx]
    Which is: '\0'
  borderValue
    Which is: '\x80' (128)
Border value mismatch at (10,16)
]]></failure>
      <failure message="/home/cjxu/npp/test/unit/nppi/nppi_geometry_transforms/test_nppi_copyConstBorder.cpp:67&#x0A;Expected equality of these values:&#x0A;  dstData[dstIdx]&#x0A;    Which is: &apos;\0&apos;&#x0A;  borderValue&#x0A;    Which is: &apos;\x80&apos; (128)&#x0A;Border value mismatch at (11,16)&#x0A;" type=""><![CDATA[/home/cjxu/npp/test/unit/nppi/nppi_geometry_transforms/test_nppi_copyConstBorder.cpp:67
Expected equality of these values:
  dstData[dstIdx]
    Which is: '\0'
  borderValue
    Which is: '\x80' (128)
Border value mismatch at (11,16)
]]></failure>
      <failure message="/home/cjxu/npp/test/unit/nppi/nppi_geometry_transforms/test_nppi_copyConstBorder.cpp:67&#x0A;Expected equality of these values:&#x0A;  dstData[dstIdx]&#x0A;    Which is: &apos;\0&apos;&#x0A;  borderValue&#x0A;    Which is: &apos;\x80&apos; (128)&#x0A;Border value mismatch at (12,16)&#x0A;" type=""><![CDATA[/home/cjxu/npp/test/unit/nppi/nppi_geometry_transforms/test_nppi_copyConstBorder.cpp:67
Expected equality of these values:
  dstData[dstIdx]
    Which is: '\0'
  borderValue
    Which is: '\x80' (128)
Border value mismatch at (12,16)
]]></failure>
      <failure message="/home/cjxu/npp/test/unit/nppi/nppi_geometry_transforms/test_nppi_copyConstBorder.cpp:67&#x0A;Expected equality of these values:&#x0A;  dstData[dstIdx]&#x0A;    Which is: &apos;\0&apos;&#x0A;  borderValue&#x0A;    Which is: &apos;\x80&apos; (128)&#x0A;Border value mismatch at (13,16)&#x0A;" type=""><![CDATA[/home/cjxu/npp/test/unit/nppi/nppi_geometry_transforms/test_nppi_copyConstBorder.cpp:67
Expected equality of these values:
  dstData[dstIdx]
    Which is: '\0'
  borderValue
    Which is: '\x80' (128)
Border value mismatch at (13,16)
]]></failure>
      <failure message="/home/cjxu/npp/test/unit/nppi/nppi_geometry_transforms/test_nppi_copyConstBorder.cpp:67&#x0A;Expected equality of these values:&#x0A;  dstData[dstIdx]&#x0A;    Which is: &apos;\0&apos;&#x0A;  borderValue&#x0A;    Which is: &apos;\x80&apos; (128)&#x0A;Border value mismatch at (14,16)&#x0A;" type=""><![CDATA[/home/cjxu/npp/test/unit/nppi/nppi_geometry_transforms/test_nppi_copyConstBorder.cpp:67
Expected equality of these values:
  dstData[dstIdx]
    Which is: '\0'
  borderValue
    Which is: '\x80' (128)
Border value mismatch at (14,16)
]]></failure>
      <failure message="/home/cjxu/npp/test/unit/nppi/nppi_geometry_transforms/test_nppi_copyConstBorder.cpp:67&#x0A;Expected equality of these values:&#x0A;  dstData[dstIdx]&#x0A;    Which is: &apos;\0&apos;&#x0A;  borderValue&#x0A;    Which is: &apos;\x80&apos; (128)&#x0A;Border value mismatch at (15,16)&#x0A;" type=""><![CDATA[/home/cjxu/npp/test/unit/nppi/nppi_geometry_transforms/test_nppi_copyConstBorder.cpp:67
Expected equality of these values:
  dstData[dstIdx]
    Which is: '\0'
  borderValue
    Which is: '\x80' (128)
Border value mismatch at (15,16)
]]></failure>
      <failure message="/home/cjxu/npp/test/unit/nppi/nppi_geometry_transforms/test_nppi_copyConstBorder.cpp:67&#x0A;Expected equality of these values:&#x0A;  dstData[dstIdx]&#x0A;    Which is: &apos;\0&apos;&#x0A;  borderValue&#x0A;    Which is: &apos;\x80&apos; (128)&#x0A;Border value mismatch at (16,16)&#x0A;" type=""><![CDATA[/home/cjxu/npp/test/unit/nppi/nppi_geometry_transforms/test_nppi_copyConstBorder.cpp:67
Expected equality of these values:
  dstData[dstIdx]
    Which is: '\0'
  borderValue
    Which is: '\x80' (128)
Border value mismatch at (16,16)
]]></failure>
      <failure message="/home/cjxu/npp/test/unit/nppi/nppi_geometry_transforms/test_nppi_copyConstBorder.cpp:67&#x0A;Expected equality of these values:&#x0A;  dstData[dstIdx]&#x0A;    Which is: &apos;\0&apos;&#x0A;  borderValue&#x0A;    Which is: &apos;\x80&apos; (128)&#x0A;Border value mismatch at (17,16)&#x0A;" type=""><![CDATA[/home/cjxu/npp/test/unit/nppi/nppi_geometry_transforms/test_nppi_copyConstBorder.cpp:67
Expected equality of these values:
  dstData[dstIdx]
    Which is: '\0'
  borderValue
    Which is: '\x80' (128)
Border value mismatch at (17,16)
]]></failure>
      <failure message="/home/cjxu/npp/test/unit/nppi/nppi_geometry_transforms/test_nppi_copyConstBorder.cpp:67&#x0A;Expected equality of these values:&#x0A;  dstData[dstIdx]&#x0A;    Which is: &apos;\0&apos;&#x0A;  borderValue&#x0A;    Which is: &apos;\x80&apos; (128)&#x0A;Border value mismatch at (18,16)&#x0A;" type=""><![CDATA[/home/cjxu/npp/test/unit/nppi/nppi_geometry_transforms/test_nppi_copyConstBorder.cpp:67
Expected equality of these values:
  dstData[dstIdx]
    Which is: '\0'
  borderValue
    Which is: '\x80' (128)
Border value mismatch at (18,16)
]]></failure>
      <failure message="/home/cjxu/npp/test/unit/nppi/nppi_geometry_transforms/test_nppi_copyConstBorder.cpp:67&#x0A;Expected equality of these values:&#x0A;  dstData[dstIdx]&#x0A;    Which is: &apos;\0&apos;&#x0A;  borderValue&#x0A;    Which is: &apos;\x80&apos; (128)&#x0A;Border value mismatch at (19,16)&#x0A;" type=""><![CDATA[/home/cjxu/npp/test/unit/nppi/nppi_geometry_transforms/test_nppi_copyConstBorder.cpp:67
Expected equality of these values:
  dstData[dstIdx]
    Which is: '\0'
  borderValue
    Which is: '\x80' (128)
Border value mismatch at (19,16)
]]></failure>
      <failure message="/home/cjxu/npp/test/unit/nppi/nppi_geometry_transforms/test_nppi_copyConstBorder.cpp:67&#x0A;Expected equality of these values:&#x0A;  dstData[dstIdx]&#x0A;    Which is: &apos;\0&apos;&#x0A;  borderValue&#x0A;    Which is: &apos;\x80&apos; (128)&#x0A;Border value mismatch at (20,16)&#x0A;" type=""><![CDATA[/home/cjxu/npp/test/unit/nppi/nppi_geometry_transforms/test_nppi_copyConstBorder.cpp:67
Expected equality of these values:
  dstData[dstIdx]
    Which is: '\0'
  borderValue
    Which is: '\x80' (128)
Border value mismatch at (20,16)
]]></failure>
      <failure message="/home/cjxu/npp/test/unit/nppi/nppi_geometry_transforms/test_nppi_copyConstBorder.cpp:67&#x0A;Expected equality of these values:&#x0A;  dstData[dstIdx]&#x0A;    Which is: &apos;\0&apos;&#x0A;  borderValue&#x0A;    Which is: &apos;\x80&apos; (128)&#x0A;Border value mismatch at (21,16)&#x0A;" type=""><![CDATA[/home/cjxu/npp/test/unit/nppi/nppi_geometry_transforms/test_nppi_copyConstBorder.cpp:67
Expected equality of these values:
  dstData[dstIdx]
    Which is: '\0'
  borderValue
    Which is: '\x80' (128)
Border value mismatch at (21,16)
]]></failure>
      <failure message="/home/cjxu/npp/test/unit/nppi/nppi_geometry_transforms/test_nppi_copyConstBorder.cpp:67&#x0A;Expected equality of these values:&#x0A;  dstData[dstIdx]&#x0A;    Which is: &apos;\0&apos;&#x0A;  borderValue&#x0A;    Which is: &apos;\x80&apos; (128)&#x0A;Border value mismatch at (22,16)&#x0A;" type=""><![CDATA[/home/cjxu/npp/test/unit/nppi/nppi_geometry_transforms/test_nppi_copyConstBorder.cpp:67
Expected equality of these values:
  dstData[dstIdx]
    Which is: '\0'
  borderValue
    Which is: '\x80' (128)
Border value mismatch at (22,16)
]]></failure>
      <failure message="/home/cjxu/npp/test/unit/nppi/nppi_geometry_transforms/test_nppi_copyConstBorder.cpp:67&#x0A;Expected equality of these values:&#x0A;  dstData[dstIdx]&#x0A;    Which is: &apos;\0&apos;&#x0A;  borderValue&#x0A;    Which is: &apos;\x80&apos; (128)&#x0A;Border value mismatch at (23,16)&#x0A;" type=""><![CDATA[/home/cjxu/npp/test/unit/nppi/nppi_geometry_transforms/test_nppi_copyConstBorder.cpp:67
Expected equality of these values:
  dstData[dstIdx]
    Which is: '\0'
  borderValue
    Which is: '\x80' (128)
Border value mismatch at (23,16)
]]></failure>
      <failure message="/home/cjxu/npp/test/unit/nppi/nppi_geometry_transforms/test_nppi_copyConstBorder.cpp:67&#x0A;Expected equality of these values:&#x0A;  dstData[dstIdx]&#x0A;    Which is: &apos;\0&apos;&#x0A;  borderValue&#x0A;    Which is: &apos;\x80&apos; (128)&#x0A;Border value mismatch at (0,17)&#x0A;" type=""><![CDATA[/home/cjxu/npp/test/unit/nppi/nppi_geometry_transforms/test_nppi_copyConstBorder.cpp:67
Expected equality of these values:
  dstData[dstIdx]
    Which is: '\0'
  borderValue
    Which is: '\x80' (128)
Border value mismatch at (0,17)
]]></failure>
      <failure message="/home/cjxu/npp/test/unit/nppi/nppi_geometry_transforms/test_nppi_copyConstBorder.cpp:67&#x0A;Expected equality of these values:&#x0A;  dstData[dstIdx]&#x0A;    Which is: &apos;\0&apos;&#x0A;  borderValue&#x0A;    Which is: &apos;\x80&apos; (128)&#x0A;Border value mismatch at (1,17)&#x0A;" type=""><![CDATA[/home/cjxu/npp/test/unit/nppi/nppi_geometry_transforms/test_nppi_copyConstBorder.cpp:67
Expected equality of these values:
  dstData[dstIdx]
    Which is: '\0'
  borderValue
    Which is: '\x80' (128)
Border value mismatch at (1,17)
]]></failure>
      <failure message="/home/cjxu/npp/test/unit/nppi/nppi_geometry_transforms/test_nppi_copyConstBorder.cpp:67&#x0A;Expected equality of these values:&#x0A;  dstData[dstIdx]&#x0A;    Which is: &apos;\0&apos;&#x0A;  borderValue&#x0A;    Which is: &apos;\x80&apos; (128)&#x0A;Border value mismatch at (2,17)&#x0A;" type=""><![CDATA[/home/cjxu/npp/test/unit/nppi/nppi_geometry_transforms/test_nppi_copyConstBorder.cpp:67
Expected equality of these values:
  dstData[dstIdx]
    Which is: '\0'
  borderValue
    Which is: '\x80' (128)
Border value mismatch at (2,17)
]]></failure>
      <failure message="/home/cjxu/npp/test/unit/nppi/nppi_geometry_transforms/test_nppi_copyConstBorder.cpp:67&#x0A;Expected equality of these values:&#x0A;  dstData[dstIdx]&#x0A;    Which is: &apos;\0&apos;&#x0A;  borderValue&#x0A;    Which is: &apos;\x80&apos; (128)&#x0A;Border value mismatch at (3,17)&#x0A;" type=""><![CDATA[/home/cjxu/npp/test/unit/nppi/nppi_geometry_transforms/test_nppi_copyConstBorder.cpp:67
Expected equality of these values:
  dstData[dstIdx]
    Which is: '\0'
  borderValue
    Which is: '\x80' (128)
Border value mismatch at (3,17)
]]></failure>
      <failure message="/home/cjxu/npp/test/unit/nppi/nppi_geometry_transforms/test_nppi_copyConstBorder.cpp:67&#x0A;Expected equality of these values:&#x0A;  dstData[dstIdx]&#x0A;    Which is: &apos;\0&apos;&#x0A;  borderValue&#x0A;    Which is: &apos;\x80&apos; (128)&#x0A;Border value mismatch at (4,17)&#x0A;" type=""><![CDATA[/home/cjxu/npp/test/unit/nppi/nppi_geometry_transforms/test_nppi_copyConstBorder.cpp:67
Expected equality of these values:
  dstData[dstIdx]
    Which is: '\0'
  borderValue
    Which is: '\x80' (128)
Border value mismatch at (4,17)
]]></failure>
      <failure message="/home/cjxu/npp/test/unit/nppi/nppi_geometry_transforms/test_nppi_copyConstBorder.cpp:67&#x0A;Expected equality of these values:&#x0A;  dstData[dstIdx]&#x0A;    Which is: &apos;\0&apos;&#x0A;  borderValue&#x0A;    Which is: &apos;\x80&apos; (128)&#x0A;Border value mismatch at (5,17)&#x0A;" type=""><![CDATA[/home/cjxu/npp/test/unit/nppi/nppi_geometry_transforms/test_nppi_copyConstBorder.cpp:67
Expected equality of these values:
  dstData[dstIdx]
    Which is: '\0'
  borderValue
    Which is: '\x80' (128)
Border value mismatch at (5,17)
]]></failure>
      <failure message="/home/cjxu/npp/test/unit/nppi/nppi_geometry_transforms/test_nppi_copyConstBorder.cpp:67&#x0A;Expected equality of these values:&#x0A;  dstData[dstIdx]&#x0A;    Which is: &apos;\0&apos;&#x0A;  borderValue&#x0A;    Which is: &apos;\x80&apos; (128)&#x0A;Border value mismatch at (6,17)&#x0A;" type=""><![CDATA[/home/cjxu/npp/test/unit/nppi/nppi_geometry_transforms/test_nppi_copyConstBorder.cpp:67
Expected equality of these values:
  dstData[dstIdx]
    Which is: '\0'
  borderValue
    Which is: '\x80' (128)
Border value mismatch at (6,17)
]]></failure>
      <failure message="/home/cjxu/npp/test/unit/nppi/nppi_geometry_transforms/test_nppi_copyConstBorder.cpp:67&#x0A;Expected equality of these values:&#x0A;  dstData[dstIdx]&#x0A;    Which is: &apos;\0&apos;&#x0A;  borderValue&#x0A;    Which is: &apos;\x80&apos; (128)&#x0A;Border value mismatch at (7,17)&#x0A;" type=""><![CDATA[/home/cjxu/npp/test/unit/nppi/nppi_geometry_transforms/test_nppi_copyConstBorder.cpp:67
Expected equality of these values:
  dstData[dstIdx]
    Which is: '\0'
  borderValue
    Which is: '\x80' (128)
Border value mismatch at (7,17)
]]></failure>
      <failure message="/home/cjxu/npp/test/unit/nppi/nppi_geometry_transforms/test_nppi_copyConstBorder.cpp:67&#x0A;Expected equality of these values:&#x0A;  dstData[dstIdx]&#x0A;    Which is: &apos;\0&apos;&#x0A;  borderValue&#x0A;    Which is: &apos;\x80&apos; (128)&#x0A;Border value mismatch at (8,17)&#x0A;" type=""><![CDATA[/home/cjxu/npp/test/unit/nppi/nppi_geometry_transforms/test_nppi_copyConstBorder.cpp:67
Expected equality of these values:
  dstData[dstIdx]
    Which is: '\0'
  borderValue
    Which is: '\x80' (128)
Border value mismatch at (8,17)
]]></failure>
      <failure message="/home/cjxu/npp/test/unit/nppi/nppi_geometry_transforms/test_nppi_copyConstBorder.cpp:67&#x0A;Expected equality of these values:&#x0A;  dstData[dstIdx]&#x0A;    Which is: &apos;\0&apos;&#x0A;  borderValue&#x0A;    Which is: &apos;\x80&apos; (128)&#x0A;Border value mismatch at (9,17)&#x0A;" type=""><![CDATA[/home/cjxu/npp/test/unit/nppi/nppi_geometry_transforms/test_nppi_copyConstBorder.cpp:67
Expected equality of these values:
  dstData[dstIdx]
    Which is: '\0'
  borderValue
    Which is: '\x80' (128)
Border value mismatch at (9,17)
]]></failure>
      <failure message="/home/cjxu/npp/test/unit/nppi/nppi_geometry_transforms/test_nppi_copyConstBorder.cpp:67&#x0A;Expected equality of these values:&#x0A;  dstData[dstIdx]&#x0A;    Which is: &apos;\0&apos;&#x0A;  borderValue&#x0A;    Which is: &apos;\x80&apos; (128)&#x0A;Border value mismatch at (10,17)&#x0A;" type=""><![CDATA[/home/cjxu/npp/test/unit/nppi/nppi_geometry_transforms/test_nppi_copyConstBorder.cpp:67
Expected equality of these values:
  dstData[dstIdx]
    Which is: '\0'
  borderValue
    Which is: '\x80' (128)
Border value mismatch at (10,17)
]]></failure>
      <failure message="/home/cjxu/npp/test/unit/nppi/nppi_geometry_transforms/test_nppi_copyConstBorder.cpp:67&#x0A;Expected equality of these values:&#x0A;  dstData[dstIdx]&#x0A;    Which is: &apos;\0&apos;&#x0A;  borderValue&#x0A;    Which is: &apos;\x80&apos; (128)&#x0A;Border value mismatch at (11,17)&#x0A;" type=""><![CDATA[/home/cjxu/npp/test/unit/nppi/nppi_geometry_transforms/test_nppi_copyConstBorder.cpp:67
Expected equality of these values:
  dstData[dstIdx]
    Which is: '\0'
  borderValue
    Which is: '\x80' (128)
Border value mismatch at (11,17)
]]></failure>
      <failure message="/home/cjxu/npp/test/unit/nppi/nppi_geometry_transforms/test_nppi_copyConstBorder.cpp:67&#x0A;Expected equality of these values:&#x0A;  dstData[dstIdx]&#x0A;    Which is: &apos;\0&apos;&#x0A;  borderValue&#x0A;    Which is: &apos;\x80&apos; (128)&#x0A;Border value mismatch at (12,17)&#x0A;" type=""><![CDATA[/home/cjxu/npp/test/unit/nppi/nppi_geometry_transforms/test_nppi_copyConstBorder.cpp:67
Expected equality of these values:
  dstData[dstIdx]
    Which is: '\0'
  borderValue
    Which is: '\x80' (128)
Border value mismatch at (12,17)
]]></failure>
      <failure message="/home/cjxu/npp/test/unit/nppi/nppi_geometry_transforms/test_nppi_copyConstBorder.cpp:67&#x0A;Expected equality of these values:&#x0A;  dstData[dstIdx]&#x0A;    Which is: &apos;\0&apos;&#x0A;  borderValue&#x0A;    Which is: &apos;\x80&apos; (128)&#x0A;Border value mismatch at (13,17)&#x0A;" type=""><![CDATA[/home/cjxu/npp/test/unit/nppi/nppi_geometry_transforms/test_nppi_copyConstBorder.cpp:67
Expected equality of these values:
  dstData[dstIdx]
    Which is: '\0'
  borderValue
    Which is: '\x80' (128)
Border value mismatch at (13,17)
]]></failure>
      <failure message="/home/cjxu/npp/test/unit/nppi/nppi_geometry_transforms/test_nppi_copyConstBorder.cpp:67&#x0A;Expected equality of these values:&#x0A;  dstData[dstIdx]&#x0A;    Which is: &apos;\0&apos;&#x0A;  borderValue&#x0A;    Which is: &apos;\x80&apos; (128)&#x0A;Border value mismatch at (14,17)&#x0A;" type=""><![CDATA[/home/cjxu/npp/test/unit/nppi/nppi_geometry_transforms/test_nppi_copyConstBorder.cpp:67
Expected equality of these values:
  dstData[dstIdx]
    Which is: '\0'
  borderValue
    Which is: '\x80' (128)
Border value mismatch at (14,17)
]]></failure>
      <failure message="/home/cjxu/npp/test/unit/nppi/nppi_geometry_transforms/test_nppi_copyConstBorder.cpp:67&#x0A;Expected equality of these values:&#x0A;  dstData[dstIdx]&#x0A;    Which is: &apos;\0&apos;&#x0A;  borderValue&#x0A;    Which is: &apos;\x80&apos; (128)&#x0A;Border value mismatch at (15,17)&#x0A;" type=""><![CDATA[/home/cjxu/npp/test/unit/nppi/nppi_geometry_transforms/test_nppi_copyConstBorder.cpp:67
Expected equality of these values:
  dstData[dstIdx]
    Which is: '\0'
  borderValue
    Which is: '\x80' (128)
Border value mismatch at (15,17)
]]></failure>
      <failure message="/home/cjxu/npp/test/unit/nppi/nppi_geometry_transforms/test_nppi_copyConstBorder.cpp:67&#x0A;Expected equality of these values:&#x0A;  dstData[dstIdx]&#x0A;    Which is: &apos;\0&apos;&#x0A;  borderValue&#x0A;    Which is: &apos;\x80&apos; (128)&#x0A;Border value mismatch at (16,17)&#x0A;" type=""><![CDATA[/home/cjxu/npp/test/unit/nppi/nppi_geometry_transforms/test_nppi_copyConstBorder.cpp:67
Expected equality of these values:
  dstData[dstIdx]
    Which is: '\0'
  borderValue
    Which is: '\x80' (128)
Border value mismatch at (16,17)
]]></failure>
      <failure message="/home/cjxu/npp/test/unit/nppi/nppi_geometry_transforms/test_nppi_copyConstBorder.cpp:67&#x0A;Expected equality of these values:&#x0A;  dstData[dstIdx]&#x0A;    Which is: &apos;\0&apos;&#x0A;  borderValue&#x0A;    Which is: &apos;\x80&apos; (128)&#x0A;Border value mismatch at (17,17)&#x0A;" type=""><![CDATA[/home/cjxu/npp/test/unit/nppi/nppi_geometry_transforms/test_nppi_copyConstBorder.cpp:67
Expected equality of these values:
  dstData[dstIdx]
    Which is: '\0'
  borderValue
    Which is: '\x80' (128)
Border value mismatch at (17,17)
]]></failure>
      <failure message="/home/cjxu/npp/test/unit/nppi/nppi_geometry_transforms/test_nppi_copyConstBorder.cpp:67&#x0A;Expected equality of these values:&#x0A;  dstData[dstIdx]&#x0A;    Which is: &apos;\0&apos;&#x0A;  borderValue&#x0A;    Which is: &apos;\x80&apos; (128)&#x0A;Border value mismatch at (18,17)&#x0A;" type=""><![CDATA[/home/cjxu/npp/test/unit/nppi/nppi_geometry_transforms/test_nppi_copyConstBorder.cpp:67
Expected equality of these values:
  dstData[dstIdx]
    Which is: '\0'
  borderValue
    Which is: '\x80' (128)
Border value mismatch at (18,17)
]]></failure>
      <failure message="/home/cjxu/npp/test/unit/nppi/nppi_geometry_transforms/test_nppi_copyConstBorder.cpp:67&#x0A;Expected equality of these values:&#x0A;  dstData[dstIdx]&#x0A;    Which is: &apos;\0&apos;&#x0A;  borderValue&#x0A;    Which is: &apos;\x80&apos; (128)&#x0A;Border value mismatch at (19,17)&#x0A;" type=""><![CDATA[/home/cjxu/npp/test/unit/nppi/nppi_geometry_transforms/test_nppi_copyConstBorder.cpp:67
Expected equality of these values:
  dstData[dstIdx]
    Which is: '\0'
  borderValue
    Which is: '\x80' (128)
Border value mismatch at (19,17)
]]></failure>
      <failure message="/home/cjxu/npp/test/unit/nppi/nppi_geometry_transforms/test_nppi_copyConstBorder.cpp:67&#x0A;Expected equality of these values:&#x0A;  dstData[dstIdx]&#x0A;    Which is: &apos;\0&apos;&#x0A;  borderValue&#x0A;    Which is: &apos;\x80&apos; (128)&#x0A;Border value mismatch at (20,17)&#x0A;" type=""><![CDATA[/home/cjxu/npp/test/unit/nppi/nppi_geometry_transforms/test_nppi_copyConstBorder.cpp:67
Expected equality of these values:
  dstData[dstIdx]
    Which is: '\0'
  borderValue
    Which is: '\x80' (128)
Border value mismatch at (20,17)
]]></failure>
      <failure message="/home/cjxu/npp/test/unit/nppi/nppi_geometry_transforms/test_nppi_copyConstBorder.cpp:67&#x0A;Expected equality of these values:&#x0A;  dstData[dstIdx]&#x0A;    Which is: &apos;\0&apos;&#x0A;  borderValue&#x0A;    Which is: &apos;\x80&apos; (128)&#x0A;Border value mismatch at (21,17)&#x0A;" type=""><![CDATA[/home/cjxu/npp/test/unit/nppi/nppi_geometry_transforms/test_nppi_copyConstBorder.cpp:67
Expected equality of these values:
  dstData[dstIdx]
    Which is: '\0'
  borderValue
    Which is: '\x80' (128)
Border value mismatch at (21,17)
]]></failure>
      <failure message="/home/cjxu/npp/test/unit/nppi/nppi_geometry_transforms/test_nppi_copyConstBorder.cpp:67&#x0A;Expected equality of these values:&#x0A;  dstData[dstIdx]&#x0A;    Which is: &apos;\0&apos;&#x0A;  borderValue&#x0A;    Which is: &apos;\x80&apos; (128)&#x0A;Border value mismatch at (22,17)&#x0A;" type=""><![CDATA[/home/cjxu/npp/test/unit/nppi/nppi_geometry_transforms/test_nppi_copyConstBorder.cpp:67
Expected equality of these values:
  dstData[dstIdx]
    Which is: '\0'
  borderValue
    Which is: '\x80' (128)
Border value mismatch at (22,17)
]]></failure>
      <failure message="/home/cjxu/npp/test/unit/nppi/nppi_geometry_transforms/test_nppi_copyConstBorder.cpp:67&#x0A;Expected equality of these values:&#x0A;  dstData[dstIdx]&#x0A;    Which is: &apos;\0&apos;&#x0A;  borderValue&#x0A;    Which is: &apos;\x80&apos; (128)&#x0A;Border value mismatch at (23,17)&#x0A;" type=""><![CDATA[/home/cjxu/npp/test/unit/nppi/nppi_geometry_transforms/test_nppi_copyConstBorder.cpp:67
Expected equality of these values:
  dstData[dstIdx]
    Which is: '\0'
  borderValue
    Which is: '\x80' (128)
Border value mismatch at (23,17)
]]></failure>
      <failure message="/home/cjxu/npp/test/unit/nppi/nppi_geometry_transforms/test_nppi_copyConstBorder.cpp:67&#x0A;Expected equality of these values:&#x0A;  dstData[dstIdx]&#x0A;    Which is: &apos;\0&apos;&#x0A;  borderValue&#x0A;    Which is: &apos;\x80&apos; (128)&#x0A;Border value mismatch at (0,18)&#x0A;" type=""><![CDATA[/home/cjxu/npp/test/unit/nppi/nppi_geometry_transforms/test_nppi_copyConstBorder.cpp:67
Expected equality of these values:
  dstData[dstIdx]
    Which is: '\0'
  borderValue
    Which is: '\x80' (128)
Border value mismatch at (0,18)
]]></failure>
      <failure message="/home/cjxu/npp/test/unit/nppi/nppi_geometry_transforms/test_nppi_copyConstBorder.cpp:67&#x0A;Expected equality of these values:&#x0A;  dstData[dstIdx]&#x0A;    Which is: &apos;\0&apos;&#x0A;  borderValue&#x0A;    Which is: &apos;\x80&apos; (128)&#x0A;Border value mismatch at (1,18)&#x0A;" type=""><![CDATA[/home/cjxu/npp/test/unit/nppi/nppi_geometry_transforms/test_nppi_copyConstBorder.cpp:67
Expected equality of these values:
  dstData[dstIdx]
    Which is: '\0'
  borderValue
    Which is: '\x80' (128)
Border value mismatch at (1,18)
]]></failure>
      <failure message="/home/cjxu/npp/test/unit/nppi/nppi_geometry_transforms/test_nppi_copyConstBorder.cpp:67&#x0A;Expected equality of these values:&#x0A;  dstData[dstIdx]&#x0A;    Which is: &apos;\0&apos;&#x0A;  borderValue&#x0A;    Which is: &apos;\x80&apos; (128)&#x0A;Border value mismatch at (2,18)&#x0A;" type=""><![CDATA[/home/cjxu/npp/test/unit/nppi/nppi_geometry_transforms/test_nppi_copyConstBorder.cpp:67
Expected equality of these values:
  dstData[dstIdx]
    Which is: '\0'
  borderValue
    Which is: '\x80' (128)
Border value mismatch at (2,18)
]]></failure>
      <failure message="/home/cjxu/npp/test/unit/nppi/nppi_geometry_transforms/test_nppi_copyConstBorder.cpp:67&#x0A;Expected equality of these values:&#x0A;  dstData[dstIdx]&#x0A;    Which is: &apos;\0&apos;&#x0A;  borderValue&#x0A;    Which is: &apos;\x80&apos; (128)&#x0A;Border value mismatch at (3,18)&#x0A;" type=""><![CDATA[/home/cjxu/npp/test/unit/nppi/nppi_geometry_transforms/test_nppi_copyConstBorder.cpp:67
Expected equality of these values:
  dstData[dstIdx]
    Which is: '\0'
  borderValue
    Which is: '\x80' (128)
Border value mismatch at (3,18)
]]></failure>
      <failure message="/home/cjxu/npp/test/unit/nppi/nppi_geometry_transforms/test_nppi_copyConstBorder.cpp:67&#x0A;Expected equality of these values:&#x0A;  dstData[dstIdx]&#x0A;    Which is: &apos;\0&apos;&#x0A;  borderValue&#x0A;    Which is: &apos;\x80&apos; (128)&#x0A;Border value mismatch at (4,18)&#x0A;" type=""><![CDATA[/home/cjxu/npp/test/unit/nppi/nppi_geometry_transforms/test_nppi_copyConstBorder.cpp:67
Expected equality of these values:
  dstData[dstIdx]
    Which is: '\0'
  borderValue
    Which is: '\x80' (128)
Border value mismatch at (4,18)
]]></failure>
      <failure message="/home/cjxu/npp/test/unit/nppi/nppi_geometry_transforms/test_nppi_copyConstBorder.cpp:67&#x0A;Expected equality of these values:&#x0A;  dstData[dstIdx]&#x0A;    Which is: &apos;\0&apos;&#x0A;  borderValue&#x0A;    Which is: &apos;\x80&apos; (128)&#x0A;Border value mismatch at (5,18)&#x0A;" type=""><![CDATA[/home/cjxu/npp/test/unit/nppi/nppi_geometry_transforms/test_nppi_copyConstBorder.cpp:67
Expected equality of these values:
  dstData[dstIdx]
    Which is: '\0'
  borderValue
    Which is: '\x80' (128)
Border value mismatch at (5,18)
]]></failure>
      <failure message="/home/cjxu/npp/test/unit/nppi/nppi_geometry_transforms/test_nppi_copyConstBorder.cpp:67&#x0A;Expected equality of these values:&#x0A;  dstData[dstIdx]&#x0A;    Which is: &apos;\0&apos;&#x0A;  borderValue&#x0A;    Which is: &apos;\x80&apos; (128)&#x0A;Border value mismatch at (6,18)&#x0A;" type=""><![CDATA[/home/cjxu/npp/test/unit/nppi/nppi_geometry_transforms/test_nppi_copyConstBorder.cpp:67
Expected equality of these values:
  dstData[dstIdx]
    Which is: '\0'
  borderValue
    Which is: '\x80' (128)
Border value mismatch at (6,18)
]]></failure>
      <failure message="/home/cjxu/npp/test/unit/nppi/nppi_geometry_transforms/test_nppi_copyConstBorder.cpp:67&#x0A;Expected equality of these values:&#x0A;  dstData[dstIdx]&#x0A;    Which is: &apos;\0&apos;&#x0A;  borderValue&#x0A;    Which is: &apos;\x80&apos; (128)&#x0A;Border value mismatch at (7,18)&#x0A;" type=""><![CDATA[/home/cjxu/npp/test/unit/nppi/nppi_geometry_transforms/test_nppi_copyConstBorder.cpp:67
Expected equality of these values:
  dstData[dstIdx]
    Which is: '\0'
  borderValue
    Which is: '\x80' (128)
Border value mismatch at (7,18)
]]></failure>
      <failure message="/home/cjxu/npp/test/unit/nppi/nppi_geometry_transforms/test_nppi_copyConstBorder.cpp:67&#x0A;Expected equality of these values:&#x0A;  dstData[dstIdx]&#x0A;    Which is: &apos;\0&apos;&#x0A;  borderValue&#x0A;    Which is: &apos;\x80&apos; (128)&#x0A;Border value mismatch at (8,18)&#x0A;" type=""><![CDATA[/home/cjxu/npp/test/unit/nppi/nppi_geometry_transforms/test_nppi_copyConstBorder.cpp:67
Expected equality of these values:
  dstData[dstIdx]
    Which is: '\0'
  borderValue
    Which is: '\x80' (128)
Border value mismatch at (8,18)
]]></failure>
      <failure message="/home/cjxu/npp/test/unit/nppi/nppi_geometry_transforms/test_nppi_copyConstBorder.cpp:67&#x0A;Expected equality of these values:&#x0A;  dstData[dstIdx]&#x0A;    Which is: &apos;\0&apos;&#x0A;  borderValue&#x0A;    Which is: &apos;\x80&apos; (128)&#x0A;Border value mismatch at (9,18)&#x0A;" type=""><![CDATA[/home/cjxu/npp/test/unit/nppi/nppi_geometry_transforms/test_nppi_copyConstBorder.cpp:67
Expected equality of these values:
  dstData[dstIdx]
    Which is: '\0'
  borderValue
    Which is: '\x80' (128)
Border value mismatch at (9,18)
]]></failure>
      <failure message="/home/cjxu/npp/test/unit/nppi/nppi_geometry_transforms/test_nppi_copyConstBorder.cpp:67&#x0A;Expected equality of these values:&#x0A;  dstData[dstIdx]&#x0A;    Which is: &apos;\0&apos;&#x0A;  borderValue&#x0A;    Which is: &apos;\x80&apos; (128)&#x0A;Border value mismatch at (10,18)&#x0A;" type=""><![CDATA[/home/cjxu/npp/test/unit/nppi/nppi_geometry_transforms/test_nppi_copyConstBorder.cpp:67
Expected equality of these values:
  dstData[dstIdx]
    Which is: '\0'
  borderValue
    Which is: '\x80' (128)
Border value mismatch at (10,18)
]]></failure>
      <failure message="/home/cjxu/npp/test/unit/nppi/nppi_geometry_transforms/test_nppi_copyConstBorder.cpp:67&#x0A;Expected equality of these values:&#x0A;  dstData[dstIdx]&#x0A;    Which is: &apos;\0&apos;&#x0A;  borderValue&#x0A;    Which is: &apos;\x80&apos; (128)&#x0A;Border value mismatch at (11,18)&#x0A;" type=""><![CDATA[/home/cjxu/npp/test/unit/nppi/nppi_geometry_transforms/test_nppi_copyConstBorder.cpp:67
Expected equality of these values:
  dstData[dstIdx]
    Which is: '\0'
  borderValue
    Which is: '\x80' (128)
Border value mismatch at (11,18)
]]></failure>
      <failure message="/home/cjxu/npp/test/unit/nppi/nppi_geometry_transforms/test_nppi_copyConstBorder.cpp:67&#x0A;Expected equality of these values:&#x0A;  dstData[dstIdx]&#x0A;    Which is: &apos;\0&apos;&#x0A;  borderValue&#x0A;    Which is: &apos;\x80&apos; (128)&#x0A;Border value mismatch at (12,18)&#x0A;" type=""><![CDATA[/home/cjxu/npp/test/unit/nppi/nppi_geometry_transforms/test_nppi_copyConstBorder.cpp:67
Expected equality of these values:
  dstData[dstIdx]
    Which is: '\0'
  borderValue
    Which is: '\x80' (128)
Border value mismatch at (12,18)
]]></failure>
      <failure message="/home/cjxu/npp/test/unit/nppi/nppi_geometry_transforms/test_nppi_copyConstBorder.cpp:67&#x0A;Expected equality of these values:&#x0A;  dstData[dstIdx]&#x0A;    Which is: &apos;\0&apos;&#x0A;  borderValue&#x0A;    Which is: &apos;\x80&apos; (128)&#x0A;Border value mismatch at (13,18)&#x0A;" type=""><![CDATA[/home/cjxu/npp/test/unit/nppi/nppi_geometry_transforms/test_nppi_copyConstBorder.cpp:67
Expected equality of these values:
  dstData[dstIdx]
    Which is: '\0'
  borderValue
    Which is: '\x80' (128)
Border value mismatch at (13,18)
]]></failure>
      <failure message="/home/cjxu/npp/test/unit/nppi/nppi_geometry_transforms/test_nppi_copyConstBorder.cpp:67&#x0A;Expected equality of these values:&#x0A;  dstData[dstIdx]&#x0A;    Which is: &apos;\0&apos;&#x0A;  borderValue&#x0A;    Which is: &apos;\x80&apos; (128)&#x0A;Border value mismatch at (14,18)&#x0A;" type=""><![CDATA[/home/cjxu/npp/test/unit/nppi/nppi_geometry_transforms/test_nppi_copyConstBorder.cpp:67
Expected equality of these values:
  dstData[dstIdx]
    Which is: '\0'
  borderValue
    Which is: '\x80' (128)
Border value mismatch at (14,18)
]]></failure>
      <failure message="/home/cjxu/npp/test/unit/nppi/nppi_geometry_transforms/test_nppi_copyConstBorder.cpp:67&#x0A;Expected equality of these values:&#x0A;  dstData[dstIdx]&#x0A;    Which is: &apos;\0&apos;&#x0A;  borderValue&#x0A;    Which is: &apos;\x80&apos; (128)&#x0A;Border value mismatch at (15,18)&#x0A;" type=""><![CDATA[/home/cjxu/npp/test/unit/nppi/nppi_geometry_transforms/test_nppi_copyConstBorder.cpp:67
Expected equality of these values:
  dstData[dstIdx]
    Which is: '\0'
  borderValue
    Which is: '\x80' (128)
Border value mismatch at (15,18)
]]></failure>
      <failure message="/home/cjxu/npp/test/unit/nppi/nppi_geometry_transforms/test_nppi_copyConstBorder.cpp:67&#x0A;Expected equality of these values:&#x0A;  dstData[dstIdx]&#x0A;    Which is: &apos;\0&apos;&#x0A;  borderValue&#x0A;    Which is: &apos;\x80&apos; (128)&#x0A;Border value mismatch at (16,18)&#x0A;" type=""><![CDATA[/home/cjxu/npp/test/unit/nppi/nppi_geometry_transforms/test_nppi_copyConstBorder.cpp:67
Expected equality of these values:
  dstData[dstIdx]
    Which is: '\0'
  borderValue
    Which is: '\x80' (128)
Border value mismatch at (16,18)
]]></failure>
      <failure message="/home/cjxu/npp/test/unit/nppi/nppi_geometry_transforms/test_nppi_copyConstBorder.cpp:67&#x0A;Expected equality of these values:&#x0A;  dstData[dstIdx]&#x0A;    Which is: &apos;\0&apos;&#x0A;  borderValue&#x0A;    Which is: &apos;\x80&apos; (128)&#x0A;Border value mismatch at (17,18)&#x0A;" type=""><![CDATA[/home/cjxu/npp/test/unit/nppi/nppi_geometry_transforms/test_nppi_copyConstBorder.cpp:67
Expected equality of these values:
  dstData[dstIdx]
    Which is: '\0'
  borderValue
    Which is: '\x80' (128)
Border value mismatch at (17,18)
]]></failure>
      <failure message="/home/cjxu/npp/test/unit/nppi/nppi_geometry_transforms/test_nppi_copyConstBorder.cpp:67&#x0A;Expected equality of these values:&#x0A;  dstData[dstIdx]&#x0A;    Which is: &apos;\0&apos;&#x0A;  borderValue&#x0A;    Which is: &apos;\x80&apos; (128)&#x0A;Border value mismatch at (18,18)&#x0A;" type=""><![CDATA[/home/cjxu/npp/test/unit/nppi/nppi_geometry_transforms/test_nppi_copyConstBorder.cpp:67
Expected equality of these values:
  dstData[dstIdx]
    Which is: '\0'
  borderValue
    Which is: '\x80' (128)
Border value mismatch at (18,18)
]]></failure>
      <failure message="/home/cjxu/npp/test/unit/nppi/nppi_geometry_transforms/test_nppi_copyConstBorder.cpp:67&#x0A;Expected equality of these values:&#x0A;  dstData[dstIdx]&#x0A;    Which is: &apos;\0&apos;&#x0A;  borderValue&#x0A;    Which is: &apos;\x80&apos; (128)&#x0A;Border value mismatch at (19,18)&#x0A;" type=""><![CDATA[/home/cjxu/npp/test/unit/nppi/nppi_geometry_transforms/test_nppi_copyConstBorder.cpp:67
Expected equality of these values:
  dstData[dstIdx]
    Which is: '\0'
  borderValue
    Which is: '\x80' (128)
Border value mismatch at (19,18)
]]></failure>
      <failure message="/home/cjxu/npp/test/unit/nppi/nppi_geometry_transforms/test_nppi_copyConstBorder.cpp:67&#x0A;Expected equality of these values:&#x0A;  dstData[dstIdx]&#x0A;    Which is: &apos;\0&apos;&#x0A;  borderValue&#x0A;    Which is: &apos;\x80&apos; (128)&#x0A;Border value mismatch at (20,18)&#x0A;" type=""><![CDATA[/home/cjxu/npp/test/unit/nppi/nppi_geometry_transforms/test_nppi_copyConstBorder.cpp:67
Expected equality of these values:
  dstData[dstIdx]
    Which is: '\0'
  borderValue
    Which is: '\x80' (128)
Border value mismatch at (20,18)
]]></failure>
      <failure message="/home/cjxu/npp/test/unit/nppi/nppi_geometry_transforms/test_nppi_copyConstBorder.cpp:67&#x0A;Expected equality of these values:&#x0A;  dstData[dstIdx]&#x0A;    Which is: &apos;\0&apos;&#x0A;  borderValue&#x0A;    Which is: &apos;\x80&apos; (128)&#x0A;Border value mismatch at (21,18)&#x0A;" type=""><![CDATA[/home/cjxu/npp/test/unit/nppi/nppi_geometry_transforms/test_nppi_copyConstBorder.cpp:67
Expected equality of these values:
  dstData[dstIdx]
    Which is: '\0'
  borderValue
    Which is: '\x80' (128)
Border value mismatch at (21,18)
]]></failure>
      <failure message="/home/cjxu/npp/test/unit/nppi/nppi_geometry_transforms/test_nppi_copyConstBorder.cpp:67&#x0A;Expected equality of these values:&#x0A;  dstData[dstIdx]&#x0A;    Which is: &apos;\0&apos;&#x0A;  borderValue&#x0A;    Which is: &apos;\x80&apos; (128)&#x0A;Border value mismatch at (22,18)&#x0A;" type=""><![CDATA[/home/cjxu/npp/test/unit/nppi/nppi_geometry_transforms/test_nppi_copyConstBorder.cpp:67
Expected equality of these values:
  dstData[dstIdx]
    Which is: '\0'
  borderValue
    Which is: '\x80' (128)
Border value mismatch at (22,18)
]]></failure>
      <failure message="/home/cjxu/npp/test/unit/nppi/nppi_geometry_transforms/test_nppi_copyConstBorder.cpp:67&#x0A;Expected equality of these values:&#x0A;  dstData[dstIdx]&#x0A;    Which is: &apos;\0&apos;&#x0A;  borderValue&#x0A;    Which is: &apos;\x80&apos; (128)&#x0A;Border value mismatch at (23,18)&#x0A;" type=""><![CDATA[/home/cjxu/npp/test/unit/nppi/nppi_geometry_transforms/test_nppi_copyConstBorder.cpp:67
Expected equality of these values:
  dstData[dstIdx]
    Which is: '\0'
  borderValue
    Which is: '\x80' (128)
Border value mismatch at (23,18)
]]></failure>
      <failure message="/home/cjxu/npp/test/unit/nppi/nppi_geometry_transforms/test_nppi_copyConstBorder.cpp:67&#x0A;Expected equality of these values:&#x0A;  dstData[dstIdx]&#x0A;    Which is: &apos;\0&apos;&#x0A;  borderValue&#x0A;    Which is: &apos;\x80&apos; (128)&#x0A;Border value mismatch at (0,19)&#x0A;" type=""><![CDATA[/home/cjxu/npp/test/unit/nppi/nppi_geometry_transforms/test_nppi_copyConstBorder.cpp:67
Expected equality of these values:
  dstData[dstIdx]
    Which is: '\0'
  borderValue
    Which is: '\x80' (128)
Border value mismatch at (0,19)
]]></failure>
      <failure message="/home/cjxu/npp/test/unit/nppi/nppi_geometry_transforms/test_nppi_copyConstBorder.cpp:67&#x0A;Expected equality of these values:&#x0A;  dstData[dstIdx]&#x0A;    Which is: &apos;\0&apos;&#x0A;  borderValue&#x0A;    Which is: &apos;\x80&apos; (128)&#x0A;Border value mismatch at (1,19)&#x0A;" type=""><![CDATA[/home/cjxu/npp/test/unit/nppi/nppi_geometry_transforms/test_nppi_copyConstBorder.cpp:67
Expected equality of these values:
  dstData[dstIdx]
    Which is: '\0'
  borderValue
    Which is: '\x80' (128)
Border value mismatch at (1,19)
]]></failure>
      <failure message="/home/cjxu/npp/test/unit/nppi/nppi_geometry_transforms/test_nppi_copyConstBorder.cpp:67&#x0A;Expected equality of these values:&#x0A;  dstData[dstIdx]&#x0A;    Which is: &apos;\0&apos;&#x0A;  borderValue&#x0A;    Which is: &apos;\x80&apos; (128)&#x0A;Border value mismatch at (2,19)&#x0A;" type=""><![CDATA[/home/cjxu/npp/test/unit/nppi/nppi_geometry_transforms/test_nppi_copyConstBorder.cpp:67
Expected equality of these values:
  dstData[dstIdx]
    Which is: '\0'
  borderValue
    Which is: '\x80' (128)
Border value mismatch at (2,19)
]]></failure>
      <failure message="/home/cjxu/npp/test/unit/nppi/nppi_geometry_transforms/test_nppi_copyConstBorder.cpp:67&#x0A;Expected equality of these values:&#x0A;  dstData[dstIdx]&#x0A;    Which is: &apos;\0&apos;&#x0A;  borderValue&#x0A;    Which is: &apos;\x80&apos; (128)&#x0A;Border value mismatch at (3,19)&#x0A;" type=""><![CDATA[/home/cjxu/npp/test/unit/nppi/nppi_geometry_transforms/test_nppi_copyConstBorder.cpp:67
Expected equality of these values:
  dstData[dstIdx]
    Which is: '\0'
  borderValue
    Which is: '\x80' (128)
Border value mismatch at (3,19)
]]></failure>
      <failure message="/home/cjxu/npp/test/unit/nppi/nppi_geometry_transforms/test_nppi_copyConstBorder.cpp:67&#x0A;Expected equality of these values:&#x0A;  dstData[dstIdx]&#x0A;    Which is: &apos;\0&apos;&#x0A;  borderValue&#x0A;    Which is: &apos;\x80&apos; (128)&#x0A;Border value mismatch at (4,19)&#x0A;" type=""><![CDATA[/home/cjxu/npp/test/unit/nppi/nppi_geometry_transforms/test_nppi_copyConstBorder.cpp:67
Expected equality of these values:
  dstData[dstIdx]
    Which is: '\0'
  borderValue
    Which is: '\x80' (128)
Border value mismatch at (4,19)
]]></failure>
      <failure message="/home/cjxu/npp/test/unit/nppi/nppi_geometry_transforms/test_nppi_copyConstBorder.cpp:67&#x0A;Expected equality of these values:&#x0A;  dstData[dstIdx]&#x0A;    Which is: &apos;\0&apos;&#x0A;  borderValue&#x0A;    Which is: &apos;\x80&apos; (128)&#x0A;Border value mismatch at (5,19)&#x0A;" type=""><![CDATA[/home/cjxu/npp/test/unit/nppi/nppi_geometry_transforms/test_nppi_copyConstBorder.cpp:67
Expected equality of these values:
  dstData[dstIdx]
    Which is: '\0'
  borderValue
    Which is: '\x80' (128)
Border value mismatch at (5,19)
]]></failure>
      <failure message="/home/cjxu/npp/test/unit/nppi/nppi_geometry_transforms/test_nppi_copyConstBorder.cpp:67&#x0A;Expected equality of these values:&#x0A;  dstData[dstIdx]&#x0A;    Which is: &apos;\0&apos;&#x0A;  borderValue&#x0A;    Which is: &apos;\x80&apos; (128)&#x0A;Border value mismatch at (6,19)&#x0A;" type=""><![CDATA[/home/cjxu/npp/test/unit/nppi/nppi_geometry_transforms/test_nppi_copyConstBorder.cpp:67
Expected equality of these values:
  dstData[dstIdx]
    Which is: '\0'
  borderValue
    Which is: '\x80' (128)
Border value mismatch at (6,19)
]]></failure>
      <failure message="/home/cjxu/npp/test/unit/nppi/nppi_geometry_transforms/test_nppi_copyConstBorder.cpp:67&#x0A;Expected equality of these values:&#x0A;  dstData[dstIdx]&#x0A;    Which is: &apos;\0&apos;&#x0A;  borderValue&#x0A;    Which is: &apos;\x80&apos; (128)&#x0A;Border value mismatch at (7,19)&#x0A;" type=""><![CDATA[/home/cjxu/npp/test/unit/nppi/nppi_geometry_transforms/test_nppi_copyConstBorder.cpp:67
Expected equality of these values:
  dstData[dstIdx]
    Which is: '\0'
  borderValue
    Which is: '\x80' (128)
Border value mismatch at (7,19)
]]></failure>
      <failure message="/home/cjxu/npp/test/unit/nppi/nppi_geometry_transforms/test_nppi_copyConstBorder.cpp:67&#x0A;Expected equality of these values:&#x0A;  dstData[dstIdx]&#x0A;    Which is: &apos;\0&apos;&#x0A;  borderValue&#x0A;    Which is: &apos;\x80&apos; (128)&#x0A;Border value mismatch at (8,19)&#x0A;" type=""><![CDATA[/home/cjxu/npp/test/unit/nppi/nppi_geometry_transforms/test_nppi_copyConstBorder.cpp:67
Expected equality of these values:
  dstData[dstIdx]
    Which is: '\0'
  borderValue
    Which is: '\x80' (128)
Border value mismatch at (8,19)
]]></failure>
      <failure message="/home/cjxu/npp/test/unit/nppi/nppi_geometry_transforms/test_nppi_copyConstBorder.cpp:67&#x0A;Expected equality of these values:&#x0A;  dstData[dstIdx]&#x0A;    Which is: &apos;\0&apos;&#x0A;  borderValue&#x0A;    Which is: &apos;\x80&apos; (128)&#x0A;Border value mismatch at (9,19)&#x0A;" type=""><![CDATA[/home/cjxu/npp/test/unit/nppi/nppi_geometry_transforms/test_nppi_copyConstBorder.cpp:67
Expected equality of these values:
  dstData[dstIdx]
    Which is: '\0'
  borderValue
    Which is: '\x80' (128)
Border value mismatch at (9,19)
]]></failure>
      <failure message="/home/cjxu/npp/test/unit/nppi/nppi_geometry_transforms/test_nppi_copyConstBorder.cpp:67&#x0A;Expected equality of these values:&#x0A;  dstData[dstIdx]&#x0A;    Which is: &apos;\0&apos;&#x0A;  borderValue&#x0A;    Which is: &apos;\x80&apos; (128)&#x0A;Border value mismatch at (10,19)&#x0A;" type=""><![CDATA[/home/cjxu/npp/test/unit/nppi/nppi_geometry_transforms/test_nppi_copyConstBorder.cpp:67
Expected equality of these values:
  dstData[dstIdx]
    Which is: '\0'
  borderValue
    Which is: '\x80' (128)
Border value mismatch at (10,19)
]]></failure>
      <failure message="/home/cjxu/npp/test/unit/nppi/nppi_geometry_transforms/test_nppi_copyConstBorder.cpp:67&#x0A;Expected equality of these values:&#x0A;  dstData[dstIdx]&#x0A;    Which is: &apos;\0&apos;&#x0A;  borderValue&#x0A;    Which is: &apos;\x80&apos; (128)&#x0A;Border value mismatch at (11,19)&#x0A;" type=""><![CDATA[/home/cjxu/npp/test/unit/nppi/nppi_geometry_transforms/test_nppi_copyConstBorder.cpp:67
Expected equality of these values:
  dstData[dstIdx]
    Which is: '\0'
  borderValue
    Which is: '\x80' (128)
Border value mismatch at (11,19)
]]></failure>
      <failure message="/home/cjxu/npp/test/unit/nppi/nppi_geometry_transforms/test_nppi_copyConstBorder.cpp:67&#x0A;Expected equality of these values:&#x0A;  dstData[dstIdx]&#x0A;    Which is: &apos;\0&apos;&#x0A;  borderValue&#x0A;    Which is: &apos;\x80&apos; (128)&#x0A;Border value mismatch at (12,19)&#x0A;" type=""><![CDATA[/home/cjxu/npp/test/unit/nppi/nppi_geometry_transforms/test_nppi_copyConstBorder.cpp:67
Expected equality of these values:
  dstData[dstIdx]
    Which is: '\0'
  borderValue
    Which is: '\x80' (128)
Border value mismatch at (12,19)
]]></failure>
      <failure message="/home/cjxu/npp/test/unit/nppi/nppi_geometry_transforms/test_nppi_copyConstBorder.cpp:67&#x0A;Expected equality of these values:&#x0A;  dstData[dstIdx]&#x0A;    Which is: &apos;\0&apos;&#x0A;  borderValue&#x0A;    Which is: &apos;\x80&apos; (128)&#x0A;Border value mismatch at (13,19)&#x0A;" type=""><![CDATA[/home/cjxu/npp/test/unit/nppi/nppi_geometry_transforms/test_nppi_copyConstBorder.cpp:67
Expected equality of these values:
  dstData[dstIdx]
    Which is: '\0'
  borderValue
    Which is: '\x80' (128)
Border value mismatch at (13,19)
]]></failure>
      <failure message="/home/cjxu/npp/test/unit/nppi/nppi_geometry_transforms/test_nppi_copyConstBorder.cpp:67&#x0A;Expected equality of these values:&#x0A;  dstData[dstIdx]&#x0A;    Which is: &apos;\0&apos;&#x0A;  borderValue&#x0A;    Which is: &apos;\x80&apos; (128)&#x0A;Border value mismatch at (14,19)&#x0A;" type=""><![CDATA[/home/cjxu/npp/test/unit/nppi/nppi_geometry_transforms/test_nppi_copyConstBorder.cpp:67
Expected equality of these values:
  dstData[dstIdx]
    Which is: '\0'
  borderValue
    Which is: '\x80' (128)
Border value mismatch at (14,19)
]]></failure>
      <failure message="/home/cjxu/npp/test/unit/nppi/nppi_geometry_transforms/test_nppi_copyConstBorder.cpp:67&#x0A;Expected equality of these values:&#x0A;  dstData[dstIdx]&#x0A;    Which is: &apos;\0&apos;&#x0A;  borderValue&#x0A;    Which is: &apos;\x80&apos; (128)&#x0A;Border value mismatch at (15,19)&#x0A;" type=""><![CDATA[/home/cjxu/npp/test/unit/nppi/nppi_geometry_transforms/test_nppi_copyConstBorder.cpp:67
Expected equality of these values:
  dstData[dstIdx]
    Which is: '\0'
  borderValue
    Which is: '\x80' (128)
Border value mismatch at (15,19)
]]></failure>
      <failure message="/home/cjxu/npp/test/unit/nppi/nppi_geometry_transforms/test_nppi_copyConstBorder.cpp:67&#x0A;Expected equality of these values:&#x0A;  dstData[dstIdx]&#x0A;    Which is: &apos;\0&apos;&#x0A;  borderValue&#x0A;    Which is: &apos;\x80&apos; (128)&#x0A;Border value mismatch at (16,19)&#x0A;" type=""><![CDATA[/home/cjxu/npp/test/unit/nppi/nppi_geometry_transforms/test_nppi_copyConstBorder.cpp:67
Expected equality of these values:
  dstData[dstIdx]
    Which is: '\0'
  borderValue
    Which is: '\x80' (128)
Border value mismatch at (16,19)
]]></failure>
      <failure message="/home/cjxu/npp/test/unit/nppi/nppi_geometry_transforms/test_nppi_copyConstBorder.cpp:67&#x0A;Expected equality of these values:&#x0A;  dstData[dstIdx]&#x0A;    Which is: &apos;\0&apos;&#x0A;  borderValue&#x0A;    Which is: &apos;\x80&apos; (128)&#x0A;Border value mismatch at (17,19)&#x0A;" type=""><![CDATA[/home/cjxu/npp/test/unit/nppi/nppi_geometry_transforms/test_nppi_copyConstBorder.cpp:67
Expected equality of these values:
  dstData[dstIdx]
    Which is: '\0'
  borderValue
    Which is: '\x80' (128)
Border value mismatch at (17,19)
]]></failure>
      <failure message="/home/cjxu/npp/test/unit/nppi/nppi_geometry_transforms/test_nppi_copyConstBorder.cpp:67&#x0A;Expected equality of these values:&#x0A;  dstData[dstIdx]&#x0A;    Which is: &apos;\0&apos;&#x0A;  borderValue&#x0A;    Which is: &apos;\x80&apos; (128)&#x0A;Border value mismatch at (18,19)&#x0A;" type=""><![CDATA[/home/cjxu/npp/test/unit/nppi/nppi_geometry_transforms/test_nppi_copyConstBorder.cpp:67
Expected equality of these values:
  dstData[dstIdx]
    Which is: '\0'
  borderValue
    Which is: '\x80' (128)
Border value mismatch at (18,19)
]]></failure>
      <failure message="/home/cjxu/npp/test/unit/nppi/nppi_geometry_transforms/test_nppi_copyConstBorder.cpp:67&#x0A;Expected equality of these values:&#x0A;  dstData[dstIdx]&#x0A;    Which is: &apos;\0&apos;&#x0A;  borderValue&#x0A;    Which is: &apos;\x80&apos; (128)&#x0A;Border value mismatch at (19,19)&#x0A;" type=""><![CDATA[/home/cjxu/npp/test/unit/nppi/nppi_geometry_transforms/test_nppi_copyConstBorder.cpp:67
Expected equality of these values:
  dstData[dstIdx]
    Which is: '\0'
  borderValue
    Which is: '\x80' (128)
Border value mismatch at (19,19)
]]></failure>
      <failure message="/home/cjxu/npp/test/unit/nppi/nppi_geometry_transforms/test_nppi_copyConstBorder.cpp:67&#x0A;Expected equality of these values:&#x0A;  dstData[dstIdx]&#x0A;    Which is: &apos;\0&apos;&#x0A;  borderValue&#x0A;    Which is: &apos;\x80&apos; (128)&#x0A;Border value mismatch at (20,19)&#x0A;" type=""><![CDATA[/home/cjxu/npp/test/unit/nppi/nppi_geometry_transforms/test_nppi_copyConstBorder.cpp:67
Expected equality of these values:
  dstData[dstIdx]
    Which is: '\0'
  borderValue
    Which is: '\x80' (128)
Border value mismatch at (20,19)
]]></failure>
      <failure message="/home/cjxu/npp/test/unit/nppi/nppi_geometry_transforms/test_nppi_copyConstBorder.cpp:67&#x0A;Expected equality of these values:&#x0A;  dstData[dstIdx]&#x0A;    Which is: &apos;\0&apos;&#x0A;  borderValue&#x0A;    Which is: &apos;\x80&apos; (128)&#x0A;Border value mismatch at (21,19)&#x0A;" type=""><![CDATA[/home/cjxu/npp/test/unit/nppi/nppi_geometry_transforms/test_nppi_copyConstBorder.cpp:67
Expected equality of these values:
  dstData[dstIdx]
    Which is: '\0'
  borderValue
    Which is: '\x80' (128)
Border value mismatch at (21,19)
]]></failure>
      <failure message="/home/cjxu/npp/test/unit/nppi/nppi_geometry_transforms/test_nppi_copyConstBorder.cpp:67&#x0A;Expected equality of these values:&#x0A;  dstData[dstIdx]&#x0A;    Which is: &apos;\0&apos;&#x0A;  borderValue&#x0A;    Which is: &apos;\x80&apos; (128)&#x0A;Border value mismatch at (22,19)&#x0A;" type=""><![CDATA[/home/cjxu/npp/test/unit/nppi/nppi_geometry_transforms/test_nppi_copyConstBorder.cpp:67
Expected equality of these values:
  dstData[dstIdx]
    Which is: '\0'
  borderValue
    Which is: '\x80' (128)
Border value mismatch at (22,19)
]]></failure>
      <failure message="/home/cjxu/npp/test/unit/nppi/nppi_geometry_transforms/test_nppi_copyConstBorder.cpp:67&#x0A;Expected equality of these values:&#x0A;  dstData[dstIdx]&#x0A;    Which is: &apos;\0&apos;&#x0A;  borderValue&#x0A;    Which is: &apos;\x80&apos; (128)&#x0A;Border value mismatch at (23,19)&#x0A;" type=""><![CDATA[/home/cjxu/npp/test/unit/nppi/nppi_geometry_transforms/test_nppi_copyConstBorder.cpp:67
Expected equality of these values:
  dstData[dstIdx]
    Which is: '\0'
  borderValue
    Which is: '\x80' (128)
Border value mismatch at (23,19)
]]></failure>
      <failure message="/home/cjxu/npp/test/unit/nppi/nppi_geometry_transforms/test_nppi_copyConstBorder.cpp:67&#x0A;Expected equality of these values:&#x0A;  dstData[dstIdx]&#x0A;    Which is: &apos;\0&apos;&#x0A;  borderValue&#x0A;    Which is: &apos;\x80&apos; (128)&#x0A;Border value mismatch at (0,20)&#x0A;" type=""><![CDATA[/home/cjxu/npp/test/unit/nppi/nppi_geometry_transforms/test_nppi_copyConstBorder.cpp:67
Expected equality of these values:
  dstData[dstIdx]
    Which is: '\0'
  borderValue
    Which is: '\x80' (128)
Border value mismatch at (0,20)
]]></failure>
      <failure message="/home/cjxu/npp/test/unit/nppi/nppi_geometry_transforms/test_nppi_copyConstBorder.cpp:67&#x0A;Expected equality of these values:&#x0A;  dstData[dstIdx]&#x0A;    Which is: &apos;\0&apos;&#x0A;  borderValue&#x0A;    Which is: &apos;\x80&apos; (128)&#x0A;Border value mismatch at (1,20)&#x0A;" type=""><![CDATA[/home/cjxu/npp/test/unit/nppi/nppi_geometry_transforms/test_nppi_copyConstBorder.cpp:67
Expected equality of these values:
  dstData[dstIdx]
    Which is: '\0'
  borderValue
    Which is: '\x80' (128)
Border value mismatch at (1,20)
]]></failure>
      <failure message="/home/cjxu/npp/test/unit/nppi/nppi_geometry_transforms/test_nppi_copyConstBorder.cpp:67&#x0A;Expected equality of these values:&#x0A;  dstData[dstIdx]&#x0A;    Which is: &apos;\0&apos;&#x0A;  borderValue&#x0A;    Which is: &apos;\x80&apos; (128)&#x0A;Border value mismatch at (2,20)&#x0A;" type=""><![CDATA[/home/cjxu/npp/test/unit/nppi/nppi_geometry_transforms/test_nppi_copyConstBorder.cpp:67
Expected equality of these values:
  dstData[dstIdx]
    Which is: '\0'
  borderValue
    Which is: '\x80' (128)
Border value mismatch at (2,20)
]]></failure>
      <failure message="/home/cjxu/npp/test/unit/nppi/nppi_geometry_transforms/test_nppi_copyConstBorder.cpp:67&#x0A;Expected equality of these values:&#x0A;  dstData[dstIdx]&#x0A;    Which is: &apos;\0&apos;&#x0A;  borderValue&#x0A;    Which is: &apos;\x80&apos; (128)&#x0A;Border value mismatch at (3,20)&#x0A;" type=""><![CDATA[/home/cjxu/npp/test/unit/nppi/nppi_geometry_transforms/test_nppi_copyConstBorder.cpp:67
Expected equality of these values:
  dstData[dstIdx]
    Which is: '\0'
  borderValue
    Which is: '\x80' (128)
Border value mismatch at (3,20)
]]></failure>
      <failure message="/home/cjxu/npp/test/unit/nppi/nppi_geometry_transforms/test_nppi_copyConstBorder.cpp:67&#x0A;Expected equality of these values:&#x0A;  dstData[dstIdx]&#x0A;    Which is: &apos;\0&apos;&#x0A;  borderValue&#x0A;    Which is: &apos;\x80&apos; (128)&#x0A;Border value mismatch at (4,20)&#x0A;" type=""><![CDATA[/home/cjxu/npp/test/unit/nppi/nppi_geometry_transforms/test_nppi_copyConstBorder.cpp:67
Expected equality of these values:
  dstData[dstIdx]
    Which is: '\0'
  borderValue
    Which is: '\x80' (128)
Border value mismatch at (4,20)
]]></failure>
      <failure message="/home/cjxu/npp/test/unit/nppi/nppi_geometry_transforms/test_nppi_copyConstBorder.cpp:67&#x0A;Expected equality of these values:&#x0A;  dstData[dstIdx]&#x0A;    Which is: &apos;\0&apos;&#x0A;  borderValue&#x0A;    Which is: &apos;\x80&apos; (128)&#x0A;Border value mismatch at (5,20)&#x0A;" type=""><![CDATA[/home/cjxu/npp/test/unit/nppi/nppi_geometry_transforms/test_nppi_copyConstBorder.cpp:67
Expected equality of these values:
  dstData[dstIdx]
    Which is: '\0'
  borderValue
    Which is: '\x80' (128)
Border value mismatch at (5,20)
]]></failure>
      <failure message="/home/cjxu/npp/test/unit/nppi/nppi_geometry_transforms/test_nppi_copyConstBorder.cpp:67&#x0A;Expected equality of these values:&#x0A;  dstData[dstIdx]&#x0A;    Which is: &apos;\0&apos;&#x0A;  borderValue&#x0A;    Which is: &apos;\x80&apos; (128)&#x0A;Border value mismatch at (6,20)&#x0A;" type=""><![CDATA[/home/cjxu/npp/test/unit/nppi/nppi_geometry_transforms/test_nppi_copyConstBorder.cpp:67
Expected equality of these values:
  dstData[dstIdx]
    Which is: '\0'
  borderValue
    Which is: '\x80' (128)
Border value mismatch at (6,20)
]]></failure>
      <failure message="/home/cjxu/npp/test/unit/nppi/nppi_geometry_transforms/test_nppi_copyConstBorder.cpp:67&#x0A;Expected equality of these values:&#x0A;  dstData[dstIdx]&#x0A;    Which is: &apos;\0&apos;&#x0A;  borderValue&#x0A;    Which is: &apos;\x80&apos; (128)&#x0A;Border value mismatch at (7,20)&#x0A;" type=""><![CDATA[/home/cjxu/npp/test/unit/nppi/nppi_geometry_transforms/test_nppi_copyConstBorder.cpp:67
Expected equality of these values:
  dstData[dstIdx]
    Which is: '\0'
  borderValue
    Which is: '\x80' (128)
Border value mismatch at (7,20)
]]></failure>
      <failure message="/home/cjxu/npp/test/unit/nppi/nppi_geometry_transforms/test_nppi_copyConstBorder.cpp:67&#x0A;Expected equality of these values:&#x0A;  dstData[dstIdx]&#x0A;    Which is: &apos;\0&apos;&#x0A;  borderValue&#x0A;    Which is: &apos;\x80&apos; (128)&#x0A;Border value mismatch at (8,20)&#x0A;" type=""><![CDATA[/home/cjxu/npp/test/unit/nppi/nppi_geometry_transforms/test_nppi_copyConstBorder.cpp:67
Expected equality of these values:
  dstData[dstIdx]
    Which is: '\0'
  borderValue
    Which is: '\x80' (128)
Border value mismatch at (8,20)
]]></failure>
      <failure message="/home/cjxu/npp/test/unit/nppi/nppi_geometry_transforms/test_nppi_copyConstBorder.cpp:67&#x0A;Expected equality of these values:&#x0A;  dstData[dstIdx]&#x0A;    Which is: &apos;\0&apos;&#x0A;  borderValue&#x0A;    Which is: &apos;\x80&apos; (128)&#x0A;Border value mismatch at (9,20)&#x0A;" type=""><![CDATA[/home/cjxu/npp/test/unit/nppi/nppi_geometry_transforms/test_nppi_copyConstBorder.cpp:67
Expected equality of these values:
  dstData[dstIdx]
    Which is: '\0'
  borderValue
    Which is: '\x80' (128)
Border value mismatch at (9,20)
]]></failure>
      <failure message="/home/cjxu/npp/test/unit/nppi/nppi_geometry_transforms/test_nppi_copyConstBorder.cpp:67&#x0A;Expected equality of these values:&#x0A;  dstData[dstIdx]&#x0A;    Which is: &apos;\0&apos;&#x0A;  borderValue&#x0A;    Which is: &apos;\x80&apos; (128)&#x0A;Border value mismatch at (10,20)&#x0A;" type=""><![CDATA[/home/cjxu/npp/test/unit/nppi/nppi_geometry_transforms/test_nppi_copyConstBorder.cpp:67
Expected equality of these values:
  dstData[dstIdx]
    Which is: '\0'
  borderValue
    Which is: '\x80' (128)
Border value mismatch at (10,20)
]]></failure>
      <failure message="/home/cjxu/npp/test/unit/nppi/nppi_geometry_transforms/test_nppi_copyConstBorder.cpp:67&#x0A;Expected equality of these values:&#x0A;  dstData[dstIdx]&#x0A;    Which is: &apos;\0&apos;&#x0A;  borderValue&#x0A;    Which is: &apos;\x80&apos; (128)&#x0A;Border value mismatch at (11,20)&#x0A;" type=""><![CDATA[/home/cjxu/npp/test/unit/nppi/nppi_geometry_transforms/test_nppi_copyConstBorder.cpp:67
Expected equality of these values:
  dstData[dstIdx]
    Which is: '\0'
  borderValue
    Which is: '\x80' (128)
Border value mismatch at (11,20)
]]></failure>
      <failure message="/home/cjxu/npp/test/unit/nppi/nppi_geometry_transforms/test_nppi_copyConstBorder.cpp:67&#x0A;Expected equality of these values:&#x0A;  dstData[dstIdx]&#x0A;    Which is: &apos;\0&apos;&#x0A;  borderValue&#x0A;    Which is: &apos;\x80&apos; (128)&#x0A;Border value mismatch at (12,20)&#x0A;" type=""><![CDATA[/home/cjxu/npp/test/unit/nppi/nppi_geometry_transforms/test_nppi_copyConstBorder.cpp:67
Expected equality of these values:
  dstData[dstIdx]
    Which is: '\0'
  borderValue
    Which is: '\x80' (128)
Border value mismatch at (12,20)
]]></failure>
      <failure message="/home/cjxu/npp/test/unit/nppi/nppi_geometry_transforms/test_nppi_copyConstBorder.cpp:67&#x0A;Expected equality of these values:&#x0A;  dstData[dstIdx]&#x0A;    Which is: &apos;\0&apos;&#x0A;  borderValue&#x0A;    Which is: &apos;\x80&apos; (128)&#x0A;Border value mismatch at (13,20)&#x0A;" type=""><![CDATA[/home/cjxu/npp/test/unit/nppi/nppi_geometry_transforms/test_nppi_copyConstBorder.cpp:67
Expected equality of these values:
  dstData[dstIdx]
    Which is: '\0'
  borderValue
    Which is: '\x80' (128)
Border value mismatch at (13,20)
]]></failure>
      <failure message="/home/cjxu/npp/test/unit/nppi/nppi_geometry_transforms/test_nppi_copyConstBorder.cpp:67&#x0A;Expected equality of these values:&#x0A;  dstData[dstIdx]&#x0A;    Which is: &apos;\0&apos;&#x0A;  borderValue&#x0A;    Which is: &apos;\x80&apos; (128)&#x0A;Border value mismatch at (14,20)&#x0A;" type=""><![CDATA[/home/cjxu/npp/test/unit/nppi/nppi_geometry_transforms/test_nppi_copyConstBorder.cpp:67
Expected equality of these values:
  dstData[dstIdx]
    Which is: '\0'
  borderValue
    Which is: '\x80' (128)
Border value mismatch at (14,20)
]]></failure>
      <failure message="/home/cjxu/npp/test/unit/nppi/nppi_geometry_transforms/test_nppi_copyConstBorder.cpp:67&#x0A;Expected equality of these values:&#x0A;  dstData[dstIdx]&#x0A;    Which is: &apos;\0&apos;&#x0A;  borderValue&#x0A;    Which is: &apos;\x80&apos; (128)&#x0A;Border value mismatch at (15,20)&#x0A;" type=""><![CDATA[/home/cjxu/npp/test/unit/nppi/nppi_geometry_transforms/test_nppi_copyConstBorder.cpp:67
Expected equality of these values:
  dstData[dstIdx]
    Which is: '\0'
  borderValue
    Which is: '\x80' (128)
Border value mismatch at (15,20)
]]></failure>
      <failure message="/home/cjxu/npp/test/unit/nppi/nppi_geometry_transforms/test_nppi_copyConstBorder.cpp:67&#x0A;Expected equality of these values:&#x0A;  dstData[dstIdx]&#x0A;    Which is: &apos;\0&apos;&#x0A;  borderValue&#x0A;    Which is: &apos;\x80&apos; (128)&#x0A;Border value mismatch at (16,20)&#x0A;" type=""><![CDATA[/home/cjxu/npp/test/unit/nppi/nppi_geometry_transforms/test_nppi_copyConstBorder.cpp:67
Expected equality of these values:
  dstData[dstIdx]
    Which is: '\0'
  borderValue
    Which is: '\x80' (128)
Border value mismatch at (16,20)
]]></failure>
      <failure message="/home/cjxu/npp/test/unit/nppi/nppi_geometry_transforms/test_nppi_copyConstBorder.cpp:67&#x0A;Expected equality of these values:&#x0A;  dstData[dstIdx]&#x0A;    Which is: &apos;\0&apos;&#x0A;  borderValue&#x0A;    Which is: &apos;\x80&apos; (128)&#x0A;Border value mismatch at (17,20)&#x0A;" type=""><![CDATA[/home/cjxu/npp/test/unit/nppi/nppi_geometry_transforms/test_nppi_copyConstBorder.cpp:67
Expected equality of these values:
  dstData[dstIdx]
    Which is: '\0'
  borderValue
    Which is: '\x80' (128)
Border value mismatch at (17,20)
]]></failure>
      <failure message="/home/cjxu/npp/test/unit/nppi/nppi_geometry_transforms/test_nppi_copyConstBorder.cpp:67&#x0A;Expected equality of these values:&#x0A;  dstData[dstIdx]&#x0A;    Which is: &apos;\0&apos;&#x0A;  borderValue&#x0A;    Which is: &apos;\x80&apos; (128)&#x0A;Border value mismatch at (18,20)&#x0A;" type=""><![CDATA[/home/cjxu/npp/test/unit/nppi/nppi_geometry_transforms/test_nppi_copyConstBorder.cpp:67
Expected equality of these values:
  dstData[dstIdx]
    Which is: '\0'
  borderValue
    Which is: '\x80' (128)
Border value mismatch at (18,20)
]]></failure>
      <failure message="/home/cjxu/npp/test/unit/nppi/nppi_geometry_transforms/test_nppi_copyConstBorder.cpp:67&#x0A;Expected equality of these values:&#x0A;  dstData[dstIdx]&#x0A;    Which is: &apos;\0&apos;&#x0A;  borderValue&#x0A;    Which is: &apos;\x80&apos; (128)&#x0A;Border value mismatch at (19,20)&#x0A;" type=""><![CDATA[/home/cjxu/npp/test/unit/nppi/nppi_geometry_transforms/test_nppi_copyConstBorder.cpp:67
Expected equality of these values:
  dstData[dstIdx]
    Which is: '\0'
  borderValue
    Which is: '\x80' (128)
Border value mismatch at (19,20)
]]></failure>
      <failure message="/home/cjxu/npp/test/unit/nppi/nppi_geometry_transforms/test_nppi_copyConstBorder.cpp:67&#x0A;Expected equality of these values:&#x0A;  dstData[dstIdx]&#x0A;    Which is: &apos;\0&apos;&#x0A;  borderValue&#x0A;    Which is: &apos;\x80&apos; (128)&#x0A;Border value mismatch at (20,20)&#x0A;" type=""><![CDATA[/home/cjxu/npp/test/unit/nppi/nppi_geometry_transforms/test_nppi_copyConstBorder.cpp:67
Expected equality of these values:
  dstData[dstIdx]
    Which is: '\0'
  borderValue
    Which is: '\x80' (128)
Border value mismatch at (20,20)
]]></failure>
      <failure message="/home/cjxu/npp/test/unit/nppi/nppi_geometry_transforms/test_nppi_copyConstBorder.cpp:67&#x0A;Expected equality of these values:&#x0A;  dstData[dstIdx]&#x0A;    Which is: &apos;\0&apos;&#x0A;  borderValue&#x0A;    Which is: &apos;\x80&apos; (128)&#x0A;Border value mismatch at (21,20)&#x0A;" type=""><![CDATA[/home/cjxu/npp/test/unit/nppi/nppi_geometry_transforms/test_nppi_copyConstBorder.cpp:67
Expected equality of these values:
  dstData[dstIdx]
    Which is: '\0'
  borderValue
    Which is: '\x80' (128)
Border value mismatch at (21,20)
]]></failure>
      <failure message="/home/cjxu/npp/test/unit/nppi/nppi_geometry_transforms/test_nppi_copyConstBorder.cpp:67&#x0A;Expected equality of these values:&#x0A;  dstData[dstIdx]&#x0A;    Which is: &apos;\0&apos;&#x0A;  borderValue&#x0A;    Which is: &apos;\x80&apos; (128)&#x0A;Border value mismatch at (22,20)&#x0A;" type=""><![CDATA[/home/cjxu/npp/test/unit/nppi/nppi_geometry_transforms/test_nppi_copyConstBorder.cpp:67
Expected equality of these values:
  dstData[dstIdx]
    Which is: '\0'
  borderValue
    Which is: '\x80' (128)
Border value mismatch at (22,20)
]]></failure>
      <failure message="/home/cjxu/npp/test/unit/nppi/nppi_geometry_transforms/test_nppi_copyConstBorder.cpp:67&#x0A;Expected equality of these values:&#x0A;  dstData[dstIdx]&#x0A;    Which is: &apos;\0&apos;&#x0A;  borderValue&#x0A;    Which is: &apos;\x80&apos; (128)&#x0A;Border value mismatch at (23,20)&#x0A;" type=""><![CDATA[/home/cjxu/npp/test/unit/nppi/nppi_geometry_transforms/test_nppi_copyConstBorder.cpp:67
Expected equality of these values:
  dstData[dstIdx]
    Which is: '\0'
  borderValue
    Which is: '\x80' (128)
Border value mismatch at (23,20)
]]></failure>
      <failure message="/home/cjxu/npp/test/unit/nppi/nppi_geometry_transforms/test_nppi_copyConstBorder.cpp:67&#x0A;Expected equality of these values:&#x0A;  dstData[dstIdx]&#x0A;    Which is: &apos;\0&apos;&#x0A;  borderValue&#x0A;    Which is: &apos;\x80&apos; (128)&#x0A;Border value mismatch at (0,21)&#x0A;" type=""><![CDATA[/home/cjxu/npp/test/unit/nppi/nppi_geometry_transforms/test_nppi_copyConstBorder.cpp:67
Expected equality of these values:
  dstData[dstIdx]
    Which is: '\0'
  borderValue
    Which is: '\x80' (128)
Border value mismatch at (0,21)
]]></failure>
      <failure message="/home/cjxu/npp/test/unit/nppi/nppi_geometry_transforms/test_nppi_copyConstBorder.cpp:67&#x0A;Expected equality of these values:&#x0A;  dstData[dstIdx]&#x0A;    Which is: &apos;\0&apos;&#x0A;  borderValue&#x0A;    Which is: &apos;\x80&apos; (128)&#x0A;Border value mismatch at (1,21)&#x0A;" type=""><![CDATA[/home/cjxu/npp/test/unit/nppi/nppi_geometry_transforms/test_nppi_copyConstBorder.cpp:67
Expected equality of these values:
  dstData[dstIdx]
    Which is: '\0'
  borderValue
    Which is: '\x80' (128)
Border value mismatch at (1,21)
]]></failure>
      <failure message="/home/cjxu/npp/test/unit/nppi/nppi_geometry_transforms/test_nppi_copyConstBorder.cpp:67&#x0A;Expected equality of these values:&#x0A;  dstData[dstIdx]&#x0A;    Which is: &apos;\0&apos;&#x0A;  borderValue&#x0A;    Which is: &apos;\x80&apos; (128)&#x0A;Border value mismatch at (2,21)&#x0A;" type=""><![CDATA[/home/cjxu/npp/test/unit/nppi/nppi_geometry_transforms/test_nppi_copyConstBorder.cpp:67
Expected equality of these values:
  dstData[dstIdx]
    Which is: '\0'
  borderValue
    Which is: '\x80' (128)
Border value mismatch at (2,21)
]]></failure>
      <failure message="/home/cjxu/npp/test/unit/nppi/nppi_geometry_transforms/test_nppi_copyConstBorder.cpp:67&#x0A;Expected equality of these values:&#x0A;  dstData[dstIdx]&#x0A;    Which is: &apos;\0&apos;&#x0A;  borderValue&#x0A;    Which is: &apos;\x80&apos; (128)&#x0A;Border value mismatch at (3,21)&#x0A;" type=""><![CDATA[/home/cjxu/npp/test/unit/nppi/nppi_geometry_transforms/test_nppi_copyConstBorder.cpp:67
Expected equality of these values:
  dstData[dstIdx]
    Which is: '\0'
  borderValue
    Which is: '\x80' (128)
Border value mismatch at (3,21)
]]></failure>
      <failure message="/home/cjxu/npp/test/unit/nppi/nppi_geometry_transforms/test_nppi_copyConstBorder.cpp:67&#x0A;Expected equality of these values:&#x0A;  dstData[dstIdx]&#x0A;    Which is: &apos;\0&apos;&#x0A;  borderValue&#x0A;    Which is: &apos;\x80&apos; (128)&#x0A;Border value mismatch at (4,21)&#x0A;" type=""><![CDATA[/home/cjxu/npp/test/unit/nppi/nppi_geometry_transforms/test_nppi_copyConstBorder.cpp:67
Expected equality of these values:
  dstData[dstIdx]
    Which is: '\0'
  borderValue
    Which is: '\x80' (128)
Border value mismatch at (4,21)
]]></failure>
      <failure message="/home/cjxu/npp/test/unit/nppi/nppi_geometry_transforms/test_nppi_copyConstBorder.cpp:67&#x0A;Expected equality of these values:&#x0A;  dstData[dstIdx]&#x0A;    Which is: &apos;\0&apos;&#x0A;  borderValue&#x0A;    Which is: &apos;\x80&apos; (128)&#x0A;Border value mismatch at (5,21)&#x0A;" type=""><![CDATA[/home/cjxu/npp/test/unit/nppi/nppi_geometry_transforms/test_nppi_copyConstBorder.cpp:67
Expected equality of these values:
  dstData[dstIdx]
    Which is: '\0'
  borderValue
    Which is: '\x80' (128)
Border value mismatch at (5,21)
]]></failure>
      <failure message="/home/cjxu/npp/test/unit/nppi/nppi_geometry_transforms/test_nppi_copyConstBorder.cpp:67&#x0A;Expected equality of these values:&#x0A;  dstData[dstIdx]&#x0A;    Which is: &apos;\0&apos;&#x0A;  borderValue&#x0A;    Which is: &apos;\x80&apos; (128)&#x0A;Border value mismatch at (6,21)&#x0A;" type=""><![CDATA[/home/cjxu/npp/test/unit/nppi/nppi_geometry_transforms/test_nppi_copyConstBorder.cpp:67
Expected equality of these values:
  dstData[dstIdx]
    Which is: '\0'
  borderValue
    Which is: '\x80' (128)
Border value mismatch at (6,21)
]]></failure>
      <failure message="/home/cjxu/npp/test/unit/nppi/nppi_geometry_transforms/test_nppi_copyConstBorder.cpp:67&#x0A;Expected equality of these values:&#x0A;  dstData[dstIdx]&#x0A;    Which is: &apos;\0&apos;&#x0A;  borderValue&#x0A;    Which is: &apos;\x80&apos; (128)&#x0A;Border value mismatch at (7,21)&#x0A;" type=""><![CDATA[/home/cjxu/npp/test/unit/nppi/nppi_geometry_transforms/test_nppi_copyConstBorder.cpp:67
Expected equality of these values:
  dstData[dstIdx]
    Which is: '\0'
  borderValue
    Which is: '\x80' (128)
Border value mismatch at (7,21)
]]></failure>
      <failure message="/home/cjxu/npp/test/unit/nppi/nppi_geometry_transforms/test_nppi_copyConstBorder.cpp:67&#x0A;Expected equality of these values:&#x0A;  dstData[dstIdx]&#x0A;    Which is: &apos;\0&apos;&#x0A;  borderValue&#x0A;    Which is: &apos;\x80&apos; (128)&#x0A;Border value mismatch at (8,21)&#x0A;" type=""><![CDATA[/home/cjxu/npp/test/unit/nppi/nppi_geometry_transforms/test_nppi_copyConstBorder.cpp:67
Expected equality of these values:
  dstData[dstIdx]
    Which is: '\0'
  borderValue
    Which is: '\x80' (128)
Border value mismatch at (8,21)
]]></failure>
      <failure message="/home/cjxu/npp/test/unit/nppi/nppi_geometry_transforms/test_nppi_copyConstBorder.cpp:67&#x0A;Expected equality of these values:&#x0A;  dstData[dstIdx]&#x0A;    Which is: &apos;\0&apos;&#x0A;  borderValue&#x0A;    Which is: &apos;\x80&apos; (128)&#x0A;Border value mismatch at (9,21)&#x0A;" type=""><![CDATA[/home/cjxu/npp/test/unit/nppi/nppi_geometry_transforms/test_nppi_copyConstBorder.cpp:67
Expected equality of these values:
  dstData[dstIdx]
    Which is: '\0'
  borderValue
    Which is: '\x80' (128)
Border value mismatch at (9,21)
]]></failure>
      <failure message="/home/cjxu/npp/test/unit/nppi/nppi_geometry_transforms/test_nppi_copyConstBorder.cpp:67&#x0A;Expected equality of these values:&#x0A;  dstData[dstIdx]&#x0A;    Which is: &apos;\0&apos;&#x0A;  borderValue&#x0A;    Which is: &apos;\x80&apos; (128)&#x0A;Border value mismatch at (10,21)&#x0A;" type=""><![CDATA[/home/cjxu/npp/test/unit/nppi/nppi_geometry_transforms/test_nppi_copyConstBorder.cpp:67
Expected equality of these values:
  dstData[dstIdx]
    Which is: '\0'
  borderValue
    Which is: '\x80' (128)
Border value mismatch at (10,21)
]]></failure>
      <failure message="/home/cjxu/npp/test/unit/nppi/nppi_geometry_transforms/test_nppi_copyConstBorder.cpp:67&#x0A;Expected equality of these values:&#x0A;  dstData[dstIdx]&#x0A;    Which is: &apos;\0&apos;&#x0A;  borderValue&#x0A;    Which is: &apos;\x80&apos; (128)&#x0A;Border value mismatch at (11,21)&#x0A;" type=""><![CDATA[/home/cjxu/npp/test/unit/nppi/nppi_geometry_transforms/test_nppi_copyConstBorder.cpp:67
Expected equality of these values:
  dstData[dstIdx]
    Which is: '\0'
  borderValue
    Which is: '\x80' (128)
Border value mismatch at (11,21)
]]></failure>
      <failure message="/home/cjxu/npp/test/unit/nppi/nppi_geometry_transforms/test_nppi_copyConstBorder.cpp:67&#x0A;Expected equality of these values:&#x0A;  dstData[dstIdx]&#x0A;    Which is: &apos;\0&apos;&#x0A;  borderValue&#x0A;    Which is: &apos;\x80&apos; (128)&#x0A;Border value mismatch at (12,21)&#x0A;" type=""><![CDATA[/home/cjxu/npp/test/unit/nppi/nppi_geometry_transforms/test_nppi_copyConstBorder.cpp:67
Expected equality of these values:
  dstData[dstIdx]
    Which is: '\0'
  borderValue
    Which is: '\x80' (128)
Border value mismatch at (12,21)
]]></failure>
      <failure message="/home/cjxu/npp/test/unit/nppi/nppi_geometry_transforms/test_nppi_copyConstBorder.cpp:67&#x0A;Expected equality of these values:&#x0A;  dstData[dstIdx]&#x0A;    Which is: &apos;\0&apos;&#x0A;  borderValue&#x0A;    Which is: &apos;\x80&apos; (128)&#x0A;Border value mismatch at (13,21)&#x0A;" type=""><![CDATA[/home/cjxu/npp/test/unit/nppi/nppi_geometry_transforms/test_nppi_copyConstBorder.cpp:67
Expected equality of these values:
  dstData[dstIdx]
    Which is: '\0'
  borderValue
    Which is: '\x80' (128)
Border value mismatch at (13,21)
]]></failure>
      <failure message="/home/cjxu/npp/test/unit/nppi/nppi_geometry_transforms/test_nppi_copyConstBorder.cpp:67&#x0A;Expected equality of these values:&#x0A;  dstData[dstIdx]&#x0A;    Which is: &apos;\0&apos;&#x0A;  borderValue&#x0A;    Which is: &apos;\x80&apos; (128)&#x0A;Border value mismatch at (14,21)&#x0A;" type=""><![CDATA[/home/cjxu/npp/test/unit/nppi/nppi_geometry_transforms/test_nppi_copyConstBorder.cpp:67
Expected equality of these values:
  dstData[dstIdx]
    Which is: '\0'
  borderValue
    Which is: '\x80' (128)
Border value mismatch at (14,21)
]]></failure>
      <failure message="/home/cjxu/npp/test/unit/nppi/nppi_geometry_transforms/test_nppi_copyConstBorder.cpp:67&#x0A;Expected equality of these values:&#x0A;  dstData[dstIdx]&#x0A;    Which is: &apos;\0&apos;&#x0A;  borderValue&#x0A;    Which is: &apos;\x80&apos; (128)&#x0A;Border value mismatch at (15,21)&#x0A;" type=""><![CDATA[/home/cjxu/npp/test/unit/nppi/nppi_geometry_transforms/test_nppi_copyConstBorder.cpp:67
Expected equality of these values:
  dstData[dstIdx]
    Which is: '\0'
  borderValue
    Which is: '\x80' (128)
Border value mismatch at (15,21)
]]></failure>
      <failure message="/home/cjxu/npp/test/unit/nppi/nppi_geometry_transforms/test_nppi_copyConstBorder.cpp:67&#x0A;Expected equality of these values:&#x0A;  dstData[dstIdx]&#x0A;    Which is: &apos;\0&apos;&#x0A;  borderValue&#x0A;    Which is: &apos;\x80&apos; (128)&#x0A;Border value mismatch at (16,21)&#x0A;" type=""><![CDATA[/home/cjxu/npp/test/unit/nppi/nppi_geometry_transforms/test_nppi_copyConstBorder.cpp:67
Expected equality of these values:
  dstData[dstIdx]
    Which is: '\0'
  borderValue
    Which is: '\x80' (128)
Border value mismatch at (16,21)
]]></failure>
      <failure message="/home/cjxu/npp/test/unit/nppi/nppi_geometry_transforms/test_nppi_copyConstBorder.cpp:67&#x0A;Expected equality of these values:&#x0A;  dstData[dstIdx]&#x0A;    Which is: &apos;\0&apos;&#x0A;  borderValue&#x0A;    Which is: &apos;\x80&apos; (128)&#x0A;Border value mismatch at (17,21)&#x0A;" type=""><![CDATA[/home/cjxu/npp/test/unit/nppi/nppi_geometry_transforms/test_nppi_copyConstBorder.cpp:67
Expected equality of these values:
  dstData[dstIdx]
    Which is: '\0'
  borderValue
    Which is: '\x80' (128)
Border value mismatch at (17,21)
]]></failure>
      <failure message="/home/cjxu/npp/test/unit/nppi/nppi_geometry_transforms/test_nppi_copyConstBorder.cpp:67&#x0A;Expected equality of these values:&#x0A;  dstData[dstIdx]&#x0A;    Which is: &apos;\0&apos;&#x0A;  borderValue&#x0A;    Which is: &apos;\x80&apos; (128)&#x0A;Border value mismatch at (18,21)&#x0A;" type=""><![CDATA[/home/cjxu/npp/test/unit/nppi/nppi_geometry_transforms/test_nppi_copyConstBorder.cpp:67
Expected equality of these values:
  dstData[dstIdx]
    Which is: '\0'
  borderValue
    Which is: '\x80' (128)
Border value mismatch at (18,21)
]]></failure>
      <failure message="/home/cjxu/npp/test/unit/nppi/nppi_geometry_transforms/test_nppi_copyConstBorder.cpp:67&#x0A;Expected equality of these values:&#x0A;  dstData[dstIdx]&#x0A;    Which is: &apos;\0&apos;&#x0A;  borderValue&#x0A;    Which is: &apos;\x80&apos; (128)&#x0A;Border value mismatch at (19,21)&#x0A;" type=""><![CDATA[/home/cjxu/npp/test/unit/nppi/nppi_geometry_transforms/test_nppi_copyConstBorder.cpp:67
Expected equality of these values:
  dstData[dstIdx]
    Which is: '\0'
  borderValue
    Which is: '\x80' (128)
Border value mismatch at (19,21)
]]></failure>
      <failure message="/home/cjxu/npp/test/unit/nppi/nppi_geometry_transforms/test_nppi_copyConstBorder.cpp:67&#x0A;Expected equality of these values:&#x0A;  dstData[dstIdx]&#x0A;    Which is: &apos;\0&apos;&#x0A;  borderValue&#x0A;    Which is: &apos;\x80&apos; (128)&#x0A;Border value mismatch at (20,21)&#x0A;" type=""><![CDATA[/home/cjxu/npp/test/unit/nppi/nppi_geometry_transforms/test_nppi_copyConstBorder.cpp:67
Expected equality of these values:
  dstData[dstIdx]
    Which is: '\0'
  borderValue
    Which is: '\x80' (128)
Border value mismatch at (20,21)
]]></failure>
      <failure message="/home/cjxu/npp/test/unit/nppi/nppi_geometry_transforms/test_nppi_copyConstBorder.cpp:67&#x0A;Expected equality of these values:&#x0A;  dstData[dstIdx]&#x0A;    Which is: &apos;\0&apos;&#x0A;  borderValue&#x0A;    Which is: &apos;\x80&apos; (128)&#x0A;Border value mismatch at (21,21)&#x0A;" type=""><![CDATA[/home/cjxu/npp/test/unit/nppi/nppi_geometry_transforms/test_nppi_copyConstBorder.cpp:67
Expected equality of these values:
  dstData[dstIdx]
    Which is: '\0'
  borderValue
    Which is: '\x80' (128)
Border value mismatch at (21,21)
]]></failure>
      <failure message="/home/cjxu/npp/test/unit/nppi/nppi_geometry_transforms/test_nppi_copyConstBorder.cpp:67&#x0A;Expected equality of these values:&#x0A;  dstData[dstIdx]&#x0A;    Which is: &apos;\0&apos;&#x0A;  borderValue&#x0A;    Which is: &apos;\x80&apos; (128)&#x0A;Border value mismatch at (22,21)&#x0A;" type=""><![CDATA[/home/cjxu/npp/test/unit/nppi/nppi_geometry_transforms/test_nppi_copyConstBorder.cpp:67
Expected equality of these values:
  dstData[dstIdx]
    Which is: '\0'
  borderValue
    Which is: '\x80' (128)
Border value mismatch at (22,21)
]]></failure>
      <failure message="/home/cjxu/npp/test/unit/nppi/nppi_geometry_transforms/test_nppi_copyConstBorder.cpp:67&#x0A;Expected equality of these values:&#x0A;  dstData[dstIdx]&#x0A;    Which is: &apos;\0&apos;&#x0A;  borderValue&#x0A;    Which is: &apos;\x80&apos; (128)&#x0A;Border value mismatch at (23,21)&#x0A;" type=""><![CDATA[/home/cjxu/npp/test/unit/nppi/nppi_geometry_transforms/test_nppi_copyConstBorder.cpp:67
Expected equality of these values:
  dstData[dstIdx]
    Which is: '\0'
  borderValue
    Which is: '\x80' (128)
Border value mismatch at (23,21)
]]></failure>
    </testcase>
    <testcase name="CopyConstBorder_8u_C3R" file="/home/cjxu/npp/test/unit/nppi/nppi_geometry_transforms/test_nppi_copyConstBorder.cpp" line="143" status="run" result="completed" time="0.01" timestamp="2025-09-13T22:25:51.631" classname="NPPICopyConstBorderTest">
      <failure message="/home/cjxu/npp/test/unit/nppi/nppi_geometry_transforms/test_nppi_copyConstBorder.cpp:167&#x0A;Expected equality of these values:&#x0A;  status&#x0A;    Which is: -8&#x0A;  NPP_SUCCESS&#x0A;    Which is: 0&#x0A;" type=""><![CDATA[/home/cjxu/npp/test/unit/nppi/nppi_geometry_transforms/test_nppi_copyConstBorder.cpp:167
Expected equality of these values:
  status
    Which is: -8
  NPP_SUCCESS
    Which is: 0
]]></failure>
      <failure message="/home/cjxu/npp/test/unit/nppi/nppi_geometry_transforms/test_nppi_copyConstBorder.cpp:95&#x0A;Expected equality of these values:&#x0A;  dstData[dstIdx]&#x0A;    Which is: &apos;\0&apos;&#x0A;  borderValues[c]&#x0A;    Which is: &apos;d&apos; (100, 0x64)&#x0A;Border value mismatch at (0,0) channel 0&#x0A;" type=""><![CDATA[/home/cjxu/npp/test/unit/nppi/nppi_geometry_transforms/test_nppi_copyConstBorder.cpp:95
Expected equality of these values:
  dstData[dstIdx]
    Which is: '\0'
  borderValues[c]
    Which is: 'd' (100, 0x64)
Border value mismatch at (0,0) channel 0
]]></failure>
      <failure message="/home/cjxu/npp/test/unit/nppi/nppi_geometry_transforms/test_nppi_copyConstBorder.cpp:95&#x0A;Expected equality of these values:&#x0A;  dstData[dstIdx]&#x0A;    Which is: &apos;\0&apos;&#x0A;  borderValues[c]&#x0A;    Which is: &apos;\x96&apos; (150)&#x0A;Border value mismatch at (0,0) channel 1&#x0A;" type=""><![CDATA[/home/cjxu/npp/test/unit/nppi/nppi_geometry_transforms/test_nppi_copyConstBorder.cpp:95
Expected equality of these values:
  dstData[dstIdx]
    Which is: '\0'
  borderValues[c]
    Which is: '\x96' (150)
Border value mismatch at (0,0) channel 1
]]></failure>
      <failure message="/home/cjxu/npp/test/unit/nppi/nppi_geometry_transforms/test_nppi_copyConstBorder.cpp:95&#x0A;Expected equality of these values:&#x0A;  dstData[dstIdx]&#x0A;    Which is: &apos;\0&apos;&#x0A;  borderValues[c]&#x0A;    Which is: &apos;\xC8&apos; (200)&#x0A;Border value mismatch at (0,0) channel 2&#x0A;" type=""><![CDATA[/home/cjxu/npp/test/unit/nppi/nppi_geometry_transforms/test_nppi_copyConstBorder.cpp:95
Expected equality of these values:
  dstData[dstIdx]
    Which is: '\0'
  borderValues[c]
    Which is: '\xC8' (200)
Border value mismatch at (0,0) channel 2
]]></failure>
      <failure message="/home/cjxu/npp/test/unit/nppi/nppi_geometry_transforms/test_nppi_copyConstBorder.cpp:95&#x0A;Expected equality of these values:&#x0A;  dstData[dstIdx]&#x0A;    Which is: &apos;\0&apos;&#x0A;  borderValues[c]&#x0A;    Which is: &apos;d&apos; (100, 0x64)&#x0A;Border value mismatch at (1,0) channel 0&#x0A;" type=""><![CDATA[/home/cjxu/npp/test/unit/nppi/nppi_geometry_transforms/test_nppi_copyConstBorder.cpp:95
Expected equality of these values:
  dstData[dstIdx]
    Which is: '\0'
  borderValues[c]
    Which is: 'd' (100, 0x64)
Border value mismatch at (1,0) channel 0
]]></failure>
      <failure message="/home/cjxu/npp/test/unit/nppi/nppi_geometry_transforms/test_nppi_copyConstBorder.cpp:95&#x0A;Expected equality of these values:&#x0A;  dstData[dstIdx]&#x0A;    Which is: &apos;\0&apos;&#x0A;  borderValues[c]&#x0A;    Which is: &apos;\x96&apos; (150)&#x0A;Border value mismatch at (1,0) channel 1&#x0A;" type=""><![CDATA[/home/cjxu/npp/test/unit/nppi/nppi_geometry_transforms/test_nppi_copyConstBorder.cpp:95
Expected equality of these values:
  dstData[dstIdx]
    Which is: '\0'
  borderValues[c]
    Which is: '\x96' (150)
Border value mismatch at (1,0) channel 1
]]></failure>
      <failure message="/home/cjxu/npp/test/unit/nppi/nppi_geometry_transforms/test_nppi_copyConstBorder.cpp:95&#x0A;Expected equality of these values:&#x0A;  dstData[dstIdx]&#x0A;    Which is: &apos;\0&apos;&#x0A;  borderValues[c]&#x0A;    Which is: &apos;\xC8&apos; (200)&#x0A;Border value mismatch at (1,0) channel 2&#x0A;" type=""><![CDATA[/home/cjxu/npp/test/unit/nppi/nppi_geometry_transforms/test_nppi_copyConstBorder.cpp:95
Expected equality of these values:
  dstData[dstIdx]
    Which is: '\0'
  borderValues[c]
    Which is: '\xC8' (200)
Border value mismatch at (1,0) channel 2
]]></failure>
      <failure message="/home/cjxu/npp/test/unit/nppi/nppi_geometry_transforms/test_nppi_copyConstBorder.cpp:95&#x0A;Expected equality of these values:&#x0A;  dstData[dstIdx]&#x0A;    Which is: &apos;\0&apos;&#x0A;  borderValues[c]&#x0A;    Which is: &apos;d&apos; (100, 0x64)&#x0A;Border value mismatch at (2,0) channel 0&#x0A;" type=""><![CDATA[/home/cjxu/npp/test/unit/nppi/nppi_geometry_transforms/test_nppi_copyConstBorder.cpp:95
Expected equality of these values:
  dstData[dstIdx]
    Which is: '\0'
  borderValues[c]
    Which is: 'd' (100, 0x64)
Border value mismatch at (2,0) channel 0
]]></failure>
      <failure message="/home/cjxu/npp/test/unit/nppi/nppi_geometry_transforms/test_nppi_copyConstBorder.cpp:95&#x0A;Expected equality of these values:&#x0A;  dstData[dstIdx]&#x0A;    Which is: &apos;\0&apos;&#x0A;  borderValues[c]&#x0A;    Which is: &apos;\x96&apos; (150)&#x0A;Border value mismatch at (2,0) channel 1&#x0A;" type=""><![CDATA[/home/cjxu/npp/test/unit/nppi/nppi_geometry_transforms/test_nppi_copyConstBorder.cpp:95
Expected equality of these values:
  dstData[dstIdx]
    Which is: '\0'
  borderValues[c]
    Which is: '\x96' (150)
Border value mismatch at (2,0) channel 1
]]></failure>
      <failure message="/home/cjxu/npp/test/unit/nppi/nppi_geometry_transforms/test_nppi_copyConstBorder.cpp:95&#x0A;Expected equality of these values:&#x0A;  dstData[dstIdx]&#x0A;    Which is: &apos;\0&apos;&#x0A;  borderValues[c]&#x0A;    Which is: &apos;\xC8&apos; (200)&#x0A;Border value mismatch at (2,0) channel 2&#x0A;" type=""><![CDATA[/home/cjxu/npp/test/unit/nppi/nppi_geometry_transforms/test_nppi_copyConstBorder.cpp:95
Expected equality of these values:
  dstData[dstIdx]
    Which is: '\0'
  borderValues[c]
    Which is: '\xC8' (200)
Border value mismatch at (2,0) channel 2
]]></failure>
      <failure message="/home/cjxu/npp/test/unit/nppi/nppi_geometry_transforms/test_nppi_copyConstBorder.cpp:95&#x0A;Expected equality of these values:&#x0A;  dstData[dstIdx]&#x0A;    Which is: &apos;\0&apos;&#x0A;  borderValues[c]&#x0A;    Which is: &apos;d&apos; (100, 0x64)&#x0A;Border value mismatch at (3,0) channel 0&#x0A;" type=""><![CDATA[/home/cjxu/npp/test/unit/nppi/nppi_geometry_transforms/test_nppi_copyConstBorder.cpp:95
Expected equality of these values:
  dstData[dstIdx]
    Which is: '\0'
  borderValues[c]
    Which is: 'd' (100, 0x64)
Border value mismatch at (3,0) channel 0
]]></failure>
      <failure message="/home/cjxu/npp/test/unit/nppi/nppi_geometry_transforms/test_nppi_copyConstBorder.cpp:95&#x0A;Expected equality of these values:&#x0A;  dstData[dstIdx]&#x0A;    Which is: &apos;\0&apos;&#x0A;  borderValues[c]&#x0A;    Which is: &apos;\x96&apos; (150)&#x0A;Border value mismatch at (3,0) channel 1&#x0A;" type=""><![CDATA[/home/cjxu/npp/test/unit/nppi/nppi_geometry_transforms/test_nppi_copyConstBorder.cpp:95
Expected equality of these values:
  dstData[dstIdx]
    Which is: '\0'
  borderValues[c]
    Which is: '\x96' (150)
Border value mismatch at (3,0) channel 1
]]></failure>
      <failure message="/home/cjxu/npp/test/unit/nppi/nppi_geometry_transforms/test_nppi_copyConstBorder.cpp:95&#x0A;Expected equality of these values:&#x0A;  dstData[dstIdx]&#x0A;    Which is: &apos;\0&apos;&#x0A;  borderValues[c]&#x0A;    Which is: &apos;\xC8&apos; (200)&#x0A;Border value mismatch at (3,0) channel 2&#x0A;" type=""><![CDATA[/home/cjxu/npp/test/unit/nppi/nppi_geometry_transforms/test_nppi_copyConstBorder.cpp:95
Expected equality of these values:
  dstData[dstIdx]
    Which is: '\0'
  borderValues[c]
    Which is: '\xC8' (200)
Border value mismatch at (3,0) channel 2
]]></failure>
      <failure message="/home/cjxu/npp/test/unit/nppi/nppi_geometry_transforms/test_nppi_copyConstBorder.cpp:95&#x0A;Expected equality of these values:&#x0A;  dstData[dstIdx]&#x0A;    Which is: &apos;\0&apos;&#x0A;  borderValues[c]&#x0A;    Which is: &apos;d&apos; (100, 0x64)&#x0A;Border value mismatch at (4,0) channel 0&#x0A;" type=""><![CDATA[/home/cjxu/npp/test/unit/nppi/nppi_geometry_transforms/test_nppi_copyConstBorder.cpp:95
Expected equality of these values:
  dstData[dstIdx]
    Which is: '\0'
  borderValues[c]
    Which is: 'd' (100, 0x64)
Border value mismatch at (4,0) channel 0
]]></failure>
      <failure message="/home/cjxu/npp/test/unit/nppi/nppi_geometry_transforms/test_nppi_copyConstBorder.cpp:95&#x0A;Expected equality of these values:&#x0A;  dstData[dstIdx]&#x0A;    Which is: &apos;\0&apos;&#x0A;  borderValues[c]&#x0A;    Which is: &apos;\x96&apos; (150)&#x0A;Border value mismatch at (4,0) channel 1&#x0A;" type=""><![CDATA[/home/cjxu/npp/test/unit/nppi/nppi_geometry_transforms/test_nppi_copyConstBorder.cpp:95
Expected equality of these values:
  dstData[dstIdx]
    Which is: '\0'
  borderValues[c]
    Which is: '\x96' (150)
Border value mismatch at (4,0) channel 1
]]></failure>
      <failure message="/home/cjxu/npp/test/unit/nppi/nppi_geometry_transforms/test_nppi_copyConstBorder.cpp:95&#x0A;Expected equality of these values:&#x0A;  dstData[dstIdx]&#x0A;    Which is: &apos;\0&apos;&#x0A;  borderValues[c]&#x0A;    Which is: &apos;\xC8&apos; (200)&#x0A;Border value mismatch at (4,0) channel 2&#x0A;" type=""><![CDATA[/home/cjxu/npp/test/unit/nppi/nppi_geometry_transforms/test_nppi_copyConstBorder.cpp:95
Expected equality of these values:
  dstData[dstIdx]
    Which is: '\0'
  borderValues[c]
    Which is: '\xC8' (200)
Border value mismatch at (4,0) channel 2
]]></failure>
      <failure message="/home/cjxu/npp/test/unit/nppi/nppi_geometry_transforms/test_nppi_copyConstBorder.cpp:95&#x0A;Expected equality of these values:&#x0A;  dstData[dstIdx]&#x0A;    Which is: &apos;\0&apos;&#x0A;  borderValues[c]&#x0A;    Which is: &apos;d&apos; (100, 0x64)&#x0A;Border value mismatch at (5,0) channel 0&#x0A;" type=""><![CDATA[/home/cjxu/npp/test/unit/nppi/nppi_geometry_transforms/test_nppi_copyConstBorder.cpp:95
Expected equality of these values:
  dstData[dstIdx]
    Which is: '\0'
  borderValues[c]
    Which is: 'd' (100, 0x64)
Border value mismatch at (5,0) channel 0
]]></failure>
      <failure message="/home/cjxu/npp/test/unit/nppi/nppi_geometry_transforms/test_nppi_copyConstBorder.cpp:95&#x0A;Expected equality of these values:&#x0A;  dstData[dstIdx]&#x0A;    Which is: &apos;\0&apos;&#x0A;  borderValues[c]&#x0A;    Which is: &apos;\x96&apos; (150)&#x0A;Border value mismatch at (5,0) channel 1&#x0A;" type=""><![CDATA[/home/cjxu/npp/test/unit/nppi/nppi_geometry_transforms/test_nppi_copyConstBorder.cpp:95
Expected equality of these values:
  dstData[dstIdx]
    Which is: '\0'
  borderValues[c]
    Which is: '\x96' (150)
Border value mismatch at (5,0) channel 1
]]></failure>
      <failure message="/home/cjxu/npp/test/unit/nppi/nppi_geometry_transforms/test_nppi_copyConstBorder.cpp:95&#x0A;Expected equality of these values:&#x0A;  dstData[dstIdx]&#x0A;    Which is: &apos;\0&apos;&#x0A;  borderValues[c]&#x0A;    Which is: &apos;\xC8&apos; (200)&#x0A;Border value mismatch at (5,0) channel 2&#x0A;" type=""><![CDATA[/home/cjxu/npp/test/unit/nppi/nppi_geometry_transforms/test_nppi_copyConstBorder.cpp:95
Expected equality of these values:
  dstData[dstIdx]
    Which is: '\0'
  borderValues[c]
    Which is: '\xC8' (200)
Border value mismatch at (5,0) channel 2
]]></failure>
      <failure message="/home/cjxu/npp/test/unit/nppi/nppi_geometry_transforms/test_nppi_copyConstBorder.cpp:95&#x0A;Expected equality of these values:&#x0A;  dstData[dstIdx]&#x0A;    Which is: &apos;\0&apos;&#x0A;  borderValues[c]&#x0A;    Which is: &apos;d&apos; (100, 0x64)&#x0A;Border value mismatch at (6,0) channel 0&#x0A;" type=""><![CDATA[/home/cjxu/npp/test/unit/nppi/nppi_geometry_transforms/test_nppi_copyConstBorder.cpp:95
Expected equality of these values:
  dstData[dstIdx]
    Which is: '\0'
  borderValues[c]
    Which is: 'd' (100, 0x64)
Border value mismatch at (6,0) channel 0
]]></failure>
      <failure message="/home/cjxu/npp/test/unit/nppi/nppi_geometry_transforms/test_nppi_copyConstBorder.cpp:95&#x0A;Expected equality of these values:&#x0A;  dstData[dstIdx]&#x0A;    Which is: &apos;\0&apos;&#x0A;  borderValues[c]&#x0A;    Which is: &apos;\x96&apos; (150)&#x0A;Border value mismatch at (6,0) channel 1&#x0A;" type=""><![CDATA[/home/cjxu/npp/test/unit/nppi/nppi_geometry_transforms/test_nppi_copyConstBorder.cpp:95
Expected equality of these values:
  dstData[dstIdx]
    Which is: '\0'
  borderValues[c]
    Which is: '\x96' (150)
Border value mismatch at (6,0) channel 1
]]></failure>
      <failure message="/home/cjxu/npp/test/unit/nppi/nppi_geometry_transforms/test_nppi_copyConstBorder.cpp:95&#x0A;Expected equality of these values:&#x0A;  dstData[dstIdx]&#x0A;    Which is: &apos;\0&apos;&#x0A;  borderValues[c]&#x0A;    Which is: &apos;\xC8&apos; (200)&#x0A;Border value mismatch at (6,0) channel 2&#x0A;" type=""><![CDATA[/home/cjxu/npp/test/unit/nppi/nppi_geometry_transforms/test_nppi_copyConstBorder.cpp:95
Expected equality of these values:
  dstData[dstIdx]
    Which is: '\0'
  borderValues[c]
    Which is: '\xC8' (200)
Border value mismatch at (6,0) channel 2
]]></failure>
      <failure message="/home/cjxu/npp/test/unit/nppi/nppi_geometry_transforms/test_nppi_copyConstBorder.cpp:95&#x0A;Expected equality of these values:&#x0A;  dstData[dstIdx]&#x0A;    Which is: &apos;\0&apos;&#x0A;  borderValues[c]&#x0A;    Which is: &apos;d&apos; (100, 0x64)&#x0A;Border value mismatch at (7,0) channel 0&#x0A;" type=""><![CDATA[/home/cjxu/npp/test/unit/nppi/nppi_geometry_transforms/test_nppi_copyConstBorder.cpp:95
Expected equality of these values:
  dstData[dstIdx]
    Which is: '\0'
  borderValues[c]
    Which is: 'd' (100, 0x64)
Border value mismatch at (7,0) channel 0
]]></failure>
      <failure message="/home/cjxu/npp/test/unit/nppi/nppi_geometry_transforms/test_nppi_copyConstBorder.cpp:95&#x0A;Expected equality of these values:&#x0A;  dstData[dstIdx]&#x0A;    Which is: &apos;\0&apos;&#x0A;  borderValues[c]&#x0A;    Which is: &apos;\x96&apos; (150)&#x0A;Border value mismatch at (7,0) channel 1&#x0A;" type=""><![CDATA[/home/cjxu/npp/test/unit/nppi/nppi_geometry_transforms/test_nppi_copyConstBorder.cpp:95
Expected equality of these values:
  dstData[dstIdx]
    Which is: '\0'
  borderValues[c]
    Which is: '\x96' (150)
Border value mismatch at (7,0) channel 1
]]></failure>
      <failure message="/home/cjxu/npp/test/unit/nppi/nppi_geometry_transforms/test_nppi_copyConstBorder.cpp:95&#x0A;Expected equality of these values:&#x0A;  dstData[dstIdx]&#x0A;    Which is: &apos;\0&apos;&#x0A;  borderValues[c]&#x0A;    Which is: &apos;\xC8&apos; (200)&#x0A;Border value mismatch at (7,0) channel 2&#x0A;" type=""><![CDATA[/home/cjxu/npp/test/unit/nppi/nppi_geometry_transforms/test_nppi_copyConstBorder.cpp:95
Expected equality of these values:
  dstData[dstIdx]
    Which is: '\0'
  borderValues[c]
    Which is: '\xC8' (200)
Border value mismatch at (7,0) channel 2
]]></failure>
      <failure message="/home/cjxu/npp/test/unit/nppi/nppi_geometry_transforms/test_nppi_copyConstBorder.cpp:95&#x0A;Expected equality of these values:&#x0A;  dstData[dstIdx]&#x0A;    Which is: &apos;\0&apos;&#x0A;  borderValues[c]&#x0A;    Which is: &apos;d&apos; (100, 0x64)&#x0A;Border value mismatch at (8,0) channel 0&#x0A;" type=""><![CDATA[/home/cjxu/npp/test/unit/nppi/nppi_geometry_transforms/test_nppi_copyConstBorder.cpp:95
Expected equality of these values:
  dstData[dstIdx]
    Which is: '\0'
  borderValues[c]
    Which is: 'd' (100, 0x64)
Border value mismatch at (8,0) channel 0
]]></failure>
      <failure message="/home/cjxu/npp/test/unit/nppi/nppi_geometry_transforms/test_nppi_copyConstBorder.cpp:95&#x0A;Expected equality of these values:&#x0A;  dstData[dstIdx]&#x0A;    Which is: &apos;\0&apos;&#x0A;  borderValues[c]&#x0A;    Which is: &apos;\x96&apos; (150)&#x0A;Border value mismatch at (8,0) channel 1&#x0A;" type=""><![CDATA[/home/cjxu/npp/test/unit/nppi/nppi_geometry_transforms/test_nppi_copyConstBorder.cpp:95
Expected equality of these values:
  dstData[dstIdx]
    Which is: '\0'
  borderValues[c]
    Which is: '\x96' (150)
Border value mismatch at (8,0) channel 1
]]></failure>
      <failure message="/home/cjxu/npp/test/unit/nppi/nppi_geometry_transforms/test_nppi_copyConstBorder.cpp:95&#x0A;Expected equality of these values:&#x0A;  dstData[dstIdx]&#x0A;    Which is: &apos;\0&apos;&#x0A;  borderValues[c]&#x0A;    Which is: &apos;\xC8&apos; (200)&#x0A;Border value mismatch at (8,0) channel 2&#x0A;" type=""><![CDATA[/home/cjxu/npp/test/unit/nppi/nppi_geometry_transforms/test_nppi_copyConstBorder.cpp:95
Expected equality of these values:
  dstData[dstIdx]
    Which is: '\0'
  borderValues[c]
    Which is: '\xC8' (200)
Border value mismatch at (8,0) channel 2
]]></failure>
      <failure message="/home/cjxu/npp/test/unit/nppi/nppi_geometry_transforms/test_nppi_copyConstBorder.cpp:95&#x0A;Expected equality of these values:&#x0A;  dstData[dstIdx]&#x0A;    Which is: &apos;\0&apos;&#x0A;  borderValues[c]&#x0A;    Which is: &apos;d&apos; (100, 0x64)&#x0A;Border value mismatch at (9,0) channel 0&#x0A;" type=""><![CDATA[/home/cjxu/npp/test/unit/nppi/nppi_geometry_transforms/test_nppi_copyConstBorder.cpp:95
Expected equality of these values:
  dstData[dstIdx]
    Which is: '\0'
  borderValues[c]
    Which is: 'd' (100, 0x64)
Border value mismatch at (9,0) channel 0
]]></failure>
      <failure message="/home/cjxu/npp/test/unit/nppi/nppi_geometry_transforms/test_nppi_copyConstBorder.cpp:95&#x0A;Expected equality of these values:&#x0A;  dstData[dstIdx]&#x0A;    Which is: &apos;\0&apos;&#x0A;  borderValues[c]&#x0A;    Which is: &apos;\x96&apos; (150)&#x0A;Border value mismatch at (9,0) channel 1&#x0A;" type=""><![CDATA[/home/cjxu/npp/test/unit/nppi/nppi_geometry_transforms/test_nppi_copyConstBorder.cpp:95
Expected equality of these values:
  dstData[dstIdx]
    Which is: '\0'
  borderValues[c]
    Which is: '\x96' (150)
Border value mismatch at (9,0) channel 1
]]></failure>
      <failure message="/home/cjxu/npp/test/unit/nppi/nppi_geometry_transforms/test_nppi_copyConstBorder.cpp:95&#x0A;Expected equality of these values:&#x0A;  dstData[dstIdx]&#x0A;    Which is: &apos;\0&apos;&#x0A;  borderValues[c]&#x0A;    Which is: &apos;\xC8&apos; (200)&#x0A;Border value mismatch at (9,0) channel 2&#x0A;" type=""><![CDATA[/home/cjxu/npp/test/unit/nppi/nppi_geometry_transforms/test_nppi_copyConstBorder.cpp:95
Expected equality of these values:
  dstData[dstIdx]
    Which is: '\0'
  borderValues[c]
    Which is: '\xC8' (200)
Border value mismatch at (9,0) channel 2
]]></failure>
      <failure message="/home/cjxu/npp/test/unit/nppi/nppi_geometry_transforms/test_nppi_copyConstBorder.cpp:95&#x0A;Expected equality of these values:&#x0A;  dstData[dstIdx]&#x0A;    Which is: &apos;\0&apos;&#x0A;  borderValues[c]&#x0A;    Which is: &apos;d&apos; (100, 0x64)&#x0A;Border value mismatch at (10,0) channel 0&#x0A;" type=""><![CDATA[/home/cjxu/npp/test/unit/nppi/nppi_geometry_transforms/test_nppi_copyConstBorder.cpp:95
Expected equality of these values:
  dstData[dstIdx]
    Which is: '\0'
  borderValues[c]
    Which is: 'd' (100, 0x64)
Border value mismatch at (10,0) channel 0
]]></failure>
      <failure message="/home/cjxu/npp/test/unit/nppi/nppi_geometry_transforms/test_nppi_copyConstBorder.cpp:95&#x0A;Expected equality of these values:&#x0A;  dstData[dstIdx]&#x0A;    Which is: &apos;\0&apos;&#x0A;  borderValues[c]&#x0A;    Which is: &apos;\x96&apos; (150)&#x0A;Border value mismatch at (10,0) channel 1&#x0A;" type=""><![CDATA[/home/cjxu/npp/test/unit/nppi/nppi_geometry_transforms/test_nppi_copyConstBorder.cpp:95
Expected equality of these values:
  dstData[dstIdx]
    Which is: '\0'
  borderValues[c]
    Which is: '\x96' (150)
Border value mismatch at (10,0) channel 1
]]></failure>
      <failure message="/home/cjxu/npp/test/unit/nppi/nppi_geometry_transforms/test_nppi_copyConstBorder.cpp:95&#x0A;Expected equality of these values:&#x0A;  dstData[dstIdx]&#x0A;    Which is: &apos;\0&apos;&#x0A;  borderValues[c]&#x0A;    Which is: &apos;\xC8&apos; (200)&#x0A;Border value mismatch at (10,0) channel 2&#x0A;" type=""><![CDATA[/home/cjxu/npp/test/unit/nppi/nppi_geometry_transforms/test_nppi_copyConstBorder.cpp:95
Expected equality of these values:
  dstData[dstIdx]
    Which is: '\0'
  borderValues[c]
    Which is: '\xC8' (200)
Border value mismatch at (10,0) channel 2
]]></failure>
      <failure message="/home/cjxu/npp/test/unit/nppi/nppi_geometry_transforms/test_nppi_copyConstBorder.cpp:95&#x0A;Expected equality of these values:&#x0A;  dstData[dstIdx]&#x0A;    Which is: &apos;\0&apos;&#x0A;  borderValues[c]&#x0A;    Which is: &apos;d&apos; (100, 0x64)&#x0A;Border value mismatch at (11,0) channel 0&#x0A;" type=""><![CDATA[/home/cjxu/npp/test/unit/nppi/nppi_geometry_transforms/test_nppi_copyConstBorder.cpp:95
Expected equality of these values:
  dstData[dstIdx]
    Which is: '\0'
  borderValues[c]
    Which is: 'd' (100, 0x64)
Border value mismatch at (11,0) channel 0
]]></failure>
      <failure message="/home/cjxu/npp/test/unit/nppi/nppi_geometry_transforms/test_nppi_copyConstBorder.cpp:95&#x0A;Expected equality of these values:&#x0A;  dstData[dstIdx]&#x0A;    Which is: &apos;\0&apos;&#x0A;  borderValues[c]&#x0A;    Which is: &apos;\x96&apos; (150)&#x0A;Border value mismatch at (11,0) channel 1&#x0A;" type=""><![CDATA[/home/cjxu/npp/test/unit/nppi/nppi_geometry_transforms/test_nppi_copyConstBorder.cpp:95
Expected equality of these values:
  dstData[dstIdx]
    Which is: '\0'
  borderValues[c]
    Which is: '\x96' (150)
Border value mismatch at (11,0) channel 1
]]></failure>
      <failure message="/home/cjxu/npp/test/unit/nppi/nppi_geometry_transforms/test_nppi_copyConstBorder.cpp:95&#x0A;Expected equality of these values:&#x0A;  dstData[dstIdx]&#x0A;    Which is: &apos;\0&apos;&#x0A;  borderValues[c]&#x0A;    Which is: &apos;\xC8&apos; (200)&#x0A;Border value mismatch at (11,0) channel 2&#x0A;" type=""><![CDATA[/home/cjxu/npp/test/unit/nppi/nppi_geometry_transforms/test_nppi_copyConstBorder.cpp:95
Expected equality of these values:
  dstData[dstIdx]
    Which is: '\0'
  borderValues[c]
    Which is: '\xC8' (200)
Border value mismatch at (11,0) channel 2
]]></failure>
      <failure message="/home/cjxu/npp/test/unit/nppi/nppi_geometry_transforms/test_nppi_copyConstBorder.cpp:95&#x0A;Expected equality of these values:&#x0A;  dstData[dstIdx]&#x0A;    Which is: &apos;\0&apos;&#x0A;  borderValues[c]&#x0A;    Which is: &apos;d&apos; (100, 0x64)&#x0A;Border value mismatch at (12,0) channel 0&#x0A;" type=""><![CDATA[/home/cjxu/npp/test/unit/nppi/nppi_geometry_transforms/test_nppi_copyConstBorder.cpp:95
Expected equality of these values:
  dstData[dstIdx]
    Which is: '\0'
  borderValues[c]
    Which is: 'd' (100, 0x64)
Border value mismatch at (12,0) channel 0
]]></failure>
      <failure message="/home/cjxu/npp/test/unit/nppi/nppi_geometry_transforms/test_nppi_copyConstBorder.cpp:95&#x0A;Expected equality of these values:&#x0A;  dstData[dstIdx]&#x0A;    Which is: &apos;\0&apos;&#x0A;  borderValues[c]&#x0A;    Which is: &apos;\x96&apos; (150)&#x0A;Border value mismatch at (12,0) channel 1&#x0A;" type=""><![CDATA[/home/cjxu/npp/test/unit/nppi/nppi_geometry_transforms/test_nppi_copyConstBorder.cpp:95
Expected equality of these values:
  dstData[dstIdx]
    Which is: '\0'
  borderValues[c]
    Which is: '\x96' (150)
Border value mismatch at (12,0) channel 1
]]></failure>
      <failure message="/home/cjxu/npp/test/unit/nppi/nppi_geometry_transforms/test_nppi_copyConstBorder.cpp:95&#x0A;Expected equality of these values:&#x0A;  dstData[dstIdx]&#x0A;    Which is: &apos;\0&apos;&#x0A;  borderValues[c]&#x0A;    Which is: &apos;\xC8&apos; (200)&#x0A;Border value mismatch at (12,0) channel 2&#x0A;" type=""><![CDATA[/home/cjxu/npp/test/unit/nppi/nppi_geometry_transforms/test_nppi_copyConstBorder.cpp:95
Expected equality of these values:
  dstData[dstIdx]
    Which is: '\0'
  borderValues[c]
    Which is: '\xC8' (200)
Border value mismatch at (12,0) channel 2
]]></failure>
      <failure message="/home/cjxu/npp/test/unit/nppi/nppi_geometry_transforms/test_nppi_copyConstBorder.cpp:95&#x0A;Expected equality of these values:&#x0A;  dstData[dstIdx]&#x0A;    Which is: &apos;\0&apos;&#x0A;  borderValues[c]&#x0A;    Which is: &apos;d&apos; (100, 0x64)&#x0A;Border value mismatch at (13,0) channel 0&#x0A;" type=""><![CDATA[/home/cjxu/npp/test/unit/nppi/nppi_geometry_transforms/test_nppi_copyConstBorder.cpp:95
Expected equality of these values:
  dstData[dstIdx]
    Which is: '\0'
  borderValues[c]
    Which is: 'd' (100, 0x64)
Border value mismatch at (13,0) channel 0
]]></failure>
      <failure message="/home/cjxu/npp/test/unit/nppi/nppi_geometry_transforms/test_nppi_copyConstBorder.cpp:95&#x0A;Expected equality of these values:&#x0A;  dstData[dstIdx]&#x0A;    Which is: &apos;\0&apos;&#x0A;  borderValues[c]&#x0A;    Which is: &apos;\x96&apos; (150)&#x0A;Border value mismatch at (13,0) channel 1&#x0A;" type=""><![CDATA[/home/cjxu/npp/test/unit/nppi/nppi_geometry_transforms/test_nppi_copyConstBorder.cpp:95
Expected equality of these values:
  dstData[dstIdx]
    Which is: '\0'
  borderValues[c]
    Which is: '\x96' (150)
Border value mismatch at (13,0) channel 1
]]></failure>
      <failure message="/home/cjxu/npp/test/unit/nppi/nppi_geometry_transforms/test_nppi_copyConstBorder.cpp:95&#x0A;Expected equality of these values:&#x0A;  dstData[dstIdx]&#x0A;    Which is: &apos;\0&apos;&#x0A;  borderValues[c]&#x0A;    Which is: &apos;\xC8&apos; (200)&#x0A;Border value mismatch at (13,0) channel 2&#x0A;" type=""><![CDATA[/home/cjxu/npp/test/unit/nppi/nppi_geometry_transforms/test_nppi_copyConstBorder.cpp:95
Expected equality of these values:
  dstData[dstIdx]
    Which is: '\0'
  borderValues[c]
    Which is: '\xC8' (200)
Border value mismatch at (13,0) channel 2
]]></failure>
      <failure message="/home/cjxu/npp/test/unit/nppi/nppi_geometry_transforms/test_nppi_copyConstBorder.cpp:95&#x0A;Expected equality of these values:&#x0A;  dstData[dstIdx]&#x0A;    Which is: &apos;\0&apos;&#x0A;  borderValues[c]&#x0A;    Which is: &apos;d&apos; (100, 0x64)&#x0A;Border value mismatch at (14,0) channel 0&#x0A;" type=""><![CDATA[/home/cjxu/npp/test/unit/nppi/nppi_geometry_transforms/test_nppi_copyConstBorder.cpp:95
Expected equality of these values:
  dstData[dstIdx]
    Which is: '\0'
  borderValues[c]
    Which is: 'd' (100, 0x64)
Border value mismatch at (14,0) channel 0
]]></failure>
      <failure message="/home/cjxu/npp/test/unit/nppi/nppi_geometry_transforms/test_nppi_copyConstBorder.cpp:95&#x0A;Expected equality of these values:&#x0A;  dstData[dstIdx]&#x0A;    Which is: &apos;\0&apos;&#x0A;  borderValues[c]&#x0A;    Which is: &apos;\x96&apos; (150)&#x0A;Border value mismatch at (14,0) channel 1&#x0A;" type=""><![CDATA[/home/cjxu/npp/test/unit/nppi/nppi_geometry_transforms/test_nppi_copyConstBorder.cpp:95
Expected equality of these values:
  dstData[dstIdx]
    Which is: '\0'
  borderValues[c]
    Which is: '\x96' (150)
Border value mismatch at (14,0) channel 1
]]></failure>
      <failure message="/home/cjxu/npp/test/unit/nppi/nppi_geometry_transforms/test_nppi_copyConstBorder.cpp:95&#x0A;Expected equality of these values:&#x0A;  dstData[dstIdx]&#x0A;    Which is: &apos;\0&apos;&#x0A;  borderValues[c]&#x0A;    Which is: &apos;\xC8&apos; (200)&#x0A;Border value mismatch at (14,0) channel 2&#x0A;" type=""><![CDATA[/home/cjxu/npp/test/unit/nppi/nppi_geometry_transforms/test_nppi_copyConstBorder.cpp:95
Expected equality of these values:
  dstData[dstIdx]
    Which is: '\0'
  borderValues[c]
    Which is: '\xC8' (200)
Border value mismatch at (14,0) channel 2
]]></failure>
      <failure message="/home/cjxu/npp/test/unit/nppi/nppi_geometry_transforms/test_nppi_copyConstBorder.cpp:95&#x0A;Expected equality of these values:&#x0A;  dstData[dstIdx]&#x0A;    Which is: &apos;\0&apos;&#x0A;  borderValues[c]&#x0A;    Which is: &apos;d&apos; (100, 0x64)&#x0A;Border value mismatch at (15,0) channel 0&#x0A;" type=""><![CDATA[/home/cjxu/npp/test/unit/nppi/nppi_geometry_transforms/test_nppi_copyConstBorder.cpp:95
Expected equality of these values:
  dstData[dstIdx]
    Which is: '\0'
  borderValues[c]
    Which is: 'd' (100, 0x64)
Border value mismatch at (15,0) channel 0
]]></failure>
      <failure message="/home/cjxu/npp/test/unit/nppi/nppi_geometry_transforms/test_nppi_copyConstBorder.cpp:95&#x0A;Expected equality of these values:&#x0A;  dstData[dstIdx]&#x0A;    Which is: &apos;\0&apos;&#x0A;  borderValues[c]&#x0A;    Which is: &apos;\x96&apos; (150)&#x0A;Border value mismatch at (15,0) channel 1&#x0A;" type=""><![CDATA[/home/cjxu/npp/test/unit/nppi/nppi_geometry_transforms/test_nppi_copyConstBorder.cpp:95
Expected equality of these values:
  dstData[dstIdx]
    Which is: '\0'
  borderValues[c]
    Which is: '\x96' (150)
Border value mismatch at (15,0) channel 1
]]></failure>
      <failure message="/home/cjxu/npp/test/unit/nppi/nppi_geometry_transforms/test_nppi_copyConstBorder.cpp:95&#x0A;Expected equality of these values:&#x0A;  dstData[dstIdx]&#x0A;    Which is: &apos;\0&apos;&#x0A;  borderValues[c]&#x0A;    Which is: &apos;\xC8&apos; (200)&#x0A;Border value mismatch at (15,0) channel 2&#x0A;" type=""><![CDATA[/home/cjxu/npp/test/unit/nppi/nppi_geometry_transforms/test_nppi_copyConstBorder.cpp:95
Expected equality of these values:
  dstData[dstIdx]
    Which is: '\0'
  borderValues[c]
    Which is: '\xC8' (200)
Border value mismatch at (15,0) channel 2
]]></failure>
      <failure message="/home/cjxu/npp/test/unit/nppi/nppi_geometry_transforms/test_nppi_copyConstBorder.cpp:95&#x0A;Expected equality of these values:&#x0A;  dstData[dstIdx]&#x0A;    Which is: &apos;\0&apos;&#x0A;  borderValues[c]&#x0A;    Which is: &apos;d&apos; (100, 0x64)&#x0A;Border value mismatch at (16,0) channel 0&#x0A;" type=""><![CDATA[/home/cjxu/npp/test/unit/nppi/nppi_geometry_transforms/test_nppi_copyConstBorder.cpp:95
Expected equality of these values:
  dstData[dstIdx]
    Which is: '\0'
  borderValues[c]
    Which is: 'd' (100, 0x64)
Border value mismatch at (16,0) channel 0
]]></failure>
      <failure message="/home/cjxu/npp/test/unit/nppi/nppi_geometry_transforms/test_nppi_copyConstBorder.cpp:95&#x0A;Expected equality of these values:&#x0A;  dstData[dstIdx]&#x0A;    Which is: &apos;\0&apos;&#x0A;  borderValues[c]&#x0A;    Which is: &apos;\x96&apos; (150)&#x0A;Border value mismatch at (16,0) channel 1&#x0A;" type=""><![CDATA[/home/cjxu/npp/test/unit/nppi/nppi_geometry_transforms/test_nppi_copyConstBorder.cpp:95
Expected equality of these values:
  dstData[dstIdx]
    Which is: '\0'
  borderValues[c]
    Which is: '\x96' (150)
Border value mismatch at (16,0) channel 1
]]></failure>
      <failure message="/home/cjxu/npp/test/unit/nppi/nppi_geometry_transforms/test_nppi_copyConstBorder.cpp:95&#x0A;Expected equality of these values:&#x0A;  dstData[dstIdx]&#x0A;    Which is: &apos;\0&apos;&#x0A;  borderValues[c]&#x0A;    Which is: &apos;\xC8&apos; (200)&#x0A;Border value mismatch at (16,0) channel 2&#x0A;" type=""><![CDATA[/home/cjxu/npp/test/unit/nppi/nppi_geometry_transforms/test_nppi_copyConstBorder.cpp:95
Expected equality of these values:
  dstData[dstIdx]
    Which is: '\0'
  borderValues[c]
    Which is: '\xC8' (200)
Border value mismatch at (16,0) channel 2
]]></failure>
      <failure message="/home/cjxu/npp/test/unit/nppi/nppi_geometry_transforms/test_nppi_copyConstBorder.cpp:95&#x0A;Expected equality of these values:&#x0A;  dstData[dstIdx]&#x0A;    Which is: &apos;\0&apos;&#x0A;  borderValues[c]&#x0A;    Which is: &apos;d&apos; (100, 0x64)&#x0A;Border value mismatch at (17,0) channel 0&#x0A;" type=""><![CDATA[/home/cjxu/npp/test/unit/nppi/nppi_geometry_transforms/test_nppi_copyConstBorder.cpp:95
Expected equality of these values:
  dstData[dstIdx]
    Which is: '\0'
  borderValues[c]
    Which is: 'd' (100, 0x64)
Border value mismatch at (17,0) channel 0
]]></failure>
      <failure message="/home/cjxu/npp/test/unit/nppi/nppi_geometry_transforms/test_nppi_copyConstBorder.cpp:95&#x0A;Expected equality of these values:&#x0A;  dstData[dstIdx]&#x0A;    Which is: &apos;\0&apos;&#x0A;  borderValues[c]&#x0A;    Which is: &apos;\x96&apos; (150)&#x0A;Border value mismatch at (17,0) channel 1&#x0A;" type=""><![CDATA[/home/cjxu/npp/test/unit/nppi/nppi_geometry_transforms/test_nppi_copyConstBorder.cpp:95
Expected equality of these values:
  dstData[dstIdx]
    Which is: '\0'
  borderValues[c]
    Which is: '\x96' (150)
Border value mismatch at (17,0) channel 1
]]></failure>
      <failure message="/home/cjxu/npp/test/unit/nppi/nppi_geometry_transforms/test_nppi_copyConstBorder.cpp:95&#x0A;Expected equality of these values:&#x0A;  dstData[dstIdx]&#x0A;    Which is: &apos;\0&apos;&#x0A;  borderValues[c]&#x0A;    Which is: &apos;\xC8&apos; (200)&#x0A;Border value mismatch at (17,0) channel 2&#x0A;" type=""><![CDATA[/home/cjxu/npp/test/unit/nppi/nppi_geometry_transforms/test_nppi_copyConstBorder.cpp:95
Expected equality of these values:
  dstData[dstIdx]
    Which is: '\0'
  borderValues[c]
    Which is: '\xC8' (200)
Border value mismatch at (17,0) channel 2
]]></failure>
      <failure message="/home/cjxu/npp/test/unit/nppi/nppi_geometry_transforms/test_nppi_copyConstBorder.cpp:95&#x0A;Expected equality of these values:&#x0A;  dstData[dstIdx]&#x0A;    Which is: &apos;\0&apos;&#x0A;  borderValues[c]&#x0A;    Which is: &apos;d&apos; (100, 0x64)&#x0A;Border value mismatch at (18,0) channel 0&#x0A;" type=""><![CDATA[/home/cjxu/npp/test/unit/nppi/nppi_geometry_transforms/test_nppi_copyConstBorder.cpp:95
Expected equality of these values:
  dstData[dstIdx]
    Which is: '\0'
  borderValues[c]
    Which is: 'd' (100, 0x64)
Border value mismatch at (18,0) channel 0
]]></failure>
      <failure message="/home/cjxu/npp/test/unit/nppi/nppi_geometry_transforms/test_nppi_copyConstBorder.cpp:95&#x0A;Expected equality of these values:&#x0A;  dstData[dstIdx]&#x0A;    Which is: &apos;\0&apos;&#x0A;  borderValues[c]&#x0A;    Which is: &apos;\x96&apos; (150)&#x0A;Border value mismatch at (18,0) channel 1&#x0A;" type=""><![CDATA[/home/cjxu/npp/test/unit/nppi/nppi_geometry_transforms/test_nppi_copyConstBorder.cpp:95
Expected equality of these values:
  dstData[dstIdx]
    Which is: '\0'
  borderValues[c]
    Which is: '\x96' (150)
Border value mismatch at (18,0) channel 1
]]></failure>
      <failure message="/home/cjxu/npp/test/unit/nppi/nppi_geometry_transforms/test_nppi_copyConstBorder.cpp:95&#x0A;Expected equality of these values:&#x0A;  dstData[dstIdx]&#x0A;    Which is: &apos;\0&apos;&#x0A;  borderValues[c]&#x0A;    Which is: &apos;\xC8&apos; (200)&#x0A;Border value mismatch at (18,0) channel 2&#x0A;" type=""><![CDATA[/home/cjxu/npp/test/unit/nppi/nppi_geometry_transforms/test_nppi_copyConstBorder.cpp:95
Expected equality of these values:
  dstData[dstIdx]
    Which is: '\0'
  borderValues[c]
    Which is: '\xC8' (200)
Border value mismatch at (18,0) channel 2
]]></failure>
      <failure message="/home/cjxu/npp/test/unit/nppi/nppi_geometry_transforms/test_nppi_copyConstBorder.cpp:95&#x0A;Expected equality of these values:&#x0A;  dstData[dstIdx]&#x0A;    Which is: &apos;\0&apos;&#x0A;  borderValues[c]&#x0A;    Which is: &apos;d&apos; (100, 0x64)&#x0A;Border value mismatch at (19,0) channel 0&#x0A;" type=""><![CDATA[/home/cjxu/npp/test/unit/nppi/nppi_geometry_transforms/test_nppi_copyConstBorder.cpp:95
Expected equality of these values:
  dstData[dstIdx]
    Which is: '\0'
  borderValues[c]
    Which is: 'd' (100, 0x64)
Border value mismatch at (19,0) channel 0
]]></failure>
      <failure message="/home/cjxu/npp/test/unit/nppi/nppi_geometry_transforms/test_nppi_copyConstBorder.cpp:95&#x0A;Expected equality of these values:&#x0A;  dstData[dstIdx]&#x0A;    Which is: &apos;\0&apos;&#x0A;  borderValues[c]&#x0A;    Which is: &apos;\x96&apos; (150)&#x0A;Border value mismatch at (19,0) channel 1&#x0A;" type=""><![CDATA[/home/cjxu/npp/test/unit/nppi/nppi_geometry_transforms/test_nppi_copyConstBorder.cpp:95
Expected equality of these values:
  dstData[dstIdx]
    Which is: '\0'
  borderValues[c]
    Which is: '\x96' (150)
Border value mismatch at (19,0) channel 1
]]></failure>
      <failure message="/home/cjxu/npp/test/unit/nppi/nppi_geometry_transforms/test_nppi_copyConstBorder.cpp:95&#x0A;Expected equality of these values:&#x0A;  dstData[dstIdx]&#x0A;    Which is: &apos;\0&apos;&#x0A;  borderValues[c]&#x0A;    Which is: &apos;\xC8&apos; (200)&#x0A;Border value mismatch at (19,0) channel 2&#x0A;" type=""><![CDATA[/home/cjxu/npp/test/unit/nppi/nppi_geometry_transforms/test_nppi_copyConstBorder.cpp:95
Expected equality of these values:
  dstData[dstIdx]
    Which is: '\0'
  borderValues[c]
    Which is: '\xC8' (200)
Border value mismatch at (19,0) channel 2
]]></failure>
      <failure message="/home/cjxu/npp/test/unit/nppi/nppi_geometry_transforms/test_nppi_copyConstBorder.cpp:95&#x0A;Expected equality of these values:&#x0A;  dstData[dstIdx]&#x0A;    Which is: &apos;\0&apos;&#x0A;  borderValues[c]&#x0A;    Which is: &apos;d&apos; (100, 0x64)&#x0A;Border value mismatch at (20,0) channel 0&#x0A;" type=""><![CDATA[/home/cjxu/npp/test/unit/nppi/nppi_geometry_transforms/test_nppi_copyConstBorder.cpp:95
Expected equality of these values:
  dstData[dstIdx]
    Which is: '\0'
  borderValues[c]
    Which is: 'd' (100, 0x64)
Border value mismatch at (20,0) channel 0
]]></failure>
      <failure message="/home/cjxu/npp/test/unit/nppi/nppi_geometry_transforms/test_nppi_copyConstBorder.cpp:95&#x0A;Expected equality of these values:&#x0A;  dstData[dstIdx]&#x0A;    Which is: &apos;\0&apos;&#x0A;  borderValues[c]&#x0A;    Which is: &apos;\x96&apos; (150)&#x0A;Border value mismatch at (20,0) channel 1&#x0A;" type=""><![CDATA[/home/cjxu/npp/test/unit/nppi/nppi_geometry_transforms/test_nppi_copyConstBorder.cpp:95
Expected equality of these values:
  dstData[dstIdx]
    Which is: '\0'
  borderValues[c]
    Which is: '\x96' (150)
Border value mismatch at (20,0) channel 1
]]></failure>
      <failure message="/home/cjxu/npp/test/unit/nppi/nppi_geometry_transforms/test_nppi_copyConstBorder.cpp:95&#x0A;Expected equality of these values:&#x0A;  dstData[dstIdx]&#x0A;    Which is: &apos;\0&apos;&#x0A;  borderValues[c]&#x0A;    Which is: &apos;\xC8&apos; (200)&#x0A;Border value mismatch at (20,0) channel 2&#x0A;" type=""><![CDATA[/home/cjxu/npp/test/unit/nppi/nppi_geometry_transforms/test_nppi_copyConstBorder.cpp:95
Expected equality of these values:
  dstData[dstIdx]
    Which is: '\0'
  borderValues[c]
    Which is: '\xC8' (200)
Border value mismatch at (20,0) channel 2
]]></failure>
      <failure message="/home/cjxu/npp/test/unit/nppi/nppi_geometry_transforms/test_nppi_copyConstBorder.cpp:95&#x0A;Expected equality of these values:&#x0A;  dstData[dstIdx]&#x0A;    Which is: &apos;\0&apos;&#x0A;  borderValues[c]&#x0A;    Which is: &apos;d&apos; (100, 0x64)&#x0A;Border value mismatch at (21,0) channel 0&#x0A;" type=""><![CDATA[/home/cjxu/npp/test/unit/nppi/nppi_geometry_transforms/test_nppi_copyConstBorder.cpp:95
Expected equality of these values:
  dstData[dstIdx]
    Which is: '\0'
  borderValues[c]
    Which is: 'd' (100, 0x64)
Border value mismatch at (21,0) channel 0
]]></failure>
      <failure message="/home/cjxu/npp/test/unit/nppi/nppi_geometry_transforms/test_nppi_copyConstBorder.cpp:95&#x0A;Expected equality of these values:&#x0A;  dstData[dstIdx]&#x0A;    Which is: &apos;\0&apos;&#x0A;  borderValues[c]&#x0A;    Which is: &apos;\x96&apos; (150)&#x0A;Border value mismatch at (21,0) channel 1&#x0A;" type=""><![CDATA[/home/cjxu/npp/test/unit/nppi/nppi_geometry_transforms/test_nppi_copyConstBorder.cpp:95
Expected equality of these values:
  dstData[dstIdx]
    Which is: '\0'
  borderValues[c]
    Which is: '\x96' (150)
Border value mismatch at (21,0) channel 1
]]></failure>
      <failure message="/home/cjxu/npp/test/unit/nppi/nppi_geometry_transforms/test_nppi_copyConstBorder.cpp:95&#x0A;Expected equality of these values:&#x0A;  dstData[dstIdx]&#x0A;    Which is: &apos;\0&apos;&#x0A;  borderValues[c]&#x0A;    Which is: &apos;\xC8&apos; (200)&#x0A;Border value mismatch at (21,0) channel 2&#x0A;" type=""><![CDATA[/home/cjxu/npp/test/unit/nppi/nppi_geometry_transforms/test_nppi_copyConstBorder.cpp:95
Expected equality of these values:
  dstData[dstIdx]
    Which is: '\0'
  borderValues[c]
    Which is: '\xC8' (200)
Border value mismatch at (21,0) channel 2
]]></failure>
      <failure message="/home/cjxu/npp/test/unit/nppi/nppi_geometry_transforms/test_nppi_copyConstBorder.cpp:95&#x0A;Expected equality of these values:&#x0A;  dstData[dstIdx]&#x0A;    Which is: &apos;\0&apos;&#x0A;  borderValues[c]&#x0A;    Which is: &apos;d&apos; (100, 0x64)&#x0A;Border value mismatch at (22,0) channel 0&#x0A;" type=""><![CDATA[/home/cjxu/npp/test/unit/nppi/nppi_geometry_transforms/test_nppi_copyConstBorder.cpp:95
Expected equality of these values:
  dstData[dstIdx]
    Which is: '\0'
  borderValues[c]
    Which is: 'd' (100, 0x64)
Border value mismatch at (22,0) channel 0
]]></failure>
      <failure message="/home/cjxu/npp/test/unit/nppi/nppi_geometry_transforms/test_nppi_copyConstBorder.cpp:95&#x0A;Expected equality of these values:&#x0A;  dstData[dstIdx]&#x0A;    Which is: &apos;\0&apos;&#x0A;  borderValues[c]&#x0A;    Which is: &apos;\x96&apos; (150)&#x0A;Border value mismatch at (22,0) channel 1&#x0A;" type=""><![CDATA[/home/cjxu/npp/test/unit/nppi/nppi_geometry_transforms/test_nppi_copyConstBorder.cpp:95
Expected equality of these values:
  dstData[dstIdx]
    Which is: '\0'
  borderValues[c]
    Which is: '\x96' (150)
Border value mismatch at (22,0) channel 1
]]></failure>
      <failure message="/home/cjxu/npp/test/unit/nppi/nppi_geometry_transforms/test_nppi_copyConstBorder.cpp:95&#x0A;Expected equality of these values:&#x0A;  dstData[dstIdx]&#x0A;    Which is: &apos;\0&apos;&#x0A;  borderValues[c]&#x0A;    Which is: &apos;\xC8&apos; (200)&#x0A;Border value mismatch at (22,0) channel 2&#x0A;" type=""><![CDATA[/home/cjxu/npp/test/unit/nppi/nppi_geometry_transforms/test_nppi_copyConstBorder.cpp:95
Expected equality of these values:
  dstData[dstIdx]
    Which is: '\0'
  borderValues[c]
    Which is: '\xC8' (200)
Border value mismatch at (22,0) channel 2
]]></failure>
      <failure message="/home/cjxu/npp/test/unit/nppi/nppi_geometry_transforms/test_nppi_copyConstBorder.cpp:95&#x0A;Expected equality of these values:&#x0A;  dstData[dstIdx]&#x0A;    Which is: &apos;\0&apos;&#x0A;  borderValues[c]&#x0A;    Which is: &apos;d&apos; (100, 0x64)&#x0A;Border value mismatch at (23,0) channel 0&#x0A;" type=""><![CDATA[/home/cjxu/npp/test/unit/nppi/nppi_geometry_transforms/test_nppi_copyConstBorder.cpp:95
Expected equality of these values:
  dstData[dstIdx]
    Which is: '\0'
  borderValues[c]
    Which is: 'd' (100, 0x64)
Border value mismatch at (23,0) channel 0
]]></failure>
      <failure message="/home/cjxu/npp/test/unit/nppi/nppi_geometry_transforms/test_nppi_copyConstBorder.cpp:95&#x0A;Expected equality of these values:&#x0A;  dstData[dstIdx]&#x0A;    Which is: &apos;\0&apos;&#x0A;  borderValues[c]&#x0A;    Which is: &apos;\x96&apos; (150)&#x0A;Border value mismatch at (23,0) channel 1&#x0A;" type=""><![CDATA[/home/cjxu/npp/test/unit/nppi/nppi_geometry_transforms/test_nppi_copyConstBorder.cpp:95
Expected equality of these values:
  dstData[dstIdx]
    Which is: '\0'
  borderValues[c]
    Which is: '\x96' (150)
Border value mismatch at (23,0) channel 1
]]></failure>
      <failure message="/home/cjxu/npp/test/unit/nppi/nppi_geometry_transforms/test_nppi_copyConstBorder.cpp:95&#x0A;Expected equality of these values:&#x0A;  dstData[dstIdx]&#x0A;    Which is: &apos;\0&apos;&#x0A;  borderValues[c]&#x0A;    Which is: &apos;\xC8&apos; (200)&#x0A;Border value mismatch at (23,0) channel 2&#x0A;" type=""><![CDATA[/home/cjxu/npp/test/unit/nppi/nppi_geometry_transforms/test_nppi_copyConstBorder.cpp:95
Expected equality of these values:
  dstData[dstIdx]
    Which is: '\0'
  borderValues[c]
    Which is: '\xC8' (200)
Border value mismatch at (23,0) channel 2
]]></failure>
      <failure message="/home/cjxu/npp/test/unit/nppi/nppi_geometry_transforms/test_nppi_copyConstBorder.cpp:95&#x0A;Expected equality of these values:&#x0A;  dstData[dstIdx]&#x0A;    Which is: &apos;\0&apos;&#x0A;  borderValues[c]&#x0A;    Which is: &apos;d&apos; (100, 0x64)&#x0A;Border value mismatch at (0,1) channel 0&#x0A;" type=""><![CDATA[/home/cjxu/npp/test/unit/nppi/nppi_geometry_transforms/test_nppi_copyConstBorder.cpp:95
Expected equality of these values:
  dstData[dstIdx]
    Which is: '\0'
  borderValues[c]
    Which is: 'd' (100, 0x64)
Border value mismatch at (0,1) channel 0
]]></failure>
      <failure message="/home/cjxu/npp/test/unit/nppi/nppi_geometry_transforms/test_nppi_copyConstBorder.cpp:95&#x0A;Expected equality of these values:&#x0A;  dstData[dstIdx]&#x0A;    Which is: &apos;\0&apos;&#x0A;  borderValues[c]&#x0A;    Which is: &apos;\x96&apos; (150)&#x0A;Border value mismatch at (0,1) channel 1&#x0A;" type=""><![CDATA[/home/cjxu/npp/test/unit/nppi/nppi_geometry_transforms/test_nppi_copyConstBorder.cpp:95
Expected equality of these values:
  dstData[dstIdx]
    Which is: '\0'
  borderValues[c]
    Which is: '\x96' (150)
Border value mismatch at (0,1) channel 1
]]></failure>
      <failure message="/home/cjxu/npp/test/unit/nppi/nppi_geometry_transforms/test_nppi_copyConstBorder.cpp:95&#x0A;Expected equality of these values:&#x0A;  dstData[dstIdx]&#x0A;    Which is: &apos;\0&apos;&#x0A;  borderValues[c]&#x0A;    Which is: &apos;\xC8&apos; (200)&#x0A;Border value mismatch at (0,1) channel 2&#x0A;" type=""><![CDATA[/home/cjxu/npp/test/unit/nppi/nppi_geometry_transforms/test_nppi_copyConstBorder.cpp:95
Expected equality of these values:
  dstData[dstIdx]
    Which is: '\0'
  borderValues[c]
    Which is: '\xC8' (200)
Border value mismatch at (0,1) channel 2
]]></failure>
      <failure message="/home/cjxu/npp/test/unit/nppi/nppi_geometry_transforms/test_nppi_copyConstBorder.cpp:95&#x0A;Expected equality of these values:&#x0A;  dstData[dstIdx]&#x0A;    Which is: &apos;\0&apos;&#x0A;  borderValues[c]&#x0A;    Which is: &apos;d&apos; (100, 0x64)&#x0A;Border value mismatch at (1,1) channel 0&#x0A;" type=""><![CDATA[/home/cjxu/npp/test/unit/nppi/nppi_geometry_transforms/test_nppi_copyConstBorder.cpp:95
Expected equality of these values:
  dstData[dstIdx]
    Which is: '\0'
  borderValues[c]
    Which is: 'd' (100, 0x64)
Border value mismatch at (1,1) channel 0
]]></failure>
      <failure message="/home/cjxu/npp/test/unit/nppi/nppi_geometry_transforms/test_nppi_copyConstBorder.cpp:95&#x0A;Expected equality of these values:&#x0A;  dstData[dstIdx]&#x0A;    Which is: &apos;\0&apos;&#x0A;  borderValues[c]&#x0A;    Which is: &apos;\x96&apos; (150)&#x0A;Border value mismatch at (1,1) channel 1&#x0A;" type=""><![CDATA[/home/cjxu/npp/test/unit/nppi/nppi_geometry_transforms/test_nppi_copyConstBorder.cpp:95
Expected equality of these values:
  dstData[dstIdx]
    Which is: '\0'
  borderValues[c]
    Which is: '\x96' (150)
Border value mismatch at (1,1) channel 1
]]></failure>
      <failure message="/home/cjxu/npp/test/unit/nppi/nppi_geometry_transforms/test_nppi_copyConstBorder.cpp:95&#x0A;Expected equality of these values:&#x0A;  dstData[dstIdx]&#x0A;    Which is: &apos;\0&apos;&#x0A;  borderValues[c]&#x0A;    Which is: &apos;\xC8&apos; (200)&#x0A;Border value mismatch at (1,1) channel 2&#x0A;" type=""><![CDATA[/home/cjxu/npp/test/unit/nppi/nppi_geometry_transforms/test_nppi_copyConstBorder.cpp:95
Expected equality of these values:
  dstData[dstIdx]
    Which is: '\0'
  borderValues[c]
    Which is: '\xC8' (200)
Border value mismatch at (1,1) channel 2
]]></failure>
      <failure message="/home/cjxu/npp/test/unit/nppi/nppi_geometry_transforms/test_nppi_copyConstBorder.cpp:95&#x0A;Expected equality of these values:&#x0A;  dstData[dstIdx]&#x0A;    Which is: &apos;\0&apos;&#x0A;  borderValues[c]&#x0A;    Which is: &apos;d&apos; (100, 0x64)&#x0A;Border value mismatch at (2,1) channel 0&#x0A;" type=""><![CDATA[/home/cjxu/npp/test/unit/nppi/nppi_geometry_transforms/test_nppi_copyConstBorder.cpp:95
Expected equality of these values:
  dstData[dstIdx]
    Which is: '\0'
  borderValues[c]
    Which is: 'd' (100, 0x64)
Border value mismatch at (2,1) channel 0
]]></failure>
      <failure message="/home/cjxu/npp/test/unit/nppi/nppi_geometry_transforms/test_nppi_copyConstBorder.cpp:95&#x0A;Expected equality of these values:&#x0A;  dstData[dstIdx]&#x0A;    Which is: &apos;\0&apos;&#x0A;  borderValues[c]&#x0A;    Which is: &apos;\x96&apos; (150)&#x0A;Border value mismatch at (2,1) channel 1&#x0A;" type=""><![CDATA[/home/cjxu/npp/test/unit/nppi/nppi_geometry_transforms/test_nppi_copyConstBorder.cpp:95
Expected equality of these values:
  dstData[dstIdx]
    Which is: '\0'
  borderValues[c]
    Which is: '\x96' (150)
Border value mismatch at (2,1) channel 1
]]></failure>
      <failure message="/home/cjxu/npp/test/unit/nppi/nppi_geometry_transforms/test_nppi_copyConstBorder.cpp:95&#x0A;Expected equality of these values:&#x0A;  dstData[dstIdx]&#x0A;    Which is: &apos;\0&apos;&#x0A;  borderValues[c]&#x0A;    Which is: &apos;\xC8&apos; (200)&#x0A;Border value mismatch at (2,1) channel 2&#x0A;" type=""><![CDATA[/home/cjxu/npp/test/unit/nppi/nppi_geometry_transforms/test_nppi_copyConstBorder.cpp:95
Expected equality of these values:
  dstData[dstIdx]
    Which is: '\0'
  borderValues[c]
    Which is: '\xC8' (200)
Border value mismatch at (2,1) channel 2
]]></failure>
      <failure message="/home/cjxu/npp/test/unit/nppi/nppi_geometry_transforms/test_nppi_copyConstBorder.cpp:95&#x0A;Expected equality of these values:&#x0A;  dstData[dstIdx]&#x0A;    Which is: &apos;\0&apos;&#x0A;  borderValues[c]&#x0A;    Which is: &apos;d&apos; (100, 0x64)&#x0A;Border value mismatch at (3,1) channel 0&#x0A;" type=""><![CDATA[/home/cjxu/npp/test/unit/nppi/nppi_geometry_transforms/test_nppi_copyConstBorder.cpp:95
Expected equality of these values:
  dstData[dstIdx]
    Which is: '\0'
  borderValues[c]
    Which is: 'd' (100, 0x64)
Border value mismatch at (3,1) channel 0
]]></failure>
      <failure message="/home/cjxu/npp/test/unit/nppi/nppi_geometry_transforms/test_nppi_copyConstBorder.cpp:95&#x0A;Expected equality of these values:&#x0A;  dstData[dstIdx]&#x0A;    Which is: &apos;\0&apos;&#x0A;  borderValues[c]&#x0A;    Which is: &apos;\x96&apos; (150)&#x0A;Border value mismatch at (3,1) channel 1&#x0A;" type=""><![CDATA[/home/cjxu/npp/test/unit/nppi/nppi_geometry_transforms/test_nppi_copyConstBorder.cpp:95
Expected equality of these values:
  dstData[dstIdx]
    Which is: '\0'
  borderValues[c]
    Which is: '\x96' (150)
Border value mismatch at (3,1) channel 1
]]></failure>
      <failure message="/home/cjxu/npp/test/unit/nppi/nppi_geometry_transforms/test_nppi_copyConstBorder.cpp:95&#x0A;Expected equality of these values:&#x0A;  dstData[dstIdx]&#x0A;    Which is: &apos;\0&apos;&#x0A;  borderValues[c]&#x0A;    Which is: &apos;\xC8&apos; (200)&#x0A;Border value mismatch at (3,1) channel 2&#x0A;" type=""><![CDATA[/home/cjxu/npp/test/unit/nppi/nppi_geometry_transforms/test_nppi_copyConstBorder.cpp:95
Expected equality of these values:
  dstData[dstIdx]
    Which is: '\0'
  borderValues[c]
    Which is: '\xC8' (200)
Border value mismatch at (3,1) channel 2
]]></failure>
      <failure message="/home/cjxu/npp/test/unit/nppi/nppi_geometry_transforms/test_nppi_copyConstBorder.cpp:95&#x0A;Expected equality of these values:&#x0A;  dstData[dstIdx]&#x0A;    Which is: &apos;\0&apos;&#x0A;  borderValues[c]&#x0A;    Which is: &apos;d&apos; (100, 0x64)&#x0A;Border value mismatch at (4,1) channel 0&#x0A;" type=""><![CDATA[/home/cjxu/npp/test/unit/nppi/nppi_geometry_transforms/test_nppi_copyConstBorder.cpp:95
Expected equality of these values:
  dstData[dstIdx]
    Which is: '\0'
  borderValues[c]
    Which is: 'd' (100, 0x64)
Border value mismatch at (4,1) channel 0
]]></failure>
      <failure message="/home/cjxu/npp/test/unit/nppi/nppi_geometry_transforms/test_nppi_copyConstBorder.cpp:95&#x0A;Expected equality of these values:&#x0A;  dstData[dstIdx]&#x0A;    Which is: &apos;\0&apos;&#x0A;  borderValues[c]&#x0A;    Which is: &apos;\x96&apos; (150)&#x0A;Border value mismatch at (4,1) channel 1&#x0A;" type=""><![CDATA[/home/cjxu/npp/test/unit/nppi/nppi_geometry_transforms/test_nppi_copyConstBorder.cpp:95
Expected equality of these values:
  dstData[dstIdx]
    Which is: '\0'
  borderValues[c]
    Which is: '\x96' (150)
Border value mismatch at (4,1) channel 1
]]></failure>
      <failure message="/home/cjxu/npp/test/unit/nppi/nppi_geometry_transforms/test_nppi_copyConstBorder.cpp:95&#x0A;Expected equality of these values:&#x0A;  dstData[dstIdx]&#x0A;    Which is: &apos;\0&apos;&#x0A;  borderValues[c]&#x0A;    Which is: &apos;\xC8&apos; (200)&#x0A;Border value mismatch at (4,1) channel 2&#x0A;" type=""><![CDATA[/home/cjxu/npp/test/unit/nppi/nppi_geometry_transforms/test_nppi_copyConstBorder.cpp:95
Expected equality of these values:
  dstData[dstIdx]
    Which is: '\0'
  borderValues[c]
    Which is: '\xC8' (200)
Border value mismatch at (4,1) channel 2
]]></failure>
      <failure message="/home/cjxu/npp/test/unit/nppi/nppi_geometry_transforms/test_nppi_copyConstBorder.cpp:95&#x0A;Expected equality of these values:&#x0A;  dstData[dstIdx]&#x0A;    Which is: &apos;\0&apos;&#x0A;  borderValues[c]&#x0A;    Which is: &apos;d&apos; (100, 0x64)&#x0A;Border value mismatch at (5,1) channel 0&#x0A;" type=""><![CDATA[/home/cjxu/npp/test/unit/nppi/nppi_geometry_transforms/test_nppi_copyConstBorder.cpp:95
Expected equality of these values:
  dstData[dstIdx]
    Which is: '\0'
  borderValues[c]
    Which is: 'd' (100, 0x64)
Border value mismatch at (5,1) channel 0
]]></failure>
      <failure message="/home/cjxu/npp/test/unit/nppi/nppi_geometry_transforms/test_nppi_copyConstBorder.cpp:95&#x0A;Expected equality of these values:&#x0A;  dstData[dstIdx]&#x0A;    Which is: &apos;\0&apos;&#x0A;  borderValues[c]&#x0A;    Which is: &apos;\x96&apos; (150)&#x0A;Border value mismatch at (5,1) channel 1&#x0A;" type=""><![CDATA[/home/cjxu/npp/test/unit/nppi/nppi_geometry_transforms/test_nppi_copyConstBorder.cpp:95
Expected equality of these values:
  dstData[dstIdx]
    Which is: '\0'
  borderValues[c]
    Which is: '\x96' (150)
Border value mismatch at (5,1) channel 1
]]></failure>
      <failure message="/home/cjxu/npp/test/unit/nppi/nppi_geometry_transforms/test_nppi_copyConstBorder.cpp:95&#x0A;Expected equality of these values:&#x0A;  dstData[dstIdx]&#x0A;    Which is: &apos;\0&apos;&#x0A;  borderValues[c]&#x0A;    Which is: &apos;\xC8&apos; (200)&#x0A;Border value mismatch at (5,1) channel 2&#x0A;" type=""><![CDATA[/home/cjxu/npp/test/unit/nppi/nppi_geometry_transforms/test_nppi_copyConstBorder.cpp:95
Expected equality of these values:
  dstData[dstIdx]
    Which is: '\0'
  borderValues[c]
    Which is: '\xC8' (200)
Border value mismatch at (5,1) channel 2
]]></failure>
      <failure message="/home/cjxu/npp/test/unit/nppi/nppi_geometry_transforms/test_nppi_copyConstBorder.cpp:95&#x0A;Expected equality of these values:&#x0A;  dstData[dstIdx]&#x0A;    Which is: &apos;\0&apos;&#x0A;  borderValues[c]&#x0A;    Which is: &apos;d&apos; (100, 0x64)&#x0A;Border value mismatch at (6,1) channel 0&#x0A;" type=""><![CDATA[/home/cjxu/npp/test/unit/nppi/nppi_geometry_transforms/test_nppi_copyConstBorder.cpp:95
Expected equality of these values:
  dstData[dstIdx]
    Which is: '\0'
  borderValues[c]
    Which is: 'd' (100, 0x64)
Border value mismatch at (6,1) channel 0
]]></failure>
      <failure message="/home/cjxu/npp/test/unit/nppi/nppi_geometry_transforms/test_nppi_copyConstBorder.cpp:95&#x0A;Expected equality of these values:&#x0A;  dstData[dstIdx]&#x0A;    Which is: &apos;\0&apos;&#x0A;  borderValues[c]&#x0A;    Which is: &apos;\x96&apos; (150)&#x0A;Border value mismatch at (6,1) channel 1&#x0A;" type=""><![CDATA[/home/cjxu/npp/test/unit/nppi/nppi_geometry_transforms/test_nppi_copyConstBorder.cpp:95
Expected equality of these values:
  dstData[dstIdx]
    Which is: '\0'
  borderValues[c]
    Which is: '\x96' (150)
Border value mismatch at (6,1) channel 1
]]></failure>
      <failure message="/home/cjxu/npp/test/unit/nppi/nppi_geometry_transforms/test_nppi_copyConstBorder.cpp:95&#x0A;Expected equality of these values:&#x0A;  dstData[dstIdx]&#x0A;    Which is: &apos;\0&apos;&#x0A;  borderValues[c]&#x0A;    Which is: &apos;\xC8&apos; (200)&#x0A;Border value mismatch at (6,1) channel 2&#x0A;" type=""><![CDATA[/home/cjxu/npp/test/unit/nppi/nppi_geometry_transforms/test_nppi_copyConstBorder.cpp:95
Expected equality of these values:
  dstData[dstIdx]
    Which is: '\0'
  borderValues[c]
    Which is: '\xC8' (200)
Border value mismatch at (6,1) channel 2
]]></failure>
      <failure message="/home/cjxu/npp/test/unit/nppi/nppi_geometry_transforms/test_nppi_copyConstBorder.cpp:95&#x0A;Expected equality of these values:&#x0A;  dstData[dstIdx]&#x0A;    Which is: &apos;\0&apos;&#x0A;  borderValues[c]&#x0A;    Which is: &apos;d&apos; (100, 0x64)&#x0A;Border value mismatch at (7,1) channel 0&#x0A;" type=""><![CDATA[/home/cjxu/npp/test/unit/nppi/nppi_geometry_transforms/test_nppi_copyConstBorder.cpp:95
Expected equality of these values:
  dstData[dstIdx]
    Which is: '\0'
  borderValues[c]
    Which is: 'd' (100, 0x64)
Border value mismatch at (7,1) channel 0
]]></failure>
      <failure message="/home/cjxu/npp/test/unit/nppi/nppi_geometry_transforms/test_nppi_copyConstBorder.cpp:95&#x0A;Expected equality of these values:&#x0A;  dstData[dstIdx]&#x0A;    Which is: &apos;\0&apos;&#x0A;  borderValues[c]&#x0A;    Which is: &apos;\x96&apos; (150)&#x0A;Border value mismatch at (7,1) channel 1&#x0A;" type=""><![CDATA[/home/cjxu/npp/test/unit/nppi/nppi_geometry_transforms/test_nppi_copyConstBorder.cpp:95
Expected equality of these values:
  dstData[dstIdx]
    Which is: '\0'
  borderValues[c]
    Which is: '\x96' (150)
Border value mismatch at (7,1) channel 1
]]></failure>
      <failure message="/home/cjxu/npp/test/unit/nppi/nppi_geometry_transforms/test_nppi_copyConstBorder.cpp:95&#x0A;Expected equality of these values:&#x0A;  dstData[dstIdx]&#x0A;    Which is: &apos;\0&apos;&#x0A;  borderValues[c]&#x0A;    Which is: &apos;\xC8&apos; (200)&#x0A;Border value mismatch at (7,1) channel 2&#x0A;" type=""><![CDATA[/home/cjxu/npp/test/unit/nppi/nppi_geometry_transforms/test_nppi_copyConstBorder.cpp:95
Expected equality of these values:
  dstData[dstIdx]
    Which is: '\0'
  borderValues[c]
    Which is: '\xC8' (200)
Border value mismatch at (7,1) channel 2
]]></failure>
      <failure message="/home/cjxu/npp/test/unit/nppi/nppi_geometry_transforms/test_nppi_copyConstBorder.cpp:95&#x0A;Expected equality of these values:&#x0A;  dstData[dstIdx]&#x0A;    Which is: &apos;\0&apos;&#x0A;  borderValues[c]&#x0A;    Which is: &apos;d&apos; (100, 0x64)&#x0A;Border value mismatch at (8,1) channel 0&#x0A;" type=""><![CDATA[/home/cjxu/npp/test/unit/nppi/nppi_geometry_transforms/test_nppi_copyConstBorder.cpp:95
Expected equality of these values:
  dstData[dstIdx]
    Which is: '\0'
  borderValues[c]
    Which is: 'd' (100, 0x64)
Border value mismatch at (8,1) channel 0
]]></failure>
      <failure message="/home/cjxu/npp/test/unit/nppi/nppi_geometry_transforms/test_nppi_copyConstBorder.cpp:95&#x0A;Expected equality of these values:&#x0A;  dstData[dstIdx]&#x0A;    Which is: &apos;\0&apos;&#x0A;  borderValues[c]&#x0A;    Which is: &apos;\x96&apos; (150)&#x0A;Border value mismatch at (8,1) channel 1&#x0A;" type=""><![CDATA[/home/cjxu/npp/test/unit/nppi/nppi_geometry_transforms/test_nppi_copyConstBorder.cpp:95
Expected equality of these values:
  dstData[dstIdx]
    Which is: '\0'
  borderValues[c]
    Which is: '\x96' (150)
Border value mismatch at (8,1) channel 1
]]></failure>
      <failure message="/home/cjxu/npp/test/unit/nppi/nppi_geometry_transforms/test_nppi_copyConstBorder.cpp:95&#x0A;Expected equality of these values:&#x0A;  dstData[dstIdx]&#x0A;    Which is: &apos;\0&apos;&#x0A;  borderValues[c]&#x0A;    Which is: &apos;\xC8&apos; (200)&#x0A;Border value mismatch at (8,1) channel 2&#x0A;" type=""><![CDATA[/home/cjxu/npp/test/unit/nppi/nppi_geometry_transforms/test_nppi_copyConstBorder.cpp:95
Expected equality of these values:
  dstData[dstIdx]
    Which is: '\0'
  borderValues[c]
    Which is: '\xC8' (200)
Border value mismatch at (8,1) channel 2
]]></failure>
      <failure message="/home/cjxu/npp/test/unit/nppi/nppi_geometry_transforms/test_nppi_copyConstBorder.cpp:95&#x0A;Expected equality of these values:&#x0A;  dstData[dstIdx]&#x0A;    Which is: &apos;\0&apos;&#x0A;  borderValues[c]&#x0A;    Which is: &apos;d&apos; (100, 0x64)&#x0A;Border value mismatch at (9,1) channel 0&#x0A;" type=""><![CDATA[/home/cjxu/npp/test/unit/nppi/nppi_geometry_transforms/test_nppi_copyConstBorder.cpp:95
Expected equality of these values:
  dstData[dstIdx]
    Which is: '\0'
  borderValues[c]
    Which is: 'd' (100, 0x64)
Border value mismatch at (9,1) channel 0
]]></failure>
      <failure message="/home/cjxu/npp/test/unit/nppi/nppi_geometry_transforms/test_nppi_copyConstBorder.cpp:95&#x0A;Expected equality of these values:&#x0A;  dstData[dstIdx]&#x0A;    Which is: &apos;\0&apos;&#x0A;  borderValues[c]&#x0A;    Which is: &apos;\x96&apos; (150)&#x0A;Border value mismatch at (9,1) channel 1&#x0A;" type=""><![CDATA[/home/cjxu/npp/test/unit/nppi/nppi_geometry_transforms/test_nppi_copyConstBorder.cpp:95
Expected equality of these values:
  dstData[dstIdx]
    Which is: '\0'
  borderValues[c]
    Which is: '\x96' (150)
Border value mismatch at (9,1) channel 1
]]></failure>
      <failure message="/home/cjxu/npp/test/unit/nppi/nppi_geometry_transforms/test_nppi_copyConstBorder.cpp:95&#x0A;Expected equality of these values:&#x0A;  dstData[dstIdx]&#x0A;    Which is: &apos;\0&apos;&#x0A;  borderValues[c]&#x0A;    Which is: &apos;\xC8&apos; (200)&#x0A;Border value mismatch at (9,1) channel 2&#x0A;" type=""><![CDATA[/home/cjxu/npp/test/unit/nppi/nppi_geometry_transforms/test_nppi_copyConstBorder.cpp:95
Expected equality of these values:
  dstData[dstIdx]
    Which is: '\0'
  borderValues[c]
    Which is: '\xC8' (200)
Border value mismatch at (9,1) channel 2
]]></failure>
      <failure message="/home/cjxu/npp/test/unit/nppi/nppi_geometry_transforms/test_nppi_copyConstBorder.cpp:95&#x0A;Expected equality of these values:&#x0A;  dstData[dstIdx]&#x0A;    Which is: &apos;\0&apos;&#x0A;  borderValues[c]&#x0A;    Which is: &apos;d&apos; (100, 0x64)&#x0A;Border value mismatch at (10,1) channel 0&#x0A;" type=""><![CDATA[/home/cjxu/npp/test/unit/nppi/nppi_geometry_transforms/test_nppi_copyConstBorder.cpp:95
Expected equality of these values:
  dstData[dstIdx]
    Which is: '\0'
  borderValues[c]
    Which is: 'd' (100, 0x64)
Border value mismatch at (10,1) channel 0
]]></failure>
      <failure message="/home/cjxu/npp/test/unit/nppi/nppi_geometry_transforms/test_nppi_copyConstBorder.cpp:95&#x0A;Expected equality of these values:&#x0A;  dstData[dstIdx]&#x0A;    Which is: &apos;\0&apos;&#x0A;  borderValues[c]&#x0A;    Which is: &apos;\x96&apos; (150)&#x0A;Border value mismatch at (10,1) channel 1&#x0A;" type=""><![CDATA[/home/cjxu/npp/test/unit/nppi/nppi_geometry_transforms/test_nppi_copyConstBorder.cpp:95
Expected equality of these values:
  dstData[dstIdx]
    Which is: '\0'
  borderValues[c]
    Which is: '\x96' (150)
Border value mismatch at (10,1) channel 1
]]></failure>
      <failure message="/home/cjxu/npp/test/unit/nppi/nppi_geometry_transforms/test_nppi_copyConstBorder.cpp:95&#x0A;Expected equality of these values:&#x0A;  dstData[dstIdx]&#x0A;    Which is: &apos;\0&apos;&#x0A;  borderValues[c]&#x0A;    Which is: &apos;\xC8&apos; (200)&#x0A;Border value mismatch at (10,1) channel 2&#x0A;" type=""><![CDATA[/home/cjxu/npp/test/unit/nppi/nppi_geometry_transforms/test_nppi_copyConstBorder.cpp:95
Expected equality of these values:
  dstData[dstIdx]
    Which is: '\0'
  borderValues[c]
    Which is: '\xC8' (200)
Border value mismatch at (10,1) channel 2
]]></failure>
      <failure message="/home/cjxu/npp/test/unit/nppi/nppi_geometry_transforms/test_nppi_copyConstBorder.cpp:95&#x0A;Expected equality of these values:&#x0A;  dstData[dstIdx]&#x0A;    Which is: &apos;\0&apos;&#x0A;  borderValues[c]&#x0A;    Which is: &apos;d&apos; (100, 0x64)&#x0A;Border value mismatch at (11,1) channel 0&#x0A;" type=""><![CDATA[/home/cjxu/npp/test/unit/nppi/nppi_geometry_transforms/test_nppi_copyConstBorder.cpp:95
Expected equality of these values:
  dstData[dstIdx]
    Which is: '\0'
  borderValues[c]
    Which is: 'd' (100, 0x64)
Border value mismatch at (11,1) channel 0
]]></failure>
      <failure message="/home/cjxu/npp/test/unit/nppi/nppi_geometry_transforms/test_nppi_copyConstBorder.cpp:95&#x0A;Expected equality of these values:&#x0A;  dstData[dstIdx]&#x0A;    Which is: &apos;\0&apos;&#x0A;  borderValues[c]&#x0A;    Which is: &apos;\x96&apos; (150)&#x0A;Border value mismatch at (11,1) channel 1&#x0A;" type=""><![CDATA[/home/cjxu/npp/test/unit/nppi/nppi_geometry_transforms/test_nppi_copyConstBorder.cpp:95
Expected equality of these values:
  dstData[dstIdx]
    Which is: '\0'
  borderValues[c]
    Which is: '\x96' (150)
Border value mismatch at (11,1) channel 1
]]></failure>
      <failure message="/home/cjxu/npp/test/unit/nppi/nppi_geometry_transforms/test_nppi_copyConstBorder.cpp:95&#x0A;Expected equality of these values:&#x0A;  dstData[dstIdx]&#x0A;    Which is: &apos;\0&apos;&#x0A;  borderValues[c]&#x0A;    Which is: &apos;\xC8&apos; (200)&#x0A;Border value mismatch at (11,1) channel 2&#x0A;" type=""><![CDATA[/home/cjxu/npp/test/unit/nppi/nppi_geometry_transforms/test_nppi_copyConstBorder.cpp:95
Expected equality of these values:
  dstData[dstIdx]
    Which is: '\0'
  borderValues[c]
    Which is: '\xC8' (200)
Border value mismatch at (11,1) channel 2
]]></failure>
      <failure message="/home/cjxu/npp/test/unit/nppi/nppi_geometry_transforms/test_nppi_copyConstBorder.cpp:95&#x0A;Expected equality of these values:&#x0A;  dstData[dstIdx]&#x0A;    Which is: &apos;\0&apos;&#x0A;  borderValues[c]&#x0A;    Which is: &apos;d&apos; (100, 0x64)&#x0A;Border value mismatch at (12,1) channel 0&#x0A;" type=""><![CDATA[/home/cjxu/npp/test/unit/nppi/nppi_geometry_transforms/test_nppi_copyConstBorder.cpp:95
Expected equality of these values:
  dstData[dstIdx]
    Which is: '\0'
  borderValues[c]
    Which is: 'd' (100, 0x64)
Border value mismatch at (12,1) channel 0
]]></failure>
      <failure message="/home/cjxu/npp/test/unit/nppi/nppi_geometry_transforms/test_nppi_copyConstBorder.cpp:95&#x0A;Expected equality of these values:&#x0A;  dstData[dstIdx]&#x0A;    Which is: &apos;\0&apos;&#x0A;  borderValues[c]&#x0A;    Which is: &apos;\x96&apos; (150)&#x0A;Border value mismatch at (12,1) channel 1&#x0A;" type=""><![CDATA[/home/cjxu/npp/test/unit/nppi/nppi_geometry_transforms/test_nppi_copyConstBorder.cpp:95
Expected equality of these values:
  dstData[dstIdx]
    Which is: '\0'
  borderValues[c]
    Which is: '\x96' (150)
Border value mismatch at (12,1) channel 1
]]></failure>
      <failure message="/home/cjxu/npp/test/unit/nppi/nppi_geometry_transforms/test_nppi_copyConstBorder.cpp:95&#x0A;Expected equality of these values:&#x0A;  dstData[dstIdx]&#x0A;    Which is: &apos;\0&apos;&#x0A;  borderValues[c]&#x0A;    Which is: &apos;\xC8&apos; (200)&#x0A;Border value mismatch at (12,1) channel 2&#x0A;" type=""><![CDATA[/home/cjxu/npp/test/unit/nppi/nppi_geometry_transforms/test_nppi_copyConstBorder.cpp:95
Expected equality of these values:
  dstData[dstIdx]
    Which is: '\0'
  borderValues[c]
    Which is: '\xC8' (200)
Border value mismatch at (12,1) channel 2
]]></failure>
      <failure message="/home/cjxu/npp/test/unit/nppi/nppi_geometry_transforms/test_nppi_copyConstBorder.cpp:95&#x0A;Expected equality of these values:&#x0A;  dstData[dstIdx]&#x0A;    Which is: &apos;\0&apos;&#x0A;  borderValues[c]&#x0A;    Which is: &apos;d&apos; (100, 0x64)&#x0A;Border value mismatch at (13,1) channel 0&#x0A;" type=""><![CDATA[/home/cjxu/npp/test/unit/nppi/nppi_geometry_transforms/test_nppi_copyConstBorder.cpp:95
Expected equality of these values:
  dstData[dstIdx]
    Which is: '\0'
  borderValues[c]
    Which is: 'd' (100, 0x64)
Border value mismatch at (13,1) channel 0
]]></failure>
      <failure message="/home/cjxu/npp/test/unit/nppi/nppi_geometry_transforms/test_nppi_copyConstBorder.cpp:95&#x0A;Expected equality of these values:&#x0A;  dstData[dstIdx]&#x0A;    Which is: &apos;\0&apos;&#x0A;  borderValues[c]&#x0A;    Which is: &apos;\x96&apos; (150)&#x0A;Border value mismatch at (13,1) channel 1&#x0A;" type=""><![CDATA[/home/cjxu/npp/test/unit/nppi/nppi_geometry_transforms/test_nppi_copyConstBorder.cpp:95
Expected equality of these values:
  dstData[dstIdx]
    Which is: '\0'
  borderValues[c]
    Which is: '\x96' (150)
Border value mismatch at (13,1) channel 1
]]></failure>
      <failure message="/home/cjxu/npp/test/unit/nppi/nppi_geometry_transforms/test_nppi_copyConstBorder.cpp:95&#x0A;Expected equality of these values:&#x0A;  dstData[dstIdx]&#x0A;    Which is: &apos;\0&apos;&#x0A;  borderValues[c]&#x0A;    Which is: &apos;\xC8&apos; (200)&#x0A;Border value mismatch at (13,1) channel 2&#x0A;" type=""><![CDATA[/home/cjxu/npp/test/unit/nppi/nppi_geometry_transforms/test_nppi_copyConstBorder.cpp:95
Expected equality of these values:
  dstData[dstIdx]
    Which is: '\0'
  borderValues[c]
    Which is: '\xC8' (200)
Border value mismatch at (13,1) channel 2
]]></failure>
      <failure message="/home/cjxu/npp/test/unit/nppi/nppi_geometry_transforms/test_nppi_copyConstBorder.cpp:95&#x0A;Expected equality of these values:&#x0A;  dstData[dstIdx]&#x0A;    Which is: &apos;\0&apos;&#x0A;  borderValues[c]&#x0A;    Which is: &apos;d&apos; (100, 0x64)&#x0A;Border value mismatch at (14,1) channel 0&#x0A;" type=""><![CDATA[/home/cjxu/npp/test/unit/nppi/nppi_geometry_transforms/test_nppi_copyConstBorder.cpp:95
Expected equality of these values:
  dstData[dstIdx]
    Which is: '\0'
  borderValues[c]
    Which is: 'd' (100, 0x64)
Border value mismatch at (14,1) channel 0
]]></failure>
      <failure message="/home/cjxu/npp/test/unit/nppi/nppi_geometry_transforms/test_nppi_copyConstBorder.cpp:95&#x0A;Expected equality of these values:&#x0A;  dstData[dstIdx]&#x0A;    Which is: &apos;\0&apos;&#x0A;  borderValues[c]&#x0A;    Which is: &apos;\x96&apos; (150)&#x0A;Border value mismatch at (14,1) channel 1&#x0A;" type=""><![CDATA[/home/cjxu/npp/test/unit/nppi/nppi_geometry_transforms/test_nppi_copyConstBorder.cpp:95
Expected equality of these values:
  dstData[dstIdx]
    Which is: '\0'
  borderValues[c]
    Which is: '\x96' (150)
Border value mismatch at (14,1) channel 1
]]></failure>
      <failure message="/home/cjxu/npp/test/unit/nppi/nppi_geometry_transforms/test_nppi_copyConstBorder.cpp:95&#x0A;Expected equality of these values:&#x0A;  dstData[dstIdx]&#x0A;    Which is: &apos;\0&apos;&#x0A;  borderValues[c]&#x0A;    Which is: &apos;\xC8&apos; (200)&#x0A;Border value mismatch at (14,1) channel 2&#x0A;" type=""><![CDATA[/home/cjxu/npp/test/unit/nppi/nppi_geometry_transforms/test_nppi_copyConstBorder.cpp:95
Expected equality of these values:
  dstData[dstIdx]
    Which is: '\0'
  borderValues[c]
    Which is: '\xC8' (200)
Border value mismatch at (14,1) channel 2
]]></failure>
      <failure message="/home/cjxu/npp/test/unit/nppi/nppi_geometry_transforms/test_nppi_copyConstBorder.cpp:95&#x0A;Expected equality of these values:&#x0A;  dstData[dstIdx]&#x0A;    Which is: &apos;\0&apos;&#x0A;  borderValues[c]&#x0A;    Which is: &apos;d&apos; (100, 0x64)&#x0A;Border value mismatch at (15,1) channel 0&#x0A;" type=""><![CDATA[/home/cjxu/npp/test/unit/nppi/nppi_geometry_transforms/test_nppi_copyConstBorder.cpp:95
Expected equality of these values:
  dstData[dstIdx]
    Which is: '\0'
  borderValues[c]
    Which is: 'd' (100, 0x64)
Border value mismatch at (15,1) channel 0
]]></failure>
      <failure message="/home/cjxu/npp/test/unit/nppi/nppi_geometry_transforms/test_nppi_copyConstBorder.cpp:95&#x0A;Expected equality of these values:&#x0A;  dstData[dstIdx]&#x0A;    Which is: &apos;\0&apos;&#x0A;  borderValues[c]&#x0A;    Which is: &apos;\x96&apos; (150)&#x0A;Border value mismatch at (15,1) channel 1&#x0A;" type=""><![CDATA[/home/cjxu/npp/test/unit/nppi/nppi_geometry_transforms/test_nppi_copyConstBorder.cpp:95
Expected equality of these values:
  dstData[dstIdx]
    Which is: '\0'
  borderValues[c]
    Which is: '\x96' (150)
Border value mismatch at (15,1) channel 1
]]></failure>
      <failure message="/home/cjxu/npp/test/unit/nppi/nppi_geometry_transforms/test_nppi_copyConstBorder.cpp:95&#x0A;Expected equality of these values:&#x0A;  dstData[dstIdx]&#x0A;    Which is: &apos;\0&apos;&#x0A;  borderValues[c]&#x0A;    Which is: &apos;\xC8&apos; (200)&#x0A;Border value mismatch at (15,1) channel 2&#x0A;" type=""><![CDATA[/home/cjxu/npp/test/unit/nppi/nppi_geometry_transforms/test_nppi_copyConstBorder.cpp:95
Expected equality of these values:
  dstData[dstIdx]
    Which is: '\0'
  borderValues[c]
    Which is: '\xC8' (200)
Border value mismatch at (15,1) channel 2
]]></failure>
      <failure message="/home/cjxu/npp/test/unit/nppi/nppi_geometry_transforms/test_nppi_copyConstBorder.cpp:95&#x0A;Expected equality of these values:&#x0A;  dstData[dstIdx]&#x0A;    Which is: &apos;\0&apos;&#x0A;  borderValues[c]&#x0A;    Which is: &apos;d&apos; (100, 0x64)&#x0A;Border value mismatch at (16,1) channel 0&#x0A;" type=""><![CDATA[/home/cjxu/npp/test/unit/nppi/nppi_geometry_transforms/test_nppi_copyConstBorder.cpp:95
Expected equality of these values:
  dstData[dstIdx]
    Which is: '\0'
  borderValues[c]
    Which is: 'd' (100, 0x64)
Border value mismatch at (16,1) channel 0
]]></failure>
      <failure message="/home/cjxu/npp/test/unit/nppi/nppi_geometry_transforms/test_nppi_copyConstBorder.cpp:95&#x0A;Expected equality of these values:&#x0A;  dstData[dstIdx]&#x0A;    Which is: &apos;\0&apos;&#x0A;  borderValues[c]&#x0A;    Which is: &apos;\x96&apos; (150)&#x0A;Border value mismatch at (16,1) channel 1&#x0A;" type=""><![CDATA[/home/cjxu/npp/test/unit/nppi/nppi_geometry_transforms/test_nppi_copyConstBorder.cpp:95
Expected equality of these values:
  dstData[dstIdx]
    Which is: '\0'
  borderValues[c]
    Which is: '\x96' (150)
Border value mismatch at (16,1) channel 1
]]></failure>
      <failure message="/home/cjxu/npp/test/unit/nppi/nppi_geometry_transforms/test_nppi_copyConstBorder.cpp:95&#x0A;Expected equality of these values:&#x0A;  dstData[dstIdx]&#x0A;    Which is: &apos;\0&apos;&#x0A;  borderValues[c]&#x0A;    Which is: &apos;\xC8&apos; (200)&#x0A;Border value mismatch at (16,1) channel 2&#x0A;" type=""><![CDATA[/home/cjxu/npp/test/unit/nppi/nppi_geometry_transforms/test_nppi_copyConstBorder.cpp:95
Expected equality of these values:
  dstData[dstIdx]
    Which is: '\0'
  borderValues[c]
    Which is: '\xC8' (200)
Border value mismatch at (16,1) channel 2
]]></failure>
      <failure message="/home/cjxu/npp/test/unit/nppi/nppi_geometry_transforms/test_nppi_copyConstBorder.cpp:95&#x0A;Expected equality of these values:&#x0A;  dstData[dstIdx]&#x0A;    Which is: &apos;\0&apos;&#x0A;  borderValues[c]&#x0A;    Which is: &apos;d&apos; (100, 0x64)&#x0A;Border value mismatch at (17,1) channel 0&#x0A;" type=""><![CDATA[/home/cjxu/npp/test/unit/nppi/nppi_geometry_transforms/test_nppi_copyConstBorder.cpp:95
Expected equality of these values:
  dstData[dstIdx]
    Which is: '\0'
  borderValues[c]
    Which is: 'd' (100, 0x64)
Border value mismatch at (17,1) channel 0
]]></failure>
      <failure message="/home/cjxu/npp/test/unit/nppi/nppi_geometry_transforms/test_nppi_copyConstBorder.cpp:95&#x0A;Expected equality of these values:&#x0A;  dstData[dstIdx]&#x0A;    Which is: &apos;\0&apos;&#x0A;  borderValues[c]&#x0A;    Which is: &apos;\x96&apos; (150)&#x0A;Border value mismatch at (17,1) channel 1&#x0A;" type=""><![CDATA[/home/cjxu/npp/test/unit/nppi/nppi_geometry_transforms/test_nppi_copyConstBorder.cpp:95
Expected equality of these values:
  dstData[dstIdx]
    Which is: '\0'
  borderValues[c]
    Which is: '\x96' (150)
Border value mismatch at (17,1) channel 1
]]></failure>
      <failure message="/home/cjxu/npp/test/unit/nppi/nppi_geometry_transforms/test_nppi_copyConstBorder.cpp:95&#x0A;Expected equality of these values:&#x0A;  dstData[dstIdx]&#x0A;    Which is: &apos;\0&apos;&#x0A;  borderValues[c]&#x0A;    Which is: &apos;\xC8&apos; (200)&#x0A;Border value mismatch at (17,1) channel 2&#x0A;" type=""><![CDATA[/home/cjxu/npp/test/unit/nppi/nppi_geometry_transforms/test_nppi_copyConstBorder.cpp:95
Expected equality of these values:
  dstData[dstIdx]
    Which is: '\0'
  borderValues[c]
    Which is: '\xC8' (200)
Border value mismatch at (17,1) channel 2
]]></failure>
      <failure message="/home/cjxu/npp/test/unit/nppi/nppi_geometry_transforms/test_nppi_copyConstBorder.cpp:95&#x0A;Expected equality of these values:&#x0A;  dstData[dstIdx]&#x0A;    Which is: &apos;\0&apos;&#x0A;  borderValues[c]&#x0A;    Which is: &apos;d&apos; (100, 0x64)&#x0A;Border value mismatch at (18,1) channel 0&#x0A;" type=""><![CDATA[/home/cjxu/npp/test/unit/nppi/nppi_geometry_transforms/test_nppi_copyConstBorder.cpp:95
Expected equality of these values:
  dstData[dstIdx]
    Which is: '\0'
  borderValues[c]
    Which is: 'd' (100, 0x64)
Border value mismatch at (18,1) channel 0
]]></failure>
      <failure message="/home/cjxu/npp/test/unit/nppi/nppi_geometry_transforms/test_nppi_copyConstBorder.cpp:95&#x0A;Expected equality of these values:&#x0A;  dstData[dstIdx]&#x0A;    Which is: &apos;\0&apos;&#x0A;  borderValues[c]&#x0A;    Which is: &apos;\x96&apos; (150)&#x0A;Border value mismatch at (18,1) channel 1&#x0A;" type=""><![CDATA[/home/cjxu/npp/test/unit/nppi/nppi_geometry_transforms/test_nppi_copyConstBorder.cpp:95
Expected equality of these values:
  dstData[dstIdx]
    Which is: '\0'
  borderValues[c]
    Which is: '\x96' (150)
Border value mismatch at (18,1) channel 1
]]></failure>
      <failure message="/home/cjxu/npp/test/unit/nppi/nppi_geometry_transforms/test_nppi_copyConstBorder.cpp:95&#x0A;Expected equality of these values:&#x0A;  dstData[dstIdx]&#x0A;    Which is: &apos;\0&apos;&#x0A;  borderValues[c]&#x0A;    Which is: &apos;\xC8&apos; (200)&#x0A;Border value mismatch at (18,1) channel 2&#x0A;" type=""><![CDATA[/home/cjxu/npp/test/unit/nppi/nppi_geometry_transforms/test_nppi_copyConstBorder.cpp:95
Expected equality of these values:
  dstData[dstIdx]
    Which is: '\0'
  borderValues[c]
    Which is: '\xC8' (200)
Border value mismatch at (18,1) channel 2
]]></failure>
      <failure message="/home/cjxu/npp/test/unit/nppi/nppi_geometry_transforms/test_nppi_copyConstBorder.cpp:95&#x0A;Expected equality of these values:&#x0A;  dstData[dstIdx]&#x0A;    Which is: &apos;\0&apos;&#x0A;  borderValues[c]&#x0A;    Which is: &apos;d&apos; (100, 0x64)&#x0A;Border value mismatch at (19,1) channel 0&#x0A;" type=""><![CDATA[/home/cjxu/npp/test/unit/nppi/nppi_geometry_transforms/test_nppi_copyConstBorder.cpp:95
Expected equality of these values:
  dstData[dstIdx]
    Which is: '\0'
  borderValues[c]
    Which is: 'd' (100, 0x64)
Border value mismatch at (19,1) channel 0
]]></failure>
      <failure message="/home/cjxu/npp/test/unit/nppi/nppi_geometry_transforms/test_nppi_copyConstBorder.cpp:95&#x0A;Expected equality of these values:&#x0A;  dstData[dstIdx]&#x0A;    Which is: &apos;\0&apos;&#x0A;  borderValues[c]&#x0A;    Which is: &apos;\x96&apos; (150)&#x0A;Border value mismatch at (19,1) channel 1&#x0A;" type=""><![CDATA[/home/cjxu/npp/test/unit/nppi/nppi_geometry_transforms/test_nppi_copyConstBorder.cpp:95
Expected equality of these values:
  dstData[dstIdx]
    Which is: '\0'
  borderValues[c]
    Which is: '\x96' (150)
Border value mismatch at (19,1) channel 1
]]></failure>
      <failure message="/home/cjxu/npp/test/unit/nppi/nppi_geometry_transforms/test_nppi_copyConstBorder.cpp:95&#x0A;Expected equality of these values:&#x0A;  dstData[dstIdx]&#x0A;    Which is: &apos;\0&apos;&#x0A;  borderValues[c]&#x0A;    Which is: &apos;\xC8&apos; (200)&#x0A;Border value mismatch at (19,1) channel 2&#x0A;" type=""><![CDATA[/home/cjxu/npp/test/unit/nppi/nppi_geometry_transforms/test_nppi_copyConstBorder.cpp:95
Expected equality of these values:
  dstData[dstIdx]
    Which is: '\0'
  borderValues[c]
    Which is: '\xC8' (200)
Border value mismatch at (19,1) channel 2
]]></failure>
      <failure message="/home/cjxu/npp/test/unit/nppi/nppi_geometry_transforms/test_nppi_copyConstBorder.cpp:95&#x0A;Expected equality of these values:&#x0A;  dstData[dstIdx]&#x0A;    Which is: &apos;\0&apos;&#x0A;  borderValues[c]&#x0A;    Which is: &apos;d&apos; (100, 0x64)&#x0A;Border value mismatch at (20,1) channel 0&#x0A;" type=""><![CDATA[/home/cjxu/npp/test/unit/nppi/nppi_geometry_transforms/test_nppi_copyConstBorder.cpp:95
Expected equality of these values:
  dstData[dstIdx]
    Which is: '\0'
  borderValues[c]
    Which is: 'd' (100, 0x64)
Border value mismatch at (20,1) channel 0
]]></failure>
      <failure message="/home/cjxu/npp/test/unit/nppi/nppi_geometry_transforms/test_nppi_copyConstBorder.cpp:95&#x0A;Expected equality of these values:&#x0A;  dstData[dstIdx]&#x0A;    Which is: &apos;\0&apos;&#x0A;  borderValues[c]&#x0A;    Which is: &apos;\x96&apos; (150)&#x0A;Border value mismatch at (20,1) channel 1&#x0A;" type=""><![CDATA[/home/cjxu/npp/test/unit/nppi/nppi_geometry_transforms/test_nppi_copyConstBorder.cpp:95
Expected equality of these values:
  dstData[dstIdx]
    Which is: '\0'
  borderValues[c]
    Which is: '\x96' (150)
Border value mismatch at (20,1) channel 1
]]></failure>
      <failure message="/home/cjxu/npp/test/unit/nppi/nppi_geometry_transforms/test_nppi_copyConstBorder.cpp:95&#x0A;Expected equality of these values:&#x0A;  dstData[dstIdx]&#x0A;    Which is: &apos;\0&apos;&#x0A;  borderValues[c]&#x0A;    Which is: &apos;\xC8&apos; (200)&#x0A;Border value mismatch at (20,1) channel 2&#x0A;" type=""><![CDATA[/home/cjxu/npp/test/unit/nppi/nppi_geometry_transforms/test_nppi_copyConstBorder.cpp:95
Expected equality of these values:
  dstData[dstIdx]
    Which is: '\0'
  borderValues[c]
    Which is: '\xC8' (200)
Border value mismatch at (20,1) channel 2
]]></failure>
      <failure message="/home/cjxu/npp/test/unit/nppi/nppi_geometry_transforms/test_nppi_copyConstBorder.cpp:95&#x0A;Expected equality of these values:&#x0A;  dstData[dstIdx]&#x0A;    Which is: &apos;\0&apos;&#x0A;  borderValues[c]&#x0A;    Which is: &apos;d&apos; (100, 0x64)&#x0A;Border value mismatch at (21,1) channel 0&#x0A;" type=""><![CDATA[/home/cjxu/npp/test/unit/nppi/nppi_geometry_transforms/test_nppi_copyConstBorder.cpp:95
Expected equality of these values:
  dstData[dstIdx]
    Which is: '\0'
  borderValues[c]
    Which is: 'd' (100, 0x64)
Border value mismatch at (21,1) channel 0
]]></failure>
      <failure message="/home/cjxu/npp/test/unit/nppi/nppi_geometry_transforms/test_nppi_copyConstBorder.cpp:95&#x0A;Expected equality of these values:&#x0A;  dstData[dstIdx]&#x0A;    Which is: &apos;\0&apos;&#x0A;  borderValues[c]&#x0A;    Which is: &apos;\x96&apos; (150)&#x0A;Border value mismatch at (21,1) channel 1&#x0A;" type=""><![CDATA[/home/cjxu/npp/test/unit/nppi/nppi_geometry_transforms/test_nppi_copyConstBorder.cpp:95
Expected equality of these values:
  dstData[dstIdx]
    Which is: '\0'
  borderValues[c]
    Which is: '\x96' (150)
Border value mismatch at (21,1) channel 1
]]></failure>
      <failure message="/home/cjxu/npp/test/unit/nppi/nppi_geometry_transforms/test_nppi_copyConstBorder.cpp:95&#x0A;Expected equality of these values:&#x0A;  dstData[dstIdx]&#x0A;    Which is: &apos;\0&apos;&#x0A;  borderValues[c]&#x0A;    Which is: &apos;\xC8&apos; (200)&#x0A;Border value mismatch at (21,1) channel 2&#x0A;" type=""><![CDATA[/home/cjxu/npp/test/unit/nppi/nppi_geometry_transforms/test_nppi_copyConstBorder.cpp:95
Expected equality of these values:
  dstData[dstIdx]
    Which is: '\0'
  borderValues[c]
    Which is: '\xC8' (200)
Border value mismatch at (21,1) channel 2
]]></failure>
      <failure message="/home/cjxu/npp/test/unit/nppi/nppi_geometry_transforms/test_nppi_copyConstBorder.cpp:95&#x0A;Expected equality of these values:&#x0A;  dstData[dstIdx]&#x0A;    Which is: &apos;\0&apos;&#x0A;  borderValues[c]&#x0A;    Which is: &apos;d&apos; (100, 0x64)&#x0A;Border value mismatch at (22,1) channel 0&#x0A;" type=""><![CDATA[/home/cjxu/npp/test/unit/nppi/nppi_geometry_transforms/test_nppi_copyConstBorder.cpp:95
Expected equality of these values:
  dstData[dstIdx]
    Which is: '\0'
  borderValues[c]
    Which is: 'd' (100, 0x64)
Border value mismatch at (22,1) channel 0
]]></failure>
      <failure message="/home/cjxu/npp/test/unit/nppi/nppi_geometry_transforms/test_nppi_copyConstBorder.cpp:95&#x0A;Expected equality of these values:&#x0A;  dstData[dstIdx]&#x0A;    Which is: &apos;\0&apos;&#x0A;  borderValues[c]&#x0A;    Which is: &apos;\x96&apos; (150)&#x0A;Border value mismatch at (22,1) channel 1&#x0A;" type=""><![CDATA[/home/cjxu/npp/test/unit/nppi/nppi_geometry_transforms/test_nppi_copyConstBorder.cpp:95
Expected equality of these values:
  dstData[dstIdx]
    Which is: '\0'
  borderValues[c]
    Which is: '\x96' (150)
Border value mismatch at (22,1) channel 1
]]></failure>
      <failure message="/home/cjxu/npp/test/unit/nppi/nppi_geometry_transforms/test_nppi_copyConstBorder.cpp:95&#x0A;Expected equality of these values:&#x0A;  dstData[dstIdx]&#x0A;    Which is: &apos;\0&apos;&#x0A;  borderValues[c]&#x0A;    Which is: &apos;\xC8&apos; (200)&#x0A;Border value mismatch at (22,1) channel 2&#x0A;" type=""><![CDATA[/home/cjxu/npp/test/unit/nppi/nppi_geometry_transforms/test_nppi_copyConstBorder.cpp:95
Expected equality of these values:
  dstData[dstIdx]
    Which is: '\0'
  borderValues[c]
    Which is: '\xC8' (200)
Border value mismatch at (22,1) channel 2
]]></failure>
      <failure message="/home/cjxu/npp/test/unit/nppi/nppi_geometry_transforms/test_nppi_copyConstBorder.cpp:95&#x0A;Expected equality of these values:&#x0A;  dstData[dstIdx]&#x0A;    Which is: &apos;\0&apos;&#x0A;  borderValues[c]&#x0A;    Which is: &apos;d&apos; (100, 0x64)&#x0A;Border value mismatch at (23,1) channel 0&#x0A;" type=""><![CDATA[/home/cjxu/npp/test/unit/nppi/nppi_geometry_transforms/test_nppi_copyConstBorder.cpp:95
Expected equality of these values:
  dstData[dstIdx]
    Which is: '\0'
  borderValues[c]
    Which is: 'd' (100, 0x64)
Border value mismatch at (23,1) channel 0
]]></failure>
      <failure message="/home/cjxu/npp/test/unit/nppi/nppi_geometry_transforms/test_nppi_copyConstBorder.cpp:95&#x0A;Expected equality of these values:&#x0A;  dstData[dstIdx]&#x0A;    Which is: &apos;\0&apos;&#x0A;  borderValues[c]&#x0A;    Which is: &apos;\x96&apos; (150)&#x0A;Border value mismatch at (23,1) channel 1&#x0A;" type=""><![CDATA[/home/cjxu/npp/test/unit/nppi/nppi_geometry_transforms/test_nppi_copyConstBorder.cpp:95
Expected equality of these values:
  dstData[dstIdx]
    Which is: '\0'
  borderValues[c]
    Which is: '\x96' (150)
Border value mismatch at (23,1) channel 1
]]></failure>
      <failure message="/home/cjxu/npp/test/unit/nppi/nppi_geometry_transforms/test_nppi_copyConstBorder.cpp:95&#x0A;Expected equality of these values:&#x0A;  dstData[dstIdx]&#x0A;    Which is: &apos;\0&apos;&#x0A;  borderValues[c]&#x0A;    Which is: &apos;\xC8&apos; (200)&#x0A;Border value mismatch at (23,1) channel 2&#x0A;" type=""><![CDATA[/home/cjxu/npp/test/unit/nppi/nppi_geometry_transforms/test_nppi_copyConstBorder.cpp:95
Expected equality of these values:
  dstData[dstIdx]
    Which is: '\0'
  borderValues[c]
    Which is: '\xC8' (200)
Border value mismatch at (23,1) channel 2
]]></failure>
      <failure message="/home/cjxu/npp/test/unit/nppi/nppi_geometry_transforms/test_nppi_copyConstBorder.cpp:95&#x0A;Expected equality of these values:&#x0A;  dstData[dstIdx]&#x0A;    Which is: &apos;\0&apos;&#x0A;  borderValues[c]&#x0A;    Which is: &apos;d&apos; (100, 0x64)&#x0A;Border value mismatch at (0,2) channel 0&#x0A;" type=""><![CDATA[/home/cjxu/npp/test/unit/nppi/nppi_geometry_transforms/test_nppi_copyConstBorder.cpp:95
Expected equality of these values:
  dstData[dstIdx]
    Which is: '\0'
  borderValues[c]
    Which is: 'd' (100, 0x64)
Border value mismatch at (0,2) channel 0
]]></failure>
      <failure message="/home/cjxu/npp/test/unit/nppi/nppi_geometry_transforms/test_nppi_copyConstBorder.cpp:95&#x0A;Expected equality of these values:&#x0A;  dstData[dstIdx]&#x0A;    Which is: &apos;\0&apos;&#x0A;  borderValues[c]&#x0A;    Which is: &apos;\x96&apos; (150)&#x0A;Border value mismatch at (0,2) channel 1&#x0A;" type=""><![CDATA[/home/cjxu/npp/test/unit/nppi/nppi_geometry_transforms/test_nppi_copyConstBorder.cpp:95
Expected equality of these values:
  dstData[dstIdx]
    Which is: '\0'
  borderValues[c]
    Which is: '\x96' (150)
Border value mismatch at (0,2) channel 1
]]></failure>
      <failure message="/home/cjxu/npp/test/unit/nppi/nppi_geometry_transforms/test_nppi_copyConstBorder.cpp:95&#x0A;Expected equality of these values:&#x0A;  dstData[dstIdx]&#x0A;    Which is: &apos;\0&apos;&#x0A;  borderValues[c]&#x0A;    Which is: &apos;\xC8&apos; (200)&#x0A;Border value mismatch at (0,2) channel 2&#x0A;" type=""><![CDATA[/home/cjxu/npp/test/unit/nppi/nppi_geometry_transforms/test_nppi_copyConstBorder.cpp:95
Expected equality of these values:
  dstData[dstIdx]
    Which is: '\0'
  borderValues[c]
    Which is: '\xC8' (200)
Border value mismatch at (0,2) channel 2
]]></failure>
      <failure message="/home/cjxu/npp/test/unit/nppi/nppi_geometry_transforms/test_nppi_copyConstBorder.cpp:95&#x0A;Expected equality of these values:&#x0A;  dstData[dstIdx]&#x0A;    Which is: &apos;\0&apos;&#x0A;  borderValues[c]&#x0A;    Which is: &apos;d&apos; (100, 0x64)&#x0A;Border value mismatch at (1,2) channel 0&#x0A;" type=""><![CDATA[/home/cjxu/npp/test/unit/nppi/nppi_geometry_transforms/test_nppi_copyConstBorder.cpp:95
Expected equality of these values:
  dstData[dstIdx]
    Which is: '\0'
  borderValues[c]
    Which is: 'd' (100, 0x64)
Border value mismatch at (1,2) channel 0
]]></failure>
      <failure message="/home/cjxu/npp/test/unit/nppi/nppi_geometry_transforms/test_nppi_copyConstBorder.cpp:95&#x0A;Expected equality of these values:&#x0A;  dstData[dstIdx]&#x0A;    Which is: &apos;\0&apos;&#x0A;  borderValues[c]&#x0A;    Which is: &apos;\x96&apos; (150)&#x0A;Border value mismatch at (1,2) channel 1&#x0A;" type=""><![CDATA[/home/cjxu/npp/test/unit/nppi/nppi_geometry_transforms/test_nppi_copyConstBorder.cpp:95
Expected equality of these values:
  dstData[dstIdx]
    Which is: '\0'
  borderValues[c]
    Which is: '\x96' (150)
Border value mismatch at (1,2) channel 1
]]></failure>
      <failure message="/home/cjxu/npp/test/unit/nppi/nppi_geometry_transforms/test_nppi_copyConstBorder.cpp:95&#x0A;Expected equality of these values:&#x0A;  dstData[dstIdx]&#x0A;    Which is: &apos;\0&apos;&#x0A;  borderValues[c]&#x0A;    Which is: &apos;\xC8&apos; (200)&#x0A;Border value mismatch at (1,2) channel 2&#x0A;" type=""><![CDATA[/home/cjxu/npp/test/unit/nppi/nppi_geometry_transforms/test_nppi_copyConstBorder.cpp:95
Expected equality of these values:
  dstData[dstIdx]
    Which is: '\0'
  borderValues[c]
    Which is: '\xC8' (200)
Border value mismatch at (1,2) channel 2
]]></failure>
      <failure message="/home/cjxu/npp/test/unit/nppi/nppi_geometry_transforms/test_nppi_copyConstBorder.cpp:95&#x0A;Expected equality of these values:&#x0A;  dstData[dstIdx]&#x0A;    Which is: &apos;\0&apos;&#x0A;  borderValues[c]&#x0A;    Which is: &apos;d&apos; (100, 0x64)&#x0A;Border value mismatch at (2,2) channel 0&#x0A;" type=""><![CDATA[/home/cjxu/npp/test/unit/nppi/nppi_geometry_transforms/test_nppi_copyConstBorder.cpp:95
Expected equality of these values:
  dstData[dstIdx]
    Which is: '\0'
  borderValues[c]
    Which is: 'd' (100, 0x64)
Border value mismatch at (2,2) channel 0
]]></failure>
      <failure message="/home/cjxu/npp/test/unit/nppi/nppi_geometry_transforms/test_nppi_copyConstBorder.cpp:95&#x0A;Expected equality of these values:&#x0A;  dstData[dstIdx]&#x0A;    Which is: &apos;\0&apos;&#x0A;  borderValues[c]&#x0A;    Which is: &apos;\x96&apos; (150)&#x0A;Border value mismatch at (2,2) channel 1&#x0A;" type=""><![CDATA[/home/cjxu/npp/test/unit/nppi/nppi_geometry_transforms/test_nppi_copyConstBorder.cpp:95
Expected equality of these values:
  dstData[dstIdx]
    Which is: '\0'
  borderValues[c]
    Which is: '\x96' (150)
Border value mismatch at (2,2) channel 1
]]></failure>
      <failure message="/home/cjxu/npp/test/unit/nppi/nppi_geometry_transforms/test_nppi_copyConstBorder.cpp:95&#x0A;Expected equality of these values:&#x0A;  dstData[dstIdx]&#x0A;    Which is: &apos;\0&apos;&#x0A;  borderValues[c]&#x0A;    Which is: &apos;\xC8&apos; (200)&#x0A;Border value mismatch at (2,2) channel 2&#x0A;" type=""><![CDATA[/home/cjxu/npp/test/unit/nppi/nppi_geometry_transforms/test_nppi_copyConstBorder.cpp:95
Expected equality of these values:
  dstData[dstIdx]
    Which is: '\0'
  borderValues[c]
    Which is: '\xC8' (200)
Border value mismatch at (2,2) channel 2
]]></failure>
      <failure message="/home/cjxu/npp/test/unit/nppi/nppi_geometry_transforms/test_nppi_copyConstBorder.cpp:95&#x0A;Expected equality of these values:&#x0A;  dstData[dstIdx]&#x0A;    Which is: &apos;\0&apos;&#x0A;  borderValues[c]&#x0A;    Which is: &apos;d&apos; (100, 0x64)&#x0A;Border value mismatch at (3,2) channel 0&#x0A;" type=""><![CDATA[/home/cjxu/npp/test/unit/nppi/nppi_geometry_transforms/test_nppi_copyConstBorder.cpp:95
Expected equality of these values:
  dstData[dstIdx]
    Which is: '\0'
  borderValues[c]
    Which is: 'd' (100, 0x64)
Border value mismatch at (3,2) channel 0
]]></failure>
      <failure message="/home/cjxu/npp/test/unit/nppi/nppi_geometry_transforms/test_nppi_copyConstBorder.cpp:95&#x0A;Expected equality of these values:&#x0A;  dstData[dstIdx]&#x0A;    Which is: &apos;\0&apos;&#x0A;  borderValues[c]&#x0A;    Which is: &apos;\x96&apos; (150)&#x0A;Border value mismatch at (3,2) channel 1&#x0A;" type=""><![CDATA[/home/cjxu/npp/test/unit/nppi/nppi_geometry_transforms/test_nppi_copyConstBorder.cpp:95
Expected equality of these values:
  dstData[dstIdx]
    Which is: '\0'
  borderValues[c]
    Which is: '\x96' (150)
Border value mismatch at (3,2) channel 1
]]></failure>
      <failure message="/home/cjxu/npp/test/unit/nppi/nppi_geometry_transforms/test_nppi_copyConstBorder.cpp:95&#x0A;Expected equality of these values:&#x0A;  dstData[dstIdx]&#x0A;    Which is: &apos;\0&apos;&#x0A;  borderValues[c]&#x0A;    Which is: &apos;\xC8&apos; (200)&#x0A;Border value mismatch at (3,2) channel 2&#x0A;" type=""><![CDATA[/home/cjxu/npp/test/unit/nppi/nppi_geometry_transforms/test_nppi_copyConstBorder.cpp:95
Expected equality of these values:
  dstData[dstIdx]
    Which is: '\0'
  borderValues[c]
    Which is: '\xC8' (200)
Border value mismatch at (3,2) channel 2
]]></failure>
      <failure message="/home/cjxu/npp/test/unit/nppi/nppi_geometry_transforms/test_nppi_copyConstBorder.cpp:95&#x0A;Expected equality of these values:&#x0A;  dstData[dstIdx]&#x0A;    Which is: &apos;\0&apos;&#x0A;  borderValues[c]&#x0A;    Which is: &apos;d&apos; (100, 0x64)&#x0A;Border value mismatch at (4,2) channel 0&#x0A;" type=""><![CDATA[/home/cjxu/npp/test/unit/nppi/nppi_geometry_transforms/test_nppi_copyConstBorder.cpp:95
Expected equality of these values:
  dstData[dstIdx]
    Which is: '\0'
  borderValues[c]
    Which is: 'd' (100, 0x64)
Border value mismatch at (4,2) channel 0
]]></failure>
      <failure message="/home/cjxu/npp/test/unit/nppi/nppi_geometry_transforms/test_nppi_copyConstBorder.cpp:95&#x0A;Expected equality of these values:&#x0A;  dstData[dstIdx]&#x0A;    Which is: &apos;\0&apos;&#x0A;  borderValues[c]&#x0A;    Which is: &apos;\x96&apos; (150)&#x0A;Border value mismatch at (4,2) channel 1&#x0A;" type=""><![CDATA[/home/cjxu/npp/test/unit/nppi/nppi_geometry_transforms/test_nppi_copyConstBorder.cpp:95
Expected equality of these values:
  dstData[dstIdx]
    Which is: '\0'
  borderValues[c]
    Which is: '\x96' (150)
Border value mismatch at (4,2) channel 1
]]></failure>
      <failure message="/home/cjxu/npp/test/unit/nppi/nppi_geometry_transforms/test_nppi_copyConstBorder.cpp:95&#x0A;Expected equality of these values:&#x0A;  dstData[dstIdx]&#x0A;    Which is: &apos;\0&apos;&#x0A;  borderValues[c]&#x0A;    Which is: &apos;\xC8&apos; (200)&#x0A;Border value mismatch at (4,2) channel 2&#x0A;" type=""><![CDATA[/home/cjxu/npp/test/unit/nppi/nppi_geometry_transforms/test_nppi_copyConstBorder.cpp:95
Expected equality of these values:
  dstData[dstIdx]
    Which is: '\0'
  borderValues[c]
    Which is: '\xC8' (200)
Border value mismatch at (4,2) channel 2
]]></failure>
      <failure message="/home/cjxu/npp/test/unit/nppi/nppi_geometry_transforms/test_nppi_copyConstBorder.cpp:95&#x0A;Expected equality of these values:&#x0A;  dstData[dstIdx]&#x0A;    Which is: &apos;\0&apos;&#x0A;  borderValues[c]&#x0A;    Which is: &apos;d&apos; (100, 0x64)&#x0A;Border value mismatch at (5,2) channel 0&#x0A;" type=""><![CDATA[/home/cjxu/npp/test/unit/nppi/nppi_geometry_transforms/test_nppi_copyConstBorder.cpp:95
Expected equality of these values:
  dstData[dstIdx]
    Which is: '\0'
  borderValues[c]
    Which is: 'd' (100, 0x64)
Border value mismatch at (5,2) channel 0
]]></failure>
      <failure message="/home/cjxu/npp/test/unit/nppi/nppi_geometry_transforms/test_nppi_copyConstBorder.cpp:95&#x0A;Expected equality of these values:&#x0A;  dstData[dstIdx]&#x0A;    Which is: &apos;\0&apos;&#x0A;  borderValues[c]&#x0A;    Which is: &apos;\x96&apos; (150)&#x0A;Border value mismatch at (5,2) channel 1&#x0A;" type=""><![CDATA[/home/cjxu/npp/test/unit/nppi/nppi_geometry_transforms/test_nppi_copyConstBorder.cpp:95
Expected equality of these values:
  dstData[dstIdx]
    Which is: '\0'
  borderValues[c]
    Which is: '\x96' (150)
Border value mismatch at (5,2) channel 1
]]></failure>
      <failure message="/home/cjxu/npp/test/unit/nppi/nppi_geometry_transforms/test_nppi_copyConstBorder.cpp:95&#x0A;Expected equality of these values:&#x0A;  dstData[dstIdx]&#x0A;    Which is: &apos;\0&apos;&#x0A;  borderValues[c]&#x0A;    Which is: &apos;\xC8&apos; (200)&#x0A;Border value mismatch at (5,2) channel 2&#x0A;" type=""><![CDATA[/home/cjxu/npp/test/unit/nppi/nppi_geometry_transforms/test_nppi_copyConstBorder.cpp:95
Expected equality of these values:
  dstData[dstIdx]
    Which is: '\0'
  borderValues[c]
    Which is: '\xC8' (200)
Border value mismatch at (5,2) channel 2
]]></failure>
      <failure message="/home/cjxu/npp/test/unit/nppi/nppi_geometry_transforms/test_nppi_copyConstBorder.cpp:95&#x0A;Expected equality of these values:&#x0A;  dstData[dstIdx]&#x0A;    Which is: &apos;\0&apos;&#x0A;  borderValues[c]&#x0A;    Which is: &apos;d&apos; (100, 0x64)&#x0A;Border value mismatch at (6,2) channel 0&#x0A;" type=""><![CDATA[/home/cjxu/npp/test/unit/nppi/nppi_geometry_transforms/test_nppi_copyConstBorder.cpp:95
Expected equality of these values:
  dstData[dstIdx]
    Which is: '\0'
  borderValues[c]
    Which is: 'd' (100, 0x64)
Border value mismatch at (6,2) channel 0
]]></failure>
      <failure message="/home/cjxu/npp/test/unit/nppi/nppi_geometry_transforms/test_nppi_copyConstBorder.cpp:95&#x0A;Expected equality of these values:&#x0A;  dstData[dstIdx]&#x0A;    Which is: &apos;\0&apos;&#x0A;  borderValues[c]&#x0A;    Which is: &apos;\x96&apos; (150)&#x0A;Border value mismatch at (6,2) channel 1&#x0A;" type=""><![CDATA[/home/cjxu/npp/test/unit/nppi/nppi_geometry_transforms/test_nppi_copyConstBorder.cpp:95
Expected equality of these values:
  dstData[dstIdx]
    Which is: '\0'
  borderValues[c]
    Which is: '\x96' (150)
Border value mismatch at (6,2) channel 1
]]></failure>
      <failure message="/home/cjxu/npp/test/unit/nppi/nppi_geometry_transforms/test_nppi_copyConstBorder.cpp:95&#x0A;Expected equality of these values:&#x0A;  dstData[dstIdx]&#x0A;    Which is: &apos;\0&apos;&#x0A;  borderValues[c]&#x0A;    Which is: &apos;\xC8&apos; (200)&#x0A;Border value mismatch at (6,2) channel 2&#x0A;" type=""><![CDATA[/home/cjxu/npp/test/unit/nppi/nppi_geometry_transforms/test_nppi_copyConstBorder.cpp:95
Expected equality of these values:
  dstData[dstIdx]
    Which is: '\0'
  borderValues[c]
    Which is: '\xC8' (200)
Border value mismatch at (6,2) channel 2
]]></failure>
      <failure message="/home/cjxu/npp/test/unit/nppi/nppi_geometry_transforms/test_nppi_copyConstBorder.cpp:95&#x0A;Expected equality of these values:&#x0A;  dstData[dstIdx]&#x0A;    Which is: &apos;\0&apos;&#x0A;  borderValues[c]&#x0A;    Which is: &apos;d&apos; (100, 0x64)&#x0A;Border value mismatch at (7,2) channel 0&#x0A;" type=""><![CDATA[/home/cjxu/npp/test/unit/nppi/nppi_geometry_transforms/test_nppi_copyConstBorder.cpp:95
Expected equality of these values:
  dstData[dstIdx]
    Which is: '\0'
  borderValues[c]
    Which is: 'd' (100, 0x64)
Border value mismatch at (7,2) channel 0
]]></failure>
      <failure message="/home/cjxu/npp/test/unit/nppi/nppi_geometry_transforms/test_nppi_copyConstBorder.cpp:95&#x0A;Expected equality of these values:&#x0A;  dstData[dstIdx]&#x0A;    Which is: &apos;\0&apos;&#x0A;  borderValues[c]&#x0A;    Which is: &apos;\x96&apos; (150)&#x0A;Border value mismatch at (7,2) channel 1&#x0A;" type=""><![CDATA[/home/cjxu/npp/test/unit/nppi/nppi_geometry_transforms/test_nppi_copyConstBorder.cpp:95
Expected equality of these values:
  dstData[dstIdx]
    Which is: '\0'
  borderValues[c]
    Which is: '\x96' (150)
Border value mismatch at (7,2) channel 1
]]></failure>
      <failure message="/home/cjxu/npp/test/unit/nppi/nppi_geometry_transforms/test_nppi_copyConstBorder.cpp:95&#x0A;Expected equality of these values:&#x0A;  dstData[dstIdx]&#x0A;    Which is: &apos;\0&apos;&#x0A;  borderValues[c]&#x0A;    Which is: &apos;\xC8&apos; (200)&#x0A;Border value mismatch at (7,2) channel 2&#x0A;" type=""><![CDATA[/home/cjxu/npp/test/unit/nppi/nppi_geometry_transforms/test_nppi_copyConstBorder.cpp:95
Expected equality of these values:
  dstData[dstIdx]
    Which is: '\0'
  borderValues[c]
    Which is: '\xC8' (200)
Border value mismatch at (7,2) channel 2
]]></failure>
      <failure message="/home/cjxu/npp/test/unit/nppi/nppi_geometry_transforms/test_nppi_copyConstBorder.cpp:95&#x0A;Expected equality of these values:&#x0A;  dstData[dstIdx]&#x0A;    Which is: &apos;\0&apos;&#x0A;  borderValues[c]&#x0A;    Which is: &apos;d&apos; (100, 0x64)&#x0A;Border value mismatch at (8,2) channel 0&#x0A;" type=""><![CDATA[/home/cjxu/npp/test/unit/nppi/nppi_geometry_transforms/test_nppi_copyConstBorder.cpp:95
Expected equality of these values:
  dstData[dstIdx]
    Which is: '\0'
  borderValues[c]
    Which is: 'd' (100, 0x64)
Border value mismatch at (8,2) channel 0
]]></failure>
      <failure message="/home/cjxu/npp/test/unit/nppi/nppi_geometry_transforms/test_nppi_copyConstBorder.cpp:95&#x0A;Expected equality of these values:&#x0A;  dstData[dstIdx]&#x0A;    Which is: &apos;\0&apos;&#x0A;  borderValues[c]&#x0A;    Which is: &apos;\x96&apos; (150)&#x0A;Border value mismatch at (8,2) channel 1&#x0A;" type=""><![CDATA[/home/cjxu/npp/test/unit/nppi/nppi_geometry_transforms/test_nppi_copyConstBorder.cpp:95
Expected equality of these values:
  dstData[dstIdx]
    Which is: '\0'
  borderValues[c]
    Which is: '\x96' (150)
Border value mismatch at (8,2) channel 1
]]></failure>
      <failure message="/home/cjxu/npp/test/unit/nppi/nppi_geometry_transforms/test_nppi_copyConstBorder.cpp:95&#x0A;Expected equality of these values:&#x0A;  dstData[dstIdx]&#x0A;    Which is: &apos;\0&apos;&#x0A;  borderValues[c]&#x0A;    Which is: &apos;\xC8&apos; (200)&#x0A;Border value mismatch at (8,2) channel 2&#x0A;" type=""><![CDATA[/home/cjxu/npp/test/unit/nppi/nppi_geometry_transforms/test_nppi_copyConstBorder.cpp:95
Expected equality of these values:
  dstData[dstIdx]
    Which is: '\0'
  borderValues[c]
    Which is: '\xC8' (200)
Border value mismatch at (8,2) channel 2
]]></failure>
      <failure message="/home/cjxu/npp/test/unit/nppi/nppi_geometry_transforms/test_nppi_copyConstBorder.cpp:95&#x0A;Expected equality of these values:&#x0A;  dstData[dstIdx]&#x0A;    Which is: &apos;\0&apos;&#x0A;  borderValues[c]&#x0A;    Which is: &apos;d&apos; (100, 0x64)&#x0A;Border value mismatch at (9,2) channel 0&#x0A;" type=""><![CDATA[/home/cjxu/npp/test/unit/nppi/nppi_geometry_transforms/test_nppi_copyConstBorder.cpp:95
Expected equality of these values:
  dstData[dstIdx]
    Which is: '\0'
  borderValues[c]
    Which is: 'd' (100, 0x64)
Border value mismatch at (9,2) channel 0
]]></failure>
      <failure message="/home/cjxu/npp/test/unit/nppi/nppi_geometry_transforms/test_nppi_copyConstBorder.cpp:95&#x0A;Expected equality of these values:&#x0A;  dstData[dstIdx]&#x0A;    Which is: &apos;\0&apos;&#x0A;  borderValues[c]&#x0A;    Which is: &apos;\x96&apos; (150)&#x0A;Border value mismatch at (9,2) channel 1&#x0A;" type=""><![CDATA[/home/cjxu/npp/test/unit/nppi/nppi_geometry_transforms/test_nppi_copyConstBorder.cpp:95
Expected equality of these values:
  dstData[dstIdx]
    Which is: '\0'
  borderValues[c]
    Which is: '\x96' (150)
Border value mismatch at (9,2) channel 1
]]></failure>
      <failure message="/home/cjxu/npp/test/unit/nppi/nppi_geometry_transforms/test_nppi_copyConstBorder.cpp:95&#x0A;Expected equality of these values:&#x0A;  dstData[dstIdx]&#x0A;    Which is: &apos;\0&apos;&#x0A;  borderValues[c]&#x0A;    Which is: &apos;\xC8&apos; (200)&#x0A;Border value mismatch at (9,2) channel 2&#x0A;" type=""><![CDATA[/home/cjxu/npp/test/unit/nppi/nppi_geometry_transforms/test_nppi_copyConstBorder.cpp:95
Expected equality of these values:
  dstData[dstIdx]
    Which is: '\0'
  borderValues[c]
    Which is: '\xC8' (200)
Border value mismatch at (9,2) channel 2
]]></failure>
      <failure message="/home/cjxu/npp/test/unit/nppi/nppi_geometry_transforms/test_nppi_copyConstBorder.cpp:95&#x0A;Expected equality of these values:&#x0A;  dstData[dstIdx]&#x0A;    Which is: &apos;\0&apos;&#x0A;  borderValues[c]&#x0A;    Which is: &apos;d&apos; (100, 0x64)&#x0A;Border value mismatch at (10,2) channel 0&#x0A;" type=""><![CDATA[/home/cjxu/npp/test/unit/nppi/nppi_geometry_transforms/test_nppi_copyConstBorder.cpp:95
Expected equality of these values:
  dstData[dstIdx]
    Which is: '\0'
  borderValues[c]
    Which is: 'd' (100, 0x64)
Border value mismatch at (10,2) channel 0
]]></failure>
      <failure message="/home/cjxu/npp/test/unit/nppi/nppi_geometry_transforms/test_nppi_copyConstBorder.cpp:95&#x0A;Expected equality of these values:&#x0A;  dstData[dstIdx]&#x0A;    Which is: &apos;\0&apos;&#x0A;  borderValues[c]&#x0A;    Which is: &apos;\x96&apos; (150)&#x0A;Border value mismatch at (10,2) channel 1&#x0A;" type=""><![CDATA[/home/cjxu/npp/test/unit/nppi/nppi_geometry_transforms/test_nppi_copyConstBorder.cpp:95
Expected equality of these values:
  dstData[dstIdx]
    Which is: '\0'
  borderValues[c]
    Which is: '\x96' (150)
Border value mismatch at (10,2) channel 1
]]></failure>
      <failure message="/home/cjxu/npp/test/unit/nppi/nppi_geometry_transforms/test_nppi_copyConstBorder.cpp:95&#x0A;Expected equality of these values:&#x0A;  dstData[dstIdx]&#x0A;    Which is: &apos;\0&apos;&#x0A;  borderValues[c]&#x0A;    Which is: &apos;\xC8&apos; (200)&#x0A;Border value mismatch at (10,2) channel 2&#x0A;" type=""><![CDATA[/home/cjxu/npp/test/unit/nppi/nppi_geometry_transforms/test_nppi_copyConstBorder.cpp:95
Expected equality of these values:
  dstData[dstIdx]
    Which is: '\0'
  borderValues[c]
    Which is: '\xC8' (200)
Border value mismatch at (10,2) channel 2
]]></failure>
      <failure message="/home/cjxu/npp/test/unit/nppi/nppi_geometry_transforms/test_nppi_copyConstBorder.cpp:95&#x0A;Expected equality of these values:&#x0A;  dstData[dstIdx]&#x0A;    Which is: &apos;\0&apos;&#x0A;  borderValues[c]&#x0A;    Which is: &apos;d&apos; (100, 0x64)&#x0A;Border value mismatch at (11,2) channel 0&#x0A;" type=""><![CDATA[/home/cjxu/npp/test/unit/nppi/nppi_geometry_transforms/test_nppi_copyConstBorder.cpp:95
Expected equality of these values:
  dstData[dstIdx]
    Which is: '\0'
  borderValues[c]
    Which is: 'd' (100, 0x64)
Border value mismatch at (11,2) channel 0
]]></failure>
      <failure message="/home/cjxu/npp/test/unit/nppi/nppi_geometry_transforms/test_nppi_copyConstBorder.cpp:95&#x0A;Expected equality of these values:&#x0A;  dstData[dstIdx]&#x0A;    Which is: &apos;\0&apos;&#x0A;  borderValues[c]&#x0A;    Which is: &apos;\x96&apos; (150)&#x0A;Border value mismatch at (11,2) channel 1&#x0A;" type=""><![CDATA[/home/cjxu/npp/test/unit/nppi/nppi_geometry_transforms/test_nppi_copyConstBorder.cpp:95
Expected equality of these values:
  dstData[dstIdx]
    Which is: '\0'
  borderValues[c]
    Which is: '\x96' (150)
Border value mismatch at (11,2) channel 1
]]></failure>
      <failure message="/home/cjxu/npp/test/unit/nppi/nppi_geometry_transforms/test_nppi_copyConstBorder.cpp:95&#x0A;Expected equality of these values:&#x0A;  dstData[dstIdx]&#x0A;    Which is: &apos;\0&apos;&#x0A;  borderValues[c]&#x0A;    Which is: &apos;\xC8&apos; (200)&#x0A;Border value mismatch at (11,2) channel 2&#x0A;" type=""><![CDATA[/home/cjxu/npp/test/unit/nppi/nppi_geometry_transforms/test_nppi_copyConstBorder.cpp:95
Expected equality of these values:
  dstData[dstIdx]
    Which is: '\0'
  borderValues[c]
    Which is: '\xC8' (200)
Border value mismatch at (11,2) channel 2
]]></failure>
      <failure message="/home/cjxu/npp/test/unit/nppi/nppi_geometry_transforms/test_nppi_copyConstBorder.cpp:95&#x0A;Expected equality of these values:&#x0A;  dstData[dstIdx]&#x0A;    Which is: &apos;\0&apos;&#x0A;  borderValues[c]&#x0A;    Which is: &apos;d&apos; (100, 0x64)&#x0A;Border value mismatch at (12,2) channel 0&#x0A;" type=""><![CDATA[/home/cjxu/npp/test/unit/nppi/nppi_geometry_transforms/test_nppi_copyConstBorder.cpp:95
Expected equality of these values:
  dstData[dstIdx]
    Which is: '\0'
  borderValues[c]
    Which is: 'd' (100, 0x64)
Border value mismatch at (12,2) channel 0
]]></failure>
      <failure message="/home/cjxu/npp/test/unit/nppi/nppi_geometry_transforms/test_nppi_copyConstBorder.cpp:95&#x0A;Expected equality of these values:&#x0A;  dstData[dstIdx]&#x0A;    Which is: &apos;\0&apos;&#x0A;  borderValues[c]&#x0A;    Which is: &apos;\x96&apos; (150)&#x0A;Border value mismatch at (12,2) channel 1&#x0A;" type=""><![CDATA[/home/cjxu/npp/test/unit/nppi/nppi_geometry_transforms/test_nppi_copyConstBorder.cpp:95
Expected equality of these values:
  dstData[dstIdx]
    Which is: '\0'
  borderValues[c]
    Which is: '\x96' (150)
Border value mismatch at (12,2) channel 1
]]></failure>
      <failure message="/home/cjxu/npp/test/unit/nppi/nppi_geometry_transforms/test_nppi_copyConstBorder.cpp:95&#x0A;Expected equality of these values:&#x0A;  dstData[dstIdx]&#x0A;    Which is: &apos;\0&apos;&#x0A;  borderValues[c]&#x0A;    Which is: &apos;\xC8&apos; (200)&#x0A;Border value mismatch at (12,2) channel 2&#x0A;" type=""><![CDATA[/home/cjxu/npp/test/unit/nppi/nppi_geometry_transforms/test_nppi_copyConstBorder.cpp:95
Expected equality of these values:
  dstData[dstIdx]
    Which is: '\0'
  borderValues[c]
    Which is: '\xC8' (200)
Border value mismatch at (12,2) channel 2
]]></failure>
      <failure message="/home/cjxu/npp/test/unit/nppi/nppi_geometry_transforms/test_nppi_copyConstBorder.cpp:95&#x0A;Expected equality of these values:&#x0A;  dstData[dstIdx]&#x0A;    Which is: &apos;\0&apos;&#x0A;  borderValues[c]&#x0A;    Which is: &apos;d&apos; (100, 0x64)&#x0A;Border value mismatch at (13,2) channel 0&#x0A;" type=""><![CDATA[/home/cjxu/npp/test/unit/nppi/nppi_geometry_transforms/test_nppi_copyConstBorder.cpp:95
Expected equality of these values:
  dstData[dstIdx]
    Which is: '\0'
  borderValues[c]
    Which is: 'd' (100, 0x64)
Border value mismatch at (13,2) channel 0
]]></failure>
      <failure message="/home/cjxu/npp/test/unit/nppi/nppi_geometry_transforms/test_nppi_copyConstBorder.cpp:95&#x0A;Expected equality of these values:&#x0A;  dstData[dstIdx]&#x0A;    Which is: &apos;\0&apos;&#x0A;  borderValues[c]&#x0A;    Which is: &apos;\x96&apos; (150)&#x0A;Border value mismatch at (13,2) channel 1&#x0A;" type=""><![CDATA[/home/cjxu/npp/test/unit/nppi/nppi_geometry_transforms/test_nppi_copyConstBorder.cpp:95
Expected equality of these values:
  dstData[dstIdx]
    Which is: '\0'
  borderValues[c]
    Which is: '\x96' (150)
Border value mismatch at (13,2) channel 1
]]></failure>
      <failure message="/home/cjxu/npp/test/unit/nppi/nppi_geometry_transforms/test_nppi_copyConstBorder.cpp:95&#x0A;Expected equality of these values:&#x0A;  dstData[dstIdx]&#x0A;    Which is: &apos;\0&apos;&#x0A;  borderValues[c]&#x0A;    Which is: &apos;\xC8&apos; (200)&#x0A;Border value mismatch at (13,2) channel 2&#x0A;" type=""><![CDATA[/home/cjxu/npp/test/unit/nppi/nppi_geometry_transforms/test_nppi_copyConstBorder.cpp:95
Expected equality of these values:
  dstData[dstIdx]
    Which is: '\0'
  borderValues[c]
    Which is: '\xC8' (200)
Border value mismatch at (13,2) channel 2
]]></failure>
      <failure message="/home/cjxu/npp/test/unit/nppi/nppi_geometry_transforms/test_nppi_copyConstBorder.cpp:95&#x0A;Expected equality of these values:&#x0A;  dstData[dstIdx]&#x0A;    Which is: &apos;\0&apos;&#x0A;  borderValues[c]&#x0A;    Which is: &apos;d&apos; (100, 0x64)&#x0A;Border value mismatch at (14,2) channel 0&#x0A;" type=""><![CDATA[/home/cjxu/npp/test/unit/nppi/nppi_geometry_transforms/test_nppi_copyConstBorder.cpp:95
Expected equality of these values:
  dstData[dstIdx]
    Which is: '\0'
  borderValues[c]
    Which is: 'd' (100, 0x64)
Border value mismatch at (14,2) channel 0
]]></failure>
      <failure message="/home/cjxu/npp/test/unit/nppi/nppi_geometry_transforms/test_nppi_copyConstBorder.cpp:95&#x0A;Expected equality of these values:&#x0A;  dstData[dstIdx]&#x0A;    Which is: &apos;\0&apos;&#x0A;  borderValues[c]&#x0A;    Which is: &apos;\x96&apos; (150)&#x0A;Border value mismatch at (14,2) channel 1&#x0A;" type=""><![CDATA[/home/cjxu/npp/test/unit/nppi/nppi_geometry_transforms/test_nppi_copyConstBorder.cpp:95
Expected equality of these values:
  dstData[dstIdx]
    Which is: '\0'
  borderValues[c]
    Which is: '\x96' (150)
Border value mismatch at (14,2) channel 1
]]></failure>
      <failure message="/home/cjxu/npp/test/unit/nppi/nppi_geometry_transforms/test_nppi_copyConstBorder.cpp:95&#x0A;Expected equality of these values:&#x0A;  dstData[dstIdx]&#x0A;    Which is: &apos;\0&apos;&#x0A;  borderValues[c]&#x0A;    Which is: &apos;\xC8&apos; (200)&#x0A;Border value mismatch at (14,2) channel 2&#x0A;" type=""><![CDATA[/home/cjxu/npp/test/unit/nppi/nppi_geometry_transforms/test_nppi_copyConstBorder.cpp:95
Expected equality of these values:
  dstData[dstIdx]
    Which is: '\0'
  borderValues[c]
    Which is: '\xC8' (200)
Border value mismatch at (14,2) channel 2
]]></failure>
      <failure message="/home/cjxu/npp/test/unit/nppi/nppi_geometry_transforms/test_nppi_copyConstBorder.cpp:95&#x0A;Expected equality of these values:&#x0A;  dstData[dstIdx]&#x0A;    Which is: &apos;\0&apos;&#x0A;  borderValues[c]&#x0A;    Which is: &apos;d&apos; (100, 0x64)&#x0A;Border value mismatch at (15,2) channel 0&#x0A;" type=""><![CDATA[/home/cjxu/npp/test/unit/nppi/nppi_geometry_transforms/test_nppi_copyConstBorder.cpp:95
Expected equality of these values:
  dstData[dstIdx]
    Which is: '\0'
  borderValues[c]
    Which is: 'd' (100, 0x64)
Border value mismatch at (15,2) channel 0
]]></failure>
      <failure message="/home/cjxu/npp/test/unit/nppi/nppi_geometry_transforms/test_nppi_copyConstBorder.cpp:95&#x0A;Expected equality of these values:&#x0A;  dstData[dstIdx]&#x0A;    Which is: &apos;\0&apos;&#x0A;  borderValues[c]&#x0A;    Which is: &apos;\x96&apos; (150)&#x0A;Border value mismatch at (15,2) channel 1&#x0A;" type=""><![CDATA[/home/cjxu/npp/test/unit/nppi/nppi_geometry_transforms/test_nppi_copyConstBorder.cpp:95
Expected equality of these values:
  dstData[dstIdx]
    Which is: '\0'
  borderValues[c]
    Which is: '\x96' (150)
Border value mismatch at (15,2) channel 1
]]></failure>
      <failure message="/home/cjxu/npp/test/unit/nppi/nppi_geometry_transforms/test_nppi_copyConstBorder.cpp:95&#x0A;Expected equality of these values:&#x0A;  dstData[dstIdx]&#x0A;    Which is: &apos;\0&apos;&#x0A;  borderValues[c]&#x0A;    Which is: &apos;\xC8&apos; (200)&#x0A;Border value mismatch at (15,2) channel 2&#x0A;" type=""><![CDATA[/home/cjxu/npp/test/unit/nppi/nppi_geometry_transforms/test_nppi_copyConstBorder.cpp:95
Expected equality of these values:
  dstData[dstIdx]
    Which is: '\0'
  borderValues[c]
    Which is: '\xC8' (200)
Border value mismatch at (15,2) channel 2
]]></failure>
      <failure message="/home/cjxu/npp/test/unit/nppi/nppi_geometry_transforms/test_nppi_copyConstBorder.cpp:95&#x0A;Expected equality of these values:&#x0A;  dstData[dstIdx]&#x0A;    Which is: &apos;\0&apos;&#x0A;  borderValues[c]&#x0A;    Which is: &apos;d&apos; (100, 0x64)&#x0A;Border value mismatch at (16,2) channel 0&#x0A;" type=""><![CDATA[/home/cjxu/npp/test/unit/nppi/nppi_geometry_transforms/test_nppi_copyConstBorder.cpp:95
Expected equality of these values:
  dstData[dstIdx]
    Which is: '\0'
  borderValues[c]
    Which is: 'd' (100, 0x64)
Border value mismatch at (16,2) channel 0
]]></failure>
      <failure message="/home/cjxu/npp/test/unit/nppi/nppi_geometry_transforms/test_nppi_copyConstBorder.cpp:95&#x0A;Expected equality of these values:&#x0A;  dstData[dstIdx]&#x0A;    Which is: &apos;\0&apos;&#x0A;  borderValues[c]&#x0A;    Which is: &apos;\x96&apos; (150)&#x0A;Border value mismatch at (16,2) channel 1&#x0A;" type=""><![CDATA[/home/cjxu/npp/test/unit/nppi/nppi_geometry_transforms/test_nppi_copyConstBorder.cpp:95
Expected equality of these values:
  dstData[dstIdx]
    Which is: '\0'
  borderValues[c]
    Which is: '\x96' (150)
Border value mismatch at (16,2) channel 1
]]></failure>
      <failure message="/home/cjxu/npp/test/unit/nppi/nppi_geometry_transforms/test_nppi_copyConstBorder.cpp:95&#x0A;Expected equality of these values:&#x0A;  dstData[dstIdx]&#x0A;    Which is: &apos;\0&apos;&#x0A;  borderValues[c]&#x0A;    Which is: &apos;\xC8&apos; (200)&#x0A;Border value mismatch at (16,2) channel 2&#x0A;" type=""><![CDATA[/home/cjxu/npp/test/unit/nppi/nppi_geometry_transforms/test_nppi_copyConstBorder.cpp:95
Expected equality of these values:
  dstData[dstIdx]
    Which is: '\0'
  borderValues[c]
    Which is: '\xC8' (200)
Border value mismatch at (16,2) channel 2
]]></failure>
      <failure message="/home/cjxu/npp/test/unit/nppi/nppi_geometry_transforms/test_nppi_copyConstBorder.cpp:95&#x0A;Expected equality of these values:&#x0A;  dstData[dstIdx]&#x0A;    Which is: &apos;\0&apos;&#x0A;  borderValues[c]&#x0A;    Which is: &apos;d&apos; (100, 0x64)&#x0A;Border value mismatch at (17,2) channel 0&#x0A;" type=""><![CDATA[/home/cjxu/npp/test/unit/nppi/nppi_geometry_transforms/test_nppi_copyConstBorder.cpp:95
Expected equality of these values:
  dstData[dstIdx]
    Which is: '\0'
  borderValues[c]
    Which is: 'd' (100, 0x64)
Border value mismatch at (17,2) channel 0
]]></failure>
      <failure message="/home/cjxu/npp/test/unit/nppi/nppi_geometry_transforms/test_nppi_copyConstBorder.cpp:95&#x0A;Expected equality of these values:&#x0A;  dstData[dstIdx]&#x0A;    Which is: &apos;\0&apos;&#x0A;  borderValues[c]&#x0A;    Which is: &apos;\x96&apos; (150)&#x0A;Border value mismatch at (17,2) channel 1&#x0A;" type=""><![CDATA[/home/cjxu/npp/test/unit/nppi/nppi_geometry_transforms/test_nppi_copyConstBorder.cpp:95
Expected equality of these values:
  dstData[dstIdx]
    Which is: '\0'
  borderValues[c]
    Which is: '\x96' (150)
Border value mismatch at (17,2) channel 1
]]></failure>
      <failure message="/home/cjxu/npp/test/unit/nppi/nppi_geometry_transforms/test_nppi_copyConstBorder.cpp:95&#x0A;Expected equality of these values:&#x0A;  dstData[dstIdx]&#x0A;    Which is: &apos;\0&apos;&#x0A;  borderValues[c]&#x0A;    Which is: &apos;\xC8&apos; (200)&#x0A;Border value mismatch at (17,2) channel 2&#x0A;" type=""><![CDATA[/home/cjxu/npp/test/unit/nppi/nppi_geometry_transforms/test_nppi_copyConstBorder.cpp:95
Expected equality of these values:
  dstData[dstIdx]
    Which is: '\0'
  borderValues[c]
    Which is: '\xC8' (200)
Border value mismatch at (17,2) channel 2
]]></failure>
      <failure message="/home/cjxu/npp/test/unit/nppi/nppi_geometry_transforms/test_nppi_copyConstBorder.cpp:95&#x0A;Expected equality of these values:&#x0A;  dstData[dstIdx]&#x0A;    Which is: &apos;\0&apos;&#x0A;  borderValues[c]&#x0A;    Which is: &apos;d&apos; (100, 0x64)&#x0A;Border value mismatch at (18,2) channel 0&#x0A;" type=""><![CDATA[/home/cjxu/npp/test/unit/nppi/nppi_geometry_transforms/test_nppi_copyConstBorder.cpp:95
Expected equality of these values:
  dstData[dstIdx]
    Which is: '\0'
  borderValues[c]
    Which is: 'd' (100, 0x64)
Border value mismatch at (18,2) channel 0
]]></failure>
      <failure message="/home/cjxu/npp/test/unit/nppi/nppi_geometry_transforms/test_nppi_copyConstBorder.cpp:95&#x0A;Expected equality of these values:&#x0A;  dstData[dstIdx]&#x0A;    Which is: &apos;\0&apos;&#x0A;  borderValues[c]&#x0A;    Which is: &apos;\x96&apos; (150)&#x0A;Border value mismatch at (18,2) channel 1&#x0A;" type=""><![CDATA[/home/cjxu/npp/test/unit/nppi/nppi_geometry_transforms/test_nppi_copyConstBorder.cpp:95
Expected equality of these values:
  dstData[dstIdx]
    Which is: '\0'
  borderValues[c]
    Which is: '\x96' (150)
Border value mismatch at (18,2) channel 1
]]></failure>
      <failure message="/home/cjxu/npp/test/unit/nppi/nppi_geometry_transforms/test_nppi_copyConstBorder.cpp:95&#x0A;Expected equality of these values:&#x0A;  dstData[dstIdx]&#x0A;    Which is: &apos;\0&apos;&#x0A;  borderValues[c]&#x0A;    Which is: &apos;\xC8&apos; (200)&#x0A;Border value mismatch at (18,2) channel 2&#x0A;" type=""><![CDATA[/home/cjxu/npp/test/unit/nppi/nppi_geometry_transforms/test_nppi_copyConstBorder.cpp:95
Expected equality of these values:
  dstData[dstIdx]
    Which is: '\0'
  borderValues[c]
    Which is: '\xC8' (200)
Border value mismatch at (18,2) channel 2
]]></failure>
      <failure message="/home/cjxu/npp/test/unit/nppi/nppi_geometry_transforms/test_nppi_copyConstBorder.cpp:95&#x0A;Expected equality of these values:&#x0A;  dstData[dstIdx]&#x0A;    Which is: &apos;\0&apos;&#x0A;  borderValues[c]&#x0A;    Which is: &apos;d&apos; (100, 0x64)&#x0A;Border value mismatch at (19,2) channel 0&#x0A;" type=""><![CDATA[/home/cjxu/npp/test/unit/nppi/nppi_geometry_transforms/test_nppi_copyConstBorder.cpp:95
Expected equality of these values:
  dstData[dstIdx]
    Which is: '\0'
  borderValues[c]
    Which is: 'd' (100, 0x64)
Border value mismatch at (19,2) channel 0
]]></failure>
      <failure message="/home/cjxu/npp/test/unit/nppi/nppi_geometry_transforms/test_nppi_copyConstBorder.cpp:95&#x0A;Expected equality of these values:&#x0A;  dstData[dstIdx]&#x0A;    Which is: &apos;\0&apos;&#x0A;  borderValues[c]&#x0A;    Which is: &apos;\x96&apos; (150)&#x0A;Border value mismatch at (19,2) channel 1&#x0A;" type=""><![CDATA[/home/cjxu/npp/test/unit/nppi/nppi_geometry_transforms/test_nppi_copyConstBorder.cpp:95
Expected equality of these values:
  dstData[dstIdx]
    Which is: '\0'
  borderValues[c]
    Which is: '\x96' (150)
Border value mismatch at (19,2) channel 1
]]></failure>
      <failure message="/home/cjxu/npp/test/unit/nppi/nppi_geometry_transforms/test_nppi_copyConstBorder.cpp:95&#x0A;Expected equality of these values:&#x0A;  dstData[dstIdx]&#x0A;    Which is: &apos;\0&apos;&#x0A;  borderValues[c]&#x0A;    Which is: &apos;\xC8&apos; (200)&#x0A;Border value mismatch at (19,2) channel 2&#x0A;" type=""><![CDATA[/home/cjxu/npp/test/unit/nppi/nppi_geometry_transforms/test_nppi_copyConstBorder.cpp:95
Expected equality of these values:
  dstData[dstIdx]
    Which is: '\0'
  borderValues[c]
    Which is: '\xC8' (200)
Border value mismatch at (19,2) channel 2
]]></failure>
      <failure message="/home/cjxu/npp/test/unit/nppi/nppi_geometry_transforms/test_nppi_copyConstBorder.cpp:95&#x0A;Expected equality of these values:&#x0A;  dstData[dstIdx]&#x0A;    Which is: &apos;\0&apos;&#x0A;  borderValues[c]&#x0A;    Which is: &apos;d&apos; (100, 0x64)&#x0A;Border value mismatch at (20,2) channel 0&#x0A;" type=""><![CDATA[/home/cjxu/npp/test/unit/nppi/nppi_geometry_transforms/test_nppi_copyConstBorder.cpp:95
Expected equality of these values:
  dstData[dstIdx]
    Which is: '\0'
  borderValues[c]
    Which is: 'd' (100, 0x64)
Border value mismatch at (20,2) channel 0
]]></failure>
      <failure message="/home/cjxu/npp/test/unit/nppi/nppi_geometry_transforms/test_nppi_copyConstBorder.cpp:95&#x0A;Expected equality of these values:&#x0A;  dstData[dstIdx]&#x0A;    Which is: &apos;\0&apos;&#x0A;  borderValues[c]&#x0A;    Which is: &apos;\x96&apos; (150)&#x0A;Border value mismatch at (20,2) channel 1&#x0A;" type=""><![CDATA[/home/cjxu/npp/test/unit/nppi/nppi_geometry_transforms/test_nppi_copyConstBorder.cpp:95
Expected equality of these values:
  dstData[dstIdx]
    Which is: '\0'
  borderValues[c]
    Which is: '\x96' (150)
Border value mismatch at (20,2) channel 1
]]></failure>
      <failure message="/home/cjxu/npp/test/unit/nppi/nppi_geometry_transforms/test_nppi_copyConstBorder.cpp:95&#x0A;Expected equality of these values:&#x0A;  dstData[dstIdx]&#x0A;    Which is: &apos;\0&apos;&#x0A;  borderValues[c]&#x0A;    Which is: &apos;\xC8&apos; (200)&#x0A;Border value mismatch at (20,2) channel 2&#x0A;" type=""><![CDATA[/home/cjxu/npp/test/unit/nppi/nppi_geometry_transforms/test_nppi_copyConstBorder.cpp:95
Expected equality of these values:
  dstData[dstIdx]
    Which is: '\0'
  borderValues[c]
    Which is: '\xC8' (200)
Border value mismatch at (20,2) channel 2
]]></failure>
      <failure message="/home/cjxu/npp/test/unit/nppi/nppi_geometry_transforms/test_nppi_copyConstBorder.cpp:95&#x0A;Expected equality of these values:&#x0A;  dstData[dstIdx]&#x0A;    Which is: &apos;\0&apos;&#x0A;  borderValues[c]&#x0A;    Which is: &apos;d&apos; (100, 0x64)&#x0A;Border value mismatch at (21,2) channel 0&#x0A;" type=""><![CDATA[/home/cjxu/npp/test/unit/nppi/nppi_geometry_transforms/test_nppi_copyConstBorder.cpp:95
Expected equality of these values:
  dstData[dstIdx]
    Which is: '\0'
  borderValues[c]
    Which is: 'd' (100, 0x64)
Border value mismatch at (21,2) channel 0
]]></failure>
      <failure message="/home/cjxu/npp/test/unit/nppi/nppi_geometry_transforms/test_nppi_copyConstBorder.cpp:95&#x0A;Expected equality of these values:&#x0A;  dstData[dstIdx]&#x0A;    Which is: &apos;\0&apos;&#x0A;  borderValues[c]&#x0A;    Which is: &apos;\x96&apos; (150)&#x0A;Border value mismatch at (21,2) channel 1&#x0A;" type=""><![CDATA[/home/cjxu/npp/test/unit/nppi/nppi_geometry_transforms/test_nppi_copyConstBorder.cpp:95
Expected equality of these values:
  dstData[dstIdx]
    Which is: '\0'
  borderValues[c]
    Which is: '\x96' (150)
Border value mismatch at (21,2) channel 1
]]></failure>
      <failure message="/home/cjxu/npp/test/unit/nppi/nppi_geometry_transforms/test_nppi_copyConstBorder.cpp:95&#x0A;Expected equality of these values:&#x0A;  dstData[dstIdx]&#x0A;    Which is: &apos;\0&apos;&#x0A;  borderValues[c]&#x0A;    Which is: &apos;\xC8&apos; (200)&#x0A;Border value mismatch at (21,2) channel 2&#x0A;" type=""><![CDATA[/home/cjxu/npp/test/unit/nppi/nppi_geometry_transforms/test_nppi_copyConstBorder.cpp:95
Expected equality of these values:
  dstData[dstIdx]
    Which is: '\0'
  borderValues[c]
    Which is: '\xC8' (200)
Border value mismatch at (21,2) channel 2
]]></failure>
      <failure message="/home/cjxu/npp/test/unit/nppi/nppi_geometry_transforms/test_nppi_copyConstBorder.cpp:95&#x0A;Expected equality of these values:&#x0A;  dstData[dstIdx]&#x0A;    Which is: &apos;\0&apos;&#x0A;  borderValues[c]&#x0A;    Which is: &apos;d&apos; (100, 0x64)&#x0A;Border value mismatch at (22,2) channel 0&#x0A;" type=""><![CDATA[/home/cjxu/npp/test/unit/nppi/nppi_geometry_transforms/test_nppi_copyConstBorder.cpp:95
Expected equality of these values:
  dstData[dstIdx]
    Which is: '\0'
  borderValues[c]
    Which is: 'd' (100, 0x64)
Border value mismatch at (22,2) channel 0
]]></failure>
      <failure message="/home/cjxu/npp/test/unit/nppi/nppi_geometry_transforms/test_nppi_copyConstBorder.cpp:95&#x0A;Expected equality of these values:&#x0A;  dstData[dstIdx]&#x0A;    Which is: &apos;\0&apos;&#x0A;  borderValues[c]&#x0A;    Which is: &apos;\x96&apos; (150)&#x0A;Border value mismatch at (22,2) channel 1&#x0A;" type=""><![CDATA[/home/cjxu/npp/test/unit/nppi/nppi_geometry_transforms/test_nppi_copyConstBorder.cpp:95
Expected equality of these values:
  dstData[dstIdx]
    Which is: '\0'
  borderValues[c]
    Which is: '\x96' (150)
Border value mismatch at (22,2) channel 1
]]></failure>
      <failure message="/home/cjxu/npp/test/unit/nppi/nppi_geometry_transforms/test_nppi_copyConstBorder.cpp:95&#x0A;Expected equality of these values:&#x0A;  dstData[dstIdx]&#x0A;    Which is: &apos;\0&apos;&#x0A;  borderValues[c]&#x0A;    Which is: &apos;\xC8&apos; (200)&#x0A;Border value mismatch at (22,2) channel 2&#x0A;" type=""><![CDATA[/home/cjxu/npp/test/unit/nppi/nppi_geometry_transforms/test_nppi_copyConstBorder.cpp:95
Expected equality of these values:
  dstData[dstIdx]
    Which is: '\0'
  borderValues[c]
    Which is: '\xC8' (200)
Border value mismatch at (22,2) channel 2
]]></failure>
      <failure message="/home/cjxu/npp/test/unit/nppi/nppi_geometry_transforms/test_nppi_copyConstBorder.cpp:95&#x0A;Expected equality of these values:&#x0A;  dstData[dstIdx]&#x0A;    Which is: &apos;\0&apos;&#x0A;  borderValues[c]&#x0A;    Which is: &apos;d&apos; (100, 0x64)&#x0A;Border value mismatch at (23,2) channel 0&#x0A;" type=""><![CDATA[/home/cjxu/npp/test/unit/nppi/nppi_geometry_transforms/test_nppi_copyConstBorder.cpp:95
Expected equality of these values:
  dstData[dstIdx]
    Which is: '\0'
  borderValues[c]
    Which is: 'd' (100, 0x64)
Border value mismatch at (23,2) channel 0
]]></failure>
      <failure message="/home/cjxu/npp/test/unit/nppi/nppi_geometry_transforms/test_nppi_copyConstBorder.cpp:95&#x0A;Expected equality of these values:&#x0A;  dstData[dstIdx]&#x0A;    Which is: &apos;\0&apos;&#x0A;  borderValues[c]&#x0A;    Which is: &apos;\x96&apos; (150)&#x0A;Border value mismatch at (23,2) channel 1&#x0A;" type=""><![CDATA[/home/cjxu/npp/test/unit/nppi/nppi_geometry_transforms/test_nppi_copyConstBorder.cpp:95
Expected equality of these values:
  dstData[dstIdx]
    Which is: '\0'
  borderValues[c]
    Which is: '\x96' (150)
Border value mismatch at (23,2) channel 1
]]></failure>
      <failure message="/home/cjxu/npp/test/unit/nppi/nppi_geometry_transforms/test_nppi_copyConstBorder.cpp:95&#x0A;Expected equality of these values:&#x0A;  dstData[dstIdx]&#x0A;    Which is: &apos;\0&apos;&#x0A;  borderValues[c]&#x0A;    Which is: &apos;\xC8&apos; (200)&#x0A;Border value mismatch at (23,2) channel 2&#x0A;" type=""><![CDATA[/home/cjxu/npp/test/unit/nppi/nppi_geometry_transforms/test_nppi_copyConstBorder.cpp:95
Expected equality of these values:
  dstData[dstIdx]
    Which is: '\0'
  borderValues[c]
    Which is: '\xC8' (200)
Border value mismatch at (23,2) channel 2
]]></failure>
      <failure message="/home/cjxu/npp/test/unit/nppi/nppi_geometry_transforms/test_nppi_copyConstBorder.cpp:95&#x0A;Expected equality of these values:&#x0A;  dstData[dstIdx]&#x0A;    Which is: &apos;\0&apos;&#x0A;  borderValues[c]&#x0A;    Which is: &apos;d&apos; (100, 0x64)&#x0A;Border value mismatch at (0,3) channel 0&#x0A;" type=""><![CDATA[/home/cjxu/npp/test/unit/nppi/nppi_geometry_transforms/test_nppi_copyConstBorder.cpp:95
Expected equality of these values:
  dstData[dstIdx]
    Which is: '\0'
  borderValues[c]
    Which is: 'd' (100, 0x64)
Border value mismatch at (0,3) channel 0
]]></failure>
      <failure message="/home/cjxu/npp/test/unit/nppi/nppi_geometry_transforms/test_nppi_copyConstBorder.cpp:95&#x0A;Expected equality of these values:&#x0A;  dstData[dstIdx]&#x0A;    Which is: &apos;\0&apos;&#x0A;  borderValues[c]&#x0A;    Which is: &apos;\x96&apos; (150)&#x0A;Border value mismatch at (0,3) channel 1&#x0A;" type=""><![CDATA[/home/cjxu/npp/test/unit/nppi/nppi_geometry_transforms/test_nppi_copyConstBorder.cpp:95
Expected equality of these values:
  dstData[dstIdx]
    Which is: '\0'
  borderValues[c]
    Which is: '\x96' (150)
Border value mismatch at (0,3) channel 1
]]></failure>
      <failure message="/home/cjxu/npp/test/unit/nppi/nppi_geometry_transforms/test_nppi_copyConstBorder.cpp:95&#x0A;Expected equality of these values:&#x0A;  dstData[dstIdx]&#x0A;    Which is: &apos;\0&apos;&#x0A;  borderValues[c]&#x0A;    Which is: &apos;\xC8&apos; (200)&#x0A;Border value mismatch at (0,3) channel 2&#x0A;" type=""><![CDATA[/home/cjxu/npp/test/unit/nppi/nppi_geometry_transforms/test_nppi_copyConstBorder.cpp:95
Expected equality of these values:
  dstData[dstIdx]
    Which is: '\0'
  borderValues[c]
    Which is: '\xC8' (200)
Border value mismatch at (0,3) channel 2
]]></failure>
      <failure message="/home/cjxu/npp/test/unit/nppi/nppi_geometry_transforms/test_nppi_copyConstBorder.cpp:95&#x0A;Expected equality of these values:&#x0A;  dstData[dstIdx]&#x0A;    Which is: &apos;\0&apos;&#x0A;  borderValues[c]&#x0A;    Which is: &apos;d&apos; (100, 0x64)&#x0A;Border value mismatch at (1,3) channel 0&#x0A;" type=""><![CDATA[/home/cjxu/npp/test/unit/nppi/nppi_geometry_transforms/test_nppi_copyConstBorder.cpp:95
Expected equality of these values:
  dstData[dstIdx]
    Which is: '\0'
  borderValues[c]
    Which is: 'd' (100, 0x64)
Border value mismatch at (1,3) channel 0
]]></failure>
      <failure message="/home/cjxu/npp/test/unit/nppi/nppi_geometry_transforms/test_nppi_copyConstBorder.cpp:95&#x0A;Expected equality of these values:&#x0A;  dstData[dstIdx]&#x0A;    Which is: &apos;\0&apos;&#x0A;  borderValues[c]&#x0A;    Which is: &apos;\x96&apos; (150)&#x0A;Border value mismatch at (1,3) channel 1&#x0A;" type=""><![CDATA[/home/cjxu/npp/test/unit/nppi/nppi_geometry_transforms/test_nppi_copyConstBorder.cpp:95
Expected equality of these values:
  dstData[dstIdx]
    Which is: '\0'
  borderValues[c]
    Which is: '\x96' (150)
Border value mismatch at (1,3) channel 1
]]></failure>
      <failure message="/home/cjxu/npp/test/unit/nppi/nppi_geometry_transforms/test_nppi_copyConstBorder.cpp:95&#x0A;Expected equality of these values:&#x0A;  dstData[dstIdx]&#x0A;    Which is: &apos;\0&apos;&#x0A;  borderValues[c]&#x0A;    Which is: &apos;\xC8&apos; (200)&#x0A;Border value mismatch at (1,3) channel 2&#x0A;" type=""><![CDATA[/home/cjxu/npp/test/unit/nppi/nppi_geometry_transforms/test_nppi_copyConstBorder.cpp:95
Expected equality of these values:
  dstData[dstIdx]
    Which is: '\0'
  borderValues[c]
    Which is: '\xC8' (200)
Border value mismatch at (1,3) channel 2
]]></failure>
      <failure message="/home/cjxu/npp/test/unit/nppi/nppi_geometry_transforms/test_nppi_copyConstBorder.cpp:95&#x0A;Expected equality of these values:&#x0A;  dstData[dstIdx]&#x0A;    Which is: &apos;\0&apos;&#x0A;  borderValues[c]&#x0A;    Which is: &apos;d&apos; (100, 0x64)&#x0A;Border value mismatch at (2,3) channel 0&#x0A;" type=""><![CDATA[/home/cjxu/npp/test/unit/nppi/nppi_geometry_transforms/test_nppi_copyConstBorder.cpp:95
Expected equality of these values:
  dstData[dstIdx]
    Which is: '\0'
  borderValues[c]
    Which is: 'd' (100, 0x64)
Border value mismatch at (2,3) channel 0
]]></failure>
      <failure message="/home/cjxu/npp/test/unit/nppi/nppi_geometry_transforms/test_nppi_copyConstBorder.cpp:95&#x0A;Expected equality of these values:&#x0A;  dstData[dstIdx]&#x0A;    Which is: &apos;\0&apos;&#x0A;  borderValues[c]&#x0A;    Which is: &apos;\x96&apos; (150)&#x0A;Border value mismatch at (2,3) channel 1&#x0A;" type=""><![CDATA[/home/cjxu/npp/test/unit/nppi/nppi_geometry_transforms/test_nppi_copyConstBorder.cpp:95
Expected equality of these values:
  dstData[dstIdx]
    Which is: '\0'
  borderValues[c]
    Which is: '\x96' (150)
Border value mismatch at (2,3) channel 1
]]></failure>
      <failure message="/home/cjxu/npp/test/unit/nppi/nppi_geometry_transforms/test_nppi_copyConstBorder.cpp:95&#x0A;Expected equality of these values:&#x0A;  dstData[dstIdx]&#x0A;    Which is: &apos;\0&apos;&#x0A;  borderValues[c]&#x0A;    Which is: &apos;\xC8&apos; (200)&#x0A;Border value mismatch at (2,3) channel 2&#x0A;" type=""><![CDATA[/home/cjxu/npp/test/unit/nppi/nppi_geometry_transforms/test_nppi_copyConstBorder.cpp:95
Expected equality of these values:
  dstData[dstIdx]
    Which is: '\0'
  borderValues[c]
    Which is: '\xC8' (200)
Border value mismatch at (2,3) channel 2
]]></failure>
      <failure message="/home/cjxu/npp/test/unit/nppi/nppi_geometry_transforms/test_nppi_copyConstBorder.cpp:95&#x0A;Expected equality of these values:&#x0A;  dstData[dstIdx]&#x0A;    Which is: &apos;\0&apos;&#x0A;  borderValues[c]&#x0A;    Which is: &apos;d&apos; (100, 0x64)&#x0A;Border value mismatch at (3,3) channel 0&#x0A;" type=""><![CDATA[/home/cjxu/npp/test/unit/nppi/nppi_geometry_transforms/test_nppi_copyConstBorder.cpp:95
Expected equality of these values:
  dstData[dstIdx]
    Which is: '\0'
  borderValues[c]
    Which is: 'd' (100, 0x64)
Border value mismatch at (3,3) channel 0
]]></failure>
      <failure message="/home/cjxu/npp/test/unit/nppi/nppi_geometry_transforms/test_nppi_copyConstBorder.cpp:95&#x0A;Expected equality of these values:&#x0A;  dstData[dstIdx]&#x0A;    Which is: &apos;\0&apos;&#x0A;  borderValues[c]&#x0A;    Which is: &apos;\x96&apos; (150)&#x0A;Border value mismatch at (3,3) channel 1&#x0A;" type=""><![CDATA[/home/cjxu/npp/test/unit/nppi/nppi_geometry_transforms/test_nppi_copyConstBorder.cpp:95
Expected equality of these values:
  dstData[dstIdx]
    Which is: '\0'
  borderValues[c]
    Which is: '\x96' (150)
Border value mismatch at (3,3) channel 1
]]></failure>
      <failure message="/home/cjxu/npp/test/unit/nppi/nppi_geometry_transforms/test_nppi_copyConstBorder.cpp:95&#x0A;Expected equality of these values:&#x0A;  dstData[dstIdx]&#x0A;    Which is: &apos;\0&apos;&#x0A;  borderValues[c]&#x0A;    Which is: &apos;\xC8&apos; (200)&#x0A;Border value mismatch at (3,3) channel 2&#x0A;" type=""><![CDATA[/home/cjxu/npp/test/unit/nppi/nppi_geometry_transforms/test_nppi_copyConstBorder.cpp:95
Expected equality of these values:
  dstData[dstIdx]
    Which is: '\0'
  borderValues[c]
    Which is: '\xC8' (200)
Border value mismatch at (3,3) channel 2
]]></failure>
      <failure message="/home/cjxu/npp/test/unit/nppi/nppi_geometry_transforms/test_nppi_copyConstBorder.cpp:95&#x0A;Expected equality of these values:&#x0A;  dstData[dstIdx]&#x0A;    Which is: &apos;\0&apos;&#x0A;  borderValues[c]&#x0A;    Which is: &apos;d&apos; (100, 0x64)&#x0A;Border value mismatch at (4,3) channel 0&#x0A;" type=""><![CDATA[/home/cjxu/npp/test/unit/nppi/nppi_geometry_transforms/test_nppi_copyConstBorder.cpp:95
Expected equality of these values:
  dstData[dstIdx]
    Which is: '\0'
  borderValues[c]
    Which is: 'd' (100, 0x64)
Border value mismatch at (4,3) channel 0
]]></failure>
      <failure message="/home/cjxu/npp/test/unit/nppi/nppi_geometry_transforms/test_nppi_copyConstBorder.cpp:95&#x0A;Expected equality of these values:&#x0A;  dstData[dstIdx]&#x0A;    Which is: &apos;\0&apos;&#x0A;  borderValues[c]&#x0A;    Which is: &apos;\x96&apos; (150)&#x0A;Border value mismatch at (4,3) channel 1&#x0A;" type=""><![CDATA[/home/cjxu/npp/test/unit/nppi/nppi_geometry_transforms/test_nppi_copyConstBorder.cpp:95
Expected equality of these values:
  dstData[dstIdx]
    Which is: '\0'
  borderValues[c]
    Which is: '\x96' (150)
Border value mismatch at (4,3) channel 1
]]></failure>
      <failure message="/home/cjxu/npp/test/unit/nppi/nppi_geometry_transforms/test_nppi_copyConstBorder.cpp:95&#x0A;Expected equality of these values:&#x0A;  dstData[dstIdx]&#x0A;    Which is: &apos;\0&apos;&#x0A;  borderValues[c]&#x0A;    Which is: &apos;\xC8&apos; (200)&#x0A;Border value mismatch at (4,3) channel 2&#x0A;" type=""><![CDATA[/home/cjxu/npp/test/unit/nppi/nppi_geometry_transforms/test_nppi_copyConstBorder.cpp:95
Expected equality of these values:
  dstData[dstIdx]
    Which is: '\0'
  borderValues[c]
    Which is: '\xC8' (200)
Border value mismatch at (4,3) channel 2
]]></failure>
      <failure message="/home/cjxu/npp/test/unit/nppi/nppi_geometry_transforms/test_nppi_copyConstBorder.cpp:95&#x0A;Expected equality of these values:&#x0A;  dstData[dstIdx]&#x0A;    Which is: &apos;\0&apos;&#x0A;  borderValues[c]&#x0A;    Which is: &apos;d&apos; (100, 0x64)&#x0A;Border value mismatch at (5,3) channel 0&#x0A;" type=""><![CDATA[/home/cjxu/npp/test/unit/nppi/nppi_geometry_transforms/test_nppi_copyConstBorder.cpp:95
Expected equality of these values:
  dstData[dstIdx]
    Which is: '\0'
  borderValues[c]
    Which is: 'd' (100, 0x64)
Border value mismatch at (5,3) channel 0
]]></failure>
      <failure message="/home/cjxu/npp/test/unit/nppi/nppi_geometry_transforms/test_nppi_copyConstBorder.cpp:95&#x0A;Expected equality of these values:&#x0A;  dstData[dstIdx]&#x0A;    Which is: &apos;\0&apos;&#x0A;  borderValues[c]&#x0A;    Which is: &apos;\x96&apos; (150)&#x0A;Border value mismatch at (5,3) channel 1&#x0A;" type=""><![CDATA[/home/cjxu/npp/test/unit/nppi/nppi_geometry_transforms/test_nppi_copyConstBorder.cpp:95
Expected equality of these values:
  dstData[dstIdx]
    Which is: '\0'
  borderValues[c]
    Which is: '\x96' (150)
Border value mismatch at (5,3) channel 1
]]></failure>
      <failure message="/home/cjxu/npp/test/unit/nppi/nppi_geometry_transforms/test_nppi_copyConstBorder.cpp:95&#x0A;Expected equality of these values:&#x0A;  dstData[dstIdx]&#x0A;    Which is: &apos;\0&apos;&#x0A;  borderValues[c]&#x0A;    Which is: &apos;\xC8&apos; (200)&#x0A;Border value mismatch at (5,3) channel 2&#x0A;" type=""><![CDATA[/home/cjxu/npp/test/unit/nppi/nppi_geometry_transforms/test_nppi_copyConstBorder.cpp:95
Expected equality of these values:
  dstData[dstIdx]
    Which is: '\0'
  borderValues[c]
    Which is: '\xC8' (200)
Border value mismatch at (5,3) channel 2
]]></failure>
      <failure message="/home/cjxu/npp/test/unit/nppi/nppi_geometry_transforms/test_nppi_copyConstBorder.cpp:95&#x0A;Expected equality of these values:&#x0A;  dstData[dstIdx]&#x0A;    Which is: &apos;\0&apos;&#x0A;  borderValues[c]&#x0A;    Which is: &apos;d&apos; (100, 0x64)&#x0A;Border value mismatch at (6,3) channel 0&#x0A;" type=""><![CDATA[/home/cjxu/npp/test/unit/nppi/nppi_geometry_transforms/test_nppi_copyConstBorder.cpp:95
Expected equality of these values:
  dstData[dstIdx]
    Which is: '\0'
  borderValues[c]
    Which is: 'd' (100, 0x64)
Border value mismatch at (6,3) channel 0
]]></failure>
      <failure message="/home/cjxu/npp/test/unit/nppi/nppi_geometry_transforms/test_nppi_copyConstBorder.cpp:95&#x0A;Expected equality of these values:&#x0A;  dstData[dstIdx]&#x0A;    Which is: &apos;\0&apos;&#x0A;  borderValues[c]&#x0A;    Which is: &apos;\x96&apos; (150)&#x0A;Border value mismatch at (6,3) channel 1&#x0A;" type=""><![CDATA[/home/cjxu/npp/test/unit/nppi/nppi_geometry_transforms/test_nppi_copyConstBorder.cpp:95
Expected equality of these values:
  dstData[dstIdx]
    Which is: '\0'
  borderValues[c]
    Which is: '\x96' (150)
Border value mismatch at (6,3) channel 1
]]></failure>
      <failure message="/home/cjxu/npp/test/unit/nppi/nppi_geometry_transforms/test_nppi_copyConstBorder.cpp:95&#x0A;Expected equality of these values:&#x0A;  dstData[dstIdx]&#x0A;    Which is: &apos;\0&apos;&#x0A;  borderValues[c]&#x0A;    Which is: &apos;\xC8&apos; (200)&#x0A;Border value mismatch at (6,3) channel 2&#x0A;" type=""><![CDATA[/home/cjxu/npp/test/unit/nppi/nppi_geometry_transforms/test_nppi_copyConstBorder.cpp:95
Expected equality of these values:
  dstData[dstIdx]
    Which is: '\0'
  borderValues[c]
    Which is: '\xC8' (200)
Border value mismatch at (6,3) channel 2
]]></failure>
      <failure message="/home/cjxu/npp/test/unit/nppi/nppi_geometry_transforms/test_nppi_copyConstBorder.cpp:95&#x0A;Expected equality of these values:&#x0A;  dstData[dstIdx]&#x0A;    Which is: &apos;\0&apos;&#x0A;  borderValues[c]&#x0A;    Which is: &apos;d&apos; (100, 0x64)&#x0A;Border value mismatch at (7,3) channel 0&#x0A;" type=""><![CDATA[/home/cjxu/npp/test/unit/nppi/nppi_geometry_transforms/test_nppi_copyConstBorder.cpp:95
Expected equality of these values:
  dstData[dstIdx]
    Which is: '\0'
  borderValues[c]
    Which is: 'd' (100, 0x64)
Border value mismatch at (7,3) channel 0
]]></failure>
      <failure message="/home/cjxu/npp/test/unit/nppi/nppi_geometry_transforms/test_nppi_copyConstBorder.cpp:95&#x0A;Expected equality of these values:&#x0A;  dstData[dstIdx]&#x0A;    Which is: &apos;\0&apos;&#x0A;  borderValues[c]&#x0A;    Which is: &apos;\x96&apos; (150)&#x0A;Border value mismatch at (7,3) channel 1&#x0A;" type=""><![CDATA[/home/cjxu/npp/test/unit/nppi/nppi_geometry_transforms/test_nppi_copyConstBorder.cpp:95
Expected equality of these values:
  dstData[dstIdx]
    Which is: '\0'
  borderValues[c]
    Which is: '\x96' (150)
Border value mismatch at (7,3) channel 1
]]></failure>
      <failure message="/home/cjxu/npp/test/unit/nppi/nppi_geometry_transforms/test_nppi_copyConstBorder.cpp:95&#x0A;Expected equality of these values:&#x0A;  dstData[dstIdx]&#x0A;    Which is: &apos;\0&apos;&#x0A;  borderValues[c]&#x0A;    Which is: &apos;\xC8&apos; (200)&#x0A;Border value mismatch at (7,3) channel 2&#x0A;" type=""><![CDATA[/home/cjxu/npp/test/unit/nppi/nppi_geometry_transforms/test_nppi_copyConstBorder.cpp:95
Expected equality of these values:
  dstData[dstIdx]
    Which is: '\0'
  borderValues[c]
    Which is: '\xC8' (200)
Border value mismatch at (7,3) channel 2
]]></failure>
      <failure message="/home/cjxu/npp/test/unit/nppi/nppi_geometry_transforms/test_nppi_copyConstBorder.cpp:95&#x0A;Expected equality of these values:&#x0A;  dstData[dstIdx]&#x0A;    Which is: &apos;\0&apos;&#x0A;  borderValues[c]&#x0A;    Which is: &apos;d&apos; (100, 0x64)&#x0A;Border value mismatch at (8,3) channel 0&#x0A;" type=""><![CDATA[/home/cjxu/npp/test/unit/nppi/nppi_geometry_transforms/test_nppi_copyConstBorder.cpp:95
Expected equality of these values:
  dstData[dstIdx]
    Which is: '\0'
  borderValues[c]
    Which is: 'd' (100, 0x64)
Border value mismatch at (8,3) channel 0
]]></failure>
      <failure message="/home/cjxu/npp/test/unit/nppi/nppi_geometry_transforms/test_nppi_copyConstBorder.cpp:95&#x0A;Expected equality of these values:&#x0A;  dstData[dstIdx]&#x0A;    Which is: &apos;\0&apos;&#x0A;  borderValues[c]&#x0A;    Which is: &apos;\x96&apos; (150)&#x0A;Border value mismatch at (8,3) channel 1&#x0A;" type=""><![CDATA[/home/cjxu/npp/test/unit/nppi/nppi_geometry_transforms/test_nppi_copyConstBorder.cpp:95
Expected equality of these values:
  dstData[dstIdx]
    Which is: '\0'
  borderValues[c]
    Which is: '\x96' (150)
Border value mismatch at (8,3) channel 1
]]></failure>
      <failure message="/home/cjxu/npp/test/unit/nppi/nppi_geometry_transforms/test_nppi_copyConstBorder.cpp:95&#x0A;Expected equality of these values:&#x0A;  dstData[dstIdx]&#x0A;    Which is: &apos;\0&apos;&#x0A;  borderValues[c]&#x0A;    Which is: &apos;\xC8&apos; (200)&#x0A;Border value mismatch at (8,3) channel 2&#x0A;" type=""><![CDATA[/home/cjxu/npp/test/unit/nppi/nppi_geometry_transforms/test_nppi_copyConstBorder.cpp:95
Expected equality of these values:
  dstData[dstIdx]
    Which is: '\0'
  borderValues[c]
    Which is: '\xC8' (200)
Border value mismatch at (8,3) channel 2
]]></failure>
      <failure message="/home/cjxu/npp/test/unit/nppi/nppi_geometry_transforms/test_nppi_copyConstBorder.cpp:95&#x0A;Expected equality of these values:&#x0A;  dstData[dstIdx]&#x0A;    Which is: &apos;\0&apos;&#x0A;  borderValues[c]&#x0A;    Which is: &apos;d&apos; (100, 0x64)&#x0A;Border value mismatch at (9,3) channel 0&#x0A;" type=""><![CDATA[/home/cjxu/npp/test/unit/nppi/nppi_geometry_transforms/test_nppi_copyConstBorder.cpp:95
Expected equality of these values:
  dstData[dstIdx]
    Which is: '\0'
  borderValues[c]
    Which is: 'd' (100, 0x64)
Border value mismatch at (9,3) channel 0
]]></failure>
      <failure message="/home/cjxu/npp/test/unit/nppi/nppi_geometry_transforms/test_nppi_copyConstBorder.cpp:95&#x0A;Expected equality of these values:&#x0A;  dstData[dstIdx]&#x0A;    Which is: &apos;\0&apos;&#x0A;  borderValues[c]&#x0A;    Which is: &apos;\x96&apos; (150)&#x0A;Border value mismatch at (9,3) channel 1&#x0A;" type=""><![CDATA[/home/cjxu/npp/test/unit/nppi/nppi_geometry_transforms/test_nppi_copyConstBorder.cpp:95
Expected equality of these values:
  dstData[dstIdx]
    Which is: '\0'
  borderValues[c]
    Which is: '\x96' (150)
Border value mismatch at (9,3) channel 1
]]></failure>
      <failure message="/home/cjxu/npp/test/unit/nppi/nppi_geometry_transforms/test_nppi_copyConstBorder.cpp:95&#x0A;Expected equality of these values:&#x0A;  dstData[dstIdx]&#x0A;    Which is: &apos;\0&apos;&#x0A;  borderValues[c]&#x0A;    Which is: &apos;\xC8&apos; (200)&#x0A;Border value mismatch at (9,3) channel 2&#x0A;" type=""><![CDATA[/home/cjxu/npp/test/unit/nppi/nppi_geometry_transforms/test_nppi_copyConstBorder.cpp:95
Expected equality of these values:
  dstData[dstIdx]
    Which is: '\0'
  borderValues[c]
    Which is: '\xC8' (200)
Border value mismatch at (9,3) channel 2
]]></failure>
      <failure message="/home/cjxu/npp/test/unit/nppi/nppi_geometry_transforms/test_nppi_copyConstBorder.cpp:95&#x0A;Expected equality of these values:&#x0A;  dstData[dstIdx]&#x0A;    Which is: &apos;\0&apos;&#x0A;  borderValues[c]&#x0A;    Which is: &apos;d&apos; (100, 0x64)&#x0A;Border value mismatch at (10,3) channel 0&#x0A;" type=""><![CDATA[/home/cjxu/npp/test/unit/nppi/nppi_geometry_transforms/test_nppi_copyConstBorder.cpp:95
Expected equality of these values:
  dstData[dstIdx]
    Which is: '\0'
  borderValues[c]
    Which is: 'd' (100, 0x64)
Border value mismatch at (10,3) channel 0
]]></failure>
      <failure message="/home/cjxu/npp/test/unit/nppi/nppi_geometry_transforms/test_nppi_copyConstBorder.cpp:95&#x0A;Expected equality of these values:&#x0A;  dstData[dstIdx]&#x0A;    Which is: &apos;\0&apos;&#x0A;  borderValues[c]&#x0A;    Which is: &apos;\x96&apos; (150)&#x0A;Border value mismatch at (10,3) channel 1&#x0A;" type=""><![CDATA[/home/cjxu/npp/test/unit/nppi/nppi_geometry_transforms/test_nppi_copyConstBorder.cpp:95
Expected equality of these values:
  dstData[dstIdx]
    Which is: '\0'
  borderValues[c]
    Which is: '\x96' (150)
Border value mismatch at (10,3) channel 1
]]></failure>
      <failure message="/home/cjxu/npp/test/unit/nppi/nppi_geometry_transforms/test_nppi_copyConstBorder.cpp:95&#x0A;Expected equality of these values:&#x0A;  dstData[dstIdx]&#x0A;    Which is: &apos;\0&apos;&#x0A;  borderValues[c]&#x0A;    Which is: &apos;\xC8&apos; (200)&#x0A;Border value mismatch at (10,3) channel 2&#x0A;" type=""><![CDATA[/home/cjxu/npp/test/unit/nppi/nppi_geometry_transforms/test_nppi_copyConstBorder.cpp:95
Expected equality of these values:
  dstData[dstIdx]
    Which is: '\0'
  borderValues[c]
    Which is: '\xC8' (200)
Border value mismatch at (10,3) channel 2
]]></failure>
      <failure message="/home/cjxu/npp/test/unit/nppi/nppi_geometry_transforms/test_nppi_copyConstBorder.cpp:95&#x0A;Expected equality of these values:&#x0A;  dstData[dstIdx]&#x0A;    Which is: &apos;\0&apos;&#x0A;  borderValues[c]&#x0A;    Which is: &apos;d&apos; (100, 0x64)&#x0A;Border value mismatch at (11,3) channel 0&#x0A;" type=""><![CDATA[/home/cjxu/npp/test/unit/nppi/nppi_geometry_transforms/test_nppi_copyConstBorder.cpp:95
Expected equality of these values:
  dstData[dstIdx]
    Which is: '\0'
  borderValues[c]
    Which is: 'd' (100, 0x64)
Border value mismatch at (11,3) channel 0
]]></failure>
      <failure message="/home/cjxu/npp/test/unit/nppi/nppi_geometry_transforms/test_nppi_copyConstBorder.cpp:95&#x0A;Expected equality of these values:&#x0A;  dstData[dstIdx]&#x0A;    Which is: &apos;\0&apos;&#x0A;  borderValues[c]&#x0A;    Which is: &apos;\x96&apos; (150)&#x0A;Border value mismatch at (11,3) channel 1&#x0A;" type=""><![CDATA[/home/cjxu/npp/test/unit/nppi/nppi_geometry_transforms/test_nppi_copyConstBorder.cpp:95
Expected equality of these values:
  dstData[dstIdx]
    Which is: '\0'
  borderValues[c]
    Which is: '\x96' (150)
Border value mismatch at (11,3) channel 1
]]></failure>
      <failure message="/home/cjxu/npp/test/unit/nppi/nppi_geometry_transforms/test_nppi_copyConstBorder.cpp:95&#x0A;Expected equality of these values:&#x0A;  dstData[dstIdx]&#x0A;    Which is: &apos;\0&apos;&#x0A;  borderValues[c]&#x0A;    Which is: &apos;\xC8&apos; (200)&#x0A;Border value mismatch at (11,3) channel 2&#x0A;" type=""><![CDATA[/home/cjxu/npp/test/unit/nppi/nppi_geometry_transforms/test_nppi_copyConstBorder.cpp:95
Expected equality of these values:
  dstData[dstIdx]
    Which is: '\0'
  borderValues[c]
    Which is: '\xC8' (200)
Border value mismatch at (11,3) channel 2
]]></failure>
      <failure message="/home/cjxu/npp/test/unit/nppi/nppi_geometry_transforms/test_nppi_copyConstBorder.cpp:95&#x0A;Expected equality of these values:&#x0A;  dstData[dstIdx]&#x0A;    Which is: &apos;\0&apos;&#x0A;  borderValues[c]&#x0A;    Which is: &apos;d&apos; (100, 0x64)&#x0A;Border value mismatch at (12,3) channel 0&#x0A;" type=""><![CDATA[/home/cjxu/npp/test/unit/nppi/nppi_geometry_transforms/test_nppi_copyConstBorder.cpp:95
Expected equality of these values:
  dstData[dstIdx]
    Which is: '\0'
  borderValues[c]
    Which is: 'd' (100, 0x64)
Border value mismatch at (12,3) channel 0
]]></failure>
      <failure message="/home/cjxu/npp/test/unit/nppi/nppi_geometry_transforms/test_nppi_copyConstBorder.cpp:95&#x0A;Expected equality of these values:&#x0A;  dstData[dstIdx]&#x0A;    Which is: &apos;\0&apos;&#x0A;  borderValues[c]&#x0A;    Which is: &apos;\x96&apos; (150)&#x0A;Border value mismatch at (12,3) channel 1&#x0A;" type=""><![CDATA[/home/cjxu/npp/test/unit/nppi/nppi_geometry_transforms/test_nppi_copyConstBorder.cpp:95
Expected equality of these values:
  dstData[dstIdx]
    Which is: '\0'
  borderValues[c]
    Which is: '\x96' (150)
Border value mismatch at (12,3) channel 1
]]></failure>
      <failure message="/home/cjxu/npp/test/unit/nppi/nppi_geometry_transforms/test_nppi_copyConstBorder.cpp:95&#x0A;Expected equality of these values:&#x0A;  dstData[dstIdx]&#x0A;    Which is: &apos;\0&apos;&#x0A;  borderValues[c]&#x0A;    Which is: &apos;\xC8&apos; (200)&#x0A;Border value mismatch at (12,3) channel 2&#x0A;" type=""><![CDATA[/home/cjxu/npp/test/unit/nppi/nppi_geometry_transforms/test_nppi_copyConstBorder.cpp:95
Expected equality of these values:
  dstData[dstIdx]
    Which is: '\0'
  borderValues[c]
    Which is: '\xC8' (200)
Border value mismatch at (12,3) channel 2
]]></failure>
      <failure message="/home/cjxu/npp/test/unit/nppi/nppi_geometry_transforms/test_nppi_copyConstBorder.cpp:95&#x0A;Expected equality of these values:&#x0A;  dstData[dstIdx]&#x0A;    Which is: &apos;\0&apos;&#x0A;  borderValues[c]&#x0A;    Which is: &apos;d&apos; (100, 0x64)&#x0A;Border value mismatch at (13,3) channel 0&#x0A;" type=""><![CDATA[/home/cjxu/npp/test/unit/nppi/nppi_geometry_transforms/test_nppi_copyConstBorder.cpp:95
Expected equality of these values:
  dstData[dstIdx]
    Which is: '\0'
  borderValues[c]
    Which is: 'd' (100, 0x64)
Border value mismatch at (13,3) channel 0
]]></failure>
      <failure message="/home/cjxu/npp/test/unit/nppi/nppi_geometry_transforms/test_nppi_copyConstBorder.cpp:95&#x0A;Expected equality of these values:&#x0A;  dstData[dstIdx]&#x0A;    Which is: &apos;\0&apos;&#x0A;  borderValues[c]&#x0A;    Which is: &apos;\x96&apos; (150)&#x0A;Border value mismatch at (13,3) channel 1&#x0A;" type=""><![CDATA[/home/cjxu/npp/test/unit/nppi/nppi_geometry_transforms/test_nppi_copyConstBorder.cpp:95
Expected equality of these values:
  dstData[dstIdx]
    Which is: '\0'
  borderValues[c]
    Which is: '\x96' (150)
Border value mismatch at (13,3) channel 1
]]></failure>
      <failure message="/home/cjxu/npp/test/unit/nppi/nppi_geometry_transforms/test_nppi_copyConstBorder.cpp:95&#x0A;Expected equality of these values:&#x0A;  dstData[dstIdx]&#x0A;    Which is: &apos;\0&apos;&#x0A;  borderValues[c]&#x0A;    Which is: &apos;\xC8&apos; (200)&#x0A;Border value mismatch at (13,3) channel 2&#x0A;" type=""><![CDATA[/home/cjxu/npp/test/unit/nppi/nppi_geometry_transforms/test_nppi_copyConstBorder.cpp:95
Expected equality of these values:
  dstData[dstIdx]
    Which is: '\0'
  borderValues[c]
    Which is: '\xC8' (200)
Border value mismatch at (13,3) channel 2
]]></failure>
      <failure message="/home/cjxu/npp/test/unit/nppi/nppi_geometry_transforms/test_nppi_copyConstBorder.cpp:95&#x0A;Expected equality of these values:&#x0A;  dstData[dstIdx]&#x0A;    Which is: &apos;\0&apos;&#x0A;  borderValues[c]&#x0A;    Which is: &apos;d&apos; (100, 0x64)&#x0A;Border value mismatch at (14,3) channel 0&#x0A;" type=""><![CDATA[/home/cjxu/npp/test/unit/nppi/nppi_geometry_transforms/test_nppi_copyConstBorder.cpp:95
Expected equality of these values:
  dstData[dstIdx]
    Which is: '\0'
  borderValues[c]
    Which is: 'd' (100, 0x64)
Border value mismatch at (14,3) channel 0
]]></failure>
      <failure message="/home/cjxu/npp/test/unit/nppi/nppi_geometry_transforms/test_nppi_copyConstBorder.cpp:95&#x0A;Expected equality of these values:&#x0A;  dstData[dstIdx]&#x0A;    Which is: &apos;\0&apos;&#x0A;  borderValues[c]&#x0A;    Which is: &apos;\x96&apos; (150)&#x0A;Border value mismatch at (14,3) channel 1&#x0A;" type=""><![CDATA[/home/cjxu/npp/test/unit/nppi/nppi_geometry_transforms/test_nppi_copyConstBorder.cpp:95
Expected equality of these values:
  dstData[dstIdx]
    Which is: '\0'
  borderValues[c]
    Which is: '\x96' (150)
Border value mismatch at (14,3) channel 1
]]></failure>
      <failure message="/home/cjxu/npp/test/unit/nppi/nppi_geometry_transforms/test_nppi_copyConstBorder.cpp:95&#x0A;Expected equality of these values:&#x0A;  dstData[dstIdx]&#x0A;    Which is: &apos;\0&apos;&#x0A;  borderValues[c]&#x0A;    Which is: &apos;\xC8&apos; (200)&#x0A;Border value mismatch at (14,3) channel 2&#x0A;" type=""><![CDATA[/home/cjxu/npp/test/unit/nppi/nppi_geometry_transforms/test_nppi_copyConstBorder.cpp:95
Expected equality of these values:
  dstData[dstIdx]
    Which is: '\0'
  borderValues[c]
    Which is: '\xC8' (200)
Border value mismatch at (14,3) channel 2
]]></failure>
      <failure message="/home/cjxu/npp/test/unit/nppi/nppi_geometry_transforms/test_nppi_copyConstBorder.cpp:95&#x0A;Expected equality of these values:&#x0A;  dstData[dstIdx]&#x0A;    Which is: &apos;\0&apos;&#x0A;  borderValues[c]&#x0A;    Which is: &apos;d&apos; (100, 0x64)&#x0A;Border value mismatch at (15,3) channel 0&#x0A;" type=""><![CDATA[/home/cjxu/npp/test/unit/nppi/nppi_geometry_transforms/test_nppi_copyConstBorder.cpp:95
Expected equality of these values:
  dstData[dstIdx]
    Which is: '\0'
  borderValues[c]
    Which is: 'd' (100, 0x64)
Border value mismatch at (15,3) channel 0
]]></failure>
      <failure message="/home/cjxu/npp/test/unit/nppi/nppi_geometry_transforms/test_nppi_copyConstBorder.cpp:95&#x0A;Expected equality of these values:&#x0A;  dstData[dstIdx]&#x0A;    Which is: &apos;\0&apos;&#x0A;  borderValues[c]&#x0A;    Which is: &apos;\x96&apos; (150)&#x0A;Border value mismatch at (15,3) channel 1&#x0A;" type=""><![CDATA[/home/cjxu/npp/test/unit/nppi/nppi_geometry_transforms/test_nppi_copyConstBorder.cpp:95
Expected equality of these values:
  dstData[dstIdx]
    Which is: '\0'
  borderValues[c]
    Which is: '\x96' (150)
Border value mismatch at (15,3) channel 1
]]></failure>
      <failure message="/home/cjxu/npp/test/unit/nppi/nppi_geometry_transforms/test_nppi_copyConstBorder.cpp:95&#x0A;Expected equality of these values:&#x0A;  dstData[dstIdx]&#x0A;    Which is: &apos;\0&apos;&#x0A;  borderValues[c]&#x0A;    Which is: &apos;\xC8&apos; (200)&#x0A;Border value mismatch at (15,3) channel 2&#x0A;" type=""><![CDATA[/home/cjxu/npp/test/unit/nppi/nppi_geometry_transforms/test_nppi_copyConstBorder.cpp:95
Expected equality of these values:
  dstData[dstIdx]
    Which is: '\0'
  borderValues[c]
    Which is: '\xC8' (200)
Border value mismatch at (15,3) channel 2
]]></failure>
      <failure message="/home/cjxu/npp/test/unit/nppi/nppi_geometry_transforms/test_nppi_copyConstBorder.cpp:95&#x0A;Expected equality of these values:&#x0A;  dstData[dstIdx]&#x0A;    Which is: &apos;\0&apos;&#x0A;  borderValues[c]&#x0A;    Which is: &apos;d&apos; (100, 0x64)&#x0A;Border value mismatch at (16,3) channel 0&#x0A;" type=""><![CDATA[/home/cjxu/npp/test/unit/nppi/nppi_geometry_transforms/test_nppi_copyConstBorder.cpp:95
Expected equality of these values:
  dstData[dstIdx]
    Which is: '\0'
  borderValues[c]
    Which is: 'd' (100, 0x64)
Border value mismatch at (16,3) channel 0
]]></failure>
      <failure message="/home/cjxu/npp/test/unit/nppi/nppi_geometry_transforms/test_nppi_copyConstBorder.cpp:95&#x0A;Expected equality of these values:&#x0A;  dstData[dstIdx]&#x0A;    Which is: &apos;\0&apos;&#x0A;  borderValues[c]&#x0A;    Which is: &apos;\x96&apos; (150)&#x0A;Border value mismatch at (16,3) channel 1&#x0A;" type=""><![CDATA[/home/cjxu/npp/test/unit/nppi/nppi_geometry_transforms/test_nppi_copyConstBorder.cpp:95
Expected equality of these values:
  dstData[dstIdx]
    Which is: '\0'
  borderValues[c]
    Which is: '\x96' (150)
Border value mismatch at (16,3) channel 1
]]></failure>
      <failure message="/home/cjxu/npp/test/unit/nppi/nppi_geometry_transforms/test_nppi_copyConstBorder.cpp:95&#x0A;Expected equality of these values:&#x0A;  dstData[dstIdx]&#x0A;    Which is: &apos;\0&apos;&#x0A;  borderValues[c]&#x0A;    Which is: &apos;\xC8&apos; (200)&#x0A;Border value mismatch at (16,3) channel 2&#x0A;" type=""><![CDATA[/home/cjxu/npp/test/unit/nppi/nppi_geometry_transforms/test_nppi_copyConstBorder.cpp:95
Expected equality of these values:
  dstData[dstIdx]
    Which is: '\0'
  borderValues[c]
    Which is: '\xC8' (200)
Border value mismatch at (16,3) channel 2
]]></failure>
      <failure message="/home/cjxu/npp/test/unit/nppi/nppi_geometry_transforms/test_nppi_copyConstBorder.cpp:95&#x0A;Expected equality of these values:&#x0A;  dstData[dstIdx]&#x0A;    Which is: &apos;\0&apos;&#x0A;  borderValues[c]&#x0A;    Which is: &apos;d&apos; (100, 0x64)&#x0A;Border value mismatch at (17,3) channel 0&#x0A;" type=""><![CDATA[/home/cjxu/npp/test/unit/nppi/nppi_geometry_transforms/test_nppi_copyConstBorder.cpp:95
Expected equality of these values:
  dstData[dstIdx]
    Which is: '\0'
  borderValues[c]
    Which is: 'd' (100, 0x64)
Border value mismatch at (17,3) channel 0
]]></failure>
      <failure message="/home/cjxu/npp/test/unit/nppi/nppi_geometry_transforms/test_nppi_copyConstBorder.cpp:95&#x0A;Expected equality of these values:&#x0A;  dstData[dstIdx]&#x0A;    Which is: &apos;\0&apos;&#x0A;  borderValues[c]&#x0A;    Which is: &apos;\x96&apos; (150)&#x0A;Border value mismatch at (17,3) channel 1&#x0A;" type=""><![CDATA[/home/cjxu/npp/test/unit/nppi/nppi_geometry_transforms/test_nppi_copyConstBorder.cpp:95
Expected equality of these values:
  dstData[dstIdx]
    Which is: '\0'
  borderValues[c]
    Which is: '\x96' (150)
Border value mismatch at (17,3) channel 1
]]></failure>
      <failure message="/home/cjxu/npp/test/unit/nppi/nppi_geometry_transforms/test_nppi_copyConstBorder.cpp:95&#x0A;Expected equality of these values:&#x0A;  dstData[dstIdx]&#x0A;    Which is: &apos;\0&apos;&#x0A;  borderValues[c]&#x0A;    Which is: &apos;\xC8&apos; (200)&#x0A;Border value mismatch at (17,3) channel 2&#x0A;" type=""><![CDATA[/home/cjxu/npp/test/unit/nppi/nppi_geometry_transforms/test_nppi_copyConstBorder.cpp:95
Expected equality of these values:
  dstData[dstIdx]
    Which is: '\0'
  borderValues[c]
    Which is: '\xC8' (200)
Border value mismatch at (17,3) channel 2
]]></failure>
      <failure message="/home/cjxu/npp/test/unit/nppi/nppi_geometry_transforms/test_nppi_copyConstBorder.cpp:95&#x0A;Expected equality of these values:&#x0A;  dstData[dstIdx]&#x0A;    Which is: &apos;\0&apos;&#x0A;  borderValues[c]&#x0A;    Which is: &apos;d&apos; (100, 0x64)&#x0A;Border value mismatch at (18,3) channel 0&#x0A;" type=""><![CDATA[/home/cjxu/npp/test/unit/nppi/nppi_geometry_transforms/test_nppi_copyConstBorder.cpp:95
Expected equality of these values:
  dstData[dstIdx]
    Which is: '\0'
  borderValues[c]
    Which is: 'd' (100, 0x64)
Border value mismatch at (18,3) channel 0
]]></failure>
      <failure message="/home/cjxu/npp/test/unit/nppi/nppi_geometry_transforms/test_nppi_copyConstBorder.cpp:95&#x0A;Expected equality of these values:&#x0A;  dstData[dstIdx]&#x0A;    Which is: &apos;\0&apos;&#x0A;  borderValues[c]&#x0A;    Which is: &apos;\x96&apos; (150)&#x0A;Border value mismatch at (18,3) channel 1&#x0A;" type=""><![CDATA[/home/cjxu/npp/test/unit/nppi/nppi_geometry_transforms/test_nppi_copyConstBorder.cpp:95
Expected equality of these values:
  dstData[dstIdx]
    Which is: '\0'
  borderValues[c]
    Which is: '\x96' (150)
Border value mismatch at (18,3) channel 1
]]></failure>
      <failure message="/home/cjxu/npp/test/unit/nppi/nppi_geometry_transforms/test_nppi_copyConstBorder.cpp:95&#x0A;Expected equality of these values:&#x0A;  dstData[dstIdx]&#x0A;    Which is: &apos;\0&apos;&#x0A;  borderValues[c]&#x0A;    Which is: &apos;\xC8&apos; (200)&#x0A;Border value mismatch at (18,3) channel 2&#x0A;" type=""><![CDATA[/home/cjxu/npp/test/unit/nppi/nppi_geometry_transforms/test_nppi_copyConstBorder.cpp:95
Expected equality of these values:
  dstData[dstIdx]
    Which is: '\0'
  borderValues[c]
    Which is: '\xC8' (200)
Border value mismatch at (18,3) channel 2
]]></failure>
      <failure message="/home/cjxu/npp/test/unit/nppi/nppi_geometry_transforms/test_nppi_copyConstBorder.cpp:95&#x0A;Expected equality of these values:&#x0A;  dstData[dstIdx]&#x0A;    Which is: &apos;\0&apos;&#x0A;  borderValues[c]&#x0A;    Which is: &apos;d&apos; (100, 0x64)&#x0A;Border value mismatch at (19,3) channel 0&#x0A;" type=""><![CDATA[/home/cjxu/npp/test/unit/nppi/nppi_geometry_transforms/test_nppi_copyConstBorder.cpp:95
Expected equality of these values:
  dstData[dstIdx]
    Which is: '\0'
  borderValues[c]
    Which is: 'd' (100, 0x64)
Border value mismatch at (19,3) channel 0
]]></failure>
      <failure message="/home/cjxu/npp/test/unit/nppi/nppi_geometry_transforms/test_nppi_copyConstBorder.cpp:95&#x0A;Expected equality of these values:&#x0A;  dstData[dstIdx]&#x0A;    Which is: &apos;\0&apos;&#x0A;  borderValues[c]&#x0A;    Which is: &apos;\x96&apos; (150)&#x0A;Border value mismatch at (19,3) channel 1&#x0A;" type=""><![CDATA[/home/cjxu/npp/test/unit/nppi/nppi_geometry_transforms/test_nppi_copyConstBorder.cpp:95
Expected equality of these values:
  dstData[dstIdx]
    Which is: '\0'
  borderValues[c]
    Which is: '\x96' (150)
Border value mismatch at (19,3) channel 1
]]></failure>
      <failure message="/home/cjxu/npp/test/unit/nppi/nppi_geometry_transforms/test_nppi_copyConstBorder.cpp:95&#x0A;Expected equality of these values:&#x0A;  dstData[dstIdx]&#x0A;    Which is: &apos;\0&apos;&#x0A;  borderValues[c]&#x0A;    Which is: &apos;\xC8&apos; (200)&#x0A;Border value mismatch at (19,3) channel 2&#x0A;" type=""><![CDATA[/home/cjxu/npp/test/unit/nppi/nppi_geometry_transforms/test_nppi_copyConstBorder.cpp:95
Expected equality of these values:
  dstData[dstIdx]
    Which is: '\0'
  borderValues[c]
    Which is: '\xC8' (200)
Border value mismatch at (19,3) channel 2
]]></failure>
      <failure message="/home/cjxu/npp/test/unit/nppi/nppi_geometry_transforms/test_nppi_copyConstBorder.cpp:95&#x0A;Expected equality of these values:&#x0A;  dstData[dstIdx]&#x0A;    Which is: &apos;\0&apos;&#x0A;  borderValues[c]&#x0A;    Which is: &apos;d&apos; (100, 0x64)&#x0A;Border value mismatch at (20,3) channel 0&#x0A;" type=""><![CDATA[/home/cjxu/npp/test/unit/nppi/nppi_geometry_transforms/test_nppi_copyConstBorder.cpp:95
Expected equality of these values:
  dstData[dstIdx]
    Which is: '\0'
  borderValues[c]
    Which is: 'd' (100, 0x64)
Border value mismatch at (20,3) channel 0
]]></failure>
      <failure message="/home/cjxu/npp/test/unit/nppi/nppi_geometry_transforms/test_nppi_copyConstBorder.cpp:95&#x0A;Expected equality of these values:&#x0A;  dstData[dstIdx]&#x0A;    Which is: &apos;\0&apos;&#x0A;  borderValues[c]&#x0A;    Which is: &apos;\x96&apos; (150)&#x0A;Border value mismatch at (20,3) channel 1&#x0A;" type=""><![CDATA[/home/cjxu/npp/test/unit/nppi/nppi_geometry_transforms/test_nppi_copyConstBorder.cpp:95
Expected equality of these values:
  dstData[dstIdx]
    Which is: '\0'
  borderValues[c]
    Which is: '\x96' (150)
Border value mismatch at (20,3) channel 1
]]></failure>
      <failure message="/home/cjxu/npp/test/unit/nppi/nppi_geometry_transforms/test_nppi_copyConstBorder.cpp:95&#x0A;Expected equality of these values:&#x0A;  dstData[dstIdx]&#x0A;    Which is: &apos;\0&apos;&#x0A;  borderValues[c]&#x0A;    Which is: &apos;\xC8&apos; (200)&#x0A;Border value mismatch at (20,3) channel 2&#x0A;" type=""><![CDATA[/home/cjxu/npp/test/unit/nppi/nppi_geometry_transforms/test_nppi_copyConstBorder.cpp:95
Expected equality of these values:
  dstData[dstIdx]
    Which is: '\0'
  borderValues[c]
    Which is: '\xC8' (200)
Border value mismatch at (20,3) channel 2
]]></failure>
      <failure message="/home/cjxu/npp/test/unit/nppi/nppi_geometry_transforms/test_nppi_copyConstBorder.cpp:95&#x0A;Expected equality of these values:&#x0A;  dstData[dstIdx]&#x0A;    Which is: &apos;\0&apos;&#x0A;  borderValues[c]&#x0A;    Which is: &apos;d&apos; (100, 0x64)&#x0A;Border value mismatch at (21,3) channel 0&#x0A;" type=""><![CDATA[/home/cjxu/npp/test/unit/nppi/nppi_geometry_transforms/test_nppi_copyConstBorder.cpp:95
Expected equality of these values:
  dstData[dstIdx]
    Which is: '\0'
  borderValues[c]
    Which is: 'd' (100, 0x64)
Border value mismatch at (21,3) channel 0
]]></failure>
      <failure message="/home/cjxu/npp/test/unit/nppi/nppi_geometry_transforms/test_nppi_copyConstBorder.cpp:95&#x0A;Expected equality of these values:&#x0A;  dstData[dstIdx]&#x0A;    Which is: &apos;\0&apos;&#x0A;  borderValues[c]&#x0A;    Which is: &apos;\x96&apos; (150)&#x0A;Border value mismatch at (21,3) channel 1&#x0A;" type=""><![CDATA[/home/cjxu/npp/test/unit/nppi/nppi_geometry_transforms/test_nppi_copyConstBorder.cpp:95
Expected equality of these values:
  dstData[dstIdx]
    Which is: '\0'
  borderValues[c]
    Which is: '\x96' (150)
Border value mismatch at (21,3) channel 1
]]></failure>
      <failure message="/home/cjxu/npp/test/unit/nppi/nppi_geometry_transforms/test_nppi_copyConstBorder.cpp:95&#x0A;Expected equality of these values:&#x0A;  dstData[dstIdx]&#x0A;    Which is: &apos;\0&apos;&#x0A;  borderValues[c]&#x0A;    Which is: &apos;\xC8&apos; (200)&#x0A;Border value mismatch at (21,3) channel 2&#x0A;" type=""><![CDATA[/home/cjxu/npp/test/unit/nppi/nppi_geometry_transforms/test_nppi_copyConstBorder.cpp:95
Expected equality of these values:
  dstData[dstIdx]
    Which is: '\0'
  borderValues[c]
    Which is: '\xC8' (200)
Border value mismatch at (21,3) channel 2
]]></failure>
      <failure message="/home/cjxu/npp/test/unit/nppi/nppi_geometry_transforms/test_nppi_copyConstBorder.cpp:95&#x0A;Expected equality of these values:&#x0A;  dstData[dstIdx]&#x0A;    Which is: &apos;\0&apos;&#x0A;  borderValues[c]&#x0A;    Which is: &apos;d&apos; (100, 0x64)&#x0A;Border value mismatch at (22,3) channel 0&#x0A;" type=""><![CDATA[/home/cjxu/npp/test/unit/nppi/nppi_geometry_transforms/test_nppi_copyConstBorder.cpp:95
Expected equality of these values:
  dstData[dstIdx]
    Which is: '\0'
  borderValues[c]
    Which is: 'd' (100, 0x64)
Border value mismatch at (22,3) channel 0
]]></failure>
      <failure message="/home/cjxu/npp/test/unit/nppi/nppi_geometry_transforms/test_nppi_copyConstBorder.cpp:95&#x0A;Expected equality of these values:&#x0A;  dstData[dstIdx]&#x0A;    Which is: &apos;\0&apos;&#x0A;  borderValues[c]&#x0A;    Which is: &apos;\x96&apos; (150)&#x0A;Border value mismatch at (22,3) channel 1&#x0A;" type=""><![CDATA[/home/cjxu/npp/test/unit/nppi/nppi_geometry_transforms/test_nppi_copyConstBorder.cpp:95
Expected equality of these values:
  dstData[dstIdx]
    Which is: '\0'
  borderValues[c]
    Which is: '\x96' (150)
Border value mismatch at (22,3) channel 1
]]></failure>
      <failure message="/home/cjxu/npp/test/unit/nppi/nppi_geometry_transforms/test_nppi_copyConstBorder.cpp:95&#x0A;Expected equality of these values:&#x0A;  dstData[dstIdx]&#x0A;    Which is: &apos;\0&apos;&#x0A;  borderValues[c]&#x0A;    Which is: &apos;\xC8&apos; (200)&#x0A;Border value mismatch at (22,3) channel 2&#x0A;" type=""><![CDATA[/home/cjxu/npp/test/unit/nppi/nppi_geometry_transforms/test_nppi_copyConstBorder.cpp:95
Expected equality of these values:
  dstData[dstIdx]
    Which is: '\0'
  borderValues[c]
    Which is: '\xC8' (200)
Border value mismatch at (22,3) channel 2
]]></failure>
      <failure message="/home/cjxu/npp/test/unit/nppi/nppi_geometry_transforms/test_nppi_copyConstBorder.cpp:95&#x0A;Expected equality of these values:&#x0A;  dstData[dstIdx]&#x0A;    Which is: &apos;\0&apos;&#x0A;  borderValues[c]&#x0A;    Which is: &apos;d&apos; (100, 0x64)&#x0A;Border value mismatch at (23,3) channel 0&#x0A;" type=""><![CDATA[/home/cjxu/npp/test/unit/nppi/nppi_geometry_transforms/test_nppi_copyConstBorder.cpp:95
Expected equality of these values:
  dstData[dstIdx]
    Which is: '\0'
  borderValues[c]
    Which is: 'd' (100, 0x64)
Border value mismatch at (23,3) channel 0
]]></failure>
      <failure message="/home/cjxu/npp/test/unit/nppi/nppi_geometry_transforms/test_nppi_copyConstBorder.cpp:95&#x0A;Expected equality of these values:&#x0A;  dstData[dstIdx]&#x0A;    Which is: &apos;\0&apos;&#x0A;  borderValues[c]&#x0A;    Which is: &apos;\x96&apos; (150)&#x0A;Border value mismatch at (23,3) channel 1&#x0A;" type=""><![CDATA[/home/cjxu/npp/test/unit/nppi/nppi_geometry_transforms/test_nppi_copyConstBorder.cpp:95
Expected equality of these values:
  dstData[dstIdx]
    Which is: '\0'
  borderValues[c]
    Which is: '\x96' (150)
Border value mismatch at (23,3) channel 1
]]></failure>
      <failure message="/home/cjxu/npp/test/unit/nppi/nppi_geometry_transforms/test_nppi_copyConstBorder.cpp:95&#x0A;Expected equality of these values:&#x0A;  dstData[dstIdx]&#x0A;    Which is: &apos;\0&apos;&#x0A;  borderValues[c]&#x0A;    Which is: &apos;\xC8&apos; (200)&#x0A;Border value mismatch at (23,3) channel 2&#x0A;" type=""><![CDATA[/home/cjxu/npp/test/unit/nppi/nppi_geometry_transforms/test_nppi_copyConstBorder.cpp:95
Expected equality of these values:
  dstData[dstIdx]
    Which is: '\0'
  borderValues[c]
    Which is: '\xC8' (200)
Border value mismatch at (23,3) channel 2
]]></failure>
      <failure message="/home/cjxu/npp/test/unit/nppi/nppi_geometry_transforms/test_nppi_copyConstBorder.cpp:95&#x0A;Expected equality of these values:&#x0A;  dstData[dstIdx]&#x0A;    Which is: &apos;\0&apos;&#x0A;  borderValues[c]&#x0A;    Which is: &apos;d&apos; (100, 0x64)&#x0A;Border value mismatch at (0,4) channel 0&#x0A;" type=""><![CDATA[/home/cjxu/npp/test/unit/nppi/nppi_geometry_transforms/test_nppi_copyConstBorder.cpp:95
Expected equality of these values:
  dstData[dstIdx]
    Which is: '\0'
  borderValues[c]
    Which is: 'd' (100, 0x64)
Border value mismatch at (0,4) channel 0
]]></failure>
      <failure message="/home/cjxu/npp/test/unit/nppi/nppi_geometry_transforms/test_nppi_copyConstBorder.cpp:95&#x0A;Expected equality of these values:&#x0A;  dstData[dstIdx]&#x0A;    Which is: &apos;\0&apos;&#x0A;  borderValues[c]&#x0A;    Which is: &apos;\x96&apos; (150)&#x0A;Border value mismatch at (0,4) channel 1&#x0A;" type=""><![CDATA[/home/cjxu/npp/test/unit/nppi/nppi_geometry_transforms/test_nppi_copyConstBorder.cpp:95
Expected equality of these values:
  dstData[dstIdx]
    Which is: '\0'
  borderValues[c]
    Which is: '\x96' (150)
Border value mismatch at (0,4) channel 1
]]></failure>
      <failure message="/home/cjxu/npp/test/unit/nppi/nppi_geometry_transforms/test_nppi_copyConstBorder.cpp:95&#x0A;Expected equality of these values:&#x0A;  dstData[dstIdx]&#x0A;    Which is: &apos;\0&apos;&#x0A;  borderValues[c]&#x0A;    Which is: &apos;\xC8&apos; (200)&#x0A;Border value mismatch at (0,4) channel 2&#x0A;" type=""><![CDATA[/home/cjxu/npp/test/unit/nppi/nppi_geometry_transforms/test_nppi_copyConstBorder.cpp:95
Expected equality of these values:
  dstData[dstIdx]
    Which is: '\0'
  borderValues[c]
    Which is: '\xC8' (200)
Border value mismatch at (0,4) channel 2
]]></failure>
      <failure message="/home/cjxu/npp/test/unit/nppi/nppi_geometry_transforms/test_nppi_copyConstBorder.cpp:95&#x0A;Expected equality of these values:&#x0A;  dstData[dstIdx]&#x0A;    Which is: &apos;\0&apos;&#x0A;  borderValues[c]&#x0A;    Which is: &apos;d&apos; (100, 0x64)&#x0A;Border value mismatch at (1,4) channel 0&#x0A;" type=""><![CDATA[/home/cjxu/npp/test/unit/nppi/nppi_geometry_transforms/test_nppi_copyConstBorder.cpp:95
Expected equality of these values:
  dstData[dstIdx]
    Which is: '\0'
  borderValues[c]
    Which is: 'd' (100, 0x64)
Border value mismatch at (1,4) channel 0
]]></failure>
      <failure message="/home/cjxu/npp/test/unit/nppi/nppi_geometry_transforms/test_nppi_copyConstBorder.cpp:95&#x0A;Expected equality of these values:&#x0A;  dstData[dstIdx]&#x0A;    Which is: &apos;\0&apos;&#x0A;  borderValues[c]&#x0A;    Which is: &apos;\x96&apos; (150)&#x0A;Border value mismatch at (1,4) channel 1&#x0A;" type=""><![CDATA[/home/cjxu/npp/test/unit/nppi/nppi_geometry_transforms/test_nppi_copyConstBorder.cpp:95
Expected equality of these values:
  dstData[dstIdx]
    Which is: '\0'
  borderValues[c]
    Which is: '\x96' (150)
Border value mismatch at (1,4) channel 1
]]></failure>
      <failure message="/home/cjxu/npp/test/unit/nppi/nppi_geometry_transforms/test_nppi_copyConstBorder.cpp:95&#x0A;Expected equality of these values:&#x0A;  dstData[dstIdx]&#x0A;    Which is: &apos;\0&apos;&#x0A;  borderValues[c]&#x0A;    Which is: &apos;\xC8&apos; (200)&#x0A;Border value mismatch at (1,4) channel 2&#x0A;" type=""><![CDATA[/home/cjxu/npp/test/unit/nppi/nppi_geometry_transforms/test_nppi_copyConstBorder.cpp:95
Expected equality of these values:
  dstData[dstIdx]
    Which is: '\0'
  borderValues[c]
    Which is: '\xC8' (200)
Border value mismatch at (1,4) channel 2
]]></failure>
      <failure message="/home/cjxu/npp/test/unit/nppi/nppi_geometry_transforms/test_nppi_copyConstBorder.cpp:95&#x0A;Expected equality of these values:&#x0A;  dstData[dstIdx]&#x0A;    Which is: &apos;\0&apos;&#x0A;  borderValues[c]&#x0A;    Which is: &apos;d&apos; (100, 0x64)&#x0A;Border value mismatch at (2,4) channel 0&#x0A;" type=""><![CDATA[/home/cjxu/npp/test/unit/nppi/nppi_geometry_transforms/test_nppi_copyConstBorder.cpp:95
Expected equality of these values:
  dstData[dstIdx]
    Which is: '\0'
  borderValues[c]
    Which is: 'd' (100, 0x64)
Border value mismatch at (2,4) channel 0
]]></failure>
      <failure message="/home/cjxu/npp/test/unit/nppi/nppi_geometry_transforms/test_nppi_copyConstBorder.cpp:95&#x0A;Expected equality of these values:&#x0A;  dstData[dstIdx]&#x0A;    Which is: &apos;\0&apos;&#x0A;  borderValues[c]&#x0A;    Which is: &apos;\x96&apos; (150)&#x0A;Border value mismatch at (2,4) channel 1&#x0A;" type=""><![CDATA[/home/cjxu/npp/test/unit/nppi/nppi_geometry_transforms/test_nppi_copyConstBorder.cpp:95
Expected equality of these values:
  dstData[dstIdx]
    Which is: '\0'
  borderValues[c]
    Which is: '\x96' (150)
Border value mismatch at (2,4) channel 1
]]></failure>
      <failure message="/home/cjxu/npp/test/unit/nppi/nppi_geometry_transforms/test_nppi_copyConstBorder.cpp:95&#x0A;Expected equality of these values:&#x0A;  dstData[dstIdx]&#x0A;    Which is: &apos;\0&apos;&#x0A;  borderValues[c]&#x0A;    Which is: &apos;\xC8&apos; (200)&#x0A;Border value mismatch at (2,4) channel 2&#x0A;" type=""><![CDATA[/home/cjxu/npp/test/unit/nppi/nppi_geometry_transforms/test_nppi_copyConstBorder.cpp:95
Expected equality of these values:
  dstData[dstIdx]
    Which is: '\0'
  borderValues[c]
    Which is: '\xC8' (200)
Border value mismatch at (2,4) channel 2
]]></failure>
      <failure message="/home/cjxu/npp/test/unit/nppi/nppi_geometry_transforms/test_nppi_copyConstBorder.cpp:88&#x0A;Expected equality of these values:&#x0A;  dstData[dstIdx]&#x0A;    Which is: &apos;\0&apos;&#x0A;  srcData[srcIdx]&#x0A;    Which is: &apos;\xBB&apos; (187)&#x0A;Source copy mismatch at dst(3,4) channel 0&#x0A;" type=""><![CDATA[/home/cjxu/npp/test/unit/nppi/nppi_geometry_transforms/test_nppi_copyConstBorder.cpp:88
Expected equality of these values:
  dstData[dstIdx]
    Which is: '\0'
  srcData[srcIdx]
    Which is: '\xBB' (187)
Source copy mismatch at dst(3,4) channel 0
]]></failure>
      <failure message="/home/cjxu/npp/test/unit/nppi/nppi_geometry_transforms/test_nppi_copyConstBorder.cpp:88&#x0A;Expected equality of these values:&#x0A;  dstData[dstIdx]&#x0A;    Which is: &apos;\0&apos;&#x0A;  srcData[srcIdx]&#x0A;    Which is: &apos;\xC7&apos; (199)&#x0A;Source copy mismatch at dst(3,4) channel 1&#x0A;" type=""><![CDATA[/home/cjxu/npp/test/unit/nppi/nppi_geometry_transforms/test_nppi_copyConstBorder.cpp:88
Expected equality of these values:
  dstData[dstIdx]
    Which is: '\0'
  srcData[srcIdx]
    Which is: '\xC7' (199)
Source copy mismatch at dst(3,4) channel 1
]]></failure>
      <failure message="/home/cjxu/npp/test/unit/nppi/nppi_geometry_transforms/test_nppi_copyConstBorder.cpp:88&#x0A;Expected equality of these values:&#x0A;  dstData[dstIdx]&#x0A;    Which is: &apos;\0&apos;&#x0A;  srcData[srcIdx]&#x0A;    Which is: &apos;A&apos; (65, 0x41)&#x0A;Source copy mismatch at dst(3,4) channel 2&#x0A;" type=""><![CDATA[/home/cjxu/npp/test/unit/nppi/nppi_geometry_transforms/test_nppi_copyConstBorder.cpp:88
Expected equality of these values:
  dstData[dstIdx]
    Which is: '\0'
  srcData[srcIdx]
    Which is: 'A' (65, 0x41)
Source copy mismatch at dst(3,4) channel 2
]]></failure>
      <failure message="/home/cjxu/npp/test/unit/nppi/nppi_geometry_transforms/test_nppi_copyConstBorder.cpp:88&#x0A;Expected equality of these values:&#x0A;  dstData[dstIdx]&#x0A;    Which is: &apos;\0&apos;&#x0A;  srcData[srcIdx]&#x0A;    Which is: &apos;\xCA&apos; (202)&#x0A;Source copy mismatch at dst(4,4) channel 0&#x0A;" type=""><![CDATA[/home/cjxu/npp/test/unit/nppi/nppi_geometry_transforms/test_nppi_copyConstBorder.cpp:88
Expected equality of these values:
  dstData[dstIdx]
    Which is: '\0'
  srcData[srcIdx]
    Which is: '\xCA' (202)
Source copy mismatch at dst(4,4) channel 0
]]></failure>
      <failure message="/home/cjxu/npp/test/unit/nppi/nppi_geometry_transforms/test_nppi_copyConstBorder.cpp:88&#x0A;Expected equality of these values:&#x0A;  dstData[dstIdx]&#x0A;    Which is: &apos;\0&apos;&#x0A;  srcData[srcIdx]&#x0A;    Which is: &apos;\x96&apos; (150)&#x0A;Source copy mismatch at dst(4,4) channel 1&#x0A;" type=""><![CDATA[/home/cjxu/npp/test/unit/nppi/nppi_geometry_transforms/test_nppi_copyConstBorder.cpp:88
Expected equality of these values:
  dstData[dstIdx]
    Which is: '\0'
  srcData[srcIdx]
    Which is: '\x96' (150)
Source copy mismatch at dst(4,4) channel 1
]]></failure>
      <failure message="/home/cjxu/npp/test/unit/nppi/nppi_geometry_transforms/test_nppi_copyConstBorder.cpp:88&#x0A;Expected equality of these values:&#x0A;  dstData[dstIdx]&#x0A;    Which is: &apos;\0&apos;&#x0A;  srcData[srcIdx]&#x0A;    Which is: &apos;\x94&apos; (148)&#x0A;Source copy mismatch at dst(4,4) channel 2&#x0A;" type=""><![CDATA[/home/cjxu/npp/test/unit/nppi/nppi_geometry_transforms/test_nppi_copyConstBorder.cpp:88
Expected equality of these values:
  dstData[dstIdx]
    Which is: '\0'
  srcData[srcIdx]
    Which is: '\x94' (148)
Source copy mismatch at dst(4,4) channel 2
]]></failure>
      <failure message="/home/cjxu/npp/test/unit/nppi/nppi_geometry_transforms/test_nppi_copyConstBorder.cpp:88&#x0A;Expected equality of these values:&#x0A;  dstData[dstIdx]&#x0A;    Which is: &apos;\0&apos;&#x0A;  srcData[srcIdx]&#x0A;    Which is: &apos;\x85&apos; (133)&#x0A;Source copy mismatch at dst(5,4) channel 0&#x0A;" type=""><![CDATA[/home/cjxu/npp/test/unit/nppi/nppi_geometry_transforms/test_nppi_copyConstBorder.cpp:88
Expected equality of these values:
  dstData[dstIdx]
    Which is: '\0'
  srcData[srcIdx]
    Which is: '\x85' (133)
Source copy mismatch at dst(5,4) channel 0
]]></failure>
      <failure message="/home/cjxu/npp/test/unit/nppi/nppi_geometry_transforms/test_nppi_copyConstBorder.cpp:88&#x0A;Expected equality of these values:&#x0A;  dstData[dstIdx]&#x0A;    Which is: &apos;\0&apos;&#x0A;  srcData[srcIdx]&#x0A;    Which is: &apos;\\&apos; (92, 0x5C)&#x0A;Source copy mismatch at dst(5,4) channel 1&#x0A;" type=""><![CDATA[/home/cjxu/npp/test/unit/nppi/nppi_geometry_transforms/test_nppi_copyConstBorder.cpp:88
Expected equality of these values:
  dstData[dstIdx]
    Which is: '\0'
  srcData[srcIdx]
    Which is: '\\' (92, 0x5C)
Source copy mismatch at dst(5,4) channel 1
]]></failure>
      <failure message="/home/cjxu/npp/test/unit/nppi/nppi_geometry_transforms/test_nppi_copyConstBorder.cpp:88&#x0A;Expected equality of these values:&#x0A;  dstData[dstIdx]&#x0A;    Which is: &apos;\0&apos;&#x0A;  srcData[srcIdx]&#x0A;    Which is: &apos;\x1F&apos; (31)&#x0A;Source copy mismatch at dst(5,4) channel 2&#x0A;" type=""><![CDATA[/home/cjxu/npp/test/unit/nppi/nppi_geometry_transforms/test_nppi_copyConstBorder.cpp:88
Expected equality of these values:
  dstData[dstIdx]
    Which is: '\0'
  srcData[srcIdx]
    Which is: '\x1F' (31)
Source copy mismatch at dst(5,4) channel 2
]]></failure>
      <failure message="/home/cjxu/npp/test/unit/nppi/nppi_geometry_transforms/test_nppi_copyConstBorder.cpp:88&#x0A;Expected equality of these values:&#x0A;  dstData[dstIdx]&#x0A;    Which is: &apos;\0&apos;&#x0A;  srcData[srcIdx]&#x0A;    Which is: &apos;\xEE&apos; (238)&#x0A;Source copy mismatch at dst(6,4) channel 0&#x0A;" type=""><![CDATA[/home/cjxu/npp/test/unit/nppi/nppi_geometry_transforms/test_nppi_copyConstBorder.cpp:88
Expected equality of these values:
  dstData[dstIdx]
    Which is: '\0'
  srcData[srcIdx]
    Which is: '\xEE' (238)
Source copy mismatch at dst(6,4) channel 0
]]></failure>
      <failure message="/home/cjxu/npp/test/unit/nppi/nppi_geometry_transforms/test_nppi_copyConstBorder.cpp:88&#x0A;Expected equality of these values:&#x0A;  dstData[dstIdx]&#x0A;    Which is: &apos;\0&apos;&#x0A;  srcData[srcIdx]&#x0A;    Which is: &apos;\x98&apos; (152)&#x0A;Source copy mismatch at dst(6,4) channel 1&#x0A;" type=""><![CDATA[/home/cjxu/npp/test/unit/nppi/nppi_geometry_transforms/test_nppi_copyConstBorder.cpp:88
Expected equality of these values:
  dstData[dstIdx]
    Which is: '\0'
  srcData[srcIdx]
    Which is: '\x98' (152)
Source copy mismatch at dst(6,4) channel 1
]]></failure>
      <failure message="/home/cjxu/npp/test/unit/nppi/nppi_geometry_transforms/test_nppi_copyConstBorder.cpp:88&#x0A;Expected equality of these values:&#x0A;  dstData[dstIdx]&#x0A;    Which is: &apos;\0&apos;&#x0A;  srcData[srcIdx]&#x0A;    Which is: &apos;\xE8&apos; (232)&#x0A;Source copy mismatch at dst(6,4) channel 2&#x0A;" type=""><![CDATA[/home/cjxu/npp/test/unit/nppi/nppi_geometry_transforms/test_nppi_copyConstBorder.cpp:88
Expected equality of these values:
  dstData[dstIdx]
    Which is: '\0'
  srcData[srcIdx]
    Which is: '\xE8' (232)
Source copy mismatch at dst(6,4) channel 2
]]></failure>
      <failure message="/home/cjxu/npp/test/unit/nppi/nppi_geometry_transforms/test_nppi_copyConstBorder.cpp:88&#x0A;Expected equality of these values:&#x0A;  dstData[dstIdx]&#x0A;    Which is: &apos;\0&apos;&#x0A;  srcData[srcIdx]&#x0A;    Which is: &apos;\x15&apos; (21)&#x0A;Source copy mismatch at dst(7,4) channel 0&#x0A;" type=""><![CDATA[/home/cjxu/npp/test/unit/nppi/nppi_geometry_transforms/test_nppi_copyConstBorder.cpp:88
Expected equality of these values:
  dstData[dstIdx]
    Which is: '\0'
  srcData[srcIdx]
    Which is: '\x15' (21)
Source copy mismatch at dst(7,4) channel 0
]]></failure>
      <failure message="/home/cjxu/npp/test/unit/nppi/nppi_geometry_transforms/test_nppi_copyConstBorder.cpp:88&#x0A;Expected equality of these values:&#x0A;  dstData[dstIdx]&#x0A;    Which is: &apos;\0&apos;&#x0A;  srcData[srcIdx]&#x0A;    Which is: &apos;\x86&apos; (134)&#x0A;Source copy mismatch at dst(7,4) channel 1&#x0A;" type=""><![CDATA[/home/cjxu/npp/test/unit/nppi/nppi_geometry_transforms/test_nppi_copyConstBorder.cpp:88
Expected equality of these values:
  dstData[dstIdx]
    Which is: '\0'
  srcData[srcIdx]
    Which is: '\x86' (134)
Source copy mismatch at dst(7,4) channel 1
]]></failure>
      <failure message="/home/cjxu/npp/test/unit/nppi/nppi_geometry_transforms/test_nppi_copyConstBorder.cpp:88&#x0A;Expected equality of these values:&#x0A;  dstData[dstIdx]&#x0A;    Which is: &apos;\0&apos;&#x0A;  srcData[srcIdx]&#x0A;    Which is: &apos;\x9F&apos; (159)&#x0A;Source copy mismatch at dst(8,4) channel 0&#x0A;" type=""><![CDATA[/home/cjxu/npp/test/unit/nppi/nppi_geometry_transforms/test_nppi_copyConstBorder.cpp:88
Expected equality of these values:
  dstData[dstIdx]
    Which is: '\0'
  srcData[srcIdx]
    Which is: '\x9F' (159)
Source copy mismatch at dst(8,4) channel 0
]]></failure>
      <failure message="/home/cjxu/npp/test/unit/nppi/nppi_geometry_transforms/test_nppi_copyConstBorder.cpp:88&#x0A;Expected equality of these values:&#x0A;  dstData[dstIdx]&#x0A;    Which is: &apos;\0&apos;&#x0A;  srcData[srcIdx]&#x0A;    Which is: &apos;K&apos; (75, 0x4B)&#x0A;Source copy mismatch at dst(8,4) channel 1&#x0A;" type=""><![CDATA[/home/cjxu/npp/test/unit/nppi/nppi_geometry_transforms/test_nppi_copyConstBorder.cpp:88
Expected equality of these values:
  dstData[dstIdx]
    Which is: '\0'
  srcData[srcIdx]
    Which is: 'K' (75, 0x4B)
Source copy mismatch at dst(8,4) channel 1
]]></failure>
      <failure message="/home/cjxu/npp/test/unit/nppi/nppi_geometry_transforms/test_nppi_copyConstBorder.cpp:88&#x0A;Expected equality of these values:&#x0A;  dstData[dstIdx]&#x0A;    Which is: &apos;\0&apos;&#x0A;  srcData[srcIdx]&#x0A;    Which is: &apos;E&apos; (69, 0x45)&#x0A;Source copy mismatch at dst(8,4) channel 2&#x0A;" type=""><![CDATA[/home/cjxu/npp/test/unit/nppi/nppi_geometry_transforms/test_nppi_copyConstBorder.cpp:88
Expected equality of these values:
  dstData[dstIdx]
    Which is: '\0'
  srcData[srcIdx]
    Which is: 'E' (69, 0x45)
Source copy mismatch at dst(8,4) channel 2
]]></failure>
      <failure message="/home/cjxu/npp/test/unit/nppi/nppi_geometry_transforms/test_nppi_copyConstBorder.cpp:88&#x0A;Expected equality of these values:&#x0A;  dstData[dstIdx]&#x0A;    Which is: &apos;\0&apos;&#x0A;  srcData[srcIdx]&#x0A;    Which is: &apos;\x18&apos; (24)&#x0A;Source copy mismatch at dst(9,4) channel 0&#x0A;" type=""><![CDATA[/home/cjxu/npp/test/unit/nppi/nppi_geometry_transforms/test_nppi_copyConstBorder.cpp:88
Expected equality of these values:
  dstData[dstIdx]
    Which is: '\0'
  srcData[srcIdx]
    Which is: '\x18' (24)
Source copy mismatch at dst(9,4) channel 0
]]></failure>
      <failure message="/home/cjxu/npp/test/unit/nppi/nppi_geometry_transforms/test_nppi_copyConstBorder.cpp:88&#x0A;Expected equality of these values:&#x0A;  dstData[dstIdx]&#x0A;    Which is: &apos;\0&apos;&#x0A;  srcData[srcIdx]&#x0A;    Which is: &apos;\xFB&apos; (251)&#x0A;Source copy mismatch at dst(9,4) channel 1&#x0A;" type=""><![CDATA[/home/cjxu/npp/test/unit/nppi/nppi_geometry_transforms/test_nppi_copyConstBorder.cpp:88
Expected equality of these values:
  dstData[dstIdx]
    Which is: '\0'
  srcData[srcIdx]
    Which is: '\xFB' (251)
Source copy mismatch at dst(9,4) channel 1
]]></failure>
      <failure message="/home/cjxu/npp/test/unit/nppi/nppi_geometry_transforms/test_nppi_copyConstBorder.cpp:88&#x0A;Expected equality of these values:&#x0A;  dstData[dstIdx]&#x0A;    Which is: &apos;\0&apos;&#x0A;  srcData[srcIdx]&#x0A;    Which is: &apos;1&apos; (49, 0x31)&#x0A;Source copy mismatch at dst(9,4) channel 2&#x0A;" type=""><![CDATA[/home/cjxu/npp/test/unit/nppi/nppi_geometry_transforms/test_nppi_copyConstBorder.cpp:88
Expected equality of these values:
  dstData[dstIdx]
    Which is: '\0'
  srcData[srcIdx]
    Which is: '1' (49, 0x31)
Source copy mismatch at dst(9,4) channel 2
]]></failure>
      <failure message="/home/cjxu/npp/test/unit/nppi/nppi_geometry_transforms/test_nppi_copyConstBorder.cpp:88&#x0A;Expected equality of these values:&#x0A;  dstData[dstIdx]&#x0A;    Which is: &apos;\0&apos;&#x0A;  srcData[srcIdx]&#x0A;    Which is: &apos;\xE1&apos; (225)&#x0A;Source copy mismatch at dst(10,4) channel 0&#x0A;" type=""><![CDATA[/home/cjxu/npp/test/unit/nppi/nppi_geometry_transforms/test_nppi_copyConstBorder.cpp:88
Expected equality of these values:
  dstData[dstIdx]
    Which is: '\0'
  srcData[srcIdx]
    Which is: '\xE1' (225)
Source copy mismatch at dst(10,4) channel 0
]]></failure>
      <failure message="/home/cjxu/npp/test/unit/nppi/nppi_geometry_transforms/test_nppi_copyConstBorder.cpp:88&#x0A;Expected equality of these values:&#x0A;  dstData[dstIdx]&#x0A;    Which is: &apos;\0&apos;&#x0A;  srcData[srcIdx]&#x0A;    Which is: &apos;\x13&apos; (19)&#x0A;Source copy mismatch at dst(10,4) channel 1&#x0A;" type=""><![CDATA[/home/cjxu/npp/test/unit/nppi/nppi_geometry_transforms/test_nppi_copyConstBorder.cpp:88
Expected equality of these values:
  dstData[dstIdx]
    Which is: '\0'
  srcData[srcIdx]
    Which is: '\x13' (19)
Source copy mismatch at dst(10,4) channel 1
]]></failure>
      <failure message="/home/cjxu/npp/test/unit/nppi/nppi_geometry_transforms/test_nppi_copyConstBorder.cpp:88&#x0A;Expected equality of these values:&#x0A;  dstData[dstIdx]&#x0A;    Which is: &apos;\0&apos;&#x0A;  srcData[srcIdx]&#x0A;    Which is: &apos;-&apos; (45, 0x2D)&#x0A;Source copy mismatch at dst(10,4) channel 2&#x0A;" type=""><![CDATA[/home/cjxu/npp/test/unit/nppi/nppi_geometry_transforms/test_nppi_copyConstBorder.cpp:88
Expected equality of these values:
  dstData[dstIdx]
    Which is: '\0'
  srcData[srcIdx]
    Which is: '-' (45, 0x2D)
Source copy mismatch at dst(10,4) channel 2
]]></failure>
      <failure message="/home/cjxu/npp/test/unit/nppi/nppi_geometry_transforms/test_nppi_copyConstBorder.cpp:88&#x0A;Expected equality of these values:&#x0A;  dstData[dstIdx]&#x0A;    Which is: &apos;\0&apos;&#x0A;  srcData[srcIdx]&#x0A;    Which is: &apos;]&apos; (93, 0x5D)&#x0A;Source copy mismatch at dst(11,4) channel 0&#x0A;" type=""><![CDATA[/home/cjxu/npp/test/unit/nppi/nppi_geometry_transforms/test_nppi_copyConstBorder.cpp:88
Expected equality of these values:
  dstData[dstIdx]
    Which is: '\0'
  srcData[srcIdx]
    Which is: ']' (93, 0x5D)
Source copy mismatch at dst(11,4) channel 0
]]></failure>
      <failure message="/home/cjxu/npp/test/unit/nppi/nppi_geometry_transforms/test_nppi_copyConstBorder.cpp:88&#x0A;Expected equality of these values:&#x0A;  dstData[dstIdx]&#x0A;    Which is: &apos;\0&apos;&#x0A;  srcData[srcIdx]&#x0A;    Which is: &apos;\xFD&apos; (253)&#x0A;Source copy mismatch at dst(11,4) channel 1&#x0A;" type=""><![CDATA[/home/cjxu/npp/test/unit/nppi/nppi_geometry_transforms/test_nppi_copyConstBorder.cpp:88
Expected equality of these values:
  dstData[dstIdx]
    Which is: '\0'
  srcData[srcIdx]
    Which is: '\xFD' (253)
Source copy mismatch at dst(11,4) channel 1
]]></failure>
      <failure message="/home/cjxu/npp/test/unit/nppi/nppi_geometry_transforms/test_nppi_copyConstBorder.cpp:88&#x0A;Expected equality of these values:&#x0A;  dstData[dstIdx]&#x0A;    Which is: &apos;\0&apos;&#x0A;  srcData[srcIdx]&#x0A;    Which is: &apos;\x3&apos; (3)&#x0A;Source copy mismatch at dst(11,4) channel 2&#x0A;" type=""><![CDATA[/home/cjxu/npp/test/unit/nppi/nppi_geometry_transforms/test_nppi_copyConstBorder.cpp:88
Expected equality of these values:
  dstData[dstIdx]
    Which is: '\0'
  srcData[srcIdx]
    Which is: '\x3' (3)
Source copy mismatch at dst(11,4) channel 2
]]></failure>
      <failure message="/home/cjxu/npp/test/unit/nppi/nppi_geometry_transforms/test_nppi_copyConstBorder.cpp:88&#x0A;Expected equality of these values:&#x0A;  dstData[dstIdx]&#x0A;    Which is: &apos;\0&apos;&#x0A;  srcData[srcIdx]&#x0A;    Which is: &apos;n&apos; (110, 0x6E)&#x0A;Source copy mismatch at dst(12,4) channel 0&#x0A;" type=""><![CDATA[/home/cjxu/npp/test/unit/nppi/nppi_geometry_transforms/test_nppi_copyConstBorder.cpp:88
Expected equality of these values:
  dstData[dstIdx]
    Which is: '\0'
  srcData[srcIdx]
    Which is: 'n' (110, 0x6E)
Source copy mismatch at dst(12,4) channel 0
]]></failure>
      <failure message="/home/cjxu/npp/test/unit/nppi/nppi_geometry_transforms/test_nppi_copyConstBorder.cpp:88&#x0A;Expected equality of these values:&#x0A;  dstData[dstIdx]&#x0A;    Which is: &apos;\0&apos;&#x0A;  srcData[srcIdx]&#x0A;    Which is: &apos;\xE0&apos; (224)&#x0A;Source copy mismatch at dst(12,4) channel 1&#x0A;" type=""><![CDATA[/home/cjxu/npp/test/unit/nppi/nppi_geometry_transforms/test_nppi_copyConstBorder.cpp:88
Expected equality of these values:
  dstData[dstIdx]
    Which is: '\0'
  srcData[srcIdx]
    Which is: '\xE0' (224)
Source copy mismatch at dst(12,4) channel 1
]]></failure>
      <failure message="/home/cjxu/npp/test/unit/nppi/nppi_geometry_transforms/test_nppi_copyConstBorder.cpp:88&#x0A;Expected equality of these values:&#x0A;  dstData[dstIdx]&#x0A;    Which is: &apos;\0&apos;&#x0A;  srcData[srcIdx]&#x0A;    Which is: &apos;\xF8&apos; (248)&#x0A;Source copy mismatch at dst(12,4) channel 2&#x0A;" type=""><![CDATA[/home/cjxu/npp/test/unit/nppi/nppi_geometry_transforms/test_nppi_copyConstBorder.cpp:88
Expected equality of these values:
  dstData[dstIdx]
    Which is: '\0'
  srcData[srcIdx]
    Which is: '\xF8' (248)
Source copy mismatch at dst(12,4) channel 2
]]></failure>
      <failure message="/home/cjxu/npp/test/unit/nppi/nppi_geometry_transforms/test_nppi_copyConstBorder.cpp:88&#x0A;Expected equality of these values:&#x0A;  dstData[dstIdx]&#x0A;    Which is: &apos;\0&apos;&#x0A;  srcData[srcIdx]&#x0A;    Which is: &apos;\x80&apos; (128)&#x0A;Source copy mismatch at dst(13,4) channel 0&#x0A;" type=""><![CDATA[/home/cjxu/npp/test/unit/nppi/nppi_geometry_transforms/test_nppi_copyConstBorder.cpp:88
Expected equality of these values:
  dstData[dstIdx]
    Which is: '\0'
  srcData[srcIdx]
    Which is: '\x80' (128)
Source copy mismatch at dst(13,4) channel 0
]]></failure>
      <failure message="/home/cjxu/npp/test/unit/nppi/nppi_geometry_transforms/test_nppi_copyConstBorder.cpp:88&#x0A;Expected equality of these values:&#x0A;  dstData[dstIdx]&#x0A;    Which is: &apos;\0&apos;&#x0A;  srcData[srcIdx]&#x0A;    Which is: &apos;\x9C&apos; (156)&#x0A;Source copy mismatch at dst(13,4) channel 1&#x0A;" type=""><![CDATA[/home/cjxu/npp/test/unit/nppi/nppi_geometry_transforms/test_nppi_copyConstBorder.cpp:88
Expected equality of these values:
  dstData[dstIdx]
    Which is: '\0'
  srcData[srcIdx]
    Which is: '\x9C' (156)
Source copy mismatch at dst(13,4) channel 1
]]></failure>
      <failure message="/home/cjxu/npp/test/unit/nppi/nppi_geometry_transforms/test_nppi_copyConstBorder.cpp:88&#x0A;Expected equality of these values:&#x0A;  dstData[dstIdx]&#x0A;    Which is: &apos;\0&apos;&#x0A;  srcData[srcIdx]&#x0A;    Which is: &apos;\xBF&apos; (191)&#x0A;Source copy mismatch at dst(13,4) channel 2&#x0A;" type=""><![CDATA[/home/cjxu/npp/test/unit/nppi/nppi_geometry_transforms/test_nppi_copyConstBorder.cpp:88
Expected equality of these values:
  dstData[dstIdx]
    Which is: '\0'
  srcData[srcIdx]
    Which is: '\xBF' (191)
Source copy mismatch at dst(13,4) channel 2
]]></failure>
      <failure message="/home/cjxu/npp/test/unit/nppi/nppi_geometry_transforms/test_nppi_copyConstBorder.cpp:88&#x0A;Expected equality of these values:&#x0A;  dstData[dstIdx]&#x0A;    Which is: &apos;\0&apos;&#x0A;  srcData[srcIdx]&#x0A;    Which is: &apos;\xC2&apos; (194)&#x0A;Source copy mismatch at dst(14,4) channel 0&#x0A;" type=""><![CDATA[/home/cjxu/npp/test/unit/nppi/nppi_geometry_transforms/test_nppi_copyConstBorder.cpp:88
Expected equality of these values:
  dstData[dstIdx]
    Which is: '\0'
  srcData[srcIdx]
    Which is: '\xC2' (194)
Source copy mismatch at dst(14,4) channel 0
]]></failure>
      <failure message="/home/cjxu/npp/test/unit/nppi/nppi_geometry_transforms/test_nppi_copyConstBorder.cpp:88&#x0A;Expected equality of these values:&#x0A;  dstData[dstIdx]&#x0A;    Which is: &apos;\0&apos;&#x0A;  srcData[srcIdx]&#x0A;    Which is: &apos;f&apos; (102, 0x66)&#x0A;Source copy mismatch at dst(14,4) channel 1&#x0A;" type=""><![CDATA[/home/cjxu/npp/test/unit/nppi/nppi_geometry_transforms/test_nppi_copyConstBorder.cpp:88
Expected equality of these values:
  dstData[dstIdx]
    Which is: '\0'
  srcData[srcIdx]
    Which is: 'f' (102, 0x66)
Source copy mismatch at dst(14,4) channel 1
]]></failure>
      <failure message="/home/cjxu/npp/test/unit/nppi/nppi_geometry_transforms/test_nppi_copyConstBorder.cpp:88&#x0A;Expected equality of these values:&#x0A;  dstData[dstIdx]&#x0A;    Which is: &apos;\0&apos;&#x0A;  srcData[srcIdx]&#x0A;    Which is: &apos;U&apos; (85, 0x55)&#x0A;Source copy mismatch at dst(14,4) channel 2&#x0A;" type=""><![CDATA[/home/cjxu/npp/test/unit/nppi/nppi_geometry_transforms/test_nppi_copyConstBorder.cpp:88
Expected equality of these values:
  dstData[dstIdx]
    Which is: '\0'
  srcData[srcIdx]
    Which is: 'U' (85, 0x55)
Source copy mismatch at dst(14,4) channel 2
]]></failure>
      <failure message="/home/cjxu/npp/test/unit/nppi/nppi_geometry_transforms/test_nppi_copyConstBorder.cpp:88&#x0A;Expected equality of these values:&#x0A;  dstData[dstIdx]&#x0A;    Which is: &apos;\0&apos;&#x0A;  srcData[srcIdx]&#x0A;    Which is: &apos;V&apos; (86, 0x56)&#x0A;Source copy mismatch at dst(15,4) channel 0&#x0A;" type=""><![CDATA[/home/cjxu/npp/test/unit/nppi/nppi_geometry_transforms/test_nppi_copyConstBorder.cpp:88
Expected equality of these values:
  dstData[dstIdx]
    Which is: '\0'
  srcData[srcIdx]
    Which is: 'V' (86, 0x56)
Source copy mismatch at dst(15,4) channel 0
]]></failure>
      <failure message="/home/cjxu/npp/test/unit/nppi/nppi_geometry_transforms/test_nppi_copyConstBorder.cpp:88&#x0A;Expected equality of these values:&#x0A;  dstData[dstIdx]&#x0A;    Which is: &apos;\0&apos;&#x0A;  srcData[srcIdx]&#x0A;    Which is: &apos;\xEB&apos; (235)&#x0A;Source copy mismatch at dst(15,4) channel 1&#x0A;" type=""><![CDATA[/home/cjxu/npp/test/unit/nppi/nppi_geometry_transforms/test_nppi_copyConstBorder.cpp:88
Expected equality of these values:
  dstData[dstIdx]
    Which is: '\0'
  srcData[srcIdx]
    Which is: '\xEB' (235)
Source copy mismatch at dst(15,4) channel 1
]]></failure>
      <failure message="/home/cjxu/npp/test/unit/nppi/nppi_geometry_transforms/test_nppi_copyConstBorder.cpp:88&#x0A;Expected equality of these values:&#x0A;  dstData[dstIdx]&#x0A;    Which is: &apos;\0&apos;&#x0A;  srcData[srcIdx]&#x0A;    Which is: &apos;\xB2&apos; (178)&#x0A;Source copy mismatch at dst(15,4) channel 2&#x0A;" type=""><![CDATA[/home/cjxu/npp/test/unit/nppi/nppi_geometry_transforms/test_nppi_copyConstBorder.cpp:88
Expected equality of these values:
  dstData[dstIdx]
    Which is: '\0'
  srcData[srcIdx]
    Which is: '\xB2' (178)
Source copy mismatch at dst(15,4) channel 2
]]></failure>
      <failure message="/home/cjxu/npp/test/unit/nppi/nppi_geometry_transforms/test_nppi_copyConstBorder.cpp:88&#x0A;Expected equality of these values:&#x0A;  dstData[dstIdx]&#x0A;    Which is: &apos;\0&apos;&#x0A;  srcData[srcIdx]&#x0A;    Which is: &apos;u&apos; (117, 0x75)&#x0A;Source copy mismatch at dst(16,4) channel 0&#x0A;" type=""><![CDATA[/home/cjxu/npp/test/unit/nppi/nppi_geometry_transforms/test_nppi_copyConstBorder.cpp:88
Expected equality of these values:
  dstData[dstIdx]
    Which is: '\0'
  srcData[srcIdx]
    Which is: 'u' (117, 0x75)
Source copy mismatch at dst(16,4) channel 0
]]></failure>
      <failure message="/home/cjxu/npp/test/unit/nppi/nppi_geometry_transforms/test_nppi_copyConstBorder.cpp:88&#x0A;Expected equality of these values:&#x0A;  dstData[dstIdx]&#x0A;    Which is: &apos;\0&apos;&#x0A;  srcData[srcIdx]&#x0A;    Which is: &apos;\xD9&apos; (217)&#x0A;Source copy mismatch at dst(16,4) channel 1&#x0A;" type=""><![CDATA[/home/cjxu/npp/test/unit/nppi/nppi_geometry_transforms/test_nppi_copyConstBorder.cpp:88
Expected equality of these values:
  dstData[dstIdx]
    Which is: '\0'
  srcData[srcIdx]
    Which is: '\xD9' (217)
Source copy mismatch at dst(16,4) channel 1
]]></failure>
      <failure message="/home/cjxu/npp/test/unit/nppi/nppi_geometry_transforms/test_nppi_copyConstBorder.cpp:88&#x0A;Expected equality of these values:&#x0A;  dstData[dstIdx]&#x0A;    Which is: &apos;\0&apos;&#x0A;  srcData[srcIdx]&#x0A;    Which is: &apos;J&apos; (74, 0x4A)&#x0A;Source copy mismatch at dst(16,4) channel 2&#x0A;" type=""><![CDATA[/home/cjxu/npp/test/unit/nppi/nppi_geometry_transforms/test_nppi_copyConstBorder.cpp:88
Expected equality of these values:
  dstData[dstIdx]
    Which is: '\0'
  srcData[srcIdx]
    Which is: 'J' (74, 0x4A)
Source copy mismatch at dst(16,4) channel 2
]]></failure>
      <failure message="/home/cjxu/npp/test/unit/nppi/nppi_geometry_transforms/test_nppi_copyConstBorder.cpp:88&#x0A;Expected equality of these values:&#x0A;  dstData[dstIdx]&#x0A;    Which is: &apos;\0&apos;&#x0A;  srcData[srcIdx]&#x0A;    Which is: &apos;]&apos; (93, 0x5D)&#x0A;Source copy mismatch at dst(17,4) channel 0&#x0A;" type=""><![CDATA[/home/cjxu/npp/test/unit/nppi/nppi_geometry_transforms/test_nppi_copyConstBorder.cpp:88
Expected equality of these values:
  dstData[dstIdx]
    Which is: '\0'
  srcData[srcIdx]
    Which is: ']' (93, 0x5D)
Source copy mismatch at dst(17,4) channel 0
]]></failure>
      <failure message="/home/cjxu/npp/test/unit/nppi/nppi_geometry_transforms/test_nppi_copyConstBorder.cpp:88&#x0A;Expected equality of these values:&#x0A;  dstData[dstIdx]&#x0A;    Which is: &apos;\0&apos;&#x0A;  srcData[srcIdx]&#x0A;    Which is: &apos;\xEF&apos; (239)&#x0A;Source copy mismatch at dst(17,4) channel 1&#x0A;" type=""><![CDATA[/home/cjxu/npp/test/unit/nppi/nppi_geometry_transforms/test_nppi_copyConstBorder.cpp:88
Expected equality of these values:
  dstData[dstIdx]
    Which is: '\0'
  srcData[srcIdx]
    Which is: '\xEF' (239)
Source copy mismatch at dst(17,4) channel 1
]]></failure>
      <failure message="/home/cjxu/npp/test/unit/nppi/nppi_geometry_transforms/test_nppi_copyConstBorder.cpp:88&#x0A;Expected equality of these values:&#x0A;  dstData[dstIdx]&#x0A;    Which is: &apos;\0&apos;&#x0A;  srcData[srcIdx]&#x0A;    Which is: &apos;\xD0&apos; (208)&#x0A;Source copy mismatch at dst(17,4) channel 2&#x0A;" type=""><![CDATA[/home/cjxu/npp/test/unit/nppi/nppi_geometry_transforms/test_nppi_copyConstBorder.cpp:88
Expected equality of these values:
  dstData[dstIdx]
    Which is: '\0'
  srcData[srcIdx]
    Which is: '\xD0' (208)
Source copy mismatch at dst(17,4) channel 2
]]></failure>
      <failure message="/home/cjxu/npp/test/unit/nppi/nppi_geometry_transforms/test_nppi_copyConstBorder.cpp:88&#x0A;Expected equality of these values:&#x0A;  dstData[dstIdx]&#x0A;    Which is: &apos;\0&apos;&#x0A;  srcData[srcIdx]&#x0A;    Which is: &apos;]&apos; (93, 0x5D)&#x0A;Source copy mismatch at dst(18,4) channel 0&#x0A;" type=""><![CDATA[/home/cjxu/npp/test/unit/nppi/nppi_geometry_transforms/test_nppi_copyConstBorder.cpp:88
Expected equality of these values:
  dstData[dstIdx]
    Which is: '\0'
  srcData[srcIdx]
    Which is: ']' (93, 0x5D)
Source copy mismatch at dst(18,4) channel 0
]]></failure>
      <failure message="/home/cjxu/npp/test/unit/nppi/nppi_geometry_transforms/test_nppi_copyConstBorder.cpp:88&#x0A;Expected equality of these values:&#x0A;  dstData[dstIdx]&#x0A;    Which is: &apos;\0&apos;&#x0A;  srcData[srcIdx]&#x0A;    Which is: &apos;\x8E&apos; (142)&#x0A;Source copy mismatch at dst(18,4) channel 1&#x0A;" type=""><![CDATA[/home/cjxu/npp/test/unit/nppi/nppi_geometry_transforms/test_nppi_copyConstBorder.cpp:88
Expected equality of these values:
  dstData[dstIdx]
    Which is: '\0'
  srcData[srcIdx]
    Which is: '\x8E' (142)
Source copy mismatch at dst(18,4) channel 1
]]></failure>
      <failure message="/home/cjxu/npp/test/unit/nppi/nppi_geometry_transforms/test_nppi_copyConstBorder.cpp:88&#x0A;Expected equality of these values:&#x0A;  dstData[dstIdx]&#x0A;    Which is: &apos;\0&apos;&#x0A;  srcData[srcIdx]&#x0A;    Which is: &apos;\x1C&apos; (28)&#x0A;Source copy mismatch at dst(18,4) channel 2&#x0A;" type=""><![CDATA[/home/cjxu/npp/test/unit/nppi/nppi_geometry_transforms/test_nppi_copyConstBorder.cpp:88
Expected equality of these values:
  dstData[dstIdx]
    Which is: '\0'
  srcData[srcIdx]
    Which is: '\x1C' (28)
Source copy mismatch at dst(18,4) channel 2
]]></failure>
      <failure message="/home/cjxu/npp/test/unit/nppi/nppi_geometry_transforms/test_nppi_copyConstBorder.cpp:95&#x0A;Expected equality of these values:&#x0A;  dstData[dstIdx]&#x0A;    Which is: &apos;\0&apos;&#x0A;  borderValues[c]&#x0A;    Which is: &apos;d&apos; (100, 0x64)&#x0A;Border value mismatch at (19,4) channel 0&#x0A;" type=""><![CDATA[/home/cjxu/npp/test/unit/nppi/nppi_geometry_transforms/test_nppi_copyConstBorder.cpp:95
Expected equality of these values:
  dstData[dstIdx]
    Which is: '\0'
  borderValues[c]
    Which is: 'd' (100, 0x64)
Border value mismatch at (19,4) channel 0
]]></failure>
      <failure message="/home/cjxu/npp/test/unit/nppi/nppi_geometry_transforms/test_nppi_copyConstBorder.cpp:95&#x0A;Expected equality of these values:&#x0A;  dstData[dstIdx]&#x0A;    Which is: &apos;\0&apos;&#x0A;  borderValues[c]&#x0A;    Which is: &apos;\x96&apos; (150)&#x0A;Border value mismatch at (19,4) channel 1&#x0A;" type=""><![CDATA[/home/cjxu/npp/test/unit/nppi/nppi_geometry_transforms/test_nppi_copyConstBorder.cpp:95
Expected equality of these values:
  dstData[dstIdx]
    Which is: '\0'
  borderValues[c]
    Which is: '\x96' (150)
Border value mismatch at (19,4) channel 1
]]></failure>
      <failure message="/home/cjxu/npp/test/unit/nppi/nppi_geometry_transforms/test_nppi_copyConstBorder.cpp:95&#x0A;Expected equality of these values:&#x0A;  dstData[dstIdx]&#x0A;    Which is: &apos;\0&apos;&#x0A;  borderValues[c]&#x0A;    Which is: &apos;\xC8&apos; (200)&#x0A;Border value mismatch at (19,4) channel 2&#x0A;" type=""><![CDATA[/home/cjxu/npp/test/unit/nppi/nppi_geometry_transforms/test_nppi_copyConstBorder.cpp:95
Expected equality of these values:
  dstData[dstIdx]
    Which is: '\0'
  borderValues[c]
    Which is: '\xC8' (200)
Border value mismatch at (19,4) channel 2
]]></failure>
      <failure message="/home/cjxu/npp/test/unit/nppi/nppi_geometry_transforms/test_nppi_copyConstBorder.cpp:95&#x0A;Expected equality of these values:&#x0A;  dstData[dstIdx]&#x0A;    Which is: &apos;\0&apos;&#x0A;  borderValues[c]&#x0A;    Which is: &apos;d&apos; (100, 0x64)&#x0A;Border value mismatch at (20,4) channel 0&#x0A;" type=""><![CDATA[/home/cjxu/npp/test/unit/nppi/nppi_geometry_transforms/test_nppi_copyConstBorder.cpp:95
Expected equality of these values:
  dstData[dstIdx]
    Which is: '\0'
  borderValues[c]
    Which is: 'd' (100, 0x64)
Border value mismatch at (20,4) channel 0
]]></failure>
      <failure message="/home/cjxu/npp/test/unit/nppi/nppi_geometry_transforms/test_nppi_copyConstBorder.cpp:95&#x0A;Expected equality of these values:&#x0A;  dstData[dstIdx]&#x0A;    Which is: &apos;\0&apos;&#x0A;  borderValues[c]&#x0A;    Which is: &apos;\x96&apos; (150)&#x0A;Border value mismatch at (20,4) channel 1&#x0A;" type=""><![CDATA[/home/cjxu/npp/test/unit/nppi/nppi_geometry_transforms/test_nppi_copyConstBorder.cpp:95
Expected equality of these values:
  dstData[dstIdx]
    Which is: '\0'
  borderValues[c]
    Which is: '\x96' (150)
Border value mismatch at (20,4) channel 1
]]></failure>
      <failure message="/home/cjxu/npp/test/unit/nppi/nppi_geometry_transforms/test_nppi_copyConstBorder.cpp:95&#x0A;Expected equality of these values:&#x0A;  dstData[dstIdx]&#x0A;    Which is: &apos;\0&apos;&#x0A;  borderValues[c]&#x0A;    Which is: &apos;\xC8&apos; (200)&#x0A;Border value mismatch at (20,4) channel 2&#x0A;" type=""><![CDATA[/home/cjxu/npp/test/unit/nppi/nppi_geometry_transforms/test_nppi_copyConstBorder.cpp:95
Expected equality of these values:
  dstData[dstIdx]
    Which is: '\0'
  borderValues[c]
    Which is: '\xC8' (200)
Border value mismatch at (20,4) channel 2
]]></failure>
      <failure message="/home/cjxu/npp/test/unit/nppi/nppi_geometry_transforms/test_nppi_copyConstBorder.cpp:95&#x0A;Expected equality of these values:&#x0A;  dstData[dstIdx]&#x0A;    Which is: &apos;\0&apos;&#x0A;  borderValues[c]&#x0A;    Which is: &apos;d&apos; (100, 0x64)&#x0A;Border value mismatch at (21,4) channel 0&#x0A;" type=""><![CDATA[/home/cjxu/npp/test/unit/nppi/nppi_geometry_transforms/test_nppi_copyConstBorder.cpp:95
Expected equality of these values:
  dstData[dstIdx]
    Which is: '\0'
  borderValues[c]
    Which is: 'd' (100, 0x64)
Border value mismatch at (21,4) channel 0
]]></failure>
      <failure message="/home/cjxu/npp/test/unit/nppi/nppi_geometry_transforms/test_nppi_copyConstBorder.cpp:95&#x0A;Expected equality of these values:&#x0A;  dstData[dstIdx]&#x0A;    Which is: &apos;\0&apos;&#x0A;  borderValues[c]&#x0A;    Which is: &apos;\x96&apos; (150)&#x0A;Border value mismatch at (21,4) channel 1&#x0A;" type=""><![CDATA[/home/cjxu/npp/test/unit/nppi/nppi_geometry_transforms/test_nppi_copyConstBorder.cpp:95
Expected equality of these values:
  dstData[dstIdx]
    Which is: '\0'
  borderValues[c]
    Which is: '\x96' (150)
Border value mismatch at (21,4) channel 1
]]></failure>
      <failure message="/home/cjxu/npp/test/unit/nppi/nppi_geometry_transforms/test_nppi_copyConstBorder.cpp:95&#x0A;Expected equality of these values:&#x0A;  dstData[dstIdx]&#x0A;    Which is: &apos;\0&apos;&#x0A;  borderValues[c]&#x0A;    Which is: &apos;\xC8&apos; (200)&#x0A;Border value mismatch at (21,4) channel 2&#x0A;" type=""><![CDATA[/home/cjxu/npp/test/unit/nppi/nppi_geometry_transforms/test_nppi_copyConstBorder.cpp:95
Expected equality of these values:
  dstData[dstIdx]
    Which is: '\0'
  borderValues[c]
    Which is: '\xC8' (200)
Border value mismatch at (21,4) channel 2
]]></failure>
      <failure message="/home/cjxu/npp/test/unit/nppi/nppi_geometry_transforms/test_nppi_copyConstBorder.cpp:95&#x0A;Expected equality of these values:&#x0A;  dstData[dstIdx]&#x0A;    Which is: &apos;\0&apos;&#x0A;  borderValues[c]&#x0A;    Which is: &apos;d&apos; (100, 0x64)&#x0A;Border value mismatch at (22,4) channel 0&#x0A;" type=""><![CDATA[/home/cjxu/npp/test/unit/nppi/nppi_geometry_transforms/test_nppi_copyConstBorder.cpp:95
Expected equality of these values:
  dstData[dstIdx]
    Which is: '\0'
  borderValues[c]
    Which is: 'd' (100, 0x64)
Border value mismatch at (22,4) channel 0
]]></failure>
      <failure message="/home/cjxu/npp/test/unit/nppi/nppi_geometry_transforms/test_nppi_copyConstBorder.cpp:95&#x0A;Expected equality of these values:&#x0A;  dstData[dstIdx]&#x0A;    Which is: &apos;\0&apos;&#x0A;  borderValues[c]&#x0A;    Which is: &apos;\x96&apos; (150)&#x0A;Border value mismatch at (22,4) channel 1&#x0A;" type=""><![CDATA[/home/cjxu/npp/test/unit/nppi/nppi_geometry_transforms/test_nppi_copyConstBorder.cpp:95
Expected equality of these values:
  dstData[dstIdx]
    Which is: '\0'
  borderValues[c]
    Which is: '\x96' (150)
Border value mismatch at (22,4) channel 1
]]></failure>
      <failure message="/home/cjxu/npp/test/unit/nppi/nppi_geometry_transforms/test_nppi_copyConstBorder.cpp:95&#x0A;Expected equality of these values:&#x0A;  dstData[dstIdx]&#x0A;    Which is: &apos;\0&apos;&#x0A;  borderValues[c]&#x0A;    Which is: &apos;\xC8&apos; (200)&#x0A;Border value mismatch at (22,4) channel 2&#x0A;" type=""><![CDATA[/home/cjxu/npp/test/unit/nppi/nppi_geometry_transforms/test_nppi_copyConstBorder.cpp:95
Expected equality of these values:
  dstData[dstIdx]
    Which is: '\0'
  borderValues[c]
    Which is: '\xC8' (200)
Border value mismatch at (22,4) channel 2
]]></failure>
      <failure message="/home/cjxu/npp/test/unit/nppi/nppi_geometry_transforms/test_nppi_copyConstBorder.cpp:95&#x0A;Expected equality of these values:&#x0A;  dstData[dstIdx]&#x0A;    Which is: &apos;\0&apos;&#x0A;  borderValues[c]&#x0A;    Which is: &apos;d&apos; (100, 0x64)&#x0A;Border value mismatch at (23,4) channel 0&#x0A;" type=""><![CDATA[/home/cjxu/npp/test/unit/nppi/nppi_geometry_transforms/test_nppi_copyConstBorder.cpp:95
Expected equality of these values:
  dstData[dstIdx]
    Which is: '\0'
  borderValues[c]
    Which is: 'd' (100, 0x64)
Border value mismatch at (23,4) channel 0
]]></failure>
      <failure message="/home/cjxu/npp/test/unit/nppi/nppi_geometry_transforms/test_nppi_copyConstBorder.cpp:95&#x0A;Expected equality of these values:&#x0A;  dstData[dstIdx]&#x0A;    Which is: &apos;\0&apos;&#x0A;  borderValues[c]&#x0A;    Which is: &apos;\x96&apos; (150)&#x0A;Border value mismatch at (23,4) channel 1&#x0A;" type=""><![CDATA[/home/cjxu/npp/test/unit/nppi/nppi_geometry_transforms/test_nppi_copyConstBorder.cpp:95
Expected equality of these values:
  dstData[dstIdx]
    Which is: '\0'
  borderValues[c]
    Which is: '\x96' (150)
Border value mismatch at (23,4) channel 1
]]></failure>
      <failure message="/home/cjxu/npp/test/unit/nppi/nppi_geometry_transforms/test_nppi_copyConstBorder.cpp:95&#x0A;Expected equality of these values:&#x0A;  dstData[dstIdx]&#x0A;    Which is: &apos;\0&apos;&#x0A;  borderValues[c]&#x0A;    Which is: &apos;\xC8&apos; (200)&#x0A;Border value mismatch at (23,4) channel 2&#x0A;" type=""><![CDATA[/home/cjxu/npp/test/unit/nppi/nppi_geometry_transforms/test_nppi_copyConstBorder.cpp:95
Expected equality of these values:
  dstData[dstIdx]
    Which is: '\0'
  borderValues[c]
    Which is: '\xC8' (200)
Border value mismatch at (23,4) channel 2
]]></failure>
      <failure message="/home/cjxu/npp/test/unit/nppi/nppi_geometry_transforms/test_nppi_copyConstBorder.cpp:95&#x0A;Expected equality of these values:&#x0A;  dstData[dstIdx]&#x0A;    Which is: &apos;\0&apos;&#x0A;  borderValues[c]&#x0A;    Which is: &apos;d&apos; (100, 0x64)&#x0A;Border value mismatch at (0,5) channel 0&#x0A;" type=""><![CDATA[/home/cjxu/npp/test/unit/nppi/nppi_geometry_transforms/test_nppi_copyConstBorder.cpp:95
Expected equality of these values:
  dstData[dstIdx]
    Which is: '\0'
  borderValues[c]
    Which is: 'd' (100, 0x64)
Border value mismatch at (0,5) channel 0
]]></failure>
      <failure message="/home/cjxu/npp/test/unit/nppi/nppi_geometry_transforms/test_nppi_copyConstBorder.cpp:95&#x0A;Expected equality of these values:&#x0A;  dstData[dstIdx]&#x0A;    Which is: &apos;\0&apos;&#x0A;  borderValues[c]&#x0A;    Which is: &apos;\x96&apos; (150)&#x0A;Border value mismatch at (0,5) channel 1&#x0A;" type=""><![CDATA[/home/cjxu/npp/test/unit/nppi/nppi_geometry_transforms/test_nppi_copyConstBorder.cpp:95
Expected equality of these values:
  dstData[dstIdx]
    Which is: '\0'
  borderValues[c]
    Which is: '\x96' (150)
Border value mismatch at (0,5) channel 1
]]></failure>
      <failure message="/home/cjxu/npp/test/unit/nppi/nppi_geometry_transforms/test_nppi_copyConstBorder.cpp:95&#x0A;Expected equality of these values:&#x0A;  dstData[dstIdx]&#x0A;    Which is: &apos;\0&apos;&#x0A;  borderValues[c]&#x0A;    Which is: &apos;\xC8&apos; (200)&#x0A;Border value mismatch at (0,5) channel 2&#x0A;" type=""><![CDATA[/home/cjxu/npp/test/unit/nppi/nppi_geometry_transforms/test_nppi_copyConstBorder.cpp:95
Expected equality of these values:
  dstData[dstIdx]
    Which is: '\0'
  borderValues[c]
    Which is: '\xC8' (200)
Border value mismatch at (0,5) channel 2
]]></failure>
      <failure message="/home/cjxu/npp/test/unit/nppi/nppi_geometry_transforms/test_nppi_copyConstBorder.cpp:95&#x0A;Expected equality of these values:&#x0A;  dstData[dstIdx]&#x0A;    Which is: &apos;\0&apos;&#x0A;  borderValues[c]&#x0A;    Which is: &apos;d&apos; (100, 0x64)&#x0A;Border value mismatch at (1,5) channel 0&#x0A;" type=""><![CDATA[/home/cjxu/npp/test/unit/nppi/nppi_geometry_transforms/test_nppi_copyConstBorder.cpp:95
Expected equality of these values:
  dstData[dstIdx]
    Which is: '\0'
  borderValues[c]
    Which is: 'd' (100, 0x64)
Border value mismatch at (1,5) channel 0
]]></failure>
      <failure message="/home/cjxu/npp/test/unit/nppi/nppi_geometry_transforms/test_nppi_copyConstBorder.cpp:95&#x0A;Expected equality of these values:&#x0A;  dstData[dstIdx]&#x0A;    Which is: &apos;\0&apos;&#x0A;  borderValues[c]&#x0A;    Which is: &apos;\x96&apos; (150)&#x0A;Border value mismatch at (1,5) channel 1&#x0A;" type=""><![CDATA[/home/cjxu/npp/test/unit/nppi/nppi_geometry_transforms/test_nppi_copyConstBorder.cpp:95
Expected equality of these values:
  dstData[dstIdx]
    Which is: '\0'
  borderValues[c]
    Which is: '\x96' (150)
Border value mismatch at (1,5) channel 1
]]></failure>
      <failure message="/home/cjxu/npp/test/unit/nppi/nppi_geometry_transforms/test_nppi_copyConstBorder.cpp:95&#x0A;Expected equality of these values:&#x0A;  dstData[dstIdx]&#x0A;    Which is: &apos;\0&apos;&#x0A;  borderValues[c]&#x0A;    Which is: &apos;\xC8&apos; (200)&#x0A;Border value mismatch at (1,5) channel 2&#x0A;" type=""><![CDATA[/home/cjxu/npp/test/unit/nppi/nppi_geometry_transforms/test_nppi_copyConstBorder.cpp:95
Expected equality of these values:
  dstData[dstIdx]
    Which is: '\0'
  borderValues[c]
    Which is: '\xC8' (200)
Border value mismatch at (1,5) channel 2
]]></failure>
      <failure message="/home/cjxu/npp/test/unit/nppi/nppi_geometry_transforms/test_nppi_copyConstBorder.cpp:95&#x0A;Expected equality of these values:&#x0A;  dstData[dstIdx]&#x0A;    Which is: &apos;\0&apos;&#x0A;  borderValues[c]&#x0A;    Which is: &apos;d&apos; (100, 0x64)&#x0A;Border value mismatch at (2,5) channel 0&#x0A;" type=""><![CDATA[/home/cjxu/npp/test/unit/nppi/nppi_geometry_transforms/test_nppi_copyConstBorder.cpp:95
Expected equality of these values:
  dstData[dstIdx]
    Which is: '\0'
  borderValues[c]
    Which is: 'd' (100, 0x64)
Border value mismatch at (2,5) channel 0
]]></failure>
      <failure message="/home/cjxu/npp/test/unit/nppi/nppi_geometry_transforms/test_nppi_copyConstBorder.cpp:95&#x0A;Expected equality of these values:&#x0A;  dstData[dstIdx]&#x0A;    Which is: &apos;\0&apos;&#x0A;  borderValues[c]&#x0A;    Which is: &apos;\x96&apos; (150)&#x0A;Border value mismatch at (2,5) channel 1&#x0A;" type=""><![CDATA[/home/cjxu/npp/test/unit/nppi/nppi_geometry_transforms/test_nppi_copyConstBorder.cpp:95
Expected equality of these values:
  dstData[dstIdx]
    Which is: '\0'
  borderValues[c]
    Which is: '\x96' (150)
Border value mismatch at (2,5) channel 1
]]></failure>
      <failure message="/home/cjxu/npp/test/unit/nppi/nppi_geometry_transforms/test_nppi_copyConstBorder.cpp:95&#x0A;Expected equality of these values:&#x0A;  dstData[dstIdx]&#x0A;    Which is: &apos;\0&apos;&#x0A;  borderValues[c]&#x0A;    Which is: &apos;\xC8&apos; (200)&#x0A;Border value mismatch at (2,5) channel 2&#x0A;" type=""><![CDATA[/home/cjxu/npp/test/unit/nppi/nppi_geometry_transforms/test_nppi_copyConstBorder.cpp:95
Expected equality of these values:
  dstData[dstIdx]
    Which is: '\0'
  borderValues[c]
    Which is: '\xC8' (200)
Border value mismatch at (2,5) channel 2
]]></failure>
      <failure message="/home/cjxu/npp/test/unit/nppi/nppi_geometry_transforms/test_nppi_copyConstBorder.cpp:88&#x0A;Expected equality of these values:&#x0A;  dstData[dstIdx]&#x0A;    Which is: &apos;\0&apos;&#x0A;  srcData[srcIdx]&#x0A;    Which is: &apos;\xA3&apos; (163)&#x0A;Source copy mismatch at dst(3,5) channel 0&#x0A;" type=""><![CDATA[/home/cjxu/npp/test/unit/nppi/nppi_geometry_transforms/test_nppi_copyConstBorder.cpp:88
Expected equality of these values:
  dstData[dstIdx]
    Which is: '\0'
  srcData[srcIdx]
    Which is: '\xA3' (163)
Source copy mismatch at dst(3,5) channel 0
]]></failure>
      <failure message="/home/cjxu/npp/test/unit/nppi/nppi_geometry_transforms/test_nppi_copyConstBorder.cpp:88&#x0A;Expected equality of these values:&#x0A;  dstData[dstIdx]&#x0A;    Which is: &apos;\0&apos;&#x0A;  srcData[srcIdx]&#x0A;    Which is: &apos;\xA6&apos; (166)&#x0A;Source copy mismatch at dst(3,5) channel 1&#x0A;" type=""><![CDATA[/home/cjxu/npp/test/unit/nppi/nppi_geometry_transforms/test_nppi_copyConstBorder.cpp:88
Expected equality of these values:
  dstData[dstIdx]
    Which is: '\0'
  srcData[srcIdx]
    Which is: '\xA6' (166)
Source copy mismatch at dst(3,5) channel 1
]]></failure>
      <failure message="/home/cjxu/npp/test/unit/nppi/nppi_geometry_transforms/test_nppi_copyConstBorder.cpp:88&#x0A;Expected equality of these values:&#x0A;  dstData[dstIdx]&#x0A;    Which is: &apos;\0&apos;&#x0A;  srcData[srcIdx]&#x0A;    Which is: &apos;\x17&apos; (23)&#x0A;Source copy mismatch at dst(3,5) channel 2&#x0A;" type=""><![CDATA[/home/cjxu/npp/test/unit/nppi/nppi_geometry_transforms/test_nppi_copyConstBorder.cpp:88
Expected equality of these values:
  dstData[dstIdx]
    Which is: '\0'
  srcData[srcIdx]
    Which is: '\x17' (23)
Source copy mismatch at dst(3,5) channel 2
]]></failure>
      <failure message="/home/cjxu/npp/test/unit/nppi/nppi_geometry_transforms/test_nppi_copyConstBorder.cpp:88&#x0A;Expected equality of these values:&#x0A;  dstData[dstIdx]&#x0A;    Which is: &apos;\0&apos;&#x0A;  srcData[srcIdx]&#x0A;    Which is: &apos;\xD4&apos; (212)&#x0A;Source copy mismatch at dst(4,5) channel 0&#x0A;" type=""><![CDATA[/home/cjxu/npp/test/unit/nppi/nppi_geometry_transforms/test_nppi_copyConstBorder.cpp:88
Expected equality of these values:
  dstData[dstIdx]
    Which is: '\0'
  srcData[srcIdx]
    Which is: '\xD4' (212)
Source copy mismatch at dst(4,5) channel 0
]]></failure>
      <failure message="/home/cjxu/npp/test/unit/nppi/nppi_geometry_transforms/test_nppi_copyConstBorder.cpp:88&#x0A;Expected equality of these values:&#x0A;  dstData[dstIdx]&#x0A;    Which is: &apos;\0&apos;&#x0A;  srcData[srcIdx]&#x0A;    Which is: &apos;\x87&apos; (135)&#x0A;Source copy mismatch at dst(4,5) channel 1&#x0A;" type=""><![CDATA[/home/cjxu/npp/test/unit/nppi/nppi_geometry_transforms/test_nppi_copyConstBorder.cpp:88
Expected equality of these values:
  dstData[dstIdx]
    Which is: '\0'
  srcData[srcIdx]
    Which is: '\x87' (135)
Source copy mismatch at dst(4,5) channel 1
]]></failure>
      <failure message="/home/cjxu/npp/test/unit/nppi/nppi_geometry_transforms/test_nppi_copyConstBorder.cpp:88&#x0A;Expected equality of these values:&#x0A;  dstData[dstIdx]&#x0A;    Which is: &apos;\0&apos;&#x0A;  srcData[srcIdx]&#x0A;    Which is: &apos;*&apos; (42, 0x2A)&#x0A;Source copy mismatch at dst(4,5) channel 2&#x0A;" type=""><![CDATA[/home/cjxu/npp/test/unit/nppi/nppi_geometry_transforms/test_nppi_copyConstBorder.cpp:88
Expected equality of these values:
  dstData[dstIdx]
    Which is: '\0'
  srcData[srcIdx]
    Which is: '*' (42, 0x2A)
Source copy mismatch at dst(4,5) channel 2
]]></failure>
      <failure message="/home/cjxu/npp/test/unit/nppi/nppi_geometry_transforms/test_nppi_copyConstBorder.cpp:88&#x0A;Expected equality of these values:&#x0A;  dstData[dstIdx]&#x0A;    Which is: &apos;\0&apos;&#x0A;  srcData[srcIdx]&#x0A;    Which is: &apos;\x1&apos; (1)&#x0A;Source copy mismatch at dst(5,5) channel 0&#x0A;" type=""><![CDATA[/home/cjxu/npp/test/unit/nppi/nppi_geometry_transforms/test_nppi_copyConstBorder.cpp:88
Expected equality of these values:
  dstData[dstIdx]
    Which is: '\0'
  srcData[srcIdx]
    Which is: '\x1' (1)
Source copy mismatch at dst(5,5) channel 0
]]></failure>
      <failure message="/home/cjxu/npp/test/unit/nppi/nppi_geometry_transforms/test_nppi_copyConstBorder.cpp:88&#x0A;Expected equality of these values:&#x0A;  dstData[dstIdx]&#x0A;    Which is: &apos;\0&apos;&#x0A;  srcData[srcIdx]&#x0A;    Which is: &apos;\xE4&apos; (228)&#x0A;Source copy mismatch at dst(5,5) channel 1&#x0A;" type=""><![CDATA[/home/cjxu/npp/test/unit/nppi/nppi_geometry_transforms/test_nppi_copyConstBorder.cpp:88
Expected equality of these values:
  dstData[dstIdx]
    Which is: '\0'
  srcData[srcIdx]
    Which is: '\xE4' (228)
Source copy mismatch at dst(5,5) channel 1
]]></failure>
      <failure message="/home/cjxu/npp/test/unit/nppi/nppi_geometry_transforms/test_nppi_copyConstBorder.cpp:88&#x0A;Expected equality of these values:&#x0A;  dstData[dstIdx]&#x0A;    Which is: &apos;\0&apos;&#x0A;  srcData[srcIdx]&#x0A;    Which is: &apos;\&apos;&apos; (39, 0x27)&#x0A;Source copy mismatch at dst(5,5) channel 2&#x0A;" type=""><![CDATA[/home/cjxu/npp/test/unit/nppi/nppi_geometry_transforms/test_nppi_copyConstBorder.cpp:88
Expected equality of these values:
  dstData[dstIdx]
    Which is: '\0'
  srcData[srcIdx]
    Which is: '\'' (39, 0x27)
Source copy mismatch at dst(5,5) channel 2
]]></failure>
      <failure message="/home/cjxu/npp/test/unit/nppi/nppi_geometry_transforms/test_nppi_copyConstBorder.cpp:88&#x0A;Expected equality of these values:&#x0A;  dstData[dstIdx]&#x0A;    Which is: &apos;\0&apos;&#x0A;  srcData[srcIdx]&#x0A;    Which is: &apos;\x4&apos; (4)&#x0A;Source copy mismatch at dst(6,5) channel 0&#x0A;" type=""><![CDATA[/home/cjxu/npp/test/unit/nppi/nppi_geometry_transforms/test_nppi_copyConstBorder.cpp:88
Expected equality of these values:
  dstData[dstIdx]
    Which is: '\0'
  srcData[srcIdx]
    Which is: '\x4' (4)
Source copy mismatch at dst(6,5) channel 0
]]></failure>
      <failure message="/home/cjxu/npp/test/unit/nppi/nppi_geometry_transforms/test_nppi_copyConstBorder.cpp:88&#x0A;Expected equality of these values:&#x0A;  dstData[dstIdx]&#x0A;    Which is: &apos;\0&apos;&#x0A;  srcData[srcIdx]&#x0A;    Which is: &apos;R&apos; (82, 0x52)&#x0A;Source copy mismatch at dst(6,5) channel 1&#x0A;" type=""><![CDATA[/home/cjxu/npp/test/unit/nppi/nppi_geometry_transforms/test_nppi_copyConstBorder.cpp:88
Expected equality of these values:
  dstData[dstIdx]
    Which is: '\0'
  srcData[srcIdx]
    Which is: 'R' (82, 0x52)
Source copy mismatch at dst(6,5) channel 1
]]></failure>
      <failure message="/home/cjxu/npp/test/unit/nppi/nppi_geometry_transforms/test_nppi_copyConstBorder.cpp:88&#x0A;Expected equality of these values:&#x0A;  dstData[dstIdx]&#x0A;    Which is: &apos;\0&apos;&#x0A;  srcData[srcIdx]&#x0A;    Which is: &apos;\b&apos; (8)&#x0A;Source copy mismatch at dst(6,5) channel 2&#x0A;" type=""><![CDATA[/home/cjxu/npp/test/unit/nppi/nppi_geometry_transforms/test_nppi_copyConstBorder.cpp:88
Expected equality of these values:
  dstData[dstIdx]
    Which is: '\0'
  srcData[srcIdx]
    Which is: '\b' (8)
Source copy mismatch at dst(6,5) channel 2
]]></failure>
      <failure message="/home/cjxu/npp/test/unit/nppi/nppi_geometry_transforms/test_nppi_copyConstBorder.cpp:88&#x0A;Expected equality of these values:&#x0A;  dstData[dstIdx]&#x0A;    Which is: &apos;\0&apos;&#x0A;  srcData[srcIdx]&#x0A;    Which is: &apos;\xFC&apos; (252)&#x0A;Source copy mismatch at dst(7,5) channel 0&#x0A;" type=""><![CDATA[/home/cjxu/npp/test/unit/nppi/nppi_geometry_transforms/test_nppi_copyConstBorder.cpp:88
Expected equality of these values:
  dstData[dstIdx]
    Which is: '\0'
  srcData[srcIdx]
    Which is: '\xFC' (252)
Source copy mismatch at dst(7,5) channel 0
]]></failure>
      <failure message="/home/cjxu/npp/test/unit/nppi/nppi_geometry_transforms/test_nppi_copyConstBorder.cpp:88&#x0A;Expected equality of these values:&#x0A;  dstData[dstIdx]&#x0A;    Which is: &apos;\0&apos;&#x0A;  srcData[srcIdx]&#x0A;    Which is: &apos;\xD3&apos; (211)&#x0A;Source copy mismatch at dst(7,5) channel 1&#x0A;" type=""><![CDATA[/home/cjxu/npp/test/unit/nppi/nppi_geometry_transforms/test_nppi_copyConstBorder.cpp:88
Expected equality of these values:
  dstData[dstIdx]
    Which is: '\0'
  srcData[srcIdx]
    Which is: '\xD3' (211)
Source copy mismatch at dst(7,5) channel 1
]]></failure>
      <failure message="/home/cjxu/npp/test/unit/nppi/nppi_geometry_transforms/test_nppi_copyConstBorder.cpp:88&#x0A;Expected equality of these values:&#x0A;  dstData[dstIdx]&#x0A;    Which is: &apos;\0&apos;&#x0A;  srcData[srcIdx]&#x0A;    Which is: &apos;\xA4&apos; (164)&#x0A;Source copy mismatch at dst(7,5) channel 2&#x0A;" type=""><![CDATA[/home/cjxu/npp/test/unit/nppi/nppi_geometry_transforms/test_nppi_copyConstBorder.cpp:88
Expected equality of these values:
  dstData[dstIdx]
    Which is: '\0'
  srcData[srcIdx]
    Which is: '\xA4' (164)
Source copy mismatch at dst(7,5) channel 2
]]></failure>
      <failure message="/home/cjxu/npp/test/unit/nppi/nppi_geometry_transforms/test_nppi_copyConstBorder.cpp:88&#x0A;Expected equality of these values:&#x0A;  dstData[dstIdx]&#x0A;    Which is: &apos;\0&apos;&#x0A;  srcData[srcIdx]&#x0A;    Which is: &apos;\xBC&apos; (188)&#x0A;Source copy mismatch at dst(8,5) channel 0&#x0A;" type=""><![CDATA[/home/cjxu/npp/test/unit/nppi/nppi_geometry_transforms/test_nppi_copyConstBorder.cpp:88
Expected equality of these values:
  dstData[dstIdx]
    Which is: '\0'
  srcData[srcIdx]
    Which is: '\xBC' (188)
Source copy mismatch at dst(8,5) channel 0
]]></failure>
      <failure message="/home/cjxu/npp/test/unit/nppi/nppi_geometry_transforms/test_nppi_copyConstBorder.cpp:88&#x0A;Expected equality of these values:&#x0A;  dstData[dstIdx]&#x0A;    Which is: &apos;\0&apos;&#x0A;  srcData[srcIdx]&#x0A;    Which is: &apos;\x95&apos; (149)&#x0A;Source copy mismatch at dst(8,5) channel 1&#x0A;" type=""><![CDATA[/home/cjxu/npp/test/unit/nppi/nppi_geometry_transforms/test_nppi_copyConstBorder.cpp:88
Expected equality of these values:
  dstData[dstIdx]
    Which is: '\0'
  srcData[srcIdx]
    Which is: '\x95' (149)
Source copy mismatch at dst(8,5) channel 1
]]></failure>
      <failure message="/home/cjxu/npp/test/unit/nppi/nppi_geometry_transforms/test_nppi_copyConstBorder.cpp:88&#x0A;Expected equality of these values:&#x0A;  dstData[dstIdx]&#x0A;    Which is: &apos;\0&apos;&#x0A;  srcData[srcIdx]&#x0A;    Which is: &apos;\n&apos; (10, 0xA)&#x0A;With diff:&#x0A;@@ -1,1 +1,2 @@&#x0A;-&apos;\0&apos;&#x0A;+&apos;&#x0A;+&apos; (10, 0xA)&#x0A;&#x0A;Source copy mismatch at dst(8,5) channel 2&#x0A;" type=""><![CDATA[/home/cjxu/npp/test/unit/nppi/nppi_geometry_transforms/test_nppi_copyConstBorder.cpp:88
Expected equality of these values:
  dstData[dstIdx]
    Which is: '\0'
  srcData[srcIdx]
    Which is: '\n' (10, 0xA)
With diff:
@@ -1,1 +1,2 @@
-'\0'
+'
+' (10, 0xA)

Source copy mismatch at dst(8,5) channel 2
]]></failure>
      <failure message="/home/cjxu/npp/test/unit/nppi/nppi_geometry_transforms/test_nppi_copyConstBorder.cpp:88&#x0A;Expected equality of these values:&#x0A;  dstData[dstIdx]&#x0A;    Which is: &apos;\0&apos;&#x0A;  srcData[srcIdx]&#x0A;    Which is: &apos;\x11&apos; (17)&#x0A;Source copy mismatch at dst(9,5) channel 0&#x0A;" type=""><![CDATA[/home/cjxu/npp/test/unit/nppi/nppi_geometry_transforms/test_nppi_copyConstBorder.cpp:88
Expected equality of these values:
  dstData[dstIdx]
    Which is: '\0'
  srcData[srcIdx]
    Which is: '\x11' (17)
Source copy mismatch at dst(9,5) channel 0
]]></failure>
      <failure message="/home/cjxu/npp/test/unit/nppi/nppi_geometry_transforms/test_nppi_copyConstBorder.cpp:88&#x0A;Expected equality of these values:&#x0A;  dstData[dstIdx]&#x0A;    Which is: &apos;\0&apos;&#x0A;  srcData[srcIdx]&#x0A;    Which is: &apos;\xEB&apos; (235)&#x0A;Source copy mismatch at dst(9,5) channel 1&#x0A;" type=""><![CDATA[/home/cjxu/npp/test/unit/nppi/nppi_geometry_transforms/test_nppi_copyConstBorder.cpp:88
Expected equality of these values:
  dstData[dstIdx]
    Which is: '\0'
  srcData[srcIdx]
    Which is: '\xEB' (235)
Source copy mismatch at dst(9,5) channel 1
]]></failure>
      <failure message="/home/cjxu/npp/test/unit/nppi/nppi_geometry_transforms/test_nppi_copyConstBorder.cpp:88&#x0A;Expected equality of these values:&#x0A;  dstData[dstIdx]&#x0A;    Which is: &apos;\0&apos;&#x0A;  srcData[srcIdx]&#x0A;    Which is: &apos;\xF5&apos; (245)&#x0A;Source copy mismatch at dst(9,5) channel 2&#x0A;" type=""><![CDATA[/home/cjxu/npp/test/unit/nppi/nppi_geometry_transforms/test_nppi_copyConstBorder.cpp:88
Expected equality of these values:
  dstData[dstIdx]
    Which is: '\0'
  srcData[srcIdx]
    Which is: '\xF5' (245)
Source copy mismatch at dst(9,5) channel 2
]]></failure>
      <failure message="/home/cjxu/npp/test/unit/nppi/nppi_geometry_transforms/test_nppi_copyConstBorder.cpp:88&#x0A;Expected equality of these values:&#x0A;  dstData[dstIdx]&#x0A;    Which is: &apos;\0&apos;&#x0A;  srcData[srcIdx]&#x0A;    Which is: &apos;\xC3&apos; (195)&#x0A;Source copy mismatch at dst(10,5) channel 0&#x0A;" type=""><![CDATA[/home/cjxu/npp/test/unit/nppi/nppi_geometry_transforms/test_nppi_copyConstBorder.cpp:88
Expected equality of these values:
  dstData[dstIdx]
    Which is: '\0'
  srcData[srcIdx]
    Which is: '\xC3' (195)
Source copy mismatch at dst(10,5) channel 0
]]></failure>
      <failure message="/home/cjxu/npp/test/unit/nppi/nppi_geometry_transforms/test_nppi_copyConstBorder.cpp:88&#x0A;Expected equality of these values:&#x0A;  dstData[dstIdx]&#x0A;    Which is: &apos;\0&apos;&#x0A;  srcData[srcIdx]&#x0A;    Which is: &apos;`&apos; (96, 0x60)&#x0A;Source copy mismatch at dst(10,5) channel 1&#x0A;" type=""><![CDATA[/home/cjxu/npp/test/unit/nppi/nppi_geometry_transforms/test_nppi_copyConstBorder.cpp:88
Expected equality of these values:
  dstData[dstIdx]
    Which is: '\0'
  srcData[srcIdx]
    Which is: '`' (96, 0x60)
Source copy mismatch at dst(10,5) channel 1
]]></failure>
      <failure message="/home/cjxu/npp/test/unit/nppi/nppi_geometry_transforms/test_nppi_copyConstBorder.cpp:88&#x0A;Expected equality of these values:&#x0A;  dstData[dstIdx]&#x0A;    Which is: &apos;\0&apos;&#x0A;  srcData[srcIdx]&#x0A;    Which is: &apos;\xCF&apos; (207)&#x0A;Source copy mismatch at dst(10,5) channel 2&#x0A;" type=""><![CDATA[/home/cjxu/npp/test/unit/nppi/nppi_geometry_transforms/test_nppi_copyConstBorder.cpp:88
Expected equality of these values:
  dstData[dstIdx]
    Which is: '\0'
  srcData[srcIdx]
    Which is: '\xCF' (207)
Source copy mismatch at dst(10,5) channel 2
]]></failure>
      <failure message="/home/cjxu/npp/test/unit/nppi/nppi_geometry_transforms/test_nppi_copyConstBorder.cpp:88&#x0A;Expected equality of these values:&#x0A;  dstData[dstIdx]&#x0A;    Which is: &apos;\0&apos;&#x0A;  srcData[srcIdx]&#x0A;    Which is: &apos;\r&apos; (13, 0xD)&#x0A;Source copy mismatch at dst(11,5) channel 0&#x0A;" type=""><![CDATA[/home/cjxu/npp/test/unit/nppi/nppi_geometry_transforms/test_nppi_copyConstBorder.cpp:88
Expected equality of these values:
  dstData[dstIdx]
    Which is: '\0'
  srcData[srcIdx]
    Which is: '\r' (13, 0xD)
Source copy mismatch at dst(11,5) channel 0
]]></failure>
      <failure message="/home/cjxu/npp/test/unit/nppi/nppi_geometry_transforms/test_nppi_copyConstBorder.cpp:88&#x0A;Expected equality of these values:&#x0A;  dstData[dstIdx]&#x0A;    Which is: &apos;\0&apos;&#x0A;  srcData[srcIdx]&#x0A;    Which is: &apos;\xBE&apos; (190)&#x0A;Source copy mismatch at dst(11,5) channel 1&#x0A;" type=""><![CDATA[/home/cjxu/npp/test/unit/nppi/nppi_geometry_transforms/test_nppi_copyConstBorder.cpp:88
Expected equality of these values:
  dstData[dstIdx]
    Which is: '\0'
  srcData[srcIdx]
    Which is: '\xBE' (190)
Source copy mismatch at dst(11,5) channel 1
]]></failure>
      <failure message="/home/cjxu/npp/test/unit/nppi/nppi_geometry_transforms/test_nppi_copyConstBorder.cpp:88&#x0A;Expected equality of these values:&#x0A;  dstData[dstIdx]&#x0A;    Which is: &apos;\0&apos;&#x0A;  srcData[srcIdx]&#x0A;    Which is: &apos;\xBE&apos; (190)&#x0A;Source copy mismatch at dst(11,5) channel 2&#x0A;" type=""><![CDATA[/home/cjxu/npp/test/unit/nppi/nppi_geometry_transforms/test_nppi_copyConstBorder.cpp:88
Expected equality of these values:
  dstData[dstIdx]
    Which is: '\0'
  srcData[srcIdx]
    Which is: '\xBE' (190)
Source copy mismatch at dst(11,5) channel 2
]]></failure>
      <failure message="/home/cjxu/npp/test/unit/nppi/nppi_geometry_transforms/test_nppi_copyConstBorder.cpp:88&#x0A;Expected equality of these values:&#x0A;  dstData[dstIdx]&#x0A;    Which is: &apos;\0&apos;&#x0A;  srcData[srcIdx]&#x0A;    Which is: &apos;\xDE&apos; (222)&#x0A;Source copy mismatch at dst(12,5) channel 0&#x0A;" type=""><![CDATA[/home/cjxu/npp/test/unit/nppi/nppi_geometry_transforms/test_nppi_copyConstBorder.cpp:88
Expected equality of these values:
  dstData[dstIdx]
    Which is: '\0'
  srcData[srcIdx]
    Which is: '\xDE' (222)
Source copy mismatch at dst(12,5) channel 0
]]></failure>
      <failure message="/home/cjxu/npp/test/unit/nppi/nppi_geometry_transforms/test_nppi_copyConstBorder.cpp:88&#x0A;Expected equality of these values:&#x0A;  dstData[dstIdx]&#x0A;    Which is: &apos;\0&apos;&#x0A;  srcData[srcIdx]&#x0A;    Which is: &apos;\x1B&apos; (27)&#x0A;Source copy mismatch at dst(12,5) channel 1&#x0A;" type=""><![CDATA[/home/cjxu/npp/test/unit/nppi/nppi_geometry_transforms/test_nppi_copyConstBorder.cpp:88
Expected equality of these values:
  dstData[dstIdx]
    Which is: '\0'
  srcData[srcIdx]
    Which is: '\x1B' (27)
Source copy mismatch at dst(12,5) channel 1
]]></failure>
      <failure message="/home/cjxu/npp/test/unit/nppi/nppi_geometry_transforms/test_nppi_copyConstBorder.cpp:88&#x0A;Expected equality of these values:&#x0A;  dstData[dstIdx]&#x0A;    Which is: &apos;\0&apos;&#x0A;  srcData[srcIdx]&#x0A;    Which is: &apos;L&apos; (76, 0x4C)&#x0A;Source copy mismatch at dst(12,5) channel 2&#x0A;" type=""><![CDATA[/home/cjxu/npp/test/unit/nppi/nppi_geometry_transforms/test_nppi_copyConstBorder.cpp:88
Expected equality of these values:
  dstData[dstIdx]
    Which is: '\0'
  srcData[srcIdx]
    Which is: 'L' (76, 0x4C)
Source copy mismatch at dst(12,5) channel 2
]]></failure>
      <failure message="/home/cjxu/npp/test/unit/nppi/nppi_geometry_transforms/test_nppi_copyConstBorder.cpp:88&#x0A;Expected equality of these values:&#x0A;  dstData[dstIdx]&#x0A;    Which is: &apos;\0&apos;&#x0A;  srcData[srcIdx]&#x0A;    Which is: &apos;\xFA&apos; (250)&#x0A;Source copy mismatch at dst(13,5) channel 0&#x0A;" type=""><![CDATA[/home/cjxu/npp/test/unit/nppi/nppi_geometry_transforms/test_nppi_copyConstBorder.cpp:88
Expected equality of these values:
  dstData[dstIdx]
    Which is: '\0'
  srcData[srcIdx]
    Which is: '\xFA' (250)
Source copy mismatch at dst(13,5) channel 0
]]></failure>
      <failure message="/home/cjxu/npp/test/unit/nppi/nppi_geometry_transforms/test_nppi_copyConstBorder.cpp:88&#x0A;Expected equality of these values:&#x0A;  dstData[dstIdx]&#x0A;    Which is: &apos;\0&apos;&#x0A;  srcData[srcIdx]&#x0A;    Which is: &apos;\xBE&apos; (190)&#x0A;Source copy mismatch at dst(13,5) channel 1&#x0A;" type=""><![CDATA[/home/cjxu/npp/test/unit/nppi/nppi_geometry_transforms/test_nppi_copyConstBorder.cpp:88
Expected equality of these values:
  dstData[dstIdx]
    Which is: '\0'
  srcData[srcIdx]
    Which is: '\xBE' (190)
Source copy mismatch at dst(13,5) channel 1
]]></failure>
      <failure message="/home/cjxu/npp/test/unit/nppi/nppi_geometry_transforms/test_nppi_copyConstBorder.cpp:88&#x0A;Expected equality of these values:&#x0A;  dstData[dstIdx]&#x0A;    Which is: &apos;\0&apos;&#x0A;  srcData[srcIdx]&#x0A;    Which is: &apos;\xF3&apos; (243)&#x0A;Source copy mismatch at dst(13,5) channel 2&#x0A;" type=""><![CDATA[/home/cjxu/npp/test/unit/nppi/nppi_geometry_transforms/test_nppi_copyConstBorder.cpp:88
Expected equality of these values:
  dstData[dstIdx]
    Which is: '\0'
  srcData[srcIdx]
    Which is: '\xF3' (243)
Source copy mismatch at dst(13,5) channel 2
]]></failure>
      <failure message="/home/cjxu/npp/test/unit/nppi/nppi_geometry_transforms/test_nppi_copyConstBorder.cpp:88&#x0A;Expected equality of these values:&#x0A;  dstData[dstIdx]&#x0A;    Which is: &apos;\0&apos;&#x0A;  srcData[srcIdx]&#x0A;    Which is: &apos;\x11&apos; (17)&#x0A;Source copy mismatch at dst(14,5) channel 0&#x0A;" type=""><![CDATA[/home/cjxu/npp/test/unit/nppi/nppi_geometry_transforms/test_nppi_copyConstBorder.cpp:88
Expected equality of these values:
  dstData[dstIdx]
    Which is: '\0'
  srcData[srcIdx]
    Which is: '\x11' (17)
Source copy mismatch at dst(14,5) channel 0
]]></failure>
      <failure message="/home/cjxu/npp/test/unit/nppi/nppi_geometry_transforms/test_nppi_copyConstBorder.cpp:88&#x0A;Expected equality of these values:&#x0A;  dstData[dstIdx]&#x0A;    Which is: &apos;\0&apos;&#x0A;  srcData[srcIdx]&#x0A;    Which is: &apos;\x93&apos; (147)&#x0A;Source copy mismatch at dst(14,5) channel 1&#x0A;" type=""><![CDATA[/home/cjxu/npp/test/unit/nppi/nppi_geometry_transforms/test_nppi_copyConstBorder.cpp:88
Expected equality of these values:
  dstData[dstIdx]
    Which is: '\0'
  srcData[srcIdx]
    Which is: '\x93' (147)
Source copy mismatch at dst(14,5) channel 1
]]></failure>
      <failure message="/home/cjxu/npp/test/unit/nppi/nppi_geometry_transforms/test_nppi_copyConstBorder.cpp:88&#x0A;Expected equality of these values:&#x0A;  dstData[dstIdx]&#x0A;    Which is: &apos;\0&apos;&#x0A;  srcData[srcIdx]&#x0A;    Which is: &apos;z&apos; (122, 0x7A)&#x0A;Source copy mismatch at dst(14,5) channel 2&#x0A;" type=""><![CDATA[/home/cjxu/npp/test/unit/nppi/nppi_geometry_transforms/test_nppi_copyConstBorder.cpp:88
Expected equality of these values:
  dstData[dstIdx]
    Which is: '\0'
  srcData[srcIdx]
    Which is: 'z' (122, 0x7A)
Source copy mismatch at dst(14,5) channel 2
]]></failure>
      <failure message="/home/cjxu/npp/test/unit/nppi/nppi_geometry_transforms/test_nppi_copyConstBorder.cpp:88&#x0A;Expected equality of these values:&#x0A;  dstData[dstIdx]&#x0A;    Which is: &apos;\0&apos;&#x0A;  srcData[srcIdx]&#x0A;    Which is: &apos;;&apos; (59, 0x3B)&#x0A;Source copy mismatch at dst(15,5) channel 0&#x0A;" type=""><![CDATA[/home/cjxu/npp/test/unit/nppi/nppi_geometry_transforms/test_nppi_copyConstBorder.cpp:88
Expected equality of these values:
  dstData[dstIdx]
    Which is: '\0'
  srcData[srcIdx]
    Which is: ';' (59, 0x3B)
Source copy mismatch at dst(15,5) channel 0
]]></failure>
      <failure message="/home/cjxu/npp/test/unit/nppi/nppi_geometry_transforms/test_nppi_copyConstBorder.cpp:88&#x0A;Expected equality of these values:&#x0A;  dstData[dstIdx]&#x0A;    Which is: &apos;\0&apos;&#x0A;  srcData[srcIdx]&#x0A;    Which is: &apos;\x94&apos; (148)&#x0A;Source copy mismatch at dst(15,5) channel 1&#x0A;" type=""><![CDATA[/home/cjxu/npp/test/unit/nppi/nppi_geometry_transforms/test_nppi_copyConstBorder.cpp:88
Expected equality of these values:
  dstData[dstIdx]
    Which is: '\0'
  srcData[srcIdx]
    Which is: '\x94' (148)
Source copy mismatch at dst(15,5) channel 1
]]></failure>
      <failure message="/home/cjxu/npp/test/unit/nppi/nppi_geometry_transforms/test_nppi_copyConstBorder.cpp:88&#x0A;Expected equality of these values:&#x0A;  dstData[dstIdx]&#x0A;    Which is: &apos;\0&apos;&#x0A;  srcData[srcIdx]&#x0A;    Which is: &apos;_&apos; (95, 0x5F)&#x0A;Source copy mismatch at dst(15,5) channel 2&#x0A;" type=""><![CDATA[/home/cjxu/npp/test/unit/nppi/nppi_geometry_transforms/test_nppi_copyConstBorder.cpp:88
Expected equality of these values:
  dstData[dstIdx]
    Which is: '\0'
  srcData[srcIdx]
    Which is: '_' (95, 0x5F)
Source copy mismatch at dst(15,5) channel 2
]]></failure>
      <failure message="/home/cjxu/npp/test/unit/nppi/nppi_geometry_transforms/test_nppi_copyConstBorder.cpp:88&#x0A;Expected equality of these values:&#x0A;  dstData[dstIdx]&#x0A;    Which is: &apos;\0&apos;&#x0A;  srcData[srcIdx]&#x0A;    Which is: &apos;b&apos; (98, 0x62)&#x0A;Source copy mismatch at dst(16,5) channel 0&#x0A;" type=""><![CDATA[/home/cjxu/npp/test/unit/nppi/nppi_geometry_transforms/test_nppi_copyConstBorder.cpp:88
Expected equality of these values:
  dstData[dstIdx]
    Which is: '\0'
  srcData[srcIdx]
    Which is: 'b' (98, 0x62)
Source copy mismatch at dst(16,5) channel 0
]]></failure>
      <failure message="/home/cjxu/npp/test/unit/nppi/nppi_geometry_transforms/test_nppi_copyConstBorder.cpp:88&#x0A;Expected equality of these values:&#x0A;  dstData[dstIdx]&#x0A;    Which is: &apos;\0&apos;&#x0A;  srcData[srcIdx]&#x0A;    Which is: &apos;\x99&apos; (153)&#x0A;Source copy mismatch at dst(16,5) channel 1&#x0A;" type=""><![CDATA[/home/cjxu/npp/test/unit/nppi/nppi_geometry_transforms/test_nppi_copyConstBorder.cpp:88
Expected equality of these values:
  dstData[dstIdx]
    Which is: '\0'
  srcData[srcIdx]
    Which is: '\x99' (153)
Source copy mismatch at dst(16,5) channel 1
]]></failure>
      <failure message="/home/cjxu/npp/test/unit/nppi/nppi_geometry_transforms/test_nppi_copyConstBorder.cpp:88&#x0A;Expected equality of these values:&#x0A;  dstData[dstIdx]&#x0A;    Which is: &apos;\0&apos;&#x0A;  srcData[srcIdx]&#x0A;    Which is: &apos;\xB1&apos; (177)&#x0A;Source copy mismatch at dst(16,5) channel 2&#x0A;" type=""><![CDATA[/home/cjxu/npp/test/unit/nppi/nppi_geometry_transforms/test_nppi_copyConstBorder.cpp:88
Expected equality of these values:
  dstData[dstIdx]
    Which is: '\0'
  srcData[srcIdx]
    Which is: '\xB1' (177)
Source copy mismatch at dst(16,5) channel 2
]]></failure>
      <failure message="/home/cjxu/npp/test/unit/nppi/nppi_geometry_transforms/test_nppi_copyConstBorder.cpp:88&#x0A;Expected equality of these values:&#x0A;  dstData[dstIdx]&#x0A;    Which is: &apos;\0&apos;&#x0A;  srcData[srcIdx]&#x0A;    Which is: &apos;j&apos; (106, 0x6A)&#x0A;Source copy mismatch at dst(17,5) channel 0&#x0A;" type=""><![CDATA[/home/cjxu/npp/test/unit/nppi/nppi_geometry_transforms/test_nppi_copyConstBorder.cpp:88
Expected equality of these values:
  dstData[dstIdx]
    Which is: '\0'
  srcData[srcIdx]
    Which is: 'j' (106, 0x6A)
Source copy mismatch at dst(17,5) channel 0
]]></failure>
      <failure message="/home/cjxu/npp/test/unit/nppi/nppi_geometry_transforms/test_nppi_copyConstBorder.cpp:88&#x0A;Expected equality of these values:&#x0A;  dstData[dstIdx]&#x0A;    Which is: &apos;\0&apos;&#x0A;  srcData[srcIdx]&#x0A;    Which is: &apos;\x95&apos; (149)&#x0A;Source copy mismatch at dst(17,5) channel 1&#x0A;" type=""><![CDATA[/home/cjxu/npp/test/unit/nppi/nppi_geometry_transforms/test_nppi_copyConstBorder.cpp:88
Expected equality of these values:
  dstData[dstIdx]
    Which is: '\0'
  srcData[srcIdx]
    Which is: '\x95' (149)
Source copy mismatch at dst(17,5) channel 1
]]></failure>
      <failure message="/home/cjxu/npp/test/unit/nppi/nppi_geometry_transforms/test_nppi_copyConstBorder.cpp:88&#x0A;Expected equality of these values:&#x0A;  dstData[dstIdx]&#x0A;    Which is: &apos;\0&apos;&#x0A;  srcData[srcIdx]&#x0A;    Which is: &apos;\x84&apos; (132)&#x0A;Source copy mismatch at dst(17,5) channel 2&#x0A;" type=""><![CDATA[/home/cjxu/npp/test/unit/nppi/nppi_geometry_transforms/test_nppi_copyConstBorder.cpp:88
Expected equality of these values:
  dstData[dstIdx]
    Which is: '\0'
  srcData[srcIdx]
    Which is: '\x84' (132)
Source copy mismatch at dst(17,5) channel 2
]]></failure>
      <failure message="/home/cjxu/npp/test/unit/nppi/nppi_geometry_transforms/test_nppi_copyConstBorder.cpp:88&#x0A;Expected equality of these values:&#x0A;  dstData[dstIdx]&#x0A;    Which is: &apos;\0&apos;&#x0A;  srcData[srcIdx]&#x0A;    Which is: &apos;\xE&apos; (14)&#x0A;Source copy mismatch at dst(18,5) channel 0&#x0A;" type=""><![CDATA[/home/cjxu/npp/test/unit/nppi/nppi_geometry_transforms/test_nppi_copyConstBorder.cpp:88
Expected equality of these values:
  dstData[dstIdx]
    Which is: '\0'
  srcData[srcIdx]
    Which is: '\xE' (14)
Source copy mismatch at dst(18,5) channel 0
]]></failure>
      <failure message="/home/cjxu/npp/test/unit/nppi/nppi_geometry_transforms/test_nppi_copyConstBorder.cpp:88&#x0A;Expected equality of these values:&#x0A;  dstData[dstIdx]&#x0A;    Which is: &apos;\0&apos;&#x0A;  srcData[srcIdx]&#x0A;    Which is: &apos;Q&apos; (81, 0x51)&#x0A;Source copy mismatch at dst(18,5) channel 1&#x0A;" type=""><![CDATA[/home/cjxu/npp/test/unit/nppi/nppi_geometry_transforms/test_nppi_copyConstBorder.cpp:88
Expected equality of these values:
  dstData[dstIdx]
    Which is: '\0'
  srcData[srcIdx]
    Which is: 'Q' (81, 0x51)
Source copy mismatch at dst(18,5) channel 1
]]></failure>
      <failure message="/home/cjxu/npp/test/unit/nppi/nppi_geometry_transforms/test_nppi_copyConstBorder.cpp:88&#x0A;Expected equality of these values:&#x0A;  dstData[dstIdx]&#x0A;    Which is: &apos;\0&apos;&#x0A;  srcData[srcIdx]&#x0A;    Which is: &apos;\x19&apos; (25)&#x0A;Source copy mismatch at dst(18,5) channel 2&#x0A;" type=""><![CDATA[/home/cjxu/npp/test/unit/nppi/nppi_geometry_transforms/test_nppi_copyConstBorder.cpp:88
Expected equality of these values:
  dstData[dstIdx]
    Which is: '\0'
  srcData[srcIdx]
    Which is: '\x19' (25)
Source copy mismatch at dst(18,5) channel 2
]]></failure>
      <failure message="/home/cjxu/npp/test/unit/nppi/nppi_geometry_transforms/test_nppi_copyConstBorder.cpp:95&#x0A;Expected equality of these values:&#x0A;  dstData[dstIdx]&#x0A;    Which is: &apos;\0&apos;&#x0A;  borderValues[c]&#x0A;    Which is: &apos;d&apos; (100, 0x64)&#x0A;Border value mismatch at (19,5) channel 0&#x0A;" type=""><![CDATA[/home/cjxu/npp/test/unit/nppi/nppi_geometry_transforms/test_nppi_copyConstBorder.cpp:95
Expected equality of these values:
  dstData[dstIdx]
    Which is: '\0'
  borderValues[c]
    Which is: 'd' (100, 0x64)
Border value mismatch at (19,5) channel 0
]]></failure>
      <failure message="/home/cjxu/npp/test/unit/nppi/nppi_geometry_transforms/test_nppi_copyConstBorder.cpp:95&#x0A;Expected equality of these values:&#x0A;  dstData[dstIdx]&#x0A;    Which is: &apos;\0&apos;&#x0A;  borderValues[c]&#x0A;    Which is: &apos;\x96&apos; (150)&#x0A;Border value mismatch at (19,5) channel 1&#x0A;" type=""><![CDATA[/home/cjxu/npp/test/unit/nppi/nppi_geometry_transforms/test_nppi_copyConstBorder.cpp:95
Expected equality of these values:
  dstData[dstIdx]
    Which is: '\0'
  borderValues[c]
    Which is: '\x96' (150)
Border value mismatch at (19,5) channel 1
]]></failure>
      <failure message="/home/cjxu/npp/test/unit/nppi/nppi_geometry_transforms/test_nppi_copyConstBorder.cpp:95&#x0A;Expected equality of these values:&#x0A;  dstData[dstIdx]&#x0A;    Which is: &apos;\0&apos;&#x0A;  borderValues[c]&#x0A;    Which is: &apos;\xC8&apos; (200)&#x0A;Border value mismatch at (19,5) channel 2&#x0A;" type=""><![CDATA[/home/cjxu/npp/test/unit/nppi/nppi_geometry_transforms/test_nppi_copyConstBorder.cpp:95
Expected equality of these values:
  dstData[dstIdx]
    Which is: '\0'
  borderValues[c]
    Which is: '\xC8' (200)
Border value mismatch at (19,5) channel 2
]]></failure>
      <failure message="/home/cjxu/npp/test/unit/nppi/nppi_geometry_transforms/test_nppi_copyConstBorder.cpp:95&#x0A;Expected equality of these values:&#x0A;  dstData[dstIdx]&#x0A;    Which is: &apos;\0&apos;&#x0A;  borderValues[c]&#x0A;    Which is: &apos;d&apos; (100, 0x64)&#x0A;Border value mismatch at (20,5) channel 0&#x0A;" type=""><![CDATA[/home/cjxu/npp/test/unit/nppi/nppi_geometry_transforms/test_nppi_copyConstBorder.cpp:95
Expected equality of these values:
  dstData[dstIdx]
    Which is: '\0'
  borderValues[c]
    Which is: 'd' (100, 0x64)
Border value mismatch at (20,5) channel 0
]]></failure>
      <failure message="/home/cjxu/npp/test/unit/nppi/nppi_geometry_transforms/test_nppi_copyConstBorder.cpp:95&#x0A;Expected equality of these values:&#x0A;  dstData[dstIdx]&#x0A;    Which is: &apos;\0&apos;&#x0A;  borderValues[c]&#x0A;    Which is: &apos;\x96&apos; (150)&#x0A;Border value mismatch at (20,5) channel 1&#x0A;" type=""><![CDATA[/home/cjxu/npp/test/unit/nppi/nppi_geometry_transforms/test_nppi_copyConstBorder.cpp:95
Expected equality of these values:
  dstData[dstIdx]
    Which is: '\0'
  borderValues[c]
    Which is: '\x96' (150)
Border value mismatch at (20,5) channel 1
]]></failure>
      <failure message="/home/cjxu/npp/test/unit/nppi/nppi_geometry_transforms/test_nppi_copyConstBorder.cpp:95&#x0A;Expected equality of these values:&#x0A;  dstData[dstIdx]&#x0A;    Which is: &apos;\0&apos;&#x0A;  borderValues[c]&#x0A;    Which is: &apos;\xC8&apos; (200)&#x0A;Border value mismatch at (20,5) channel 2&#x0A;" type=""><![CDATA[/home/cjxu/npp/test/unit/nppi/nppi_geometry_transforms/test_nppi_copyConstBorder.cpp:95
Expected equality of these values:
  dstData[dstIdx]
    Which is: '\0'
  borderValues[c]
    Which is: '\xC8' (200)
Border value mismatch at (20,5) channel 2
]]></failure>
      <failure message="/home/cjxu/npp/test/unit/nppi/nppi_geometry_transforms/test_nppi_copyConstBorder.cpp:95&#x0A;Expected equality of these values:&#x0A;  dstData[dstIdx]&#x0A;    Which is: &apos;\0&apos;&#x0A;  borderValues[c]&#x0A;    Which is: &apos;d&apos; (100, 0x64)&#x0A;Border value mismatch at (21,5) channel 0&#x0A;" type=""><![CDATA[/home/cjxu/npp/test/unit/nppi/nppi_geometry_transforms/test_nppi_copyConstBorder.cpp:95
Expected equality of these values:
  dstData[dstIdx]
    Which is: '\0'
  borderValues[c]
    Which is: 'd' (100, 0x64)
Border value mismatch at (21,5) channel 0
]]></failure>
      <failure message="/home/cjxu/npp/test/unit/nppi/nppi_geometry_transforms/test_nppi_copyConstBorder.cpp:95&#x0A;Expected equality of these values:&#x0A;  dstData[dstIdx]&#x0A;    Which is: &apos;\0&apos;&#x0A;  borderValues[c]&#x0A;    Which is: &apos;\x96&apos; (150)&#x0A;Border value mismatch at (21,5) channel 1&#x0A;" type=""><![CDATA[/home/cjxu/npp/test/unit/nppi/nppi_geometry_transforms/test_nppi_copyConstBorder.cpp:95
Expected equality of these values:
  dstData[dstIdx]
    Which is: '\0'
  borderValues[c]
    Which is: '\x96' (150)
Border value mismatch at (21,5) channel 1
]]></failure>
      <failure message="/home/cjxu/npp/test/unit/nppi/nppi_geometry_transforms/test_nppi_copyConstBorder.cpp:95&#x0A;Expected equality of these values:&#x0A;  dstData[dstIdx]&#x0A;    Which is: &apos;\0&apos;&#x0A;  borderValues[c]&#x0A;    Which is: &apos;\xC8&apos; (200)&#x0A;Border value mismatch at (21,5) channel 2&#x0A;" type=""><![CDATA[/home/cjxu/npp/test/unit/nppi/nppi_geometry_transforms/test_nppi_copyConstBorder.cpp:95
Expected equality of these values:
  dstData[dstIdx]
    Which is: '\0'
  borderValues[c]
    Which is: '\xC8' (200)
Border value mismatch at (21,5) channel 2
]]></failure>
      <failure message="/home/cjxu/npp/test/unit/nppi/nppi_geometry_transforms/test_nppi_copyConstBorder.cpp:95&#x0A;Expected equality of these values:&#x0A;  dstData[dstIdx]&#x0A;    Which is: &apos;\0&apos;&#x0A;  borderValues[c]&#x0A;    Which is: &apos;d&apos; (100, 0x64)&#x0A;Border value mismatch at (22,5) channel 0&#x0A;" type=""><![CDATA[/home/cjxu/npp/test/unit/nppi/nppi_geometry_transforms/test_nppi_copyConstBorder.cpp:95
Expected equality of these values:
  dstData[dstIdx]
    Which is: '\0'
  borderValues[c]
    Which is: 'd' (100, 0x64)
Border value mismatch at (22,5) channel 0
]]></failure>
      <failure message="/home/cjxu/npp/test/unit/nppi/nppi_geometry_transforms/test_nppi_copyConstBorder.cpp:95&#x0A;Expected equality of these values:&#x0A;  dstData[dstIdx]&#x0A;    Which is: &apos;\0&apos;&#x0A;  borderValues[c]&#x0A;    Which is: &apos;\x96&apos; (150)&#x0A;Border value mismatch at (22,5) channel 1&#x0A;" type=""><![CDATA[/home/cjxu/npp/test/unit/nppi/nppi_geometry_transforms/test_nppi_copyConstBorder.cpp:95
Expected equality of these values:
  dstData[dstIdx]
    Which is: '\0'
  borderValues[c]
    Which is: '\x96' (150)
Border value mismatch at (22,5) channel 1
]]></failure>
      <failure message="/home/cjxu/npp/test/unit/nppi/nppi_geometry_transforms/test_nppi_copyConstBorder.cpp:95&#x0A;Expected equality of these values:&#x0A;  dstData[dstIdx]&#x0A;    Which is: &apos;\0&apos;&#x0A;  borderValues[c]&#x0A;    Which is: &apos;\xC8&apos; (200)&#x0A;Border value mismatch at (22,5) channel 2&#x0A;" type=""><![CDATA[/home/cjxu/npp/test/unit/nppi/nppi_geometry_transforms/test_nppi_copyConstBorder.cpp:95
Expected equality of these values:
  dstData[dstIdx]
    Which is: '\0'
  borderValues[c]
    Which is: '\xC8' (200)
Border value mismatch at (22,5) channel 2
]]></failure>
      <failure message="/home/cjxu/npp/test/unit/nppi/nppi_geometry_transforms/test_nppi_copyConstBorder.cpp:95&#x0A;Expected equality of these values:&#x0A;  dstData[dstIdx]&#x0A;    Which is: &apos;\0&apos;&#x0A;  borderValues[c]&#x0A;    Which is: &apos;d&apos; (100, 0x64)&#x0A;Border value mismatch at (23,5) channel 0&#x0A;" type=""><![CDATA[/home/cjxu/npp/test/unit/nppi/nppi_geometry_transforms/test_nppi_copyConstBorder.cpp:95
Expected equality of these values:
  dstData[dstIdx]
    Which is: '\0'
  borderValues[c]
    Which is: 'd' (100, 0x64)
Border value mismatch at (23,5) channel 0
]]></failure>
      <failure message="/home/cjxu/npp/test/unit/nppi/nppi_geometry_transforms/test_nppi_copyConstBorder.cpp:95&#x0A;Expected equality of these values:&#x0A;  dstData[dstIdx]&#x0A;    Which is: &apos;\0&apos;&#x0A;  borderValues[c]&#x0A;    Which is: &apos;\x96&apos; (150)&#x0A;Border value mismatch at (23,5) channel 1&#x0A;" type=""><![CDATA[/home/cjxu/npp/test/unit/nppi/nppi_geometry_transforms/test_nppi_copyConstBorder.cpp:95
Expected equality of these values:
  dstData[dstIdx]
    Which is: '\0'
  borderValues[c]
    Which is: '\x96' (150)
Border value mismatch at (23,5) channel 1
]]></failure>
      <failure message="/home/cjxu/npp/test/unit/nppi/nppi_geometry_transforms/test_nppi_copyConstBorder.cpp:95&#x0A;Expected equality of these values:&#x0A;  dstData[dstIdx]&#x0A;    Which is: &apos;\0&apos;&#x0A;  borderValues[c]&#x0A;    Which is: &apos;\xC8&apos; (200)&#x0A;Border value mismatch at (23,5) channel 2&#x0A;" type=""><![CDATA[/home/cjxu/npp/test/unit/nppi/nppi_geometry_transforms/test_nppi_copyConstBorder.cpp:95
Expected equality of these values:
  dstData[dstIdx]
    Which is: '\0'
  borderValues[c]
    Which is: '\xC8' (200)
Border value mismatch at (23,5) channel 2
]]></failure>
      <failure message="/home/cjxu/npp/test/unit/nppi/nppi_geometry_transforms/test_nppi_copyConstBorder.cpp:95&#x0A;Expected equality of these values:&#x0A;  dstData[dstIdx]&#x0A;    Which is: &apos;\0&apos;&#x0A;  borderValues[c]&#x0A;    Which is: &apos;d&apos; (100, 0x64)&#x0A;Border value mismatch at (0,6) channel 0&#x0A;" type=""><![CDATA[/home/cjxu/npp/test/unit/nppi/nppi_geometry_transforms/test_nppi_copyConstBorder.cpp:95
Expected equality of these values:
  dstData[dstIdx]
    Which is: '\0'
  borderValues[c]
    Which is: 'd' (100, 0x64)
Border value mismatch at (0,6) channel 0
]]></failure>
      <failure message="/home/cjxu/npp/test/unit/nppi/nppi_geometry_transforms/test_nppi_copyConstBorder.cpp:95&#x0A;Expected equality of these values:&#x0A;  dstData[dstIdx]&#x0A;    Which is: &apos;\0&apos;&#x0A;  borderValues[c]&#x0A;    Which is: &apos;\x96&apos; (150)&#x0A;Border value mismatch at (0,6) channel 1&#x0A;" type=""><![CDATA[/home/cjxu/npp/test/unit/nppi/nppi_geometry_transforms/test_nppi_copyConstBorder.cpp:95
Expected equality of these values:
  dstData[dstIdx]
    Which is: '\0'
  borderValues[c]
    Which is: '\x96' (150)
Border value mismatch at (0,6) channel 1
]]></failure>
      <failure message="/home/cjxu/npp/test/unit/nppi/nppi_geometry_transforms/test_nppi_copyConstBorder.cpp:95&#x0A;Expected equality of these values:&#x0A;  dstData[dstIdx]&#x0A;    Which is: &apos;\0&apos;&#x0A;  borderValues[c]&#x0A;    Which is: &apos;\xC8&apos; (200)&#x0A;Border value mismatch at (0,6) channel 2&#x0A;" type=""><![CDATA[/home/cjxu/npp/test/unit/nppi/nppi_geometry_transforms/test_nppi_copyConstBorder.cpp:95
Expected equality of these values:
  dstData[dstIdx]
    Which is: '\0'
  borderValues[c]
    Which is: '\xC8' (200)
Border value mismatch at (0,6) channel 2
]]></failure>
      <failure message="/home/cjxu/npp/test/unit/nppi/nppi_geometry_transforms/test_nppi_copyConstBorder.cpp:95&#x0A;Expected equality of these values:&#x0A;  dstData[dstIdx]&#x0A;    Which is: &apos;\0&apos;&#x0A;  borderValues[c]&#x0A;    Which is: &apos;d&apos; (100, 0x64)&#x0A;Border value mismatch at (1,6) channel 0&#x0A;" type=""><![CDATA[/home/cjxu/npp/test/unit/nppi/nppi_geometry_transforms/test_nppi_copyConstBorder.cpp:95
Expected equality of these values:
  dstData[dstIdx]
    Which is: '\0'
  borderValues[c]
    Which is: 'd' (100, 0x64)
Border value mismatch at (1,6) channel 0
]]></failure>
      <failure message="/home/cjxu/npp/test/unit/nppi/nppi_geometry_transforms/test_nppi_copyConstBorder.cpp:95&#x0A;Expected equality of these values:&#x0A;  dstData[dstIdx]&#x0A;    Which is: &apos;\0&apos;&#x0A;  borderValues[c]&#x0A;    Which is: &apos;\x96&apos; (150)&#x0A;Border value mismatch at (1,6) channel 1&#x0A;" type=""><![CDATA[/home/cjxu/npp/test/unit/nppi/nppi_geometry_transforms/test_nppi_copyConstBorder.cpp:95
Expected equality of these values:
  dstData[dstIdx]
    Which is: '\0'
  borderValues[c]
    Which is: '\x96' (150)
Border value mismatch at (1,6) channel 1
]]></failure>
      <failure message="/home/cjxu/npp/test/unit/nppi/nppi_geometry_transforms/test_nppi_copyConstBorder.cpp:95&#x0A;Expected equality of these values:&#x0A;  dstData[dstIdx]&#x0A;    Which is: &apos;\0&apos;&#x0A;  borderValues[c]&#x0A;    Which is: &apos;\xC8&apos; (200)&#x0A;Border value mismatch at (1,6) channel 2&#x0A;" type=""><![CDATA[/home/cjxu/npp/test/unit/nppi/nppi_geometry_transforms/test_nppi_copyConstBorder.cpp:95
Expected equality of these values:
  dstData[dstIdx]
    Which is: '\0'
  borderValues[c]
    Which is: '\xC8' (200)
Border value mismatch at (1,6) channel 2
]]></failure>
      <failure message="/home/cjxu/npp/test/unit/nppi/nppi_geometry_transforms/test_nppi_copyConstBorder.cpp:95&#x0A;Expected equality of these values:&#x0A;  dstData[dstIdx]&#x0A;    Which is: &apos;\0&apos;&#x0A;  borderValues[c]&#x0A;    Which is: &apos;d&apos; (100, 0x64)&#x0A;Border value mismatch at (2,6) channel 0&#x0A;" type=""><![CDATA[/home/cjxu/npp/test/unit/nppi/nppi_geometry_transforms/test_nppi_copyConstBorder.cpp:95
Expected equality of these values:
  dstData[dstIdx]
    Which is: '\0'
  borderValues[c]
    Which is: 'd' (100, 0x64)
Border value mismatch at (2,6) channel 0
]]></failure>
      <failure message="/home/cjxu/npp/test/unit/nppi/nppi_geometry_transforms/test_nppi_copyConstBorder.cpp:95&#x0A;Expected equality of these values:&#x0A;  dstData[dstIdx]&#x0A;    Which is: &apos;\0&apos;&#x0A;  borderValues[c]&#x0A;    Which is: &apos;\x96&apos; (150)&#x0A;Border value mismatch at (2,6) channel 1&#x0A;" type=""><![CDATA[/home/cjxu/npp/test/unit/nppi/nppi_geometry_transforms/test_nppi_copyConstBorder.cpp:95
Expected equality of these values:
  dstData[dstIdx]
    Which is: '\0'
  borderValues[c]
    Which is: '\x96' (150)
Border value mismatch at (2,6) channel 1
]]></failure>
      <failure message="/home/cjxu/npp/test/unit/nppi/nppi_geometry_transforms/test_nppi_copyConstBorder.cpp:95&#x0A;Expected equality of these values:&#x0A;  dstData[dstIdx]&#x0A;    Which is: &apos;\0&apos;&#x0A;  borderValues[c]&#x0A;    Which is: &apos;\xC8&apos; (200)&#x0A;Border value mismatch at (2,6) channel 2&#x0A;" type=""><![CDATA[/home/cjxu/npp/test/unit/nppi/nppi_geometry_transforms/test_nppi_copyConstBorder.cpp:95
Expected equality of these values:
  dstData[dstIdx]
    Which is: '\0'
  borderValues[c]
    Which is: '\xC8' (200)
Border value mismatch at (2,6) channel 2
]]></failure>
      <failure message="/home/cjxu/npp/test/unit/nppi/nppi_geometry_transforms/test_nppi_copyConstBorder.cpp:88&#x0A;Expected equality of these values:&#x0A;  dstData[dstIdx]&#x0A;    Which is: &apos;\0&apos;&#x0A;  srcData[srcIdx]&#x0A;    Which is: &apos;\x18&apos; (24)&#x0A;Source copy mismatch at dst(3,6) channel 0&#x0A;" type=""><![CDATA[/home/cjxu/npp/test/unit/nppi/nppi_geometry_transforms/test_nppi_copyConstBorder.cpp:88
Expected equality of these values:
  dstData[dstIdx]
    Which is: '\0'
  srcData[srcIdx]
    Which is: '\x18' (24)
Source copy mismatch at dst(3,6) channel 0
]]></failure>
      <failure message="/home/cjxu/npp/test/unit/nppi/nppi_geometry_transforms/test_nppi_copyConstBorder.cpp:88&#x0A;Expected equality of these values:&#x0A;  dstData[dstIdx]&#x0A;    Which is: &apos;\0&apos;&#x0A;  srcData[srcIdx]&#x0A;    Which is: &apos;c&apos; (99, 0x63)&#x0A;Source copy mismatch at dst(3,6) channel 1&#x0A;" type=""><![CDATA[/home/cjxu/npp/test/unit/nppi/nppi_geometry_transforms/test_nppi_copyConstBorder.cpp:88
Expected equality of these values:
  dstData[dstIdx]
    Which is: '\0'
  srcData[srcIdx]
    Which is: 'c' (99, 0x63)
Source copy mismatch at dst(3,6) channel 1
]]></failure>
      <failure message="/home/cjxu/npp/test/unit/nppi/nppi_geometry_transforms/test_nppi_copyConstBorder.cpp:88&#x0A;Expected equality of these values:&#x0A;  dstData[dstIdx]&#x0A;    Which is: &apos;\0&apos;&#x0A;  srcData[srcIdx]&#x0A;    Which is: &apos;\x4&apos; (4)&#x0A;Source copy mismatch at dst(3,6) channel 2&#x0A;" type=""><![CDATA[/home/cjxu/npp/test/unit/nppi/nppi_geometry_transforms/test_nppi_copyConstBorder.cpp:88
Expected equality of these values:
  dstData[dstIdx]
    Which is: '\0'
  srcData[srcIdx]
    Which is: '\x4' (4)
Source copy mismatch at dst(3,6) channel 2
]]></failure>
      <failure message="/home/cjxu/npp/test/unit/nppi/nppi_geometry_transforms/test_nppi_copyConstBorder.cpp:88&#x0A;Expected equality of these values:&#x0A;  dstData[dstIdx]&#x0A;    Which is: &apos;\0&apos;&#x0A;  srcData[srcIdx]&#x0A;    Which is: &apos;\xE&apos; (14)&#x0A;Source copy mismatch at dst(4,6) channel 0&#x0A;" type=""><![CDATA[/home/cjxu/npp/test/unit/nppi/nppi_geometry_transforms/test_nppi_copyConstBorder.cpp:88
Expected equality of these values:
  dstData[dstIdx]
    Which is: '\0'
  srcData[srcIdx]
    Which is: '\xE' (14)
Source copy mismatch at dst(4,6) channel 0
]]></failure>
      <failure message="/home/cjxu/npp/test/unit/nppi/nppi_geometry_transforms/test_nppi_copyConstBorder.cpp:88&#x0A;Expected equality of these values:&#x0A;  dstData[dstIdx]&#x0A;    Which is: &apos;\0&apos;&#x0A;  srcData[srcIdx]&#x0A;    Which is: &apos;&amp;&apos; (38, 0x26)&#x0A;Source copy mismatch at dst(4,6) channel 1&#x0A;" type=""><![CDATA[/home/cjxu/npp/test/unit/nppi/nppi_geometry_transforms/test_nppi_copyConstBorder.cpp:88
Expected equality of these values:
  dstData[dstIdx]
    Which is: '\0'
  srcData[srcIdx]
    Which is: '&' (38, 0x26)
Source copy mismatch at dst(4,6) channel 1
]]></failure>
      <failure message="/home/cjxu/npp/test/unit/nppi/nppi_geometry_transforms/test_nppi_copyConstBorder.cpp:88&#x0A;Expected equality of these values:&#x0A;  dstData[dstIdx]&#x0A;    Which is: &apos;\0&apos;&#x0A;  srcData[srcIdx]&#x0A;    Which is: &apos;e&apos; (101, 0x65)&#x0A;Source copy mismatch at dst(4,6) channel 2&#x0A;" type=""><![CDATA[/home/cjxu/npp/test/unit/nppi/nppi_geometry_transforms/test_nppi_copyConstBorder.cpp:88
Expected equality of these values:
  dstData[dstIdx]
    Which is: '\0'
  srcData[srcIdx]
    Which is: 'e' (101, 0x65)
Source copy mismatch at dst(4,6) channel 2
]]></failure>
      <failure message="/home/cjxu/npp/test/unit/nppi/nppi_geometry_transforms/test_nppi_copyConstBorder.cpp:88&#x0A;Expected equality of these values:&#x0A;  dstData[dstIdx]&#x0A;    Which is: &apos;\0&apos;&#x0A;  srcData[srcIdx]&#x0A;    Which is: &apos;\xDD&apos; (221)&#x0A;Source copy mismatch at dst(5,6) channel 0&#x0A;" type=""><![CDATA[/home/cjxu/npp/test/unit/nppi/nppi_geometry_transforms/test_nppi_copyConstBorder.cpp:88
Expected equality of these values:
  dstData[dstIdx]
    Which is: '\0'
  srcData[srcIdx]
    Which is: '\xDD' (221)
Source copy mismatch at dst(5,6) channel 0
]]></failure>
      <failure message="/home/cjxu/npp/test/unit/nppi/nppi_geometry_transforms/test_nppi_copyConstBorder.cpp:88&#x0A;Expected equality of these values:&#x0A;  dstData[dstIdx]&#x0A;    Which is: &apos;\0&apos;&#x0A;  srcData[srcIdx]&#x0A;    Which is: &apos;4&apos; (52, 0x34)&#x0A;Source copy mismatch at dst(5,6) channel 1&#x0A;" type=""><![CDATA[/home/cjxu/npp/test/unit/nppi/nppi_geometry_transforms/test_nppi_copyConstBorder.cpp:88
Expected equality of these values:
  dstData[dstIdx]
    Which is: '\0'
  srcData[srcIdx]
    Which is: '4' (52, 0x34)
Source copy mismatch at dst(5,6) channel 1
]]></failure>
      <failure message="/home/cjxu/npp/test/unit/nppi/nppi_geometry_transforms/test_nppi_copyConstBorder.cpp:88&#x0A;Expected equality of these values:&#x0A;  dstData[dstIdx]&#x0A;    Which is: &apos;\0&apos;&#x0A;  srcData[srcIdx]&#x0A;    Which is: &apos;#&apos; (35, 0x23)&#x0A;Source copy mismatch at dst(5,6) channel 2&#x0A;" type=""><![CDATA[/home/cjxu/npp/test/unit/nppi/nppi_geometry_transforms/test_nppi_copyConstBorder.cpp:88
Expected equality of these values:
  dstData[dstIdx]
    Which is: '\0'
  srcData[srcIdx]
    Which is: '#' (35, 0x23)
Source copy mismatch at dst(5,6) channel 2
]]></failure>
      <failure message="/home/cjxu/npp/test/unit/nppi/nppi_geometry_transforms/test_nppi_copyConstBorder.cpp:88&#x0A;Expected equality of these values:&#x0A;  dstData[dstIdx]&#x0A;    Which is: &apos;\0&apos;&#x0A;  srcData[srcIdx]&#x0A;    Which is: &apos;\x9B&apos; (155)&#x0A;Source copy mismatch at dst(6,6) channel 0&#x0A;" type=""><![CDATA[/home/cjxu/npp/test/unit/nppi/nppi_geometry_transforms/test_nppi_copyConstBorder.cpp:88
Expected equality of these values:
  dstData[dstIdx]
    Which is: '\0'
  srcData[srcIdx]
    Which is: '\x9B' (155)
Source copy mismatch at dst(6,6) channel 0
]]></failure>
      <failure message="/home/cjxu/npp/test/unit/nppi/nppi_geometry_transforms/test_nppi_copyConstBorder.cpp:88&#x0A;Expected equality of these values:&#x0A;  dstData[dstIdx]&#x0A;    Which is: &apos;\0&apos;&#x0A;  srcData[srcIdx]&#x0A;    Which is: &apos;\x12&apos; (18)&#x0A;Source copy mismatch at dst(6,6) channel 1&#x0A;" type=""><![CDATA[/home/cjxu/npp/test/unit/nppi/nppi_geometry_transforms/test_nppi_copyConstBorder.cpp:88
Expected equality of these values:
  dstData[dstIdx]
    Which is: '\0'
  srcData[srcIdx]
    Which is: '\x12' (18)
Source copy mismatch at dst(6,6) channel 1
]]></failure>
      <failure message="/home/cjxu/npp/test/unit/nppi/nppi_geometry_transforms/test_nppi_copyConstBorder.cpp:88&#x0A;Expected equality of these values:&#x0A;  dstData[dstIdx]&#x0A;    Which is: &apos;\0&apos;&#x0A;  srcData[srcIdx]&#x0A;    Which is: &apos;&gt;&apos; (62, 0x3E)&#x0A;Source copy mismatch at dst(6,6) channel 2&#x0A;" type=""><![CDATA[/home/cjxu/npp/test/unit/nppi/nppi_geometry_transforms/test_nppi_copyConstBorder.cpp:88
Expected equality of these values:
  dstData[dstIdx]
    Which is: '\0'
  srcData[srcIdx]
    Which is: '>' (62, 0x3E)
Source copy mismatch at dst(6,6) channel 2
]]></failure>
      <failure message="/home/cjxu/npp/test/unit/nppi/nppi_geometry_transforms/test_nppi_copyConstBorder.cpp:88&#x0A;Expected equality of these values:&#x0A;  dstData[dstIdx]&#x0A;    Which is: &apos;\0&apos;&#x0A;  srcData[srcIdx]&#x0A;    Which is: &apos;\xE7&apos; (231)&#x0A;Source copy mismatch at dst(7,6) channel 0&#x0A;" type=""><![CDATA[/home/cjxu/npp/test/unit/nppi/nppi_geometry_transforms/test_nppi_copyConstBorder.cpp:88
Expected equality of these values:
  dstData[dstIdx]
    Which is: '\0'
  srcData[srcIdx]
    Which is: '\xE7' (231)
Source copy mismatch at dst(7,6) channel 0
]]></failure>
      <failure message="/home/cjxu/npp/test/unit/nppi/nppi_geometry_transforms/test_nppi_copyConstBorder.cpp:88&#x0A;Expected equality of these values:&#x0A;  dstData[dstIdx]&#x0A;    Which is: &apos;\0&apos;&#x0A;  srcData[srcIdx]&#x0A;    Which is: &apos;\f&apos; (12, 0xC)&#x0A;Source copy mismatch at dst(7,6) channel 1&#x0A;" type=""><![CDATA[/home/cjxu/npp/test/unit/nppi/nppi_geometry_transforms/test_nppi_copyConstBorder.cpp:88
Expected equality of these values:
  dstData[dstIdx]
    Which is: '\0'
  srcData[srcIdx]
    Which is: '\f' (12, 0xC)
Source copy mismatch at dst(7,6) channel 1
]]></failure>
      <failure message="/home/cjxu/npp/test/unit/nppi/nppi_geometry_transforms/test_nppi_copyConstBorder.cpp:88&#x0A;Expected equality of these values:&#x0A;  dstData[dstIdx]&#x0A;    Which is: &apos;\0&apos;&#x0A;  srcData[srcIdx]&#x0A;    Which is: &apos;\xFD&apos; (253)&#x0A;Source copy mismatch at dst(7,6) channel 2&#x0A;" type=""><![CDATA[/home/cjxu/npp/test/unit/nppi/nppi_geometry_transforms/test_nppi_copyConstBorder.cpp:88
Expected equality of these values:
  dstData[dstIdx]
    Which is: '\0'
  srcData[srcIdx]
    Which is: '\xFD' (253)
Source copy mismatch at dst(7,6) channel 2
]]></failure>
      <failure message="/home/cjxu/npp/test/unit/nppi/nppi_geometry_transforms/test_nppi_copyConstBorder.cpp:88&#x0A;Expected equality of these values:&#x0A;  dstData[dstIdx]&#x0A;    Which is: &apos;\0&apos;&#x0A;  srcData[srcIdx]&#x0A;    Which is: &apos;\xDA&apos; (218)&#x0A;Source copy mismatch at dst(8,6) channel 0&#x0A;" type=""><![CDATA[/home/cjxu/npp/test/unit/nppi/nppi_geometry_transforms/test_nppi_copyConstBorder.cpp:88
Expected equality of these values:
  dstData[dstIdx]
    Which is: '\0'
  srcData[srcIdx]
    Which is: '\xDA' (218)
Source copy mismatch at dst(8,6) channel 0
]]></failure>
      <failure message="/home/cjxu/npp/test/unit/nppi/nppi_geometry_transforms/test_nppi_copyConstBorder.cpp:88&#x0A;Expected equality of these values:&#x0A;  dstData[dstIdx]&#x0A;    Which is: &apos;\0&apos;&#x0A;  srcData[srcIdx]&#x0A;    Which is: &apos;\x1D&apos; (29)&#x0A;Source copy mismatch at dst(8,6) channel 1&#x0A;" type=""><![CDATA[/home/cjxu/npp/test/unit/nppi/nppi_geometry_transforms/test_nppi_copyConstBorder.cpp:88
Expected equality of these values:
  dstData[dstIdx]
    Which is: '\0'
  srcData[srcIdx]
    Which is: '\x1D' (29)
Source copy mismatch at dst(8,6) channel 1
]]></failure>
      <failure message="/home/cjxu/npp/test/unit/nppi/nppi_geometry_transforms/test_nppi_copyConstBorder.cpp:88&#x0A;Expected equality of these values:&#x0A;  dstData[dstIdx]&#x0A;    Which is: &apos;\0&apos;&#x0A;  srcData[srcIdx]&#x0A;    Which is: &apos;\x90&apos; (144)&#x0A;Source copy mismatch at dst(8,6) channel 2&#x0A;" type=""><![CDATA[/home/cjxu/npp/test/unit/nppi/nppi_geometry_transforms/test_nppi_copyConstBorder.cpp:88
Expected equality of these values:
  dstData[dstIdx]
    Which is: '\0'
  srcData[srcIdx]
    Which is: '\x90' (144)
Source copy mismatch at dst(8,6) channel 2
]]></failure>
      <failure message="/home/cjxu/npp/test/unit/nppi/nppi_geometry_transforms/test_nppi_copyConstBorder.cpp:88&#x0A;Expected equality of these values:&#x0A;  dstData[dstIdx]&#x0A;    Which is: &apos;\0&apos;&#x0A;  srcData[srcIdx]&#x0A;    Which is: &apos;U&apos; (85, 0x55)&#x0A;Source copy mismatch at dst(9,6) channel 0&#x0A;" type=""><![CDATA[/home/cjxu/npp/test/unit/nppi/nppi_geometry_transforms/test_nppi_copyConstBorder.cpp:88
Expected equality of these values:
  dstData[dstIdx]
    Which is: '\0'
  srcData[srcIdx]
    Which is: 'U' (85, 0x55)
Source copy mismatch at dst(9,6) channel 0
]]></failure>
      <failure message="/home/cjxu/npp/test/unit/nppi/nppi_geometry_transforms/test_nppi_copyConstBorder.cpp:88&#x0A;Expected equality of these values:&#x0A;  dstData[dstIdx]&#x0A;    Which is: &apos;\0&apos;&#x0A;  srcData[srcIdx]&#x0A;    Which is: &apos;X&apos; (88, 0x58)&#x0A;Source copy mismatch at dst(9,6) channel 1&#x0A;" type=""><![CDATA[/home/cjxu/npp/test/unit/nppi/nppi_geometry_transforms/test_nppi_copyConstBorder.cpp:88
Expected equality of these values:
  dstData[dstIdx]
    Which is: '\0'
  srcData[srcIdx]
    Which is: 'X' (88, 0x58)
Source copy mismatch at dst(9,6) channel 1
]]></failure>
      <failure message="/home/cjxu/npp/test/unit/nppi/nppi_geometry_transforms/test_nppi_copyConstBorder.cpp:88&#x0A;Expected equality of these values:&#x0A;  dstData[dstIdx]&#x0A;    Which is: &apos;\0&apos;&#x0A;  srcData[srcIdx]&#x0A;    Which is: &apos;$&apos; (36, 0x24)&#x0A;Source copy mismatch at dst(9,6) channel 2&#x0A;" type=""><![CDATA[/home/cjxu/npp/test/unit/nppi/nppi_geometry_transforms/test_nppi_copyConstBorder.cpp:88
Expected equality of these values:
  dstData[dstIdx]
    Which is: '\0'
  srcData[srcIdx]
    Which is: '$' (36, 0x24)
Source copy mismatch at dst(9,6) channel 2
]]></failure>
      <failure message="/home/cjxu/npp/test/unit/nppi/nppi_geometry_transforms/test_nppi_copyConstBorder.cpp:88&#x0A;Expected equality of these values:&#x0A;  dstData[dstIdx]&#x0A;    Which is: &apos;\0&apos;&#x0A;  srcData[srcIdx]&#x0A;    Which is: &apos;\xB4&apos; (180)&#x0A;Source copy mismatch at dst(10,6) channel 0&#x0A;" type=""><![CDATA[/home/cjxu/npp/test/unit/nppi/nppi_geometry_transforms/test_nppi_copyConstBorder.cpp:88
Expected equality of these values:
  dstData[dstIdx]
    Which is: '\0'
  srcData[srcIdx]
    Which is: '\xB4' (180)
Source copy mismatch at dst(10,6) channel 0
]]></failure>
      <failure message="/home/cjxu/npp/test/unit/nppi/nppi_geometry_transforms/test_nppi_copyConstBorder.cpp:88&#x0A;Expected equality of these values:&#x0A;  dstData[dstIdx]&#x0A;    Which is: &apos;\0&apos;&#x0A;  srcData[srcIdx]&#x0A;    Which is: &apos;\xBA&apos; (186)&#x0A;Source copy mismatch at dst(10,6) channel 1&#x0A;" type=""><![CDATA[/home/cjxu/npp/test/unit/nppi/nppi_geometry_transforms/test_nppi_copyConstBorder.cpp:88
Expected equality of these values:
  dstData[dstIdx]
    Which is: '\0'
  srcData[srcIdx]
    Which is: '\xBA' (186)
Source copy mismatch at dst(10,6) channel 1
]]></failure>
      <failure message="/home/cjxu/npp/test/unit/nppi/nppi_geometry_transforms/test_nppi_copyConstBorder.cpp:88&#x0A;Expected equality of these values:&#x0A;  dstData[dstIdx]&#x0A;    Which is: &apos;\0&apos;&#x0A;  srcData[srcIdx]&#x0A;    Which is: &apos;\xBD&apos; (189)&#x0A;Source copy mismatch at dst(10,6) channel 2&#x0A;" type=""><![CDATA[/home/cjxu/npp/test/unit/nppi/nppi_geometry_transforms/test_nppi_copyConstBorder.cpp:88
Expected equality of these values:
  dstData[dstIdx]
    Which is: '\0'
  srcData[srcIdx]
    Which is: '\xBD' (189)
Source copy mismatch at dst(10,6) channel 2
]]></failure>
      <failure message="/home/cjxu/npp/test/unit/nppi/nppi_geometry_transforms/test_nppi_copyConstBorder.cpp:88&#x0A;Expected equality of these values:&#x0A;  dstData[dstIdx]&#x0A;    Which is: &apos;\0&apos;&#x0A;  srcData[srcIdx]&#x0A;    Which is: &apos;e&apos; (101, 0x65)&#x0A;Source copy mismatch at dst(11,6) channel 0&#x0A;" type=""><![CDATA[/home/cjxu/npp/test/unit/nppi/nppi_geometry_transforms/test_nppi_copyConstBorder.cpp:88
Expected equality of these values:
  dstData[dstIdx]
    Which is: '\0'
  srcData[srcIdx]
    Which is: 'e' (101, 0x65)
Source copy mismatch at dst(11,6) channel 0
]]></failure>
      <failure message="/home/cjxu/npp/test/unit/nppi/nppi_geometry_transforms/test_nppi_copyConstBorder.cpp:88&#x0A;Expected equality of these values:&#x0A;  dstData[dstIdx]&#x0A;    Which is: &apos;\0&apos;&#x0A;  srcData[srcIdx]&#x0A;    Which is: &apos;%&apos; (37, 0x25)&#x0A;Source copy mismatch at dst(11,6) channel 1&#x0A;" type=""><![CDATA[/home/cjxu/npp/test/unit/nppi/nppi_geometry_transforms/test_nppi_copyConstBorder.cpp:88
Expected equality of these values:
  dstData[dstIdx]
    Which is: '\0'
  srcData[srcIdx]
    Which is: '%' (37, 0x25)
Source copy mismatch at dst(11,6) channel 1
]]></failure>
      <failure message="/home/cjxu/npp/test/unit/nppi/nppi_geometry_transforms/test_nppi_copyConstBorder.cpp:88&#x0A;Expected equality of these values:&#x0A;  dstData[dstIdx]&#x0A;    Which is: &apos;\0&apos;&#x0A;  srcData[srcIdx]&#x0A;    Which is: &apos;S&apos; (83, 0x53)&#x0A;Source copy mismatch at dst(11,6) channel 2&#x0A;" type=""><![CDATA[/home/cjxu/npp/test/unit/nppi/nppi_geometry_transforms/test_nppi_copyConstBorder.cpp:88
Expected equality of these values:
  dstData[dstIdx]
    Which is: '\0'
  srcData[srcIdx]
    Which is: 'S' (83, 0x53)
Source copy mismatch at dst(11,6) channel 2
]]></failure>
      <failure message="/home/cjxu/npp/test/unit/nppi/nppi_geometry_transforms/test_nppi_copyConstBorder.cpp:88&#x0A;Expected equality of these values:&#x0A;  dstData[dstIdx]&#x0A;    Which is: &apos;\0&apos;&#x0A;  srcData[srcIdx]&#x0A;    Which is: &apos;\xEA&apos; (234)&#x0A;Source copy mismatch at dst(12,6) channel 0&#x0A;" type=""><![CDATA[/home/cjxu/npp/test/unit/nppi/nppi_geometry_transforms/test_nppi_copyConstBorder.cpp:88
Expected equality of these values:
  dstData[dstIdx]
    Which is: '\0'
  srcData[srcIdx]
    Which is: '\xEA' (234)
Source copy mismatch at dst(12,6) channel 0
]]></failure>
      <failure message="/home/cjxu/npp/test/unit/nppi/nppi_geometry_transforms/test_nppi_copyConstBorder.cpp:88&#x0A;Expected equality of these values:&#x0A;  dstData[dstIdx]&#x0A;    Which is: &apos;\0&apos;&#x0A;  srcData[srcIdx]&#x0A;    Which is: &apos;3&apos; (51, 0x33)&#x0A;Source copy mismatch at dst(12,6) channel 1&#x0A;" type=""><![CDATA[/home/cjxu/npp/test/unit/nppi/nppi_geometry_transforms/test_nppi_copyConstBorder.cpp:88
Expected equality of these values:
  dstData[dstIdx]
    Which is: '\0'
  srcData[srcIdx]
    Which is: '3' (51, 0x33)
Source copy mismatch at dst(12,6) channel 1
]]></failure>
      <failure message="/home/cjxu/npp/test/unit/nppi/nppi_geometry_transforms/test_nppi_copyConstBorder.cpp:88&#x0A;Expected equality of these values:&#x0A;  dstData[dstIdx]&#x0A;    Which is: &apos;\0&apos;&#x0A;  srcData[srcIdx]&#x0A;    Which is: &apos;\xA4&apos; (164)&#x0A;Source copy mismatch at dst(12,6) channel 2&#x0A;" type=""><![CDATA[/home/cjxu/npp/test/unit/nppi/nppi_geometry_transforms/test_nppi_copyConstBorder.cpp:88
Expected equality of these values:
  dstData[dstIdx]
    Which is: '\0'
  srcData[srcIdx]
    Which is: '\xA4' (164)
Source copy mismatch at dst(12,6) channel 2
]]></failure>
      <failure message="/home/cjxu/npp/test/unit/nppi/nppi_geometry_transforms/test_nppi_copyConstBorder.cpp:88&#x0A;Expected equality of these values:&#x0A;  dstData[dstIdx]&#x0A;    Which is: &apos;\0&apos;&#x0A;  srcData[srcIdx]&#x0A;    Which is: &apos;\x3&apos; (3)&#x0A;Source copy mismatch at dst(13,6) channel 0&#x0A;" type=""><![CDATA[/home/cjxu/npp/test/unit/nppi/nppi_geometry_transforms/test_nppi_copyConstBorder.cpp:88
Expected equality of these values:
  dstData[dstIdx]
    Which is: '\0'
  srcData[srcIdx]
    Which is: '\x3' (3)
Source copy mismatch at dst(13,6) channel 0
]]></failure>
      <failure message="/home/cjxu/npp/test/unit/nppi/nppi_geometry_transforms/test_nppi_copyConstBorder.cpp:88&#x0A;Expected equality of these values:&#x0A;  dstData[dstIdx]&#x0A;    Which is: &apos;\0&apos;&#x0A;  srcData[srcIdx]&#x0A;    Which is: &apos;L&apos; (76, 0x4C)&#x0A;Source copy mismatch at dst(13,6) channel 1&#x0A;" type=""><![CDATA[/home/cjxu/npp/test/unit/nppi/nppi_geometry_transforms/test_nppi_copyConstBorder.cpp:88
Expected equality of these values:
  dstData[dstIdx]
    Which is: '\0'
  srcData[srcIdx]
    Which is: 'L' (76, 0x4C)
Source copy mismatch at dst(13,6) channel 1
]]></failure>
      <failure message="/home/cjxu/npp/test/unit/nppi/nppi_geometry_transforms/test_nppi_copyConstBorder.cpp:88&#x0A;Expected equality of these values:&#x0A;  dstData[dstIdx]&#x0A;    Which is: &apos;\0&apos;&#x0A;  srcData[srcIdx]&#x0A;    Which is: &apos;\a&apos; (7)&#x0A;Source copy mismatch at dst(13,6) channel 2&#x0A;" type=""><![CDATA[/home/cjxu/npp/test/unit/nppi/nppi_geometry_transforms/test_nppi_copyConstBorder.cpp:88
Expected equality of these values:
  dstData[dstIdx]
    Which is: '\0'
  srcData[srcIdx]
    Which is: '\a' (7)
Source copy mismatch at dst(13,6) channel 2
]]></failure>
      <failure message="/home/cjxu/npp/test/unit/nppi/nppi_geometry_transforms/test_nppi_copyConstBorder.cpp:88&#x0A;Expected equality of these values:&#x0A;  dstData[dstIdx]&#x0A;    Which is: &apos;\0&apos;&#x0A;  srcData[srcIdx]&#x0A;    Which is: &apos;\b&apos; (8)&#x0A;Source copy mismatch at dst(14,6) channel 0&#x0A;" type=""><![CDATA[/home/cjxu/npp/test/unit/nppi/nppi_geometry_transforms/test_nppi_copyConstBorder.cpp:88
Expected equality of these values:
  dstData[dstIdx]
    Which is: '\0'
  srcData[srcIdx]
    Which is: '\b' (8)
Source copy mismatch at dst(14,6) channel 0
]]></failure>
      <failure message="/home/cjxu/npp/test/unit/nppi/nppi_geometry_transforms/test_nppi_copyConstBorder.cpp:88&#x0A;Expected equality of these values:&#x0A;  dstData[dstIdx]&#x0A;    Which is: &apos;\0&apos;&#x0A;  srcData[srcIdx]&#x0A;    Which is: &apos;Z&apos; (90, 0x5A)&#x0A;Source copy mismatch at dst(14,6) channel 1&#x0A;" type=""><![CDATA[/home/cjxu/npp/test/unit/nppi/nppi_geometry_transforms/test_nppi_copyConstBorder.cpp:88
Expected equality of these values:
  dstData[dstIdx]
    Which is: '\0'
  srcData[srcIdx]
    Which is: 'Z' (90, 0x5A)
Source copy mismatch at dst(14,6) channel 1
]]></failure>
      <failure message="/home/cjxu/npp/test/unit/nppi/nppi_geometry_transforms/test_nppi_copyConstBorder.cpp:88&#x0A;Expected equality of these values:&#x0A;  dstData[dstIdx]&#x0A;    Which is: &apos;\0&apos;&#x0A;  srcData[srcIdx]&#x0A;    Which is: &apos;.&apos; (46, 0x2E)&#x0A;Source copy mismatch at dst(14,6) channel 2&#x0A;" type=""><![CDATA[/home/cjxu/npp/test/unit/nppi/nppi_geometry_transforms/test_nppi_copyConstBorder.cpp:88
Expected equality of these values:
  dstData[dstIdx]
    Which is: '\0'
  srcData[srcIdx]
    Which is: '.' (46, 0x2E)
Source copy mismatch at dst(14,6) channel 2
]]></failure>
      <failure message="/home/cjxu/npp/test/unit/nppi/nppi_geometry_transforms/test_nppi_copyConstBorder.cpp:88&#x0A;Expected equality of these values:&#x0A;  dstData[dstIdx]&#x0A;    Which is: &apos;\0&apos;&#x0A;  srcData[srcIdx]&#x0A;    Which is: &apos;m&apos; (109, 0x6D)&#x0A;Source copy mismatch at dst(15,6) channel 0&#x0A;" type=""><![CDATA[/home/cjxu/npp/test/unit/nppi/nppi_geometry_transforms/test_nppi_copyConstBorder.cpp:88
Expected equality of these values:
  dstData[dstIdx]
    Which is: '\0'
  srcData[srcIdx]
    Which is: 'm' (109, 0x6D)
Source copy mismatch at dst(15,6) channel 0
]]></failure>
      <failure message="/home/cjxu/npp/test/unit/nppi/nppi_geometry_transforms/test_nppi_copyConstBorder.cpp:88&#x0A;Expected equality of these values:&#x0A;  dstData[dstIdx]&#x0A;    Which is: &apos;\0&apos;&#x0A;  srcData[srcIdx]&#x0A;    Which is: &apos;7&apos; (55, 0x37)&#x0A;Source copy mismatch at dst(15,6) channel 1&#x0A;" type=""><![CDATA[/home/cjxu/npp/test/unit/nppi/nppi_geometry_transforms/test_nppi_copyConstBorder.cpp:88
Expected equality of these values:
  dstData[dstIdx]
    Which is: '\0'
  srcData[srcIdx]
    Which is: '7' (55, 0x37)
Source copy mismatch at dst(15,6) channel 1
]]></failure>
      <failure message="/home/cjxu/npp/test/unit/nppi/nppi_geometry_transforms/test_nppi_copyConstBorder.cpp:88&#x0A;Expected equality of these values:&#x0A;  dstData[dstIdx]&#x0A;    Which is: &apos;\0&apos;&#x0A;  srcData[srcIdx]&#x0A;    Which is: &apos;b&apos; (98, 0x62)&#x0A;Source copy mismatch at dst(15,6) channel 2&#x0A;" type=""><![CDATA[/home/cjxu/npp/test/unit/nppi/nppi_geometry_transforms/test_nppi_copyConstBorder.cpp:88
Expected equality of these values:
  dstData[dstIdx]
    Which is: '\0'
  srcData[srcIdx]
    Which is: 'b' (98, 0x62)
Source copy mismatch at dst(15,6) channel 2
]]></failure>
      <failure message="/home/cjxu/npp/test/unit/nppi/nppi_geometry_transforms/test_nppi_copyConstBorder.cpp:88&#x0A;Expected equality of these values:&#x0A;  dstData[dstIdx]&#x0A;    Which is: &apos;\0&apos;&#x0A;  srcData[srcIdx]&#x0A;    Which is: &apos;\x90&apos; (144)&#x0A;Source copy mismatch at dst(16,6) channel 0&#x0A;" type=""><![CDATA[/home/cjxu/npp/test/unit/nppi/nppi_geometry_transforms/test_nppi_copyConstBorder.cpp:88
Expected equality of these values:
  dstData[dstIdx]
    Which is: '\0'
  srcData[srcIdx]
    Which is: '\x90' (144)
Source copy mismatch at dst(16,6) channel 0
]]></failure>
      <failure message="/home/cjxu/npp/test/unit/nppi/nppi_geometry_transforms/test_nppi_copyConstBorder.cpp:88&#x0A;Expected equality of these values:&#x0A;  dstData[dstIdx]&#x0A;    Which is: &apos;\0&apos;&#x0A;  srcData[srcIdx]&#x0A;    Which is: &apos;\xD2&apos; (210)&#x0A;Source copy mismatch at dst(16,6) channel 1&#x0A;" type=""><![CDATA[/home/cjxu/npp/test/unit/nppi/nppi_geometry_transforms/test_nppi_copyConstBorder.cpp:88
Expected equality of these values:
  dstData[dstIdx]
    Which is: '\0'
  srcData[srcIdx]
    Which is: '\xD2' (210)
Source copy mismatch at dst(16,6) channel 1
]]></failure>
      <failure message="/home/cjxu/npp/test/unit/nppi/nppi_geometry_transforms/test_nppi_copyConstBorder.cpp:88&#x0A;Expected equality of these values:&#x0A;  dstData[dstIdx]&#x0A;    Which is: &apos;\0&apos;&#x0A;  srcData[srcIdx]&#x0A;    Which is: &apos;t&apos; (116, 0x74)&#x0A;Source copy mismatch at dst(16,6) channel 2&#x0A;" type=""><![CDATA[/home/cjxu/npp/test/unit/nppi/nppi_geometry_transforms/test_nppi_copyConstBorder.cpp:88
Expected equality of these values:
  dstData[dstIdx]
    Which is: '\0'
  srcData[srcIdx]
    Which is: 't' (116, 0x74)
Source copy mismatch at dst(16,6) channel 2
]]></failure>
      <failure message="/home/cjxu/npp/test/unit/nppi/nppi_geometry_transforms/test_nppi_copyConstBorder.cpp:88&#x0A;Expected equality of these values:&#x0A;  dstData[dstIdx]&#x0A;    Which is: &apos;\0&apos;&#x0A;  srcData[srcIdx]&#x0A;    Which is: &apos;\xCE&apos; (206)&#x0A;Source copy mismatch at dst(17,6) channel 0&#x0A;" type=""><![CDATA[/home/cjxu/npp/test/unit/nppi/nppi_geometry_transforms/test_nppi_copyConstBorder.cpp:88
Expected equality of these values:
  dstData[dstIdx]
    Which is: '\0'
  srcData[srcIdx]
    Which is: '\xCE' (206)
Source copy mismatch at dst(17,6) channel 0
]]></failure>
      <failure message="/home/cjxu/npp/test/unit/nppi/nppi_geometry_transforms/test_nppi_copyConstBorder.cpp:88&#x0A;Expected equality of these values:&#x0A;  dstData[dstIdx]&#x0A;    Which is: &apos;\0&apos;&#x0A;  srcData[srcIdx]&#x0A;    Which is: &apos;\xB9&apos; (185)&#x0A;Source copy mismatch at dst(17,6) channel 1&#x0A;" type=""><![CDATA[/home/cjxu/npp/test/unit/nppi/nppi_geometry_transforms/test_nppi_copyConstBorder.cpp:88
Expected equality of these values:
  dstData[dstIdx]
    Which is: '\0'
  srcData[srcIdx]
    Which is: '\xB9' (185)
Source copy mismatch at dst(17,6) channel 1
]]></failure>
      <failure message="/home/cjxu/npp/test/unit/nppi/nppi_geometry_transforms/test_nppi_copyConstBorder.cpp:88&#x0A;Expected equality of these values:&#x0A;  dstData[dstIdx]&#x0A;    Which is: &apos;\0&apos;&#x0A;  srcData[srcIdx]&#x0A;    Which is: &apos;\x80&apos; (128)&#x0A;Source copy mismatch at dst(17,6) channel 2&#x0A;" type=""><![CDATA[/home/cjxu/npp/test/unit/nppi/nppi_geometry_transforms/test_nppi_copyConstBorder.cpp:88
Expected equality of these values:
  dstData[dstIdx]
    Which is: '\0'
  srcData[srcIdx]
    Which is: '\x80' (128)
Source copy mismatch at dst(17,6) channel 2
]]></failure>
      <failure message="/home/cjxu/npp/test/unit/nppi/nppi_geometry_transforms/test_nppi_copyConstBorder.cpp:88&#x0A;Expected equality of these values:&#x0A;  dstData[dstIdx]&#x0A;    Which is: &apos;\0&apos;&#x0A;  srcData[srcIdx]&#x0A;    Which is: &apos;\xCB&apos; (203)&#x0A;Source copy mismatch at dst(18,6) channel 0&#x0A;" type=""><![CDATA[/home/cjxu/npp/test/unit/nppi/nppi_geometry_transforms/test_nppi_copyConstBorder.cpp:88
Expected equality of these values:
  dstData[dstIdx]
    Which is: '\0'
  srcData[srcIdx]
    Which is: '\xCB' (203)
Source copy mismatch at dst(18,6) channel 0
]]></failure>
      <failure message="/home/cjxu/npp/test/unit/nppi/nppi_geometry_transforms/test_nppi_copyConstBorder.cpp:88&#x0A;Expected equality of these values:&#x0A;  dstData[dstIdx]&#x0A;    Which is: &apos;\0&apos;&#x0A;  srcData[srcIdx]&#x0A;    Which is: &apos;\x94&apos; (148)&#x0A;Source copy mismatch at dst(18,6) channel 1&#x0A;" type=""><![CDATA[/home/cjxu/npp/test/unit/nppi/nppi_geometry_transforms/test_nppi_copyConstBorder.cpp:88
Expected equality of these values:
  dstData[dstIdx]
    Which is: '\0'
  srcData[srcIdx]
    Which is: '\x94' (148)
Source copy mismatch at dst(18,6) channel 1
]]></failure>
      <failure message="/home/cjxu/npp/test/unit/nppi/nppi_geometry_transforms/test_nppi_copyConstBorder.cpp:88&#x0A;Expected equality of these values:&#x0A;  dstData[dstIdx]&#x0A;    Which is: &apos;\0&apos;&#x0A;  srcData[srcIdx]&#x0A;    Which is: &apos;\x9D&apos; (157)&#x0A;Source copy mismatch at dst(18,6) channel 2&#x0A;" type=""><![CDATA[/home/cjxu/npp/test/unit/nppi/nppi_geometry_transforms/test_nppi_copyConstBorder.cpp:88
Expected equality of these values:
  dstData[dstIdx]
    Which is: '\0'
  srcData[srcIdx]
    Which is: '\x9D' (157)
Source copy mismatch at dst(18,6) channel 2
]]></failure>
      <failure message="/home/cjxu/npp/test/unit/nppi/nppi_geometry_transforms/test_nppi_copyConstBorder.cpp:95&#x0A;Expected equality of these values:&#x0A;  dstData[dstIdx]&#x0A;    Which is: &apos;\0&apos;&#x0A;  borderValues[c]&#x0A;    Which is: &apos;d&apos; (100, 0x64)&#x0A;Border value mismatch at (19,6) channel 0&#x0A;" type=""><![CDATA[/home/cjxu/npp/test/unit/nppi/nppi_geometry_transforms/test_nppi_copyConstBorder.cpp:95
Expected equality of these values:
  dstData[dstIdx]
    Which is: '\0'
  borderValues[c]
    Which is: 'd' (100, 0x64)
Border value mismatch at (19,6) channel 0
]]></failure>
      <failure message="/home/cjxu/npp/test/unit/nppi/nppi_geometry_transforms/test_nppi_copyConstBorder.cpp:95&#x0A;Expected equality of these values:&#x0A;  dstData[dstIdx]&#x0A;    Which is: &apos;\0&apos;&#x0A;  borderValues[c]&#x0A;    Which is: &apos;\x96&apos; (150)&#x0A;Border value mismatch at (19,6) channel 1&#x0A;" type=""><![CDATA[/home/cjxu/npp/test/unit/nppi/nppi_geometry_transforms/test_nppi_copyConstBorder.cpp:95
Expected equality of these values:
  dstData[dstIdx]
    Which is: '\0'
  borderValues[c]
    Which is: '\x96' (150)
Border value mismatch at (19,6) channel 1
]]></failure>
      <failure message="/home/cjxu/npp/test/unit/nppi/nppi_geometry_transforms/test_nppi_copyConstBorder.cpp:95&#x0A;Expected equality of these values:&#x0A;  dstData[dstIdx]&#x0A;    Which is: &apos;\0&apos;&#x0A;  borderValues[c]&#x0A;    Which is: &apos;\xC8&apos; (200)&#x0A;Border value mismatch at (19,6) channel 2&#x0A;" type=""><![CDATA[/home/cjxu/npp/test/unit/nppi/nppi_geometry_transforms/test_nppi_copyConstBorder.cpp:95
Expected equality of these values:
  dstData[dstIdx]
    Which is: '\0'
  borderValues[c]
    Which is: '\xC8' (200)
Border value mismatch at (19,6) channel 2
]]></failure>
      <failure message="/home/cjxu/npp/test/unit/nppi/nppi_geometry_transforms/test_nppi_copyConstBorder.cpp:95&#x0A;Expected equality of these values:&#x0A;  dstData[dstIdx]&#x0A;    Which is: &apos;\0&apos;&#x0A;  borderValues[c]&#x0A;    Which is: &apos;d&apos; (100, 0x64)&#x0A;Border value mismatch at (20,6) channel 0&#x0A;" type=""><![CDATA[/home/cjxu/npp/test/unit/nppi/nppi_geometry_transforms/test_nppi_copyConstBorder.cpp:95
Expected equality of these values:
  dstData[dstIdx]
    Which is: '\0'
  borderValues[c]
    Which is: 'd' (100, 0x64)
Border value mismatch at (20,6) channel 0
]]></failure>
      <failure message="/home/cjxu/npp/test/unit/nppi/nppi_geometry_transforms/test_nppi_copyConstBorder.cpp:95&#x0A;Expected equality of these values:&#x0A;  dstData[dstIdx]&#x0A;    Which is: &apos;\0&apos;&#x0A;  borderValues[c]&#x0A;    Which is: &apos;\x96&apos; (150)&#x0A;Border value mismatch at (20,6) channel 1&#x0A;" type=""><![CDATA[/home/cjxu/npp/test/unit/nppi/nppi_geometry_transforms/test_nppi_copyConstBorder.cpp:95
Expected equality of these values:
  dstData[dstIdx]
    Which is: '\0'
  borderValues[c]
    Which is: '\x96' (150)
Border value mismatch at (20,6) channel 1
]]></failure>
      <failure message="/home/cjxu/npp/test/unit/nppi/nppi_geometry_transforms/test_nppi_copyConstBorder.cpp:95&#x0A;Expected equality of these values:&#x0A;  dstData[dstIdx]&#x0A;    Which is: &apos;\0&apos;&#x0A;  borderValues[c]&#x0A;    Which is: &apos;\xC8&apos; (200)&#x0A;Border value mismatch at (20,6) channel 2&#x0A;" type=""><![CDATA[/home/cjxu/npp/test/unit/nppi/nppi_geometry_transforms/test_nppi_copyConstBorder.cpp:95
Expected equality of these values:
  dstData[dstIdx]
    Which is: '\0'
  borderValues[c]
    Which is: '\xC8' (200)
Border value mismatch at (20,6) channel 2
]]></failure>
      <failure message="/home/cjxu/npp/test/unit/nppi/nppi_geometry_transforms/test_nppi_copyConstBorder.cpp:95&#x0A;Expected equality of these values:&#x0A;  dstData[dstIdx]&#x0A;    Which is: &apos;\0&apos;&#x0A;  borderValues[c]&#x0A;    Which is: &apos;d&apos; (100, 0x64)&#x0A;Border value mismatch at (21,6) channel 0&#x0A;" type=""><![CDATA[/home/cjxu/npp/test/unit/nppi/nppi_geometry_transforms/test_nppi_copyConstBorder.cpp:95
Expected equality of these values:
  dstData[dstIdx]
    Which is: '\0'
  borderValues[c]
    Which is: 'd' (100, 0x64)
Border value mismatch at (21,6) channel 0
]]></failure>
      <failure message="/home/cjxu/npp/test/unit/nppi/nppi_geometry_transforms/test_nppi_copyConstBorder.cpp:95&#x0A;Expected equality of these values:&#x0A;  dstData[dstIdx]&#x0A;    Which is: &apos;\0&apos;&#x0A;  borderValues[c]&#x0A;    Which is: &apos;\x96&apos; (150)&#x0A;Border value mismatch at (21,6) channel 1&#x0A;" type=""><![CDATA[/home/cjxu/npp/test/unit/nppi/nppi_geometry_transforms/test_nppi_copyConstBorder.cpp:95
Expected equality of these values:
  dstData[dstIdx]
    Which is: '\0'
  borderValues[c]
    Which is: '\x96' (150)
Border value mismatch at (21,6) channel 1
]]></failure>
      <failure message="/home/cjxu/npp/test/unit/nppi/nppi_geometry_transforms/test_nppi_copyConstBorder.cpp:95&#x0A;Expected equality of these values:&#x0A;  dstData[dstIdx]&#x0A;    Which is: &apos;\0&apos;&#x0A;  borderValues[c]&#x0A;    Which is: &apos;\xC8&apos; (200)&#x0A;Border value mismatch at (21,6) channel 2&#x0A;" type=""><![CDATA[/home/cjxu/npp/test/unit/nppi/nppi_geometry_transforms/test_nppi_copyConstBorder.cpp:95
Expected equality of these values:
  dstData[dstIdx]
    Which is: '\0'
  borderValues[c]
    Which is: '\xC8' (200)
Border value mismatch at (21,6) channel 2
]]></failure>
      <failure message="/home/cjxu/npp/test/unit/nppi/nppi_geometry_transforms/test_nppi_copyConstBorder.cpp:95&#x0A;Expected equality of these values:&#x0A;  dstData[dstIdx]&#x0A;    Which is: &apos;\0&apos;&#x0A;  borderValues[c]&#x0A;    Which is: &apos;d&apos; (100, 0x64)&#x0A;Border value mismatch at (22,6) channel 0&#x0A;" type=""><![CDATA[/home/cjxu/npp/test/unit/nppi/nppi_geometry_transforms/test_nppi_copyConstBorder.cpp:95
Expected equality of these values:
  dstData[dstIdx]
    Which is: '\0'
  borderValues[c]
    Which is: 'd' (100, 0x64)
Border value mismatch at (22,6) channel 0
]]></failure>
      <failure message="/home/cjxu/npp/test/unit/nppi/nppi_geometry_transforms/test_nppi_copyConstBorder.cpp:95&#x0A;Expected equality of these values:&#x0A;  dstData[dstIdx]&#x0A;    Which is: &apos;\0&apos;&#x0A;  borderValues[c]&#x0A;    Which is: &apos;\x96&apos; (150)&#x0A;Border value mismatch at (22,6) channel 1&#x0A;" type=""><![CDATA[/home/cjxu/npp/test/unit/nppi/nppi_geometry_transforms/test_nppi_copyConstBorder.cpp:95
Expected equality of these values:
  dstData[dstIdx]
    Which is: '\0'
  borderValues[c]
    Which is: '\x96' (150)
Border value mismatch at (22,6) channel 1
]]></failure>
      <failure message="/home/cjxu/npp/test/unit/nppi/nppi_geometry_transforms/test_nppi_copyConstBorder.cpp:95&#x0A;Expected equality of these values:&#x0A;  dstData[dstIdx]&#x0A;    Which is: &apos;\0&apos;&#x0A;  borderValues[c]&#x0A;    Which is: &apos;\xC8&apos; (200)&#x0A;Border value mismatch at (22,6) channel 2&#x0A;" type=""><![CDATA[/home/cjxu/npp/test/unit/nppi/nppi_geometry_transforms/test_nppi_copyConstBorder.cpp:95
Expected equality of these values:
  dstData[dstIdx]
    Which is: '\0'
  borderValues[c]
    Which is: '\xC8' (200)
Border value mismatch at (22,6) channel 2
]]></failure>
      <failure message="/home/cjxu/npp/test/unit/nppi/nppi_geometry_transforms/test_nppi_copyConstBorder.cpp:95&#x0A;Expected equality of these values:&#x0A;  dstData[dstIdx]&#x0A;    Which is: &apos;\0&apos;&#x0A;  borderValues[c]&#x0A;    Which is: &apos;d&apos; (100, 0x64)&#x0A;Border value mismatch at (23,6) channel 0&#x0A;" type=""><![CDATA[/home/cjxu/npp/test/unit/nppi/nppi_geometry_transforms/test_nppi_copyConstBorder.cpp:95
Expected equality of these values:
  dstData[dstIdx]
    Which is: '\0'
  borderValues[c]
    Which is: 'd' (100, 0x64)
Border value mismatch at (23,6) channel 0
]]></failure>
      <failure message="/home/cjxu/npp/test/unit/nppi/nppi_geometry_transforms/test_nppi_copyConstBorder.cpp:95&#x0A;Expected equality of these values:&#x0A;  dstData[dstIdx]&#x0A;    Which is: &apos;\0&apos;&#x0A;  borderValues[c]&#x0A;    Which is: &apos;\x96&apos; (150)&#x0A;Border value mismatch at (23,6) channel 1&#x0A;" type=""><![CDATA[/home/cjxu/npp/test/unit/nppi/nppi_geometry_transforms/test_nppi_copyConstBorder.cpp:95
Expected equality of these values:
  dstData[dstIdx]
    Which is: '\0'
  borderValues[c]
    Which is: '\x96' (150)
Border value mismatch at (23,6) channel 1
]]></failure>
      <failure message="/home/cjxu/npp/test/unit/nppi/nppi_geometry_transforms/test_nppi_copyConstBorder.cpp:95&#x0A;Expected equality of these values:&#x0A;  dstData[dstIdx]&#x0A;    Which is: &apos;\0&apos;&#x0A;  borderValues[c]&#x0A;    Which is: &apos;\xC8&apos; (200)&#x0A;Border value mismatch at (23,6) channel 2&#x0A;" type=""><![CDATA[/home/cjxu/npp/test/unit/nppi/nppi_geometry_transforms/test_nppi_copyConstBorder.cpp:95
Expected equality of these values:
  dstData[dstIdx]
    Which is: '\0'
  borderValues[c]
    Which is: '\xC8' (200)
Border value mismatch at (23,6) channel 2
]]></failure>
      <failure message="/home/cjxu/npp/test/unit/nppi/nppi_geometry_transforms/test_nppi_copyConstBorder.cpp:95&#x0A;Expected equality of these values:&#x0A;  dstData[dstIdx]&#x0A;    Which is: &apos;\0&apos;&#x0A;  borderValues[c]&#x0A;    Which is: &apos;d&apos; (100, 0x64)&#x0A;Border value mismatch at (0,7) channel 0&#x0A;" type=""><![CDATA[/home/cjxu/npp/test/unit/nppi/nppi_geometry_transforms/test_nppi_copyConstBorder.cpp:95
Expected equality of these values:
  dstData[dstIdx]
    Which is: '\0'
  borderValues[c]
    Which is: 'd' (100, 0x64)
Border value mismatch at (0,7) channel 0
]]></failure>
      <failure message="/home/cjxu/npp/test/unit/nppi/nppi_geometry_transforms/test_nppi_copyConstBorder.cpp:95&#x0A;Expected equality of these values:&#x0A;  dstData[dstIdx]&#x0A;    Which is: &apos;\0&apos;&#x0A;  borderValues[c]&#x0A;    Which is: &apos;\x96&apos; (150)&#x0A;Border value mismatch at (0,7) channel 1&#x0A;" type=""><![CDATA[/home/cjxu/npp/test/unit/nppi/nppi_geometry_transforms/test_nppi_copyConstBorder.cpp:95
Expected equality of these values:
  dstData[dstIdx]
    Which is: '\0'
  borderValues[c]
    Which is: '\x96' (150)
Border value mismatch at (0,7) channel 1
]]></failure>
      <failure message="/home/cjxu/npp/test/unit/nppi/nppi_geometry_transforms/test_nppi_copyConstBorder.cpp:95&#x0A;Expected equality of these values:&#x0A;  dstData[dstIdx]&#x0A;    Which is: &apos;\0&apos;&#x0A;  borderValues[c]&#x0A;    Which is: &apos;\xC8&apos; (200)&#x0A;Border value mismatch at (0,7) channel 2&#x0A;" type=""><![CDATA[/home/cjxu/npp/test/unit/nppi/nppi_geometry_transforms/test_nppi_copyConstBorder.cpp:95
Expected equality of these values:
  dstData[dstIdx]
    Which is: '\0'
  borderValues[c]
    Which is: '\xC8' (200)
Border value mismatch at (0,7) channel 2
]]></failure>
      <failure message="/home/cjxu/npp/test/unit/nppi/nppi_geometry_transforms/test_nppi_copyConstBorder.cpp:95&#x0A;Expected equality of these values:&#x0A;  dstData[dstIdx]&#x0A;    Which is: &apos;\0&apos;&#x0A;  borderValues[c]&#x0A;    Which is: &apos;d&apos; (100, 0x64)&#x0A;Border value mismatch at (1,7) channel 0&#x0A;" type=""><![CDATA[/home/cjxu/npp/test/unit/nppi/nppi_geometry_transforms/test_nppi_copyConstBorder.cpp:95
Expected equality of these values:
  dstData[dstIdx]
    Which is: '\0'
  borderValues[c]
    Which is: 'd' (100, 0x64)
Border value mismatch at (1,7) channel 0
]]></failure>
      <failure message="/home/cjxu/npp/test/unit/nppi/nppi_geometry_transforms/test_nppi_copyConstBorder.cpp:95&#x0A;Expected equality of these values:&#x0A;  dstData[dstIdx]&#x0A;    Which is: &apos;\0&apos;&#x0A;  borderValues[c]&#x0A;    Which is: &apos;\x96&apos; (150)&#x0A;Border value mismatch at (1,7) channel 1&#x0A;" type=""><![CDATA[/home/cjxu/npp/test/unit/nppi/nppi_geometry_transforms/test_nppi_copyConstBorder.cpp:95
Expected equality of these values:
  dstData[dstIdx]
    Which is: '\0'
  borderValues[c]
    Which is: '\x96' (150)
Border value mismatch at (1,7) channel 1
]]></failure>
      <failure message="/home/cjxu/npp/test/unit/nppi/nppi_geometry_transforms/test_nppi_copyConstBorder.cpp:95&#x0A;Expected equality of these values:&#x0A;  dstData[dstIdx]&#x0A;    Which is: &apos;\0&apos;&#x0A;  borderValues[c]&#x0A;    Which is: &apos;\xC8&apos; (200)&#x0A;Border value mismatch at (1,7) channel 2&#x0A;" type=""><![CDATA[/home/cjxu/npp/test/unit/nppi/nppi_geometry_transforms/test_nppi_copyConstBorder.cpp:95
Expected equality of these values:
  dstData[dstIdx]
    Which is: '\0'
  borderValues[c]
    Which is: '\xC8' (200)
Border value mismatch at (1,7) channel 2
]]></failure>
      <failure message="/home/cjxu/npp/test/unit/nppi/nppi_geometry_transforms/test_nppi_copyConstBorder.cpp:95&#x0A;Expected equality of these values:&#x0A;  dstData[dstIdx]&#x0A;    Which is: &apos;\0&apos;&#x0A;  borderValues[c]&#x0A;    Which is: &apos;d&apos; (100, 0x64)&#x0A;Border value mismatch at (2,7) channel 0&#x0A;" type=""><![CDATA[/home/cjxu/npp/test/unit/nppi/nppi_geometry_transforms/test_nppi_copyConstBorder.cpp:95
Expected equality of these values:
  dstData[dstIdx]
    Which is: '\0'
  borderValues[c]
    Which is: 'd' (100, 0x64)
Border value mismatch at (2,7) channel 0
]]></failure>
      <failure message="/home/cjxu/npp/test/unit/nppi/nppi_geometry_transforms/test_nppi_copyConstBorder.cpp:95&#x0A;Expected equality of these values:&#x0A;  dstData[dstIdx]&#x0A;    Which is: &apos;\0&apos;&#x0A;  borderValues[c]&#x0A;    Which is: &apos;\x96&apos; (150)&#x0A;Border value mismatch at (2,7) channel 1&#x0A;" type=""><![CDATA[/home/cjxu/npp/test/unit/nppi/nppi_geometry_transforms/test_nppi_copyConstBorder.cpp:95
Expected equality of these values:
  dstData[dstIdx]
    Which is: '\0'
  borderValues[c]
    Which is: '\x96' (150)
Border value mismatch at (2,7) channel 1
]]></failure>
      <failure message="/home/cjxu/npp/test/unit/nppi/nppi_geometry_transforms/test_nppi_copyConstBorder.cpp:95&#x0A;Expected equality of these values:&#x0A;  dstData[dstIdx]&#x0A;    Which is: &apos;\0&apos;&#x0A;  borderValues[c]&#x0A;    Which is: &apos;\xC8&apos; (200)&#x0A;Border value mismatch at (2,7) channel 2&#x0A;" type=""><![CDATA[/home/cjxu/npp/test/unit/nppi/nppi_geometry_transforms/test_nppi_copyConstBorder.cpp:95
Expected equality of these values:
  dstData[dstIdx]
    Which is: '\0'
  borderValues[c]
    Which is: '\xC8' (200)
Border value mismatch at (2,7) channel 2
]]></failure>
      <failure message="/home/cjxu/npp/test/unit/nppi/nppi_geometry_transforms/test_nppi_copyConstBorder.cpp:88&#x0A;Expected equality of these values:&#x0A;  dstData[dstIdx]&#x0A;    Which is: &apos;\0&apos;&#x0A;  srcData[srcIdx]&#x0A;    Which is: &apos;[&apos; (91, 0x5B)&#x0A;Source copy mismatch at dst(3,7) channel 0&#x0A;" type=""><![CDATA[/home/cjxu/npp/test/unit/nppi/nppi_geometry_transforms/test_nppi_copyConstBorder.cpp:88
Expected equality of these values:
  dstData[dstIdx]
    Which is: '\0'
  srcData[srcIdx]
    Which is: '[' (91, 0x5B)
Source copy mismatch at dst(3,7) channel 0
]]></failure>
      <failure message="/home/cjxu/npp/test/unit/nppi/nppi_geometry_transforms/test_nppi_copyConstBorder.cpp:88&#x0A;Expected equality of these values:&#x0A;  dstData[dstIdx]&#x0A;    Which is: &apos;\0&apos;&#x0A;  srcData[srcIdx]&#x0A;    Which is: &apos;\xE9&apos; (233)&#x0A;Source copy mismatch at dst(3,7) channel 1&#x0A;" type=""><![CDATA[/home/cjxu/npp/test/unit/nppi/nppi_geometry_transforms/test_nppi_copyConstBorder.cpp:88
Expected equality of these values:
  dstData[dstIdx]
    Which is: '\0'
  srcData[srcIdx]
    Which is: '\xE9' (233)
Source copy mismatch at dst(3,7) channel 1
]]></failure>
      <failure message="/home/cjxu/npp/test/unit/nppi/nppi_geometry_transforms/test_nppi_copyConstBorder.cpp:88&#x0A;Expected equality of these values:&#x0A;  dstData[dstIdx]&#x0A;    Which is: &apos;\0&apos;&#x0A;  srcData[srcIdx]&#x0A;    Which is: &apos;\xF5&apos; (245)&#x0A;Source copy mismatch at dst(3,7) channel 2&#x0A;" type=""><![CDATA[/home/cjxu/npp/test/unit/nppi/nppi_geometry_transforms/test_nppi_copyConstBorder.cpp:88
Expected equality of these values:
  dstData[dstIdx]
    Which is: '\0'
  srcData[srcIdx]
    Which is: '\xF5' (245)
Source copy mismatch at dst(3,7) channel 2
]]></failure>
      <failure message="/home/cjxu/npp/test/unit/nppi/nppi_geometry_transforms/test_nppi_copyConstBorder.cpp:88&#x0A;Expected equality of these values:&#x0A;  dstData[dstIdx]&#x0A;    Which is: &apos;\0&apos;&#x0A;  srcData[srcIdx]&#x0A;    Which is: &apos;\x80&apos; (128)&#x0A;Source copy mismatch at dst(4,7) channel 0&#x0A;" type=""><![CDATA[/home/cjxu/npp/test/unit/nppi/nppi_geometry_transforms/test_nppi_copyConstBorder.cpp:88
Expected equality of these values:
  dstData[dstIdx]
    Which is: '\0'
  srcData[srcIdx]
    Which is: '\x80' (128)
Source copy mismatch at dst(4,7) channel 0
]]></failure>
      <failure message="/home/cjxu/npp/test/unit/nppi/nppi_geometry_transforms/test_nppi_copyConstBorder.cpp:88&#x0A;Expected equality of these values:&#x0A;  dstData[dstIdx]&#x0A;    Which is: &apos;\0&apos;&#x0A;  srcData[srcIdx]&#x0A;    Which is: &apos;\x9D&apos; (157)&#x0A;Source copy mismatch at dst(4,7) channel 1&#x0A;" type=""><![CDATA[/home/cjxu/npp/test/unit/nppi/nppi_geometry_transforms/test_nppi_copyConstBorder.cpp:88
Expected equality of these values:
  dstData[dstIdx]
    Which is: '\0'
  srcData[srcIdx]
    Which is: '\x9D' (157)
Source copy mismatch at dst(4,7) channel 1
]]></failure>
      <failure message="/home/cjxu/npp/test/unit/nppi/nppi_geometry_transforms/test_nppi_copyConstBorder.cpp:88&#x0A;Expected equality of these values:&#x0A;  dstData[dstIdx]&#x0A;    Which is: &apos;\0&apos;&#x0A;  srcData[srcIdx]&#x0A;    Which is: &apos;\xAF&apos; (175)&#x0A;Source copy mismatch at dst(4,7) channel 2&#x0A;" type=""><![CDATA[/home/cjxu/npp/test/unit/nppi/nppi_geometry_transforms/test_nppi_copyConstBorder.cpp:88
Expected equality of these values:
  dstData[dstIdx]
    Which is: '\0'
  srcData[srcIdx]
    Which is: '\xAF' (175)
Source copy mismatch at dst(4,7) channel 2
]]></failure>
      <failure message="/home/cjxu/npp/test/unit/nppi/nppi_geometry_transforms/test_nppi_copyConstBorder.cpp:88&#x0A;Expected equality of these values:&#x0A;  dstData[dstIdx]&#x0A;    Which is: &apos;\0&apos;&#x0A;  srcData[srcIdx]&#x0A;    Which is: &apos;=&apos; (61, 0x3D)&#x0A;Source copy mismatch at dst(5,7) channel 0&#x0A;" type=""><![CDATA[/home/cjxu/npp/test/unit/nppi/nppi_geometry_transforms/test_nppi_copyConstBorder.cpp:88
Expected equality of these values:
  dstData[dstIdx]
    Which is: '\0'
  srcData[srcIdx]
    Which is: '=' (61, 0x3D)
Source copy mismatch at dst(5,7) channel 0
]]></failure>
      <failure message="/home/cjxu/npp/test/unit/nppi/nppi_geometry_transforms/test_nppi_copyConstBorder.cpp:88&#x0A;Expected equality of these values:&#x0A;  dstData[dstIdx]&#x0A;    Which is: &apos;\0&apos;&#x0A;  srcData[srcIdx]&#x0A;    Which is: &apos;\x2&apos; (2)&#x0A;Source copy mismatch at dst(5,7) channel 1&#x0A;" type=""><![CDATA[/home/cjxu/npp/test/unit/nppi/nppi_geometry_transforms/test_nppi_copyConstBorder.cpp:88
Expected equality of these values:
  dstData[dstIdx]
    Which is: '\0'
  srcData[srcIdx]
    Which is: '\x2' (2)
Source copy mismatch at dst(5,7) channel 1
]]></failure>
      <failure message="/home/cjxu/npp/test/unit/nppi/nppi_geometry_transforms/test_nppi_copyConstBorder.cpp:88&#x0A;Expected equality of these values:&#x0A;  dstData[dstIdx]&#x0A;    Which is: &apos;\0&apos;&#x0A;  srcData[srcIdx]&#x0A;    Which is: &apos;\xD4&apos; (212)&#x0A;Source copy mismatch at dst(5,7) channel 2&#x0A;" type=""><![CDATA[/home/cjxu/npp/test/unit/nppi/nppi_geometry_transforms/test_nppi_copyConstBorder.cpp:88
Expected equality of these values:
  dstData[dstIdx]
    Which is: '\0'
  srcData[srcIdx]
    Which is: '\xD4' (212)
Source copy mismatch at dst(5,7) channel 2
]]></failure>
      <failure message="/home/cjxu/npp/test/unit/nppi/nppi_geometry_transforms/test_nppi_copyConstBorder.cpp:88&#x0A;Expected equality of these values:&#x0A;  dstData[dstIdx]&#x0A;    Which is: &apos;\0&apos;&#x0A;  srcData[srcIdx]&#x0A;    Which is: &apos;\x90&apos; (144)&#x0A;Source copy mismatch at dst(6,7) channel 0&#x0A;" type=""><![CDATA[/home/cjxu/npp/test/unit/nppi/nppi_geometry_transforms/test_nppi_copyConstBorder.cpp:88
Expected equality of these values:
  dstData[dstIdx]
    Which is: '\0'
  srcData[srcIdx]
    Which is: '\x90' (144)
Source copy mismatch at dst(6,7) channel 0
]]></failure>
      <failure message="/home/cjxu/npp/test/unit/nppi/nppi_geometry_transforms/test_nppi_copyConstBorder.cpp:88&#x0A;Expected equality of these values:&#x0A;  dstData[dstIdx]&#x0A;    Which is: &apos;\0&apos;&#x0A;  srcData[srcIdx]&#x0A;    Which is: &apos;\xEC&apos; (236)&#x0A;Source copy mismatch at dst(6,7) channel 1&#x0A;" type=""><![CDATA[/home/cjxu/npp/test/unit/nppi/nppi_geometry_transforms/test_nppi_copyConstBorder.cpp:88
Expected equality of these values:
  dstData[dstIdx]
    Which is: '\0'
  srcData[srcIdx]
    Which is: '\xEC' (236)
Source copy mismatch at dst(6,7) channel 1
]]></failure>
      <failure message="/home/cjxu/npp/test/unit/nppi/nppi_geometry_transforms/test_nppi_copyConstBorder.cpp:88&#x0A;Expected equality of these values:&#x0A;  dstData[dstIdx]&#x0A;    Which is: &apos;\0&apos;&#x0A;  srcData[srcIdx]&#x0A;    Which is: &apos;\b&apos; (8)&#x0A;Source copy mismatch at dst(6,7) channel 2&#x0A;" type=""><![CDATA[/home/cjxu/npp/test/unit/nppi/nppi_geometry_transforms/test_nppi_copyConstBorder.cpp:88
Expected equality of these values:
  dstData[dstIdx]
    Which is: '\0'
  srcData[srcIdx]
    Which is: '\b' (8)
Source copy mismatch at dst(6,7) channel 2
]]></failure>
      <failure message="/home/cjxu/npp/test/unit/nppi/nppi_geometry_transforms/test_nppi_copyConstBorder.cpp:88&#x0A;Expected equality of these values:&#x0A;  dstData[dstIdx]&#x0A;    Which is: &apos;\0&apos;&#x0A;  srcData[srcIdx]&#x0A;    Which is: &apos;5&apos; (53, 0x35)&#x0A;Source copy mismatch at dst(7,7) channel 0&#x0A;" type=""><![CDATA[/home/cjxu/npp/test/unit/nppi/nppi_geometry_transforms/test_nppi_copyConstBorder.cpp:88
Expected equality of these values:
  dstData[dstIdx]
    Which is: '\0'
  srcData[srcIdx]
    Which is: '5' (53, 0x35)
Source copy mismatch at dst(7,7) channel 0
]]></failure>
      <failure message="/home/cjxu/npp/test/unit/nppi/nppi_geometry_transforms/test_nppi_copyConstBorder.cpp:88&#x0A;Expected equality of these values:&#x0A;  dstData[dstIdx]&#x0A;    Which is: &apos;\0&apos;&#x0A;  srcData[srcIdx]&#x0A;    Which is: &apos;\xF0&apos; (240)&#x0A;Source copy mismatch at dst(7,7) channel 1&#x0A;" type=""><![CDATA[/home/cjxu/npp/test/unit/nppi/nppi_geometry_transforms/test_nppi_copyConstBorder.cpp:88
Expected equality of these values:
  dstData[dstIdx]
    Which is: '\0'
  srcData[srcIdx]
    Which is: '\xF0' (240)
Source copy mismatch at dst(7,7) channel 1
]]></failure>
      <failure message="/home/cjxu/npp/test/unit/nppi/nppi_geometry_transforms/test_nppi_copyConstBorder.cpp:88&#x0A;Expected equality of these values:&#x0A;  dstData[dstIdx]&#x0A;    Which is: &apos;\0&apos;&#x0A;  srcData[srcIdx]&#x0A;    Which is: &apos;T&apos; (84, 0x54)&#x0A;Source copy mismatch at dst(7,7) channel 2&#x0A;" type=""><![CDATA[/home/cjxu/npp/test/unit/nppi/nppi_geometry_transforms/test_nppi_copyConstBorder.cpp:88
Expected equality of these values:
  dstData[dstIdx]
    Which is: '\0'
  srcData[srcIdx]
    Which is: 'T' (84, 0x54)
Source copy mismatch at dst(7,7) channel 2
]]></failure>
      <failure message="/home/cjxu/npp/test/unit/nppi/nppi_geometry_transforms/test_nppi_copyConstBorder.cpp:88&#x0A;Expected equality of these values:&#x0A;  dstData[dstIdx]&#x0A;    Which is: &apos;\0&apos;&#x0A;  srcData[srcIdx]&#x0A;    Which is: &apos;&lt;&apos; (60, 0x3C)&#x0A;Source copy mismatch at dst(8,7) channel 0&#x0A;" type=""><![CDATA[/home/cjxu/npp/test/unit/nppi/nppi_geometry_transforms/test_nppi_copyConstBorder.cpp:88
Expected equality of these values:
  dstData[dstIdx]
    Which is: '\0'
  srcData[srcIdx]
    Which is: '<' (60, 0x3C)
Source copy mismatch at dst(8,7) channel 0
]]></failure>
      <failure message="/home/cjxu/npp/test/unit/nppi/nppi_geometry_transforms/test_nppi_copyConstBorder.cpp:88&#x0A;Expected equality of these values:&#x0A;  dstData[dstIdx]&#x0A;    Which is: &apos;\0&apos;&#x0A;  srcData[srcIdx]&#x0A;    Which is: &apos;\xF8&apos; (248)&#x0A;Source copy mismatch at dst(8,7) channel 1&#x0A;" type=""><![CDATA[/home/cjxu/npp/test/unit/nppi/nppi_geometry_transforms/test_nppi_copyConstBorder.cpp:88
Expected equality of these values:
  dstData[dstIdx]
    Which is: '\0'
  srcData[srcIdx]
    Which is: '\xF8' (248)
Source copy mismatch at dst(8,7) channel 1
]]></failure>
      <failure message="/home/cjxu/npp/test/unit/nppi/nppi_geometry_transforms/test_nppi_copyConstBorder.cpp:88&#x0A;Expected equality of these values:&#x0A;  dstData[dstIdx]&#x0A;    Which is: &apos;\0&apos;&#x0A;  srcData[srcIdx]&#x0A;    Which is: &apos;\xAE&apos; (174)&#x0A;Source copy mismatch at dst(8,7) channel 2&#x0A;" type=""><![CDATA[/home/cjxu/npp/test/unit/nppi/nppi_geometry_transforms/test_nppi_copyConstBorder.cpp:88
Expected equality of these values:
  dstData[dstIdx]
    Which is: '\0'
  srcData[srcIdx]
    Which is: '\xAE' (174)
Source copy mismatch at dst(8,7) channel 2
]]></failure>
      <failure message="/home/cjxu/npp/test/unit/nppi/nppi_geometry_transforms/test_nppi_copyConstBorder.cpp:88&#x0A;Expected equality of these values:&#x0A;  dstData[dstIdx]&#x0A;    Which is: &apos;\0&apos;&#x0A;  srcData[srcIdx]&#x0A;    Which is: &apos;j&apos; (106, 0x6A)&#x0A;Source copy mismatch at dst(9,7) channel 0&#x0A;" type=""><![CDATA[/home/cjxu/npp/test/unit/nppi/nppi_geometry_transforms/test_nppi_copyConstBorder.cpp:88
Expected equality of these values:
  dstData[dstIdx]
    Which is: '\0'
  srcData[srcIdx]
    Which is: 'j' (106, 0x6A)
Source copy mismatch at dst(9,7) channel 0
]]></failure>
      <failure message="/home/cjxu/npp/test/unit/nppi/nppi_geometry_transforms/test_nppi_copyConstBorder.cpp:88&#x0A;Expected equality of these values:&#x0A;  dstData[dstIdx]&#x0A;    Which is: &apos;\0&apos;&#x0A;  srcData[srcIdx]&#x0A;    Which is: &apos;e&apos; (101, 0x65)&#x0A;Source copy mismatch at dst(9,7) channel 1&#x0A;" type=""><![CDATA[/home/cjxu/npp/test/unit/nppi/nppi_geometry_transforms/test_nppi_copyConstBorder.cpp:88
Expected equality of these values:
  dstData[dstIdx]
    Which is: '\0'
  srcData[srcIdx]
    Which is: 'e' (101, 0x65)
Source copy mismatch at dst(9,7) channel 1
]]></failure>
      <failure message="/home/cjxu/npp/test/unit/nppi/nppi_geometry_transforms/test_nppi_copyConstBorder.cpp:88&#x0A;Expected equality of these values:&#x0A;  dstData[dstIdx]&#x0A;    Which is: &apos;\0&apos;&#x0A;  srcData[srcIdx]&#x0A;    Which is: &apos;\xE5&apos; (229)&#x0A;Source copy mismatch at dst(9,7) channel 2&#x0A;" type=""><![CDATA[/home/cjxu/npp/test/unit/nppi/nppi_geometry_transforms/test_nppi_copyConstBorder.cpp:88
Expected equality of these values:
  dstData[dstIdx]
    Which is: '\0'
  srcData[srcIdx]
    Which is: '\xE5' (229)
Source copy mismatch at dst(9,7) channel 2
]]></failure>
      <failure message="/home/cjxu/npp/test/unit/nppi/nppi_geometry_transforms/test_nppi_copyConstBorder.cpp:88&#x0A;Expected equality of these values:&#x0A;  dstData[dstIdx]&#x0A;    Which is: &apos;\0&apos;&#x0A;  srcData[srcIdx]&#x0A;    Which is: &apos;\xCC&apos; (204)&#x0A;Source copy mismatch at dst(10,7) channel 0&#x0A;" type=""><![CDATA[/home/cjxu/npp/test/unit/nppi/nppi_geometry_transforms/test_nppi_copyConstBorder.cpp:88
Expected equality of these values:
  dstData[dstIdx]
    Which is: '\0'
  srcData[srcIdx]
    Which is: '\xCC' (204)
Source copy mismatch at dst(10,7) channel 0
]]></failure>
      <failure message="/home/cjxu/npp/test/unit/nppi/nppi_geometry_transforms/test_nppi_copyConstBorder.cpp:88&#x0A;Expected equality of these values:&#x0A;  dstData[dstIdx]&#x0A;    Which is: &apos;\0&apos;&#x0A;  srcData[srcIdx]&#x0A;    Which is: &apos;\xF5&apos; (245)&#x0A;Source copy mismatch at dst(10,7) channel 1&#x0A;" type=""><![CDATA[/home/cjxu/npp/test/unit/nppi/nppi_geometry_transforms/test_nppi_copyConstBorder.cpp:88
Expected equality of these values:
  dstData[dstIdx]
    Which is: '\0'
  srcData[srcIdx]
    Which is: '\xF5' (245)
Source copy mismatch at dst(10,7) channel 1
]]></failure>
      <failure message="/home/cjxu/npp/test/unit/nppi/nppi_geometry_transforms/test_nppi_copyConstBorder.cpp:88&#x0A;Expected equality of these values:&#x0A;  dstData[dstIdx]&#x0A;    Which is: &apos;\0&apos;&#x0A;  srcData[srcIdx]&#x0A;    Which is: &apos;\xB7&apos; (183)&#x0A;Source copy mismatch at dst(10,7) channel 2&#x0A;" type=""><![CDATA[/home/cjxu/npp/test/unit/nppi/nppi_geometry_transforms/test_nppi_copyConstBorder.cpp:88
Expected equality of these values:
  dstData[dstIdx]
    Which is: '\0'
  srcData[srcIdx]
    Which is: '\xB7' (183)
Source copy mismatch at dst(10,7) channel 2
]]></failure>
      <failure message="/home/cjxu/npp/test/unit/nppi/nppi_geometry_transforms/test_nppi_copyConstBorder.cpp:88&#x0A;Expected equality of these values:&#x0A;  dstData[dstIdx]&#x0A;    Which is: &apos;\0&apos;&#x0A;  srcData[srcIdx]&#x0A;    Which is: &apos;@&apos; (64, 0x40)&#x0A;Source copy mismatch at dst(11,7) channel 0&#x0A;" type=""><![CDATA[/home/cjxu/npp/test/unit/nppi/nppi_geometry_transforms/test_nppi_copyConstBorder.cpp:88
Expected equality of these values:
  dstData[dstIdx]
    Which is: '\0'
  srcData[srcIdx]
    Which is: '@' (64, 0x40)
Source copy mismatch at dst(11,7) channel 0
]]></failure>
      <failure message="/home/cjxu/npp/test/unit/nppi/nppi_geometry_transforms/test_nppi_copyConstBorder.cpp:88&#x0A;Expected equality of these values:&#x0A;  dstData[dstIdx]&#x0A;    Which is: &apos;\0&apos;&#x0A;  srcData[srcIdx]&#x0A;    Which is: &apos;\xC3&apos; (195)&#x0A;Source copy mismatch at dst(11,7) channel 1&#x0A;" type=""><![CDATA[/home/cjxu/npp/test/unit/nppi/nppi_geometry_transforms/test_nppi_copyConstBorder.cpp:88
Expected equality of these values:
  dstData[dstIdx]
    Which is: '\0'
  srcData[srcIdx]
    Which is: '\xC3' (195)
Source copy mismatch at dst(11,7) channel 1
]]></failure>
      <failure message="/home/cjxu/npp/test/unit/nppi/nppi_geometry_transforms/test_nppi_copyConstBorder.cpp:88&#x0A;Expected equality of these values:&#x0A;  dstData[dstIdx]&#x0A;    Which is: &apos;\0&apos;&#x0A;  srcData[srcIdx]&#x0A;    Which is: &apos;p&apos; (112, 0x70)&#x0A;Source copy mismatch at dst(11,7) channel 2&#x0A;" type=""><![CDATA[/home/cjxu/npp/test/unit/nppi/nppi_geometry_transforms/test_nppi_copyConstBorder.cpp:88
Expected equality of these values:
  dstData[dstIdx]
    Which is: '\0'
  srcData[srcIdx]
    Which is: 'p' (112, 0x70)
Source copy mismatch at dst(11,7) channel 2
]]></failure>
      <failure message="/home/cjxu/npp/test/unit/nppi/nppi_geometry_transforms/test_nppi_copyConstBorder.cpp:88&#x0A;Expected equality of these values:&#x0A;  dstData[dstIdx]&#x0A;    Which is: &apos;\0&apos;&#x0A;  srcData[srcIdx]&#x0A;    Which is: &apos;\xC0&apos; (192)&#x0A;Source copy mismatch at dst(12,7) channel 0&#x0A;" type=""><![CDATA[/home/cjxu/npp/test/unit/nppi/nppi_geometry_transforms/test_nppi_copyConstBorder.cpp:88
Expected equality of these values:
  dstData[dstIdx]
    Which is: '\0'
  srcData[srcIdx]
    Which is: '\xC0' (192)
Source copy mismatch at dst(12,7) channel 0
]]></failure>
      <failure message="/home/cjxu/npp/test/unit/nppi/nppi_geometry_transforms/test_nppi_copyConstBorder.cpp:88&#x0A;Expected equality of these values:&#x0A;  dstData[dstIdx]&#x0A;    Which is: &apos;\0&apos;&#x0A;  srcData[srcIdx]&#x0A;    Which is: &apos;\x8F&apos; (143)&#x0A;Source copy mismatch at dst(12,7) channel 1&#x0A;" type=""><![CDATA[/home/cjxu/npp/test/unit/nppi/nppi_geometry_transforms/test_nppi_copyConstBorder.cpp:88
Expected equality of these values:
  dstData[dstIdx]
    Which is: '\0'
  srcData[srcIdx]
    Which is: '\x8F' (143)
Source copy mismatch at dst(12,7) channel 1
]]></failure>
      <failure message="/home/cjxu/npp/test/unit/nppi/nppi_geometry_transforms/test_nppi_copyConstBorder.cpp:88&#x0A;Expected equality of these values:&#x0A;  dstData[dstIdx]&#x0A;    Which is: &apos;\0&apos;&#x0A;  srcData[srcIdx]&#x0A;    Which is: &apos;\x4&apos; (4)&#x0A;Source copy mismatch at dst(12,7) channel 2&#x0A;" type=""><![CDATA[/home/cjxu/npp/test/unit/nppi/nppi_geometry_transforms/test_nppi_copyConstBorder.cpp:88
Expected equality of these values:
  dstData[dstIdx]
    Which is: '\0'
  srcData[srcIdx]
    Which is: '\x4' (4)
Source copy mismatch at dst(12,7) channel 2
]]></failure>
      <failure message="/home/cjxu/npp/test/unit/nppi/nppi_geometry_transforms/test_nppi_copyConstBorder.cpp:88&#x0A;Expected equality of these values:&#x0A;  dstData[dstIdx]&#x0A;    Which is: &apos;\0&apos;&#x0A;  srcData[srcIdx]&#x0A;    Which is: &apos;]&apos; (93, 0x5D)&#x0A;Source copy mismatch at dst(13,7) channel 0&#x0A;" type=""><![CDATA[/home/cjxu/npp/test/unit/nppi/nppi_geometry_transforms/test_nppi_copyConstBorder.cpp:88
Expected equality of these values:
  dstData[dstIdx]
    Which is: '\0'
  srcData[srcIdx]
    Which is: ']' (93, 0x5D)
Source copy mismatch at dst(13,7) channel 0
]]></failure>
      <failure message="/home/cjxu/npp/test/unit/nppi/nppi_geometry_transforms/test_nppi_copyConstBorder.cpp:88&#x0A;Expected equality of these values:&#x0A;  dstData[dstIdx]&#x0A;    Which is: &apos;\0&apos;&#x0A;  srcData[srcIdx]&#x0A;    Which is: &apos;\xEA&apos; (234)&#x0A;Source copy mismatch at dst(13,7) channel 1&#x0A;" type=""><![CDATA[/home/cjxu/npp/test/unit/nppi/nppi_geometry_transforms/test_nppi_copyConstBorder.cpp:88
Expected equality of these values:
  dstData[dstIdx]
    Which is: '\0'
  srcData[srcIdx]
    Which is: '\xEA' (234)
Source copy mismatch at dst(13,7) channel 1
]]></failure>
      <failure message="/home/cjxu/npp/test/unit/nppi/nppi_geometry_transforms/test_nppi_copyConstBorder.cpp:88&#x0A;Expected equality of these values:&#x0A;  dstData[dstIdx]&#x0A;    Which is: &apos;\0&apos;&#x0A;  srcData[srcIdx]&#x0A;    Which is: &apos;\xED&apos; (237)&#x0A;Source copy mismatch at dst(13,7) channel 2&#x0A;" type=""><![CDATA[/home/cjxu/npp/test/unit/nppi/nppi_geometry_transforms/test_nppi_copyConstBorder.cpp:88
Expected equality of these values:
  dstData[dstIdx]
    Which is: '\0'
  srcData[srcIdx]
    Which is: '\xED' (237)
Source copy mismatch at dst(13,7) channel 2
]]></failure>
      <failure message="/home/cjxu/npp/test/unit/nppi/nppi_geometry_transforms/test_nppi_copyConstBorder.cpp:88&#x0A;Expected equality of these values:&#x0A;  dstData[dstIdx]&#x0A;    Which is: &apos;\0&apos;&#x0A;  srcData[srcIdx]&#x0A;    Which is: &apos;R&apos; (82, 0x52)&#x0A;Source copy mismatch at dst(14,7) channel 0&#x0A;" type=""><![CDATA[/home/cjxu/npp/test/unit/nppi/nppi_geometry_transforms/test_nppi_copyConstBorder.cpp:88
Expected equality of these values:
  dstData[dstIdx]
    Which is: '\0'
  srcData[srcIdx]
    Which is: 'R' (82, 0x52)
Source copy mismatch at dst(14,7) channel 0
]]></failure>
      <failure message="/home/cjxu/npp/test/unit/nppi/nppi_geometry_transforms/test_nppi_copyConstBorder.cpp:88&#x0A;Expected equality of these values:&#x0A;  dstData[dstIdx]&#x0A;    Which is: &apos;\0&apos;&#x0A;  srcData[srcIdx]&#x0A;    Which is: &apos;j&apos; (106, 0x6A)&#x0A;Source copy mismatch at dst(14,7) channel 1&#x0A;" type=""><![CDATA[/home/cjxu/npp/test/unit/nppi/nppi_geometry_transforms/test_nppi_copyConstBorder.cpp:88
Expected equality of these values:
  dstData[dstIdx]
    Which is: '\0'
  srcData[srcIdx]
    Which is: 'j' (106, 0x6A)
Source copy mismatch at dst(14,7) channel 1
]]></failure>
      <failure message="/home/cjxu/npp/test/unit/nppi/nppi_geometry_transforms/test_nppi_copyConstBorder.cpp:88&#x0A;Expected equality of these values:&#x0A;  dstData[dstIdx]&#x0A;    Which is: &apos;\0&apos;&#x0A;  srcData[srcIdx]&#x0A;    Which is: &apos;\x8A&apos; (138)&#x0A;Source copy mismatch at dst(14,7) channel 2&#x0A;" type=""><![CDATA[/home/cjxu/npp/test/unit/nppi/nppi_geometry_transforms/test_nppi_copyConstBorder.cpp:88
Expected equality of these values:
  dstData[dstIdx]
    Which is: '\0'
  srcData[srcIdx]
    Which is: '\x8A' (138)
Source copy mismatch at dst(14,7) channel 2
]]></failure>
      <failure message="/home/cjxu/npp/test/unit/nppi/nppi_geometry_transforms/test_nppi_copyConstBorder.cpp:88&#x0A;Expected equality of these values:&#x0A;  dstData[dstIdx]&#x0A;    Which is: &apos;\0&apos;&#x0A;  srcData[srcIdx]&#x0A;    Which is: &apos;\x2&apos; (2)&#x0A;Source copy mismatch at dst(15,7) channel 0&#x0A;" type=""><![CDATA[/home/cjxu/npp/test/unit/nppi/nppi_geometry_transforms/test_nppi_copyConstBorder.cpp:88
Expected equality of these values:
  dstData[dstIdx]
    Which is: '\0'
  srcData[srcIdx]
    Which is: '\x2' (2)
Source copy mismatch at dst(15,7) channel 0
]]></failure>
      <failure message="/home/cjxu/npp/test/unit/nppi/nppi_geometry_transforms/test_nppi_copyConstBorder.cpp:88&#x0A;Expected equality of these values:&#x0A;  dstData[dstIdx]&#x0A;    Which is: &apos;\0&apos;&#x0A;  srcData[srcIdx]&#x0A;    Which is: &apos;\xA8&apos; (168)&#x0A;Source copy mismatch at dst(15,7) channel 1&#x0A;" type=""><![CDATA[/home/cjxu/npp/test/unit/nppi/nppi_geometry_transforms/test_nppi_copyConstBorder.cpp:88
Expected equality of these values:
  dstData[dstIdx]
    Which is: '\0'
  srcData[srcIdx]
    Which is: '\xA8' (168)
Source copy mismatch at dst(15,7) channel 1
]]></failure>
      <failure message="/home/cjxu/npp/test/unit/nppi/nppi_geometry_transforms/test_nppi_copyConstBorder.cpp:88&#x0A;Expected equality of these values:&#x0A;  dstData[dstIdx]&#x0A;    Which is: &apos;\0&apos;&#x0A;  srcData[srcIdx]&#x0A;    Which is: &apos;\x8D&apos; (141)&#x0A;Source copy mismatch at dst(15,7) channel 2&#x0A;" type=""><![CDATA[/home/cjxu/npp/test/unit/nppi/nppi_geometry_transforms/test_nppi_copyConstBorder.cpp:88
Expected equality of these values:
  dstData[dstIdx]
    Which is: '\0'
  srcData[srcIdx]
    Which is: '\x8D' (141)
Source copy mismatch at dst(15,7) channel 2
]]></failure>
      <failure message="/home/cjxu/npp/test/unit/nppi/nppi_geometry_transforms/test_nppi_copyConstBorder.cpp:88&#x0A;Expected equality of these values:&#x0A;  dstData[dstIdx]&#x0A;    Which is: &apos;\0&apos;&#x0A;  srcData[srcIdx]&#x0A;    Which is: &apos;\xD6&apos; (214)&#x0A;Source copy mismatch at dst(16,7) channel 0&#x0A;" type=""><![CDATA[/home/cjxu/npp/test/unit/nppi/nppi_geometry_transforms/test_nppi_copyConstBorder.cpp:88
Expected equality of these values:
  dstData[dstIdx]
    Which is: '\0'
  srcData[srcIdx]
    Which is: '\xD6' (214)
Source copy mismatch at dst(16,7) channel 0
]]></failure>
      <failure message="/home/cjxu/npp/test/unit/nppi/nppi_geometry_transforms/test_nppi_copyConstBorder.cpp:88&#x0A;Expected equality of these values:&#x0A;  dstData[dstIdx]&#x0A;    Which is: &apos;\0&apos;&#x0A;  srcData[srcIdx]&#x0A;    Which is: &apos;8&apos; (56, 0x38)&#x0A;Source copy mismatch at dst(16,7) channel 1&#x0A;" type=""><![CDATA[/home/cjxu/npp/test/unit/nppi/nppi_geometry_transforms/test_nppi_copyConstBorder.cpp:88
Expected equality of these values:
  dstData[dstIdx]
    Which is: '\0'
  srcData[srcIdx]
    Which is: '8' (56, 0x38)
Source copy mismatch at dst(16,7) channel 1
]]></failure>
      <failure message="/home/cjxu/npp/test/unit/nppi/nppi_geometry_transforms/test_nppi_copyConstBorder.cpp:88&#x0A;Expected equality of these values:&#x0A;  dstData[dstIdx]&#x0A;    Which is: &apos;\0&apos;&#x0A;  srcData[srcIdx]&#x0A;    Which is: &apos;y&apos; (121, 0x79)&#x0A;Source copy mismatch at dst(16,7) channel 2&#x0A;" type=""><![CDATA[/home/cjxu/npp/test/unit/nppi/nppi_geometry_transforms/test_nppi_copyConstBorder.cpp:88
Expected equality of these values:
  dstData[dstIdx]
    Which is: '\0'
  srcData[srcIdx]
    Which is: 'y' (121, 0x79)
Source copy mismatch at dst(16,7) channel 2
]]></failure>
      <failure message="/home/cjxu/npp/test/unit/nppi/nppi_geometry_transforms/test_nppi_copyConstBorder.cpp:88&#x0A;Expected equality of these values:&#x0A;  dstData[dstIdx]&#x0A;    Which is: &apos;\0&apos;&#x0A;  srcData[srcIdx]&#x0A;    Which is: &apos;\xDE&apos; (222)&#x0A;Source copy mismatch at dst(17,7) channel 0&#x0A;" type=""><![CDATA[/home/cjxu/npp/test/unit/nppi/nppi_geometry_transforms/test_nppi_copyConstBorder.cpp:88
Expected equality of these values:
  dstData[dstIdx]
    Which is: '\0'
  srcData[srcIdx]
    Which is: '\xDE' (222)
Source copy mismatch at dst(17,7) channel 0
]]></failure>
      <failure message="/home/cjxu/npp/test/unit/nppi/nppi_geometry_transforms/test_nppi_copyConstBorder.cpp:88&#x0A;Expected equality of these values:&#x0A;  dstData[dstIdx]&#x0A;    Which is: &apos;\0&apos;&#x0A;  srcData[srcIdx]&#x0A;    Which is: &apos;m&apos; (109, 0x6D)&#x0A;Source copy mismatch at dst(17,7) channel 1&#x0A;" type=""><![CDATA[/home/cjxu/npp/test/unit/nppi/nppi_geometry_transforms/test_nppi_copyConstBorder.cpp:88
Expected equality of these values:
  dstData[dstIdx]
    Which is: '\0'
  srcData[srcIdx]
    Which is: 'm' (109, 0x6D)
Source copy mismatch at dst(17,7) channel 1
]]></failure>
      <failure message="/home/cjxu/npp/test/unit/nppi/nppi_geometry_transforms/test_nppi_copyConstBorder.cpp:88&#x0A;Expected equality of these values:&#x0A;  dstData[dstIdx]&#x0A;    Which is: &apos;\0&apos;&#x0A;  srcData[srcIdx]&#x0A;    Which is: &apos;i&apos; (105, 0x69)&#x0A;Source copy mismatch at dst(17,7) channel 2&#x0A;" type=""><![CDATA[/home/cjxu/npp/test/unit/nppi/nppi_geometry_transforms/test_nppi_copyConstBorder.cpp:88
Expected equality of these values:
  dstData[dstIdx]
    Which is: '\0'
  srcData[srcIdx]
    Which is: 'i' (105, 0x69)
Source copy mismatch at dst(17,7) channel 2
]]></failure>
      <failure message="/home/cjxu/npp/test/unit/nppi/nppi_geometry_transforms/test_nppi_copyConstBorder.cpp:88&#x0A;Expected equality of these values:&#x0A;  dstData[dstIdx]&#x0A;    Which is: &apos;\0&apos;&#x0A;  srcData[srcIdx]&#x0A;    Which is: &apos;2&apos; (50, 0x32)&#x0A;Source copy mismatch at dst(18,7) channel 0&#x0A;" type=""><![CDATA[/home/cjxu/npp/test/unit/nppi/nppi_geometry_transforms/test_nppi_copyConstBorder.cpp:88
Expected equality of these values:
  dstData[dstIdx]
    Which is: '\0'
  srcData[srcIdx]
    Which is: '2' (50, 0x32)
Source copy mismatch at dst(18,7) channel 0
]]></failure>
      <failure message="/home/cjxu/npp/test/unit/nppi/nppi_geometry_transforms/test_nppi_copyConstBorder.cpp:88&#x0A;Expected equality of these values:&#x0A;  dstData[dstIdx]&#x0A;    Which is: &apos;\0&apos;&#x0A;  srcData[srcIdx]&#x0A;    Which is: &apos;\xAA&apos; (170)&#x0A;Source copy mismatch at dst(18,7) channel 1&#x0A;" type=""><![CDATA[/home/cjxu/npp/test/unit/nppi/nppi_geometry_transforms/test_nppi_copyConstBorder.cpp:88
Expected equality of these values:
  dstData[dstIdx]
    Which is: '\0'
  srcData[srcIdx]
    Which is: '\xAA' (170)
Source copy mismatch at dst(18,7) channel 1
]]></failure>
      <failure message="/home/cjxu/npp/test/unit/nppi/nppi_geometry_transforms/test_nppi_copyConstBorder.cpp:88&#x0A;Expected equality of these values:&#x0A;  dstData[dstIdx]&#x0A;    Which is: &apos;\0&apos;&#x0A;  srcData[srcIdx]&#x0A;    Which is: &apos;a&apos; (97, 0x61)&#x0A;Source copy mismatch at dst(18,7) channel 2&#x0A;" type=""><![CDATA[/home/cjxu/npp/test/unit/nppi/nppi_geometry_transforms/test_nppi_copyConstBorder.cpp:88
Expected equality of these values:
  dstData[dstIdx]
    Which is: '\0'
  srcData[srcIdx]
    Which is: 'a' (97, 0x61)
Source copy mismatch at dst(18,7) channel 2
]]></failure>
      <failure message="/home/cjxu/npp/test/unit/nppi/nppi_geometry_transforms/test_nppi_copyConstBorder.cpp:95&#x0A;Expected equality of these values:&#x0A;  dstData[dstIdx]&#x0A;    Which is: &apos;\0&apos;&#x0A;  borderValues[c]&#x0A;    Which is: &apos;d&apos; (100, 0x64)&#x0A;Border value mismatch at (19,7) channel 0&#x0A;" type=""><![CDATA[/home/cjxu/npp/test/unit/nppi/nppi_geometry_transforms/test_nppi_copyConstBorder.cpp:95
Expected equality of these values:
  dstData[dstIdx]
    Which is: '\0'
  borderValues[c]
    Which is: 'd' (100, 0x64)
Border value mismatch at (19,7) channel 0
]]></failure>
      <failure message="/home/cjxu/npp/test/unit/nppi/nppi_geometry_transforms/test_nppi_copyConstBorder.cpp:95&#x0A;Expected equality of these values:&#x0A;  dstData[dstIdx]&#x0A;    Which is: &apos;\0&apos;&#x0A;  borderValues[c]&#x0A;    Which is: &apos;\x96&apos; (150)&#x0A;Border value mismatch at (19,7) channel 1&#x0A;" type=""><![CDATA[/home/cjxu/npp/test/unit/nppi/nppi_geometry_transforms/test_nppi_copyConstBorder.cpp:95
Expected equality of these values:
  dstData[dstIdx]
    Which is: '\0'
  borderValues[c]
    Which is: '\x96' (150)
Border value mismatch at (19,7) channel 1
]]></failure>
      <failure message="/home/cjxu/npp/test/unit/nppi/nppi_geometry_transforms/test_nppi_copyConstBorder.cpp:95&#x0A;Expected equality of these values:&#x0A;  dstData[dstIdx]&#x0A;    Which is: &apos;\0&apos;&#x0A;  borderValues[c]&#x0A;    Which is: &apos;\xC8&apos; (200)&#x0A;Border value mismatch at (19,7) channel 2&#x0A;" type=""><![CDATA[/home/cjxu/npp/test/unit/nppi/nppi_geometry_transforms/test_nppi_copyConstBorder.cpp:95
Expected equality of these values:
  dstData[dstIdx]
    Which is: '\0'
  borderValues[c]
    Which is: '\xC8' (200)
Border value mismatch at (19,7) channel 2
]]></failure>
      <failure message="/home/cjxu/npp/test/unit/nppi/nppi_geometry_transforms/test_nppi_copyConstBorder.cpp:95&#x0A;Expected equality of these values:&#x0A;  dstData[dstIdx]&#x0A;    Which is: &apos;\0&apos;&#x0A;  borderValues[c]&#x0A;    Which is: &apos;d&apos; (100, 0x64)&#x0A;Border value mismatch at (20,7) channel 0&#x0A;" type=""><![CDATA[/home/cjxu/npp/test/unit/nppi/nppi_geometry_transforms/test_nppi_copyConstBorder.cpp:95
Expected equality of these values:
  dstData[dstIdx]
    Which is: '\0'
  borderValues[c]
    Which is: 'd' (100, 0x64)
Border value mismatch at (20,7) channel 0
]]></failure>
      <failure message="/home/cjxu/npp/test/unit/nppi/nppi_geometry_transforms/test_nppi_copyConstBorder.cpp:95&#x0A;Expected equality of these values:&#x0A;  dstData[dstIdx]&#x0A;    Which is: &apos;\0&apos;&#x0A;  borderValues[c]&#x0A;    Which is: &apos;\x96&apos; (150)&#x0A;Border value mismatch at (20,7) channel 1&#x0A;" type=""><![CDATA[/home/cjxu/npp/test/unit/nppi/nppi_geometry_transforms/test_nppi_copyConstBorder.cpp:95
Expected equality of these values:
  dstData[dstIdx]
    Which is: '\0'
  borderValues[c]
    Which is: '\x96' (150)
Border value mismatch at (20,7) channel 1
]]></failure>
      <failure message="/home/cjxu/npp/test/unit/nppi/nppi_geometry_transforms/test_nppi_copyConstBorder.cpp:95&#x0A;Expected equality of these values:&#x0A;  dstData[dstIdx]&#x0A;    Which is: &apos;\0&apos;&#x0A;  borderValues[c]&#x0A;    Which is: &apos;\xC8&apos; (200)&#x0A;Border value mismatch at (20,7) channel 2&#x0A;" type=""><![CDATA[/home/cjxu/npp/test/unit/nppi/nppi_geometry_transforms/test_nppi_copyConstBorder.cpp:95
Expected equality of these values:
  dstData[dstIdx]
    Which is: '\0'
  borderValues[c]
    Which is: '\xC8' (200)
Border value mismatch at (20,7) channel 2
]]></failure>
      <failure message="/home/cjxu/npp/test/unit/nppi/nppi_geometry_transforms/test_nppi_copyConstBorder.cpp:95&#x0A;Expected equality of these values:&#x0A;  dstData[dstIdx]&#x0A;    Which is: &apos;\0&apos;&#x0A;  borderValues[c]&#x0A;    Which is: &apos;d&apos; (100, 0x64)&#x0A;Border value mismatch at (21,7) channel 0&#x0A;" type=""><![CDATA[/home/cjxu/npp/test/unit/nppi/nppi_geometry_transforms/test_nppi_copyConstBorder.cpp:95
Expected equality of these values:
  dstData[dstIdx]
    Which is: '\0'
  borderValues[c]
    Which is: 'd' (100, 0x64)
Border value mismatch at (21,7) channel 0
]]></failure>
      <failure message="/home/cjxu/npp/test/unit/nppi/nppi_geometry_transforms/test_nppi_copyConstBorder.cpp:95&#x0A;Expected equality of these values:&#x0A;  dstData[dstIdx]&#x0A;    Which is: &apos;\0&apos;&#x0A;  borderValues[c]&#x0A;    Which is: &apos;\x96&apos; (150)&#x0A;Border value mismatch at (21,7) channel 1&#x0A;" type=""><![CDATA[/home/cjxu/npp/test/unit/nppi/nppi_geometry_transforms/test_nppi_copyConstBorder.cpp:95
Expected equality of these values:
  dstData[dstIdx]
    Which is: '\0'
  borderValues[c]
    Which is: '\x96' (150)
Border value mismatch at (21,7) channel 1
]]></failure>
      <failure message="/home/cjxu/npp/test/unit/nppi/nppi_geometry_transforms/test_nppi_copyConstBorder.cpp:95&#x0A;Expected equality of these values:&#x0A;  dstData[dstIdx]&#x0A;    Which is: &apos;\0&apos;&#x0A;  borderValues[c]&#x0A;    Which is: &apos;\xC8&apos; (200)&#x0A;Border value mismatch at (21,7) channel 2&#x0A;" type=""><![CDATA[/home/cjxu/npp/test/unit/nppi/nppi_geometry_transforms/test_nppi_copyConstBorder.cpp:95
Expected equality of these values:
  dstData[dstIdx]
    Which is: '\0'
  borderValues[c]
    Which is: '\xC8' (200)
Border value mismatch at (21,7) channel 2
]]></failure>
      <failure message="/home/cjxu/npp/test/unit/nppi/nppi_geometry_transforms/test_nppi_copyConstBorder.cpp:95&#x0A;Expected equality of these values:&#x0A;  dstData[dstIdx]&#x0A;    Which is: &apos;\0&apos;&#x0A;  borderValues[c]&#x0A;    Which is: &apos;d&apos; (100, 0x64)&#x0A;Border value mismatch at (22,7) channel 0&#x0A;" type=""><![CDATA[/home/cjxu/npp/test/unit/nppi/nppi_geometry_transforms/test_nppi_copyConstBorder.cpp:95
Expected equality of these values:
  dstData[dstIdx]
    Which is: '\0'
  borderValues[c]
    Which is: 'd' (100, 0x64)
Border value mismatch at (22,7) channel 0
]]></failure>
      <failure message="/home/cjxu/npp/test/unit/nppi/nppi_geometry_transforms/test_nppi_copyConstBorder.cpp:95&#x0A;Expected equality of these values:&#x0A;  dstData[dstIdx]&#x0A;    Which is: &apos;\0&apos;&#x0A;  borderValues[c]&#x0A;    Which is: &apos;\x96&apos; (150)&#x0A;Border value mismatch at (22,7) channel 1&#x0A;" type=""><![CDATA[/home/cjxu/npp/test/unit/nppi/nppi_geometry_transforms/test_nppi_copyConstBorder.cpp:95
Expected equality of these values:
  dstData[dstIdx]
    Which is: '\0'
  borderValues[c]
    Which is: '\x96' (150)
Border value mismatch at (22,7) channel 1
]]></failure>
      <failure message="/home/cjxu/npp/test/unit/nppi/nppi_geometry_transforms/test_nppi_copyConstBorder.cpp:95&#x0A;Expected equality of these values:&#x0A;  dstData[dstIdx]&#x0A;    Which is: &apos;\0&apos;&#x0A;  borderValues[c]&#x0A;    Which is: &apos;\xC8&apos; (200)&#x0A;Border value mismatch at (22,7) channel 2&#x0A;" type=""><![CDATA[/home/cjxu/npp/test/unit/nppi/nppi_geometry_transforms/test_nppi_copyConstBorder.cpp:95
Expected equality of these values:
  dstData[dstIdx]
    Which is: '\0'
  borderValues[c]
    Which is: '\xC8' (200)
Border value mismatch at (22,7) channel 2
]]></failure>
      <failure message="/home/cjxu/npp/test/unit/nppi/nppi_geometry_transforms/test_nppi_copyConstBorder.cpp:95&#x0A;Expected equality of these values:&#x0A;  dstData[dstIdx]&#x0A;    Which is: &apos;\0&apos;&#x0A;  borderValues[c]&#x0A;    Which is: &apos;d&apos; (100, 0x64)&#x0A;Border value mismatch at (23,7) channel 0&#x0A;" type=""><![CDATA[/home/cjxu/npp/test/unit/nppi/nppi_geometry_transforms/test_nppi_copyConstBorder.cpp:95
Expected equality of these values:
  dstData[dstIdx]
    Which is: '\0'
  borderValues[c]
    Which is: 'd' (100, 0x64)
Border value mismatch at (23,7) channel 0
]]></failure>
      <failure message="/home/cjxu/npp/test/unit/nppi/nppi_geometry_transforms/test_nppi_copyConstBorder.cpp:95&#x0A;Expected equality of these values:&#x0A;  dstData[dstIdx]&#x0A;    Which is: &apos;\0&apos;&#x0A;  borderValues[c]&#x0A;    Which is: &apos;\x96&apos; (150)&#x0A;Border value mismatch at (23,7) channel 1&#x0A;" type=""><![CDATA[/home/cjxu/npp/test/unit/nppi/nppi_geometry_transforms/test_nppi_copyConstBorder.cpp:95
Expected equality of these values:
  dstData[dstIdx]
    Which is: '\0'
  borderValues[c]
    Which is: '\x96' (150)
Border value mismatch at (23,7) channel 1
]]></failure>
      <failure message="/home/cjxu/npp/test/unit/nppi/nppi_geometry_transforms/test_nppi_copyConstBorder.cpp:95&#x0A;Expected equality of these values:&#x0A;  dstData[dstIdx]&#x0A;    Which is: &apos;\0&apos;&#x0A;  borderValues[c]&#x0A;    Which is: &apos;\xC8&apos; (200)&#x0A;Border value mismatch at (23,7) channel 2&#x0A;" type=""><![CDATA[/home/cjxu/npp/test/unit/nppi/nppi_geometry_transforms/test_nppi_copyConstBorder.cpp:95
Expected equality of these values:
  dstData[dstIdx]
    Which is: '\0'
  borderValues[c]
    Which is: '\xC8' (200)
Border value mismatch at (23,7) channel 2
]]></failure>
      <failure message="/home/cjxu/npp/test/unit/nppi/nppi_geometry_transforms/test_nppi_copyConstBorder.cpp:95&#x0A;Expected equality of these values:&#x0A;  dstData[dstIdx]&#x0A;    Which is: &apos;\0&apos;&#x0A;  borderValues[c]&#x0A;    Which is: &apos;d&apos; (100, 0x64)&#x0A;Border value mismatch at (0,8) channel 0&#x0A;" type=""><![CDATA[/home/cjxu/npp/test/unit/nppi/nppi_geometry_transforms/test_nppi_copyConstBorder.cpp:95
Expected equality of these values:
  dstData[dstIdx]
    Which is: '\0'
  borderValues[c]
    Which is: 'd' (100, 0x64)
Border value mismatch at (0,8) channel 0
]]></failure>
      <failure message="/home/cjxu/npp/test/unit/nppi/nppi_geometry_transforms/test_nppi_copyConstBorder.cpp:95&#x0A;Expected equality of these values:&#x0A;  dstData[dstIdx]&#x0A;    Which is: &apos;\0&apos;&#x0A;  borderValues[c]&#x0A;    Which is: &apos;\x96&apos; (150)&#x0A;Border value mismatch at (0,8) channel 1&#x0A;" type=""><![CDATA[/home/cjxu/npp/test/unit/nppi/nppi_geometry_transforms/test_nppi_copyConstBorder.cpp:95
Expected equality of these values:
  dstData[dstIdx]
    Which is: '\0'
  borderValues[c]
    Which is: '\x96' (150)
Border value mismatch at (0,8) channel 1
]]></failure>
      <failure message="/home/cjxu/npp/test/unit/nppi/nppi_geometry_transforms/test_nppi_copyConstBorder.cpp:95&#x0A;Expected equality of these values:&#x0A;  dstData[dstIdx]&#x0A;    Which is: &apos;\0&apos;&#x0A;  borderValues[c]&#x0A;    Which is: &apos;\xC8&apos; (200)&#x0A;Border value mismatch at (0,8) channel 2&#x0A;" type=""><![CDATA[/home/cjxu/npp/test/unit/nppi/nppi_geometry_transforms/test_nppi_copyConstBorder.cpp:95
Expected equality of these values:
  dstData[dstIdx]
    Which is: '\0'
  borderValues[c]
    Which is: '\xC8' (200)
Border value mismatch at (0,8) channel 2
]]></failure>
      <failure message="/home/cjxu/npp/test/unit/nppi/nppi_geometry_transforms/test_nppi_copyConstBorder.cpp:95&#x0A;Expected equality of these values:&#x0A;  dstData[dstIdx]&#x0A;    Which is: &apos;\0&apos;&#x0A;  borderValues[c]&#x0A;    Which is: &apos;d&apos; (100, 0x64)&#x0A;Border value mismatch at (1,8) channel 0&#x0A;" type=""><![CDATA[/home/cjxu/npp/test/unit/nppi/nppi_geometry_transforms/test_nppi_copyConstBorder.cpp:95
Expected equality of these values:
  dstData[dstIdx]
    Which is: '\0'
  borderValues[c]
    Which is: 'd' (100, 0x64)
Border value mismatch at (1,8) channel 0
]]></failure>
      <failure message="/home/cjxu/npp/test/unit/nppi/nppi_geometry_transforms/test_nppi_copyConstBorder.cpp:95&#x0A;Expected equality of these values:&#x0A;  dstData[dstIdx]&#x0A;    Which is: &apos;\0&apos;&#x0A;  borderValues[c]&#x0A;    Which is: &apos;\x96&apos; (150)&#x0A;Border value mismatch at (1,8) channel 1&#x0A;" type=""><![CDATA[/home/cjxu/npp/test/unit/nppi/nppi_geometry_transforms/test_nppi_copyConstBorder.cpp:95
Expected equality of these values:
  dstData[dstIdx]
    Which is: '\0'
  borderValues[c]
    Which is: '\x96' (150)
Border value mismatch at (1,8) channel 1
]]></failure>
      <failure message="/home/cjxu/npp/test/unit/nppi/nppi_geometry_transforms/test_nppi_copyConstBorder.cpp:95&#x0A;Expected equality of these values:&#x0A;  dstData[dstIdx]&#x0A;    Which is: &apos;\0&apos;&#x0A;  borderValues[c]&#x0A;    Which is: &apos;\xC8&apos; (200)&#x0A;Border value mismatch at (1,8) channel 2&#x0A;" type=""><![CDATA[/home/cjxu/npp/test/unit/nppi/nppi_geometry_transforms/test_nppi_copyConstBorder.cpp:95
Expected equality of these values:
  dstData[dstIdx]
    Which is: '\0'
  borderValues[c]
    Which is: '\xC8' (200)
Border value mismatch at (1,8) channel 2
]]></failure>
      <failure message="/home/cjxu/npp/test/unit/nppi/nppi_geometry_transforms/test_nppi_copyConstBorder.cpp:95&#x0A;Expected equality of these values:&#x0A;  dstData[dstIdx]&#x0A;    Which is: &apos;\0&apos;&#x0A;  borderValues[c]&#x0A;    Which is: &apos;d&apos; (100, 0x64)&#x0A;Border value mismatch at (2,8) channel 0&#x0A;" type=""><![CDATA[/home/cjxu/npp/test/unit/nppi/nppi_geometry_transforms/test_nppi_copyConstBorder.cpp:95
Expected equality of these values:
  dstData[dstIdx]
    Which is: '\0'
  borderValues[c]
    Which is: 'd' (100, 0x64)
Border value mismatch at (2,8) channel 0
]]></failure>
      <failure message="/home/cjxu/npp/test/unit/nppi/nppi_geometry_transforms/test_nppi_copyConstBorder.cpp:95&#x0A;Expected equality of these values:&#x0A;  dstData[dstIdx]&#x0A;    Which is: &apos;\0&apos;&#x0A;  borderValues[c]&#x0A;    Which is: &apos;\x96&apos; (150)&#x0A;Border value mismatch at (2,8) channel 1&#x0A;" type=""><![CDATA[/home/cjxu/npp/test/unit/nppi/nppi_geometry_transforms/test_nppi_copyConstBorder.cpp:95
Expected equality of these values:
  dstData[dstIdx]
    Which is: '\0'
  borderValues[c]
    Which is: '\x96' (150)
Border value mismatch at (2,8) channel 1
]]></failure>
      <failure message="/home/cjxu/npp/test/unit/nppi/nppi_geometry_transforms/test_nppi_copyConstBorder.cpp:95&#x0A;Expected equality of these values:&#x0A;  dstData[dstIdx]&#x0A;    Which is: &apos;\0&apos;&#x0A;  borderValues[c]&#x0A;    Which is: &apos;\xC8&apos; (200)&#x0A;Border value mismatch at (2,8) channel 2&#x0A;" type=""><![CDATA[/home/cjxu/npp/test/unit/nppi/nppi_geometry_transforms/test_nppi_copyConstBorder.cpp:95
Expected equality of these values:
  dstData[dstIdx]
    Which is: '\0'
  borderValues[c]
    Which is: '\xC8' (200)
Border value mismatch at (2,8) channel 2
]]></failure>
      <failure message="/home/cjxu/npp/test/unit/nppi/nppi_geometry_transforms/test_nppi_copyConstBorder.cpp:88&#x0A;Expected equality of these values:&#x0A;  dstData[dstIdx]&#x0A;    Which is: &apos;\0&apos;&#x0A;  srcData[srcIdx]&#x0A;    Which is: &apos;\xE0&apos; (224)&#x0A;Source copy mismatch at dst(3,8) channel 0&#x0A;" type=""><![CDATA[/home/cjxu/npp/test/unit/nppi/nppi_geometry_transforms/test_nppi_copyConstBorder.cpp:88
Expected equality of these values:
  dstData[dstIdx]
    Which is: '\0'
  srcData[srcIdx]
    Which is: '\xE0' (224)
Source copy mismatch at dst(3,8) channel 0
]]></failure>
      <failure message="/home/cjxu/npp/test/unit/nppi/nppi_geometry_transforms/test_nppi_copyConstBorder.cpp:88&#x0A;Expected equality of these values:&#x0A;  dstData[dstIdx]&#x0A;    Which is: &apos;\0&apos;&#x0A;  srcData[srcIdx]&#x0A;    Which is: &apos;\x14&apos; (20)&#x0A;Source copy mismatch at dst(3,8) channel 1&#x0A;" type=""><![CDATA[/home/cjxu/npp/test/unit/nppi/nppi_geometry_transforms/test_nppi_copyConstBorder.cpp:88
Expected equality of these values:
  dstData[dstIdx]
    Which is: '\0'
  srcData[srcIdx]
    Which is: '\x14' (20)
Source copy mismatch at dst(3,8) channel 1
]]></failure>
      <failure message="/home/cjxu/npp/test/unit/nppi/nppi_geometry_transforms/test_nppi_copyConstBorder.cpp:88&#x0A;Expected equality of these values:&#x0A;  dstData[dstIdx]&#x0A;    Which is: &apos;\0&apos;&#x0A;  srcData[srcIdx]&#x0A;    Which is: &apos;\xC6&apos; (198)&#x0A;Source copy mismatch at dst(3,8) channel 2&#x0A;" type=""><![CDATA[/home/cjxu/npp/test/unit/nppi/nppi_geometry_transforms/test_nppi_copyConstBorder.cpp:88
Expected equality of these values:
  dstData[dstIdx]
    Which is: '\0'
  srcData[srcIdx]
    Which is: '\xC6' (198)
Source copy mismatch at dst(3,8) channel 2
]]></failure>
      <failure message="/home/cjxu/npp/test/unit/nppi/nppi_geometry_transforms/test_nppi_copyConstBorder.cpp:88&#x0A;Expected equality of these values:&#x0A;  dstData[dstIdx]&#x0A;    Which is: &apos;\0&apos;&#x0A;  srcData[srcIdx]&#x0A;    Which is: &apos;\xC5&apos; (197)&#x0A;Source copy mismatch at dst(4,8) channel 0&#x0A;" type=""><![CDATA[/home/cjxu/npp/test/unit/nppi/nppi_geometry_transforms/test_nppi_copyConstBorder.cpp:88
Expected equality of these values:
  dstData[dstIdx]
    Which is: '\0'
  srcData[srcIdx]
    Which is: '\xC5' (197)
Source copy mismatch at dst(4,8) channel 0
]]></failure>
      <failure message="/home/cjxu/npp/test/unit/nppi/nppi_geometry_transforms/test_nppi_copyConstBorder.cpp:88&#x0A;Expected equality of these values:&#x0A;  dstData[dstIdx]&#x0A;    Which is: &apos;\0&apos;&#x0A;  srcData[srcIdx]&#x0A;    Which is: &apos;\xE1&apos; (225)&#x0A;Source copy mismatch at dst(4,8) channel 1&#x0A;" type=""><![CDATA[/home/cjxu/npp/test/unit/nppi/nppi_geometry_transforms/test_nppi_copyConstBorder.cpp:88
Expected equality of these values:
  dstData[dstIdx]
    Which is: '\0'
  srcData[srcIdx]
    Which is: '\xE1' (225)
Source copy mismatch at dst(4,8) channel 1
]]></failure>
      <failure message="/home/cjxu/npp/test/unit/nppi/nppi_geometry_transforms/test_nppi_copyConstBorder.cpp:88&#x0A;Expected equality of these values:&#x0A;  dstData[dstIdx]&#x0A;    Which is: &apos;\0&apos;&#x0A;  srcData[srcIdx]&#x0A;    Which is: &apos;\xBB&apos; (187)&#x0A;Source copy mismatch at dst(4,8) channel 2&#x0A;" type=""><![CDATA[/home/cjxu/npp/test/unit/nppi/nppi_geometry_transforms/test_nppi_copyConstBorder.cpp:88
Expected equality of these values:
  dstData[dstIdx]
    Which is: '\0'
  srcData[srcIdx]
    Which is: '\xBB' (187)
Source copy mismatch at dst(4,8) channel 2
]]></failure>
      <failure message="/home/cjxu/npp/test/unit/nppi/nppi_geometry_transforms/test_nppi_copyConstBorder.cpp:88&#x0A;Expected equality of these values:&#x0A;  dstData[dstIdx]&#x0A;    Which is: &apos;\0&apos;&#x0A;  srcData[srcIdx]&#x0A;    Which is: &apos;|&apos; (124, 0x7C)&#x0A;Source copy mismatch at dst(5,8) channel 0&#x0A;" type=""><![CDATA[/home/cjxu/npp/test/unit/nppi/nppi_geometry_transforms/test_nppi_copyConstBorder.cpp:88
Expected equality of these values:
  dstData[dstIdx]
    Which is: '\0'
  srcData[srcIdx]
    Which is: '|' (124, 0x7C)
Source copy mismatch at dst(5,8) channel 0
]]></failure>
      <failure message="/home/cjxu/npp/test/unit/nppi/nppi_geometry_transforms/test_nppi_copyConstBorder.cpp:88&#x0A;Expected equality of these values:&#x0A;  dstData[dstIdx]&#x0A;    Which is: &apos;\0&apos;&#x0A;  srcData[srcIdx]&#x0A;    Which is: &apos;!&apos; (33, 0x21)&#x0A;Source copy mismatch at dst(5,8) channel 1&#x0A;" type=""><![CDATA[/home/cjxu/npp/test/unit/nppi/nppi_geometry_transforms/test_nppi_copyConstBorder.cpp:88
Expected equality of these values:
  dstData[dstIdx]
    Which is: '\0'
  srcData[srcIdx]
    Which is: '!' (33, 0x21)
Source copy mismatch at dst(5,8) channel 1
]]></failure>
      <failure message="/home/cjxu/npp/test/unit/nppi/nppi_geometry_transforms/test_nppi_copyConstBorder.cpp:88&#x0A;Expected equality of these values:&#x0A;  dstData[dstIdx]&#x0A;    Which is: &apos;\0&apos;&#x0A;  srcData[srcIdx]&#x0A;    Which is: &apos;\x7F&apos; (127)&#x0A;Source copy mismatch at dst(5,8) channel 2&#x0A;" type=""><![CDATA[/home/cjxu/npp/test/unit/nppi/nppi_geometry_transforms/test_nppi_copyConstBorder.cpp:88
Expected equality of these values:
  dstData[dstIdx]
    Which is: '\0'
  srcData[srcIdx]
    Which is: '\x7F' (127)
Source copy mismatch at dst(5,8) channel 2
]]></failure>
      <failure message="/home/cjxu/npp/test/unit/nppi/nppi_geometry_transforms/test_nppi_copyConstBorder.cpp:88&#x0A;Expected equality of these values:&#x0A;  dstData[dstIdx]&#x0A;    Which is: &apos;\0&apos;&#x0A;  srcData[srcIdx]&#x0A;    Which is: &apos;\xED&apos; (237)&#x0A;Source copy mismatch at dst(6,8) channel 0&#x0A;" type=""><![CDATA[/home/cjxu/npp/test/unit/nppi/nppi_geometry_transforms/test_nppi_copyConstBorder.cpp:88
Expected equality of these values:
  dstData[dstIdx]
    Which is: '\0'
  srcData[srcIdx]
    Which is: '\xED' (237)
Source copy mismatch at dst(6,8) channel 0
]]></failure>
      <failure message="/home/cjxu/npp/test/unit/nppi/nppi_geometry_transforms/test_nppi_copyConstBorder.cpp:88&#x0A;Expected equality of these values:&#x0A;  dstData[dstIdx]&#x0A;    Which is: &apos;\0&apos;&#x0A;  srcData[srcIdx]&#x0A;    Which is: &apos;\xE2&apos; (226)&#x0A;Source copy mismatch at dst(6,8) channel 1&#x0A;" type=""><![CDATA[/home/cjxu/npp/test/unit/nppi/nppi_geometry_transforms/test_nppi_copyConstBorder.cpp:88
Expected equality of these values:
  dstData[dstIdx]
    Which is: '\0'
  srcData[srcIdx]
    Which is: '\xE2' (226)
Source copy mismatch at dst(6,8) channel 1
]]></failure>
      <failure message="/home/cjxu/npp/test/unit/nppi/nppi_geometry_transforms/test_nppi_copyConstBorder.cpp:88&#x0A;Expected equality of these values:&#x0A;  dstData[dstIdx]&#x0A;    Which is: &apos;\0&apos;&#x0A;  srcData[srcIdx]&#x0A;    Which is: &apos;\xE&apos; (14)&#x0A;Source copy mismatch at dst(6,8) channel 2&#x0A;" type=""><![CDATA[/home/cjxu/npp/test/unit/nppi/nppi_geometry_transforms/test_nppi_copyConstBorder.cpp:88
Expected equality of these values:
  dstData[dstIdx]
    Which is: '\0'
  srcData[srcIdx]
    Which is: '\xE' (14)
Source copy mismatch at dst(6,8) channel 2
]]></failure>
      <failure message="/home/cjxu/npp/test/unit/nppi/nppi_geometry_transforms/test_nppi_copyConstBorder.cpp:88&#x0A;Expected equality of these values:&#x0A;  dstData[dstIdx]&#x0A;    Which is: &apos;\0&apos;&#x0A;  srcData[srcIdx]&#x0A;    Which is: &apos;\xF1&apos; (241)&#x0A;Source copy mismatch at dst(7,8) channel 0&#x0A;" type=""><![CDATA[/home/cjxu/npp/test/unit/nppi/nppi_geometry_transforms/test_nppi_copyConstBorder.cpp:88
Expected equality of these values:
  dstData[dstIdx]
    Which is: '\0'
  srcData[srcIdx]
    Which is: '\xF1' (241)
Source copy mismatch at dst(7,8) channel 0
]]></failure>
      <failure message="/home/cjxu/npp/test/unit/nppi/nppi_geometry_transforms/test_nppi_copyConstBorder.cpp:88&#x0A;Expected equality of these values:&#x0A;  dstData[dstIdx]&#x0A;    Which is: &apos;\0&apos;&#x0A;  srcData[srcIdx]&#x0A;    Which is: &apos;?&apos; (63, 0x3F)&#x0A;Source copy mismatch at dst(7,8) channel 1&#x0A;" type=""><![CDATA[/home/cjxu/npp/test/unit/nppi/nppi_geometry_transforms/test_nppi_copyConstBorder.cpp:88
Expected equality of these values:
  dstData[dstIdx]
    Which is: '\0'
  srcData[srcIdx]
    Which is: '?' (63, 0x3F)
Source copy mismatch at dst(7,8) channel 1
]]></failure>
      <failure message="/home/cjxu/npp/test/unit/nppi/nppi_geometry_transforms/test_nppi_copyConstBorder.cpp:88&#x0A;Expected equality of these values:&#x0A;  dstData[dstIdx]&#x0A;    Which is: &apos;\0&apos;&#x0A;  srcData[srcIdx]&#x0A;    Which is: &apos;\xF8&apos; (248)&#x0A;Source copy mismatch at dst(7,8) channel 2&#x0A;" type=""><![CDATA[/home/cjxu/npp/test/unit/nppi/nppi_geometry_transforms/test_nppi_copyConstBorder.cpp:88
Expected equality of these values:
  dstData[dstIdx]
    Which is: '\0'
  srcData[srcIdx]
    Which is: '\xF8' (248)
Source copy mismatch at dst(7,8) channel 2
]]></failure>
      <failure message="/home/cjxu/npp/test/unit/nppi/nppi_geometry_transforms/test_nppi_copyConstBorder.cpp:88&#x0A;Expected equality of these values:&#x0A;  dstData[dstIdx]&#x0A;    Which is: &apos;\0&apos;&#x0A;  srcData[srcIdx]&#x0A;    Which is: &apos;\xDF&apos; (223)&#x0A;Source copy mismatch at dst(8,8) channel 0&#x0A;" type=""><![CDATA[/home/cjxu/npp/test/unit/nppi/nppi_geometry_transforms/test_nppi_copyConstBorder.cpp:88
Expected equality of these values:
  dstData[dstIdx]
    Which is: '\0'
  srcData[srcIdx]
    Which is: '\xDF' (223)
Source copy mismatch at dst(8,8) channel 0
]]></failure>
      <failure message="/home/cjxu/npp/test/unit/nppi/nppi_geometry_transforms/test_nppi_copyConstBorder.cpp:88&#x0A;Expected equality of these values:&#x0A;  dstData[dstIdx]&#x0A;    Which is: &apos;\0&apos;&#x0A;  srcData[srcIdx]&#x0A;    Which is: &apos;\x92&apos; (146)&#x0A;Source copy mismatch at dst(8,8) channel 1&#x0A;" type=""><![CDATA[/home/cjxu/npp/test/unit/nppi/nppi_geometry_transforms/test_nppi_copyConstBorder.cpp:88
Expected equality of these values:
  dstData[dstIdx]
    Which is: '\0'
  srcData[srcIdx]
    Which is: '\x92' (146)
Source copy mismatch at dst(8,8) channel 1
]]></failure>
      <failure message="/home/cjxu/npp/test/unit/nppi/nppi_geometry_transforms/test_nppi_copyConstBorder.cpp:88&#x0A;Expected equality of these values:&#x0A;  dstData[dstIdx]&#x0A;    Which is: &apos;\0&apos;&#x0A;  srcData[srcIdx]&#x0A;    Which is: &apos;c&apos; (99, 0x63)&#x0A;Source copy mismatch at dst(8,8) channel 2&#x0A;" type=""><![CDATA[/home/cjxu/npp/test/unit/nppi/nppi_geometry_transforms/test_nppi_copyConstBorder.cpp:88
Expected equality of these values:
  dstData[dstIdx]
    Which is: '\0'
  srcData[srcIdx]
    Which is: 'c' (99, 0x63)
Source copy mismatch at dst(8,8) channel 2
]]></failure>
      <failure message="/home/cjxu/npp/test/unit/nppi/nppi_geometry_transforms/test_nppi_copyConstBorder.cpp:88&#x0A;Expected equality of these values:&#x0A;  dstData[dstIdx]&#x0A;    Which is: &apos;\0&apos;&#x0A;  srcData[srcIdx]&#x0A;    Which is: &apos;i&apos; (105, 0x69)&#x0A;Source copy mismatch at dst(9,8) channel 0&#x0A;" type=""><![CDATA[/home/cjxu/npp/test/unit/nppi/nppi_geometry_transforms/test_nppi_copyConstBorder.cpp:88
Expected equality of these values:
  dstData[dstIdx]
    Which is: '\0'
  srcData[srcIdx]
    Which is: 'i' (105, 0x69)
Source copy mismatch at dst(9,8) channel 0
]]></failure>
      <failure message="/home/cjxu/npp/test/unit/nppi/nppi_geometry_transforms/test_nppi_copyConstBorder.cpp:88&#x0A;Expected equality of these values:&#x0A;  dstData[dstIdx]&#x0A;    Which is: &apos;\0&apos;&#x0A;  srcData[srcIdx]&#x0A;    Which is: &apos;\x94&apos; (148)&#x0A;Source copy mismatch at dst(9,8) channel 1&#x0A;" type=""><![CDATA[/home/cjxu/npp/test/unit/nppi/nppi_geometry_transforms/test_nppi_copyConstBorder.cpp:88
Expected equality of these values:
  dstData[dstIdx]
    Which is: '\0'
  srcData[srcIdx]
    Which is: '\x94' (148)
Source copy mismatch at dst(9,8) channel 1
]]></failure>
      <failure message="/home/cjxu/npp/test/unit/nppi/nppi_geometry_transforms/test_nppi_copyConstBorder.cpp:88&#x0A;Expected equality of these values:&#x0A;  dstData[dstIdx]&#x0A;    Which is: &apos;\0&apos;&#x0A;  srcData[srcIdx]&#x0A;    Which is: &apos;\v&apos; (11, 0xB)&#x0A;Source copy mismatch at dst(9,8) channel 2&#x0A;" type=""><![CDATA[/home/cjxu/npp/test/unit/nppi/nppi_geometry_transforms/test_nppi_copyConstBorder.cpp:88
Expected equality of these values:
  dstData[dstIdx]
    Which is: '\0'
  srcData[srcIdx]
    Which is: '\v' (11, 0xB)
Source copy mismatch at dst(9,8) channel 2
]]></failure>
      <failure message="/home/cjxu/npp/test/unit/nppi/nppi_geometry_transforms/test_nppi_copyConstBorder.cpp:88&#x0A;Expected equality of these values:&#x0A;  dstData[dstIdx]&#x0A;    Which is: &apos;\0&apos;&#x0A;  srcData[srcIdx]&#x0A;    Which is: &apos;\xF6&apos; (246)&#x0A;Source copy mismatch at dst(10,8) channel 0&#x0A;" type=""><![CDATA[/home/cjxu/npp/test/unit/nppi/nppi_geometry_transforms/test_nppi_copyConstBorder.cpp:88
Expected equality of these values:
  dstData[dstIdx]
    Which is: '\0'
  srcData[srcIdx]
    Which is: '\xF6' (246)
Source copy mismatch at dst(10,8) channel 0
]]></failure>
      <failure message="/home/cjxu/npp/test/unit/nppi/nppi_geometry_transforms/test_nppi_copyConstBorder.cpp:88&#x0A;Expected equality of these values:&#x0A;  dstData[dstIdx]&#x0A;    Which is: &apos;\0&apos;&#x0A;  srcData[srcIdx]&#x0A;    Which is: &apos;j&apos; (106, 0x6A)&#x0A;Source copy mismatch at dst(10,8) channel 1&#x0A;" type=""><![CDATA[/home/cjxu/npp/test/unit/nppi/nppi_geometry_transforms/test_nppi_copyConstBorder.cpp:88
Expected equality of these values:
  dstData[dstIdx]
    Which is: '\0'
  srcData[srcIdx]
    Which is: 'j' (106, 0x6A)
Source copy mismatch at dst(10,8) channel 1
]]></failure>
      <failure message="/home/cjxu/npp/test/unit/nppi/nppi_geometry_transforms/test_nppi_copyConstBorder.cpp:88&#x0A;Expected equality of these values:&#x0A;  dstData[dstIdx]&#x0A;    Which is: &apos;\0&apos;&#x0A;  srcData[srcIdx]&#x0A;    Which is: &apos;C&apos; (67, 0x43)&#x0A;Source copy mismatch at dst(10,8) channel 2&#x0A;" type=""><![CDATA[/home/cjxu/npp/test/unit/nppi/nppi_geometry_transforms/test_nppi_copyConstBorder.cpp:88
Expected equality of these values:
  dstData[dstIdx]
    Which is: '\0'
  srcData[srcIdx]
    Which is: 'C' (67, 0x43)
Source copy mismatch at dst(10,8) channel 2
]]></failure>
      <failure message="/home/cjxu/npp/test/unit/nppi/nppi_geometry_transforms/test_nppi_copyConstBorder.cpp:88&#x0A;Expected equality of these values:&#x0A;  dstData[dstIdx]&#x0A;    Which is: &apos;\0&apos;&#x0A;  srcData[srcIdx]&#x0A;    Which is: &apos;p&apos; (112, 0x70)&#x0A;Source copy mismatch at dst(11,8) channel 0&#x0A;" type=""><![CDATA[/home/cjxu/npp/test/unit/nppi/nppi_geometry_transforms/test_nppi_copyConstBorder.cpp:88
Expected equality of these values:
  dstData[dstIdx]
    Which is: '\0'
  srcData[srcIdx]
    Which is: 'p' (112, 0x70)
Source copy mismatch at dst(11,8) channel 0
]]></failure>
      <failure message="/home/cjxu/npp/test/unit/nppi/nppi_geometry_transforms/test_nppi_copyConstBorder.cpp:88&#x0A;Expected equality of these values:&#x0A;  dstData[dstIdx]&#x0A;    Which is: &apos;\0&apos;&#x0A;  srcData[srcIdx]&#x0A;    Which is: &apos;I&apos; (73, 0x49)&#x0A;Source copy mismatch at dst(11,8) channel 1&#x0A;" type=""><![CDATA[/home/cjxu/npp/test/unit/nppi/nppi_geometry_transforms/test_nppi_copyConstBorder.cpp:88
Expected equality of these values:
  dstData[dstIdx]
    Which is: '\0'
  srcData[srcIdx]
    Which is: 'I' (73, 0x49)
Source copy mismatch at dst(11,8) channel 1
]]></failure>
      <failure message="/home/cjxu/npp/test/unit/nppi/nppi_geometry_transforms/test_nppi_copyConstBorder.cpp:88&#x0A;Expected equality of these values:&#x0A;  dstData[dstIdx]&#x0A;    Which is: &apos;\0&apos;&#x0A;  srcData[srcIdx]&#x0A;    Which is: &apos;\xB1&apos; (177)&#x0A;Source copy mismatch at dst(11,8) channel 2&#x0A;" type=""><![CDATA[/home/cjxu/npp/test/unit/nppi/nppi_geometry_transforms/test_nppi_copyConstBorder.cpp:88
Expected equality of these values:
  dstData[dstIdx]
    Which is: '\0'
  srcData[srcIdx]
    Which is: '\xB1' (177)
Source copy mismatch at dst(11,8) channel 2
]]></failure>
      <failure message="/home/cjxu/npp/test/unit/nppi/nppi_geometry_transforms/test_nppi_copyConstBorder.cpp:88&#x0A;Expected equality of these values:&#x0A;  dstData[dstIdx]&#x0A;    Which is: &apos;\0&apos;&#x0A;  srcData[srcIdx]&#x0A;    Which is: &apos;\xD9&apos; (217)&#x0A;Source copy mismatch at dst(12,8) channel 0&#x0A;" type=""><![CDATA[/home/cjxu/npp/test/unit/nppi/nppi_geometry_transforms/test_nppi_copyConstBorder.cpp:88
Expected equality of these values:
  dstData[dstIdx]
    Which is: '\0'
  srcData[srcIdx]
    Which is: '\xD9' (217)
Source copy mismatch at dst(12,8) channel 0
]]></failure>
      <failure message="/home/cjxu/npp/test/unit/nppi/nppi_geometry_transforms/test_nppi_copyConstBorder.cpp:88&#x0A;Expected equality of these values:&#x0A;  dstData[dstIdx]&#x0A;    Which is: &apos;\0&apos;&#x0A;  srcData[srcIdx]&#x0A;    Which is: &apos;{&apos; (123, 0x7B)&#x0A;Source copy mismatch at dst(12,8) channel 1&#x0A;" type=""><![CDATA[/home/cjxu/npp/test/unit/nppi/nppi_geometry_transforms/test_nppi_copyConstBorder.cpp:88
Expected equality of these values:
  dstData[dstIdx]
    Which is: '\0'
  srcData[srcIdx]
    Which is: '{' (123, 0x7B)
Source copy mismatch at dst(12,8) channel 1
]]></failure>
      <failure message="/home/cjxu/npp/test/unit/nppi/nppi_geometry_transforms/test_nppi_copyConstBorder.cpp:88&#x0A;Expected equality of these values:&#x0A;  dstData[dstIdx]&#x0A;    Which is: &apos;\0&apos;&#x0A;  srcData[srcIdx]&#x0A;    Which is: &apos;[&apos; (91, 0x5B)&#x0A;Source copy mismatch at dst(12,8) channel 2&#x0A;" type=""><![CDATA[/home/cjxu/npp/test/unit/nppi/nppi_geometry_transforms/test_nppi_copyConstBorder.cpp:88
Expected equality of these values:
  dstData[dstIdx]
    Which is: '\0'
  srcData[srcIdx]
    Which is: '[' (91, 0x5B)
Source copy mismatch at dst(12,8) channel 2
]]></failure>
      <failure message="/home/cjxu/npp/test/unit/nppi/nppi_geometry_transforms/test_nppi_copyConstBorder.cpp:88&#x0A;Expected equality of these values:&#x0A;  dstData[dstIdx]&#x0A;    Which is: &apos;\0&apos;&#x0A;  srcData[srcIdx]&#x0A;    Which is: &apos;;&apos; (59, 0x3B)&#x0A;Source copy mismatch at dst(13,8) channel 0&#x0A;" type=""><![CDATA[/home/cjxu/npp/test/unit/nppi/nppi_geometry_transforms/test_nppi_copyConstBorder.cpp:88
Expected equality of these values:
  dstData[dstIdx]
    Which is: '\0'
  srcData[srcIdx]
    Which is: ';' (59, 0x3B)
Source copy mismatch at dst(13,8) channel 0
]]></failure>
      <failure message="/home/cjxu/npp/test/unit/nppi/nppi_geometry_transforms/test_nppi_copyConstBorder.cpp:88&#x0A;Expected equality of these values:&#x0A;  dstData[dstIdx]&#x0A;    Which is: &apos;\0&apos;&#x0A;  srcData[srcIdx]&#x0A;    Which is: &apos;\\&apos; (92, 0x5C)&#x0A;Source copy mismatch at dst(13,8) channel 1&#x0A;" type=""><![CDATA[/home/cjxu/npp/test/unit/nppi/nppi_geometry_transforms/test_nppi_copyConstBorder.cpp:88
Expected equality of these values:
  dstData[dstIdx]
    Which is: '\0'
  srcData[srcIdx]
    Which is: '\\' (92, 0x5C)
Source copy mismatch at dst(13,8) channel 1
]]></failure>
      <failure message="/home/cjxu/npp/test/unit/nppi/nppi_geometry_transforms/test_nppi_copyConstBorder.cpp:88&#x0A;Expected equality of these values:&#x0A;  dstData[dstIdx]&#x0A;    Which is: &apos;\0&apos;&#x0A;  srcData[srcIdx]&#x0A;    Which is: &apos;o&apos; (111, 0x6F)&#x0A;Source copy mismatch at dst(13,8) channel 2&#x0A;" type=""><![CDATA[/home/cjxu/npp/test/unit/nppi/nppi_geometry_transforms/test_nppi_copyConstBorder.cpp:88
Expected equality of these values:
  dstData[dstIdx]
    Which is: '\0'
  srcData[srcIdx]
    Which is: 'o' (111, 0x6F)
Source copy mismatch at dst(13,8) channel 2
]]></failure>
      <failure message="/home/cjxu/npp/test/unit/nppi/nppi_geometry_transforms/test_nppi_copyConstBorder.cpp:88&#x0A;Expected equality of these values:&#x0A;  dstData[dstIdx]&#x0A;    Which is: &apos;\0&apos;&#x0A;  srcData[srcIdx]&#x0A;    Which is: &apos;\x1&apos; (1)&#x0A;Source copy mismatch at dst(14,8) channel 0&#x0A;" type=""><![CDATA[/home/cjxu/npp/test/unit/nppi/nppi_geometry_transforms/test_nppi_copyConstBorder.cpp:88
Expected equality of these values:
  dstData[dstIdx]
    Which is: '\0'
  srcData[srcIdx]
    Which is: '\x1' (1)
Source copy mismatch at dst(14,8) channel 0
]]></failure>
      <failure message="/home/cjxu/npp/test/unit/nppi/nppi_geometry_transforms/test_nppi_copyConstBorder.cpp:88&#x0A;Expected equality of these values:&#x0A;  dstData[dstIdx]&#x0A;    Which is: &apos;\0&apos;&#x0A;  srcData[srcIdx]&#x0A;    Which is: &apos;!&apos; (33, 0x21)&#x0A;Source copy mismatch at dst(14,8) channel 1&#x0A;" type=""><![CDATA[/home/cjxu/npp/test/unit/nppi/nppi_geometry_transforms/test_nppi_copyConstBorder.cpp:88
Expected equality of these values:
  dstData[dstIdx]
    Which is: '\0'
  srcData[srcIdx]
    Which is: '!' (33, 0x21)
Source copy mismatch at dst(14,8) channel 1
]]></failure>
      <failure message="/home/cjxu/npp/test/unit/nppi/nppi_geometry_transforms/test_nppi_copyConstBorder.cpp:88&#x0A;Expected equality of these values:&#x0A;  dstData[dstIdx]&#x0A;    Which is: &apos;\0&apos;&#x0A;  srcData[srcIdx]&#x0A;    Which is: &apos;P&apos; (80, 0x50)&#x0A;Source copy mismatch at dst(14,8) channel 2&#x0A;" type=""><![CDATA[/home/cjxu/npp/test/unit/nppi/nppi_geometry_transforms/test_nppi_copyConstBorder.cpp:88
Expected equality of these values:
  dstData[dstIdx]
    Which is: '\0'
  srcData[srcIdx]
    Which is: 'P' (80, 0x50)
Source copy mismatch at dst(14,8) channel 2
]]></failure>
      <failure message="/home/cjxu/npp/test/unit/nppi/nppi_geometry_transforms/test_nppi_copyConstBorder.cpp:88&#x0A;Expected equality of these values:&#x0A;  dstData[dstIdx]&#x0A;    Which is: &apos;\0&apos;&#x0A;  srcData[srcIdx]&#x0A;    Which is: &apos;\xBD&apos; (189)&#x0A;Source copy mismatch at dst(15,8) channel 0&#x0A;" type=""><![CDATA[/home/cjxu/npp/test/unit/nppi/nppi_geometry_transforms/test_nppi_copyConstBorder.cpp:88
Expected equality of these values:
  dstData[dstIdx]
    Which is: '\0'
  srcData[srcIdx]
    Which is: '\xBD' (189)
Source copy mismatch at dst(15,8) channel 0
]]></failure>
      <failure message="/home/cjxu/npp/test/unit/nppi/nppi_geometry_transforms/test_nppi_copyConstBorder.cpp:88&#x0A;Expected equality of these values:&#x0A;  dstData[dstIdx]&#x0A;    Which is: &apos;\0&apos;&#x0A;  srcData[srcIdx]&#x0A;    Which is: &apos;\x9E&apos; (158)&#x0A;Source copy mismatch at dst(15,8) channel 1&#x0A;" type=""><![CDATA[/home/cjxu/npp/test/unit/nppi/nppi_geometry_transforms/test_nppi_copyConstBorder.cpp:88
Expected equality of these values:
  dstData[dstIdx]
    Which is: '\0'
  srcData[srcIdx]
    Which is: '\x9E' (158)
Source copy mismatch at dst(15,8) channel 1
]]></failure>
      <failure message="/home/cjxu/npp/test/unit/nppi/nppi_geometry_transforms/test_nppi_copyConstBorder.cpp:88&#x0A;Expected equality of these values:&#x0A;  dstData[dstIdx]&#x0A;    Which is: &apos;\0&apos;&#x0A;  srcData[srcIdx]&#x0A;    Which is: &apos;r&apos; (114, 0x72)&#x0A;Source copy mismatch at dst(15,8) channel 2&#x0A;" type=""><![CDATA[/home/cjxu/npp/test/unit/nppi/nppi_geometry_transforms/test_nppi_copyConstBorder.cpp:88
Expected equality of these values:
  dstData[dstIdx]
    Which is: '\0'
  srcData[srcIdx]
    Which is: 'r' (114, 0x72)
Source copy mismatch at dst(15,8) channel 2
]]></failure>
      <failure message="/home/cjxu/npp/test/unit/nppi/nppi_geometry_transforms/test_nppi_copyConstBorder.cpp:88&#x0A;Expected equality of these values:&#x0A;  dstData[dstIdx]&#x0A;    Which is: &apos;\0&apos;&#x0A;  srcData[srcIdx]&#x0A;    Which is: &apos;&lt;&apos; (60, 0x3C)&#x0A;Source copy mismatch at dst(16,8) channel 0&#x0A;" type=""><![CDATA[/home/cjxu/npp/test/unit/nppi/nppi_geometry_transforms/test_nppi_copyConstBorder.cpp:88
Expected equality of these values:
  dstData[dstIdx]
    Which is: '\0'
  srcData[srcIdx]
    Which is: '<' (60, 0x3C)
Source copy mismatch at dst(16,8) channel 0
]]></failure>
      <failure message="/home/cjxu/npp/test/unit/nppi/nppi_geometry_transforms/test_nppi_copyConstBorder.cpp:88&#x0A;Expected equality of these values:&#x0A;  dstData[dstIdx]&#x0A;    Which is: &apos;\0&apos;&#x0A;  srcData[srcIdx]&#x0A;    Which is: &apos;\x8B&apos; (139)&#x0A;Source copy mismatch at dst(16,8) channel 1&#x0A;" type=""><![CDATA[/home/cjxu/npp/test/unit/nppi/nppi_geometry_transforms/test_nppi_copyConstBorder.cpp:88
Expected equality of these values:
  dstData[dstIdx]
    Which is: '\0'
  srcData[srcIdx]
    Which is: '\x8B' (139)
Source copy mismatch at dst(16,8) channel 1
]]></failure>
      <failure message="/home/cjxu/npp/test/unit/nppi/nppi_geometry_transforms/test_nppi_copyConstBorder.cpp:88&#x0A;Expected equality of these values:&#x0A;  dstData[dstIdx]&#x0A;    Which is: &apos;\0&apos;&#x0A;  srcData[srcIdx]&#x0A;    Which is: &apos;T&apos; (84, 0x54)&#x0A;Source copy mismatch at dst(16,8) channel 2&#x0A;" type=""><![CDATA[/home/cjxu/npp/test/unit/nppi/nppi_geometry_transforms/test_nppi_copyConstBorder.cpp:88
Expected equality of these values:
  dstData[dstIdx]
    Which is: '\0'
  srcData[srcIdx]
    Which is: 'T' (84, 0x54)
Source copy mismatch at dst(16,8) channel 2
]]></failure>
      <failure message="/home/cjxu/npp/test/unit/nppi/nppi_geometry_transforms/test_nppi_copyConstBorder.cpp:88&#x0A;Expected equality of these values:&#x0A;  dstData[dstIdx]&#x0A;    Which is: &apos;\0&apos;&#x0A;  srcData[srcIdx]&#x0A;    Which is: &apos;J&apos; (74, 0x4A)&#x0A;Source copy mismatch at dst(17,8) channel 0&#x0A;" type=""><![CDATA[/home/cjxu/npp/test/unit/nppi/nppi_geometry_transforms/test_nppi_copyConstBorder.cpp:88
Expected equality of these values:
  dstData[dstIdx]
    Which is: '\0'
  srcData[srcIdx]
    Which is: 'J' (74, 0x4A)
Source copy mismatch at dst(17,8) channel 0
]]></failure>
      <failure message="/home/cjxu/npp/test/unit/nppi/nppi_geometry_transforms/test_nppi_copyConstBorder.cpp:88&#x0A;Expected equality of these values:&#x0A;  dstData[dstIdx]&#x0A;    Which is: &apos;\0&apos;&#x0A;  srcData[srcIdx]&#x0A;    Which is: &apos;|&apos; (124, 0x7C)&#x0A;Source copy mismatch at dst(17,8) channel 1&#x0A;" type=""><![CDATA[/home/cjxu/npp/test/unit/nppi/nppi_geometry_transforms/test_nppi_copyConstBorder.cpp:88
Expected equality of these values:
  dstData[dstIdx]
    Which is: '\0'
  srcData[srcIdx]
    Which is: '|' (124, 0x7C)
Source copy mismatch at dst(17,8) channel 1
]]></failure>
      <failure message="/home/cjxu/npp/test/unit/nppi/nppi_geometry_transforms/test_nppi_copyConstBorder.cpp:88&#x0A;Expected equality of these values:&#x0A;  dstData[dstIdx]&#x0A;    Which is: &apos;\0&apos;&#x0A;  srcData[srcIdx]&#x0A;    Which is: &apos;\x93&apos; (147)&#x0A;Source copy mismatch at dst(17,8) channel 2&#x0A;" type=""><![CDATA[/home/cjxu/npp/test/unit/nppi/nppi_geometry_transforms/test_nppi_copyConstBorder.cpp:88
Expected equality of these values:
  dstData[dstIdx]
    Which is: '\0'
  srcData[srcIdx]
    Which is: '\x93' (147)
Source copy mismatch at dst(17,8) channel 2
]]></failure>
      <failure message="/home/cjxu/npp/test/unit/nppi/nppi_geometry_transforms/test_nppi_copyConstBorder.cpp:88&#x0A;Expected equality of these values:&#x0A;  dstData[dstIdx]&#x0A;    Which is: &apos;\0&apos;&#x0A;  srcData[srcIdx]&#x0A;    Which is: &apos;B&apos; (66, 0x42)&#x0A;Source copy mismatch at dst(18,8) channel 0&#x0A;" type=""><![CDATA[/home/cjxu/npp/test/unit/nppi/nppi_geometry_transforms/test_nppi_copyConstBorder.cpp:88
Expected equality of these values:
  dstData[dstIdx]
    Which is: '\0'
  srcData[srcIdx]
    Which is: 'B' (66, 0x42)
Source copy mismatch at dst(18,8) channel 0
]]></failure>
      <failure message="/home/cjxu/npp/test/unit/nppi/nppi_geometry_transforms/test_nppi_copyConstBorder.cpp:88&#x0A;Expected equality of these values:&#x0A;  dstData[dstIdx]&#x0A;    Which is: &apos;\0&apos;&#x0A;  srcData[srcIdx]&#x0A;    Which is: &apos;[&apos; (91, 0x5B)&#x0A;Source copy mismatch at dst(18,8) channel 1&#x0A;" type=""><![CDATA[/home/cjxu/npp/test/unit/nppi/nppi_geometry_transforms/test_nppi_copyConstBorder.cpp:88
Expected equality of these values:
  dstData[dstIdx]
    Which is: '\0'
  srcData[srcIdx]
    Which is: '[' (91, 0x5B)
Source copy mismatch at dst(18,8) channel 1
]]></failure>
      <failure message="/home/cjxu/npp/test/unit/nppi/nppi_geometry_transforms/test_nppi_copyConstBorder.cpp:88&#x0A;Expected equality of these values:&#x0A;  dstData[dstIdx]&#x0A;    Which is: &apos;\0&apos;&#x0A;  srcData[srcIdx]&#x0A;    Which is: &apos;%&apos; (37, 0x25)&#x0A;Source copy mismatch at dst(18,8) channel 2&#x0A;" type=""><![CDATA[/home/cjxu/npp/test/unit/nppi/nppi_geometry_transforms/test_nppi_copyConstBorder.cpp:88
Expected equality of these values:
  dstData[dstIdx]
    Which is: '\0'
  srcData[srcIdx]
    Which is: '%' (37, 0x25)
Source copy mismatch at dst(18,8) channel 2
]]></failure>
      <failure message="/home/cjxu/npp/test/unit/nppi/nppi_geometry_transforms/test_nppi_copyConstBorder.cpp:95&#x0A;Expected equality of these values:&#x0A;  dstData[dstIdx]&#x0A;    Which is: &apos;\0&apos;&#x0A;  borderValues[c]&#x0A;    Which is: &apos;d&apos; (100, 0x64)&#x0A;Border value mismatch at (19,8) channel 0&#x0A;" type=""><![CDATA[/home/cjxu/npp/test/unit/nppi/nppi_geometry_transforms/test_nppi_copyConstBorder.cpp:95
Expected equality of these values:
  dstData[dstIdx]
    Which is: '\0'
  borderValues[c]
    Which is: 'd' (100, 0x64)
Border value mismatch at (19,8) channel 0
]]></failure>
      <failure message="/home/cjxu/npp/test/unit/nppi/nppi_geometry_transforms/test_nppi_copyConstBorder.cpp:95&#x0A;Expected equality of these values:&#x0A;  dstData[dstIdx]&#x0A;    Which is: &apos;\0&apos;&#x0A;  borderValues[c]&#x0A;    Which is: &apos;\x96&apos; (150)&#x0A;Border value mismatch at (19,8) channel 1&#x0A;" type=""><![CDATA[/home/cjxu/npp/test/unit/nppi/nppi_geometry_transforms/test_nppi_copyConstBorder.cpp:95
Expected equality of these values:
  dstData[dstIdx]
    Which is: '\0'
  borderValues[c]
    Which is: '\x96' (150)
Border value mismatch at (19,8) channel 1
]]></failure>
      <failure message="/home/cjxu/npp/test/unit/nppi/nppi_geometry_transforms/test_nppi_copyConstBorder.cpp:95&#x0A;Expected equality of these values:&#x0A;  dstData[dstIdx]&#x0A;    Which is: &apos;\0&apos;&#x0A;  borderValues[c]&#x0A;    Which is: &apos;\xC8&apos; (200)&#x0A;Border value mismatch at (19,8) channel 2&#x0A;" type=""><![CDATA[/home/cjxu/npp/test/unit/nppi/nppi_geometry_transforms/test_nppi_copyConstBorder.cpp:95
Expected equality of these values:
  dstData[dstIdx]
    Which is: '\0'
  borderValues[c]
    Which is: '\xC8' (200)
Border value mismatch at (19,8) channel 2
]]></failure>
      <failure message="/home/cjxu/npp/test/unit/nppi/nppi_geometry_transforms/test_nppi_copyConstBorder.cpp:95&#x0A;Expected equality of these values:&#x0A;  dstData[dstIdx]&#x0A;    Which is: &apos;\0&apos;&#x0A;  borderValues[c]&#x0A;    Which is: &apos;d&apos; (100, 0x64)&#x0A;Border value mismatch at (20,8) channel 0&#x0A;" type=""><![CDATA[/home/cjxu/npp/test/unit/nppi/nppi_geometry_transforms/test_nppi_copyConstBorder.cpp:95
Expected equality of these values:
  dstData[dstIdx]
    Which is: '\0'
  borderValues[c]
    Which is: 'd' (100, 0x64)
Border value mismatch at (20,8) channel 0
]]></failure>
      <failure message="/home/cjxu/npp/test/unit/nppi/nppi_geometry_transforms/test_nppi_copyConstBorder.cpp:95&#x0A;Expected equality of these values:&#x0A;  dstData[dstIdx]&#x0A;    Which is: &apos;\0&apos;&#x0A;  borderValues[c]&#x0A;    Which is: &apos;\x96&apos; (150)&#x0A;Border value mismatch at (20,8) channel 1&#x0A;" type=""><![CDATA[/home/cjxu/npp/test/unit/nppi/nppi_geometry_transforms/test_nppi_copyConstBorder.cpp:95
Expected equality of these values:
  dstData[dstIdx]
    Which is: '\0'
  borderValues[c]
    Which is: '\x96' (150)
Border value mismatch at (20,8) channel 1
]]></failure>
      <failure message="/home/cjxu/npp/test/unit/nppi/nppi_geometry_transforms/test_nppi_copyConstBorder.cpp:95&#x0A;Expected equality of these values:&#x0A;  dstData[dstIdx]&#x0A;    Which is: &apos;\0&apos;&#x0A;  borderValues[c]&#x0A;    Which is: &apos;\xC8&apos; (200)&#x0A;Border value mismatch at (20,8) channel 2&#x0A;" type=""><![CDATA[/home/cjxu/npp/test/unit/nppi/nppi_geometry_transforms/test_nppi_copyConstBorder.cpp:95
Expected equality of these values:
  dstData[dstIdx]
    Which is: '\0'
  borderValues[c]
    Which is: '\xC8' (200)
Border value mismatch at (20,8) channel 2
]]></failure>
      <failure message="/home/cjxu/npp/test/unit/nppi/nppi_geometry_transforms/test_nppi_copyConstBorder.cpp:95&#x0A;Expected equality of these values:&#x0A;  dstData[dstIdx]&#x0A;    Which is: &apos;\0&apos;&#x0A;  borderValues[c]&#x0A;    Which is: &apos;d&apos; (100, 0x64)&#x0A;Border value mismatch at (21,8) channel 0&#x0A;" type=""><![CDATA[/home/cjxu/npp/test/unit/nppi/nppi_geometry_transforms/test_nppi_copyConstBorder.cpp:95
Expected equality of these values:
  dstData[dstIdx]
    Which is: '\0'
  borderValues[c]
    Which is: 'd' (100, 0x64)
Border value mismatch at (21,8) channel 0
]]></failure>
      <failure message="/home/cjxu/npp/test/unit/nppi/nppi_geometry_transforms/test_nppi_copyConstBorder.cpp:95&#x0A;Expected equality of these values:&#x0A;  dstData[dstIdx]&#x0A;    Which is: &apos;\0&apos;&#x0A;  borderValues[c]&#x0A;    Which is: &apos;\x96&apos; (150)&#x0A;Border value mismatch at (21,8) channel 1&#x0A;" type=""><![CDATA[/home/cjxu/npp/test/unit/nppi/nppi_geometry_transforms/test_nppi_copyConstBorder.cpp:95
Expected equality of these values:
  dstData[dstIdx]
    Which is: '\0'
  borderValues[c]
    Which is: '\x96' (150)
Border value mismatch at (21,8) channel 1
]]></failure>
      <failure message="/home/cjxu/npp/test/unit/nppi/nppi_geometry_transforms/test_nppi_copyConstBorder.cpp:95&#x0A;Expected equality of these values:&#x0A;  dstData[dstIdx]&#x0A;    Which is: &apos;\0&apos;&#x0A;  borderValues[c]&#x0A;    Which is: &apos;\xC8&apos; (200)&#x0A;Border value mismatch at (21,8) channel 2&#x0A;" type=""><![CDATA[/home/cjxu/npp/test/unit/nppi/nppi_geometry_transforms/test_nppi_copyConstBorder.cpp:95
Expected equality of these values:
  dstData[dstIdx]
    Which is: '\0'
  borderValues[c]
    Which is: '\xC8' (200)
Border value mismatch at (21,8) channel 2
]]></failure>
      <failure message="/home/cjxu/npp/test/unit/nppi/nppi_geometry_transforms/test_nppi_copyConstBorder.cpp:95&#x0A;Expected equality of these values:&#x0A;  dstData[dstIdx]&#x0A;    Which is: &apos;\0&apos;&#x0A;  borderValues[c]&#x0A;    Which is: &apos;d&apos; (100, 0x64)&#x0A;Border value mismatch at (22,8) channel 0&#x0A;" type=""><![CDATA[/home/cjxu/npp/test/unit/nppi/nppi_geometry_transforms/test_nppi_copyConstBorder.cpp:95
Expected equality of these values:
  dstData[dstIdx]
    Which is: '\0'
  borderValues[c]
    Which is: 'd' (100, 0x64)
Border value mismatch at (22,8) channel 0
]]></failure>
      <failure message="/home/cjxu/npp/test/unit/nppi/nppi_geometry_transforms/test_nppi_copyConstBorder.cpp:95&#x0A;Expected equality of these values:&#x0A;  dstData[dstIdx]&#x0A;    Which is: &apos;\0&apos;&#x0A;  borderValues[c]&#x0A;    Which is: &apos;\x96&apos; (150)&#x0A;Border value mismatch at (22,8) channel 1&#x0A;" type=""><![CDATA[/home/cjxu/npp/test/unit/nppi/nppi_geometry_transforms/test_nppi_copyConstBorder.cpp:95
Expected equality of these values:
  dstData[dstIdx]
    Which is: '\0'
  borderValues[c]
    Which is: '\x96' (150)
Border value mismatch at (22,8) channel 1
]]></failure>
      <failure message="/home/cjxu/npp/test/unit/nppi/nppi_geometry_transforms/test_nppi_copyConstBorder.cpp:95&#x0A;Expected equality of these values:&#x0A;  dstData[dstIdx]&#x0A;    Which is: &apos;\0&apos;&#x0A;  borderValues[c]&#x0A;    Which is: &apos;\xC8&apos; (200)&#x0A;Border value mismatch at (22,8) channel 2&#x0A;" type=""><![CDATA[/home/cjxu/npp/test/unit/nppi/nppi_geometry_transforms/test_nppi_copyConstBorder.cpp:95
Expected equality of these values:
  dstData[dstIdx]
    Which is: '\0'
  borderValues[c]
    Which is: '\xC8' (200)
Border value mismatch at (22,8) channel 2
]]></failure>
      <failure message="/home/cjxu/npp/test/unit/nppi/nppi_geometry_transforms/test_nppi_copyConstBorder.cpp:95&#x0A;Expected equality of these values:&#x0A;  dstData[dstIdx]&#x0A;    Which is: &apos;\0&apos;&#x0A;  borderValues[c]&#x0A;    Which is: &apos;d&apos; (100, 0x64)&#x0A;Border value mismatch at (23,8) channel 0&#x0A;" type=""><![CDATA[/home/cjxu/npp/test/unit/nppi/nppi_geometry_transforms/test_nppi_copyConstBorder.cpp:95
Expected equality of these values:
  dstData[dstIdx]
    Which is: '\0'
  borderValues[c]
    Which is: 'd' (100, 0x64)
Border value mismatch at (23,8) channel 0
]]></failure>
      <failure message="/home/cjxu/npp/test/unit/nppi/nppi_geometry_transforms/test_nppi_copyConstBorder.cpp:95&#x0A;Expected equality of these values:&#x0A;  dstData[dstIdx]&#x0A;    Which is: &apos;\0&apos;&#x0A;  borderValues[c]&#x0A;    Which is: &apos;\x96&apos; (150)&#x0A;Border value mismatch at (23,8) channel 1&#x0A;" type=""><![CDATA[/home/cjxu/npp/test/unit/nppi/nppi_geometry_transforms/test_nppi_copyConstBorder.cpp:95
Expected equality of these values:
  dstData[dstIdx]
    Which is: '\0'
  borderValues[c]
    Which is: '\x96' (150)
Border value mismatch at (23,8) channel 1
]]></failure>
      <failure message="/home/cjxu/npp/test/unit/nppi/nppi_geometry_transforms/test_nppi_copyConstBorder.cpp:95&#x0A;Expected equality of these values:&#x0A;  dstData[dstIdx]&#x0A;    Which is: &apos;\0&apos;&#x0A;  borderValues[c]&#x0A;    Which is: &apos;\xC8&apos; (200)&#x0A;Border value mismatch at (23,8) channel 2&#x0A;" type=""><![CDATA[/home/cjxu/npp/test/unit/nppi/nppi_geometry_transforms/test_nppi_copyConstBorder.cpp:95
Expected equality of these values:
  dstData[dstIdx]
    Which is: '\0'
  borderValues[c]
    Which is: '\xC8' (200)
Border value mismatch at (23,8) channel 2
]]></failure>
      <failure message="/home/cjxu/npp/test/unit/nppi/nppi_geometry_transforms/test_nppi_copyConstBorder.cpp:95&#x0A;Expected equality of these values:&#x0A;  dstData[dstIdx]&#x0A;    Which is: &apos;\0&apos;&#x0A;  borderValues[c]&#x0A;    Which is: &apos;d&apos; (100, 0x64)&#x0A;Border value mismatch at (0,9) channel 0&#x0A;" type=""><![CDATA[/home/cjxu/npp/test/unit/nppi/nppi_geometry_transforms/test_nppi_copyConstBorder.cpp:95
Expected equality of these values:
  dstData[dstIdx]
    Which is: '\0'
  borderValues[c]
    Which is: 'd' (100, 0x64)
Border value mismatch at (0,9) channel 0
]]></failure>
      <failure message="/home/cjxu/npp/test/unit/nppi/nppi_geometry_transforms/test_nppi_copyConstBorder.cpp:95&#x0A;Expected equality of these values:&#x0A;  dstData[dstIdx]&#x0A;    Which is: &apos;\0&apos;&#x0A;  borderValues[c]&#x0A;    Which is: &apos;\x96&apos; (150)&#x0A;Border value mismatch at (0,9) channel 1&#x0A;" type=""><![CDATA[/home/cjxu/npp/test/unit/nppi/nppi_geometry_transforms/test_nppi_copyConstBorder.cpp:95
Expected equality of these values:
  dstData[dstIdx]
    Which is: '\0'
  borderValues[c]
    Which is: '\x96' (150)
Border value mismatch at (0,9) channel 1
]]></failure>
      <failure message="/home/cjxu/npp/test/unit/nppi/nppi_geometry_transforms/test_nppi_copyConstBorder.cpp:95&#x0A;Expected equality of these values:&#x0A;  dstData[dstIdx]&#x0A;    Which is: &apos;\0&apos;&#x0A;  borderValues[c]&#x0A;    Which is: &apos;\xC8&apos; (200)&#x0A;Border value mismatch at (0,9) channel 2&#x0A;" type=""><![CDATA[/home/cjxu/npp/test/unit/nppi/nppi_geometry_transforms/test_nppi_copyConstBorder.cpp:95
Expected equality of these values:
  dstData[dstIdx]
    Which is: '\0'
  borderValues[c]
    Which is: '\xC8' (200)
Border value mismatch at (0,9) channel 2
]]></failure>
      <failure message="/home/cjxu/npp/test/unit/nppi/nppi_geometry_transforms/test_nppi_copyConstBorder.cpp:95&#x0A;Expected equality of these values:&#x0A;  dstData[dstIdx]&#x0A;    Which is: &apos;\0&apos;&#x0A;  borderValues[c]&#x0A;    Which is: &apos;d&apos; (100, 0x64)&#x0A;Border value mismatch at (1,9) channel 0&#x0A;" type=""><![CDATA[/home/cjxu/npp/test/unit/nppi/nppi_geometry_transforms/test_nppi_copyConstBorder.cpp:95
Expected equality of these values:
  dstData[dstIdx]
    Which is: '\0'
  borderValues[c]
    Which is: 'd' (100, 0x64)
Border value mismatch at (1,9) channel 0
]]></failure>
      <failure message="/home/cjxu/npp/test/unit/nppi/nppi_geometry_transforms/test_nppi_copyConstBorder.cpp:95&#x0A;Expected equality of these values:&#x0A;  dstData[dstIdx]&#x0A;    Which is: &apos;\0&apos;&#x0A;  borderValues[c]&#x0A;    Which is: &apos;\x96&apos; (150)&#x0A;Border value mismatch at (1,9) channel 1&#x0A;" type=""><![CDATA[/home/cjxu/npp/test/unit/nppi/nppi_geometry_transforms/test_nppi_copyConstBorder.cpp:95
Expected equality of these values:
  dstData[dstIdx]
    Which is: '\0'
  borderValues[c]
    Which is: '\x96' (150)
Border value mismatch at (1,9) channel 1
]]></failure>
      <failure message="/home/cjxu/npp/test/unit/nppi/nppi_geometry_transforms/test_nppi_copyConstBorder.cpp:95&#x0A;Expected equality of these values:&#x0A;  dstData[dstIdx]&#x0A;    Which is: &apos;\0&apos;&#x0A;  borderValues[c]&#x0A;    Which is: &apos;\xC8&apos; (200)&#x0A;Border value mismatch at (1,9) channel 2&#x0A;" type=""><![CDATA[/home/cjxu/npp/test/unit/nppi/nppi_geometry_transforms/test_nppi_copyConstBorder.cpp:95
Expected equality of these values:
  dstData[dstIdx]
    Which is: '\0'
  borderValues[c]
    Which is: '\xC8' (200)
Border value mismatch at (1,9) channel 2
]]></failure>
      <failure message="/home/cjxu/npp/test/unit/nppi/nppi_geometry_transforms/test_nppi_copyConstBorder.cpp:95&#x0A;Expected equality of these values:&#x0A;  dstData[dstIdx]&#x0A;    Which is: &apos;\0&apos;&#x0A;  borderValues[c]&#x0A;    Which is: &apos;d&apos; (100, 0x64)&#x0A;Border value mismatch at (2,9) channel 0&#x0A;" type=""><![CDATA[/home/cjxu/npp/test/unit/nppi/nppi_geometry_transforms/test_nppi_copyConstBorder.cpp:95
Expected equality of these values:
  dstData[dstIdx]
    Which is: '\0'
  borderValues[c]
    Which is: 'd' (100, 0x64)
Border value mismatch at (2,9) channel 0
]]></failure>
      <failure message="/home/cjxu/npp/test/unit/nppi/nppi_geometry_transforms/test_nppi_copyConstBorder.cpp:95&#x0A;Expected equality of these values:&#x0A;  dstData[dstIdx]&#x0A;    Which is: &apos;\0&apos;&#x0A;  borderValues[c]&#x0A;    Which is: &apos;\x96&apos; (150)&#x0A;Border value mismatch at (2,9) channel 1&#x0A;" type=""><![CDATA[/home/cjxu/npp/test/unit/nppi/nppi_geometry_transforms/test_nppi_copyConstBorder.cpp:95
Expected equality of these values:
  dstData[dstIdx]
    Which is: '\0'
  borderValues[c]
    Which is: '\x96' (150)
Border value mismatch at (2,9) channel 1
]]></failure>
      <failure message="/home/cjxu/npp/test/unit/nppi/nppi_geometry_transforms/test_nppi_copyConstBorder.cpp:95&#x0A;Expected equality of these values:&#x0A;  dstData[dstIdx]&#x0A;    Which is: &apos;\0&apos;&#x0A;  borderValues[c]&#x0A;    Which is: &apos;\xC8&apos; (200)&#x0A;Border value mismatch at (2,9) channel 2&#x0A;" type=""><![CDATA[/home/cjxu/npp/test/unit/nppi/nppi_geometry_transforms/test_nppi_copyConstBorder.cpp:95
Expected equality of these values:
  dstData[dstIdx]
    Which is: '\0'
  borderValues[c]
    Which is: '\xC8' (200)
Border value mismatch at (2,9) channel 2
]]></failure>
      <failure message="/home/cjxu/npp/test/unit/nppi/nppi_geometry_transforms/test_nppi_copyConstBorder.cpp:88&#x0A;Expected equality of these values:&#x0A;  dstData[dstIdx]&#x0A;    Which is: &apos;\0&apos;&#x0A;  srcData[srcIdx]&#x0A;    Which is: &apos;\xA5&apos; (165)&#x0A;Source copy mismatch at dst(3,9) channel 0&#x0A;" type=""><![CDATA[/home/cjxu/npp/test/unit/nppi/nppi_geometry_transforms/test_nppi_copyConstBorder.cpp:88
Expected equality of these values:
  dstData[dstIdx]
    Which is: '\0'
  srcData[srcIdx]
    Which is: '\xA5' (165)
Source copy mismatch at dst(3,9) channel 0
]]></failure>
      <failure message="/home/cjxu/npp/test/unit/nppi/nppi_geometry_transforms/test_nppi_copyConstBorder.cpp:88&#x0A;Expected equality of these values:&#x0A;  dstData[dstIdx]&#x0A;    Which is: &apos;\0&apos;&#x0A;  srcData[srcIdx]&#x0A;    Which is: &apos;\xC5&apos; (197)&#x0A;Source copy mismatch at dst(3,9) channel 1&#x0A;" type=""><![CDATA[/home/cjxu/npp/test/unit/nppi/nppi_geometry_transforms/test_nppi_copyConstBorder.cpp:88
Expected equality of these values:
  dstData[dstIdx]
    Which is: '\0'
  srcData[srcIdx]
    Which is: '\xC5' (197)
Source copy mismatch at dst(3,9) channel 1
]]></failure>
      <failure message="/home/cjxu/npp/test/unit/nppi/nppi_geometry_transforms/test_nppi_copyConstBorder.cpp:88&#x0A;Expected equality of these values:&#x0A;  dstData[dstIdx]&#x0A;    Which is: &apos;\0&apos;&#x0A;  srcData[srcIdx]&#x0A;    Which is: &apos;\xB9&apos; (185)&#x0A;Source copy mismatch at dst(3,9) channel 2&#x0A;" type=""><![CDATA[/home/cjxu/npp/test/unit/nppi/nppi_geometry_transforms/test_nppi_copyConstBorder.cpp:88
Expected equality of these values:
  dstData[dstIdx]
    Which is: '\0'
  srcData[srcIdx]
    Which is: '\xB9' (185)
Source copy mismatch at dst(3,9) channel 2
]]></failure>
      <failure message="/home/cjxu/npp/test/unit/nppi/nppi_geometry_transforms/test_nppi_copyConstBorder.cpp:88&#x0A;Expected equality of these values:&#x0A;  dstData[dstIdx]&#x0A;    Which is: &apos;\0&apos;&#x0A;  srcData[srcIdx]&#x0A;    Which is: &apos;\xB0&apos; (176)&#x0A;Source copy mismatch at dst(4,9) channel 0&#x0A;" type=""><![CDATA[/home/cjxu/npp/test/unit/nppi/nppi_geometry_transforms/test_nppi_copyConstBorder.cpp:88
Expected equality of these values:
  dstData[dstIdx]
    Which is: '\0'
  srcData[srcIdx]
    Which is: '\xB0' (176)
Source copy mismatch at dst(4,9) channel 0
]]></failure>
      <failure message="/home/cjxu/npp/test/unit/nppi/nppi_geometry_transforms/test_nppi_copyConstBorder.cpp:88&#x0A;Expected equality of these values:&#x0A;  dstData[dstIdx]&#x0A;    Which is: &apos;\0&apos;&#x0A;  srcData[srcIdx]&#x0A;    Which is: &apos;\xBB&apos; (187)&#x0A;Source copy mismatch at dst(4,9) channel 1&#x0A;" type=""><![CDATA[/home/cjxu/npp/test/unit/nppi/nppi_geometry_transforms/test_nppi_copyConstBorder.cpp:88
Expected equality of these values:
  dstData[dstIdx]
    Which is: '\0'
  srcData[srcIdx]
    Which is: '\xBB' (187)
Source copy mismatch at dst(4,9) channel 1
]]></failure>
      <failure message="/home/cjxu/npp/test/unit/nppi/nppi_geometry_transforms/test_nppi_copyConstBorder.cpp:88&#x0A;Expected equality of these values:&#x0A;  dstData[dstIdx]&#x0A;    Which is: &apos;\0&apos;&#x0A;  srcData[srcIdx]&#x0A;    Which is: &apos;$&apos; (36, 0x24)&#x0A;Source copy mismatch at dst(4,9) channel 2&#x0A;" type=""><![CDATA[/home/cjxu/npp/test/unit/nppi/nppi_geometry_transforms/test_nppi_copyConstBorder.cpp:88
Expected equality of these values:
  dstData[dstIdx]
    Which is: '\0'
  srcData[srcIdx]
    Which is: '$' (36, 0x24)
Source copy mismatch at dst(4,9) channel 2
]]></failure>
      <failure message="/home/cjxu/npp/test/unit/nppi/nppi_geometry_transforms/test_nppi_copyConstBorder.cpp:88&#x0A;Expected equality of these values:&#x0A;  dstData[dstIdx]&#x0A;    Which is: &apos;\0&apos;&#x0A;  srcData[srcIdx]&#x0A;    Which is: &apos;\xF4&apos; (244)&#x0A;Source copy mismatch at dst(5,9) channel 0&#x0A;" type=""><![CDATA[/home/cjxu/npp/test/unit/nppi/nppi_geometry_transforms/test_nppi_copyConstBorder.cpp:88
Expected equality of these values:
  dstData[dstIdx]
    Which is: '\0'
  srcData[srcIdx]
    Which is: '\xF4' (244)
Source copy mismatch at dst(5,9) channel 0
]]></failure>
      <failure message="/home/cjxu/npp/test/unit/nppi/nppi_geometry_transforms/test_nppi_copyConstBorder.cpp:88&#x0A;Expected equality of these values:&#x0A;  dstData[dstIdx]&#x0A;    Which is: &apos;\0&apos;&#x0A;  srcData[srcIdx]&#x0A;    Which is: &apos;+&apos; (43, 0x2B)&#x0A;Source copy mismatch at dst(5,9) channel 1&#x0A;" type=""><![CDATA[/home/cjxu/npp/test/unit/nppi/nppi_geometry_transforms/test_nppi_copyConstBorder.cpp:88
Expected equality of these values:
  dstData[dstIdx]
    Which is: '\0'
  srcData[srcIdx]
    Which is: '+' (43, 0x2B)
Source copy mismatch at dst(5,9) channel 1
]]></failure>
      <failure message="/home/cjxu/npp/test/unit/nppi/nppi_geometry_transforms/test_nppi_copyConstBorder.cpp:88&#x0A;Expected equality of these values:&#x0A;  dstData[dstIdx]&#x0A;    Which is: &apos;\0&apos;&#x0A;  srcData[srcIdx]&#x0A;    Which is: &apos;m&apos; (109, 0x6D)&#x0A;Source copy mismatch at dst(5,9) channel 2&#x0A;" type=""><![CDATA[/home/cjxu/npp/test/unit/nppi/nppi_geometry_transforms/test_nppi_copyConstBorder.cpp:88
Expected equality of these values:
  dstData[dstIdx]
    Which is: '\0'
  srcData[srcIdx]
    Which is: 'm' (109, 0x6D)
Source copy mismatch at dst(5,9) channel 2
]]></failure>
      <failure message="/home/cjxu/npp/test/unit/nppi/nppi_geometry_transforms/test_nppi_copyConstBorder.cpp:88&#x0A;Expected equality of these values:&#x0A;  dstData[dstIdx]&#x0A;    Which is: &apos;\0&apos;&#x0A;  srcData[srcIdx]&#x0A;    Which is: &apos;\xA5&apos; (165)&#x0A;Source copy mismatch at dst(6,9) channel 0&#x0A;" type=""><![CDATA[/home/cjxu/npp/test/unit/nppi/nppi_geometry_transforms/test_nppi_copyConstBorder.cpp:88
Expected equality of these values:
  dstData[dstIdx]
    Which is: '\0'
  srcData[srcIdx]
    Which is: '\xA5' (165)
Source copy mismatch at dst(6,9) channel 0
]]></failure>
      <failure message="/home/cjxu/npp/test/unit/nppi/nppi_geometry_transforms/test_nppi_copyConstBorder.cpp:88&#x0A;Expected equality of these values:&#x0A;  dstData[dstIdx]&#x0A;    Which is: &apos;\0&apos;&#x0A;  srcData[srcIdx]&#x0A;    Which is: &apos;\x5&apos; (5)&#x0A;Source copy mismatch at dst(6,9) channel 1&#x0A;" type=""><![CDATA[/home/cjxu/npp/test/unit/nppi/nppi_geometry_transforms/test_nppi_copyConstBorder.cpp:88
Expected equality of these values:
  dstData[dstIdx]
    Which is: '\0'
  srcData[srcIdx]
    Which is: '\x5' (5)
Source copy mismatch at dst(6,9) channel 1
]]></failure>
      <failure message="/home/cjxu/npp/test/unit/nppi/nppi_geometry_transforms/test_nppi_copyConstBorder.cpp:88&#x0A;Expected equality of these values:&#x0A;  dstData[dstIdx]&#x0A;    Which is: &apos;\0&apos;&#x0A;  srcData[srcIdx]&#x0A;    Which is: &apos;\xE8&apos; (232)&#x0A;Source copy mismatch at dst(6,9) channel 2&#x0A;" type=""><![CDATA[/home/cjxu/npp/test/unit/nppi/nppi_geometry_transforms/test_nppi_copyConstBorder.cpp:88
Expected equality of these values:
  dstData[dstIdx]
    Which is: '\0'
  srcData[srcIdx]
    Which is: '\xE8' (232)
Source copy mismatch at dst(6,9) channel 2
]]></failure>
      <failure message="/home/cjxu/npp/test/unit/nppi/nppi_geometry_transforms/test_nppi_copyConstBorder.cpp:88&#x0A;Expected equality of these values:&#x0A;  dstData[dstIdx]&#x0A;    Which is: &apos;\0&apos;&#x0A;  srcData[srcIdx]&#x0A;    Which is: &apos;@&apos; (64, 0x40)&#x0A;Source copy mismatch at dst(7,9) channel 1&#x0A;" type=""><![CDATA[/home/cjxu/npp/test/unit/nppi/nppi_geometry_transforms/test_nppi_copyConstBorder.cpp:88
Expected equality of these values:
  dstData[dstIdx]
    Which is: '\0'
  srcData[srcIdx]
    Which is: '@' (64, 0x40)
Source copy mismatch at dst(7,9) channel 1
]]></failure>
      <failure message="/home/cjxu/npp/test/unit/nppi/nppi_geometry_transforms/test_nppi_copyConstBorder.cpp:88&#x0A;Expected equality of these values:&#x0A;  dstData[dstIdx]&#x0A;    Which is: &apos;\0&apos;&#x0A;  srcData[srcIdx]&#x0A;    Which is: &apos;D&apos; (68, 0x44)&#x0A;Source copy mismatch at dst(7,9) channel 2&#x0A;" type=""><![CDATA[/home/cjxu/npp/test/unit/nppi/nppi_geometry_transforms/test_nppi_copyConstBorder.cpp:88
Expected equality of these values:
  dstData[dstIdx]
    Which is: '\0'
  srcData[srcIdx]
    Which is: 'D' (68, 0x44)
Source copy mismatch at dst(7,9) channel 2
]]></failure>
      <failure message="/home/cjxu/npp/test/unit/nppi/nppi_geometry_transforms/test_nppi_copyConstBorder.cpp:88&#x0A;Expected equality of these values:&#x0A;  dstData[dstIdx]&#x0A;    Which is: &apos;\0&apos;&#x0A;  srcData[srcIdx]&#x0A;    Which is: &apos;o&apos; (111, 0x6F)&#x0A;Source copy mismatch at dst(8,9) channel 0&#x0A;" type=""><![CDATA[/home/cjxu/npp/test/unit/nppi/nppi_geometry_transforms/test_nppi_copyConstBorder.cpp:88
Expected equality of these values:
  dstData[dstIdx]
    Which is: '\0'
  srcData[srcIdx]
    Which is: 'o' (111, 0x6F)
Source copy mismatch at dst(8,9) channel 0
]]></failure>
      <failure message="/home/cjxu/npp/test/unit/nppi/nppi_geometry_transforms/test_nppi_copyConstBorder.cpp:88&#x0A;Expected equality of these values:&#x0A;  dstData[dstIdx]&#x0A;    Which is: &apos;\0&apos;&#x0A;  srcData[srcIdx]&#x0A;    Which is: &apos;A&apos; (65, 0x41)&#x0A;Source copy mismatch at dst(8,9) channel 1&#x0A;" type=""><![CDATA[/home/cjxu/npp/test/unit/nppi/nppi_geometry_transforms/test_nppi_copyConstBorder.cpp:88
Expected equality of these values:
  dstData[dstIdx]
    Which is: '\0'
  srcData[srcIdx]
    Which is: 'A' (65, 0x41)
Source copy mismatch at dst(8,9) channel 1
]]></failure>
      <failure message="/home/cjxu/npp/test/unit/nppi/nppi_geometry_transforms/test_nppi_copyConstBorder.cpp:88&#x0A;Expected equality of these values:&#x0A;  dstData[dstIdx]&#x0A;    Which is: &apos;\0&apos;&#x0A;  srcData[srcIdx]&#x0A;    Which is: &apos;f&apos; (102, 0x66)&#x0A;Source copy mismatch at dst(8,9) channel 2&#x0A;" type=""><![CDATA[/home/cjxu/npp/test/unit/nppi/nppi_geometry_transforms/test_nppi_copyConstBorder.cpp:88
Expected equality of these values:
  dstData[dstIdx]
    Which is: '\0'
  srcData[srcIdx]
    Which is: 'f' (102, 0x66)
Source copy mismatch at dst(8,9) channel 2
]]></failure>
      <failure message="/home/cjxu/npp/test/unit/nppi/nppi_geometry_transforms/test_nppi_copyConstBorder.cpp:88&#x0A;Expected equality of these values:&#x0A;  dstData[dstIdx]&#x0A;    Which is: &apos;\0&apos;&#x0A;  srcData[srcIdx]&#x0A;    Which is: &apos;\xC0&apos; (192)&#x0A;Source copy mismatch at dst(9,9) channel 0&#x0A;" type=""><![CDATA[/home/cjxu/npp/test/unit/nppi/nppi_geometry_transforms/test_nppi_copyConstBorder.cpp:88
Expected equality of these values:
  dstData[dstIdx]
    Which is: '\0'
  srcData[srcIdx]
    Which is: '\xC0' (192)
Source copy mismatch at dst(9,9) channel 0
]]></failure>
      <failure message="/home/cjxu/npp/test/unit/nppi/nppi_geometry_transforms/test_nppi_copyConstBorder.cpp:88&#x0A;Expected equality of these values:&#x0A;  dstData[dstIdx]&#x0A;    Which is: &apos;\0&apos;&#x0A;  srcData[srcIdx]&#x0A;    Which is: &apos;\xFE&apos; (254)&#x0A;Source copy mismatch at dst(9,9) channel 1&#x0A;" type=""><![CDATA[/home/cjxu/npp/test/unit/nppi/nppi_geometry_transforms/test_nppi_copyConstBorder.cpp:88
Expected equality of these values:
  dstData[dstIdx]
    Which is: '\0'
  srcData[srcIdx]
    Which is: '\xFE' (254)
Source copy mismatch at dst(9,9) channel 1
]]></failure>
      <failure message="/home/cjxu/npp/test/unit/nppi/nppi_geometry_transforms/test_nppi_copyConstBorder.cpp:88&#x0A;Expected equality of these values:&#x0A;  dstData[dstIdx]&#x0A;    Which is: &apos;\0&apos;&#x0A;  srcData[srcIdx]&#x0A;    Which is: &apos;\x4&apos; (4)&#x0A;Source copy mismatch at dst(9,9) channel 2&#x0A;" type=""><![CDATA[/home/cjxu/npp/test/unit/nppi/nppi_geometry_transforms/test_nppi_copyConstBorder.cpp:88
Expected equality of these values:
  dstData[dstIdx]
    Which is: '\0'
  srcData[srcIdx]
    Which is: '\x4' (4)
Source copy mismatch at dst(9,9) channel 2
]]></failure>
      <failure message="/home/cjxu/npp/test/unit/nppi/nppi_geometry_transforms/test_nppi_copyConstBorder.cpp:88&#x0A;Expected equality of these values:&#x0A;  dstData[dstIdx]&#x0A;    Which is: &apos;\0&apos;&#x0A;  srcData[srcIdx]&#x0A;    Which is: &apos;2&apos; (50, 0x32)&#x0A;Source copy mismatch at dst(10,9) channel 0&#x0A;" type=""><![CDATA[/home/cjxu/npp/test/unit/nppi/nppi_geometry_transforms/test_nppi_copyConstBorder.cpp:88
Expected equality of these values:
  dstData[dstIdx]
    Which is: '\0'
  srcData[srcIdx]
    Which is: '2' (50, 0x32)
Source copy mismatch at dst(10,9) channel 0
]]></failure>
      <failure message="/home/cjxu/npp/test/unit/nppi/nppi_geometry_transforms/test_nppi_copyConstBorder.cpp:88&#x0A;Expected equality of these values:&#x0A;  dstData[dstIdx]&#x0A;    Which is: &apos;\0&apos;&#x0A;  srcData[srcIdx]&#x0A;    Which is: &apos;:&apos; (58, 0x3A)&#x0A;Source copy mismatch at dst(10,9) channel 1&#x0A;" type=""><![CDATA[/home/cjxu/npp/test/unit/nppi/nppi_geometry_transforms/test_nppi_copyConstBorder.cpp:88
Expected equality of these values:
  dstData[dstIdx]
    Which is: '\0'
  srcData[srcIdx]
    Which is: ':' (58, 0x3A)
Source copy mismatch at dst(10,9) channel 1
]]></failure>
      <failure message="/home/cjxu/npp/test/unit/nppi/nppi_geometry_transforms/test_nppi_copyConstBorder.cpp:88&#x0A;Expected equality of these values:&#x0A;  dstData[dstIdx]&#x0A;    Which is: &apos;\0&apos;&#x0A;  srcData[srcIdx]&#x0A;    Which is: &apos;\x8F&apos; (143)&#x0A;Source copy mismatch at dst(10,9) channel 2&#x0A;" type=""><![CDATA[/home/cjxu/npp/test/unit/nppi/nppi_geometry_transforms/test_nppi_copyConstBorder.cpp:88
Expected equality of these values:
  dstData[dstIdx]
    Which is: '\0'
  srcData[srcIdx]
    Which is: '\x8F' (143)
Source copy mismatch at dst(10,9) channel 2
]]></failure>
      <failure message="/home/cjxu/npp/test/unit/nppi/nppi_geometry_transforms/test_nppi_copyConstBorder.cpp:88&#x0A;Expected equality of these values:&#x0A;  dstData[dstIdx]&#x0A;    Which is: &apos;\0&apos;&#x0A;  srcData[srcIdx]&#x0A;    Which is: &apos;\x86&apos; (134)&#x0A;Source copy mismatch at dst(11,9) channel 0&#x0A;" type=""><![CDATA[/home/cjxu/npp/test/unit/nppi/nppi_geometry_transforms/test_nppi_copyConstBorder.cpp:88
Expected equality of these values:
  dstData[dstIdx]
    Which is: '\0'
  srcData[srcIdx]
    Which is: '\x86' (134)
Source copy mismatch at dst(11,9) channel 0
]]></failure>
      <failure message="/home/cjxu/npp/test/unit/nppi/nppi_geometry_transforms/test_nppi_copyConstBorder.cpp:88&#x0A;Expected equality of these values:&#x0A;  dstData[dstIdx]&#x0A;    Which is: &apos;\0&apos;&#x0A;  srcData[srcIdx]&#x0A;    Which is: &apos;\x84&apos; (132)&#x0A;Source copy mismatch at dst(11,9) channel 1&#x0A;" type=""><![CDATA[/home/cjxu/npp/test/unit/nppi/nppi_geometry_transforms/test_nppi_copyConstBorder.cpp:88
Expected equality of these values:
  dstData[dstIdx]
    Which is: '\0'
  srcData[srcIdx]
    Which is: '\x84' (132)
Source copy mismatch at dst(11,9) channel 1
]]></failure>
      <failure message="/home/cjxu/npp/test/unit/nppi/nppi_geometry_transforms/test_nppi_copyConstBorder.cpp:88&#x0A;Expected equality of these values:&#x0A;  dstData[dstIdx]&#x0A;    Which is: &apos;\0&apos;&#x0A;  srcData[srcIdx]&#x0A;    Which is: &apos;\v&apos; (11, 0xB)&#x0A;Source copy mismatch at dst(11,9) channel 2&#x0A;" type=""><![CDATA[/home/cjxu/npp/test/unit/nppi/nppi_geometry_transforms/test_nppi_copyConstBorder.cpp:88
Expected equality of these values:
  dstData[dstIdx]
    Which is: '\0'
  srcData[srcIdx]
    Which is: '\v' (11, 0xB)
Source copy mismatch at dst(11,9) channel 2
]]></failure>
      <failure message="/home/cjxu/npp/test/unit/nppi/nppi_geometry_transforms/test_nppi_copyConstBorder.cpp:88&#x0A;Expected equality of these values:&#x0A;  dstData[dstIdx]&#x0A;    Which is: &apos;\0&apos;&#x0A;  srcData[srcIdx]&#x0A;    Which is: &apos;\x19&apos; (25)&#x0A;Source copy mismatch at dst(12,9) channel 0&#x0A;" type=""><![CDATA[/home/cjxu/npp/test/unit/nppi/nppi_geometry_transforms/test_nppi_copyConstBorder.cpp:88
Expected equality of these values:
  dstData[dstIdx]
    Which is: '\0'
  srcData[srcIdx]
    Which is: '\x19' (25)
Source copy mismatch at dst(12,9) channel 0
]]></failure>
      <failure message="/home/cjxu/npp/test/unit/nppi/nppi_geometry_transforms/test_nppi_copyConstBorder.cpp:88&#x0A;Expected equality of these values:&#x0A;  dstData[dstIdx]&#x0A;    Which is: &apos;\0&apos;&#x0A;  srcData[srcIdx]&#x0A;    Which is: &apos;\xC7&apos; (199)&#x0A;Source copy mismatch at dst(12,9) channel 1&#x0A;" type=""><![CDATA[/home/cjxu/npp/test/unit/nppi/nppi_geometry_transforms/test_nppi_copyConstBorder.cpp:88
Expected equality of these values:
  dstData[dstIdx]
    Which is: '\0'
  srcData[srcIdx]
    Which is: '\xC7' (199)
Source copy mismatch at dst(12,9) channel 1
]]></failure>
      <failure message="/home/cjxu/npp/test/unit/nppi/nppi_geometry_transforms/test_nppi_copyConstBorder.cpp:88&#x0A;Expected equality of these values:&#x0A;  dstData[dstIdx]&#x0A;    Which is: &apos;\0&apos;&#x0A;  srcData[srcIdx]&#x0A;    Which is: &apos;g&apos; (103, 0x67)&#x0A;Source copy mismatch at dst(12,9) channel 2&#x0A;" type=""><![CDATA[/home/cjxu/npp/test/unit/nppi/nppi_geometry_transforms/test_nppi_copyConstBorder.cpp:88
Expected equality of these values:
  dstData[dstIdx]
    Which is: '\0'
  srcData[srcIdx]
    Which is: 'g' (103, 0x67)
Source copy mismatch at dst(12,9) channel 2
]]></failure>
      <failure message="/home/cjxu/npp/test/unit/nppi/nppi_geometry_transforms/test_nppi_copyConstBorder.cpp:88&#x0A;Expected equality of these values:&#x0A;  dstData[dstIdx]&#x0A;    Which is: &apos;\0&apos;&#x0A;  srcData[srcIdx]&#x0A;    Which is: &apos;?&apos; (63, 0x3F)&#x0A;Source copy mismatch at dst(13,9) channel 0&#x0A;" type=""><![CDATA[/home/cjxu/npp/test/unit/nppi/nppi_geometry_transforms/test_nppi_copyConstBorder.cpp:88
Expected equality of these values:
  dstData[dstIdx]
    Which is: '\0'
  srcData[srcIdx]
    Which is: '?' (63, 0x3F)
Source copy mismatch at dst(13,9) channel 0
]]></failure>
      <failure message="/home/cjxu/npp/test/unit/nppi/nppi_geometry_transforms/test_nppi_copyConstBorder.cpp:88&#x0A;Expected equality of these values:&#x0A;  dstData[dstIdx]&#x0A;    Which is: &apos;\0&apos;&#x0A;  srcData[srcIdx]&#x0A;    Which is: &apos;l&apos; (108, 0x6C)&#x0A;Source copy mismatch at dst(13,9) channel 1&#x0A;" type=""><![CDATA[/home/cjxu/npp/test/unit/nppi/nppi_geometry_transforms/test_nppi_copyConstBorder.cpp:88
Expected equality of these values:
  dstData[dstIdx]
    Which is: '\0'
  srcData[srcIdx]
    Which is: 'l' (108, 0x6C)
Source copy mismatch at dst(13,9) channel 1
]]></failure>
      <failure message="/home/cjxu/npp/test/unit/nppi/nppi_geometry_transforms/test_nppi_copyConstBorder.cpp:88&#x0A;Expected equality of these values:&#x0A;  dstData[dstIdx]&#x0A;    Which is: &apos;\0&apos;&#x0A;  srcData[srcIdx]&#x0A;    Which is: &apos;,&apos; (44, 0x2C)&#x0A;Source copy mismatch at dst(13,9) channel 2&#x0A;" type=""><![CDATA[/home/cjxu/npp/test/unit/nppi/nppi_geometry_transforms/test_nppi_copyConstBorder.cpp:88
Expected equality of these values:
  dstData[dstIdx]
    Which is: '\0'
  srcData[srcIdx]
    Which is: ',' (44, 0x2C)
Source copy mismatch at dst(13,9) channel 2
]]></failure>
      <failure message="/home/cjxu/npp/test/unit/nppi/nppi_geometry_transforms/test_nppi_copyConstBorder.cpp:88&#x0A;Expected equality of these values:&#x0A;  dstData[dstIdx]&#x0A;    Which is: &apos;\0&apos;&#x0A;  srcData[srcIdx]&#x0A;    Which is: &apos;\xF8&apos; (248)&#x0A;Source copy mismatch at dst(14,9) channel 0&#x0A;" type=""><![CDATA[/home/cjxu/npp/test/unit/nppi/nppi_geometry_transforms/test_nppi_copyConstBorder.cpp:88
Expected equality of these values:
  dstData[dstIdx]
    Which is: '\0'
  srcData[srcIdx]
    Which is: '\xF8' (248)
Source copy mismatch at dst(14,9) channel 0
]]></failure>
      <failure message="/home/cjxu/npp/test/unit/nppi/nppi_geometry_transforms/test_nppi_copyConstBorder.cpp:88&#x0A;Expected equality of these values:&#x0A;  dstData[dstIdx]&#x0A;    Which is: &apos;\0&apos;&#x0A;  srcData[srcIdx]&#x0A;    Which is: &apos;\x1D&apos; (29)&#x0A;Source copy mismatch at dst(14,9) channel 1&#x0A;" type=""><![CDATA[/home/cjxu/npp/test/unit/nppi/nppi_geometry_transforms/test_nppi_copyConstBorder.cpp:88
Expected equality of these values:
  dstData[dstIdx]
    Which is: '\0'
  srcData[srcIdx]
    Which is: '\x1D' (29)
Source copy mismatch at dst(14,9) channel 1
]]></failure>
      <failure message="/home/cjxu/npp/test/unit/nppi/nppi_geometry_transforms/test_nppi_copyConstBorder.cpp:88&#x0A;Expected equality of these values:&#x0A;  dstData[dstIdx]&#x0A;    Which is: &apos;\0&apos;&#x0A;  srcData[srcIdx]&#x0A;    Which is: &apos;\xE7&apos; (231)&#x0A;Source copy mismatch at dst(14,9) channel 2&#x0A;" type=""><![CDATA[/home/cjxu/npp/test/unit/nppi/nppi_geometry_transforms/test_nppi_copyConstBorder.cpp:88
Expected equality of these values:
  dstData[dstIdx]
    Which is: '\0'
  srcData[srcIdx]
    Which is: '\xE7' (231)
Source copy mismatch at dst(14,9) channel 2
]]></failure>
      <failure message="/home/cjxu/npp/test/unit/nppi/nppi_geometry_transforms/test_nppi_copyConstBorder.cpp:88&#x0A;Expected equality of these values:&#x0A;  dstData[dstIdx]&#x0A;    Which is: &apos;\0&apos;&#x0A;  srcData[srcIdx]&#x0A;    Which is: &apos;\x1C&apos; (28)&#x0A;Source copy mismatch at dst(15,9) channel 0&#x0A;" type=""><![CDATA[/home/cjxu/npp/test/unit/nppi/nppi_geometry_transforms/test_nppi_copyConstBorder.cpp:88
Expected equality of these values:
  dstData[dstIdx]
    Which is: '\0'
  srcData[srcIdx]
    Which is: '\x1C' (28)
Source copy mismatch at dst(15,9) channel 0
]]></failure>
      <failure message="/home/cjxu/npp/test/unit/nppi/nppi_geometry_transforms/test_nppi_copyConstBorder.cpp:88&#x0A;Expected equality of these values:&#x0A;  dstData[dstIdx]&#x0A;    Which is: &apos;\0&apos;&#x0A;  srcData[srcIdx]&#x0A;    Which is: &apos;\x11&apos; (17)&#x0A;Source copy mismatch at dst(15,9) channel 1&#x0A;" type=""><![CDATA[/home/cjxu/npp/test/unit/nppi/nppi_geometry_transforms/test_nppi_copyConstBorder.cpp:88
Expected equality of these values:
  dstData[dstIdx]
    Which is: '\0'
  srcData[srcIdx]
    Which is: '\x11' (17)
Source copy mismatch at dst(15,9) channel 1
]]></failure>
      <failure message="/home/cjxu/npp/test/unit/nppi/nppi_geometry_transforms/test_nppi_copyConstBorder.cpp:88&#x0A;Expected equality of these values:&#x0A;  dstData[dstIdx]&#x0A;    Which is: &apos;\0&apos;&#x0A;  srcData[srcIdx]&#x0A;    Which is: &apos;\x13&apos; (19)&#x0A;Source copy mismatch at dst(15,9) channel 2&#x0A;" type=""><![CDATA[/home/cjxu/npp/test/unit/nppi/nppi_geometry_transforms/test_nppi_copyConstBorder.cpp:88
Expected equality of these values:
  dstData[dstIdx]
    Which is: '\0'
  srcData[srcIdx]
    Which is: '\x13' (19)
Source copy mismatch at dst(15,9) channel 2
]]></failure>
      <failure message="/home/cjxu/npp/test/unit/nppi/nppi_geometry_transforms/test_nppi_copyConstBorder.cpp:88&#x0A;Expected equality of these values:&#x0A;  dstData[dstIdx]&#x0A;    Which is: &apos;\0&apos;&#x0A;  srcData[srcIdx]&#x0A;    Which is: &apos;\x89&apos; (137)&#x0A;Source copy mismatch at dst(16,9) channel 0&#x0A;" type=""><![CDATA[/home/cjxu/npp/test/unit/nppi/nppi_geometry_transforms/test_nppi_copyConstBorder.cpp:88
Expected equality of these values:
  dstData[dstIdx]
    Which is: '\0'
  srcData[srcIdx]
    Which is: '\x89' (137)
Source copy mismatch at dst(16,9) channel 0
]]></failure>
      <failure message="/home/cjxu/npp/test/unit/nppi/nppi_geometry_transforms/test_nppi_copyConstBorder.cpp:88&#x0A;Expected equality of these values:&#x0A;  dstData[dstIdx]&#x0A;    Which is: &apos;\0&apos;&#x0A;  srcData[srcIdx]&#x0A;    Which is: &apos;\xB6&apos; (182)&#x0A;Source copy mismatch at dst(16,9) channel 1&#x0A;" type=""><![CDATA[/home/cjxu/npp/test/unit/nppi/nppi_geometry_transforms/test_nppi_copyConstBorder.cpp:88
Expected equality of these values:
  dstData[dstIdx]
    Which is: '\0'
  srcData[srcIdx]
    Which is: '\xB6' (182)
Source copy mismatch at dst(16,9) channel 1
]]></failure>
      <failure message="/home/cjxu/npp/test/unit/nppi/nppi_geometry_transforms/test_nppi_copyConstBorder.cpp:88&#x0A;Expected equality of these values:&#x0A;  dstData[dstIdx]&#x0A;    Which is: &apos;\0&apos;&#x0A;  srcData[srcIdx]&#x0A;    Which is: &apos;\x18&apos; (24)&#x0A;Source copy mismatch at dst(16,9) channel 2&#x0A;" type=""><![CDATA[/home/cjxu/npp/test/unit/nppi/nppi_geometry_transforms/test_nppi_copyConstBorder.cpp:88
Expected equality of these values:
  dstData[dstIdx]
    Which is: '\0'
  srcData[srcIdx]
    Which is: '\x18' (24)
Source copy mismatch at dst(16,9) channel 2
]]></failure>
      <failure message="/home/cjxu/npp/test/unit/nppi/nppi_geometry_transforms/test_nppi_copyConstBorder.cpp:88&#x0A;Expected equality of these values:&#x0A;  dstData[dstIdx]&#x0A;    Which is: &apos;\0&apos;&#x0A;  srcData[srcIdx]&#x0A;    Which is: &apos;r&apos; (114, 0x72)&#x0A;Source copy mismatch at dst(17,9) channel 0&#x0A;" type=""><![CDATA[/home/cjxu/npp/test/unit/nppi/nppi_geometry_transforms/test_nppi_copyConstBorder.cpp:88
Expected equality of these values:
  dstData[dstIdx]
    Which is: '\0'
  srcData[srcIdx]
    Which is: 'r' (114, 0x72)
Source copy mismatch at dst(17,9) channel 0
]]></failure>
      <failure message="/home/cjxu/npp/test/unit/nppi/nppi_geometry_transforms/test_nppi_copyConstBorder.cpp:88&#x0A;Expected equality of these values:&#x0A;  dstData[dstIdx]&#x0A;    Which is: &apos;\0&apos;&#x0A;  srcData[srcIdx]&#x0A;    Which is: &apos;\xB6&apos; (182)&#x0A;Source copy mismatch at dst(17,9) channel 1&#x0A;" type=""><![CDATA[/home/cjxu/npp/test/unit/nppi/nppi_geometry_transforms/test_nppi_copyConstBorder.cpp:88
Expected equality of these values:
  dstData[dstIdx]
    Which is: '\0'
  srcData[srcIdx]
    Which is: '\xB6' (182)
Source copy mismatch at dst(17,9) channel 1
]]></failure>
      <failure message="/home/cjxu/npp/test/unit/nppi/nppi_geometry_transforms/test_nppi_copyConstBorder.cpp:88&#x0A;Expected equality of these values:&#x0A;  dstData[dstIdx]&#x0A;    Which is: &apos;\0&apos;&#x0A;  srcData[srcIdx]&#x0A;    Which is: &apos;X&apos; (88, 0x58)&#x0A;Source copy mismatch at dst(17,9) channel 2&#x0A;" type=""><![CDATA[/home/cjxu/npp/test/unit/nppi/nppi_geometry_transforms/test_nppi_copyConstBorder.cpp:88
Expected equality of these values:
  dstData[dstIdx]
    Which is: '\0'
  srcData[srcIdx]
    Which is: 'X' (88, 0x58)
Source copy mismatch at dst(17,9) channel 2
]]></failure>
      <failure message="/home/cjxu/npp/test/unit/nppi/nppi_geometry_transforms/test_nppi_copyConstBorder.cpp:88&#x0A;Expected equality of these values:&#x0A;  dstData[dstIdx]&#x0A;    Which is: &apos;\0&apos;&#x0A;  srcData[srcIdx]&#x0A;    Which is: &apos;\xB6&apos; (182)&#x0A;Source copy mismatch at dst(18,9) channel 0&#x0A;" type=""><![CDATA[/home/cjxu/npp/test/unit/nppi/nppi_geometry_transforms/test_nppi_copyConstBorder.cpp:88
Expected equality of these values:
  dstData[dstIdx]
    Which is: '\0'
  srcData[srcIdx]
    Which is: '\xB6' (182)
Source copy mismatch at dst(18,9) channel 0
]]></failure>
      <failure message="/home/cjxu/npp/test/unit/nppi/nppi_geometry_transforms/test_nppi_copyConstBorder.cpp:88&#x0A;Expected equality of these values:&#x0A;  dstData[dstIdx]&#x0A;    Which is: &apos;\0&apos;&#x0A;  srcData[srcIdx]&#x0A;    Which is: &apos;%&apos; (37, 0x25)&#x0A;Source copy mismatch at dst(18,9) channel 1&#x0A;" type=""><![CDATA[/home/cjxu/npp/test/unit/nppi/nppi_geometry_transforms/test_nppi_copyConstBorder.cpp:88
Expected equality of these values:
  dstData[dstIdx]
    Which is: '\0'
  srcData[srcIdx]
    Which is: '%' (37, 0x25)
Source copy mismatch at dst(18,9) channel 1
]]></failure>
      <failure message="/home/cjxu/npp/test/unit/nppi/nppi_geometry_transforms/test_nppi_copyConstBorder.cpp:88&#x0A;Expected equality of these values:&#x0A;  dstData[dstIdx]&#x0A;    Which is: &apos;\0&apos;&#x0A;  srcData[srcIdx]&#x0A;    Which is: &apos;\x99&apos; (153)&#x0A;Source copy mismatch at dst(18,9) channel 2&#x0A;" type=""><![CDATA[/home/cjxu/npp/test/unit/nppi/nppi_geometry_transforms/test_nppi_copyConstBorder.cpp:88
Expected equality of these values:
  dstData[dstIdx]
    Which is: '\0'
  srcData[srcIdx]
    Which is: '\x99' (153)
Source copy mismatch at dst(18,9) channel 2
]]></failure>
      <failure message="/home/cjxu/npp/test/unit/nppi/nppi_geometry_transforms/test_nppi_copyConstBorder.cpp:95&#x0A;Expected equality of these values:&#x0A;  dstData[dstIdx]&#x0A;    Which is: &apos;\0&apos;&#x0A;  borderValues[c]&#x0A;    Which is: &apos;d&apos; (100, 0x64)&#x0A;Border value mismatch at (19,9) channel 0&#x0A;" type=""><![CDATA[/home/cjxu/npp/test/unit/nppi/nppi_geometry_transforms/test_nppi_copyConstBorder.cpp:95
Expected equality of these values:
  dstData[dstIdx]
    Which is: '\0'
  borderValues[c]
    Which is: 'd' (100, 0x64)
Border value mismatch at (19,9) channel 0
]]></failure>
      <failure message="/home/cjxu/npp/test/unit/nppi/nppi_geometry_transforms/test_nppi_copyConstBorder.cpp:95&#x0A;Expected equality of these values:&#x0A;  dstData[dstIdx]&#x0A;    Which is: &apos;\0&apos;&#x0A;  borderValues[c]&#x0A;    Which is: &apos;\x96&apos; (150)&#x0A;Border value mismatch at (19,9) channel 1&#x0A;" type=""><![CDATA[/home/cjxu/npp/test/unit/nppi/nppi_geometry_transforms/test_nppi_copyConstBorder.cpp:95
Expected equality of these values:
  dstData[dstIdx]
    Which is: '\0'
  borderValues[c]
    Which is: '\x96' (150)
Border value mismatch at (19,9) channel 1
]]></failure>
      <failure message="/home/cjxu/npp/test/unit/nppi/nppi_geometry_transforms/test_nppi_copyConstBorder.cpp:95&#x0A;Expected equality of these values:&#x0A;  dstData[dstIdx]&#x0A;    Which is: &apos;\0&apos;&#x0A;  borderValues[c]&#x0A;    Which is: &apos;\xC8&apos; (200)&#x0A;Border value mismatch at (19,9) channel 2&#x0A;" type=""><![CDATA[/home/cjxu/npp/test/unit/nppi/nppi_geometry_transforms/test_nppi_copyConstBorder.cpp:95
Expected equality of these values:
  dstData[dstIdx]
    Which is: '\0'
  borderValues[c]
    Which is: '\xC8' (200)
Border value mismatch at (19,9) channel 2
]]></failure>
      <failure message="/home/cjxu/npp/test/unit/nppi/nppi_geometry_transforms/test_nppi_copyConstBorder.cpp:95&#x0A;Expected equality of these values:&#x0A;  dstData[dstIdx]&#x0A;    Which is: &apos;\0&apos;&#x0A;  borderValues[c]&#x0A;    Which is: &apos;d&apos; (100, 0x64)&#x0A;Border value mismatch at (20,9) channel 0&#x0A;" type=""><![CDATA[/home/cjxu/npp/test/unit/nppi/nppi_geometry_transforms/test_nppi_copyConstBorder.cpp:95
Expected equality of these values:
  dstData[dstIdx]
    Which is: '\0'
  borderValues[c]
    Which is: 'd' (100, 0x64)
Border value mismatch at (20,9) channel 0
]]></failure>
      <failure message="/home/cjxu/npp/test/unit/nppi/nppi_geometry_transforms/test_nppi_copyConstBorder.cpp:95&#x0A;Expected equality of these values:&#x0A;  dstData[dstIdx]&#x0A;    Which is: &apos;\0&apos;&#x0A;  borderValues[c]&#x0A;    Which is: &apos;\x96&apos; (150)&#x0A;Border value mismatch at (20,9) channel 1&#x0A;" type=""><![CDATA[/home/cjxu/npp/test/unit/nppi/nppi_geometry_transforms/test_nppi_copyConstBorder.cpp:95
Expected equality of these values:
  dstData[dstIdx]
    Which is: '\0'
  borderValues[c]
    Which is: '\x96' (150)
Border value mismatch at (20,9) channel 1
]]></failure>
      <failure message="/home/cjxu/npp/test/unit/nppi/nppi_geometry_transforms/test_nppi_copyConstBorder.cpp:95&#x0A;Expected equality of these values:&#x0A;  dstData[dstIdx]&#x0A;    Which is: &apos;\0&apos;&#x0A;  borderValues[c]&#x0A;    Which is: &apos;\xC8&apos; (200)&#x0A;Border value mismatch at (20,9) channel 2&#x0A;" type=""><![CDATA[/home/cjxu/npp/test/unit/nppi/nppi_geometry_transforms/test_nppi_copyConstBorder.cpp:95
Expected equality of these values:
  dstData[dstIdx]
    Which is: '\0'
  borderValues[c]
    Which is: '\xC8' (200)
Border value mismatch at (20,9) channel 2
]]></failure>
      <failure message="/home/cjxu/npp/test/unit/nppi/nppi_geometry_transforms/test_nppi_copyConstBorder.cpp:95&#x0A;Expected equality of these values:&#x0A;  dstData[dstIdx]&#x0A;    Which is: &apos;\0&apos;&#x0A;  borderValues[c]&#x0A;    Which is: &apos;d&apos; (100, 0x64)&#x0A;Border value mismatch at (21,9) channel 0&#x0A;" type=""><![CDATA[/home/cjxu/npp/test/unit/nppi/nppi_geometry_transforms/test_nppi_copyConstBorder.cpp:95
Expected equality of these values:
  dstData[dstIdx]
    Which is: '\0'
  borderValues[c]
    Which is: 'd' (100, 0x64)
Border value mismatch at (21,9) channel 0
]]></failure>
      <failure message="/home/cjxu/npp/test/unit/nppi/nppi_geometry_transforms/test_nppi_copyConstBorder.cpp:95&#x0A;Expected equality of these values:&#x0A;  dstData[dstIdx]&#x0A;    Which is: &apos;\0&apos;&#x0A;  borderValues[c]&#x0A;    Which is: &apos;\x96&apos; (150)&#x0A;Border value mismatch at (21,9) channel 1&#x0A;" type=""><![CDATA[/home/cjxu/npp/test/unit/nppi/nppi_geometry_transforms/test_nppi_copyConstBorder.cpp:95
Expected equality of these values:
  dstData[dstIdx]
    Which is: '\0'
  borderValues[c]
    Which is: '\x96' (150)
Border value mismatch at (21,9) channel 1
]]></failure>
      <failure message="/home/cjxu/npp/test/unit/nppi/nppi_geometry_transforms/test_nppi_copyConstBorder.cpp:95&#x0A;Expected equality of these values:&#x0A;  dstData[dstIdx]&#x0A;    Which is: &apos;\0&apos;&#x0A;  borderValues[c]&#x0A;    Which is: &apos;\xC8&apos; (200)&#x0A;Border value mismatch at (21,9) channel 2&#x0A;" type=""><![CDATA[/home/cjxu/npp/test/unit/nppi/nppi_geometry_transforms/test_nppi_copyConstBorder.cpp:95
Expected equality of these values:
  dstData[dstIdx]
    Which is: '\0'
  borderValues[c]
    Which is: '\xC8' (200)
Border value mismatch at (21,9) channel 2
]]></failure>
      <failure message="/home/cjxu/npp/test/unit/nppi/nppi_geometry_transforms/test_nppi_copyConstBorder.cpp:95&#x0A;Expected equality of these values:&#x0A;  dstData[dstIdx]&#x0A;    Which is: &apos;\0&apos;&#x0A;  borderValues[c]&#x0A;    Which is: &apos;d&apos; (100, 0x64)&#x0A;Border value mismatch at (22,9) channel 0&#x0A;" type=""><![CDATA[/home/cjxu/npp/test/unit/nppi/nppi_geometry_transforms/test_nppi_copyConstBorder.cpp:95
Expected equality of these values:
  dstData[dstIdx]
    Which is: '\0'
  borderValues[c]
    Which is: 'd' (100, 0x64)
Border value mismatch at (22,9) channel 0
]]></failure>
      <failure message="/home/cjxu/npp/test/unit/nppi/nppi_geometry_transforms/test_nppi_copyConstBorder.cpp:95&#x0A;Expected equality of these values:&#x0A;  dstData[dstIdx]&#x0A;    Which is: &apos;\0&apos;&#x0A;  borderValues[c]&#x0A;    Which is: &apos;\x96&apos; (150)&#x0A;Border value mismatch at (22,9) channel 1&#x0A;" type=""><![CDATA[/home/cjxu/npp/test/unit/nppi/nppi_geometry_transforms/test_nppi_copyConstBorder.cpp:95
Expected equality of these values:
  dstData[dstIdx]
    Which is: '\0'
  borderValues[c]
    Which is: '\x96' (150)
Border value mismatch at (22,9) channel 1
]]></failure>
      <failure message="/home/cjxu/npp/test/unit/nppi/nppi_geometry_transforms/test_nppi_copyConstBorder.cpp:95&#x0A;Expected equality of these values:&#x0A;  dstData[dstIdx]&#x0A;    Which is: &apos;\0&apos;&#x0A;  borderValues[c]&#x0A;    Which is: &apos;\xC8&apos; (200)&#x0A;Border value mismatch at (22,9) channel 2&#x0A;" type=""><![CDATA[/home/cjxu/npp/test/unit/nppi/nppi_geometry_transforms/test_nppi_copyConstBorder.cpp:95
Expected equality of these values:
  dstData[dstIdx]
    Which is: '\0'
  borderValues[c]
    Which is: '\xC8' (200)
Border value mismatch at (22,9) channel 2
]]></failure>
      <failure message="/home/cjxu/npp/test/unit/nppi/nppi_geometry_transforms/test_nppi_copyConstBorder.cpp:95&#x0A;Expected equality of these values:&#x0A;  dstData[dstIdx]&#x0A;    Which is: &apos;\0&apos;&#x0A;  borderValues[c]&#x0A;    Which is: &apos;d&apos; (100, 0x64)&#x0A;Border value mismatch at (23,9) channel 0&#x0A;" type=""><![CDATA[/home/cjxu/npp/test/unit/nppi/nppi_geometry_transforms/test_nppi_copyConstBorder.cpp:95
Expected equality of these values:
  dstData[dstIdx]
    Which is: '\0'
  borderValues[c]
    Which is: 'd' (100, 0x64)
Border value mismatch at (23,9) channel 0
]]></failure>
      <failure message="/home/cjxu/npp/test/unit/nppi/nppi_geometry_transforms/test_nppi_copyConstBorder.cpp:95&#x0A;Expected equality of these values:&#x0A;  dstData[dstIdx]&#x0A;    Which is: &apos;\0&apos;&#x0A;  borderValues[c]&#x0A;    Which is: &apos;\x96&apos; (150)&#x0A;Border value mismatch at (23,9) channel 1&#x0A;" type=""><![CDATA[/home/cjxu/npp/test/unit/nppi/nppi_geometry_transforms/test_nppi_copyConstBorder.cpp:95
Expected equality of these values:
  dstData[dstIdx]
    Which is: '\0'
  borderValues[c]
    Which is: '\x96' (150)
Border value mismatch at (23,9) channel 1
]]></failure>
      <failure message="/home/cjxu/npp/test/unit/nppi/nppi_geometry_transforms/test_nppi_copyConstBorder.cpp:95&#x0A;Expected equality of these values:&#x0A;  dstData[dstIdx]&#x0A;    Which is: &apos;\0&apos;&#x0A;  borderValues[c]&#x0A;    Which is: &apos;\xC8&apos; (200)&#x0A;Border value mismatch at (23,9) channel 2&#x0A;" type=""><![CDATA[/home/cjxu/npp/test/unit/nppi/nppi_geometry_transforms/test_nppi_copyConstBorder.cpp:95
Expected equality of these values:
  dstData[dstIdx]
    Which is: '\0'
  borderValues[c]
    Which is: '\xC8' (200)
Border value mismatch at (23,9) channel 2
]]></failure>
      <failure message="/home/cjxu/npp/test/unit/nppi/nppi_geometry_transforms/test_nppi_copyConstBorder.cpp:95&#x0A;Expected equality of these values:&#x0A;  dstData[dstIdx]&#x0A;    Which is: &apos;\0&apos;&#x0A;  borderValues[c]&#x0A;    Which is: &apos;d&apos; (100, 0x64)&#x0A;Border value mismatch at (0,10) channel 0&#x0A;" type=""><![CDATA[/home/cjxu/npp/test/unit/nppi/nppi_geometry_transforms/test_nppi_copyConstBorder.cpp:95
Expected equality of these values:
  dstData[dstIdx]
    Which is: '\0'
  borderValues[c]
    Which is: 'd' (100, 0x64)
Border value mismatch at (0,10) channel 0
]]></failure>
      <failure message="/home/cjxu/npp/test/unit/nppi/nppi_geometry_transforms/test_nppi_copyConstBorder.cpp:95&#x0A;Expected equality of these values:&#x0A;  dstData[dstIdx]&#x0A;    Which is: &apos;\0&apos;&#x0A;  borderValues[c]&#x0A;    Which is: &apos;\x96&apos; (150)&#x0A;Border value mismatch at (0,10) channel 1&#x0A;" type=""><![CDATA[/home/cjxu/npp/test/unit/nppi/nppi_geometry_transforms/test_nppi_copyConstBorder.cpp:95
Expected equality of these values:
  dstData[dstIdx]
    Which is: '\0'
  borderValues[c]
    Which is: '\x96' (150)
Border value mismatch at (0,10) channel 1
]]></failure>
      <failure message="/home/cjxu/npp/test/unit/nppi/nppi_geometry_transforms/test_nppi_copyConstBorder.cpp:95&#x0A;Expected equality of these values:&#x0A;  dstData[dstIdx]&#x0A;    Which is: &apos;\0&apos;&#x0A;  borderValues[c]&#x0A;    Which is: &apos;\xC8&apos; (200)&#x0A;Border value mismatch at (0,10) channel 2&#x0A;" type=""><![CDATA[/home/cjxu/npp/test/unit/nppi/nppi_geometry_transforms/test_nppi_copyConstBorder.cpp:95
Expected equality of these values:
  dstData[dstIdx]
    Which is: '\0'
  borderValues[c]
    Which is: '\xC8' (200)
Border value mismatch at (0,10) channel 2
]]></failure>
      <failure message="/home/cjxu/npp/test/unit/nppi/nppi_geometry_transforms/test_nppi_copyConstBorder.cpp:95&#x0A;Expected equality of these values:&#x0A;  dstData[dstIdx]&#x0A;    Which is: &apos;\0&apos;&#x0A;  borderValues[c]&#x0A;    Which is: &apos;d&apos; (100, 0x64)&#x0A;Border value mismatch at (1,10) channel 0&#x0A;" type=""><![CDATA[/home/cjxu/npp/test/unit/nppi/nppi_geometry_transforms/test_nppi_copyConstBorder.cpp:95
Expected equality of these values:
  dstData[dstIdx]
    Which is: '\0'
  borderValues[c]
    Which is: 'd' (100, 0x64)
Border value mismatch at (1,10) channel 0
]]></failure>
      <failure message="/home/cjxu/npp/test/unit/nppi/nppi_geometry_transforms/test_nppi_copyConstBorder.cpp:95&#x0A;Expected equality of these values:&#x0A;  dstData[dstIdx]&#x0A;    Which is: &apos;\0&apos;&#x0A;  borderValues[c]&#x0A;    Which is: &apos;\x96&apos; (150)&#x0A;Border value mismatch at (1,10) channel 1&#x0A;" type=""><![CDATA[/home/cjxu/npp/test/unit/nppi/nppi_geometry_transforms/test_nppi_copyConstBorder.cpp:95
Expected equality of these values:
  dstData[dstIdx]
    Which is: '\0'
  borderValues[c]
    Which is: '\x96' (150)
Border value mismatch at (1,10) channel 1
]]></failure>
      <failure message="/home/cjxu/npp/test/unit/nppi/nppi_geometry_transforms/test_nppi_copyConstBorder.cpp:95&#x0A;Expected equality of these values:&#x0A;  dstData[dstIdx]&#x0A;    Which is: &apos;\0&apos;&#x0A;  borderValues[c]&#x0A;    Which is: &apos;\xC8&apos; (200)&#x0A;Border value mismatch at (1,10) channel 2&#x0A;" type=""><![CDATA[/home/cjxu/npp/test/unit/nppi/nppi_geometry_transforms/test_nppi_copyConstBorder.cpp:95
Expected equality of these values:
  dstData[dstIdx]
    Which is: '\0'
  borderValues[c]
    Which is: '\xC8' (200)
Border value mismatch at (1,10) channel 2
]]></failure>
      <failure message="/home/cjxu/npp/test/unit/nppi/nppi_geometry_transforms/test_nppi_copyConstBorder.cpp:95&#x0A;Expected equality of these values:&#x0A;  dstData[dstIdx]&#x0A;    Which is: &apos;\0&apos;&#x0A;  borderValues[c]&#x0A;    Which is: &apos;d&apos; (100, 0x64)&#x0A;Border value mismatch at (2,10) channel 0&#x0A;" type=""><![CDATA[/home/cjxu/npp/test/unit/nppi/nppi_geometry_transforms/test_nppi_copyConstBorder.cpp:95
Expected equality of these values:
  dstData[dstIdx]
    Which is: '\0'
  borderValues[c]
    Which is: 'd' (100, 0x64)
Border value mismatch at (2,10) channel 0
]]></failure>
      <failure message="/home/cjxu/npp/test/unit/nppi/nppi_geometry_transforms/test_nppi_copyConstBorder.cpp:95&#x0A;Expected equality of these values:&#x0A;  dstData[dstIdx]&#x0A;    Which is: &apos;\0&apos;&#x0A;  borderValues[c]&#x0A;    Which is: &apos;\x96&apos; (150)&#x0A;Border value mismatch at (2,10) channel 1&#x0A;" type=""><![CDATA[/home/cjxu/npp/test/unit/nppi/nppi_geometry_transforms/test_nppi_copyConstBorder.cpp:95
Expected equality of these values:
  dstData[dstIdx]
    Which is: '\0'
  borderValues[c]
    Which is: '\x96' (150)
Border value mismatch at (2,10) channel 1
]]></failure>
      <failure message="/home/cjxu/npp/test/unit/nppi/nppi_geometry_transforms/test_nppi_copyConstBorder.cpp:95&#x0A;Expected equality of these values:&#x0A;  dstData[dstIdx]&#x0A;    Which is: &apos;\0&apos;&#x0A;  borderValues[c]&#x0A;    Which is: &apos;\xC8&apos; (200)&#x0A;Border value mismatch at (2,10) channel 2&#x0A;" type=""><![CDATA[/home/cjxu/npp/test/unit/nppi/nppi_geometry_transforms/test_nppi_copyConstBorder.cpp:95
Expected equality of these values:
  dstData[dstIdx]
    Which is: '\0'
  borderValues[c]
    Which is: '\xC8' (200)
Border value mismatch at (2,10) channel 2
]]></failure>
      <failure message="/home/cjxu/npp/test/unit/nppi/nppi_geometry_transforms/test_nppi_copyConstBorder.cpp:88&#x0A;Expected equality of these values:&#x0A;  dstData[dstIdx]&#x0A;    Which is: &apos;\0&apos;&#x0A;  srcData[srcIdx]&#x0A;    Which is: &apos;\x1C&apos; (28)&#x0A;Source copy mismatch at dst(3,10) channel 0&#x0A;" type=""><![CDATA[/home/cjxu/npp/test/unit/nppi/nppi_geometry_transforms/test_nppi_copyConstBorder.cpp:88
Expected equality of these values:
  dstData[dstIdx]
    Which is: '\0'
  srcData[srcIdx]
    Which is: '\x1C' (28)
Source copy mismatch at dst(3,10) channel 0
]]></failure>
      <failure message="/home/cjxu/npp/test/unit/nppi/nppi_geometry_transforms/test_nppi_copyConstBorder.cpp:88&#x0A;Expected equality of these values:&#x0A;  dstData[dstIdx]&#x0A;    Which is: &apos;\0&apos;&#x0A;  srcData[srcIdx]&#x0A;    Which is: &apos;\xE5&apos; (229)&#x0A;Source copy mismatch at dst(3,10) channel 1&#x0A;" type=""><![CDATA[/home/cjxu/npp/test/unit/nppi/nppi_geometry_transforms/test_nppi_copyConstBorder.cpp:88
Expected equality of these values:
  dstData[dstIdx]
    Which is: '\0'
  srcData[srcIdx]
    Which is: '\xE5' (229)
Source copy mismatch at dst(3,10) channel 1
]]></failure>
      <failure message="/home/cjxu/npp/test/unit/nppi/nppi_geometry_transforms/test_nppi_copyConstBorder.cpp:88&#x0A;Expected equality of these values:&#x0A;  dstData[dstIdx]&#x0A;    Which is: &apos;\0&apos;&#x0A;  srcData[srcIdx]&#x0A;    Which is: &apos;\x98&apos; (152)&#x0A;Source copy mismatch at dst(3,10) channel 2&#x0A;" type=""><![CDATA[/home/cjxu/npp/test/unit/nppi/nppi_geometry_transforms/test_nppi_copyConstBorder.cpp:88
Expected equality of these values:
  dstData[dstIdx]
    Which is: '\0'
  srcData[srcIdx]
    Which is: '\x98' (152)
Source copy mismatch at dst(3,10) channel 2
]]></failure>
      <failure message="/home/cjxu/npp/test/unit/nppi/nppi_geometry_transforms/test_nppi_copyConstBorder.cpp:88&#x0A;Expected equality of these values:&#x0A;  dstData[dstIdx]&#x0A;    Which is: &apos;\0&apos;&#x0A;  srcData[srcIdx]&#x0A;    Which is: &apos; &apos; (32, 0x20)&#x0A;Source copy mismatch at dst(4,10) channel 0&#x0A;" type=""><![CDATA[/home/cjxu/npp/test/unit/nppi/nppi_geometry_transforms/test_nppi_copyConstBorder.cpp:88
Expected equality of these values:
  dstData[dstIdx]
    Which is: '\0'
  srcData[srcIdx]
    Which is: ' ' (32, 0x20)
Source copy mismatch at dst(4,10) channel 0
]]></failure>
      <failure message="/home/cjxu/npp/test/unit/nppi/nppi_geometry_transforms/test_nppi_copyConstBorder.cpp:88&#x0A;Expected equality of these values:&#x0A;  dstData[dstIdx]&#x0A;    Which is: &apos;\0&apos;&#x0A;  srcData[srcIdx]&#x0A;    Which is: &apos;\x17&apos; (23)&#x0A;Source copy mismatch at dst(4,10) channel 1&#x0A;" type=""><![CDATA[/home/cjxu/npp/test/unit/nppi/nppi_geometry_transforms/test_nppi_copyConstBorder.cpp:88
Expected equality of these values:
  dstData[dstIdx]
    Which is: '\0'
  srcData[srcIdx]
    Which is: '\x17' (23)
Source copy mismatch at dst(4,10) channel 1
]]></failure>
      <failure message="/home/cjxu/npp/test/unit/nppi/nppi_geometry_transforms/test_nppi_copyConstBorder.cpp:88&#x0A;Expected equality of these values:&#x0A;  dstData[dstIdx]&#x0A;    Which is: &apos;\0&apos;&#x0A;  srcData[srcIdx]&#x0A;    Which is: &apos;\xD2&apos; (210)&#x0A;Source copy mismatch at dst(4,10) channel 2&#x0A;" type=""><![CDATA[/home/cjxu/npp/test/unit/nppi/nppi_geometry_transforms/test_nppi_copyConstBorder.cpp:88
Expected equality of these values:
  dstData[dstIdx]
    Which is: '\0'
  srcData[srcIdx]
    Which is: '\xD2' (210)
Source copy mismatch at dst(4,10) channel 2
]]></failure>
      <failure message="/home/cjxu/npp/test/unit/nppi/nppi_geometry_transforms/test_nppi_copyConstBorder.cpp:88&#x0A;Expected equality of these values:&#x0A;  dstData[dstIdx]&#x0A;    Which is: &apos;\0&apos;&#x0A;  srcData[srcIdx]&#x0A;    Which is: &apos;\xAF&apos; (175)&#x0A;Source copy mismatch at dst(5,10) channel 0&#x0A;" type=""><![CDATA[/home/cjxu/npp/test/unit/nppi/nppi_geometry_transforms/test_nppi_copyConstBorder.cpp:88
Expected equality of these values:
  dstData[dstIdx]
    Which is: '\0'
  srcData[srcIdx]
    Which is: '\xAF' (175)
Source copy mismatch at dst(5,10) channel 0
]]></failure>
      <failure message="/home/cjxu/npp/test/unit/nppi/nppi_geometry_transforms/test_nppi_copyConstBorder.cpp:88&#x0A;Expected equality of these values:&#x0A;  dstData[dstIdx]&#x0A;    Which is: &apos;\0&apos;&#x0A;  srcData[srcIdx]&#x0A;    Which is: &apos;\x9D&apos; (157)&#x0A;Source copy mismatch at dst(5,10) channel 1&#x0A;" type=""><![CDATA[/home/cjxu/npp/test/unit/nppi/nppi_geometry_transforms/test_nppi_copyConstBorder.cpp:88
Expected equality of these values:
  dstData[dstIdx]
    Which is: '\0'
  srcData[srcIdx]
    Which is: '\x9D' (157)
Source copy mismatch at dst(5,10) channel 1
]]></failure>
      <failure message="/home/cjxu/npp/test/unit/nppi/nppi_geometry_transforms/test_nppi_copyConstBorder.cpp:88&#x0A;Expected equality of these values:&#x0A;  dstData[dstIdx]&#x0A;    Which is: &apos;\0&apos;&#x0A;  srcData[srcIdx]&#x0A;    Which is: &apos;W&apos; (87, 0x57)&#x0A;Source copy mismatch at dst(5,10) channel 2&#x0A;" type=""><![CDATA[/home/cjxu/npp/test/unit/nppi/nppi_geometry_transforms/test_nppi_copyConstBorder.cpp:88
Expected equality of these values:
  dstData[dstIdx]
    Which is: '\0'
  srcData[srcIdx]
    Which is: 'W' (87, 0x57)
Source copy mismatch at dst(5,10) channel 2
]]></failure>
      <failure message="/home/cjxu/npp/test/unit/nppi/nppi_geometry_transforms/test_nppi_copyConstBorder.cpp:88&#x0A;Expected equality of these values:&#x0A;  dstData[dstIdx]&#x0A;    Which is: &apos;\0&apos;&#x0A;  srcData[srcIdx]&#x0A;    Which is: &apos;\xBB&apos; (187)&#x0A;Source copy mismatch at dst(6,10) channel 0&#x0A;" type=""><![CDATA[/home/cjxu/npp/test/unit/nppi/nppi_geometry_transforms/test_nppi_copyConstBorder.cpp:88
Expected equality of these values:
  dstData[dstIdx]
    Which is: '\0'
  srcData[srcIdx]
    Which is: '\xBB' (187)
Source copy mismatch at dst(6,10) channel 0
]]></failure>
      <failure message="/home/cjxu/npp/test/unit/nppi/nppi_geometry_transforms/test_nppi_copyConstBorder.cpp:88&#x0A;Expected equality of these values:&#x0A;  dstData[dstIdx]&#x0A;    Which is: &apos;\0&apos;&#x0A;  srcData[srcIdx]&#x0A;    Which is: &apos;\xB7&apos; (183)&#x0A;Source copy mismatch at dst(6,10) channel 1&#x0A;" type=""><![CDATA[/home/cjxu/npp/test/unit/nppi/nppi_geometry_transforms/test_nppi_copyConstBorder.cpp:88
Expected equality of these values:
  dstData[dstIdx]
    Which is: '\0'
  srcData[srcIdx]
    Which is: '\xB7' (183)
Source copy mismatch at dst(6,10) channel 1
]]></failure>
      <failure message="/home/cjxu/npp/test/unit/nppi/nppi_geometry_transforms/test_nppi_copyConstBorder.cpp:88&#x0A;Expected equality of these values:&#x0A;  dstData[dstIdx]&#x0A;    Which is: &apos;\0&apos;&#x0A;  srcData[srcIdx]&#x0A;    Which is: &apos;\x1E&apos; (30)&#x0A;Source copy mismatch at dst(6,10) channel 2&#x0A;" type=""><![CDATA[/home/cjxu/npp/test/unit/nppi/nppi_geometry_transforms/test_nppi_copyConstBorder.cpp:88
Expected equality of these values:
  dstData[dstIdx]
    Which is: '\0'
  srcData[srcIdx]
    Which is: '\x1E' (30)
Source copy mismatch at dst(6,10) channel 2
]]></failure>
      <failure message="/home/cjxu/npp/test/unit/nppi/nppi_geometry_transforms/test_nppi_copyConstBorder.cpp:88&#x0A;Expected equality of these values:&#x0A;  dstData[dstIdx]&#x0A;    Which is: &apos;\0&apos;&#x0A;  srcData[srcIdx]&#x0A;    Which is: &apos;&quot;&apos; (34, 0x22)&#x0A;Source copy mismatch at dst(7,10) channel 0&#x0A;" type=""><![CDATA[/home/cjxu/npp/test/unit/nppi/nppi_geometry_transforms/test_nppi_copyConstBorder.cpp:88
Expected equality of these values:
  dstData[dstIdx]
    Which is: '\0'
  srcData[srcIdx]
    Which is: '"' (34, 0x22)
Source copy mismatch at dst(7,10) channel 0
]]></failure>
      <failure message="/home/cjxu/npp/test/unit/nppi/nppi_geometry_transforms/test_nppi_copyConstBorder.cpp:88&#x0A;Expected equality of these values:&#x0A;  dstData[dstIdx]&#x0A;    Which is: &apos;\0&apos;&#x0A;  srcData[srcIdx]&#x0A;    Which is: &apos;\xF6&apos; (246)&#x0A;Source copy mismatch at dst(7,10) channel 1&#x0A;" type=""><![CDATA[/home/cjxu/npp/test/unit/nppi/nppi_geometry_transforms/test_nppi_copyConstBorder.cpp:88
Expected equality of these values:
  dstData[dstIdx]
    Which is: '\0'
  srcData[srcIdx]
    Which is: '\xF6' (246)
Source copy mismatch at dst(7,10) channel 1
]]></failure>
      <failure message="/home/cjxu/npp/test/unit/nppi/nppi_geometry_transforms/test_nppi_copyConstBorder.cpp:88&#x0A;Expected equality of these values:&#x0A;  dstData[dstIdx]&#x0A;    Which is: &apos;\0&apos;&#x0A;  srcData[srcIdx]&#x0A;    Which is: &apos;\x8A&apos; (138)&#x0A;Source copy mismatch at dst(7,10) channel 2&#x0A;" type=""><![CDATA[/home/cjxu/npp/test/unit/nppi/nppi_geometry_transforms/test_nppi_copyConstBorder.cpp:88
Expected equality of these values:
  dstData[dstIdx]
    Which is: '\0'
  srcData[srcIdx]
    Which is: '\x8A' (138)
Source copy mismatch at dst(7,10) channel 2
]]></failure>
      <failure message="/home/cjxu/npp/test/unit/nppi/nppi_geometry_transforms/test_nppi_copyConstBorder.cpp:88&#x0A;Expected equality of these values:&#x0A;  dstData[dstIdx]&#x0A;    Which is: &apos;\0&apos;&#x0A;  srcData[srcIdx]&#x0A;    Which is: &apos;N&apos; (78, 0x4E)&#x0A;Source copy mismatch at dst(8,10) channel 0&#x0A;" type=""><![CDATA[/home/cjxu/npp/test/unit/nppi/nppi_geometry_transforms/test_nppi_copyConstBorder.cpp:88
Expected equality of these values:
  dstData[dstIdx]
    Which is: '\0'
  srcData[srcIdx]
    Which is: 'N' (78, 0x4E)
Source copy mismatch at dst(8,10) channel 0
]]></failure>
      <failure message="/home/cjxu/npp/test/unit/nppi/nppi_geometry_transforms/test_nppi_copyConstBorder.cpp:88&#x0A;Expected equality of these values:&#x0A;  dstData[dstIdx]&#x0A;    Which is: &apos;\0&apos;&#x0A;  srcData[srcIdx]&#x0A;    Which is: &apos;\xEE&apos; (238)&#x0A;Source copy mismatch at dst(8,10) channel 1&#x0A;" type=""><![CDATA[/home/cjxu/npp/test/unit/nppi/nppi_geometry_transforms/test_nppi_copyConstBorder.cpp:88
Expected equality of these values:
  dstData[dstIdx]
    Which is: '\0'
  srcData[srcIdx]
    Which is: '\xEE' (238)
Source copy mismatch at dst(8,10) channel 1
]]></failure>
      <failure message="/home/cjxu/npp/test/unit/nppi/nppi_geometry_transforms/test_nppi_copyConstBorder.cpp:88&#x0A;Expected equality of these values:&#x0A;  dstData[dstIdx]&#x0A;    Which is: &apos;\0&apos;&#x0A;  srcData[srcIdx]&#x0A;    Which is: &apos;\xA7&apos; (167)&#x0A;Source copy mismatch at dst(8,10) channel 2&#x0A;" type=""><![CDATA[/home/cjxu/npp/test/unit/nppi/nppi_geometry_transforms/test_nppi_copyConstBorder.cpp:88
Expected equality of these values:
  dstData[dstIdx]
    Which is: '\0'
  srcData[srcIdx]
    Which is: '\xA7' (167)
Source copy mismatch at dst(8,10) channel 2
]]></failure>
      <failure message="/home/cjxu/npp/test/unit/nppi/nppi_geometry_transforms/test_nppi_copyConstBorder.cpp:88&#x0A;Expected equality of these values:&#x0A;  dstData[dstIdx]&#x0A;    Which is: &apos;\0&apos;&#x0A;  srcData[srcIdx]&#x0A;    Which is: &apos;5&apos; (53, 0x35)&#x0A;Source copy mismatch at dst(9,10) channel 0&#x0A;" type=""><![CDATA[/home/cjxu/npp/test/unit/nppi/nppi_geometry_transforms/test_nppi_copyConstBorder.cpp:88
Expected equality of these values:
  dstData[dstIdx]
    Which is: '\0'
  srcData[srcIdx]
    Which is: '5' (53, 0x35)
Source copy mismatch at dst(9,10) channel 0
]]></failure>
      <failure message="/home/cjxu/npp/test/unit/nppi/nppi_geometry_transforms/test_nppi_copyConstBorder.cpp:88&#x0A;Expected equality of these values:&#x0A;  dstData[dstIdx]&#x0A;    Which is: &apos;\0&apos;&#x0A;  srcData[srcIdx]&#x0A;    Which is: &apos;\v&apos; (11, 0xB)&#x0A;Source copy mismatch at dst(9,10) channel 1&#x0A;" type=""><![CDATA[/home/cjxu/npp/test/unit/nppi/nppi_geometry_transforms/test_nppi_copyConstBorder.cpp:88
Expected equality of these values:
  dstData[dstIdx]
    Which is: '\0'
  srcData[srcIdx]
    Which is: '\v' (11, 0xB)
Source copy mismatch at dst(9,10) channel 1
]]></failure>
      <failure message="/home/cjxu/npp/test/unit/nppi/nppi_geometry_transforms/test_nppi_copyConstBorder.cpp:88&#x0A;Expected equality of these values:&#x0A;  dstData[dstIdx]&#x0A;    Which is: &apos;\0&apos;&#x0A;  srcData[srcIdx]&#x0A;    Which is: &apos;\xB8&apos; (184)&#x0A;Source copy mismatch at dst(9,10) channel 2&#x0A;" type=""><![CDATA[/home/cjxu/npp/test/unit/nppi/nppi_geometry_transforms/test_nppi_copyConstBorder.cpp:88
Expected equality of these values:
  dstData[dstIdx]
    Which is: '\0'
  srcData[srcIdx]
    Which is: '\xB8' (184)
Source copy mismatch at dst(9,10) channel 2
]]></failure>
      <failure message="/home/cjxu/npp/test/unit/nppi/nppi_geometry_transforms/test_nppi_copyConstBorder.cpp:88&#x0A;Expected equality of these values:&#x0A;  dstData[dstIdx]&#x0A;    Which is: &apos;\0&apos;&#x0A;  srcData[srcIdx]&#x0A;    Which is: &apos;H&apos; (72, 0x48)&#x0A;Source copy mismatch at dst(10,10) channel 0&#x0A;" type=""><![CDATA[/home/cjxu/npp/test/unit/nppi/nppi_geometry_transforms/test_nppi_copyConstBorder.cpp:88
Expected equality of these values:
  dstData[dstIdx]
    Which is: '\0'
  srcData[srcIdx]
    Which is: 'H' (72, 0x48)
Source copy mismatch at dst(10,10) channel 0
]]></failure>
      <failure message="/home/cjxu/npp/test/unit/nppi/nppi_geometry_transforms/test_nppi_copyConstBorder.cpp:88&#x0A;Expected equality of these values:&#x0A;  dstData[dstIdx]&#x0A;    Which is: &apos;\0&apos;&#x0A;  srcData[srcIdx]&#x0A;    Which is: &apos;\x94&apos; (148)&#x0A;Source copy mismatch at dst(10,10) channel 1&#x0A;" type=""><![CDATA[/home/cjxu/npp/test/unit/nppi/nppi_geometry_transforms/test_nppi_copyConstBorder.cpp:88
Expected equality of these values:
  dstData[dstIdx]
    Which is: '\0'
  srcData[srcIdx]
    Which is: '\x94' (148)
Source copy mismatch at dst(10,10) channel 1
]]></failure>
      <failure message="/home/cjxu/npp/test/unit/nppi/nppi_geometry_transforms/test_nppi_copyConstBorder.cpp:88&#x0A;Expected equality of these values:&#x0A;  dstData[dstIdx]&#x0A;    Which is: &apos;\0&apos;&#x0A;  srcData[srcIdx]&#x0A;    Which is: &apos;n&apos; (110, 0x6E)&#x0A;Source copy mismatch at dst(10,10) channel 2&#x0A;" type=""><![CDATA[/home/cjxu/npp/test/unit/nppi/nppi_geometry_transforms/test_nppi_copyConstBorder.cpp:88
Expected equality of these values:
  dstData[dstIdx]
    Which is: '\0'
  srcData[srcIdx]
    Which is: 'n' (110, 0x6E)
Source copy mismatch at dst(10,10) channel 2
]]></failure>
      <failure message="/home/cjxu/npp/test/unit/nppi/nppi_geometry_transforms/test_nppi_copyConstBorder.cpp:88&#x0A;Expected equality of these values:&#x0A;  dstData[dstIdx]&#x0A;    Which is: &apos;\0&apos;&#x0A;  srcData[srcIdx]&#x0A;    Which is: &apos;`&apos; (96, 0x60)&#x0A;Source copy mismatch at dst(11,10) channel 0&#x0A;" type=""><![CDATA[/home/cjxu/npp/test/unit/nppi/nppi_geometry_transforms/test_nppi_copyConstBorder.cpp:88
Expected equality of these values:
  dstData[dstIdx]
    Which is: '\0'
  srcData[srcIdx]
    Which is: '`' (96, 0x60)
Source copy mismatch at dst(11,10) channel 0
]]></failure>
      <failure message="/home/cjxu/npp/test/unit/nppi/nppi_geometry_transforms/test_nppi_copyConstBorder.cpp:88&#x0A;Expected equality of these values:&#x0A;  dstData[dstIdx]&#x0A;    Which is: &apos;\0&apos;&#x0A;  srcData[srcIdx]&#x0A;    Which is: &apos;\x6&apos; (6)&#x0A;Source copy mismatch at dst(11,10) channel 1&#x0A;" type=""><![CDATA[/home/cjxu/npp/test/unit/nppi/nppi_geometry_transforms/test_nppi_copyConstBorder.cpp:88
Expected equality of these values:
  dstData[dstIdx]
    Which is: '\0'
  srcData[srcIdx]
    Which is: '\x6' (6)
Source copy mismatch at dst(11,10) channel 1
]]></failure>
      <failure message="/home/cjxu/npp/test/unit/nppi/nppi_geometry_transforms/test_nppi_copyConstBorder.cpp:88&#x0A;Expected equality of these values:&#x0A;  dstData[dstIdx]&#x0A;    Which is: &apos;\0&apos;&#x0A;  srcData[srcIdx]&#x0A;    Which is: &apos;$&apos; (36, 0x24)&#x0A;Source copy mismatch at dst(11,10) channel 2&#x0A;" type=""><![CDATA[/home/cjxu/npp/test/unit/nppi/nppi_geometry_transforms/test_nppi_copyConstBorder.cpp:88
Expected equality of these values:
  dstData[dstIdx]
    Which is: '\0'
  srcData[srcIdx]
    Which is: '$' (36, 0x24)
Source copy mismatch at dst(11,10) channel 2
]]></failure>
      <failure message="/home/cjxu/npp/test/unit/nppi/nppi_geometry_transforms/test_nppi_copyConstBorder.cpp:88&#x0A;Expected equality of these values:&#x0A;  dstData[dstIdx]&#x0A;    Which is: &apos;\0&apos;&#x0A;  srcData[srcIdx]&#x0A;    Which is: &apos;\xB8&apos; (184)&#x0A;Source copy mismatch at dst(12,10) channel 0&#x0A;" type=""><![CDATA[/home/cjxu/npp/test/unit/nppi/nppi_geometry_transforms/test_nppi_copyConstBorder.cpp:88
Expected equality of these values:
  dstData[dstIdx]
    Which is: '\0'
  srcData[srcIdx]
    Which is: '\xB8' (184)
Source copy mismatch at dst(12,10) channel 0
]]></failure>
      <failure message="/home/cjxu/npp/test/unit/nppi/nppi_geometry_transforms/test_nppi_copyConstBorder.cpp:88&#x0A;Expected equality of these values:&#x0A;  dstData[dstIdx]&#x0A;    Which is: &apos;\0&apos;&#x0A;  srcData[srcIdx]&#x0A;    Which is: &apos;\xBD&apos; (189)&#x0A;Source copy mismatch at dst(12,10) channel 1&#x0A;" type=""><![CDATA[/home/cjxu/npp/test/unit/nppi/nppi_geometry_transforms/test_nppi_copyConstBorder.cpp:88
Expected equality of these values:
  dstData[dstIdx]
    Which is: '\0'
  srcData[srcIdx]
    Which is: '\xBD' (189)
Source copy mismatch at dst(12,10) channel 1
]]></failure>
      <failure message="/home/cjxu/npp/test/unit/nppi/nppi_geometry_transforms/test_nppi_copyConstBorder.cpp:88&#x0A;Expected equality of these values:&#x0A;  dstData[dstIdx]&#x0A;    Which is: &apos;\0&apos;&#x0A;  srcData[srcIdx]&#x0A;    Which is: &apos;J&apos; (74, 0x4A)&#x0A;Source copy mismatch at dst(12,10) channel 2&#x0A;" type=""><![CDATA[/home/cjxu/npp/test/unit/nppi/nppi_geometry_transforms/test_nppi_copyConstBorder.cpp:88
Expected equality of these values:
  dstData[dstIdx]
    Which is: '\0'
  srcData[srcIdx]
    Which is: 'J' (74, 0x4A)
Source copy mismatch at dst(12,10) channel 2
]]></failure>
      <failure message="/home/cjxu/npp/test/unit/nppi/nppi_geometry_transforms/test_nppi_copyConstBorder.cpp:88&#x0A;Expected equality of these values:&#x0A;  dstData[dstIdx]&#x0A;    Which is: &apos;\0&apos;&#x0A;  srcData[srcIdx]&#x0A;    Which is: &apos;R&apos; (82, 0x52)&#x0A;Source copy mismatch at dst(13,10) channel 0&#x0A;" type=""><![CDATA[/home/cjxu/npp/test/unit/nppi/nppi_geometry_transforms/test_nppi_copyConstBorder.cpp:88
Expected equality of these values:
  dstData[dstIdx]
    Which is: '\0'
  srcData[srcIdx]
    Which is: 'R' (82, 0x52)
Source copy mismatch at dst(13,10) channel 0
]]></failure>
      <failure message="/home/cjxu/npp/test/unit/nppi/nppi_geometry_transforms/test_nppi_copyConstBorder.cpp:88&#x0A;Expected equality of these values:&#x0A;  dstData[dstIdx]&#x0A;    Which is: &apos;\0&apos;&#x0A;  srcData[srcIdx]&#x0A;    Which is: &apos;\xD9&apos; (217)&#x0A;Source copy mismatch at dst(13,10) channel 1&#x0A;" type=""><![CDATA[/home/cjxu/npp/test/unit/nppi/nppi_geometry_transforms/test_nppi_copyConstBorder.cpp:88
Expected equality of these values:
  dstData[dstIdx]
    Which is: '\0'
  srcData[srcIdx]
    Which is: '\xD9' (217)
Source copy mismatch at dst(13,10) channel 1
]]></failure>
      <failure message="/home/cjxu/npp/test/unit/nppi/nppi_geometry_transforms/test_nppi_copyConstBorder.cpp:88&#x0A;Expected equality of these values:&#x0A;  dstData[dstIdx]&#x0A;    Which is: &apos;\0&apos;&#x0A;  srcData[srcIdx]&#x0A;    Which is: &apos;/&apos; (47, 0x2F)&#x0A;Source copy mismatch at dst(13,10) channel 2&#x0A;" type=""><![CDATA[/home/cjxu/npp/test/unit/nppi/nppi_geometry_transforms/test_nppi_copyConstBorder.cpp:88
Expected equality of these values:
  dstData[dstIdx]
    Which is: '\0'
  srcData[srcIdx]
    Which is: '/' (47, 0x2F)
Source copy mismatch at dst(13,10) channel 2
]]></failure>
      <failure message="/home/cjxu/npp/test/unit/nppi/nppi_geometry_transforms/test_nppi_copyConstBorder.cpp:88&#x0A;Expected equality of these values:&#x0A;  dstData[dstIdx]&#x0A;    Which is: &apos;\0&apos;&#x0A;  srcData[srcIdx]&#x0A;    Which is: &apos;\xEA&apos; (234)&#x0A;Source copy mismatch at dst(14,10) channel 0&#x0A;" type=""><![CDATA[/home/cjxu/npp/test/unit/nppi/nppi_geometry_transforms/test_nppi_copyConstBorder.cpp:88
Expected equality of these values:
  dstData[dstIdx]
    Which is: '\0'
  srcData[srcIdx]
    Which is: '\xEA' (234)
Source copy mismatch at dst(14,10) channel 0
]]></failure>
      <failure message="/home/cjxu/npp/test/unit/nppi/nppi_geometry_transforms/test_nppi_copyConstBorder.cpp:88&#x0A;Expected equality of these values:&#x0A;  dstData[dstIdx]&#x0A;    Which is: &apos;\0&apos;&#x0A;  srcData[srcIdx]&#x0A;    Which is: &apos;\xFA&apos; (250)&#x0A;Source copy mismatch at dst(14,10) channel 1&#x0A;" type=""><![CDATA[/home/cjxu/npp/test/unit/nppi/nppi_geometry_transforms/test_nppi_copyConstBorder.cpp:88
Expected equality of these values:
  dstData[dstIdx]
    Which is: '\0'
  srcData[srcIdx]
    Which is: '\xFA' (250)
Source copy mismatch at dst(14,10) channel 1
]]></failure>
      <failure message="/home/cjxu/npp/test/unit/nppi/nppi_geometry_transforms/test_nppi_copyConstBorder.cpp:88&#x0A;Expected equality of these values:&#x0A;  dstData[dstIdx]&#x0A;    Which is: &apos;\0&apos;&#x0A;  srcData[srcIdx]&#x0A;    Which is: &apos;G&apos; (71, 0x47)&#x0A;Source copy mismatch at dst(14,10) channel 2&#x0A;" type=""><![CDATA[/home/cjxu/npp/test/unit/nppi/nppi_geometry_transforms/test_nppi_copyConstBorder.cpp:88
Expected equality of these values:
  dstData[dstIdx]
    Which is: '\0'
  srcData[srcIdx]
    Which is: 'G' (71, 0x47)
Source copy mismatch at dst(14,10) channel 2
]]></failure>
      <failure message="/home/cjxu/npp/test/unit/nppi/nppi_geometry_transforms/test_nppi_copyConstBorder.cpp:88&#x0A;Expected equality of these values:&#x0A;  dstData[dstIdx]&#x0A;    Which is: &apos;\0&apos;&#x0A;  srcData[srcIdx]&#x0A;    Which is: &apos;\xBC&apos; (188)&#x0A;Source copy mismatch at dst(15,10) channel 0&#x0A;" type=""><![CDATA[/home/cjxu/npp/test/unit/nppi/nppi_geometry_transforms/test_nppi_copyConstBorder.cpp:88
Expected equality of these values:
  dstData[dstIdx]
    Which is: '\0'
  srcData[srcIdx]
    Which is: '\xBC' (188)
Source copy mismatch at dst(15,10) channel 0
]]></failure>
      <failure message="/home/cjxu/npp/test/unit/nppi/nppi_geometry_transforms/test_nppi_copyConstBorder.cpp:88&#x0A;Expected equality of these values:&#x0A;  dstData[dstIdx]&#x0A;    Which is: &apos;\0&apos;&#x0A;  srcData[srcIdx]&#x0A;    Which is: &apos;\xA9&apos; (169)&#x0A;Source copy mismatch at dst(15,10) channel 1&#x0A;" type=""><![CDATA[/home/cjxu/npp/test/unit/nppi/nppi_geometry_transforms/test_nppi_copyConstBorder.cpp:88
Expected equality of these values:
  dstData[dstIdx]
    Which is: '\0'
  srcData[srcIdx]
    Which is: '\xA9' (169)
Source copy mismatch at dst(15,10) channel 1
]]></failure>
      <failure message="/home/cjxu/npp/test/unit/nppi/nppi_geometry_transforms/test_nppi_copyConstBorder.cpp:88&#x0A;Expected equality of these values:&#x0A;  dstData[dstIdx]&#x0A;    Which is: &apos;\0&apos;&#x0A;  srcData[srcIdx]&#x0A;    Which is: &apos;\xE4&apos; (228)&#x0A;Source copy mismatch at dst(15,10) channel 2&#x0A;" type=""><![CDATA[/home/cjxu/npp/test/unit/nppi/nppi_geometry_transforms/test_nppi_copyConstBorder.cpp:88
Expected equality of these values:
  dstData[dstIdx]
    Which is: '\0'
  srcData[srcIdx]
    Which is: '\xE4' (228)
Source copy mismatch at dst(15,10) channel 2
]]></failure>
      <failure message="/home/cjxu/npp/test/unit/nppi/nppi_geometry_transforms/test_nppi_copyConstBorder.cpp:88&#x0A;Expected equality of these values:&#x0A;  dstData[dstIdx]&#x0A;    Which is: &apos;\0&apos;&#x0A;  srcData[srcIdx]&#x0A;    Which is: &apos;\x13&apos; (19)&#x0A;Source copy mismatch at dst(16,10) channel 0&#x0A;" type=""><![CDATA[/home/cjxu/npp/test/unit/nppi/nppi_geometry_transforms/test_nppi_copyConstBorder.cpp:88
Expected equality of these values:
  dstData[dstIdx]
    Which is: '\0'
  srcData[srcIdx]
    Which is: '\x13' (19)
Source copy mismatch at dst(16,10) channel 0
]]></failure>
      <failure message="/home/cjxu/npp/test/unit/nppi/nppi_geometry_transforms/test_nppi_copyConstBorder.cpp:88&#x0A;Expected equality of these values:&#x0A;  dstData[dstIdx]&#x0A;    Which is: &apos;\0&apos;&#x0A;  srcData[srcIdx]&#x0A;    Which is: &apos;d&apos; (100, 0x64)&#x0A;Source copy mismatch at dst(16,10) channel 1&#x0A;" type=""><![CDATA[/home/cjxu/npp/test/unit/nppi/nppi_geometry_transforms/test_nppi_copyConstBorder.cpp:88
Expected equality of these values:
  dstData[dstIdx]
    Which is: '\0'
  srcData[srcIdx]
    Which is: 'd' (100, 0x64)
Source copy mismatch at dst(16,10) channel 1
]]></failure>
      <failure message="/home/cjxu/npp/test/unit/nppi/nppi_geometry_transforms/test_nppi_copyConstBorder.cpp:88&#x0A;Expected equality of these values:&#x0A;  dstData[dstIdx]&#x0A;    Which is: &apos;\0&apos;&#x0A;  srcData[srcIdx]&#x0A;    Which is: &apos;\x9B&apos; (155)&#x0A;Source copy mismatch at dst(16,10) channel 2&#x0A;" type=""><![CDATA[/home/cjxu/npp/test/unit/nppi/nppi_geometry_transforms/test_nppi_copyConstBorder.cpp:88
Expected equality of these values:
  dstData[dstIdx]
    Which is: '\0'
  srcData[srcIdx]
    Which is: '\x9B' (155)
Source copy mismatch at dst(16,10) channel 2
]]></failure>
      <failure message="/home/cjxu/npp/test/unit/nppi/nppi_geometry_transforms/test_nppi_copyConstBorder.cpp:88&#x0A;Expected equality of these values:&#x0A;  dstData[dstIdx]&#x0A;    Which is: &apos;\0&apos;&#x0A;  srcData[srcIdx]&#x0A;    Which is: &apos;1&apos; (49, 0x31)&#x0A;Source copy mismatch at dst(17,10) channel 0&#x0A;" type=""><![CDATA[/home/cjxu/npp/test/unit/nppi/nppi_geometry_transforms/test_nppi_copyConstBorder.cpp:88
Expected equality of these values:
  dstData[dstIdx]
    Which is: '\0'
  srcData[srcIdx]
    Which is: '1' (49, 0x31)
Source copy mismatch at dst(17,10) channel 0
]]></failure>
      <failure message="/home/cjxu/npp/test/unit/nppi/nppi_geometry_transforms/test_nppi_copyConstBorder.cpp:88&#x0A;Expected equality of these values:&#x0A;  dstData[dstIdx]&#x0A;    Which is: &apos;\0&apos;&#x0A;  srcData[srcIdx]&#x0A;    Which is: &apos;\x86&apos; (134)&#x0A;Source copy mismatch at dst(17,10) channel 1&#x0A;" type=""><![CDATA[/home/cjxu/npp/test/unit/nppi/nppi_geometry_transforms/test_nppi_copyConstBorder.cpp:88
Expected equality of these values:
  dstData[dstIdx]
    Which is: '\0'
  srcData[srcIdx]
    Which is: '\x86' (134)
Source copy mismatch at dst(17,10) channel 1
]]></failure>
      <failure message="/home/cjxu/npp/test/unit/nppi/nppi_geometry_transforms/test_nppi_copyConstBorder.cpp:88&#x0A;Expected equality of these values:&#x0A;  dstData[dstIdx]&#x0A;    Which is: &apos;\0&apos;&#x0A;  srcData[srcIdx]&#x0A;    Which is: &apos;\x91&apos; (145)&#x0A;Source copy mismatch at dst(17,10) channel 2&#x0A;" type=""><![CDATA[/home/cjxu/npp/test/unit/nppi/nppi_geometry_transforms/test_nppi_copyConstBorder.cpp:88
Expected equality of these values:
  dstData[dstIdx]
    Which is: '\0'
  srcData[srcIdx]
    Which is: '\x91' (145)
Source copy mismatch at dst(17,10) channel 2
]]></failure>
      <failure message="/home/cjxu/npp/test/unit/nppi/nppi_geometry_transforms/test_nppi_copyConstBorder.cpp:88&#x0A;Expected equality of these values:&#x0A;  dstData[dstIdx]&#x0A;    Which is: &apos;\0&apos;&#x0A;  srcData[srcIdx]&#x0A;    Which is: &apos;\xBC&apos; (188)&#x0A;Source copy mismatch at dst(18,10) channel 0&#x0A;" type=""><![CDATA[/home/cjxu/npp/test/unit/nppi/nppi_geometry_transforms/test_nppi_copyConstBorder.cpp:88
Expected equality of these values:
  dstData[dstIdx]
    Which is: '\0'
  srcData[srcIdx]
    Which is: '\xBC' (188)
Source copy mismatch at dst(18,10) channel 0
]]></failure>
      <failure message="/home/cjxu/npp/test/unit/nppi/nppi_geometry_transforms/test_nppi_copyConstBorder.cpp:88&#x0A;Expected equality of these values:&#x0A;  dstData[dstIdx]&#x0A;    Which is: &apos;\0&apos;&#x0A;  srcData[srcIdx]&#x0A;    Which is: &apos;\xD4&apos; (212)&#x0A;Source copy mismatch at dst(18,10) channel 1&#x0A;" type=""><![CDATA[/home/cjxu/npp/test/unit/nppi/nppi_geometry_transforms/test_nppi_copyConstBorder.cpp:88
Expected equality of these values:
  dstData[dstIdx]
    Which is: '\0'
  srcData[srcIdx]
    Which is: '\xD4' (212)
Source copy mismatch at dst(18,10) channel 1
]]></failure>
      <failure message="/home/cjxu/npp/test/unit/nppi/nppi_geometry_transforms/test_nppi_copyConstBorder.cpp:88&#x0A;Expected equality of these values:&#x0A;  dstData[dstIdx]&#x0A;    Which is: &apos;\0&apos;&#x0A;  srcData[srcIdx]&#x0A;    Which is: &apos;\x80&apos; (128)&#x0A;Source copy mismatch at dst(18,10) channel 2&#x0A;" type=""><![CDATA[/home/cjxu/npp/test/unit/nppi/nppi_geometry_transforms/test_nppi_copyConstBorder.cpp:88
Expected equality of these values:
  dstData[dstIdx]
    Which is: '\0'
  srcData[srcIdx]
    Which is: '\x80' (128)
Source copy mismatch at dst(18,10) channel 2
]]></failure>
      <failure message="/home/cjxu/npp/test/unit/nppi/nppi_geometry_transforms/test_nppi_copyConstBorder.cpp:95&#x0A;Expected equality of these values:&#x0A;  dstData[dstIdx]&#x0A;    Which is: &apos;\0&apos;&#x0A;  borderValues[c]&#x0A;    Which is: &apos;d&apos; (100, 0x64)&#x0A;Border value mismatch at (19,10) channel 0&#x0A;" type=""><![CDATA[/home/cjxu/npp/test/unit/nppi/nppi_geometry_transforms/test_nppi_copyConstBorder.cpp:95
Expected equality of these values:
  dstData[dstIdx]
    Which is: '\0'
  borderValues[c]
    Which is: 'd' (100, 0x64)
Border value mismatch at (19,10) channel 0
]]></failure>
      <failure message="/home/cjxu/npp/test/unit/nppi/nppi_geometry_transforms/test_nppi_copyConstBorder.cpp:95&#x0A;Expected equality of these values:&#x0A;  dstData[dstIdx]&#x0A;    Which is: &apos;\0&apos;&#x0A;  borderValues[c]&#x0A;    Which is: &apos;\x96&apos; (150)&#x0A;Border value mismatch at (19,10) channel 1&#x0A;" type=""><![CDATA[/home/cjxu/npp/test/unit/nppi/nppi_geometry_transforms/test_nppi_copyConstBorder.cpp:95
Expected equality of these values:
  dstData[dstIdx]
    Which is: '\0'
  borderValues[c]
    Which is: '\x96' (150)
Border value mismatch at (19,10) channel 1
]]></failure>
      <failure message="/home/cjxu/npp/test/unit/nppi/nppi_geometry_transforms/test_nppi_copyConstBorder.cpp:95&#x0A;Expected equality of these values:&#x0A;  dstData[dstIdx]&#x0A;    Which is: &apos;\0&apos;&#x0A;  borderValues[c]&#x0A;    Which is: &apos;\xC8&apos; (200)&#x0A;Border value mismatch at (19,10) channel 2&#x0A;" type=""><![CDATA[/home/cjxu/npp/test/unit/nppi/nppi_geometry_transforms/test_nppi_copyConstBorder.cpp:95
Expected equality of these values:
  dstData[dstIdx]
    Which is: '\0'
  borderValues[c]
    Which is: '\xC8' (200)
Border value mismatch at (19,10) channel 2
]]></failure>
      <failure message="/home/cjxu/npp/test/unit/nppi/nppi_geometry_transforms/test_nppi_copyConstBorder.cpp:95&#x0A;Expected equality of these values:&#x0A;  dstData[dstIdx]&#x0A;    Which is: &apos;\0&apos;&#x0A;  borderValues[c]&#x0A;    Which is: &apos;d&apos; (100, 0x64)&#x0A;Border value mismatch at (20,10) channel 0&#x0A;" type=""><![CDATA[/home/cjxu/npp/test/unit/nppi/nppi_geometry_transforms/test_nppi_copyConstBorder.cpp:95
Expected equality of these values:
  dstData[dstIdx]
    Which is: '\0'
  borderValues[c]
    Which is: 'd' (100, 0x64)
Border value mismatch at (20,10) channel 0
]]></failure>
      <failure message="/home/cjxu/npp/test/unit/nppi/nppi_geometry_transforms/test_nppi_copyConstBorder.cpp:95&#x0A;Expected equality of these values:&#x0A;  dstData[dstIdx]&#x0A;    Which is: &apos;\0&apos;&#x0A;  borderValues[c]&#x0A;    Which is: &apos;\x96&apos; (150)&#x0A;Border value mismatch at (20,10) channel 1&#x0A;" type=""><![CDATA[/home/cjxu/npp/test/unit/nppi/nppi_geometry_transforms/test_nppi_copyConstBorder.cpp:95
Expected equality of these values:
  dstData[dstIdx]
    Which is: '\0'
  borderValues[c]
    Which is: '\x96' (150)
Border value mismatch at (20,10) channel 1
]]></failure>
      <failure message="/home/cjxu/npp/test/unit/nppi/nppi_geometry_transforms/test_nppi_copyConstBorder.cpp:95&#x0A;Expected equality of these values:&#x0A;  dstData[dstIdx]&#x0A;    Which is: &apos;\0&apos;&#x0A;  borderValues[c]&#x0A;    Which is: &apos;\xC8&apos; (200)&#x0A;Border value mismatch at (20,10) channel 2&#x0A;" type=""><![CDATA[/home/cjxu/npp/test/unit/nppi/nppi_geometry_transforms/test_nppi_copyConstBorder.cpp:95
Expected equality of these values:
  dstData[dstIdx]
    Which is: '\0'
  borderValues[c]
    Which is: '\xC8' (200)
Border value mismatch at (20,10) channel 2
]]></failure>
      <failure message="/home/cjxu/npp/test/unit/nppi/nppi_geometry_transforms/test_nppi_copyConstBorder.cpp:95&#x0A;Expected equality of these values:&#x0A;  dstData[dstIdx]&#x0A;    Which is: &apos;\0&apos;&#x0A;  borderValues[c]&#x0A;    Which is: &apos;d&apos; (100, 0x64)&#x0A;Border value mismatch at (21,10) channel 0&#x0A;" type=""><![CDATA[/home/cjxu/npp/test/unit/nppi/nppi_geometry_transforms/test_nppi_copyConstBorder.cpp:95
Expected equality of these values:
  dstData[dstIdx]
    Which is: '\0'
  borderValues[c]
    Which is: 'd' (100, 0x64)
Border value mismatch at (21,10) channel 0
]]></failure>
      <failure message="/home/cjxu/npp/test/unit/nppi/nppi_geometry_transforms/test_nppi_copyConstBorder.cpp:95&#x0A;Expected equality of these values:&#x0A;  dstData[dstIdx]&#x0A;    Which is: &apos;\0&apos;&#x0A;  borderValues[c]&#x0A;    Which is: &apos;\x96&apos; (150)&#x0A;Border value mismatch at (21,10) channel 1&#x0A;" type=""><![CDATA[/home/cjxu/npp/test/unit/nppi/nppi_geometry_transforms/test_nppi_copyConstBorder.cpp:95
Expected equality of these values:
  dstData[dstIdx]
    Which is: '\0'
  borderValues[c]
    Which is: '\x96' (150)
Border value mismatch at (21,10) channel 1
]]></failure>
      <failure message="/home/cjxu/npp/test/unit/nppi/nppi_geometry_transforms/test_nppi_copyConstBorder.cpp:95&#x0A;Expected equality of these values:&#x0A;  dstData[dstIdx]&#x0A;    Which is: &apos;\0&apos;&#x0A;  borderValues[c]&#x0A;    Which is: &apos;\xC8&apos; (200)&#x0A;Border value mismatch at (21,10) channel 2&#x0A;" type=""><![CDATA[/home/cjxu/npp/test/unit/nppi/nppi_geometry_transforms/test_nppi_copyConstBorder.cpp:95
Expected equality of these values:
  dstData[dstIdx]
    Which is: '\0'
  borderValues[c]
    Which is: '\xC8' (200)
Border value mismatch at (21,10) channel 2
]]></failure>
      <failure message="/home/cjxu/npp/test/unit/nppi/nppi_geometry_transforms/test_nppi_copyConstBorder.cpp:95&#x0A;Expected equality of these values:&#x0A;  dstData[dstIdx]&#x0A;    Which is: &apos;\0&apos;&#x0A;  borderValues[c]&#x0A;    Which is: &apos;d&apos; (100, 0x64)&#x0A;Border value mismatch at (22,10) channel 0&#x0A;" type=""><![CDATA[/home/cjxu/npp/test/unit/nppi/nppi_geometry_transforms/test_nppi_copyConstBorder.cpp:95
Expected equality of these values:
  dstData[dstIdx]
    Which is: '\0'
  borderValues[c]
    Which is: 'd' (100, 0x64)
Border value mismatch at (22,10) channel 0
]]></failure>
      <failure message="/home/cjxu/npp/test/unit/nppi/nppi_geometry_transforms/test_nppi_copyConstBorder.cpp:95&#x0A;Expected equality of these values:&#x0A;  dstData[dstIdx]&#x0A;    Which is: &apos;\0&apos;&#x0A;  borderValues[c]&#x0A;    Which is: &apos;\x96&apos; (150)&#x0A;Border value mismatch at (22,10) channel 1&#x0A;" type=""><![CDATA[/home/cjxu/npp/test/unit/nppi/nppi_geometry_transforms/test_nppi_copyConstBorder.cpp:95
Expected equality of these values:
  dstData[dstIdx]
    Which is: '\0'
  borderValues[c]
    Which is: '\x96' (150)
Border value mismatch at (22,10) channel 1
]]></failure>
      <failure message="/home/cjxu/npp/test/unit/nppi/nppi_geometry_transforms/test_nppi_copyConstBorder.cpp:95&#x0A;Expected equality of these values:&#x0A;  dstData[dstIdx]&#x0A;    Which is: &apos;\0&apos;&#x0A;  borderValues[c]&#x0A;    Which is: &apos;\xC8&apos; (200)&#x0A;Border value mismatch at (22,10) channel 2&#x0A;" type=""><![CDATA[/home/cjxu/npp/test/unit/nppi/nppi_geometry_transforms/test_nppi_copyConstBorder.cpp:95
Expected equality of these values:
  dstData[dstIdx]
    Which is: '\0'
  borderValues[c]
    Which is: '\xC8' (200)
Border value mismatch at (22,10) channel 2
]]></failure>
      <failure message="/home/cjxu/npp/test/unit/nppi/nppi_geometry_transforms/test_nppi_copyConstBorder.cpp:95&#x0A;Expected equality of these values:&#x0A;  dstData[dstIdx]&#x0A;    Which is: &apos;\0&apos;&#x0A;  borderValues[c]&#x0A;    Which is: &apos;d&apos; (100, 0x64)&#x0A;Border value mismatch at (23,10) channel 0&#x0A;" type=""><![CDATA[/home/cjxu/npp/test/unit/nppi/nppi_geometry_transforms/test_nppi_copyConstBorder.cpp:95
Expected equality of these values:
  dstData[dstIdx]
    Which is: '\0'
  borderValues[c]
    Which is: 'd' (100, 0x64)
Border value mismatch at (23,10) channel 0
]]></failure>
      <failure message="/home/cjxu/npp/test/unit/nppi/nppi_geometry_transforms/test_nppi_copyConstBorder.cpp:95&#x0A;Expected equality of these values:&#x0A;  dstData[dstIdx]&#x0A;    Which is: &apos;\0&apos;&#x0A;  borderValues[c]&#x0A;    Which is: &apos;\x96&apos; (150)&#x0A;Border value mismatch at (23,10) channel 1&#x0A;" type=""><![CDATA[/home/cjxu/npp/test/unit/nppi/nppi_geometry_transforms/test_nppi_copyConstBorder.cpp:95
Expected equality of these values:
  dstData[dstIdx]
    Which is: '\0'
  borderValues[c]
    Which is: '\x96' (150)
Border value mismatch at (23,10) channel 1
]]></failure>
      <failure message="/home/cjxu/npp/test/unit/nppi/nppi_geometry_transforms/test_nppi_copyConstBorder.cpp:95&#x0A;Expected equality of these values:&#x0A;  dstData[dstIdx]&#x0A;    Which is: &apos;\0&apos;&#x0A;  borderValues[c]&#x0A;    Which is: &apos;\xC8&apos; (200)&#x0A;Border value mismatch at (23,10) channel 2&#x0A;" type=""><![CDATA[/home/cjxu/npp/test/unit/nppi/nppi_geometry_transforms/test_nppi_copyConstBorder.cpp:95
Expected equality of these values:
  dstData[dstIdx]
    Which is: '\0'
  borderValues[c]
    Which is: '\xC8' (200)
Border value mismatch at (23,10) channel 2
]]></failure>
      <failure message="/home/cjxu/npp/test/unit/nppi/nppi_geometry_transforms/test_nppi_copyConstBorder.cpp:95&#x0A;Expected equality of these values:&#x0A;  dstData[dstIdx]&#x0A;    Which is: &apos;\0&apos;&#x0A;  borderValues[c]&#x0A;    Which is: &apos;d&apos; (100, 0x64)&#x0A;Border value mismatch at (0,11) channel 0&#x0A;" type=""><![CDATA[/home/cjxu/npp/test/unit/nppi/nppi_geometry_transforms/test_nppi_copyConstBorder.cpp:95
Expected equality of these values:
  dstData[dstIdx]
    Which is: '\0'
  borderValues[c]
    Which is: 'd' (100, 0x64)
Border value mismatch at (0,11) channel 0
]]></failure>
      <failure message="/home/cjxu/npp/test/unit/nppi/nppi_geometry_transforms/test_nppi_copyConstBorder.cpp:95&#x0A;Expected equality of these values:&#x0A;  dstData[dstIdx]&#x0A;    Which is: &apos;\0&apos;&#x0A;  borderValues[c]&#x0A;    Which is: &apos;\x96&apos; (150)&#x0A;Border value mismatch at (0,11) channel 1&#x0A;" type=""><![CDATA[/home/cjxu/npp/test/unit/nppi/nppi_geometry_transforms/test_nppi_copyConstBorder.cpp:95
Expected equality of these values:
  dstData[dstIdx]
    Which is: '\0'
  borderValues[c]
    Which is: '\x96' (150)
Border value mismatch at (0,11) channel 1
]]></failure>
      <failure message="/home/cjxu/npp/test/unit/nppi/nppi_geometry_transforms/test_nppi_copyConstBorder.cpp:95&#x0A;Expected equality of these values:&#x0A;  dstData[dstIdx]&#x0A;    Which is: &apos;\0&apos;&#x0A;  borderValues[c]&#x0A;    Which is: &apos;\xC8&apos; (200)&#x0A;Border value mismatch at (0,11) channel 2&#x0A;" type=""><![CDATA[/home/cjxu/npp/test/unit/nppi/nppi_geometry_transforms/test_nppi_copyConstBorder.cpp:95
Expected equality of these values:
  dstData[dstIdx]
    Which is: '\0'
  borderValues[c]
    Which is: '\xC8' (200)
Border value mismatch at (0,11) channel 2
]]></failure>
      <failure message="/home/cjxu/npp/test/unit/nppi/nppi_geometry_transforms/test_nppi_copyConstBorder.cpp:95&#x0A;Expected equality of these values:&#x0A;  dstData[dstIdx]&#x0A;    Which is: &apos;\0&apos;&#x0A;  borderValues[c]&#x0A;    Which is: &apos;d&apos; (100, 0x64)&#x0A;Border value mismatch at (1,11) channel 0&#x0A;" type=""><![CDATA[/home/cjxu/npp/test/unit/nppi/nppi_geometry_transforms/test_nppi_copyConstBorder.cpp:95
Expected equality of these values:
  dstData[dstIdx]
    Which is: '\0'
  borderValues[c]
    Which is: 'd' (100, 0x64)
Border value mismatch at (1,11) channel 0
]]></failure>
      <failure message="/home/cjxu/npp/test/unit/nppi/nppi_geometry_transforms/test_nppi_copyConstBorder.cpp:95&#x0A;Expected equality of these values:&#x0A;  dstData[dstIdx]&#x0A;    Which is: &apos;\0&apos;&#x0A;  borderValues[c]&#x0A;    Which is: &apos;\x96&apos; (150)&#x0A;Border value mismatch at (1,11) channel 1&#x0A;" type=""><![CDATA[/home/cjxu/npp/test/unit/nppi/nppi_geometry_transforms/test_nppi_copyConstBorder.cpp:95
Expected equality of these values:
  dstData[dstIdx]
    Which is: '\0'
  borderValues[c]
    Which is: '\x96' (150)
Border value mismatch at (1,11) channel 1
]]></failure>
      <failure message="/home/cjxu/npp/test/unit/nppi/nppi_geometry_transforms/test_nppi_copyConstBorder.cpp:95&#x0A;Expected equality of these values:&#x0A;  dstData[dstIdx]&#x0A;    Which is: &apos;\0&apos;&#x0A;  borderValues[c]&#x0A;    Which is: &apos;\xC8&apos; (200)&#x0A;Border value mismatch at (1,11) channel 2&#x0A;" type=""><![CDATA[/home/cjxu/npp/test/unit/nppi/nppi_geometry_transforms/test_nppi_copyConstBorder.cpp:95
Expected equality of these values:
  dstData[dstIdx]
    Which is: '\0'
  borderValues[c]
    Which is: '\xC8' (200)
Border value mismatch at (1,11) channel 2
]]></failure>
      <failure message="/home/cjxu/npp/test/unit/nppi/nppi_geometry_transforms/test_nppi_copyConstBorder.cpp:95&#x0A;Expected equality of these values:&#x0A;  dstData[dstIdx]&#x0A;    Which is: &apos;\0&apos;&#x0A;  borderValues[c]&#x0A;    Which is: &apos;d&apos; (100, 0x64)&#x0A;Border value mismatch at (2,11) channel 0&#x0A;" type=""><![CDATA[/home/cjxu/npp/test/unit/nppi/nppi_geometry_transforms/test_nppi_copyConstBorder.cpp:95
Expected equality of these values:
  dstData[dstIdx]
    Which is: '\0'
  borderValues[c]
    Which is: 'd' (100, 0x64)
Border value mismatch at (2,11) channel 0
]]></failure>
      <failure message="/home/cjxu/npp/test/unit/nppi/nppi_geometry_transforms/test_nppi_copyConstBorder.cpp:95&#x0A;Expected equality of these values:&#x0A;  dstData[dstIdx]&#x0A;    Which is: &apos;\0&apos;&#x0A;  borderValues[c]&#x0A;    Which is: &apos;\x96&apos; (150)&#x0A;Border value mismatch at (2,11) channel 1&#x0A;" type=""><![CDATA[/home/cjxu/npp/test/unit/nppi/nppi_geometry_transforms/test_nppi_copyConstBorder.cpp:95
Expected equality of these values:
  dstData[dstIdx]
    Which is: '\0'
  borderValues[c]
    Which is: '\x96' (150)
Border value mismatch at (2,11) channel 1
]]></failure>
      <failure message="/home/cjxu/npp/test/unit/nppi/nppi_geometry_transforms/test_nppi_copyConstBorder.cpp:95&#x0A;Expected equality of these values:&#x0A;  dstData[dstIdx]&#x0A;    Which is: &apos;\0&apos;&#x0A;  borderValues[c]&#x0A;    Which is: &apos;\xC8&apos; (200)&#x0A;Border value mismatch at (2,11) channel 2&#x0A;" type=""><![CDATA[/home/cjxu/npp/test/unit/nppi/nppi_geometry_transforms/test_nppi_copyConstBorder.cpp:95
Expected equality of these values:
  dstData[dstIdx]
    Which is: '\0'
  borderValues[c]
    Which is: '\xC8' (200)
Border value mismatch at (2,11) channel 2
]]></failure>
      <failure message="/home/cjxu/npp/test/unit/nppi/nppi_geometry_transforms/test_nppi_copyConstBorder.cpp:88&#x0A;Expected equality of these values:&#x0A;  dstData[dstIdx]&#x0A;    Which is: &apos;\0&apos;&#x0A;  srcData[srcIdx]&#x0A;    Which is: &apos;c&apos; (99, 0x63)&#x0A;Source copy mismatch at dst(3,11) channel 0&#x0A;" type=""><![CDATA[/home/cjxu/npp/test/unit/nppi/nppi_geometry_transforms/test_nppi_copyConstBorder.cpp:88
Expected equality of these values:
  dstData[dstIdx]
    Which is: '\0'
  srcData[srcIdx]
    Which is: 'c' (99, 0x63)
Source copy mismatch at dst(3,11) channel 0
]]></failure>
      <failure message="/home/cjxu/npp/test/unit/nppi/nppi_geometry_transforms/test_nppi_copyConstBorder.cpp:88&#x0A;Expected equality of these values:&#x0A;  dstData[dstIdx]&#x0A;    Which is: &apos;\0&apos;&#x0A;  srcData[srcIdx]&#x0A;    Which is: &apos;\n&apos; (10, 0xA)&#x0A;With diff:&#x0A;@@ -1,1 +1,2 @@&#x0A;-&apos;\0&apos;&#x0A;+&apos;&#x0A;+&apos; (10, 0xA)&#x0A;&#x0A;Source copy mismatch at dst(3,11) channel 1&#x0A;" type=""><![CDATA[/home/cjxu/npp/test/unit/nppi/nppi_geometry_transforms/test_nppi_copyConstBorder.cpp:88
Expected equality of these values:
  dstData[dstIdx]
    Which is: '\0'
  srcData[srcIdx]
    Which is: '\n' (10, 0xA)
With diff:
@@ -1,1 +1,2 @@
-'\0'
+'
+' (10, 0xA)

Source copy mismatch at dst(3,11) channel 1
]]></failure>
      <failure message="/home/cjxu/npp/test/unit/nppi/nppi_geometry_transforms/test_nppi_copyConstBorder.cpp:88&#x0A;Expected equality of these values:&#x0A;  dstData[dstIdx]&#x0A;    Which is: &apos;\0&apos;&#x0A;  srcData[srcIdx]&#x0A;    Which is: &apos;\x8B&apos; (139)&#x0A;Source copy mismatch at dst(3,11) channel 2&#x0A;" type=""><![CDATA[/home/cjxu/npp/test/unit/nppi/nppi_geometry_transforms/test_nppi_copyConstBorder.cpp:88
Expected equality of these values:
  dstData[dstIdx]
    Which is: '\0'
  srcData[srcIdx]
    Which is: '\x8B' (139)
Source copy mismatch at dst(3,11) channel 2
]]></failure>
      <failure message="/home/cjxu/npp/test/unit/nppi/nppi_geometry_transforms/test_nppi_copyConstBorder.cpp:88&#x0A;Expected equality of these values:&#x0A;  dstData[dstIdx]&#x0A;    Which is: &apos;\0&apos;&#x0A;  srcData[srcIdx]&#x0A;    Which is: &apos;\x1C&apos; (28)&#x0A;Source copy mismatch at dst(4,11) channel 0&#x0A;" type=""><![CDATA[/home/cjxu/npp/test/unit/nppi/nppi_geometry_transforms/test_nppi_copyConstBorder.cpp:88
Expected equality of these values:
  dstData[dstIdx]
    Which is: '\0'
  srcData[srcIdx]
    Which is: '\x1C' (28)
Source copy mismatch at dst(4,11) channel 0
]]></failure>
      <failure message="/home/cjxu/npp/test/unit/nppi/nppi_geometry_transforms/test_nppi_copyConstBorder.cpp:88&#x0A;Expected equality of these values:&#x0A;  dstData[dstIdx]&#x0A;    Which is: &apos;\0&apos;&#x0A;  srcData[srcIdx]&#x0A;    Which is: &apos;R&apos; (82, 0x52)&#x0A;Source copy mismatch at dst(4,11) channel 1&#x0A;" type=""><![CDATA[/home/cjxu/npp/test/unit/nppi/nppi_geometry_transforms/test_nppi_copyConstBorder.cpp:88
Expected equality of these values:
  dstData[dstIdx]
    Which is: '\0'
  srcData[srcIdx]
    Which is: 'R' (82, 0x52)
Source copy mismatch at dst(4,11) channel 1
]]></failure>
      <failure message="/home/cjxu/npp/test/unit/nppi/nppi_geometry_transforms/test_nppi_copyConstBorder.cpp:88&#x0A;Expected equality of these values:&#x0A;  dstData[dstIdx]&#x0A;    Which is: &apos;\0&apos;&#x0A;  srcData[srcIdx]&#x0A;    Which is: &apos;\x1F&apos; (31)&#x0A;Source copy mismatch at dst(4,11) channel 2&#x0A;" type=""><![CDATA[/home/cjxu/npp/test/unit/nppi/nppi_geometry_transforms/test_nppi_copyConstBorder.cpp:88
Expected equality of these values:
  dstData[dstIdx]
    Which is: '\0'
  srcData[srcIdx]
    Which is: '\x1F' (31)
Source copy mismatch at dst(4,11) channel 2
]]></failure>
      <failure message="/home/cjxu/npp/test/unit/nppi/nppi_geometry_transforms/test_nppi_copyConstBorder.cpp:88&#x0A;Expected equality of these values:&#x0A;  dstData[dstIdx]&#x0A;    Which is: &apos;\0&apos;&#x0A;  srcData[srcIdx]&#x0A;    Which is: &apos;\x8A&apos; (138)&#x0A;Source copy mismatch at dst(5,11) channel 0&#x0A;" type=""><![CDATA[/home/cjxu/npp/test/unit/nppi/nppi_geometry_transforms/test_nppi_copyConstBorder.cpp:88
Expected equality of these values:
  dstData[dstIdx]
    Which is: '\0'
  srcData[srcIdx]
    Which is: '\x8A' (138)
Source copy mismatch at dst(5,11) channel 0
]]></failure>
      <failure message="/home/cjxu/npp/test/unit/nppi/nppi_geometry_transforms/test_nppi_copyConstBorder.cpp:88&#x0A;Expected equality of these values:&#x0A;  dstData[dstIdx]&#x0A;    Which is: &apos;\0&apos;&#x0A;  srcData[srcIdx]&#x0A;    Which is: &apos;\xB3&apos; (179)&#x0A;Source copy mismatch at dst(5,11) channel 1&#x0A;" type=""><![CDATA[/home/cjxu/npp/test/unit/nppi/nppi_geometry_transforms/test_nppi_copyConstBorder.cpp:88
Expected equality of these values:
  dstData[dstIdx]
    Which is: '\0'
  srcData[srcIdx]
    Which is: '\xB3' (179)
Source copy mismatch at dst(5,11) channel 1
]]></failure>
      <failure message="/home/cjxu/npp/test/unit/nppi/nppi_geometry_transforms/test_nppi_copyConstBorder.cpp:88&#x0A;Expected equality of these values:&#x0A;  dstData[dstIdx]&#x0A;    Which is: &apos;\0&apos;&#x0A;  srcData[srcIdx]&#x0A;    Which is: &apos;&amp;&apos; (38, 0x26)&#x0A;Source copy mismatch at dst(5,11) channel 2&#x0A;" type=""><![CDATA[/home/cjxu/npp/test/unit/nppi/nppi_geometry_transforms/test_nppi_copyConstBorder.cpp:88
Expected equality of these values:
  dstData[dstIdx]
    Which is: '\0'
  srcData[srcIdx]
    Which is: '&' (38, 0x26)
Source copy mismatch at dst(5,11) channel 2
]]></failure>
      <failure message="/home/cjxu/npp/test/unit/nppi/nppi_geometry_transforms/test_nppi_copyConstBorder.cpp:88&#x0A;Expected equality of these values:&#x0A;  dstData[dstIdx]&#x0A;    Which is: &apos;\0&apos;&#x0A;  srcData[srcIdx]&#x0A;    Which is: &apos;\xAF&apos; (175)&#x0A;Source copy mismatch at dst(6,11) channel 0&#x0A;" type=""><![CDATA[/home/cjxu/npp/test/unit/nppi/nppi_geometry_transforms/test_nppi_copyConstBorder.cpp:88
Expected equality of these values:
  dstData[dstIdx]
    Which is: '\0'
  srcData[srcIdx]
    Which is: '\xAF' (175)
Source copy mismatch at dst(6,11) channel 0
]]></failure>
      <failure message="/home/cjxu/npp/test/unit/nppi/nppi_geometry_transforms/test_nppi_copyConstBorder.cpp:88&#x0A;Expected equality of these values:&#x0A;  dstData[dstIdx]&#x0A;    Which is: &apos;\0&apos;&#x0A;  srcData[srcIdx]&#x0A;    Which is: &apos;k&apos; (107, 0x6B)&#x0A;Source copy mismatch at dst(6,11) channel 1&#x0A;" type=""><![CDATA[/home/cjxu/npp/test/unit/nppi/nppi_geometry_transforms/test_nppi_copyConstBorder.cpp:88
Expected equality of these values:
  dstData[dstIdx]
    Which is: '\0'
  srcData[srcIdx]
    Which is: 'k' (107, 0x6B)
Source copy mismatch at dst(6,11) channel 1
]]></failure>
      <failure message="/home/cjxu/npp/test/unit/nppi/nppi_geometry_transforms/test_nppi_copyConstBorder.cpp:88&#x0A;Expected equality of these values:&#x0A;  dstData[dstIdx]&#x0A;    Which is: &apos;\0&apos;&#x0A;  srcData[srcIdx]&#x0A;    Which is: &apos;\xE3&apos; (227)&#x0A;Source copy mismatch at dst(6,11) channel 2&#x0A;" type=""><![CDATA[/home/cjxu/npp/test/unit/nppi/nppi_geometry_transforms/test_nppi_copyConstBorder.cpp:88
Expected equality of these values:
  dstData[dstIdx]
    Which is: '\0'
  srcData[srcIdx]
    Which is: '\xE3' (227)
Source copy mismatch at dst(6,11) channel 2
]]></failure>
      <failure message="/home/cjxu/npp/test/unit/nppi/nppi_geometry_transforms/test_nppi_copyConstBorder.cpp:88&#x0A;Expected equality of these values:&#x0A;  dstData[dstIdx]&#x0A;    Which is: &apos;\0&apos;&#x0A;  srcData[srcIdx]&#x0A;    Which is: &apos;\xF9&apos; (249)&#x0A;Source copy mismatch at dst(7,11) channel 0&#x0A;" type=""><![CDATA[/home/cjxu/npp/test/unit/nppi/nppi_geometry_transforms/test_nppi_copyConstBorder.cpp:88
Expected equality of these values:
  dstData[dstIdx]
    Which is: '\0'
  srcData[srcIdx]
    Which is: '\xF9' (249)
Source copy mismatch at dst(7,11) channel 0
]]></failure>
      <failure message="/home/cjxu/npp/test/unit/nppi/nppi_geometry_transforms/test_nppi_copyConstBorder.cpp:88&#x0A;Expected equality of these values:&#x0A;  dstData[dstIdx]&#x0A;    Which is: &apos;\0&apos;&#x0A;  srcData[srcIdx]&#x0A;    Which is: &apos;\xBD&apos; (189)&#x0A;Source copy mismatch at dst(7,11) channel 1&#x0A;" type=""><![CDATA[/home/cjxu/npp/test/unit/nppi/nppi_geometry_transforms/test_nppi_copyConstBorder.cpp:88
Expected equality of these values:
  dstData[dstIdx]
    Which is: '\0'
  srcData[srcIdx]
    Which is: '\xBD' (189)
Source copy mismatch at dst(7,11) channel 1
]]></failure>
      <failure message="/home/cjxu/npp/test/unit/nppi/nppi_geometry_transforms/test_nppi_copyConstBorder.cpp:88&#x0A;Expected equality of these values:&#x0A;  dstData[dstIdx]&#x0A;    Which is: &apos;\0&apos;&#x0A;  srcData[srcIdx]&#x0A;    Which is: &apos;\xBC&apos; (188)&#x0A;Source copy mismatch at dst(7,11) channel 2&#x0A;" type=""><![CDATA[/home/cjxu/npp/test/unit/nppi/nppi_geometry_transforms/test_nppi_copyConstBorder.cpp:88
Expected equality of these values:
  dstData[dstIdx]
    Which is: '\0'
  srcData[srcIdx]
    Which is: '\xBC' (188)
Source copy mismatch at dst(7,11) channel 2
]]></failure>
      <failure message="/home/cjxu/npp/test/unit/nppi/nppi_geometry_transforms/test_nppi_copyConstBorder.cpp:88&#x0A;Expected equality of these values:&#x0A;  dstData[dstIdx]&#x0A;    Which is: &apos;\0&apos;&#x0A;  srcData[srcIdx]&#x0A;    Which is: &apos;(&apos; (40, 0x28)&#x0A;Source copy mismatch at dst(8,11) channel 0&#x0A;" type=""><![CDATA[/home/cjxu/npp/test/unit/nppi/nppi_geometry_transforms/test_nppi_copyConstBorder.cpp:88
Expected equality of these values:
  dstData[dstIdx]
    Which is: '\0'
  srcData[srcIdx]
    Which is: '(' (40, 0x28)
Source copy mismatch at dst(8,11) channel 0
]]></failure>
      <failure message="/home/cjxu/npp/test/unit/nppi/nppi_geometry_transforms/test_nppi_copyConstBorder.cpp:88&#x0A;Expected equality of these values:&#x0A;  dstData[dstIdx]&#x0A;    Which is: &apos;\0&apos;&#x0A;  srcData[srcIdx]&#x0A;    Which is: &apos;\xA7&apos; (167)&#x0A;Source copy mismatch at dst(8,11) channel 1&#x0A;" type=""><![CDATA[/home/cjxu/npp/test/unit/nppi/nppi_geometry_transforms/test_nppi_copyConstBorder.cpp:88
Expected equality of these values:
  dstData[dstIdx]
    Which is: '\0'
  srcData[srcIdx]
    Which is: '\xA7' (167)
Source copy mismatch at dst(8,11) channel 1
]]></failure>
      <failure message="/home/cjxu/npp/test/unit/nppi/nppi_geometry_transforms/test_nppi_copyConstBorder.cpp:88&#x0A;Expected equality of these values:&#x0A;  dstData[dstIdx]&#x0A;    Which is: &apos;\0&apos;&#x0A;  srcData[srcIdx]&#x0A;    Which is: &apos;\xB6&apos; (182)&#x0A;Source copy mismatch at dst(8,11) channel 2&#x0A;" type=""><![CDATA[/home/cjxu/npp/test/unit/nppi/nppi_geometry_transforms/test_nppi_copyConstBorder.cpp:88
Expected equality of these values:
  dstData[dstIdx]
    Which is: '\0'
  srcData[srcIdx]
    Which is: '\xB6' (182)
Source copy mismatch at dst(8,11) channel 2
]]></failure>
      <failure message="/home/cjxu/npp/test/unit/nppi/nppi_geometry_transforms/test_nppi_copyConstBorder.cpp:88&#x0A;Expected equality of these values:&#x0A;  dstData[dstIdx]&#x0A;    Which is: &apos;\0&apos;&#x0A;  srcData[srcIdx]&#x0A;    Which is: &apos;o&apos; (111, 0x6F)&#x0A;Source copy mismatch at dst(9,11) channel 0&#x0A;" type=""><![CDATA[/home/cjxu/npp/test/unit/nppi/nppi_geometry_transforms/test_nppi_copyConstBorder.cpp:88
Expected equality of these values:
  dstData[dstIdx]
    Which is: '\0'
  srcData[srcIdx]
    Which is: 'o' (111, 0x6F)
Source copy mismatch at dst(9,11) channel 0
]]></failure>
      <failure message="/home/cjxu/npp/test/unit/nppi/nppi_geometry_transforms/test_nppi_copyConstBorder.cpp:88&#x0A;Expected equality of these values:&#x0A;  dstData[dstIdx]&#x0A;    Which is: &apos;\0&apos;&#x0A;  srcData[srcIdx]&#x0A;    Which is: &apos;d&apos; (100, 0x64)&#x0A;Source copy mismatch at dst(9,11) channel 1&#x0A;" type=""><![CDATA[/home/cjxu/npp/test/unit/nppi/nppi_geometry_transforms/test_nppi_copyConstBorder.cpp:88
Expected equality of these values:
  dstData[dstIdx]
    Which is: '\0'
  srcData[srcIdx]
    Which is: 'd' (100, 0x64)
Source copy mismatch at dst(9,11) channel 1
]]></failure>
      <failure message="/home/cjxu/npp/test/unit/nppi/nppi_geometry_transforms/test_nppi_copyConstBorder.cpp:88&#x0A;Expected equality of these values:&#x0A;  dstData[dstIdx]&#x0A;    Which is: &apos;\0&apos;&#x0A;  srcData[srcIdx]&#x0A;    Which is: &apos;`&apos; (96, 0x60)&#x0A;Source copy mismatch at dst(9,11) channel 2&#x0A;" type=""><![CDATA[/home/cjxu/npp/test/unit/nppi/nppi_geometry_transforms/test_nppi_copyConstBorder.cpp:88
Expected equality of these values:
  dstData[dstIdx]
    Which is: '\0'
  srcData[srcIdx]
    Which is: '`' (96, 0x60)
Source copy mismatch at dst(9,11) channel 2
]]></failure>
      <failure message="/home/cjxu/npp/test/unit/nppi/nppi_geometry_transforms/test_nppi_copyConstBorder.cpp:88&#x0A;Expected equality of these values:&#x0A;  dstData[dstIdx]&#x0A;    Which is: &apos;\0&apos;&#x0A;  srcData[srcIdx]&#x0A;    Which is: &apos;T&apos; (84, 0x54)&#x0A;Source copy mismatch at dst(10,11) channel 0&#x0A;" type=""><![CDATA[/home/cjxu/npp/test/unit/nppi/nppi_geometry_transforms/test_nppi_copyConstBorder.cpp:88
Expected equality of these values:
  dstData[dstIdx]
    Which is: '\0'
  srcData[srcIdx]
    Which is: 'T' (84, 0x54)
Source copy mismatch at dst(10,11) channel 0
]]></failure>
      <failure message="/home/cjxu/npp/test/unit/nppi/nppi_geometry_transforms/test_nppi_copyConstBorder.cpp:88&#x0A;Expected equality of these values:&#x0A;  dstData[dstIdx]&#x0A;    Which is: &apos;\0&apos;&#x0A;  srcData[srcIdx]&#x0A;    Which is: &apos;w&apos; (119, 0x77)&#x0A;Source copy mismatch at dst(10,11) channel 1&#x0A;" type=""><![CDATA[/home/cjxu/npp/test/unit/nppi/nppi_geometry_transforms/test_nppi_copyConstBorder.cpp:88
Expected equality of these values:
  dstData[dstIdx]
    Which is: '\0'
  srcData[srcIdx]
    Which is: 'w' (119, 0x77)
Source copy mismatch at dst(10,11) channel 1
]]></failure>
      <failure message="/home/cjxu/npp/test/unit/nppi/nppi_geometry_transforms/test_nppi_copyConstBorder.cpp:88&#x0A;Expected equality of these values:&#x0A;  dstData[dstIdx]&#x0A;    Which is: &apos;\0&apos;&#x0A;  srcData[srcIdx]&#x0A;    Which is: &apos;\xC4&apos; (196)&#x0A;Source copy mismatch at dst(10,11) channel 2&#x0A;" type=""><![CDATA[/home/cjxu/npp/test/unit/nppi/nppi_geometry_transforms/test_nppi_copyConstBorder.cpp:88
Expected equality of these values:
  dstData[dstIdx]
    Which is: '\0'
  srcData[srcIdx]
    Which is: '\xC4' (196)
Source copy mismatch at dst(10,11) channel 2
]]></failure>
      <failure message="/home/cjxu/npp/test/unit/nppi/nppi_geometry_transforms/test_nppi_copyConstBorder.cpp:88&#x0A;Expected equality of these values:&#x0A;  dstData[dstIdx]&#x0A;    Which is: &apos;\0&apos;&#x0A;  srcData[srcIdx]&#x0A;    Which is: &apos;\xEF&apos; (239)&#x0A;Source copy mismatch at dst(11,11) channel 0&#x0A;" type=""><![CDATA[/home/cjxu/npp/test/unit/nppi/nppi_geometry_transforms/test_nppi_copyConstBorder.cpp:88
Expected equality of these values:
  dstData[dstIdx]
    Which is: '\0'
  srcData[srcIdx]
    Which is: '\xEF' (239)
Source copy mismatch at dst(11,11) channel 0
]]></failure>
      <failure message="/home/cjxu/npp/test/unit/nppi/nppi_geometry_transforms/test_nppi_copyConstBorder.cpp:88&#x0A;Expected equality of these values:&#x0A;  dstData[dstIdx]&#x0A;    Which is: &apos;\0&apos;&#x0A;  srcData[srcIdx]&#x0A;    Which is: &apos;\xA9&apos; (169)&#x0A;Source copy mismatch at dst(11,11) channel 1&#x0A;" type=""><![CDATA[/home/cjxu/npp/test/unit/nppi/nppi_geometry_transforms/test_nppi_copyConstBorder.cpp:88
Expected equality of these values:
  dstData[dstIdx]
    Which is: '\0'
  srcData[srcIdx]
    Which is: '\xA9' (169)
Source copy mismatch at dst(11,11) channel 1
]]></failure>
      <failure message="/home/cjxu/npp/test/unit/nppi/nppi_geometry_transforms/test_nppi_copyConstBorder.cpp:88&#x0A;Expected equality of these values:&#x0A;  dstData[dstIdx]&#x0A;    Which is: &apos;\0&apos;&#x0A;  srcData[srcIdx]&#x0A;    Which is: &apos;K&apos; (75, 0x4B)&#x0A;Source copy mismatch at dst(11,11) channel 2&#x0A;" type=""><![CDATA[/home/cjxu/npp/test/unit/nppi/nppi_geometry_transforms/test_nppi_copyConstBorder.cpp:88
Expected equality of these values:
  dstData[dstIdx]
    Which is: '\0'
  srcData[srcIdx]
    Which is: 'K' (75, 0x4B)
Source copy mismatch at dst(11,11) channel 2
]]></failure>
      <failure message="/home/cjxu/npp/test/unit/nppi/nppi_geometry_transforms/test_nppi_copyConstBorder.cpp:88&#x0A;Expected equality of these values:&#x0A;  dstData[dstIdx]&#x0A;    Which is: &apos;\0&apos;&#x0A;  srcData[srcIdx]&#x0A;    Which is: &apos;\x81&apos; (129)&#x0A;Source copy mismatch at dst(12,11) channel 0&#x0A;" type=""><![CDATA[/home/cjxu/npp/test/unit/nppi/nppi_geometry_transforms/test_nppi_copyConstBorder.cpp:88
Expected equality of these values:
  dstData[dstIdx]
    Which is: '\0'
  srcData[srcIdx]
    Which is: '\x81' (129)
Source copy mismatch at dst(12,11) channel 0
]]></failure>
      <failure message="/home/cjxu/npp/test/unit/nppi/nppi_geometry_transforms/test_nppi_copyConstBorder.cpp:88&#x0A;Expected equality of these values:&#x0A;  dstData[dstIdx]&#x0A;    Which is: &apos;\0&apos;&#x0A;  srcData[srcIdx]&#x0A;    Which is: &apos;e&apos; (101, 0x65)&#x0A;Source copy mismatch at dst(12,11) channel 1&#x0A;" type=""><![CDATA[/home/cjxu/npp/test/unit/nppi/nppi_geometry_transforms/test_nppi_copyConstBorder.cpp:88
Expected equality of these values:
  dstData[dstIdx]
    Which is: '\0'
  srcData[srcIdx]
    Which is: 'e' (101, 0x65)
Source copy mismatch at dst(12,11) channel 1
]]></failure>
      <failure message="/home/cjxu/npp/test/unit/nppi/nppi_geometry_transforms/test_nppi_copyConstBorder.cpp:88&#x0A;Expected equality of these values:&#x0A;  dstData[dstIdx]&#x0A;    Which is: &apos;\0&apos;&#x0A;  srcData[srcIdx]&#x0A;    Which is: &apos;\x1F&apos; (31)&#x0A;Source copy mismatch at dst(12,11) channel 2&#x0A;" type=""><![CDATA[/home/cjxu/npp/test/unit/nppi/nppi_geometry_transforms/test_nppi_copyConstBorder.cpp:88
Expected equality of these values:
  dstData[dstIdx]
    Which is: '\0'
  srcData[srcIdx]
    Which is: '\x1F' (31)
Source copy mismatch at dst(12,11) channel 2
]]></failure>
      <failure message="/home/cjxu/npp/test/unit/nppi/nppi_geometry_transforms/test_nppi_copyConstBorder.cpp:88&#x0A;Expected equality of these values:&#x0A;  dstData[dstIdx]&#x0A;    Which is: &apos;\0&apos;&#x0A;  srcData[srcIdx]&#x0A;    Which is: &apos;\x1&apos; (1)&#x0A;Source copy mismatch at dst(13,11) channel 0&#x0A;" type=""><![CDATA[/home/cjxu/npp/test/unit/nppi/nppi_geometry_transforms/test_nppi_copyConstBorder.cpp:88
Expected equality of these values:
  dstData[dstIdx]
    Which is: '\0'
  srcData[srcIdx]
    Which is: '\x1' (1)
Source copy mismatch at dst(13,11) channel 0
]]></failure>
      <failure message="/home/cjxu/npp/test/unit/nppi/nppi_geometry_transforms/test_nppi_copyConstBorder.cpp:88&#x0A;Expected equality of these values:&#x0A;  dstData[dstIdx]&#x0A;    Which is: &apos;\0&apos;&#x0A;  srcData[srcIdx]&#x0A;    Which is: &apos;\xC8&apos; (200)&#x0A;Source copy mismatch at dst(13,11) channel 1&#x0A;" type=""><![CDATA[/home/cjxu/npp/test/unit/nppi/nppi_geometry_transforms/test_nppi_copyConstBorder.cpp:88
Expected equality of these values:
  dstData[dstIdx]
    Which is: '\0'
  srcData[srcIdx]
    Which is: '\xC8' (200)
Source copy mismatch at dst(13,11) channel 1
]]></failure>
      <failure message="/home/cjxu/npp/test/unit/nppi/nppi_geometry_transforms/test_nppi_copyConstBorder.cpp:88&#x0A;Expected equality of these values:&#x0A;  dstData[dstIdx]&#x0A;    Which is: &apos;\0&apos;&#x0A;  srcData[srcIdx]&#x0A;    Which is: &apos;)&apos; (41, 0x29)&#x0A;Source copy mismatch at dst(13,11) channel 2&#x0A;" type=""><![CDATA[/home/cjxu/npp/test/unit/nppi/nppi_geometry_transforms/test_nppi_copyConstBorder.cpp:88
Expected equality of these values:
  dstData[dstIdx]
    Which is: '\0'
  srcData[srcIdx]
    Which is: ')' (41, 0x29)
Source copy mismatch at dst(13,11) channel 2
]]></failure>
      <failure message="/home/cjxu/npp/test/unit/nppi/nppi_geometry_transforms/test_nppi_copyConstBorder.cpp:88&#x0A;Expected equality of these values:&#x0A;  dstData[dstIdx]&#x0A;    Which is: &apos;\0&apos;&#x0A;  srcData[srcIdx]&#x0A;    Which is: &apos;\x8C&apos; (140)&#x0A;Source copy mismatch at dst(14,11) channel 0&#x0A;" type=""><![CDATA[/home/cjxu/npp/test/unit/nppi/nppi_geometry_transforms/test_nppi_copyConstBorder.cpp:88
Expected equality of these values:
  dstData[dstIdx]
    Which is: '\0'
  srcData[srcIdx]
    Which is: '\x8C' (140)
Source copy mismatch at dst(14,11) channel 0
]]></failure>
      <failure message="/home/cjxu/npp/test/unit/nppi/nppi_geometry_transforms/test_nppi_copyConstBorder.cpp:88&#x0A;Expected equality of these values:&#x0A;  dstData[dstIdx]&#x0A;    Which is: &apos;\0&apos;&#x0A;  srcData[srcIdx]&#x0A;    Which is: &apos;\xE4&apos; (228)&#x0A;Source copy mismatch at dst(14,11) channel 1&#x0A;" type=""><![CDATA[/home/cjxu/npp/test/unit/nppi/nppi_geometry_transforms/test_nppi_copyConstBorder.cpp:88
Expected equality of these values:
  dstData[dstIdx]
    Which is: '\0'
  srcData[srcIdx]
    Which is: '\xE4' (228)
Source copy mismatch at dst(14,11) channel 1
]]></failure>
      <failure message="/home/cjxu/npp/test/unit/nppi/nppi_geometry_transforms/test_nppi_copyConstBorder.cpp:88&#x0A;Expected equality of these values:&#x0A;  dstData[dstIdx]&#x0A;    Which is: &apos;\0&apos;&#x0A;  srcData[srcIdx]&#x0A;    Which is: &apos;|&apos; (124, 0x7C)&#x0A;Source copy mismatch at dst(14,11) channel 2&#x0A;" type=""><![CDATA[/home/cjxu/npp/test/unit/nppi/nppi_geometry_transforms/test_nppi_copyConstBorder.cpp:88
Expected equality of these values:
  dstData[dstIdx]
    Which is: '\0'
  srcData[srcIdx]
    Which is: '|' (124, 0x7C)
Source copy mismatch at dst(14,11) channel 2
]]></failure>
      <failure message="/home/cjxu/npp/test/unit/nppi/nppi_geometry_transforms/test_nppi_copyConstBorder.cpp:88&#x0A;Expected equality of these values:&#x0A;  dstData[dstIdx]&#x0A;    Which is: &apos;\0&apos;&#x0A;  srcData[srcIdx]&#x0A;    Which is: &apos;\xAB&apos; (171)&#x0A;Source copy mismatch at dst(15,11) channel 0&#x0A;" type=""><![CDATA[/home/cjxu/npp/test/unit/nppi/nppi_geometry_transforms/test_nppi_copyConstBorder.cpp:88
Expected equality of these values:
  dstData[dstIdx]
    Which is: '\0'
  srcData[srcIdx]
    Which is: '\xAB' (171)
Source copy mismatch at dst(15,11) channel 0
]]></failure>
      <failure message="/home/cjxu/npp/test/unit/nppi/nppi_geometry_transforms/test_nppi_copyConstBorder.cpp:88&#x0A;Expected equality of these values:&#x0A;  dstData[dstIdx]&#x0A;    Which is: &apos;\0&apos;&#x0A;  srcData[srcIdx]&#x0A;    Which is: &apos;o&apos; (111, 0x6F)&#x0A;Source copy mismatch at dst(15,11) channel 1&#x0A;" type=""><![CDATA[/home/cjxu/npp/test/unit/nppi/nppi_geometry_transforms/test_nppi_copyConstBorder.cpp:88
Expected equality of these values:
  dstData[dstIdx]
    Which is: '\0'
  srcData[srcIdx]
    Which is: 'o' (111, 0x6F)
Source copy mismatch at dst(15,11) channel 1
]]></failure>
      <failure message="/home/cjxu/npp/test/unit/nppi/nppi_geometry_transforms/test_nppi_copyConstBorder.cpp:88&#x0A;Expected equality of these values:&#x0A;  dstData[dstIdx]&#x0A;    Which is: &apos;\0&apos;&#x0A;  srcData[srcIdx]&#x0A;    Which is: &apos;/&apos; (47, 0x2F)&#x0A;Source copy mismatch at dst(15,11) channel 2&#x0A;" type=""><![CDATA[/home/cjxu/npp/test/unit/nppi/nppi_geometry_transforms/test_nppi_copyConstBorder.cpp:88
Expected equality of these values:
  dstData[dstIdx]
    Which is: '\0'
  srcData[srcIdx]
    Which is: '/' (47, 0x2F)
Source copy mismatch at dst(15,11) channel 2
]]></failure>
      <failure message="/home/cjxu/npp/test/unit/nppi/nppi_geometry_transforms/test_nppi_copyConstBorder.cpp:88&#x0A;Expected equality of these values:&#x0A;  dstData[dstIdx]&#x0A;    Which is: &apos;\0&apos;&#x0A;  srcData[srcIdx]&#x0A;    Which is: &apos;\xD1&apos; (209)&#x0A;Source copy mismatch at dst(16,11) channel 0&#x0A;" type=""><![CDATA[/home/cjxu/npp/test/unit/nppi/nppi_geometry_transforms/test_nppi_copyConstBorder.cpp:88
Expected equality of these values:
  dstData[dstIdx]
    Which is: '\0'
  srcData[srcIdx]
    Which is: '\xD1' (209)
Source copy mismatch at dst(16,11) channel 0
]]></failure>
      <failure message="/home/cjxu/npp/test/unit/nppi/nppi_geometry_transforms/test_nppi_copyConstBorder.cpp:88&#x0A;Expected equality of these values:&#x0A;  dstData[dstIdx]&#x0A;    Which is: &apos;\0&apos;&#x0A;  srcData[srcIdx]&#x0A;    Which is: &apos;\x1E&apos; (30)&#x0A;Source copy mismatch at dst(16,11) channel 1&#x0A;" type=""><![CDATA[/home/cjxu/npp/test/unit/nppi/nppi_geometry_transforms/test_nppi_copyConstBorder.cpp:88
Expected equality of these values:
  dstData[dstIdx]
    Which is: '\0'
  srcData[srcIdx]
    Which is: '\x1E' (30)
Source copy mismatch at dst(16,11) channel 1
]]></failure>
      <failure message="/home/cjxu/npp/test/unit/nppi/nppi_geometry_transforms/test_nppi_copyConstBorder.cpp:88&#x0A;Expected equality of these values:&#x0A;  dstData[dstIdx]&#x0A;    Which is: &apos;\0&apos;&#x0A;  srcData[srcIdx]&#x0A;    Which is: &apos;\x9A&apos; (154)&#x0A;Source copy mismatch at dst(16,11) channel 2&#x0A;" type=""><![CDATA[/home/cjxu/npp/test/unit/nppi/nppi_geometry_transforms/test_nppi_copyConstBorder.cpp:88
Expected equality of these values:
  dstData[dstIdx]
    Which is: '\0'
  srcData[srcIdx]
    Which is: '\x9A' (154)
Source copy mismatch at dst(16,11) channel 2
]]></failure>
      <failure message="/home/cjxu/npp/test/unit/nppi/nppi_geometry_transforms/test_nppi_copyConstBorder.cpp:88&#x0A;Expected equality of these values:&#x0A;  dstData[dstIdx]&#x0A;    Which is: &apos;\0&apos;&#x0A;  srcData[srcIdx]&#x0A;    Which is: &apos;\xB4&apos; (180)&#x0A;Source copy mismatch at dst(17,11) channel 0&#x0A;" type=""><![CDATA[/home/cjxu/npp/test/unit/nppi/nppi_geometry_transforms/test_nppi_copyConstBorder.cpp:88
Expected equality of these values:
  dstData[dstIdx]
    Which is: '\0'
  srcData[srcIdx]
    Which is: '\xB4' (180)
Source copy mismatch at dst(17,11) channel 0
]]></failure>
      <failure message="/home/cjxu/npp/test/unit/nppi/nppi_geometry_transforms/test_nppi_copyConstBorder.cpp:88&#x0A;Expected equality of these values:&#x0A;  dstData[dstIdx]&#x0A;    Which is: &apos;\0&apos;&#x0A;  srcData[srcIdx]&#x0A;    Which is: &apos;\x17&apos; (23)&#x0A;Source copy mismatch at dst(17,11) channel 1&#x0A;" type=""><![CDATA[/home/cjxu/npp/test/unit/nppi/nppi_geometry_transforms/test_nppi_copyConstBorder.cpp:88
Expected equality of these values:
  dstData[dstIdx]
    Which is: '\0'
  srcData[srcIdx]
    Which is: '\x17' (23)
Source copy mismatch at dst(17,11) channel 1
]]></failure>
      <failure message="/home/cjxu/npp/test/unit/nppi/nppi_geometry_transforms/test_nppi_copyConstBorder.cpp:88&#x0A;Expected equality of these values:&#x0A;  dstData[dstIdx]&#x0A;    Which is: &apos;\0&apos;&#x0A;  srcData[srcIdx]&#x0A;    Which is: &apos;X&apos; (88, 0x58)&#x0A;Source copy mismatch at dst(17,11) channel 2&#x0A;" type=""><![CDATA[/home/cjxu/npp/test/unit/nppi/nppi_geometry_transforms/test_nppi_copyConstBorder.cpp:88
Expected equality of these values:
  dstData[dstIdx]
    Which is: '\0'
  srcData[srcIdx]
    Which is: 'X' (88, 0x58)
Source copy mismatch at dst(17,11) channel 2
]]></failure>
      <failure message="/home/cjxu/npp/test/unit/nppi/nppi_geometry_transforms/test_nppi_copyConstBorder.cpp:88&#x0A;Expected equality of these values:&#x0A;  dstData[dstIdx]&#x0A;    Which is: &apos;\0&apos;&#x0A;  srcData[srcIdx]&#x0A;    Which is: &apos;q&apos; (113, 0x71)&#x0A;Source copy mismatch at dst(18,11) channel 0&#x0A;" type=""><![CDATA[/home/cjxu/npp/test/unit/nppi/nppi_geometry_transforms/test_nppi_copyConstBorder.cpp:88
Expected equality of these values:
  dstData[dstIdx]
    Which is: '\0'
  srcData[srcIdx]
    Which is: 'q' (113, 0x71)
Source copy mismatch at dst(18,11) channel 0
]]></failure>
      <failure message="/home/cjxu/npp/test/unit/nppi/nppi_geometry_transforms/test_nppi_copyConstBorder.cpp:88&#x0A;Expected equality of these values:&#x0A;  dstData[dstIdx]&#x0A;    Which is: &apos;\0&apos;&#x0A;  srcData[srcIdx]&#x0A;    Which is: &apos;?&apos; (63, 0x3F)&#x0A;Source copy mismatch at dst(18,11) channel 1&#x0A;" type=""><![CDATA[/home/cjxu/npp/test/unit/nppi/nppi_geometry_transforms/test_nppi_copyConstBorder.cpp:88
Expected equality of these values:
  dstData[dstIdx]
    Which is: '\0'
  srcData[srcIdx]
    Which is: '?' (63, 0x3F)
Source copy mismatch at dst(18,11) channel 1
]]></failure>
      <failure message="/home/cjxu/npp/test/unit/nppi/nppi_geometry_transforms/test_nppi_copyConstBorder.cpp:88&#x0A;Expected equality of these values:&#x0A;  dstData[dstIdx]&#x0A;    Which is: &apos;\0&apos;&#x0A;  srcData[srcIdx]&#x0A;    Which is: &apos;\xFF&apos; (255)&#x0A;Source copy mismatch at dst(18,11) channel 2&#x0A;" type=""><![CDATA[/home/cjxu/npp/test/unit/nppi/nppi_geometry_transforms/test_nppi_copyConstBorder.cpp:88
Expected equality of these values:
  dstData[dstIdx]
    Which is: '\0'
  srcData[srcIdx]
    Which is: '\xFF' (255)
Source copy mismatch at dst(18,11) channel 2
]]></failure>
      <failure message="/home/cjxu/npp/test/unit/nppi/nppi_geometry_transforms/test_nppi_copyConstBorder.cpp:95&#x0A;Expected equality of these values:&#x0A;  dstData[dstIdx]&#x0A;    Which is: &apos;\0&apos;&#x0A;  borderValues[c]&#x0A;    Which is: &apos;d&apos; (100, 0x64)&#x0A;Border value mismatch at (19,11) channel 0&#x0A;" type=""><![CDATA[/home/cjxu/npp/test/unit/nppi/nppi_geometry_transforms/test_nppi_copyConstBorder.cpp:95
Expected equality of these values:
  dstData[dstIdx]
    Which is: '\0'
  borderValues[c]
    Which is: 'd' (100, 0x64)
Border value mismatch at (19,11) channel 0
]]></failure>
      <failure message="/home/cjxu/npp/test/unit/nppi/nppi_geometry_transforms/test_nppi_copyConstBorder.cpp:95&#x0A;Expected equality of these values:&#x0A;  dstData[dstIdx]&#x0A;    Which is: &apos;\0&apos;&#x0A;  borderValues[c]&#x0A;    Which is: &apos;\x96&apos; (150)&#x0A;Border value mismatch at (19,11) channel 1&#x0A;" type=""><![CDATA[/home/cjxu/npp/test/unit/nppi/nppi_geometry_transforms/test_nppi_copyConstBorder.cpp:95
Expected equality of these values:
  dstData[dstIdx]
    Which is: '\0'
  borderValues[c]
    Which is: '\x96' (150)
Border value mismatch at (19,11) channel 1
]]></failure>
      <failure message="/home/cjxu/npp/test/unit/nppi/nppi_geometry_transforms/test_nppi_copyConstBorder.cpp:95&#x0A;Expected equality of these values:&#x0A;  dstData[dstIdx]&#x0A;    Which is: &apos;\0&apos;&#x0A;  borderValues[c]&#x0A;    Which is: &apos;\xC8&apos; (200)&#x0A;Border value mismatch at (19,11) channel 2&#x0A;" type=""><![CDATA[/home/cjxu/npp/test/unit/nppi/nppi_geometry_transforms/test_nppi_copyConstBorder.cpp:95
Expected equality of these values:
  dstData[dstIdx]
    Which is: '\0'
  borderValues[c]
    Which is: '\xC8' (200)
Border value mismatch at (19,11) channel 2
]]></failure>
      <failure message="/home/cjxu/npp/test/unit/nppi/nppi_geometry_transforms/test_nppi_copyConstBorder.cpp:95&#x0A;Expected equality of these values:&#x0A;  dstData[dstIdx]&#x0A;    Which is: &apos;\0&apos;&#x0A;  borderValues[c]&#x0A;    Which is: &apos;d&apos; (100, 0x64)&#x0A;Border value mismatch at (20,11) channel 0&#x0A;" type=""><![CDATA[/home/cjxu/npp/test/unit/nppi/nppi_geometry_transforms/test_nppi_copyConstBorder.cpp:95
Expected equality of these values:
  dstData[dstIdx]
    Which is: '\0'
  borderValues[c]
    Which is: 'd' (100, 0x64)
Border value mismatch at (20,11) channel 0
]]></failure>
      <failure message="/home/cjxu/npp/test/unit/nppi/nppi_geometry_transforms/test_nppi_copyConstBorder.cpp:95&#x0A;Expected equality of these values:&#x0A;  dstData[dstIdx]&#x0A;    Which is: &apos;\0&apos;&#x0A;  borderValues[c]&#x0A;    Which is: &apos;\x96&apos; (150)&#x0A;Border value mismatch at (20,11) channel 1&#x0A;" type=""><![CDATA[/home/cjxu/npp/test/unit/nppi/nppi_geometry_transforms/test_nppi_copyConstBorder.cpp:95
Expected equality of these values:
  dstData[dstIdx]
    Which is: '\0'
  borderValues[c]
    Which is: '\x96' (150)
Border value mismatch at (20,11) channel 1
]]></failure>
      <failure message="/home/cjxu/npp/test/unit/nppi/nppi_geometry_transforms/test_nppi_copyConstBorder.cpp:95&#x0A;Expected equality of these values:&#x0A;  dstData[dstIdx]&#x0A;    Which is: &apos;\0&apos;&#x0A;  borderValues[c]&#x0A;    Which is: &apos;\xC8&apos; (200)&#x0A;Border value mismatch at (20,11) channel 2&#x0A;" type=""><![CDATA[/home/cjxu/npp/test/unit/nppi/nppi_geometry_transforms/test_nppi_copyConstBorder.cpp:95
Expected equality of these values:
  dstData[dstIdx]
    Which is: '\0'
  borderValues[c]
    Which is: '\xC8' (200)
Border value mismatch at (20,11) channel 2
]]></failure>
      <failure message="/home/cjxu/npp/test/unit/nppi/nppi_geometry_transforms/test_nppi_copyConstBorder.cpp:95&#x0A;Expected equality of these values:&#x0A;  dstData[dstIdx]&#x0A;    Which is: &apos;\0&apos;&#x0A;  borderValues[c]&#x0A;    Which is: &apos;d&apos; (100, 0x64)&#x0A;Border value mismatch at (21,11) channel 0&#x0A;" type=""><![CDATA[/home/cjxu/npp/test/unit/nppi/nppi_geometry_transforms/test_nppi_copyConstBorder.cpp:95
Expected equality of these values:
  dstData[dstIdx]
    Which is: '\0'
  borderValues[c]
    Which is: 'd' (100, 0x64)
Border value mismatch at (21,11) channel 0
]]></failure>
      <failure message="/home/cjxu/npp/test/unit/nppi/nppi_geometry_transforms/test_nppi_copyConstBorder.cpp:95&#x0A;Expected equality of these values:&#x0A;  dstData[dstIdx]&#x0A;    Which is: &apos;\0&apos;&#x0A;  borderValues[c]&#x0A;    Which is: &apos;\x96&apos; (150)&#x0A;Border value mismatch at (21,11) channel 1&#x0A;" type=""><![CDATA[/home/cjxu/npp/test/unit/nppi/nppi_geometry_transforms/test_nppi_copyConstBorder.cpp:95
Expected equality of these values:
  dstData[dstIdx]
    Which is: '\0'
  borderValues[c]
    Which is: '\x96' (150)
Border value mismatch at (21,11) channel 1
]]></failure>
      <failure message="/home/cjxu/npp/test/unit/nppi/nppi_geometry_transforms/test_nppi_copyConstBorder.cpp:95&#x0A;Expected equality of these values:&#x0A;  dstData[dstIdx]&#x0A;    Which is: &apos;\0&apos;&#x0A;  borderValues[c]&#x0A;    Which is: &apos;\xC8&apos; (200)&#x0A;Border value mismatch at (21,11) channel 2&#x0A;" type=""><![CDATA[/home/cjxu/npp/test/unit/nppi/nppi_geometry_transforms/test_nppi_copyConstBorder.cpp:95
Expected equality of these values:
  dstData[dstIdx]
    Which is: '\0'
  borderValues[c]
    Which is: '\xC8' (200)
Border value mismatch at (21,11) channel 2
]]></failure>
      <failure message="/home/cjxu/npp/test/unit/nppi/nppi_geometry_transforms/test_nppi_copyConstBorder.cpp:95&#x0A;Expected equality of these values:&#x0A;  dstData[dstIdx]&#x0A;    Which is: &apos;\0&apos;&#x0A;  borderValues[c]&#x0A;    Which is: &apos;d&apos; (100, 0x64)&#x0A;Border value mismatch at (22,11) channel 0&#x0A;" type=""><![CDATA[/home/cjxu/npp/test/unit/nppi/nppi_geometry_transforms/test_nppi_copyConstBorder.cpp:95
Expected equality of these values:
  dstData[dstIdx]
    Which is: '\0'
  borderValues[c]
    Which is: 'd' (100, 0x64)
Border value mismatch at (22,11) channel 0
]]></failure>
      <failure message="/home/cjxu/npp/test/unit/nppi/nppi_geometry_transforms/test_nppi_copyConstBorder.cpp:95&#x0A;Expected equality of these values:&#x0A;  dstData[dstIdx]&#x0A;    Which is: &apos;\0&apos;&#x0A;  borderValues[c]&#x0A;    Which is: &apos;\x96&apos; (150)&#x0A;Border value mismatch at (22,11) channel 1&#x0A;" type=""><![CDATA[/home/cjxu/npp/test/unit/nppi/nppi_geometry_transforms/test_nppi_copyConstBorder.cpp:95
Expected equality of these values:
  dstData[dstIdx]
    Which is: '\0'
  borderValues[c]
    Which is: '\x96' (150)
Border value mismatch at (22,11) channel 1
]]></failure>
      <failure message="/home/cjxu/npp/test/unit/nppi/nppi_geometry_transforms/test_nppi_copyConstBorder.cpp:95&#x0A;Expected equality of these values:&#x0A;  dstData[dstIdx]&#x0A;    Which is: &apos;\0&apos;&#x0A;  borderValues[c]&#x0A;    Which is: &apos;\xC8&apos; (200)&#x0A;Border value mismatch at (22,11) channel 2&#x0A;" type=""><![CDATA[/home/cjxu/npp/test/unit/nppi/nppi_geometry_transforms/test_nppi_copyConstBorder.cpp:95
Expected equality of these values:
  dstData[dstIdx]
    Which is: '\0'
  borderValues[c]
    Which is: '\xC8' (200)
Border value mismatch at (22,11) channel 2
]]></failure>
      <failure message="/home/cjxu/npp/test/unit/nppi/nppi_geometry_transforms/test_nppi_copyConstBorder.cpp:95&#x0A;Expected equality of these values:&#x0A;  dstData[dstIdx]&#x0A;    Which is: &apos;\0&apos;&#x0A;  borderValues[c]&#x0A;    Which is: &apos;d&apos; (100, 0x64)&#x0A;Border value mismatch at (23,11) channel 0&#x0A;" type=""><![CDATA[/home/cjxu/npp/test/unit/nppi/nppi_geometry_transforms/test_nppi_copyConstBorder.cpp:95
Expected equality of these values:
  dstData[dstIdx]
    Which is: '\0'
  borderValues[c]
    Which is: 'd' (100, 0x64)
Border value mismatch at (23,11) channel 0
]]></failure>
      <failure message="/home/cjxu/npp/test/unit/nppi/nppi_geometry_transforms/test_nppi_copyConstBorder.cpp:95&#x0A;Expected equality of these values:&#x0A;  dstData[dstIdx]&#x0A;    Which is: &apos;\0&apos;&#x0A;  borderValues[c]&#x0A;    Which is: &apos;\x96&apos; (150)&#x0A;Border value mismatch at (23,11) channel 1&#x0A;" type=""><![CDATA[/home/cjxu/npp/test/unit/nppi/nppi_geometry_transforms/test_nppi_copyConstBorder.cpp:95
Expected equality of these values:
  dstData[dstIdx]
    Which is: '\0'
  borderValues[c]
    Which is: '\x96' (150)
Border value mismatch at (23,11) channel 1
]]></failure>
      <failure message="/home/cjxu/npp/test/unit/nppi/nppi_geometry_transforms/test_nppi_copyConstBorder.cpp:95&#x0A;Expected equality of these values:&#x0A;  dstData[dstIdx]&#x0A;    Which is: &apos;\0&apos;&#x0A;  borderValues[c]&#x0A;    Which is: &apos;\xC8&apos; (200)&#x0A;Border value mismatch at (23,11) channel 2&#x0A;" type=""><![CDATA[/home/cjxu/npp/test/unit/nppi/nppi_geometry_transforms/test_nppi_copyConstBorder.cpp:95
Expected equality of these values:
  dstData[dstIdx]
    Which is: '\0'
  borderValues[c]
    Which is: '\xC8' (200)
Border value mismatch at (23,11) channel 2
]]></failure>
      <failure message="/home/cjxu/npp/test/unit/nppi/nppi_geometry_transforms/test_nppi_copyConstBorder.cpp:95&#x0A;Expected equality of these values:&#x0A;  dstData[dstIdx]&#x0A;    Which is: &apos;\0&apos;&#x0A;  borderValues[c]&#x0A;    Which is: &apos;d&apos; (100, 0x64)&#x0A;Border value mismatch at (0,12) channel 0&#x0A;" type=""><![CDATA[/home/cjxu/npp/test/unit/nppi/nppi_geometry_transforms/test_nppi_copyConstBorder.cpp:95
Expected equality of these values:
  dstData[dstIdx]
    Which is: '\0'
  borderValues[c]
    Which is: 'd' (100, 0x64)
Border value mismatch at (0,12) channel 0
]]></failure>
      <failure message="/home/cjxu/npp/test/unit/nppi/nppi_geometry_transforms/test_nppi_copyConstBorder.cpp:95&#x0A;Expected equality of these values:&#x0A;  dstData[dstIdx]&#x0A;    Which is: &apos;\0&apos;&#x0A;  borderValues[c]&#x0A;    Which is: &apos;\x96&apos; (150)&#x0A;Border value mismatch at (0,12) channel 1&#x0A;" type=""><![CDATA[/home/cjxu/npp/test/unit/nppi/nppi_geometry_transforms/test_nppi_copyConstBorder.cpp:95
Expected equality of these values:
  dstData[dstIdx]
    Which is: '\0'
  borderValues[c]
    Which is: '\x96' (150)
Border value mismatch at (0,12) channel 1
]]></failure>
      <failure message="/home/cjxu/npp/test/unit/nppi/nppi_geometry_transforms/test_nppi_copyConstBorder.cpp:95&#x0A;Expected equality of these values:&#x0A;  dstData[dstIdx]&#x0A;    Which is: &apos;\0&apos;&#x0A;  borderValues[c]&#x0A;    Which is: &apos;\xC8&apos; (200)&#x0A;Border value mismatch at (0,12) channel 2&#x0A;" type=""><![CDATA[/home/cjxu/npp/test/unit/nppi/nppi_geometry_transforms/test_nppi_copyConstBorder.cpp:95
Expected equality of these values:
  dstData[dstIdx]
    Which is: '\0'
  borderValues[c]
    Which is: '\xC8' (200)
Border value mismatch at (0,12) channel 2
]]></failure>
      <failure message="/home/cjxu/npp/test/unit/nppi/nppi_geometry_transforms/test_nppi_copyConstBorder.cpp:95&#x0A;Expected equality of these values:&#x0A;  dstData[dstIdx]&#x0A;    Which is: &apos;\0&apos;&#x0A;  borderValues[c]&#x0A;    Which is: &apos;d&apos; (100, 0x64)&#x0A;Border value mismatch at (1,12) channel 0&#x0A;" type=""><![CDATA[/home/cjxu/npp/test/unit/nppi/nppi_geometry_transforms/test_nppi_copyConstBorder.cpp:95
Expected equality of these values:
  dstData[dstIdx]
    Which is: '\0'
  borderValues[c]
    Which is: 'd' (100, 0x64)
Border value mismatch at (1,12) channel 0
]]></failure>
      <failure message="/home/cjxu/npp/test/unit/nppi/nppi_geometry_transforms/test_nppi_copyConstBorder.cpp:95&#x0A;Expected equality of these values:&#x0A;  dstData[dstIdx]&#x0A;    Which is: &apos;\0&apos;&#x0A;  borderValues[c]&#x0A;    Which is: &apos;\x96&apos; (150)&#x0A;Border value mismatch at (1,12) channel 1&#x0A;" type=""><![CDATA[/home/cjxu/npp/test/unit/nppi/nppi_geometry_transforms/test_nppi_copyConstBorder.cpp:95
Expected equality of these values:
  dstData[dstIdx]
    Which is: '\0'
  borderValues[c]
    Which is: '\x96' (150)
Border value mismatch at (1,12) channel 1
]]></failure>
      <failure message="/home/cjxu/npp/test/unit/nppi/nppi_geometry_transforms/test_nppi_copyConstBorder.cpp:95&#x0A;Expected equality of these values:&#x0A;  dstData[dstIdx]&#x0A;    Which is: &apos;\0&apos;&#x0A;  borderValues[c]&#x0A;    Which is: &apos;\xC8&apos; (200)&#x0A;Border value mismatch at (1,12) channel 2&#x0A;" type=""><![CDATA[/home/cjxu/npp/test/unit/nppi/nppi_geometry_transforms/test_nppi_copyConstBorder.cpp:95
Expected equality of these values:
  dstData[dstIdx]
    Which is: '\0'
  borderValues[c]
    Which is: '\xC8' (200)
Border value mismatch at (1,12) channel 2
]]></failure>
      <failure message="/home/cjxu/npp/test/unit/nppi/nppi_geometry_transforms/test_nppi_copyConstBorder.cpp:95&#x0A;Expected equality of these values:&#x0A;  dstData[dstIdx]&#x0A;    Which is: &apos;\0&apos;&#x0A;  borderValues[c]&#x0A;    Which is: &apos;d&apos; (100, 0x64)&#x0A;Border value mismatch at (2,12) channel 0&#x0A;" type=""><![CDATA[/home/cjxu/npp/test/unit/nppi/nppi_geometry_transforms/test_nppi_copyConstBorder.cpp:95
Expected equality of these values:
  dstData[dstIdx]
    Which is: '\0'
  borderValues[c]
    Which is: 'd' (100, 0x64)
Border value mismatch at (2,12) channel 0
]]></failure>
      <failure message="/home/cjxu/npp/test/unit/nppi/nppi_geometry_transforms/test_nppi_copyConstBorder.cpp:95&#x0A;Expected equality of these values:&#x0A;  dstData[dstIdx]&#x0A;    Which is: &apos;\0&apos;&#x0A;  borderValues[c]&#x0A;    Which is: &apos;\x96&apos; (150)&#x0A;Border value mismatch at (2,12) channel 1&#x0A;" type=""><![CDATA[/home/cjxu/npp/test/unit/nppi/nppi_geometry_transforms/test_nppi_copyConstBorder.cpp:95
Expected equality of these values:
  dstData[dstIdx]
    Which is: '\0'
  borderValues[c]
    Which is: '\x96' (150)
Border value mismatch at (2,12) channel 1
]]></failure>
      <failure message="/home/cjxu/npp/test/unit/nppi/nppi_geometry_transforms/test_nppi_copyConstBorder.cpp:95&#x0A;Expected equality of these values:&#x0A;  dstData[dstIdx]&#x0A;    Which is: &apos;\0&apos;&#x0A;  borderValues[c]&#x0A;    Which is: &apos;\xC8&apos; (200)&#x0A;Border value mismatch at (2,12) channel 2&#x0A;" type=""><![CDATA[/home/cjxu/npp/test/unit/nppi/nppi_geometry_transforms/test_nppi_copyConstBorder.cpp:95
Expected equality of these values:
  dstData[dstIdx]
    Which is: '\0'
  borderValues[c]
    Which is: '\xC8' (200)
Border value mismatch at (2,12) channel 2
]]></failure>
      <failure message="/home/cjxu/npp/test/unit/nppi/nppi_geometry_transforms/test_nppi_copyConstBorder.cpp:88&#x0A;Expected equality of these values:&#x0A;  dstData[dstIdx]&#x0A;    Which is: &apos;\0&apos;&#x0A;  srcData[srcIdx]&#x0A;    Which is: &apos;\&apos;&apos; (39, 0x27)&#x0A;Source copy mismatch at dst(3,12) channel 0&#x0A;" type=""><![CDATA[/home/cjxu/npp/test/unit/nppi/nppi_geometry_transforms/test_nppi_copyConstBorder.cpp:88
Expected equality of these values:
  dstData[dstIdx]
    Which is: '\0'
  srcData[srcIdx]
    Which is: '\'' (39, 0x27)
Source copy mismatch at dst(3,12) channel 0
]]></failure>
      <failure message="/home/cjxu/npp/test/unit/nppi/nppi_geometry_transforms/test_nppi_copyConstBorder.cpp:88&#x0A;Expected equality of these values:&#x0A;  dstData[dstIdx]&#x0A;    Which is: &apos;\0&apos;&#x0A;  srcData[srcIdx]&#x0A;    Which is: &apos;\xAF&apos; (175)&#x0A;Source copy mismatch at dst(3,12) channel 1&#x0A;" type=""><![CDATA[/home/cjxu/npp/test/unit/nppi/nppi_geometry_transforms/test_nppi_copyConstBorder.cpp:88
Expected equality of these values:
  dstData[dstIdx]
    Which is: '\0'
  srcData[srcIdx]
    Which is: '\xAF' (175)
Source copy mismatch at dst(3,12) channel 1
]]></failure>
      <failure message="/home/cjxu/npp/test/unit/nppi/nppi_geometry_transforms/test_nppi_copyConstBorder.cpp:88&#x0A;Expected equality of these values:&#x0A;  dstData[dstIdx]&#x0A;    Which is: &apos;\0&apos;&#x0A;  srcData[srcIdx]&#x0A;    Which is: &apos;c&apos; (99, 0x63)&#x0A;Source copy mismatch at dst(3,12) channel 2&#x0A;" type=""><![CDATA[/home/cjxu/npp/test/unit/nppi/nppi_geometry_transforms/test_nppi_copyConstBorder.cpp:88
Expected equality of these values:
  dstData[dstIdx]
    Which is: '\0'
  srcData[srcIdx]
    Which is: 'c' (99, 0x63)
Source copy mismatch at dst(3,12) channel 2
]]></failure>
      <failure message="/home/cjxu/npp/test/unit/nppi/nppi_geometry_transforms/test_nppi_copyConstBorder.cpp:88&#x0A;Expected equality of these values:&#x0A;  dstData[dstIdx]&#x0A;    Which is: &apos;\0&apos;&#x0A;  srcData[srcIdx]&#x0A;    Which is: &apos;\x87&apos; (135)&#x0A;Source copy mismatch at dst(4,12) channel 0&#x0A;" type=""><![CDATA[/home/cjxu/npp/test/unit/nppi/nppi_geometry_transforms/test_nppi_copyConstBorder.cpp:88
Expected equality of these values:
  dstData[dstIdx]
    Which is: '\0'
  srcData[srcIdx]
    Which is: '\x87' (135)
Source copy mismatch at dst(4,12) channel 0
]]></failure>
      <failure message="/home/cjxu/npp/test/unit/nppi/nppi_geometry_transforms/test_nppi_copyConstBorder.cpp:88&#x0A;Expected equality of these values:&#x0A;  dstData[dstIdx]&#x0A;    Which is: &apos;\0&apos;&#x0A;  srcData[srcIdx]&#x0A;    Which is: &apos;\x3&apos; (3)&#x0A;Source copy mismatch at dst(4,12) channel 1&#x0A;" type=""><![CDATA[/home/cjxu/npp/test/unit/nppi/nppi_geometry_transforms/test_nppi_copyConstBorder.cpp:88
Expected equality of these values:
  dstData[dstIdx]
    Which is: '\0'
  srcData[srcIdx]
    Which is: '\x3' (3)
Source copy mismatch at dst(4,12) channel 1
]]></failure>
      <failure message="/home/cjxu/npp/test/unit/nppi/nppi_geometry_transforms/test_nppi_copyConstBorder.cpp:88&#x0A;Expected equality of these values:&#x0A;  dstData[dstIdx]&#x0A;    Which is: &apos;\0&apos;&#x0A;  srcData[srcIdx]&#x0A;    Which is: &apos;\xDB&apos; (219)&#x0A;Source copy mismatch at dst(4,12) channel 2&#x0A;" type=""><![CDATA[/home/cjxu/npp/test/unit/nppi/nppi_geometry_transforms/test_nppi_copyConstBorder.cpp:88
Expected equality of these values:
  dstData[dstIdx]
    Which is: '\0'
  srcData[srcIdx]
    Which is: '\xDB' (219)
Source copy mismatch at dst(4,12) channel 2
]]></failure>
      <failure message="/home/cjxu/npp/test/unit/nppi/nppi_geometry_transforms/test_nppi_copyConstBorder.cpp:88&#x0A;Expected equality of these values:&#x0A;  dstData[dstIdx]&#x0A;    Which is: &apos;\0&apos;&#x0A;  srcData[srcIdx]&#x0A;    Which is: &apos;L&apos; (76, 0x4C)&#x0A;Source copy mismatch at dst(5,12) channel 0&#x0A;" type=""><![CDATA[/home/cjxu/npp/test/unit/nppi/nppi_geometry_transforms/test_nppi_copyConstBorder.cpp:88
Expected equality of these values:
  dstData[dstIdx]
    Which is: '\0'
  srcData[srcIdx]
    Which is: 'L' (76, 0x4C)
Source copy mismatch at dst(5,12) channel 0
]]></failure>
      <failure message="/home/cjxu/npp/test/unit/nppi/nppi_geometry_transforms/test_nppi_copyConstBorder.cpp:88&#x0A;Expected equality of these values:&#x0A;  dstData[dstIdx]&#x0A;    Which is: &apos;\0&apos;&#x0A;  srcData[srcIdx]&#x0A;    Which is: &apos;\xF2&apos; (242)&#x0A;Source copy mismatch at dst(5,12) channel 1&#x0A;" type=""><![CDATA[/home/cjxu/npp/test/unit/nppi/nppi_geometry_transforms/test_nppi_copyConstBorder.cpp:88
Expected equality of these values:
  dstData[dstIdx]
    Which is: '\0'
  srcData[srcIdx]
    Which is: '\xF2' (242)
Source copy mismatch at dst(5,12) channel 1
]]></failure>
      <failure message="/home/cjxu/npp/test/unit/nppi/nppi_geometry_transforms/test_nppi_copyConstBorder.cpp:88&#x0A;Expected equality of these values:&#x0A;  dstData[dstIdx]&#x0A;    Which is: &apos;\0&apos;&#x0A;  srcData[srcIdx]&#x0A;    Which is: &apos;\x84&apos; (132)&#x0A;Source copy mismatch at dst(5,12) channel 2&#x0A;" type=""><![CDATA[/home/cjxu/npp/test/unit/nppi/nppi_geometry_transforms/test_nppi_copyConstBorder.cpp:88
Expected equality of these values:
  dstData[dstIdx]
    Which is: '\0'
  srcData[srcIdx]
    Which is: '\x84' (132)
Source copy mismatch at dst(5,12) channel 2
]]></failure>
      <failure message="/home/cjxu/npp/test/unit/nppi/nppi_geometry_transforms/test_nppi_copyConstBorder.cpp:88&#x0A;Expected equality of these values:&#x0A;  dstData[dstIdx]&#x0A;    Which is: &apos;\0&apos;&#x0A;  srcData[srcIdx]&#x0A;    Which is: &apos;\x97&apos; (151)&#x0A;Source copy mismatch at dst(6,12) channel 0&#x0A;" type=""><![CDATA[/home/cjxu/npp/test/unit/nppi/nppi_geometry_transforms/test_nppi_copyConstBorder.cpp:88
Expected equality of these values:
  dstData[dstIdx]
    Which is: '\0'
  srcData[srcIdx]
    Which is: '\x97' (151)
Source copy mismatch at dst(6,12) channel 0
]]></failure>
      <failure message="/home/cjxu/npp/test/unit/nppi/nppi_geometry_transforms/test_nppi_copyConstBorder.cpp:88&#x0A;Expected equality of these values:&#x0A;  dstData[dstIdx]&#x0A;    Which is: &apos;\0&apos;&#x0A;  srcData[srcIdx]&#x0A;    Which is: &apos;s&apos; (115, 0x73)&#x0A;Source copy mismatch at dst(6,12) channel 1&#x0A;" type=""><![CDATA[/home/cjxu/npp/test/unit/nppi/nppi_geometry_transforms/test_nppi_copyConstBorder.cpp:88
Expected equality of these values:
  dstData[dstIdx]
    Which is: '\0'
  srcData[srcIdx]
    Which is: 's' (115, 0x73)
Source copy mismatch at dst(6,12) channel 1
]]></failure>
      <failure message="/home/cjxu/npp/test/unit/nppi/nppi_geometry_transforms/test_nppi_copyConstBorder.cpp:88&#x0A;Expected equality of these values:&#x0A;  dstData[dstIdx]&#x0A;    Which is: &apos;\0&apos;&#x0A;  srcData[srcIdx]&#x0A;    Which is: &apos;\xE9&apos; (233)&#x0A;Source copy mismatch at dst(6,12) channel 2&#x0A;" type=""><![CDATA[/home/cjxu/npp/test/unit/nppi/nppi_geometry_transforms/test_nppi_copyConstBorder.cpp:88
Expected equality of these values:
  dstData[dstIdx]
    Which is: '\0'
  srcData[srcIdx]
    Which is: '\xE9' (233)
Source copy mismatch at dst(6,12) channel 2
]]></failure>
      <failure message="/home/cjxu/npp/test/unit/nppi/nppi_geometry_transforms/test_nppi_copyConstBorder.cpp:88&#x0A;Expected equality of these values:&#x0A;  dstData[dstIdx]&#x0A;    Which is: &apos;\0&apos;&#x0A;  srcData[srcIdx]&#x0A;    Which is: &apos;\xB6&apos; (182)&#x0A;Source copy mismatch at dst(7,12) channel 0&#x0A;" type=""><![CDATA[/home/cjxu/npp/test/unit/nppi/nppi_geometry_transforms/test_nppi_copyConstBorder.cpp:88
Expected equality of these values:
  dstData[dstIdx]
    Which is: '\0'
  srcData[srcIdx]
    Which is: '\xB6' (182)
Source copy mismatch at dst(7,12) channel 0
]]></failure>
      <failure message="/home/cjxu/npp/test/unit/nppi/nppi_geometry_transforms/test_nppi_copyConstBorder.cpp:88&#x0A;Expected equality of these values:&#x0A;  dstData[dstIdx]&#x0A;    Which is: &apos;\0&apos;&#x0A;  srcData[srcIdx]&#x0A;    Which is: &apos;t&apos; (116, 0x74)&#x0A;Source copy mismatch at dst(7,12) channel 1&#x0A;" type=""><![CDATA[/home/cjxu/npp/test/unit/nppi/nppi_geometry_transforms/test_nppi_copyConstBorder.cpp:88
Expected equality of these values:
  dstData[dstIdx]
    Which is: '\0'
  srcData[srcIdx]
    Which is: 't' (116, 0x74)
Source copy mismatch at dst(7,12) channel 1
]]></failure>
      <failure message="/home/cjxu/npp/test/unit/nppi/nppi_geometry_transforms/test_nppi_copyConstBorder.cpp:88&#x0A;Expected equality of these values:&#x0A;  dstData[dstIdx]&#x0A;    Which is: &apos;\0&apos;&#x0A;  srcData[srcIdx]&#x0A;    Which is: &apos;\xB1&apos; (177)&#x0A;Source copy mismatch at dst(7,12) channel 2&#x0A;" type=""><![CDATA[/home/cjxu/npp/test/unit/nppi/nppi_geometry_transforms/test_nppi_copyConstBorder.cpp:88
Expected equality of these values:
  dstData[dstIdx]
    Which is: '\0'
  srcData[srcIdx]
    Which is: '\xB1' (177)
Source copy mismatch at dst(7,12) channel 2
]]></failure>
      <failure message="/home/cjxu/npp/test/unit/nppi/nppi_geometry_transforms/test_nppi_copyConstBorder.cpp:88&#x0A;Expected equality of these values:&#x0A;  dstData[dstIdx]&#x0A;    Which is: &apos;\0&apos;&#x0A;  srcData[srcIdx]&#x0A;    Which is: &apos;\xE0&apos; (224)&#x0A;Source copy mismatch at dst(8,12) channel 0&#x0A;" type=""><![CDATA[/home/cjxu/npp/test/unit/nppi/nppi_geometry_transforms/test_nppi_copyConstBorder.cpp:88
Expected equality of these values:
  dstData[dstIdx]
    Which is: '\0'
  srcData[srcIdx]
    Which is: '\xE0' (224)
Source copy mismatch at dst(8,12) channel 0
]]></failure>
      <failure message="/home/cjxu/npp/test/unit/nppi/nppi_geometry_transforms/test_nppi_copyConstBorder.cpp:88&#x0A;Expected equality of these values:&#x0A;  dstData[dstIdx]&#x0A;    Which is: &apos;\0&apos;&#x0A;  srcData[srcIdx]&#x0A;    Which is: &apos;\x96&apos; (150)&#x0A;Source copy mismatch at dst(8,12) channel 2&#x0A;" type=""><![CDATA[/home/cjxu/npp/test/unit/nppi/nppi_geometry_transforms/test_nppi_copyConstBorder.cpp:88
Expected equality of these values:
  dstData[dstIdx]
    Which is: '\0'
  srcData[srcIdx]
    Which is: '\x96' (150)
Source copy mismatch at dst(8,12) channel 2
]]></failure>
      <failure message="/home/cjxu/npp/test/unit/nppi/nppi_geometry_transforms/test_nppi_copyConstBorder.cpp:88&#x0A;Expected equality of these values:&#x0A;  dstData[dstIdx]&#x0A;    Which is: &apos;\0&apos;&#x0A;  srcData[srcIdx]&#x0A;    Which is: &apos;\\&apos; (92, 0x5C)&#x0A;Source copy mismatch at dst(9,12) channel 0&#x0A;" type=""><![CDATA[/home/cjxu/npp/test/unit/nppi/nppi_geometry_transforms/test_nppi_copyConstBorder.cpp:88
Expected equality of these values:
  dstData[dstIdx]
    Which is: '\0'
  srcData[srcIdx]
    Which is: '\\' (92, 0x5C)
Source copy mismatch at dst(9,12) channel 0
]]></failure>
      <failure message="/home/cjxu/npp/test/unit/nppi/nppi_geometry_transforms/test_nppi_copyConstBorder.cpp:88&#x0A;Expected equality of these values:&#x0A;  dstData[dstIdx]&#x0A;    Which is: &apos;\0&apos;&#x0A;  srcData[srcIdx]&#x0A;    Which is: &apos;\xAC&apos; (172)&#x0A;Source copy mismatch at dst(9,12) channel 1&#x0A;" type=""><![CDATA[/home/cjxu/npp/test/unit/nppi/nppi_geometry_transforms/test_nppi_copyConstBorder.cpp:88
Expected equality of these values:
  dstData[dstIdx]
    Which is: '\0'
  srcData[srcIdx]
    Which is: '\xAC' (172)
Source copy mismatch at dst(9,12) channel 1
]]></failure>
      <failure message="/home/cjxu/npp/test/unit/nppi/nppi_geometry_transforms/test_nppi_copyConstBorder.cpp:88&#x0A;Expected equality of these values:&#x0A;  dstData[dstIdx]&#x0A;    Which is: &apos;\0&apos;&#x0A;  srcData[srcIdx]&#x0A;    Which is: &apos;\x5&apos; (5)&#x0A;Source copy mismatch at dst(9,12) channel 2&#x0A;" type=""><![CDATA[/home/cjxu/npp/test/unit/nppi/nppi_geometry_transforms/test_nppi_copyConstBorder.cpp:88
Expected equality of these values:
  dstData[dstIdx]
    Which is: '\0'
  srcData[srcIdx]
    Which is: '\x5' (5)
Source copy mismatch at dst(9,12) channel 2
]]></failure>
      <failure message="/home/cjxu/npp/test/unit/nppi/nppi_geometry_transforms/test_nppi_copyConstBorder.cpp:88&#x0A;Expected equality of these values:&#x0A;  dstData[dstIdx]&#x0A;    Which is: &apos;\0&apos;&#x0A;  srcData[srcIdx]&#x0A;    Which is: &apos;\x8B&apos; (139)&#x0A;Source copy mismatch at dst(10,12) channel 0&#x0A;" type=""><![CDATA[/home/cjxu/npp/test/unit/nppi/nppi_geometry_transforms/test_nppi_copyConstBorder.cpp:88
Expected equality of these values:
  dstData[dstIdx]
    Which is: '\0'
  srcData[srcIdx]
    Which is: '\x8B' (139)
Source copy mismatch at dst(10,12) channel 0
]]></failure>
      <failure message="/home/cjxu/npp/test/unit/nppi/nppi_geometry_transforms/test_nppi_copyConstBorder.cpp:88&#x0A;Expected equality of these values:&#x0A;  dstData[dstIdx]&#x0A;    Which is: &apos;\0&apos;&#x0A;  srcData[srcIdx]&#x0A;    Which is: &apos;}&apos; (125, 0x7D)&#x0A;Source copy mismatch at dst(10,12) channel 1&#x0A;" type=""><![CDATA[/home/cjxu/npp/test/unit/nppi/nppi_geometry_transforms/test_nppi_copyConstBorder.cpp:88
Expected equality of these values:
  dstData[dstIdx]
    Which is: '\0'
  srcData[srcIdx]
    Which is: '}' (125, 0x7D)
Source copy mismatch at dst(10,12) channel 1
]]></failure>
      <failure message="/home/cjxu/npp/test/unit/nppi/nppi_geometry_transforms/test_nppi_copyConstBorder.cpp:88&#x0A;Expected equality of these values:&#x0A;  dstData[dstIdx]&#x0A;    Which is: &apos;\0&apos;&#x0A;  srcData[srcIdx]&#x0A;    Which is: &apos;#&apos; (35, 0x23)&#x0A;Source copy mismatch at dst(10,12) channel 2&#x0A;" type=""><![CDATA[/home/cjxu/npp/test/unit/nppi/nppi_geometry_transforms/test_nppi_copyConstBorder.cpp:88
Expected equality of these values:
  dstData[dstIdx]
    Which is: '\0'
  srcData[srcIdx]
    Which is: '#' (35, 0x23)
Source copy mismatch at dst(10,12) channel 2
]]></failure>
      <failure message="/home/cjxu/npp/test/unit/nppi/nppi_geometry_transforms/test_nppi_copyConstBorder.cpp:88&#x0A;Expected equality of these values:&#x0A;  dstData[dstIdx]&#x0A;    Which is: &apos;\0&apos;&#x0A;  srcData[srcIdx]&#x0A;    Which is: &apos;%&apos; (37, 0x25)&#x0A;Source copy mismatch at dst(11,12) channel 0&#x0A;" type=""><![CDATA[/home/cjxu/npp/test/unit/nppi/nppi_geometry_transforms/test_nppi_copyConstBorder.cpp:88
Expected equality of these values:
  dstData[dstIdx]
    Which is: '\0'
  srcData[srcIdx]
    Which is: '%' (37, 0x25)
Source copy mismatch at dst(11,12) channel 0
]]></failure>
      <failure message="/home/cjxu/npp/test/unit/nppi/nppi_geometry_transforms/test_nppi_copyConstBorder.cpp:88&#x0A;Expected equality of these values:&#x0A;  dstData[dstIdx]&#x0A;    Which is: &apos;\0&apos;&#x0A;  srcData[srcIdx]&#x0A;    Which is: &apos;2&apos; (50, 0x32)&#x0A;Source copy mismatch at dst(11,12) channel 1&#x0A;" type=""><![CDATA[/home/cjxu/npp/test/unit/nppi/nppi_geometry_transforms/test_nppi_copyConstBorder.cpp:88
Expected equality of these values:
  dstData[dstIdx]
    Which is: '\0'
  srcData[srcIdx]
    Which is: '2' (50, 0x32)
Source copy mismatch at dst(11,12) channel 1
]]></failure>
      <failure message="/home/cjxu/npp/test/unit/nppi/nppi_geometry_transforms/test_nppi_copyConstBorder.cpp:88&#x0A;Expected equality of these values:&#x0A;  dstData[dstIdx]&#x0A;    Which is: &apos;\0&apos;&#x0A;  srcData[srcIdx]&#x0A;    Which is: &apos;:&apos; (58, 0x3A)&#x0A;Source copy mismatch at dst(11,12) channel 2&#x0A;" type=""><![CDATA[/home/cjxu/npp/test/unit/nppi/nppi_geometry_transforms/test_nppi_copyConstBorder.cpp:88
Expected equality of these values:
  dstData[dstIdx]
    Which is: '\0'
  srcData[srcIdx]
    Which is: ':' (58, 0x3A)
Source copy mismatch at dst(11,12) channel 2
]]></failure>
      <failure message="/home/cjxu/npp/test/unit/nppi/nppi_geometry_transforms/test_nppi_copyConstBorder.cpp:88&#x0A;Expected equality of these values:&#x0A;  dstData[dstIdx]&#x0A;    Which is: &apos;\0&apos;&#x0A;  srcData[srcIdx]&#x0A;    Which is: &apos;}&apos; (125, 0x7D)&#x0A;Source copy mismatch at dst(12,12) channel 0&#x0A;" type=""><![CDATA[/home/cjxu/npp/test/unit/nppi/nppi_geometry_transforms/test_nppi_copyConstBorder.cpp:88
Expected equality of these values:
  dstData[dstIdx]
    Which is: '\0'
  srcData[srcIdx]
    Which is: '}' (125, 0x7D)
Source copy mismatch at dst(12,12) channel 0
]]></failure>
      <failure message="/home/cjxu/npp/test/unit/nppi/nppi_geometry_transforms/test_nppi_copyConstBorder.cpp:88&#x0A;Expected equality of these values:&#x0A;  dstData[dstIdx]&#x0A;    Which is: &apos;\0&apos;&#x0A;  srcData[srcIdx]&#x0A;    Which is: &apos;\xA3&apos; (163)&#x0A;Source copy mismatch at dst(12,12) channel 1&#x0A;" type=""><![CDATA[/home/cjxu/npp/test/unit/nppi/nppi_geometry_transforms/test_nppi_copyConstBorder.cpp:88
Expected equality of these values:
  dstData[dstIdx]
    Which is: '\0'
  srcData[srcIdx]
    Which is: '\xA3' (163)
Source copy mismatch at dst(12,12) channel 1
]]></failure>
      <failure message="/home/cjxu/npp/test/unit/nppi/nppi_geometry_transforms/test_nppi_copyConstBorder.cpp:88&#x0A;Expected equality of these values:&#x0A;  dstData[dstIdx]&#x0A;    Which is: &apos;\0&apos;&#x0A;  srcData[srcIdx]&#x0A;    Which is: &apos;y&apos; (121, 0x79)&#x0A;Source copy mismatch at dst(12,12) channel 2&#x0A;" type=""><![CDATA[/home/cjxu/npp/test/unit/nppi/nppi_geometry_transforms/test_nppi_copyConstBorder.cpp:88
Expected equality of these values:
  dstData[dstIdx]
    Which is: '\0'
  srcData[srcIdx]
    Which is: 'y' (121, 0x79)
Source copy mismatch at dst(12,12) channel 2
]]></failure>
      <failure message="/home/cjxu/npp/test/unit/nppi/nppi_geometry_transforms/test_nppi_copyConstBorder.cpp:88&#x0A;Expected equality of these values:&#x0A;  dstData[dstIdx]&#x0A;    Which is: &apos;\0&apos;&#x0A;  srcData[srcIdx]&#x0A;    Which is: &apos;}&apos; (125, 0x7D)&#x0A;Source copy mismatch at dst(13,12) channel 0&#x0A;" type=""><![CDATA[/home/cjxu/npp/test/unit/nppi/nppi_geometry_transforms/test_nppi_copyConstBorder.cpp:88
Expected equality of these values:
  dstData[dstIdx]
    Which is: '\0'
  srcData[srcIdx]
    Which is: '}' (125, 0x7D)
Source copy mismatch at dst(13,12) channel 0
]]></failure>
      <failure message="/home/cjxu/npp/test/unit/nppi/nppi_geometry_transforms/test_nppi_copyConstBorder.cpp:88&#x0A;Expected equality of these values:&#x0A;  dstData[dstIdx]&#x0A;    Which is: &apos;\0&apos;&#x0A;  srcData[srcIdx]&#x0A;    Which is: &apos;\xCA&apos; (202)&#x0A;Source copy mismatch at dst(13,12) channel 1&#x0A;" type=""><![CDATA[/home/cjxu/npp/test/unit/nppi/nppi_geometry_transforms/test_nppi_copyConstBorder.cpp:88
Expected equality of these values:
  dstData[dstIdx]
    Which is: '\0'
  srcData[srcIdx]
    Which is: '\xCA' (202)
Source copy mismatch at dst(13,12) channel 1
]]></failure>
      <failure message="/home/cjxu/npp/test/unit/nppi/nppi_geometry_transforms/test_nppi_copyConstBorder.cpp:88&#x0A;Expected equality of these values:&#x0A;  dstData[dstIdx]&#x0A;    Which is: &apos;\0&apos;&#x0A;  srcData[srcIdx]&#x0A;    Which is: &apos;(&apos; (40, 0x28)&#x0A;Source copy mismatch at dst(13,12) channel 2&#x0A;" type=""><![CDATA[/home/cjxu/npp/test/unit/nppi/nppi_geometry_transforms/test_nppi_copyConstBorder.cpp:88
Expected equality of these values:
  dstData[dstIdx]
    Which is: '\0'
  srcData[srcIdx]
    Which is: '(' (40, 0x28)
Source copy mismatch at dst(13,12) channel 2
]]></failure>
      <failure message="/home/cjxu/npp/test/unit/nppi/nppi_geometry_transforms/test_nppi_copyConstBorder.cpp:88&#x0A;Expected equality of these values:&#x0A;  dstData[dstIdx]&#x0A;    Which is: &apos;\0&apos;&#x0A;  srcData[srcIdx]&#x0A;    Which is: &apos;\xE0&apos; (224)&#x0A;Source copy mismatch at dst(14,12) channel 0&#x0A;" type=""><![CDATA[/home/cjxu/npp/test/unit/nppi/nppi_geometry_transforms/test_nppi_copyConstBorder.cpp:88
Expected equality of these values:
  dstData[dstIdx]
    Which is: '\0'
  srcData[srcIdx]
    Which is: '\xE0' (224)
Source copy mismatch at dst(14,12) channel 0
]]></failure>
      <failure message="/home/cjxu/npp/test/unit/nppi/nppi_geometry_transforms/test_nppi_copyConstBorder.cpp:88&#x0A;Expected equality of these values:&#x0A;  dstData[dstIdx]&#x0A;    Which is: &apos;\0&apos;&#x0A;  srcData[srcIdx]&#x0A;    Which is: &apos;R&apos; (82, 0x52)&#x0A;Source copy mismatch at dst(14,12) channel 1&#x0A;" type=""><![CDATA[/home/cjxu/npp/test/unit/nppi/nppi_geometry_transforms/test_nppi_copyConstBorder.cpp:88
Expected equality of these values:
  dstData[dstIdx]
    Which is: '\0'
  srcData[srcIdx]
    Which is: 'R' (82, 0x52)
Source copy mismatch at dst(14,12) channel 1
]]></failure>
      <failure message="/home/cjxu/npp/test/unit/nppi/nppi_geometry_transforms/test_nppi_copyConstBorder.cpp:88&#x0A;Expected equality of these values:&#x0A;  dstData[dstIdx]&#x0A;    Which is: &apos;\0&apos;&#x0A;  srcData[srcIdx]&#x0A;    Which is: &apos;+&apos; (43, 0x2B)&#x0A;Source copy mismatch at dst(14,12) channel 2&#x0A;" type=""><![CDATA[/home/cjxu/npp/test/unit/nppi/nppi_geometry_transforms/test_nppi_copyConstBorder.cpp:88
Expected equality of these values:
  dstData[dstIdx]
    Which is: '\0'
  srcData[srcIdx]
    Which is: '+' (43, 0x2B)
Source copy mismatch at dst(14,12) channel 2
]]></failure>
      <failure message="/home/cjxu/npp/test/unit/nppi/nppi_geometry_transforms/test_nppi_copyConstBorder.cpp:88&#x0A;Expected equality of these values:&#x0A;  dstData[dstIdx]&#x0A;    Which is: &apos;\0&apos;&#x0A;  srcData[srcIdx]&#x0A;    Which is: &apos;\xBB&apos; (187)&#x0A;Source copy mismatch at dst(15,12) channel 0&#x0A;" type=""><![CDATA[/home/cjxu/npp/test/unit/nppi/nppi_geometry_transforms/test_nppi_copyConstBorder.cpp:88
Expected equality of these values:
  dstData[dstIdx]
    Which is: '\0'
  srcData[srcIdx]
    Which is: '\xBB' (187)
Source copy mismatch at dst(15,12) channel 0
]]></failure>
      <failure message="/home/cjxu/npp/test/unit/nppi/nppi_geometry_transforms/test_nppi_copyConstBorder.cpp:88&#x0A;Expected equality of these values:&#x0A;  dstData[dstIdx]&#x0A;    Which is: &apos;\0&apos;&#x0A;  srcData[srcIdx]&#x0A;    Which is: &apos;\x9E&apos; (158)&#x0A;Source copy mismatch at dst(15,12) channel 1&#x0A;" type=""><![CDATA[/home/cjxu/npp/test/unit/nppi/nppi_geometry_transforms/test_nppi_copyConstBorder.cpp:88
Expected equality of these values:
  dstData[dstIdx]
    Which is: '\0'
  srcData[srcIdx]
    Which is: '\x9E' (158)
Source copy mismatch at dst(15,12) channel 1
]]></failure>
      <failure message="/home/cjxu/npp/test/unit/nppi/nppi_geometry_transforms/test_nppi_copyConstBorder.cpp:88&#x0A;Expected equality of these values:&#x0A;  dstData[dstIdx]&#x0A;    Which is: &apos;\0&apos;&#x0A;  srcData[srcIdx]&#x0A;    Which is: &apos;\x1E&apos; (30)&#x0A;Source copy mismatch at dst(15,12) channel 2&#x0A;" type=""><![CDATA[/home/cjxu/npp/test/unit/nppi/nppi_geometry_transforms/test_nppi_copyConstBorder.cpp:88
Expected equality of these values:
  dstData[dstIdx]
    Which is: '\0'
  srcData[srcIdx]
    Which is: '\x1E' (30)
Source copy mismatch at dst(15,12) channel 2
]]></failure>
      <failure message="/home/cjxu/npp/test/unit/nppi/nppi_geometry_transforms/test_nppi_copyConstBorder.cpp:88&#x0A;Expected equality of these values:&#x0A;  dstData[dstIdx]&#x0A;    Which is: &apos;\0&apos;&#x0A;  srcData[srcIdx]&#x0A;    Which is: &apos;?&apos; (63, 0x3F)&#x0A;Source copy mismatch at dst(16,12) channel 0&#x0A;" type=""><![CDATA[/home/cjxu/npp/test/unit/nppi/nppi_geometry_transforms/test_nppi_copyConstBorder.cpp:88
Expected equality of these values:
  dstData[dstIdx]
    Which is: '\0'
  srcData[srcIdx]
    Which is: '?' (63, 0x3F)
Source copy mismatch at dst(16,12) channel 0
]]></failure>
      <failure message="/home/cjxu/npp/test/unit/nppi/nppi_geometry_transforms/test_nppi_copyConstBorder.cpp:88&#x0A;Expected equality of these values:&#x0A;  dstData[dstIdx]&#x0A;    Which is: &apos;\0&apos;&#x0A;  srcData[srcIdx]&#x0A;    Which is: &apos;5&apos; (53, 0x35)&#x0A;Source copy mismatch at dst(16,12) channel 1&#x0A;" type=""><![CDATA[/home/cjxu/npp/test/unit/nppi/nppi_geometry_transforms/test_nppi_copyConstBorder.cpp:88
Expected equality of these values:
  dstData[dstIdx]
    Which is: '\0'
  srcData[srcIdx]
    Which is: '5' (53, 0x35)
Source copy mismatch at dst(16,12) channel 1
]]></failure>
      <failure message="/home/cjxu/npp/test/unit/nppi/nppi_geometry_transforms/test_nppi_copyConstBorder.cpp:88&#x0A;Expected equality of these values:&#x0A;  dstData[dstIdx]&#x0A;    Which is: &apos;\0&apos;&#x0A;  srcData[srcIdx]&#x0A;    Which is: &apos;\x91&apos; (145)&#x0A;Source copy mismatch at dst(16,12) channel 2&#x0A;" type=""><![CDATA[/home/cjxu/npp/test/unit/nppi/nppi_geometry_transforms/test_nppi_copyConstBorder.cpp:88
Expected equality of these values:
  dstData[dstIdx]
    Which is: '\0'
  srcData[srcIdx]
    Which is: '\x91' (145)
Source copy mismatch at dst(16,12) channel 2
]]></failure>
      <failure message="/home/cjxu/npp/test/unit/nppi/nppi_geometry_transforms/test_nppi_copyConstBorder.cpp:88&#x0A;Expected equality of these values:&#x0A;  dstData[dstIdx]&#x0A;    Which is: &apos;\0&apos;&#x0A;  srcData[srcIdx]&#x0A;    Which is: &apos;(&apos; (40, 0x28)&#x0A;Source copy mismatch at dst(17,12) channel 0&#x0A;" type=""><![CDATA[/home/cjxu/npp/test/unit/nppi/nppi_geometry_transforms/test_nppi_copyConstBorder.cpp:88
Expected equality of these values:
  dstData[dstIdx]
    Which is: '\0'
  srcData[srcIdx]
    Which is: '(' (40, 0x28)
Source copy mismatch at dst(17,12) channel 0
]]></failure>
      <failure message="/home/cjxu/npp/test/unit/nppi/nppi_geometry_transforms/test_nppi_copyConstBorder.cpp:88&#x0A;Expected equality of these values:&#x0A;  dstData[dstIdx]&#x0A;    Which is: &apos;\0&apos;&#x0A;  srcData[srcIdx]&#x0A;    Which is: &apos;\xEB&apos; (235)&#x0A;Source copy mismatch at dst(17,12) channel 1&#x0A;" type=""><![CDATA[/home/cjxu/npp/test/unit/nppi/nppi_geometry_transforms/test_nppi_copyConstBorder.cpp:88
Expected equality of these values:
  dstData[dstIdx]
    Which is: '\0'
  srcData[srcIdx]
    Which is: '\xEB' (235)
Source copy mismatch at dst(17,12) channel 1
]]></failure>
      <failure message="/home/cjxu/npp/test/unit/nppi/nppi_geometry_transforms/test_nppi_copyConstBorder.cpp:88&#x0A;Expected equality of these values:&#x0A;  dstData[dstIdx]&#x0A;    Which is: &apos;\0&apos;&#x0A;  srcData[srcIdx]&#x0A;    Which is: &apos;\x6&apos; (6)&#x0A;Source copy mismatch at dst(17,12) channel 2&#x0A;" type=""><![CDATA[/home/cjxu/npp/test/unit/nppi/nppi_geometry_transforms/test_nppi_copyConstBorder.cpp:88
Expected equality of these values:
  dstData[dstIdx]
    Which is: '\0'
  srcData[srcIdx]
    Which is: '\x6' (6)
Source copy mismatch at dst(17,12) channel 2
]]></failure>
      <failure message="/home/cjxu/npp/test/unit/nppi/nppi_geometry_transforms/test_nppi_copyConstBorder.cpp:88&#x0A;Expected equality of these values:&#x0A;  dstData[dstIdx]&#x0A;    Which is: &apos;\0&apos;&#x0A;  srcData[srcIdx]&#x0A;    Which is: &apos;\xDA&apos; (218)&#x0A;Source copy mismatch at dst(18,12) channel 0&#x0A;" type=""><![CDATA[/home/cjxu/npp/test/unit/nppi/nppi_geometry_transforms/test_nppi_copyConstBorder.cpp:88
Expected equality of these values:
  dstData[dstIdx]
    Which is: '\0'
  srcData[srcIdx]
    Which is: '\xDA' (218)
Source copy mismatch at dst(18,12) channel 0
]]></failure>
      <failure message="/home/cjxu/npp/test/unit/nppi/nppi_geometry_transforms/test_nppi_copyConstBorder.cpp:88&#x0A;Expected equality of these values:&#x0A;  dstData[dstIdx]&#x0A;    Which is: &apos;\0&apos;&#x0A;  srcData[srcIdx]&#x0A;    Which is: &apos;\xCB&apos; (203)&#x0A;Source copy mismatch at dst(18,12) channel 1&#x0A;" type=""><![CDATA[/home/cjxu/npp/test/unit/nppi/nppi_geometry_transforms/test_nppi_copyConstBorder.cpp:88
Expected equality of these values:
  dstData[dstIdx]
    Which is: '\0'
  srcData[srcIdx]
    Which is: '\xCB' (203)
Source copy mismatch at dst(18,12) channel 1
]]></failure>
      <failure message="/home/cjxu/npp/test/unit/nppi/nppi_geometry_transforms/test_nppi_copyConstBorder.cpp:88&#x0A;Expected equality of these values:&#x0A;  dstData[dstIdx]&#x0A;    Which is: &apos;\0&apos;&#x0A;  srcData[srcIdx]&#x0A;    Which is: &apos;\x6&apos; (6)&#x0A;Source copy mismatch at dst(18,12) channel 2&#x0A;" type=""><![CDATA[/home/cjxu/npp/test/unit/nppi/nppi_geometry_transforms/test_nppi_copyConstBorder.cpp:88
Expected equality of these values:
  dstData[dstIdx]
    Which is: '\0'
  srcData[srcIdx]
    Which is: '\x6' (6)
Source copy mismatch at dst(18,12) channel 2
]]></failure>
      <failure message="/home/cjxu/npp/test/unit/nppi/nppi_geometry_transforms/test_nppi_copyConstBorder.cpp:95&#x0A;Expected equality of these values:&#x0A;  dstData[dstIdx]&#x0A;    Which is: &apos;\0&apos;&#x0A;  borderValues[c]&#x0A;    Which is: &apos;d&apos; (100, 0x64)&#x0A;Border value mismatch at (19,12) channel 0&#x0A;" type=""><![CDATA[/home/cjxu/npp/test/unit/nppi/nppi_geometry_transforms/test_nppi_copyConstBorder.cpp:95
Expected equality of these values:
  dstData[dstIdx]
    Which is: '\0'
  borderValues[c]
    Which is: 'd' (100, 0x64)
Border value mismatch at (19,12) channel 0
]]></failure>
      <failure message="/home/cjxu/npp/test/unit/nppi/nppi_geometry_transforms/test_nppi_copyConstBorder.cpp:95&#x0A;Expected equality of these values:&#x0A;  dstData[dstIdx]&#x0A;    Which is: &apos;\0&apos;&#x0A;  borderValues[c]&#x0A;    Which is: &apos;\x96&apos; (150)&#x0A;Border value mismatch at (19,12) channel 1&#x0A;" type=""><![CDATA[/home/cjxu/npp/test/unit/nppi/nppi_geometry_transforms/test_nppi_copyConstBorder.cpp:95
Expected equality of these values:
  dstData[dstIdx]
    Which is: '\0'
  borderValues[c]
    Which is: '\x96' (150)
Border value mismatch at (19,12) channel 1
]]></failure>
      <failure message="/home/cjxu/npp/test/unit/nppi/nppi_geometry_transforms/test_nppi_copyConstBorder.cpp:95&#x0A;Expected equality of these values:&#x0A;  dstData[dstIdx]&#x0A;    Which is: &apos;\0&apos;&#x0A;  borderValues[c]&#x0A;    Which is: &apos;\xC8&apos; (200)&#x0A;Border value mismatch at (19,12) channel 2&#x0A;" type=""><![CDATA[/home/cjxu/npp/test/unit/nppi/nppi_geometry_transforms/test_nppi_copyConstBorder.cpp:95
Expected equality of these values:
  dstData[dstIdx]
    Which is: '\0'
  borderValues[c]
    Which is: '\xC8' (200)
Border value mismatch at (19,12) channel 2
]]></failure>
      <failure message="/home/cjxu/npp/test/unit/nppi/nppi_geometry_transforms/test_nppi_copyConstBorder.cpp:95&#x0A;Expected equality of these values:&#x0A;  dstData[dstIdx]&#x0A;    Which is: &apos;\0&apos;&#x0A;  borderValues[c]&#x0A;    Which is: &apos;d&apos; (100, 0x64)&#x0A;Border value mismatch at (20,12) channel 0&#x0A;" type=""><![CDATA[/home/cjxu/npp/test/unit/nppi/nppi_geometry_transforms/test_nppi_copyConstBorder.cpp:95
Expected equality of these values:
  dstData[dstIdx]
    Which is: '\0'
  borderValues[c]
    Which is: 'd' (100, 0x64)
Border value mismatch at (20,12) channel 0
]]></failure>
      <failure message="/home/cjxu/npp/test/unit/nppi/nppi_geometry_transforms/test_nppi_copyConstBorder.cpp:95&#x0A;Expected equality of these values:&#x0A;  dstData[dstIdx]&#x0A;    Which is: &apos;\0&apos;&#x0A;  borderValues[c]&#x0A;    Which is: &apos;\x96&apos; (150)&#x0A;Border value mismatch at (20,12) channel 1&#x0A;" type=""><![CDATA[/home/cjxu/npp/test/unit/nppi/nppi_geometry_transforms/test_nppi_copyConstBorder.cpp:95
Expected equality of these values:
  dstData[dstIdx]
    Which is: '\0'
  borderValues[c]
    Which is: '\x96' (150)
Border value mismatch at (20,12) channel 1
]]></failure>
      <failure message="/home/cjxu/npp/test/unit/nppi/nppi_geometry_transforms/test_nppi_copyConstBorder.cpp:95&#x0A;Expected equality of these values:&#x0A;  dstData[dstIdx]&#x0A;    Which is: &apos;\0&apos;&#x0A;  borderValues[c]&#x0A;    Which is: &apos;\xC8&apos; (200)&#x0A;Border value mismatch at (20,12) channel 2&#x0A;" type=""><![CDATA[/home/cjxu/npp/test/unit/nppi/nppi_geometry_transforms/test_nppi_copyConstBorder.cpp:95
Expected equality of these values:
  dstData[dstIdx]
    Which is: '\0'
  borderValues[c]
    Which is: '\xC8' (200)
Border value mismatch at (20,12) channel 2
]]></failure>
      <failure message="/home/cjxu/npp/test/unit/nppi/nppi_geometry_transforms/test_nppi_copyConstBorder.cpp:95&#x0A;Expected equality of these values:&#x0A;  dstData[dstIdx]&#x0A;    Which is: &apos;\0&apos;&#x0A;  borderValues[c]&#x0A;    Which is: &apos;d&apos; (100, 0x64)&#x0A;Border value mismatch at (21,12) channel 0&#x0A;" type=""><![CDATA[/home/cjxu/npp/test/unit/nppi/nppi_geometry_transforms/test_nppi_copyConstBorder.cpp:95
Expected equality of these values:
  dstData[dstIdx]
    Which is: '\0'
  borderValues[c]
    Which is: 'd' (100, 0x64)
Border value mismatch at (21,12) channel 0
]]></failure>
      <failure message="/home/cjxu/npp/test/unit/nppi/nppi_geometry_transforms/test_nppi_copyConstBorder.cpp:95&#x0A;Expected equality of these values:&#x0A;  dstData[dstIdx]&#x0A;    Which is: &apos;\0&apos;&#x0A;  borderValues[c]&#x0A;    Which is: &apos;\x96&apos; (150)&#x0A;Border value mismatch at (21,12) channel 1&#x0A;" type=""><![CDATA[/home/cjxu/npp/test/unit/nppi/nppi_geometry_transforms/test_nppi_copyConstBorder.cpp:95
Expected equality of these values:
  dstData[dstIdx]
    Which is: '\0'
  borderValues[c]
    Which is: '\x96' (150)
Border value mismatch at (21,12) channel 1
]]></failure>
      <failure message="/home/cjxu/npp/test/unit/nppi/nppi_geometry_transforms/test_nppi_copyConstBorder.cpp:95&#x0A;Expected equality of these values:&#x0A;  dstData[dstIdx]&#x0A;    Which is: &apos;\0&apos;&#x0A;  borderValues[c]&#x0A;    Which is: &apos;\xC8&apos; (200)&#x0A;Border value mismatch at (21,12) channel 2&#x0A;" type=""><![CDATA[/home/cjxu/npp/test/unit/nppi/nppi_geometry_transforms/test_nppi_copyConstBorder.cpp:95
Expected equality of these values:
  dstData[dstIdx]
    Which is: '\0'
  borderValues[c]
    Which is: '\xC8' (200)
Border value mismatch at (21,12) channel 2
]]></failure>
      <failure message="/home/cjxu/npp/test/unit/nppi/nppi_geometry_transforms/test_nppi_copyConstBorder.cpp:95&#x0A;Expected equality of these values:&#x0A;  dstData[dstIdx]&#x0A;    Which is: &apos;\0&apos;&#x0A;  borderValues[c]&#x0A;    Which is: &apos;d&apos; (100, 0x64)&#x0A;Border value mismatch at (22,12) channel 0&#x0A;" type=""><![CDATA[/home/cjxu/npp/test/unit/nppi/nppi_geometry_transforms/test_nppi_copyConstBorder.cpp:95
Expected equality of these values:
  dstData[dstIdx]
    Which is: '\0'
  borderValues[c]
    Which is: 'd' (100, 0x64)
Border value mismatch at (22,12) channel 0
]]></failure>
      <failure message="/home/cjxu/npp/test/unit/nppi/nppi_geometry_transforms/test_nppi_copyConstBorder.cpp:95&#x0A;Expected equality of these values:&#x0A;  dstData[dstIdx]&#x0A;    Which is: &apos;\0&apos;&#x0A;  borderValues[c]&#x0A;    Which is: &apos;\x96&apos; (150)&#x0A;Border value mismatch at (22,12) channel 1&#x0A;" type=""><![CDATA[/home/cjxu/npp/test/unit/nppi/nppi_geometry_transforms/test_nppi_copyConstBorder.cpp:95
Expected equality of these values:
  dstData[dstIdx]
    Which is: '\0'
  borderValues[c]
    Which is: '\x96' (150)
Border value mismatch at (22,12) channel 1
]]></failure>
      <failure message="/home/cjxu/npp/test/unit/nppi/nppi_geometry_transforms/test_nppi_copyConstBorder.cpp:95&#x0A;Expected equality of these values:&#x0A;  dstData[dstIdx]&#x0A;    Which is: &apos;\0&apos;&#x0A;  borderValues[c]&#x0A;    Which is: &apos;\xC8&apos; (200)&#x0A;Border value mismatch at (22,12) channel 2&#x0A;" type=""><![CDATA[/home/cjxu/npp/test/unit/nppi/nppi_geometry_transforms/test_nppi_copyConstBorder.cpp:95
Expected equality of these values:
  dstData[dstIdx]
    Which is: '\0'
  borderValues[c]
    Which is: '\xC8' (200)
Border value mismatch at (22,12) channel 2
]]></failure>
      <failure message="/home/cjxu/npp/test/unit/nppi/nppi_geometry_transforms/test_nppi_copyConstBorder.cpp:95&#x0A;Expected equality of these values:&#x0A;  dstData[dstIdx]&#x0A;    Which is: &apos;\0&apos;&#x0A;  borderValues[c]&#x0A;    Which is: &apos;d&apos; (100, 0x64)&#x0A;Border value mismatch at (23,12) channel 0&#x0A;" type=""><![CDATA[/home/cjxu/npp/test/unit/nppi/nppi_geometry_transforms/test_nppi_copyConstBorder.cpp:95
Expected equality of these values:
  dstData[dstIdx]
    Which is: '\0'
  borderValues[c]
    Which is: 'd' (100, 0x64)
Border value mismatch at (23,12) channel 0
]]></failure>
      <failure message="/home/cjxu/npp/test/unit/nppi/nppi_geometry_transforms/test_nppi_copyConstBorder.cpp:95&#x0A;Expected equality of these values:&#x0A;  dstData[dstIdx]&#x0A;    Which is: &apos;\0&apos;&#x0A;  borderValues[c]&#x0A;    Which is: &apos;\x96&apos; (150)&#x0A;Border value mismatch at (23,12) channel 1&#x0A;" type=""><![CDATA[/home/cjxu/npp/test/unit/nppi/nppi_geometry_transforms/test_nppi_copyConstBorder.cpp:95
Expected equality of these values:
  dstData[dstIdx]
    Which is: '\0'
  borderValues[c]
    Which is: '\x96' (150)
Border value mismatch at (23,12) channel 1
]]></failure>
      <failure message="/home/cjxu/npp/test/unit/nppi/nppi_geometry_transforms/test_nppi_copyConstBorder.cpp:95&#x0A;Expected equality of these values:&#x0A;  dstData[dstIdx]&#x0A;    Which is: &apos;\0&apos;&#x0A;  borderValues[c]&#x0A;    Which is: &apos;\xC8&apos; (200)&#x0A;Border value mismatch at (23,12) channel 2&#x0A;" type=""><![CDATA[/home/cjxu/npp/test/unit/nppi/nppi_geometry_transforms/test_nppi_copyConstBorder.cpp:95
Expected equality of these values:
  dstData[dstIdx]
    Which is: '\0'
  borderValues[c]
    Which is: '\xC8' (200)
Border value mismatch at (23,12) channel 2
]]></failure>
      <failure message="/home/cjxu/npp/test/unit/nppi/nppi_geometry_transforms/test_nppi_copyConstBorder.cpp:95&#x0A;Expected equality of these values:&#x0A;  dstData[dstIdx]&#x0A;    Which is: &apos;\0&apos;&#x0A;  borderValues[c]&#x0A;    Which is: &apos;d&apos; (100, 0x64)&#x0A;Border value mismatch at (0,13) channel 0&#x0A;" type=""><![CDATA[/home/cjxu/npp/test/unit/nppi/nppi_geometry_transforms/test_nppi_copyConstBorder.cpp:95
Expected equality of these values:
  dstData[dstIdx]
    Which is: '\0'
  borderValues[c]
    Which is: 'd' (100, 0x64)
Border value mismatch at (0,13) channel 0
]]></failure>
      <failure message="/home/cjxu/npp/test/unit/nppi/nppi_geometry_transforms/test_nppi_copyConstBorder.cpp:95&#x0A;Expected equality of these values:&#x0A;  dstData[dstIdx]&#x0A;    Which is: &apos;\0&apos;&#x0A;  borderValues[c]&#x0A;    Which is: &apos;\x96&apos; (150)&#x0A;Border value mismatch at (0,13) channel 1&#x0A;" type=""><![CDATA[/home/cjxu/npp/test/unit/nppi/nppi_geometry_transforms/test_nppi_copyConstBorder.cpp:95
Expected equality of these values:
  dstData[dstIdx]
    Which is: '\0'
  borderValues[c]
    Which is: '\x96' (150)
Border value mismatch at (0,13) channel 1
]]></failure>
      <failure message="/home/cjxu/npp/test/unit/nppi/nppi_geometry_transforms/test_nppi_copyConstBorder.cpp:95&#x0A;Expected equality of these values:&#x0A;  dstData[dstIdx]&#x0A;    Which is: &apos;\0&apos;&#x0A;  borderValues[c]&#x0A;    Which is: &apos;\xC8&apos; (200)&#x0A;Border value mismatch at (0,13) channel 2&#x0A;" type=""><![CDATA[/home/cjxu/npp/test/unit/nppi/nppi_geometry_transforms/test_nppi_copyConstBorder.cpp:95
Expected equality of these values:
  dstData[dstIdx]
    Which is: '\0'
  borderValues[c]
    Which is: '\xC8' (200)
Border value mismatch at (0,13) channel 2
]]></failure>
      <failure message="/home/cjxu/npp/test/unit/nppi/nppi_geometry_transforms/test_nppi_copyConstBorder.cpp:95&#x0A;Expected equality of these values:&#x0A;  dstData[dstIdx]&#x0A;    Which is: &apos;\0&apos;&#x0A;  borderValues[c]&#x0A;    Which is: &apos;d&apos; (100, 0x64)&#x0A;Border value mismatch at (1,13) channel 0&#x0A;" type=""><![CDATA[/home/cjxu/npp/test/unit/nppi/nppi_geometry_transforms/test_nppi_copyConstBorder.cpp:95
Expected equality of these values:
  dstData[dstIdx]
    Which is: '\0'
  borderValues[c]
    Which is: 'd' (100, 0x64)
Border value mismatch at (1,13) channel 0
]]></failure>
      <failure message="/home/cjxu/npp/test/unit/nppi/nppi_geometry_transforms/test_nppi_copyConstBorder.cpp:95&#x0A;Expected equality of these values:&#x0A;  dstData[dstIdx]&#x0A;    Which is: &apos;\0&apos;&#x0A;  borderValues[c]&#x0A;    Which is: &apos;\x96&apos; (150)&#x0A;Border value mismatch at (1,13) channel 1&#x0A;" type=""><![CDATA[/home/cjxu/npp/test/unit/nppi/nppi_geometry_transforms/test_nppi_copyConstBorder.cpp:95
Expected equality of these values:
  dstData[dstIdx]
    Which is: '\0'
  borderValues[c]
    Which is: '\x96' (150)
Border value mismatch at (1,13) channel 1
]]></failure>
      <failure message="/home/cjxu/npp/test/unit/nppi/nppi_geometry_transforms/test_nppi_copyConstBorder.cpp:95&#x0A;Expected equality of these values:&#x0A;  dstData[dstIdx]&#x0A;    Which is: &apos;\0&apos;&#x0A;  borderValues[c]&#x0A;    Which is: &apos;\xC8&apos; (200)&#x0A;Border value mismatch at (1,13) channel 2&#x0A;" type=""><![CDATA[/home/cjxu/npp/test/unit/nppi/nppi_geometry_transforms/test_nppi_copyConstBorder.cpp:95
Expected equality of these values:
  dstData[dstIdx]
    Which is: '\0'
  borderValues[c]
    Which is: '\xC8' (200)
Border value mismatch at (1,13) channel 2
]]></failure>
      <failure message="/home/cjxu/npp/test/unit/nppi/nppi_geometry_transforms/test_nppi_copyConstBorder.cpp:95&#x0A;Expected equality of these values:&#x0A;  dstData[dstIdx]&#x0A;    Which is: &apos;\0&apos;&#x0A;  borderValues[c]&#x0A;    Which is: &apos;d&apos; (100, 0x64)&#x0A;Border value mismatch at (2,13) channel 0&#x0A;" type=""><![CDATA[/home/cjxu/npp/test/unit/nppi/nppi_geometry_transforms/test_nppi_copyConstBorder.cpp:95
Expected equality of these values:
  dstData[dstIdx]
    Which is: '\0'
  borderValues[c]
    Which is: 'd' (100, 0x64)
Border value mismatch at (2,13) channel 0
]]></failure>
      <failure message="/home/cjxu/npp/test/unit/nppi/nppi_geometry_transforms/test_nppi_copyConstBorder.cpp:95&#x0A;Expected equality of these values:&#x0A;  dstData[dstIdx]&#x0A;    Which is: &apos;\0&apos;&#x0A;  borderValues[c]&#x0A;    Which is: &apos;\x96&apos; (150)&#x0A;Border value mismatch at (2,13) channel 1&#x0A;" type=""><![CDATA[/home/cjxu/npp/test/unit/nppi/nppi_geometry_transforms/test_nppi_copyConstBorder.cpp:95
Expected equality of these values:
  dstData[dstIdx]
    Which is: '\0'
  borderValues[c]
    Which is: '\x96' (150)
Border value mismatch at (2,13) channel 1
]]></failure>
      <failure message="/home/cjxu/npp/test/unit/nppi/nppi_geometry_transforms/test_nppi_copyConstBorder.cpp:95&#x0A;Expected equality of these values:&#x0A;  dstData[dstIdx]&#x0A;    Which is: &apos;\0&apos;&#x0A;  borderValues[c]&#x0A;    Which is: &apos;\xC8&apos; (200)&#x0A;Border value mismatch at (2,13) channel 2&#x0A;" type=""><![CDATA[/home/cjxu/npp/test/unit/nppi/nppi_geometry_transforms/test_nppi_copyConstBorder.cpp:95
Expected equality of these values:
  dstData[dstIdx]
    Which is: '\0'
  borderValues[c]
    Which is: '\xC8' (200)
Border value mismatch at (2,13) channel 2
]]></failure>
      <failure message="/home/cjxu/npp/test/unit/nppi/nppi_geometry_transforms/test_nppi_copyConstBorder.cpp:88&#x0A;Expected equality of these values:&#x0A;  dstData[dstIdx]&#x0A;    Which is: &apos;\0&apos;&#x0A;  srcData[srcIdx]&#x0A;    Which is: &apos;p&apos; (112, 0x70)&#x0A;Source copy mismatch at dst(3,13) channel 0&#x0A;" type=""><![CDATA[/home/cjxu/npp/test/unit/nppi/nppi_geometry_transforms/test_nppi_copyConstBorder.cpp:88
Expected equality of these values:
  dstData[dstIdx]
    Which is: '\0'
  srcData[srcIdx]
    Which is: 'p' (112, 0x70)
Source copy mismatch at dst(3,13) channel 0
]]></failure>
      <failure message="/home/cjxu/npp/test/unit/nppi/nppi_geometry_transforms/test_nppi_copyConstBorder.cpp:88&#x0A;Expected equality of these values:&#x0A;  dstData[dstIdx]&#x0A;    Which is: &apos;\0&apos;&#x0A;  srcData[srcIdx]&#x0A;    Which is: &apos;\&apos;&apos; (39, 0x27)&#x0A;Source copy mismatch at dst(3,13) channel 1&#x0A;" type=""><![CDATA[/home/cjxu/npp/test/unit/nppi/nppi_geometry_transforms/test_nppi_copyConstBorder.cpp:88
Expected equality of these values:
  dstData[dstIdx]
    Which is: '\0'
  srcData[srcIdx]
    Which is: '\'' (39, 0x27)
Source copy mismatch at dst(3,13) channel 1
]]></failure>
      <failure message="/home/cjxu/npp/test/unit/nppi/nppi_geometry_transforms/test_nppi_copyConstBorder.cpp:88&#x0A;Expected equality of these values:&#x0A;  dstData[dstIdx]&#x0A;    Which is: &apos;\0&apos;&#x0A;  srcData[srcIdx]&#x0A;    Which is: &apos;\xB2&apos; (178)&#x0A;Source copy mismatch at dst(3,13) channel 2&#x0A;" type=""><![CDATA[/home/cjxu/npp/test/unit/nppi/nppi_geometry_transforms/test_nppi_copyConstBorder.cpp:88
Expected equality of these values:
  dstData[dstIdx]
    Which is: '\0'
  srcData[srcIdx]
    Which is: '\xB2' (178)
Source copy mismatch at dst(3,13) channel 2
]]></failure>
      <failure message="/home/cjxu/npp/test/unit/nppi/nppi_geometry_transforms/test_nppi_copyConstBorder.cpp:88&#x0A;Expected equality of these values:&#x0A;  dstData[dstIdx]&#x0A;    Which is: &apos;\0&apos;&#x0A;  srcData[srcIdx]&#x0A;    Which is: &apos;u&apos; (117, 0x75)&#x0A;Source copy mismatch at dst(4,13) channel 0&#x0A;" type=""><![CDATA[/home/cjxu/npp/test/unit/nppi/nppi_geometry_transforms/test_nppi_copyConstBorder.cpp:88
Expected equality of these values:
  dstData[dstIdx]
    Which is: '\0'
  srcData[srcIdx]
    Which is: 'u' (117, 0x75)
Source copy mismatch at dst(4,13) channel 0
]]></failure>
      <failure message="/home/cjxu/npp/test/unit/nppi/nppi_geometry_transforms/test_nppi_copyConstBorder.cpp:88&#x0A;Expected equality of these values:&#x0A;  dstData[dstIdx]&#x0A;    Which is: &apos;\0&apos;&#x0A;  srcData[srcIdx]&#x0A;    Which is: &apos;\xB2&apos; (178)&#x0A;Source copy mismatch at dst(4,13) channel 1&#x0A;" type=""><![CDATA[/home/cjxu/npp/test/unit/nppi/nppi_geometry_transforms/test_nppi_copyConstBorder.cpp:88
Expected equality of these values:
  dstData[dstIdx]
    Which is: '\0'
  srcData[srcIdx]
    Which is: '\xB2' (178)
Source copy mismatch at dst(4,13) channel 1
]]></failure>
      <failure message="/home/cjxu/npp/test/unit/nppi/nppi_geometry_transforms/test_nppi_copyConstBorder.cpp:88&#x0A;Expected equality of these values:&#x0A;  dstData[dstIdx]&#x0A;    Which is: &apos;\0&apos;&#x0A;  srcData[srcIdx]&#x0A;    Which is: &apos;0&apos; (48, 0x30)&#x0A;Source copy mismatch at dst(4,13) channel 2&#x0A;" type=""><![CDATA[/home/cjxu/npp/test/unit/nppi/nppi_geometry_transforms/test_nppi_copyConstBorder.cpp:88
Expected equality of these values:
  dstData[dstIdx]
    Which is: '\0'
  srcData[srcIdx]
    Which is: '0' (48, 0x30)
Source copy mismatch at dst(4,13) channel 2
]]></failure>
      <failure message="/home/cjxu/npp/test/unit/nppi/nppi_geometry_transforms/test_nppi_copyConstBorder.cpp:88&#x0A;Expected equality of these values:&#x0A;  dstData[dstIdx]&#x0A;    Which is: &apos;\0&apos;&#x0A;  srcData[srcIdx]&#x0A;    Which is: &apos;\x98&apos; (152)&#x0A;Source copy mismatch at dst(5,13) channel 0&#x0A;" type=""><![CDATA[/home/cjxu/npp/test/unit/nppi/nppi_geometry_transforms/test_nppi_copyConstBorder.cpp:88
Expected equality of these values:
  dstData[dstIdx]
    Which is: '\0'
  srcData[srcIdx]
    Which is: '\x98' (152)
Source copy mismatch at dst(5,13) channel 0
]]></failure>
      <failure message="/home/cjxu/npp/test/unit/nppi/nppi_geometry_transforms/test_nppi_copyConstBorder.cpp:88&#x0A;Expected equality of these values:&#x0A;  dstData[dstIdx]&#x0A;    Which is: &apos;\0&apos;&#x0A;  srcData[srcIdx]&#x0A;    Which is: &apos;\xD8&apos; (216)&#x0A;Source copy mismatch at dst(5,13) channel 1&#x0A;" type=""><![CDATA[/home/cjxu/npp/test/unit/nppi/nppi_geometry_transforms/test_nppi_copyConstBorder.cpp:88
Expected equality of these values:
  dstData[dstIdx]
    Which is: '\0'
  srcData[srcIdx]
    Which is: '\xD8' (216)
Source copy mismatch at dst(5,13) channel 1
]]></failure>
      <failure message="/home/cjxu/npp/test/unit/nppi/nppi_geometry_transforms/test_nppi_copyConstBorder.cpp:88&#x0A;Expected equality of these values:&#x0A;  dstData[dstIdx]&#x0A;    Which is: &apos;\0&apos;&#x0A;  srcData[srcIdx]&#x0A;    Which is: &apos;b&apos; (98, 0x62)&#x0A;Source copy mismatch at dst(5,13) channel 2&#x0A;" type=""><![CDATA[/home/cjxu/npp/test/unit/nppi/nppi_geometry_transforms/test_nppi_copyConstBorder.cpp:88
Expected equality of these values:
  dstData[dstIdx]
    Which is: '\0'
  srcData[srcIdx]
    Which is: 'b' (98, 0x62)
Source copy mismatch at dst(5,13) channel 2
]]></failure>
      <failure message="/home/cjxu/npp/test/unit/nppi/nppi_geometry_transforms/test_nppi_copyConstBorder.cpp:88&#x0A;Expected equality of these values:&#x0A;  dstData[dstIdx]&#x0A;    Which is: &apos;\0&apos;&#x0A;  srcData[srcIdx]&#x0A;    Which is: &apos;\xD2&apos; (210)&#x0A;Source copy mismatch at dst(6,13) channel 0&#x0A;" type=""><![CDATA[/home/cjxu/npp/test/unit/nppi/nppi_geometry_transforms/test_nppi_copyConstBorder.cpp:88
Expected equality of these values:
  dstData[dstIdx]
    Which is: '\0'
  srcData[srcIdx]
    Which is: '\xD2' (210)
Source copy mismatch at dst(6,13) channel 0
]]></failure>
      <failure message="/home/cjxu/npp/test/unit/nppi/nppi_geometry_transforms/test_nppi_copyConstBorder.cpp:88&#x0A;Expected equality of these values:&#x0A;  dstData[dstIdx]&#x0A;    Which is: &apos;\0&apos;&#x0A;  srcData[srcIdx]&#x0A;    Which is: &apos;U&apos; (85, 0x55)&#x0A;Source copy mismatch at dst(6,13) channel 1&#x0A;" type=""><![CDATA[/home/cjxu/npp/test/unit/nppi/nppi_geometry_transforms/test_nppi_copyConstBorder.cpp:88
Expected equality of these values:
  dstData[dstIdx]
    Which is: '\0'
  srcData[srcIdx]
    Which is: 'U' (85, 0x55)
Source copy mismatch at dst(6,13) channel 1
]]></failure>
      <failure message="/home/cjxu/npp/test/unit/nppi/nppi_geometry_transforms/test_nppi_copyConstBorder.cpp:88&#x0A;Expected equality of these values:&#x0A;  dstData[dstIdx]&#x0A;    Which is: &apos;\0&apos;&#x0A;  srcData[srcIdx]&#x0A;    Which is: &apos;\x5&apos; (5)&#x0A;Source copy mismatch at dst(6,13) channel 2&#x0A;" type=""><![CDATA[/home/cjxu/npp/test/unit/nppi/nppi_geometry_transforms/test_nppi_copyConstBorder.cpp:88
Expected equality of these values:
  dstData[dstIdx]
    Which is: '\0'
  srcData[srcIdx]
    Which is: '\x5' (5)
Source copy mismatch at dst(6,13) channel 2
]]></failure>
      <failure message="/home/cjxu/npp/test/unit/nppi/nppi_geometry_transforms/test_nppi_copyConstBorder.cpp:88&#x0A;Expected equality of these values:&#x0A;  dstData[dstIdx]&#x0A;    Which is: &apos;\0&apos;&#x0A;  srcData[srcIdx]&#x0A;    Which is: &apos;K&apos; (75, 0x4B)&#x0A;Source copy mismatch at dst(7,13) channel 0&#x0A;" type=""><![CDATA[/home/cjxu/npp/test/unit/nppi/nppi_geometry_transforms/test_nppi_copyConstBorder.cpp:88
Expected equality of these values:
  dstData[dstIdx]
    Which is: '\0'
  srcData[srcIdx]
    Which is: 'K' (75, 0x4B)
Source copy mismatch at dst(7,13) channel 0
]]></failure>
      <failure message="/home/cjxu/npp/test/unit/nppi/nppi_geometry_transforms/test_nppi_copyConstBorder.cpp:88&#x0A;Expected equality of these values:&#x0A;  dstData[dstIdx]&#x0A;    Which is: &apos;\0&apos;&#x0A;  srcData[srcIdx]&#x0A;    Which is: &apos;\xD2&apos; (210)&#x0A;Source copy mismatch at dst(7,13) channel 1&#x0A;" type=""><![CDATA[/home/cjxu/npp/test/unit/nppi/nppi_geometry_transforms/test_nppi_copyConstBorder.cpp:88
Expected equality of these values:
  dstData[dstIdx]
    Which is: '\0'
  srcData[srcIdx]
    Which is: '\xD2' (210)
Source copy mismatch at dst(7,13) channel 1
]]></failure>
      <failure message="/home/cjxu/npp/test/unit/nppi/nppi_geometry_transforms/test_nppi_copyConstBorder.cpp:88&#x0A;Expected equality of these values:&#x0A;  dstData[dstIdx]&#x0A;    Which is: &apos;\0&apos;&#x0A;  srcData[srcIdx]&#x0A;    Which is: &apos;\xCF&apos; (207)&#x0A;Source copy mismatch at dst(7,13) channel 2&#x0A;" type=""><![CDATA[/home/cjxu/npp/test/unit/nppi/nppi_geometry_transforms/test_nppi_copyConstBorder.cpp:88
Expected equality of these values:
  dstData[dstIdx]
    Which is: '\0'
  srcData[srcIdx]
    Which is: '\xCF' (207)
Source copy mismatch at dst(7,13) channel 2
]]></failure>
      <failure message="/home/cjxu/npp/test/unit/nppi/nppi_geometry_transforms/test_nppi_copyConstBorder.cpp:88&#x0A;Expected equality of these values:&#x0A;  dstData[dstIdx]&#x0A;    Which is: &apos;\0&apos;&#x0A;  srcData[srcIdx]&#x0A;    Which is: &apos;t&apos; (116, 0x74)&#x0A;Source copy mismatch at dst(8,13) channel 0&#x0A;" type=""><![CDATA[/home/cjxu/npp/test/unit/nppi/nppi_geometry_transforms/test_nppi_copyConstBorder.cpp:88
Expected equality of these values:
  dstData[dstIdx]
    Which is: '\0'
  srcData[srcIdx]
    Which is: 't' (116, 0x74)
Source copy mismatch at dst(8,13) channel 0
]]></failure>
      <failure message="/home/cjxu/npp/test/unit/nppi/nppi_geometry_transforms/test_nppi_copyConstBorder.cpp:88&#x0A;Expected equality of these values:&#x0A;  dstData[dstIdx]&#x0A;    Which is: &apos;\0&apos;&#x0A;  srcData[srcIdx]&#x0A;    Which is: &apos;\xB3&apos; (179)&#x0A;Source copy mismatch at dst(8,13) channel 1&#x0A;" type=""><![CDATA[/home/cjxu/npp/test/unit/nppi/nppi_geometry_transforms/test_nppi_copyConstBorder.cpp:88
Expected equality of these values:
  dstData[dstIdx]
    Which is: '\0'
  srcData[srcIdx]
    Which is: '\xB3' (179)
Source copy mismatch at dst(8,13) channel 1
]]></failure>
      <failure message="/home/cjxu/npp/test/unit/nppi/nppi_geometry_transforms/test_nppi_copyConstBorder.cpp:88&#x0A;Expected equality of these values:&#x0A;  dstData[dstIdx]&#x0A;    Which is: &apos;\0&apos;&#x0A;  srcData[srcIdx]&#x0A;    Which is: &apos;!&apos; (33, 0x21)&#x0A;Source copy mismatch at dst(8,13) channel 2&#x0A;" type=""><![CDATA[/home/cjxu/npp/test/unit/nppi/nppi_geometry_transforms/test_nppi_copyConstBorder.cpp:88
Expected equality of these values:
  dstData[dstIdx]
    Which is: '\0'
  srcData[srcIdx]
    Which is: '!' (33, 0x21)
Source copy mismatch at dst(8,13) channel 2
]]></failure>
      <failure message="/home/cjxu/npp/test/unit/nppi/nppi_geometry_transforms/test_nppi_copyConstBorder.cpp:88&#x0A;Expected equality of these values:&#x0A;  dstData[dstIdx]&#x0A;    Which is: &apos;\0&apos;&#x0A;  srcData[srcIdx]&#x0A;    Which is: &apos;\x9F&apos; (159)&#x0A;Source copy mismatch at dst(9,13) channel 0&#x0A;" type=""><![CDATA[/home/cjxu/npp/test/unit/nppi/nppi_geometry_transforms/test_nppi_copyConstBorder.cpp:88
Expected equality of these values:
  dstData[dstIdx]
    Which is: '\0'
  srcData[srcIdx]
    Which is: '\x9F' (159)
Source copy mismatch at dst(9,13) channel 0
]]></failure>
      <failure message="/home/cjxu/npp/test/unit/nppi/nppi_geometry_transforms/test_nppi_copyConstBorder.cpp:88&#x0A;Expected equality of these values:&#x0A;  dstData[dstIdx]&#x0A;    Which is: &apos;\0&apos;&#x0A;  srcData[srcIdx]&#x0A;    Which is: &apos;n&apos; (110, 0x6E)&#x0A;Source copy mismatch at dst(9,13) channel 1&#x0A;" type=""><![CDATA[/home/cjxu/npp/test/unit/nppi/nppi_geometry_transforms/test_nppi_copyConstBorder.cpp:88
Expected equality of these values:
  dstData[dstIdx]
    Which is: '\0'
  srcData[srcIdx]
    Which is: 'n' (110, 0x6E)
Source copy mismatch at dst(9,13) channel 1
]]></failure>
      <failure message="/home/cjxu/npp/test/unit/nppi/nppi_geometry_transforms/test_nppi_copyConstBorder.cpp:88&#x0A;Expected equality of these values:&#x0A;  dstData[dstIdx]&#x0A;    Which is: &apos;\0&apos;&#x0A;  srcData[srcIdx]&#x0A;    Which is: &apos;\xBF&apos; (191)&#x0A;Source copy mismatch at dst(9,13) channel 2&#x0A;" type=""><![CDATA[/home/cjxu/npp/test/unit/nppi/nppi_geometry_transforms/test_nppi_copyConstBorder.cpp:88
Expected equality of these values:
  dstData[dstIdx]
    Which is: '\0'
  srcData[srcIdx]
    Which is: '\xBF' (191)
Source copy mismatch at dst(9,13) channel 2
]]></failure>
      <failure message="/home/cjxu/npp/test/unit/nppi/nppi_geometry_transforms/test_nppi_copyConstBorder.cpp:88&#x0A;Expected equality of these values:&#x0A;  dstData[dstIdx]&#x0A;    Which is: &apos;\0&apos;&#x0A;  srcData[srcIdx]&#x0A;    Which is: &apos;\xBD&apos; (189)&#x0A;Source copy mismatch at dst(10,13) channel 0&#x0A;" type=""><![CDATA[/home/cjxu/npp/test/unit/nppi/nppi_geometry_transforms/test_nppi_copyConstBorder.cpp:88
Expected equality of these values:
  dstData[dstIdx]
    Which is: '\0'
  srcData[srcIdx]
    Which is: '\xBD' (189)
Source copy mismatch at dst(10,13) channel 0
]]></failure>
      <failure message="/home/cjxu/npp/test/unit/nppi/nppi_geometry_transforms/test_nppi_copyConstBorder.cpp:88&#x0A;Expected equality of these values:&#x0A;  dstData[dstIdx]&#x0A;    Which is: &apos;\0&apos;&#x0A;  srcData[srcIdx]&#x0A;    Which is: &apos;\xAE&apos; (174)&#x0A;Source copy mismatch at dst(10,13) channel 1&#x0A;" type=""><![CDATA[/home/cjxu/npp/test/unit/nppi/nppi_geometry_transforms/test_nppi_copyConstBorder.cpp:88
Expected equality of these values:
  dstData[dstIdx]
    Which is: '\0'
  srcData[srcIdx]
    Which is: '\xAE' (174)
Source copy mismatch at dst(10,13) channel 1
]]></failure>
      <failure message="/home/cjxu/npp/test/unit/nppi/nppi_geometry_transforms/test_nppi_copyConstBorder.cpp:88&#x0A;Expected equality of these values:&#x0A;  dstData[dstIdx]&#x0A;    Which is: &apos;\0&apos;&#x0A;  srcData[srcIdx]&#x0A;    Which is: &apos;\xF4&apos; (244)&#x0A;Source copy mismatch at dst(10,13) channel 2&#x0A;" type=""><![CDATA[/home/cjxu/npp/test/unit/nppi/nppi_geometry_transforms/test_nppi_copyConstBorder.cpp:88
Expected equality of these values:
  dstData[dstIdx]
    Which is: '\0'
  srcData[srcIdx]
    Which is: '\xF4' (244)
Source copy mismatch at dst(10,13) channel 2
]]></failure>
      <failure message="/home/cjxu/npp/test/unit/nppi/nppi_geometry_transforms/test_nppi_copyConstBorder.cpp:88&#x0A;Expected equality of these values:&#x0A;  dstData[dstIdx]&#x0A;    Which is: &apos;\0&apos;&#x0A;  srcData[srcIdx]&#x0A;    Which is: &apos;O&apos; (79, 0x4F)&#x0A;Source copy mismatch at dst(11,13) channel 0&#x0A;" type=""><![CDATA[/home/cjxu/npp/test/unit/nppi/nppi_geometry_transforms/test_nppi_copyConstBorder.cpp:88
Expected equality of these values:
  dstData[dstIdx]
    Which is: '\0'
  srcData[srcIdx]
    Which is: 'O' (79, 0x4F)
Source copy mismatch at dst(11,13) channel 0
]]></failure>
      <failure message="/home/cjxu/npp/test/unit/nppi/nppi_geometry_transforms/test_nppi_copyConstBorder.cpp:88&#x0A;Expected equality of these values:&#x0A;  dstData[dstIdx]&#x0A;    Which is: &apos;\0&apos;&#x0A;  srcData[srcIdx]&#x0A;    Which is: &apos;\xD6&apos; (214)&#x0A;Source copy mismatch at dst(11,13) channel 1&#x0A;" type=""><![CDATA[/home/cjxu/npp/test/unit/nppi/nppi_geometry_transforms/test_nppi_copyConstBorder.cpp:88
Expected equality of these values:
  dstData[dstIdx]
    Which is: '\0'
  srcData[srcIdx]
    Which is: '\xD6' (214)
Source copy mismatch at dst(11,13) channel 1
]]></failure>
      <failure message="/home/cjxu/npp/test/unit/nppi/nppi_geometry_transforms/test_nppi_copyConstBorder.cpp:88&#x0A;Expected equality of these values:&#x0A;  dstData[dstIdx]&#x0A;    Which is: &apos;\0&apos;&#x0A;  srcData[srcIdx]&#x0A;    Which is: &apos;\xE0&apos; (224)&#x0A;Source copy mismatch at dst(11,13) channel 2&#x0A;" type=""><![CDATA[/home/cjxu/npp/test/unit/nppi/nppi_geometry_transforms/test_nppi_copyConstBorder.cpp:88
Expected equality of these values:
  dstData[dstIdx]
    Which is: '\0'
  srcData[srcIdx]
    Which is: '\xE0' (224)
Source copy mismatch at dst(11,13) channel 2
]]></failure>
      <failure message="/home/cjxu/npp/test/unit/nppi/nppi_geometry_transforms/test_nppi_copyConstBorder.cpp:88&#x0A;Expected equality of these values:&#x0A;  dstData[dstIdx]&#x0A;    Which is: &apos;\0&apos;&#x0A;  srcData[srcIdx]&#x0A;    Which is: &apos;U&apos; (85, 0x55)&#x0A;Source copy mismatch at dst(12,13) channel 0&#x0A;" type=""><![CDATA[/home/cjxu/npp/test/unit/nppi/nppi_geometry_transforms/test_nppi_copyConstBorder.cpp:88
Expected equality of these values:
  dstData[dstIdx]
    Which is: '\0'
  srcData[srcIdx]
    Which is: 'U' (85, 0x55)
Source copy mismatch at dst(12,13) channel 0
]]></failure>
      <failure message="/home/cjxu/npp/test/unit/nppi/nppi_geometry_transforms/test_nppi_copyConstBorder.cpp:88&#x0A;Expected equality of these values:&#x0A;  dstData[dstIdx]&#x0A;    Which is: &apos;\0&apos;&#x0A;  srcData[srcIdx]&#x0A;    Which is: &apos;\xB0&apos; (176)&#x0A;Source copy mismatch at dst(12,13) channel 1&#x0A;" type=""><![CDATA[/home/cjxu/npp/test/unit/nppi/nppi_geometry_transforms/test_nppi_copyConstBorder.cpp:88
Expected equality of these values:
  dstData[dstIdx]
    Which is: '\0'
  srcData[srcIdx]
    Which is: '\xB0' (176)
Source copy mismatch at dst(12,13) channel 1
]]></failure>
      <failure message="/home/cjxu/npp/test/unit/nppi/nppi_geometry_transforms/test_nppi_copyConstBorder.cpp:88&#x0A;Expected equality of these values:&#x0A;  dstData[dstIdx]&#x0A;    Which is: &apos;\0&apos;&#x0A;  srcData[srcIdx]&#x0A;    Which is: &apos;\xAB&apos; (171)&#x0A;Source copy mismatch at dst(12,13) channel 2&#x0A;" type=""><![CDATA[/home/cjxu/npp/test/unit/nppi/nppi_geometry_transforms/test_nppi_copyConstBorder.cpp:88
Expected equality of these values:
  dstData[dstIdx]
    Which is: '\0'
  srcData[srcIdx]
    Which is: '\xAB' (171)
Source copy mismatch at dst(12,13) channel 2
]]></failure>
      <failure message="/home/cjxu/npp/test/unit/nppi/nppi_geometry_transforms/test_nppi_copyConstBorder.cpp:88&#x0A;Expected equality of these values:&#x0A;  dstData[dstIdx]&#x0A;    Which is: &apos;\0&apos;&#x0A;  srcData[srcIdx]&#x0A;    Which is: &apos;[&apos; (91, 0x5B)&#x0A;Source copy mismatch at dst(13,13) channel 0&#x0A;" type=""><![CDATA[/home/cjxu/npp/test/unit/nppi/nppi_geometry_transforms/test_nppi_copyConstBorder.cpp:88
Expected equality of these values:
  dstData[dstIdx]
    Which is: '\0'
  srcData[srcIdx]
    Which is: '[' (91, 0x5B)
Source copy mismatch at dst(13,13) channel 0
]]></failure>
      <failure message="/home/cjxu/npp/test/unit/nppi/nppi_geometry_transforms/test_nppi_copyConstBorder.cpp:88&#x0A;Expected equality of these values:&#x0A;  dstData[dstIdx]&#x0A;    Which is: &apos;\0&apos;&#x0A;  srcData[srcIdx]&#x0A;    Which is: &apos; &apos; (32, 0x20)&#x0A;Source copy mismatch at dst(13,13) channel 1&#x0A;" type=""><![CDATA[/home/cjxu/npp/test/unit/nppi/nppi_geometry_transforms/test_nppi_copyConstBorder.cpp:88
Expected equality of these values:
  dstData[dstIdx]
    Which is: '\0'
  srcData[srcIdx]
    Which is: ' ' (32, 0x20)
Source copy mismatch at dst(13,13) channel 1
]]></failure>
      <failure message="/home/cjxu/npp/test/unit/nppi/nppi_geometry_transforms/test_nppi_copyConstBorder.cpp:88&#x0A;Expected equality of these values:&#x0A;  dstData[dstIdx]&#x0A;    Which is: &apos;\0&apos;&#x0A;  srcData[srcIdx]&#x0A;    Which is: &apos;\xD3&apos; (211)&#x0A;Source copy mismatch at dst(13,13) channel 2&#x0A;" type=""><![CDATA[/home/cjxu/npp/test/unit/nppi/nppi_geometry_transforms/test_nppi_copyConstBorder.cpp:88
Expected equality of these values:
  dstData[dstIdx]
    Which is: '\0'
  srcData[srcIdx]
    Which is: '\xD3' (211)
Source copy mismatch at dst(13,13) channel 2
]]></failure>
      <failure message="/home/cjxu/npp/test/unit/nppi/nppi_geometry_transforms/test_nppi_copyConstBorder.cpp:88&#x0A;Expected equality of these values:&#x0A;  dstData[dstIdx]&#x0A;    Which is: &apos;\0&apos;&#x0A;  srcData[srcIdx]&#x0A;    Which is: &apos;\xE&apos; (14)&#x0A;Source copy mismatch at dst(14,13) channel 0&#x0A;" type=""><![CDATA[/home/cjxu/npp/test/unit/nppi/nppi_geometry_transforms/test_nppi_copyConstBorder.cpp:88
Expected equality of these values:
  dstData[dstIdx]
    Which is: '\0'
  srcData[srcIdx]
    Which is: '\xE' (14)
Source copy mismatch at dst(14,13) channel 0
]]></failure>
      <failure message="/home/cjxu/npp/test/unit/nppi/nppi_geometry_transforms/test_nppi_copyConstBorder.cpp:88&#x0A;Expected equality of these values:&#x0A;  dstData[dstIdx]&#x0A;    Which is: &apos;\0&apos;&#x0A;  srcData[srcIdx]&#x0A;    Which is: &apos;\x95&apos; (149)&#x0A;Source copy mismatch at dst(14,13) channel 1&#x0A;" type=""><![CDATA[/home/cjxu/npp/test/unit/nppi/nppi_geometry_transforms/test_nppi_copyConstBorder.cpp:88
Expected equality of these values:
  dstData[dstIdx]
    Which is: '\0'
  srcData[srcIdx]
    Which is: '\x95' (149)
Source copy mismatch at dst(14,13) channel 1
]]></failure>
      <failure message="/home/cjxu/npp/test/unit/nppi/nppi_geometry_transforms/test_nppi_copyConstBorder.cpp:88&#x0A;Expected equality of these values:&#x0A;  dstData[dstIdx]&#x0A;    Which is: &apos;\0&apos;&#x0A;  srcData[srcIdx]&#x0A;    Which is: &apos;\x85&apos; (133)&#x0A;Source copy mismatch at dst(14,13) channel 2&#x0A;" type=""><![CDATA[/home/cjxu/npp/test/unit/nppi/nppi_geometry_transforms/test_nppi_copyConstBorder.cpp:88
Expected equality of these values:
  dstData[dstIdx]
    Which is: '\0'
  srcData[srcIdx]
    Which is: '\x85' (133)
Source copy mismatch at dst(14,13) channel 2
]]></failure>
      <failure message="/home/cjxu/npp/test/unit/nppi/nppi_geometry_transforms/test_nppi_copyConstBorder.cpp:88&#x0A;Expected equality of these values:&#x0A;  dstData[dstIdx]&#x0A;    Which is: &apos;\0&apos;&#x0A;  srcData[srcIdx]&#x0A;    Which is: &apos;&gt;&apos; (62, 0x3E)&#x0A;Source copy mismatch at dst(15,13) channel 0&#x0A;" type=""><![CDATA[/home/cjxu/npp/test/unit/nppi/nppi_geometry_transforms/test_nppi_copyConstBorder.cpp:88
Expected equality of these values:
  dstData[dstIdx]
    Which is: '\0'
  srcData[srcIdx]
    Which is: '>' (62, 0x3E)
Source copy mismatch at dst(15,13) channel 0
]]></failure>
      <failure message="/home/cjxu/npp/test/unit/nppi/nppi_geometry_transforms/test_nppi_copyConstBorder.cpp:88&#x0A;Expected equality of these values:&#x0A;  dstData[dstIdx]&#x0A;    Which is: &apos;\0&apos;&#x0A;  srcData[srcIdx]&#x0A;    Which is: &apos;-&apos; (45, 0x2D)&#x0A;Source copy mismatch at dst(15,13) channel 1&#x0A;" type=""><![CDATA[/home/cjxu/npp/test/unit/nppi/nppi_geometry_transforms/test_nppi_copyConstBorder.cpp:88
Expected equality of these values:
  dstData[dstIdx]
    Which is: '\0'
  srcData[srcIdx]
    Which is: '-' (45, 0x2D)
Source copy mismatch at dst(15,13) channel 1
]]></failure>
      <failure message="/home/cjxu/npp/test/unit/nppi/nppi_geometry_transforms/test_nppi_copyConstBorder.cpp:88&#x0A;Expected equality of these values:&#x0A;  dstData[dstIdx]&#x0A;    Which is: &apos;\0&apos;&#x0A;  srcData[srcIdx]&#x0A;    Which is: &apos;]&apos; (93, 0x5D)&#x0A;Source copy mismatch at dst(15,13) channel 2&#x0A;" type=""><![CDATA[/home/cjxu/npp/test/unit/nppi/nppi_geometry_transforms/test_nppi_copyConstBorder.cpp:88
Expected equality of these values:
  dstData[dstIdx]
    Which is: '\0'
  srcData[srcIdx]
    Which is: ']' (93, 0x5D)
Source copy mismatch at dst(15,13) channel 2
]]></failure>
      <failure message="/home/cjxu/npp/test/unit/nppi/nppi_geometry_transforms/test_nppi_copyConstBorder.cpp:88&#x0A;Expected equality of these values:&#x0A;  dstData[dstIdx]&#x0A;    Which is: &apos;\0&apos;&#x0A;  srcData[srcIdx]&#x0A;    Which is: &apos;\xA0&apos; (160)&#x0A;Source copy mismatch at dst(16,13) channel 0&#x0A;" type=""><![CDATA[/home/cjxu/npp/test/unit/nppi/nppi_geometry_transforms/test_nppi_copyConstBorder.cpp:88
Expected equality of these values:
  dstData[dstIdx]
    Which is: '\0'
  srcData[srcIdx]
    Which is: '\xA0' (160)
Source copy mismatch at dst(16,13) channel 0
]]></failure>
      <failure message="/home/cjxu/npp/test/unit/nppi/nppi_geometry_transforms/test_nppi_copyConstBorder.cpp:88&#x0A;Expected equality of these values:&#x0A;  dstData[dstIdx]&#x0A;    Which is: &apos;\0&apos;&#x0A;  srcData[srcIdx]&#x0A;    Which is: &apos;\xFF&apos; (255)&#x0A;Source copy mismatch at dst(16,13) channel 1&#x0A;" type=""><![CDATA[/home/cjxu/npp/test/unit/nppi/nppi_geometry_transforms/test_nppi_copyConstBorder.cpp:88
Expected equality of these values:
  dstData[dstIdx]
    Which is: '\0'
  srcData[srcIdx]
    Which is: '\xFF' (255)
Source copy mismatch at dst(16,13) channel 1
]]></failure>
      <failure message="/home/cjxu/npp/test/unit/nppi/nppi_geometry_transforms/test_nppi_copyConstBorder.cpp:88&#x0A;Expected equality of these values:&#x0A;  dstData[dstIdx]&#x0A;    Which is: &apos;\0&apos;&#x0A;  srcData[srcIdx]&#x0A;    Which is: &apos;\xB3&apos; (179)&#x0A;Source copy mismatch at dst(16,13) channel 2&#x0A;" type=""><![CDATA[/home/cjxu/npp/test/unit/nppi/nppi_geometry_transforms/test_nppi_copyConstBorder.cpp:88
Expected equality of these values:
  dstData[dstIdx]
    Which is: '\0'
  srcData[srcIdx]
    Which is: '\xB3' (179)
Source copy mismatch at dst(16,13) channel 2
]]></failure>
      <failure message="/home/cjxu/npp/test/unit/nppi/nppi_geometry_transforms/test_nppi_copyConstBorder.cpp:88&#x0A;Expected equality of these values:&#x0A;  dstData[dstIdx]&#x0A;    Which is: &apos;\0&apos;&#x0A;  srcData[srcIdx]&#x0A;    Which is: &apos;\xA5&apos; (165)&#x0A;Source copy mismatch at dst(17,13) channel 0&#x0A;" type=""><![CDATA[/home/cjxu/npp/test/unit/nppi/nppi_geometry_transforms/test_nppi_copyConstBorder.cpp:88
Expected equality of these values:
  dstData[dstIdx]
    Which is: '\0'
  srcData[srcIdx]
    Which is: '\xA5' (165)
Source copy mismatch at dst(17,13) channel 0
]]></failure>
      <failure message="/home/cjxu/npp/test/unit/nppi/nppi_geometry_transforms/test_nppi_copyConstBorder.cpp:88&#x0A;Expected equality of these values:&#x0A;  dstData[dstIdx]&#x0A;    Which is: &apos;\0&apos;&#x0A;  srcData[srcIdx]&#x0A;    Which is: &apos;K&apos; (75, 0x4B)&#x0A;Source copy mismatch at dst(17,13) channel 1&#x0A;" type=""><![CDATA[/home/cjxu/npp/test/unit/nppi/nppi_geometry_transforms/test_nppi_copyConstBorder.cpp:88
Expected equality of these values:
  dstData[dstIdx]
    Which is: '\0'
  srcData[srcIdx]
    Which is: 'K' (75, 0x4B)
Source copy mismatch at dst(17,13) channel 1
]]></failure>
      <failure message="/home/cjxu/npp/test/unit/nppi/nppi_geometry_transforms/test_nppi_copyConstBorder.cpp:88&#x0A;Expected equality of these values:&#x0A;  dstData[dstIdx]&#x0A;    Which is: &apos;\0&apos;&#x0A;  srcData[srcIdx]&#x0A;    Which is: &apos;\x85&apos; (133)&#x0A;Source copy mismatch at dst(17,13) channel 2&#x0A;" type=""><![CDATA[/home/cjxu/npp/test/unit/nppi/nppi_geometry_transforms/test_nppi_copyConstBorder.cpp:88
Expected equality of these values:
  dstData[dstIdx]
    Which is: '\0'
  srcData[srcIdx]
    Which is: '\x85' (133)
Source copy mismatch at dst(17,13) channel 2
]]></failure>
      <failure message="/home/cjxu/npp/test/unit/nppi/nppi_geometry_transforms/test_nppi_copyConstBorder.cpp:88&#x0A;Expected equality of these values:&#x0A;  dstData[dstIdx]&#x0A;    Which is: &apos;\0&apos;&#x0A;  srcData[srcIdx]&#x0A;    Which is: &apos;t&apos; (116, 0x74)&#x0A;Source copy mismatch at dst(18,13) channel 0&#x0A;" type=""><![CDATA[/home/cjxu/npp/test/unit/nppi/nppi_geometry_transforms/test_nppi_copyConstBorder.cpp:88
Expected equality of these values:
  dstData[dstIdx]
    Which is: '\0'
  srcData[srcIdx]
    Which is: 't' (116, 0x74)
Source copy mismatch at dst(18,13) channel 0
]]></failure>
      <failure message="/home/cjxu/npp/test/unit/nppi/nppi_geometry_transforms/test_nppi_copyConstBorder.cpp:88&#x0A;Expected equality of these values:&#x0A;  dstData[dstIdx]&#x0A;    Which is: &apos;\0&apos;&#x0A;  srcData[srcIdx]&#x0A;    Which is: &apos;\xBF&apos; (191)&#x0A;Source copy mismatch at dst(18,13) channel 1&#x0A;" type=""><![CDATA[/home/cjxu/npp/test/unit/nppi/nppi_geometry_transforms/test_nppi_copyConstBorder.cpp:88
Expected equality of these values:
  dstData[dstIdx]
    Which is: '\0'
  srcData[srcIdx]
    Which is: '\xBF' (191)
Source copy mismatch at dst(18,13) channel 1
]]></failure>
      <failure message="/home/cjxu/npp/test/unit/nppi/nppi_geometry_transforms/test_nppi_copyConstBorder.cpp:88&#x0A;Expected equality of these values:&#x0A;  dstData[dstIdx]&#x0A;    Which is: &apos;\0&apos;&#x0A;  srcData[srcIdx]&#x0A;    Which is: &apos;8&apos; (56, 0x38)&#x0A;Source copy mismatch at dst(18,13) channel 2&#x0A;" type=""><![CDATA[/home/cjxu/npp/test/unit/nppi/nppi_geometry_transforms/test_nppi_copyConstBorder.cpp:88
Expected equality of these values:
  dstData[dstIdx]
    Which is: '\0'
  srcData[srcIdx]
    Which is: '8' (56, 0x38)
Source copy mismatch at dst(18,13) channel 2
]]></failure>
      <failure message="/home/cjxu/npp/test/unit/nppi/nppi_geometry_transforms/test_nppi_copyConstBorder.cpp:95&#x0A;Expected equality of these values:&#x0A;  dstData[dstIdx]&#x0A;    Which is: &apos;\0&apos;&#x0A;  borderValues[c]&#x0A;    Which is: &apos;d&apos; (100, 0x64)&#x0A;Border value mismatch at (19,13) channel 0&#x0A;" type=""><![CDATA[/home/cjxu/npp/test/unit/nppi/nppi_geometry_transforms/test_nppi_copyConstBorder.cpp:95
Expected equality of these values:
  dstData[dstIdx]
    Which is: '\0'
  borderValues[c]
    Which is: 'd' (100, 0x64)
Border value mismatch at (19,13) channel 0
]]></failure>
      <failure message="/home/cjxu/npp/test/unit/nppi/nppi_geometry_transforms/test_nppi_copyConstBorder.cpp:95&#x0A;Expected equality of these values:&#x0A;  dstData[dstIdx]&#x0A;    Which is: &apos;\0&apos;&#x0A;  borderValues[c]&#x0A;    Which is: &apos;\x96&apos; (150)&#x0A;Border value mismatch at (19,13) channel 1&#x0A;" type=""><![CDATA[/home/cjxu/npp/test/unit/nppi/nppi_geometry_transforms/test_nppi_copyConstBorder.cpp:95
Expected equality of these values:
  dstData[dstIdx]
    Which is: '\0'
  borderValues[c]
    Which is: '\x96' (150)
Border value mismatch at (19,13) channel 1
]]></failure>
      <failure message="/home/cjxu/npp/test/unit/nppi/nppi_geometry_transforms/test_nppi_copyConstBorder.cpp:95&#x0A;Expected equality of these values:&#x0A;  dstData[dstIdx]&#x0A;    Which is: &apos;\0&apos;&#x0A;  borderValues[c]&#x0A;    Which is: &apos;\xC8&apos; (200)&#x0A;Border value mismatch at (19,13) channel 2&#x0A;" type=""><![CDATA[/home/cjxu/npp/test/unit/nppi/nppi_geometry_transforms/test_nppi_copyConstBorder.cpp:95
Expected equality of these values:
  dstData[dstIdx]
    Which is: '\0'
  borderValues[c]
    Which is: '\xC8' (200)
Border value mismatch at (19,13) channel 2
]]></failure>
      <failure message="/home/cjxu/npp/test/unit/nppi/nppi_geometry_transforms/test_nppi_copyConstBorder.cpp:95&#x0A;Expected equality of these values:&#x0A;  dstData[dstIdx]&#x0A;    Which is: &apos;\0&apos;&#x0A;  borderValues[c]&#x0A;    Which is: &apos;d&apos; (100, 0x64)&#x0A;Border value mismatch at (20,13) channel 0&#x0A;" type=""><![CDATA[/home/cjxu/npp/test/unit/nppi/nppi_geometry_transforms/test_nppi_copyConstBorder.cpp:95
Expected equality of these values:
  dstData[dstIdx]
    Which is: '\0'
  borderValues[c]
    Which is: 'd' (100, 0x64)
Border value mismatch at (20,13) channel 0
]]></failure>
      <failure message="/home/cjxu/npp/test/unit/nppi/nppi_geometry_transforms/test_nppi_copyConstBorder.cpp:95&#x0A;Expected equality of these values:&#x0A;  dstData[dstIdx]&#x0A;    Which is: &apos;\0&apos;&#x0A;  borderValues[c]&#x0A;    Which is: &apos;\x96&apos; (150)&#x0A;Border value mismatch at (20,13) channel 1&#x0A;" type=""><![CDATA[/home/cjxu/npp/test/unit/nppi/nppi_geometry_transforms/test_nppi_copyConstBorder.cpp:95
Expected equality of these values:
  dstData[dstIdx]
    Which is: '\0'
  borderValues[c]
    Which is: '\x96' (150)
Border value mismatch at (20,13) channel 1
]]></failure>
      <failure message="/home/cjxu/npp/test/unit/nppi/nppi_geometry_transforms/test_nppi_copyConstBorder.cpp:95&#x0A;Expected equality of these values:&#x0A;  dstData[dstIdx]&#x0A;    Which is: &apos;\0&apos;&#x0A;  borderValues[c]&#x0A;    Which is: &apos;\xC8&apos; (200)&#x0A;Border value mismatch at (20,13) channel 2&#x0A;" type=""><![CDATA[/home/cjxu/npp/test/unit/nppi/nppi_geometry_transforms/test_nppi_copyConstBorder.cpp:95
Expected equality of these values:
  dstData[dstIdx]
    Which is: '\0'
  borderValues[c]
    Which is: '\xC8' (200)
Border value mismatch at (20,13) channel 2
]]></failure>
      <failure message="/home/cjxu/npp/test/unit/nppi/nppi_geometry_transforms/test_nppi_copyConstBorder.cpp:95&#x0A;Expected equality of these values:&#x0A;  dstData[dstIdx]&#x0A;    Which is: &apos;\0&apos;&#x0A;  borderValues[c]&#x0A;    Which is: &apos;d&apos; (100, 0x64)&#x0A;Border value mismatch at (21,13) channel 0&#x0A;" type=""><![CDATA[/home/cjxu/npp/test/unit/nppi/nppi_geometry_transforms/test_nppi_copyConstBorder.cpp:95
Expected equality of these values:
  dstData[dstIdx]
    Which is: '\0'
  borderValues[c]
    Which is: 'd' (100, 0x64)
Border value mismatch at (21,13) channel 0
]]></failure>
      <failure message="/home/cjxu/npp/test/unit/nppi/nppi_geometry_transforms/test_nppi_copyConstBorder.cpp:95&#x0A;Expected equality of these values:&#x0A;  dstData[dstIdx]&#x0A;    Which is: &apos;\0&apos;&#x0A;  borderValues[c]&#x0A;    Which is: &apos;\x96&apos; (150)&#x0A;Border value mismatch at (21,13) channel 1&#x0A;" type=""><![CDATA[/home/cjxu/npp/test/unit/nppi/nppi_geometry_transforms/test_nppi_copyConstBorder.cpp:95
Expected equality of these values:
  dstData[dstIdx]
    Which is: '\0'
  borderValues[c]
    Which is: '\x96' (150)
Border value mismatch at (21,13) channel 1
]]></failure>
      <failure message="/home/cjxu/npp/test/unit/nppi/nppi_geometry_transforms/test_nppi_copyConstBorder.cpp:95&#x0A;Expected equality of these values:&#x0A;  dstData[dstIdx]&#x0A;    Which is: &apos;\0&apos;&#x0A;  borderValues[c]&#x0A;    Which is: &apos;\xC8&apos; (200)&#x0A;Border value mismatch at (21,13) channel 2&#x0A;" type=""><![CDATA[/home/cjxu/npp/test/unit/nppi/nppi_geometry_transforms/test_nppi_copyConstBorder.cpp:95
Expected equality of these values:
  dstData[dstIdx]
    Which is: '\0'
  borderValues[c]
    Which is: '\xC8' (200)
Border value mismatch at (21,13) channel 2
]]></failure>
      <failure message="/home/cjxu/npp/test/unit/nppi/nppi_geometry_transforms/test_nppi_copyConstBorder.cpp:95&#x0A;Expected equality of these values:&#x0A;  dstData[dstIdx]&#x0A;    Which is: &apos;\0&apos;&#x0A;  borderValues[c]&#x0A;    Which is: &apos;d&apos; (100, 0x64)&#x0A;Border value mismatch at (22,13) channel 0&#x0A;" type=""><![CDATA[/home/cjxu/npp/test/unit/nppi/nppi_geometry_transforms/test_nppi_copyConstBorder.cpp:95
Expected equality of these values:
  dstData[dstIdx]
    Which is: '\0'
  borderValues[c]
    Which is: 'd' (100, 0x64)
Border value mismatch at (22,13) channel 0
]]></failure>
      <failure message="/home/cjxu/npp/test/unit/nppi/nppi_geometry_transforms/test_nppi_copyConstBorder.cpp:95&#x0A;Expected equality of these values:&#x0A;  dstData[dstIdx]&#x0A;    Which is: &apos;\0&apos;&#x0A;  borderValues[c]&#x0A;    Which is: &apos;\x96&apos; (150)&#x0A;Border value mismatch at (22,13) channel 1&#x0A;" type=""><![CDATA[/home/cjxu/npp/test/unit/nppi/nppi_geometry_transforms/test_nppi_copyConstBorder.cpp:95
Expected equality of these values:
  dstData[dstIdx]
    Which is: '\0'
  borderValues[c]
    Which is: '\x96' (150)
Border value mismatch at (22,13) channel 1
]]></failure>
      <failure message="/home/cjxu/npp/test/unit/nppi/nppi_geometry_transforms/test_nppi_copyConstBorder.cpp:95&#x0A;Expected equality of these values:&#x0A;  dstData[dstIdx]&#x0A;    Which is: &apos;\0&apos;&#x0A;  borderValues[c]&#x0A;    Which is: &apos;\xC8&apos; (200)&#x0A;Border value mismatch at (22,13) channel 2&#x0A;" type=""><![CDATA[/home/cjxu/npp/test/unit/nppi/nppi_geometry_transforms/test_nppi_copyConstBorder.cpp:95
Expected equality of these values:
  dstData[dstIdx]
    Which is: '\0'
  borderValues[c]
    Which is: '\xC8' (200)
Border value mismatch at (22,13) channel 2
]]></failure>
      <failure message="/home/cjxu/npp/test/unit/nppi/nppi_geometry_transforms/test_nppi_copyConstBorder.cpp:95&#x0A;Expected equality of these values:&#x0A;  dstData[dstIdx]&#x0A;    Which is: &apos;\0&apos;&#x0A;  borderValues[c]&#x0A;    Which is: &apos;d&apos; (100, 0x64)&#x0A;Border value mismatch at (23,13) channel 0&#x0A;" type=""><![CDATA[/home/cjxu/npp/test/unit/nppi/nppi_geometry_transforms/test_nppi_copyConstBorder.cpp:95
Expected equality of these values:
  dstData[dstIdx]
    Which is: '\0'
  borderValues[c]
    Which is: 'd' (100, 0x64)
Border value mismatch at (23,13) channel 0
]]></failure>
      <failure message="/home/cjxu/npp/test/unit/nppi/nppi_geometry_transforms/test_nppi_copyConstBorder.cpp:95&#x0A;Expected equality of these values:&#x0A;  dstData[dstIdx]&#x0A;    Which is: &apos;\0&apos;&#x0A;  borderValues[c]&#x0A;    Which is: &apos;\x96&apos; (150)&#x0A;Border value mismatch at (23,13) channel 1&#x0A;" type=""><![CDATA[/home/cjxu/npp/test/unit/nppi/nppi_geometry_transforms/test_nppi_copyConstBorder.cpp:95
Expected equality of these values:
  dstData[dstIdx]
    Which is: '\0'
  borderValues[c]
    Which is: '\x96' (150)
Border value mismatch at (23,13) channel 1
]]></failure>
      <failure message="/home/cjxu/npp/test/unit/nppi/nppi_geometry_transforms/test_nppi_copyConstBorder.cpp:95&#x0A;Expected equality of these values:&#x0A;  dstData[dstIdx]&#x0A;    Which is: &apos;\0&apos;&#x0A;  borderValues[c]&#x0A;    Which is: &apos;\xC8&apos; (200)&#x0A;Border value mismatch at (23,13) channel 2&#x0A;" type=""><![CDATA[/home/cjxu/npp/test/unit/nppi/nppi_geometry_transforms/test_nppi_copyConstBorder.cpp:95
Expected equality of these values:
  dstData[dstIdx]
    Which is: '\0'
  borderValues[c]
    Which is: '\xC8' (200)
Border value mismatch at (23,13) channel 2
]]></failure>
      <failure message="/home/cjxu/npp/test/unit/nppi/nppi_geometry_transforms/test_nppi_copyConstBorder.cpp:95&#x0A;Expected equality of these values:&#x0A;  dstData[dstIdx]&#x0A;    Which is: &apos;\0&apos;&#x0A;  borderValues[c]&#x0A;    Which is: &apos;d&apos; (100, 0x64)&#x0A;Border value mismatch at (0,14) channel 0&#x0A;" type=""><![CDATA[/home/cjxu/npp/test/unit/nppi/nppi_geometry_transforms/test_nppi_copyConstBorder.cpp:95
Expected equality of these values:
  dstData[dstIdx]
    Which is: '\0'
  borderValues[c]
    Which is: 'd' (100, 0x64)
Border value mismatch at (0,14) channel 0
]]></failure>
      <failure message="/home/cjxu/npp/test/unit/nppi/nppi_geometry_transforms/test_nppi_copyConstBorder.cpp:95&#x0A;Expected equality of these values:&#x0A;  dstData[dstIdx]&#x0A;    Which is: &apos;\0&apos;&#x0A;  borderValues[c]&#x0A;    Which is: &apos;\x96&apos; (150)&#x0A;Border value mismatch at (0,14) channel 1&#x0A;" type=""><![CDATA[/home/cjxu/npp/test/unit/nppi/nppi_geometry_transforms/test_nppi_copyConstBorder.cpp:95
Expected equality of these values:
  dstData[dstIdx]
    Which is: '\0'
  borderValues[c]
    Which is: '\x96' (150)
Border value mismatch at (0,14) channel 1
]]></failure>
      <failure message="/home/cjxu/npp/test/unit/nppi/nppi_geometry_transforms/test_nppi_copyConstBorder.cpp:95&#x0A;Expected equality of these values:&#x0A;  dstData[dstIdx]&#x0A;    Which is: &apos;\0&apos;&#x0A;  borderValues[c]&#x0A;    Which is: &apos;\xC8&apos; (200)&#x0A;Border value mismatch at (0,14) channel 2&#x0A;" type=""><![CDATA[/home/cjxu/npp/test/unit/nppi/nppi_geometry_transforms/test_nppi_copyConstBorder.cpp:95
Expected equality of these values:
  dstData[dstIdx]
    Which is: '\0'
  borderValues[c]
    Which is: '\xC8' (200)
Border value mismatch at (0,14) channel 2
]]></failure>
      <failure message="/home/cjxu/npp/test/unit/nppi/nppi_geometry_transforms/test_nppi_copyConstBorder.cpp:95&#x0A;Expected equality of these values:&#x0A;  dstData[dstIdx]&#x0A;    Which is: &apos;\0&apos;&#x0A;  borderValues[c]&#x0A;    Which is: &apos;d&apos; (100, 0x64)&#x0A;Border value mismatch at (1,14) channel 0&#x0A;" type=""><![CDATA[/home/cjxu/npp/test/unit/nppi/nppi_geometry_transforms/test_nppi_copyConstBorder.cpp:95
Expected equality of these values:
  dstData[dstIdx]
    Which is: '\0'
  borderValues[c]
    Which is: 'd' (100, 0x64)
Border value mismatch at (1,14) channel 0
]]></failure>
      <failure message="/home/cjxu/npp/test/unit/nppi/nppi_geometry_transforms/test_nppi_copyConstBorder.cpp:95&#x0A;Expected equality of these values:&#x0A;  dstData[dstIdx]&#x0A;    Which is: &apos;\0&apos;&#x0A;  borderValues[c]&#x0A;    Which is: &apos;\x96&apos; (150)&#x0A;Border value mismatch at (1,14) channel 1&#x0A;" type=""><![CDATA[/home/cjxu/npp/test/unit/nppi/nppi_geometry_transforms/test_nppi_copyConstBorder.cpp:95
Expected equality of these values:
  dstData[dstIdx]
    Which is: '\0'
  borderValues[c]
    Which is: '\x96' (150)
Border value mismatch at (1,14) channel 1
]]></failure>
      <failure message="/home/cjxu/npp/test/unit/nppi/nppi_geometry_transforms/test_nppi_copyConstBorder.cpp:95&#x0A;Expected equality of these values:&#x0A;  dstData[dstIdx]&#x0A;    Which is: &apos;\0&apos;&#x0A;  borderValues[c]&#x0A;    Which is: &apos;\xC8&apos; (200)&#x0A;Border value mismatch at (1,14) channel 2&#x0A;" type=""><![CDATA[/home/cjxu/npp/test/unit/nppi/nppi_geometry_transforms/test_nppi_copyConstBorder.cpp:95
Expected equality of these values:
  dstData[dstIdx]
    Which is: '\0'
  borderValues[c]
    Which is: '\xC8' (200)
Border value mismatch at (1,14) channel 2
]]></failure>
      <failure message="/home/cjxu/npp/test/unit/nppi/nppi_geometry_transforms/test_nppi_copyConstBorder.cpp:95&#x0A;Expected equality of these values:&#x0A;  dstData[dstIdx]&#x0A;    Which is: &apos;\0&apos;&#x0A;  borderValues[c]&#x0A;    Which is: &apos;d&apos; (100, 0x64)&#x0A;Border value mismatch at (2,14) channel 0&#x0A;" type=""><![CDATA[/home/cjxu/npp/test/unit/nppi/nppi_geometry_transforms/test_nppi_copyConstBorder.cpp:95
Expected equality of these values:
  dstData[dstIdx]
    Which is: '\0'
  borderValues[c]
    Which is: 'd' (100, 0x64)
Border value mismatch at (2,14) channel 0
]]></failure>
      <failure message="/home/cjxu/npp/test/unit/nppi/nppi_geometry_transforms/test_nppi_copyConstBorder.cpp:95&#x0A;Expected equality of these values:&#x0A;  dstData[dstIdx]&#x0A;    Which is: &apos;\0&apos;&#x0A;  borderValues[c]&#x0A;    Which is: &apos;\x96&apos; (150)&#x0A;Border value mismatch at (2,14) channel 1&#x0A;" type=""><![CDATA[/home/cjxu/npp/test/unit/nppi/nppi_geometry_transforms/test_nppi_copyConstBorder.cpp:95
Expected equality of these values:
  dstData[dstIdx]
    Which is: '\0'
  borderValues[c]
    Which is: '\x96' (150)
Border value mismatch at (2,14) channel 1
]]></failure>
      <failure message="/home/cjxu/npp/test/unit/nppi/nppi_geometry_transforms/test_nppi_copyConstBorder.cpp:95&#x0A;Expected equality of these values:&#x0A;  dstData[dstIdx]&#x0A;    Which is: &apos;\0&apos;&#x0A;  borderValues[c]&#x0A;    Which is: &apos;\xC8&apos; (200)&#x0A;Border value mismatch at (2,14) channel 2&#x0A;" type=""><![CDATA[/home/cjxu/npp/test/unit/nppi/nppi_geometry_transforms/test_nppi_copyConstBorder.cpp:95
Expected equality of these values:
  dstData[dstIdx]
    Which is: '\0'
  borderValues[c]
    Which is: '\xC8' (200)
Border value mismatch at (2,14) channel 2
]]></failure>
      <failure message="/home/cjxu/npp/test/unit/nppi/nppi_geometry_transforms/test_nppi_copyConstBorder.cpp:88&#x0A;Expected equality of these values:&#x0A;  dstData[dstIdx]&#x0A;    Which is: &apos;\0&apos;&#x0A;  srcData[srcIdx]&#x0A;    Which is: &apos;\x96&apos; (150)&#x0A;Source copy mismatch at dst(3,14) channel 0&#x0A;" type=""><![CDATA[/home/cjxu/npp/test/unit/nppi/nppi_geometry_transforms/test_nppi_copyConstBorder.cpp:88
Expected equality of these values:
  dstData[dstIdx]
    Which is: '\0'
  srcData[srcIdx]
    Which is: '\x96' (150)
Source copy mismatch at dst(3,14) channel 0
]]></failure>
      <failure message="/home/cjxu/npp/test/unit/nppi/nppi_geometry_transforms/test_nppi_copyConstBorder.cpp:88&#x0A;Expected equality of these values:&#x0A;  dstData[dstIdx]&#x0A;    Which is: &apos;\0&apos;&#x0A;  srcData[srcIdx]&#x0A;    Which is: &apos;^&apos; (94, 0x5E)&#x0A;Source copy mismatch at dst(3,14) channel 1&#x0A;" type=""><![CDATA[/home/cjxu/npp/test/unit/nppi/nppi_geometry_transforms/test_nppi_copyConstBorder.cpp:88
Expected equality of these values:
  dstData[dstIdx]
    Which is: '\0'
  srcData[srcIdx]
    Which is: '^' (94, 0x5E)
Source copy mismatch at dst(3,14) channel 1
]]></failure>
      <failure message="/home/cjxu/npp/test/unit/nppi/nppi_geometry_transforms/test_nppi_copyConstBorder.cpp:88&#x0A;Expected equality of these values:&#x0A;  dstData[dstIdx]&#x0A;    Which is: &apos;\0&apos;&#x0A;  srcData[srcIdx]&#x0A;    Which is: &apos;\xA7&apos; (167)&#x0A;Source copy mismatch at dst(3,14) channel 2&#x0A;" type=""><![CDATA[/home/cjxu/npp/test/unit/nppi/nppi_geometry_transforms/test_nppi_copyConstBorder.cpp:88
Expected equality of these values:
  dstData[dstIdx]
    Which is: '\0'
  srcData[srcIdx]
    Which is: '\xA7' (167)
Source copy mismatch at dst(3,14) channel 2
]]></failure>
      <failure message="/home/cjxu/npp/test/unit/nppi/nppi_geometry_transforms/test_nppi_copyConstBorder.cpp:88&#x0A;Expected equality of these values:&#x0A;  dstData[dstIdx]&#x0A;    Which is: &apos;\0&apos;&#x0A;  srcData[srcIdx]&#x0A;    Which is: &apos;U&apos; (85, 0x55)&#x0A;Source copy mismatch at dst(4,14) channel 0&#x0A;" type=""><![CDATA[/home/cjxu/npp/test/unit/nppi/nppi_geometry_transforms/test_nppi_copyConstBorder.cpp:88
Expected equality of these values:
  dstData[dstIdx]
    Which is: '\0'
  srcData[srcIdx]
    Which is: 'U' (85, 0x55)
Source copy mismatch at dst(4,14) channel 0
]]></failure>
      <failure message="/home/cjxu/npp/test/unit/nppi/nppi_geometry_transforms/test_nppi_copyConstBorder.cpp:88&#x0A;Expected equality of these values:&#x0A;  dstData[dstIdx]&#x0A;    Which is: &apos;\0&apos;&#x0A;  srcData[srcIdx]&#x0A;    Which is: &apos;\x1C&apos; (28)&#x0A;Source copy mismatch at dst(4,14) channel 1&#x0A;" type=""><![CDATA[/home/cjxu/npp/test/unit/nppi/nppi_geometry_transforms/test_nppi_copyConstBorder.cpp:88
Expected equality of these values:
  dstData[dstIdx]
    Which is: '\0'
  srcData[srcIdx]
    Which is: '\x1C' (28)
Source copy mismatch at dst(4,14) channel 1
]]></failure>
      <failure message="/home/cjxu/npp/test/unit/nppi/nppi_geometry_transforms/test_nppi_copyConstBorder.cpp:88&#x0A;Expected equality of these values:&#x0A;  dstData[dstIdx]&#x0A;    Which is: &apos;\0&apos;&#x0A;  srcData[srcIdx]&#x0A;    Which is: &apos;U&apos; (85, 0x55)&#x0A;Source copy mismatch at dst(4,14) channel 2&#x0A;" type=""><![CDATA[/home/cjxu/npp/test/unit/nppi/nppi_geometry_transforms/test_nppi_copyConstBorder.cpp:88
Expected equality of these values:
  dstData[dstIdx]
    Which is: '\0'
  srcData[srcIdx]
    Which is: 'U' (85, 0x55)
Source copy mismatch at dst(4,14) channel 2
]]></failure>
      <failure message="/home/cjxu/npp/test/unit/nppi/nppi_geometry_transforms/test_nppi_copyConstBorder.cpp:88&#x0A;Expected equality of these values:&#x0A;  dstData[dstIdx]&#x0A;    Which is: &apos;\0&apos;&#x0A;  srcData[srcIdx]&#x0A;    Which is: &apos;J&apos; (74, 0x4A)&#x0A;Source copy mismatch at dst(5,14) channel 0&#x0A;" type=""><![CDATA[/home/cjxu/npp/test/unit/nppi/nppi_geometry_transforms/test_nppi_copyConstBorder.cpp:88
Expected equality of these values:
  dstData[dstIdx]
    Which is: '\0'
  srcData[srcIdx]
    Which is: 'J' (74, 0x4A)
Source copy mismatch at dst(5,14) channel 0
]]></failure>
      <failure message="/home/cjxu/npp/test/unit/nppi/nppi_geometry_transforms/test_nppi_copyConstBorder.cpp:88&#x0A;Expected equality of these values:&#x0A;  dstData[dstIdx]&#x0A;    Which is: &apos;\0&apos;&#x0A;  srcData[srcIdx]&#x0A;    Which is: &apos;k&apos; (107, 0x6B)&#x0A;Source copy mismatch at dst(5,14) channel 1&#x0A;" type=""><![CDATA[/home/cjxu/npp/test/unit/nppi/nppi_geometry_transforms/test_nppi_copyConstBorder.cpp:88
Expected equality of these values:
  dstData[dstIdx]
    Which is: '\0'
  srcData[srcIdx]
    Which is: 'k' (107, 0x6B)
Source copy mismatch at dst(5,14) channel 1
]]></failure>
      <failure message="/home/cjxu/npp/test/unit/nppi/nppi_geometry_transforms/test_nppi_copyConstBorder.cpp:88&#x0A;Expected equality of these values:&#x0A;  dstData[dstIdx]&#x0A;    Which is: &apos;\0&apos;&#x0A;  srcData[srcIdx]&#x0A;    Which is: &apos;+&apos; (43, 0x2B)&#x0A;Source copy mismatch at dst(5,14) channel 2&#x0A;" type=""><![CDATA[/home/cjxu/npp/test/unit/nppi/nppi_geometry_transforms/test_nppi_copyConstBorder.cpp:88
Expected equality of these values:
  dstData[dstIdx]
    Which is: '\0'
  srcData[srcIdx]
    Which is: '+' (43, 0x2B)
Source copy mismatch at dst(5,14) channel 2
]]></failure>
      <failure message="/home/cjxu/npp/test/unit/nppi/nppi_geometry_transforms/test_nppi_copyConstBorder.cpp:88&#x0A;Expected equality of these values:&#x0A;  dstData[dstIdx]&#x0A;    Which is: &apos;\0&apos;&#x0A;  srcData[srcIdx]&#x0A;    Which is: &apos;*&apos; (42, 0x2A)&#x0A;Source copy mismatch at dst(6,14) channel 0&#x0A;" type=""><![CDATA[/home/cjxu/npp/test/unit/nppi/nppi_geometry_transforms/test_nppi_copyConstBorder.cpp:88
Expected equality of these values:
  dstData[dstIdx]
    Which is: '\0'
  srcData[srcIdx]
    Which is: '*' (42, 0x2A)
Source copy mismatch at dst(6,14) channel 0
]]></failure>
      <failure message="/home/cjxu/npp/test/unit/nppi/nppi_geometry_transforms/test_nppi_copyConstBorder.cpp:88&#x0A;Expected equality of these values:&#x0A;  dstData[dstIdx]&#x0A;    Which is: &apos;\0&apos;&#x0A;  srcData[srcIdx]&#x0A;    Which is: &apos;\xC0&apos; (192)&#x0A;Source copy mismatch at dst(6,14) channel 1&#x0A;" type=""><![CDATA[/home/cjxu/npp/test/unit/nppi/nppi_geometry_transforms/test_nppi_copyConstBorder.cpp:88
Expected equality of these values:
  dstData[dstIdx]
    Which is: '\0'
  srcData[srcIdx]
    Which is: '\xC0' (192)
Source copy mismatch at dst(6,14) channel 1
]]></failure>
      <failure message="/home/cjxu/npp/test/unit/nppi/nppi_geometry_transforms/test_nppi_copyConstBorder.cpp:88&#x0A;Expected equality of these values:&#x0A;  dstData[dstIdx]&#x0A;    Which is: &apos;\0&apos;&#x0A;  srcData[srcIdx]&#x0A;    Which is: &apos;\xDC&apos; (220)&#x0A;Source copy mismatch at dst(6,14) channel 2&#x0A;" type=""><![CDATA[/home/cjxu/npp/test/unit/nppi/nppi_geometry_transforms/test_nppi_copyConstBorder.cpp:88
Expected equality of these values:
  dstData[dstIdx]
    Which is: '\0'
  srcData[srcIdx]
    Which is: '\xDC' (220)
Source copy mismatch at dst(6,14) channel 2
]]></failure>
      <failure message="/home/cjxu/npp/test/unit/nppi/nppi_geometry_transforms/test_nppi_copyConstBorder.cpp:88&#x0A;Expected equality of these values:&#x0A;  dstData[dstIdx]&#x0A;    Which is: &apos;\0&apos;&#x0A;  srcData[srcIdx]&#x0A;    Which is: &apos;\xD5&apos; (213)&#x0A;Source copy mismatch at dst(7,14) channel 0&#x0A;" type=""><![CDATA[/home/cjxu/npp/test/unit/nppi/nppi_geometry_transforms/test_nppi_copyConstBorder.cpp:88
Expected equality of these values:
  dstData[dstIdx]
    Which is: '\0'
  srcData[srcIdx]
    Which is: '\xD5' (213)
Source copy mismatch at dst(7,14) channel 0
]]></failure>
      <failure message="/home/cjxu/npp/test/unit/nppi/nppi_geometry_transforms/test_nppi_copyConstBorder.cpp:88&#x0A;Expected equality of these values:&#x0A;  dstData[dstIdx]&#x0A;    Which is: &apos;\0&apos;&#x0A;  srcData[srcIdx]&#x0A;    Which is: &apos;\x1B&apos; (27)&#x0A;Source copy mismatch at dst(7,14) channel 1&#x0A;" type=""><![CDATA[/home/cjxu/npp/test/unit/nppi/nppi_geometry_transforms/test_nppi_copyConstBorder.cpp:88
Expected equality of these values:
  dstData[dstIdx]
    Which is: '\0'
  srcData[srcIdx]
    Which is: '\x1B' (27)
Source copy mismatch at dst(7,14) channel 1
]]></failure>
      <failure message="/home/cjxu/npp/test/unit/nppi/nppi_geometry_transforms/test_nppi_copyConstBorder.cpp:88&#x0A;Expected equality of these values:&#x0A;  dstData[dstIdx]&#x0A;    Which is: &apos;\0&apos;&#x0A;  srcData[srcIdx]&#x0A;    Which is: &apos;\xFC&apos; (252)&#x0A;Source copy mismatch at dst(7,14) channel 2&#x0A;" type=""><![CDATA[/home/cjxu/npp/test/unit/nppi/nppi_geometry_transforms/test_nppi_copyConstBorder.cpp:88
Expected equality of these values:
  dstData[dstIdx]
    Which is: '\0'
  srcData[srcIdx]
    Which is: '\xFC' (252)
Source copy mismatch at dst(7,14) channel 2
]]></failure>
      <failure message="/home/cjxu/npp/test/unit/nppi/nppi_geometry_transforms/test_nppi_copyConstBorder.cpp:88&#x0A;Expected equality of these values:&#x0A;  dstData[dstIdx]&#x0A;    Which is: &apos;\0&apos;&#x0A;  srcData[srcIdx]&#x0A;    Which is: &apos;\xA8&apos; (168)&#x0A;Source copy mismatch at dst(8,14) channel 0&#x0A;" type=""><![CDATA[/home/cjxu/npp/test/unit/nppi/nppi_geometry_transforms/test_nppi_copyConstBorder.cpp:88
Expected equality of these values:
  dstData[dstIdx]
    Which is: '\0'
  srcData[srcIdx]
    Which is: '\xA8' (168)
Source copy mismatch at dst(8,14) channel 0
]]></failure>
      <failure message="/home/cjxu/npp/test/unit/nppi/nppi_geometry_transforms/test_nppi_copyConstBorder.cpp:88&#x0A;Expected equality of these values:&#x0A;  dstData[dstIdx]&#x0A;    Which is: &apos;\0&apos;&#x0A;  srcData[srcIdx]&#x0A;    Which is: &apos;)&apos; (41, 0x29)&#x0A;Source copy mismatch at dst(8,14) channel 1&#x0A;" type=""><![CDATA[/home/cjxu/npp/test/unit/nppi/nppi_geometry_transforms/test_nppi_copyConstBorder.cpp:88
Expected equality of these values:
  dstData[dstIdx]
    Which is: '\0'
  srcData[srcIdx]
    Which is: ')' (41, 0x29)
Source copy mismatch at dst(8,14) channel 1
]]></failure>
      <failure message="/home/cjxu/npp/test/unit/nppi/nppi_geometry_transforms/test_nppi_copyConstBorder.cpp:88&#x0A;Expected equality of these values:&#x0A;  dstData[dstIdx]&#x0A;    Which is: &apos;\0&apos;&#x0A;  srcData[srcIdx]&#x0A;    Which is: &apos;\x92&apos; (146)&#x0A;Source copy mismatch at dst(8,14) channel 2&#x0A;" type=""><![CDATA[/home/cjxu/npp/test/unit/nppi/nppi_geometry_transforms/test_nppi_copyConstBorder.cpp:88
Expected equality of these values:
  dstData[dstIdx]
    Which is: '\0'
  srcData[srcIdx]
    Which is: '\x92' (146)
Source copy mismatch at dst(8,14) channel 2
]]></failure>
      <failure message="/home/cjxu/npp/test/unit/nppi/nppi_geometry_transforms/test_nppi_copyConstBorder.cpp:88&#x0A;Expected equality of these values:&#x0A;  dstData[dstIdx]&#x0A;    Which is: &apos;\0&apos;&#x0A;  srcData[srcIdx]&#x0A;    Which is: &apos;.&apos; (46, 0x2E)&#x0A;Source copy mismatch at dst(9,14) channel 0&#x0A;" type=""><![CDATA[/home/cjxu/npp/test/unit/nppi/nppi_geometry_transforms/test_nppi_copyConstBorder.cpp:88
Expected equality of these values:
  dstData[dstIdx]
    Which is: '\0'
  srcData[srcIdx]
    Which is: '.' (46, 0x2E)
Source copy mismatch at dst(9,14) channel 0
]]></failure>
      <failure message="/home/cjxu/npp/test/unit/nppi/nppi_geometry_transforms/test_nppi_copyConstBorder.cpp:88&#x0A;Expected equality of these values:&#x0A;  dstData[dstIdx]&#x0A;    Which is: &apos;\0&apos;&#x0A;  srcData[srcIdx]&#x0A;    Which is: &apos;g&apos; (103, 0x67)&#x0A;Source copy mismatch at dst(9,14) channel 1&#x0A;" type=""><![CDATA[/home/cjxu/npp/test/unit/nppi/nppi_geometry_transforms/test_nppi_copyConstBorder.cpp:88
Expected equality of these values:
  dstData[dstIdx]
    Which is: '\0'
  srcData[srcIdx]
    Which is: 'g' (103, 0x67)
Source copy mismatch at dst(9,14) channel 1
]]></failure>
      <failure message="/home/cjxu/npp/test/unit/nppi/nppi_geometry_transforms/test_nppi_copyConstBorder.cpp:88&#x0A;Expected equality of these values:&#x0A;  dstData[dstIdx]&#x0A;    Which is: &apos;\0&apos;&#x0A;  srcData[srcIdx]&#x0A;    Which is: &apos;\xBF&apos; (191)&#x0A;Source copy mismatch at dst(9,14) channel 2&#x0A;" type=""><![CDATA[/home/cjxu/npp/test/unit/nppi/nppi_geometry_transforms/test_nppi_copyConstBorder.cpp:88
Expected equality of these values:
  dstData[dstIdx]
    Which is: '\0'
  srcData[srcIdx]
    Which is: '\xBF' (191)
Source copy mismatch at dst(9,14) channel 2
]]></failure>
      <failure message="/home/cjxu/npp/test/unit/nppi/nppi_geometry_transforms/test_nppi_copyConstBorder.cpp:88&#x0A;Expected equality of these values:&#x0A;  dstData[dstIdx]&#x0A;    Which is: &apos;\0&apos;&#x0A;  srcData[srcIdx]&#x0A;    Which is: &apos;\x8B&apos; (139)&#x0A;Source copy mismatch at dst(10,14) channel 0&#x0A;" type=""><![CDATA[/home/cjxu/npp/test/unit/nppi/nppi_geometry_transforms/test_nppi_copyConstBorder.cpp:88
Expected equality of these values:
  dstData[dstIdx]
    Which is: '\0'
  srcData[srcIdx]
    Which is: '\x8B' (139)
Source copy mismatch at dst(10,14) channel 0
]]></failure>
      <failure message="/home/cjxu/npp/test/unit/nppi/nppi_geometry_transforms/test_nppi_copyConstBorder.cpp:88&#x0A;Expected equality of these values:&#x0A;  dstData[dstIdx]&#x0A;    Which is: &apos;\0&apos;&#x0A;  srcData[srcIdx]&#x0A;    Which is: &apos;\a&apos; (7)&#x0A;Source copy mismatch at dst(10,14) channel 1&#x0A;" type=""><![CDATA[/home/cjxu/npp/test/unit/nppi/nppi_geometry_transforms/test_nppi_copyConstBorder.cpp:88
Expected equality of these values:
  dstData[dstIdx]
    Which is: '\0'
  srcData[srcIdx]
    Which is: '\a' (7)
Source copy mismatch at dst(10,14) channel 1
]]></failure>
      <failure message="/home/cjxu/npp/test/unit/nppi/nppi_geometry_transforms/test_nppi_copyConstBorder.cpp:88&#x0A;Expected equality of these values:&#x0A;  dstData[dstIdx]&#x0A;    Which is: &apos;\0&apos;&#x0A;  srcData[srcIdx]&#x0A;    Which is: &apos;\xBF&apos; (191)&#x0A;Source copy mismatch at dst(10,14) channel 2&#x0A;" type=""><![CDATA[/home/cjxu/npp/test/unit/nppi/nppi_geometry_transforms/test_nppi_copyConstBorder.cpp:88
Expected equality of these values:
  dstData[dstIdx]
    Which is: '\0'
  srcData[srcIdx]
    Which is: '\xBF' (191)
Source copy mismatch at dst(10,14) channel 2
]]></failure>
      <failure message="/home/cjxu/npp/test/unit/nppi/nppi_geometry_transforms/test_nppi_copyConstBorder.cpp:88&#x0A;Expected equality of these values:&#x0A;  dstData[dstIdx]&#x0A;    Which is: &apos;\0&apos;&#x0A;  srcData[srcIdx]&#x0A;    Which is: &apos;&gt;&apos; (62, 0x3E)&#x0A;Source copy mismatch at dst(11,14) channel 0&#x0A;" type=""><![CDATA[/home/cjxu/npp/test/unit/nppi/nppi_geometry_transforms/test_nppi_copyConstBorder.cpp:88
Expected equality of these values:
  dstData[dstIdx]
    Which is: '\0'
  srcData[srcIdx]
    Which is: '>' (62, 0x3E)
Source copy mismatch at dst(11,14) channel 0
]]></failure>
      <failure message="/home/cjxu/npp/test/unit/nppi/nppi_geometry_transforms/test_nppi_copyConstBorder.cpp:88&#x0A;Expected equality of these values:&#x0A;  dstData[dstIdx]&#x0A;    Which is: &apos;\0&apos;&#x0A;  srcData[srcIdx]&#x0A;    Which is: &apos;\xAC&apos; (172)&#x0A;Source copy mismatch at dst(11,14) channel 1&#x0A;" type=""><![CDATA[/home/cjxu/npp/test/unit/nppi/nppi_geometry_transforms/test_nppi_copyConstBorder.cpp:88
Expected equality of these values:
  dstData[dstIdx]
    Which is: '\0'
  srcData[srcIdx]
    Which is: '\xAC' (172)
Source copy mismatch at dst(11,14) channel 1
]]></failure>
      <failure message="/home/cjxu/npp/test/unit/nppi/nppi_geometry_transforms/test_nppi_copyConstBorder.cpp:88&#x0A;Expected equality of these values:&#x0A;  dstData[dstIdx]&#x0A;    Which is: &apos;\0&apos;&#x0A;  srcData[srcIdx]&#x0A;    Which is: &apos;\n&apos; (10, 0xA)&#x0A;With diff:&#x0A;@@ -1,1 +1,2 @@&#x0A;-&apos;\0&apos;&#x0A;+&apos;&#x0A;+&apos; (10, 0xA)&#x0A;&#x0A;Source copy mismatch at dst(11,14) channel 2&#x0A;" type=""><![CDATA[/home/cjxu/npp/test/unit/nppi/nppi_geometry_transforms/test_nppi_copyConstBorder.cpp:88
Expected equality of these values:
  dstData[dstIdx]
    Which is: '\0'
  srcData[srcIdx]
    Which is: '\n' (10, 0xA)
With diff:
@@ -1,1 +1,2 @@
-'\0'
+'
+' (10, 0xA)

Source copy mismatch at dst(11,14) channel 2
]]></failure>
      <failure message="/home/cjxu/npp/test/unit/nppi/nppi_geometry_transforms/test_nppi_copyConstBorder.cpp:88&#x0A;Expected equality of these values:&#x0A;  dstData[dstIdx]&#x0A;    Which is: &apos;\0&apos;&#x0A;  srcData[srcIdx]&#x0A;    Which is: &apos;\xC4&apos; (196)&#x0A;Source copy mismatch at dst(12,14) channel 0&#x0A;" type=""><![CDATA[/home/cjxu/npp/test/unit/nppi/nppi_geometry_transforms/test_nppi_copyConstBorder.cpp:88
Expected equality of these values:
  dstData[dstIdx]
    Which is: '\0'
  srcData[srcIdx]
    Which is: '\xC4' (196)
Source copy mismatch at dst(12,14) channel 0
]]></failure>
      <failure message="/home/cjxu/npp/test/unit/nppi/nppi_geometry_transforms/test_nppi_copyConstBorder.cpp:88&#x0A;Expected equality of these values:&#x0A;  dstData[dstIdx]&#x0A;    Which is: &apos;\0&apos;&#x0A;  srcData[srcIdx]&#x0A;    Which is: &apos;!&apos; (33, 0x21)&#x0A;Source copy mismatch at dst(12,14) channel 1&#x0A;" type=""><![CDATA[/home/cjxu/npp/test/unit/nppi/nppi_geometry_transforms/test_nppi_copyConstBorder.cpp:88
Expected equality of these values:
  dstData[dstIdx]
    Which is: '\0'
  srcData[srcIdx]
    Which is: '!' (33, 0x21)
Source copy mismatch at dst(12,14) channel 1
]]></failure>
      <failure message="/home/cjxu/npp/test/unit/nppi/nppi_geometry_transforms/test_nppi_copyConstBorder.cpp:88&#x0A;Expected equality of these values:&#x0A;  dstData[dstIdx]&#x0A;    Which is: &apos;\0&apos;&#x0A;  srcData[srcIdx]&#x0A;    Which is: &apos;\xC9&apos; (201)&#x0A;Source copy mismatch at dst(12,14) channel 2&#x0A;" type=""><![CDATA[/home/cjxu/npp/test/unit/nppi/nppi_geometry_transforms/test_nppi_copyConstBorder.cpp:88
Expected equality of these values:
  dstData[dstIdx]
    Which is: '\0'
  srcData[srcIdx]
    Which is: '\xC9' (201)
Source copy mismatch at dst(12,14) channel 2
]]></failure>
      <failure message="/home/cjxu/npp/test/unit/nppi/nppi_geometry_transforms/test_nppi_copyConstBorder.cpp:88&#x0A;Expected equality of these values:&#x0A;  dstData[dstIdx]&#x0A;    Which is: &apos;\0&apos;&#x0A;  srcData[srcIdx]&#x0A;    Which is: &apos;\xFC&apos; (252)&#x0A;Source copy mismatch at dst(13,14) channel 0&#x0A;" type=""><![CDATA[/home/cjxu/npp/test/unit/nppi/nppi_geometry_transforms/test_nppi_copyConstBorder.cpp:88
Expected equality of these values:
  dstData[dstIdx]
    Which is: '\0'
  srcData[srcIdx]
    Which is: '\xFC' (252)
Source copy mismatch at dst(13,14) channel 0
]]></failure>
      <failure message="/home/cjxu/npp/test/unit/nppi/nppi_geometry_transforms/test_nppi_copyConstBorder.cpp:88&#x0A;Expected equality of these values:&#x0A;  dstData[dstIdx]&#x0A;    Which is: &apos;\0&apos;&#x0A;  srcData[srcIdx]&#x0A;    Which is: &apos;\xB7&apos; (183)&#x0A;Source copy mismatch at dst(13,14) channel 1&#x0A;" type=""><![CDATA[/home/cjxu/npp/test/unit/nppi/nppi_geometry_transforms/test_nppi_copyConstBorder.cpp:88
Expected equality of these values:
  dstData[dstIdx]
    Which is: '\0'
  srcData[srcIdx]
    Which is: '\xB7' (183)
Source copy mismatch at dst(13,14) channel 1
]]></failure>
      <failure message="/home/cjxu/npp/test/unit/nppi/nppi_geometry_transforms/test_nppi_copyConstBorder.cpp:88&#x0A;Expected equality of these values:&#x0A;  dstData[dstIdx]&#x0A;    Which is: &apos;\0&apos;&#x0A;  srcData[srcIdx]&#x0A;    Which is: &apos;\&apos;&apos; (39, 0x27)&#x0A;Source copy mismatch at dst(13,14) channel 2&#x0A;" type=""><![CDATA[/home/cjxu/npp/test/unit/nppi/nppi_geometry_transforms/test_nppi_copyConstBorder.cpp:88
Expected equality of these values:
  dstData[dstIdx]
    Which is: '\0'
  srcData[srcIdx]
    Which is: '\'' (39, 0x27)
Source copy mismatch at dst(13,14) channel 2
]]></failure>
      <failure message="/home/cjxu/npp/test/unit/nppi/nppi_geometry_transforms/test_nppi_copyConstBorder.cpp:88&#x0A;Expected equality of these values:&#x0A;  dstData[dstIdx]&#x0A;    Which is: &apos;\0&apos;&#x0A;  srcData[srcIdx]&#x0A;    Which is: &apos;\xA3&apos; (163)&#x0A;Source copy mismatch at dst(14,14) channel 0&#x0A;" type=""><![CDATA[/home/cjxu/npp/test/unit/nppi/nppi_geometry_transforms/test_nppi_copyConstBorder.cpp:88
Expected equality of these values:
  dstData[dstIdx]
    Which is: '\0'
  srcData[srcIdx]
    Which is: '\xA3' (163)
Source copy mismatch at dst(14,14) channel 0
]]></failure>
      <failure message="/home/cjxu/npp/test/unit/nppi/nppi_geometry_transforms/test_nppi_copyConstBorder.cpp:88&#x0A;Expected equality of these values:&#x0A;  dstData[dstIdx]&#x0A;    Which is: &apos;\0&apos;&#x0A;  srcData[srcIdx]&#x0A;    Which is: &apos;\f&apos; (12, 0xC)&#x0A;Source copy mismatch at dst(14,14) channel 1&#x0A;" type=""><![CDATA[/home/cjxu/npp/test/unit/nppi/nppi_geometry_transforms/test_nppi_copyConstBorder.cpp:88
Expected equality of these values:
  dstData[dstIdx]
    Which is: '\0'
  srcData[srcIdx]
    Which is: '\f' (12, 0xC)
Source copy mismatch at dst(14,14) channel 1
]]></failure>
      <failure message="/home/cjxu/npp/test/unit/nppi/nppi_geometry_transforms/test_nppi_copyConstBorder.cpp:88&#x0A;Expected equality of these values:&#x0A;  dstData[dstIdx]&#x0A;    Which is: &apos;\0&apos;&#x0A;  srcData[srcIdx]&#x0A;    Which is: &apos;C&apos; (67, 0x43)&#x0A;Source copy mismatch at dst(14,14) channel 2&#x0A;" type=""><![CDATA[/home/cjxu/npp/test/unit/nppi/nppi_geometry_transforms/test_nppi_copyConstBorder.cpp:88
Expected equality of these values:
  dstData[dstIdx]
    Which is: '\0'
  srcData[srcIdx]
    Which is: 'C' (67, 0x43)
Source copy mismatch at dst(14,14) channel 2
]]></failure>
      <failure message="/home/cjxu/npp/test/unit/nppi/nppi_geometry_transforms/test_nppi_copyConstBorder.cpp:88&#x0A;Expected equality of these values:&#x0A;  dstData[dstIdx]&#x0A;    Which is: &apos;\0&apos;&#x0A;  srcData[srcIdx]&#x0A;    Which is: &apos;\xF8&apos; (248)&#x0A;Source copy mismatch at dst(15,14) channel 0&#x0A;" type=""><![CDATA[/home/cjxu/npp/test/unit/nppi/nppi_geometry_transforms/test_nppi_copyConstBorder.cpp:88
Expected equality of these values:
  dstData[dstIdx]
    Which is: '\0'
  srcData[srcIdx]
    Which is: '\xF8' (248)
Source copy mismatch at dst(15,14) channel 0
]]></failure>
      <failure message="/home/cjxu/npp/test/unit/nppi/nppi_geometry_transforms/test_nppi_copyConstBorder.cpp:88&#x0A;Expected equality of these values:&#x0A;  dstData[dstIdx]&#x0A;    Which is: &apos;\0&apos;&#x0A;  srcData[srcIdx]&#x0A;    Which is: &apos;V&apos; (86, 0x56)&#x0A;Source copy mismatch at dst(15,14) channel 1&#x0A;" type=""><![CDATA[/home/cjxu/npp/test/unit/nppi/nppi_geometry_transforms/test_nppi_copyConstBorder.cpp:88
Expected equality of these values:
  dstData[dstIdx]
    Which is: '\0'
  srcData[srcIdx]
    Which is: 'V' (86, 0x56)
Source copy mismatch at dst(15,14) channel 1
]]></failure>
      <failure message="/home/cjxu/npp/test/unit/nppi/nppi_geometry_transforms/test_nppi_copyConstBorder.cpp:88&#x0A;Expected equality of these values:&#x0A;  dstData[dstIdx]&#x0A;    Which is: &apos;\0&apos;&#x0A;  srcData[srcIdx]&#x0A;    Which is: &apos;\xAE&apos; (174)&#x0A;Source copy mismatch at dst(15,14) channel 2&#x0A;" type=""><![CDATA[/home/cjxu/npp/test/unit/nppi/nppi_geometry_transforms/test_nppi_copyConstBorder.cpp:88
Expected equality of these values:
  dstData[dstIdx]
    Which is: '\0'
  srcData[srcIdx]
    Which is: '\xAE' (174)
Source copy mismatch at dst(15,14) channel 2
]]></failure>
      <failure message="/home/cjxu/npp/test/unit/nppi/nppi_geometry_transforms/test_nppi_copyConstBorder.cpp:88&#x0A;Expected equality of these values:&#x0A;  dstData[dstIdx]&#x0A;    Which is: &apos;\0&apos;&#x0A;  srcData[srcIdx]&#x0A;    Which is: &apos;$&apos; (36, 0x24)&#x0A;Source copy mismatch at dst(16,14) channel 0&#x0A;" type=""><![CDATA[/home/cjxu/npp/test/unit/nppi/nppi_geometry_transforms/test_nppi_copyConstBorder.cpp:88
Expected equality of these values:
  dstData[dstIdx]
    Which is: '\0'
  srcData[srcIdx]
    Which is: '$' (36, 0x24)
Source copy mismatch at dst(16,14) channel 0
]]></failure>
      <failure message="/home/cjxu/npp/test/unit/nppi/nppi_geometry_transforms/test_nppi_copyConstBorder.cpp:88&#x0A;Expected equality of these values:&#x0A;  dstData[dstIdx]&#x0A;    Which is: &apos;\0&apos;&#x0A;  srcData[srcIdx]&#x0A;    Which is: &apos;\x80&apos; (128)&#x0A;Source copy mismatch at dst(16,14) channel 1&#x0A;" type=""><![CDATA[/home/cjxu/npp/test/unit/nppi/nppi_geometry_transforms/test_nppi_copyConstBorder.cpp:88
Expected equality of these values:
  dstData[dstIdx]
    Which is: '\0'
  srcData[srcIdx]
    Which is: '\x80' (128)
Source copy mismatch at dst(16,14) channel 1
]]></failure>
      <failure message="/home/cjxu/npp/test/unit/nppi/nppi_geometry_transforms/test_nppi_copyConstBorder.cpp:88&#x0A;Expected equality of these values:&#x0A;  dstData[dstIdx]&#x0A;    Which is: &apos;\0&apos;&#x0A;  srcData[srcIdx]&#x0A;    Which is: &apos;n&apos; (110, 0x6E)&#x0A;Source copy mismatch at dst(16,14) channel 2&#x0A;" type=""><![CDATA[/home/cjxu/npp/test/unit/nppi/nppi_geometry_transforms/test_nppi_copyConstBorder.cpp:88
Expected equality of these values:
  dstData[dstIdx]
    Which is: '\0'
  srcData[srcIdx]
    Which is: 'n' (110, 0x6E)
Source copy mismatch at dst(16,14) channel 2
]]></failure>
      <failure message="/home/cjxu/npp/test/unit/nppi/nppi_geometry_transforms/test_nppi_copyConstBorder.cpp:88&#x0A;Expected equality of these values:&#x0A;  dstData[dstIdx]&#x0A;    Which is: &apos;\0&apos;&#x0A;  srcData[srcIdx]&#x0A;    Which is: &apos;V&apos; (86, 0x56)&#x0A;Source copy mismatch at dst(17,14) channel 1&#x0A;" type=""><![CDATA[/home/cjxu/npp/test/unit/nppi/nppi_geometry_transforms/test_nppi_copyConstBorder.cpp:88
Expected equality of these values:
  dstData[dstIdx]
    Which is: '\0'
  srcData[srcIdx]
    Which is: 'V' (86, 0x56)
Source copy mismatch at dst(17,14) channel 1
]]></failure>
      <failure message="/home/cjxu/npp/test/unit/nppi/nppi_geometry_transforms/test_nppi_copyConstBorder.cpp:88&#x0A;Expected equality of these values:&#x0A;  dstData[dstIdx]&#x0A;    Which is: &apos;\0&apos;&#x0A;  srcData[srcIdx]&#x0A;    Which is: &apos;\x8A&apos; (138)&#x0A;Source copy mismatch at dst(17,14) channel 2&#x0A;" type=""><![CDATA[/home/cjxu/npp/test/unit/nppi/nppi_geometry_transforms/test_nppi_copyConstBorder.cpp:88
Expected equality of these values:
  dstData[dstIdx]
    Which is: '\0'
  srcData[srcIdx]
    Which is: '\x8A' (138)
Source copy mismatch at dst(17,14) channel 2
]]></failure>
      <failure message="/home/cjxu/npp/test/unit/nppi/nppi_geometry_transforms/test_nppi_copyConstBorder.cpp:88&#x0A;Expected equality of these values:&#x0A;  dstData[dstIdx]&#x0A;    Which is: &apos;\0&apos;&#x0A;  srcData[srcIdx]&#x0A;    Which is: &apos;\xFC&apos; (252)&#x0A;Source copy mismatch at dst(18,14) channel 0&#x0A;" type=""><![CDATA[/home/cjxu/npp/test/unit/nppi/nppi_geometry_transforms/test_nppi_copyConstBorder.cpp:88
Expected equality of these values:
  dstData[dstIdx]
    Which is: '\0'
  srcData[srcIdx]
    Which is: '\xFC' (252)
Source copy mismatch at dst(18,14) channel 0
]]></failure>
      <failure message="/home/cjxu/npp/test/unit/nppi/nppi_geometry_transforms/test_nppi_copyConstBorder.cpp:88&#x0A;Expected equality of these values:&#x0A;  dstData[dstIdx]&#x0A;    Which is: &apos;\0&apos;&#x0A;  srcData[srcIdx]&#x0A;    Which is: &apos;\xFE&apos; (254)&#x0A;Source copy mismatch at dst(18,14) channel 1&#x0A;" type=""><![CDATA[/home/cjxu/npp/test/unit/nppi/nppi_geometry_transforms/test_nppi_copyConstBorder.cpp:88
Expected equality of these values:
  dstData[dstIdx]
    Which is: '\0'
  srcData[srcIdx]
    Which is: '\xFE' (254)
Source copy mismatch at dst(18,14) channel 1
]]></failure>
      <failure message="/home/cjxu/npp/test/unit/nppi/nppi_geometry_transforms/test_nppi_copyConstBorder.cpp:88&#x0A;Expected equality of these values:&#x0A;  dstData[dstIdx]&#x0A;    Which is: &apos;\0&apos;&#x0A;  srcData[srcIdx]&#x0A;    Which is: &apos;\xB3&apos; (179)&#x0A;Source copy mismatch at dst(18,14) channel 2&#x0A;" type=""><![CDATA[/home/cjxu/npp/test/unit/nppi/nppi_geometry_transforms/test_nppi_copyConstBorder.cpp:88
Expected equality of these values:
  dstData[dstIdx]
    Which is: '\0'
  srcData[srcIdx]
    Which is: '\xB3' (179)
Source copy mismatch at dst(18,14) channel 2
]]></failure>
      <failure message="/home/cjxu/npp/test/unit/nppi/nppi_geometry_transforms/test_nppi_copyConstBorder.cpp:95&#x0A;Expected equality of these values:&#x0A;  dstData[dstIdx]&#x0A;    Which is: &apos;\0&apos;&#x0A;  borderValues[c]&#x0A;    Which is: &apos;d&apos; (100, 0x64)&#x0A;Border value mismatch at (19,14) channel 0&#x0A;" type=""><![CDATA[/home/cjxu/npp/test/unit/nppi/nppi_geometry_transforms/test_nppi_copyConstBorder.cpp:95
Expected equality of these values:
  dstData[dstIdx]
    Which is: '\0'
  borderValues[c]
    Which is: 'd' (100, 0x64)
Border value mismatch at (19,14) channel 0
]]></failure>
      <failure message="/home/cjxu/npp/test/unit/nppi/nppi_geometry_transforms/test_nppi_copyConstBorder.cpp:95&#x0A;Expected equality of these values:&#x0A;  dstData[dstIdx]&#x0A;    Which is: &apos;\0&apos;&#x0A;  borderValues[c]&#x0A;    Which is: &apos;\x96&apos; (150)&#x0A;Border value mismatch at (19,14) channel 1&#x0A;" type=""><![CDATA[/home/cjxu/npp/test/unit/nppi/nppi_geometry_transforms/test_nppi_copyConstBorder.cpp:95
Expected equality of these values:
  dstData[dstIdx]
    Which is: '\0'
  borderValues[c]
    Which is: '\x96' (150)
Border value mismatch at (19,14) channel 1
]]></failure>
      <failure message="/home/cjxu/npp/test/unit/nppi/nppi_geometry_transforms/test_nppi_copyConstBorder.cpp:95&#x0A;Expected equality of these values:&#x0A;  dstData[dstIdx]&#x0A;    Which is: &apos;\0&apos;&#x0A;  borderValues[c]&#x0A;    Which is: &apos;\xC8&apos; (200)&#x0A;Border value mismatch at (19,14) channel 2&#x0A;" type=""><![CDATA[/home/cjxu/npp/test/unit/nppi/nppi_geometry_transforms/test_nppi_copyConstBorder.cpp:95
Expected equality of these values:
  dstData[dstIdx]
    Which is: '\0'
  borderValues[c]
    Which is: '\xC8' (200)
Border value mismatch at (19,14) channel 2
]]></failure>
      <failure message="/home/cjxu/npp/test/unit/nppi/nppi_geometry_transforms/test_nppi_copyConstBorder.cpp:95&#x0A;Expected equality of these values:&#x0A;  dstData[dstIdx]&#x0A;    Which is: &apos;\0&apos;&#x0A;  borderValues[c]&#x0A;    Which is: &apos;d&apos; (100, 0x64)&#x0A;Border value mismatch at (20,14) channel 0&#x0A;" type=""><![CDATA[/home/cjxu/npp/test/unit/nppi/nppi_geometry_transforms/test_nppi_copyConstBorder.cpp:95
Expected equality of these values:
  dstData[dstIdx]
    Which is: '\0'
  borderValues[c]
    Which is: 'd' (100, 0x64)
Border value mismatch at (20,14) channel 0
]]></failure>
      <failure message="/home/cjxu/npp/test/unit/nppi/nppi_geometry_transforms/test_nppi_copyConstBorder.cpp:95&#x0A;Expected equality of these values:&#x0A;  dstData[dstIdx]&#x0A;    Which is: &apos;\0&apos;&#x0A;  borderValues[c]&#x0A;    Which is: &apos;\x96&apos; (150)&#x0A;Border value mismatch at (20,14) channel 1&#x0A;" type=""><![CDATA[/home/cjxu/npp/test/unit/nppi/nppi_geometry_transforms/test_nppi_copyConstBorder.cpp:95
Expected equality of these values:
  dstData[dstIdx]
    Which is: '\0'
  borderValues[c]
    Which is: '\x96' (150)
Border value mismatch at (20,14) channel 1
]]></failure>
      <failure message="/home/cjxu/npp/test/unit/nppi/nppi_geometry_transforms/test_nppi_copyConstBorder.cpp:95&#x0A;Expected equality of these values:&#x0A;  dstData[dstIdx]&#x0A;    Which is: &apos;\0&apos;&#x0A;  borderValues[c]&#x0A;    Which is: &apos;\xC8&apos; (200)&#x0A;Border value mismatch at (20,14) channel 2&#x0A;" type=""><![CDATA[/home/cjxu/npp/test/unit/nppi/nppi_geometry_transforms/test_nppi_copyConstBorder.cpp:95
Expected equality of these values:
  dstData[dstIdx]
    Which is: '\0'
  borderValues[c]
    Which is: '\xC8' (200)
Border value mismatch at (20,14) channel 2
]]></failure>
      <failure message="/home/cjxu/npp/test/unit/nppi/nppi_geometry_transforms/test_nppi_copyConstBorder.cpp:95&#x0A;Expected equality of these values:&#x0A;  dstData[dstIdx]&#x0A;    Which is: &apos;\0&apos;&#x0A;  borderValues[c]&#x0A;    Which is: &apos;d&apos; (100, 0x64)&#x0A;Border value mismatch at (21,14) channel 0&#x0A;" type=""><![CDATA[/home/cjxu/npp/test/unit/nppi/nppi_geometry_transforms/test_nppi_copyConstBorder.cpp:95
Expected equality of these values:
  dstData[dstIdx]
    Which is: '\0'
  borderValues[c]
    Which is: 'd' (100, 0x64)
Border value mismatch at (21,14) channel 0
]]></failure>
      <failure message="/home/cjxu/npp/test/unit/nppi/nppi_geometry_transforms/test_nppi_copyConstBorder.cpp:95&#x0A;Expected equality of these values:&#x0A;  dstData[dstIdx]&#x0A;    Which is: &apos;\0&apos;&#x0A;  borderValues[c]&#x0A;    Which is: &apos;\x96&apos; (150)&#x0A;Border value mismatch at (21,14) channel 1&#x0A;" type=""><![CDATA[/home/cjxu/npp/test/unit/nppi/nppi_geometry_transforms/test_nppi_copyConstBorder.cpp:95
Expected equality of these values:
  dstData[dstIdx]
    Which is: '\0'
  borderValues[c]
    Which is: '\x96' (150)
Border value mismatch at (21,14) channel 1
]]></failure>
      <failure message="/home/cjxu/npp/test/unit/nppi/nppi_geometry_transforms/test_nppi_copyConstBorder.cpp:95&#x0A;Expected equality of these values:&#x0A;  dstData[dstIdx]&#x0A;    Which is: &apos;\0&apos;&#x0A;  borderValues[c]&#x0A;    Which is: &apos;\xC8&apos; (200)&#x0A;Border value mismatch at (21,14) channel 2&#x0A;" type=""><![CDATA[/home/cjxu/npp/test/unit/nppi/nppi_geometry_transforms/test_nppi_copyConstBorder.cpp:95
Expected equality of these values:
  dstData[dstIdx]
    Which is: '\0'
  borderValues[c]
    Which is: '\xC8' (200)
Border value mismatch at (21,14) channel 2
]]></failure>
      <failure message="/home/cjxu/npp/test/unit/nppi/nppi_geometry_transforms/test_nppi_copyConstBorder.cpp:95&#x0A;Expected equality of these values:&#x0A;  dstData[dstIdx]&#x0A;    Which is: &apos;\0&apos;&#x0A;  borderValues[c]&#x0A;    Which is: &apos;d&apos; (100, 0x64)&#x0A;Border value mismatch at (22,14) channel 0&#x0A;" type=""><![CDATA[/home/cjxu/npp/test/unit/nppi/nppi_geometry_transforms/test_nppi_copyConstBorder.cpp:95
Expected equality of these values:
  dstData[dstIdx]
    Which is: '\0'
  borderValues[c]
    Which is: 'd' (100, 0x64)
Border value mismatch at (22,14) channel 0
]]></failure>
      <failure message="/home/cjxu/npp/test/unit/nppi/nppi_geometry_transforms/test_nppi_copyConstBorder.cpp:95&#x0A;Expected equality of these values:&#x0A;  dstData[dstIdx]&#x0A;    Which is: &apos;\0&apos;&#x0A;  borderValues[c]&#x0A;    Which is: &apos;\x96&apos; (150)&#x0A;Border value mismatch at (22,14) channel 1&#x0A;" type=""><![CDATA[/home/cjxu/npp/test/unit/nppi/nppi_geometry_transforms/test_nppi_copyConstBorder.cpp:95
Expected equality of these values:
  dstData[dstIdx]
    Which is: '\0'
  borderValues[c]
    Which is: '\x96' (150)
Border value mismatch at (22,14) channel 1
]]></failure>
      <failure message="/home/cjxu/npp/test/unit/nppi/nppi_geometry_transforms/test_nppi_copyConstBorder.cpp:95&#x0A;Expected equality of these values:&#x0A;  dstData[dstIdx]&#x0A;    Which is: &apos;\0&apos;&#x0A;  borderValues[c]&#x0A;    Which is: &apos;\xC8&apos; (200)&#x0A;Border value mismatch at (22,14) channel 2&#x0A;" type=""><![CDATA[/home/cjxu/npp/test/unit/nppi/nppi_geometry_transforms/test_nppi_copyConstBorder.cpp:95
Expected equality of these values:
  dstData[dstIdx]
    Which is: '\0'
  borderValues[c]
    Which is: '\xC8' (200)
Border value mismatch at (22,14) channel 2
]]></failure>
      <failure message="/home/cjxu/npp/test/unit/nppi/nppi_geometry_transforms/test_nppi_copyConstBorder.cpp:95&#x0A;Expected equality of these values:&#x0A;  dstData[dstIdx]&#x0A;    Which is: &apos;\0&apos;&#x0A;  borderValues[c]&#x0A;    Which is: &apos;d&apos; (100, 0x64)&#x0A;Border value mismatch at (23,14) channel 0&#x0A;" type=""><![CDATA[/home/cjxu/npp/test/unit/nppi/nppi_geometry_transforms/test_nppi_copyConstBorder.cpp:95
Expected equality of these values:
  dstData[dstIdx]
    Which is: '\0'
  borderValues[c]
    Which is: 'd' (100, 0x64)
Border value mismatch at (23,14) channel 0
]]></failure>
      <failure message="/home/cjxu/npp/test/unit/nppi/nppi_geometry_transforms/test_nppi_copyConstBorder.cpp:95&#x0A;Expected equality of these values:&#x0A;  dstData[dstIdx]&#x0A;    Which is: &apos;\0&apos;&#x0A;  borderValues[c]&#x0A;    Which is: &apos;\x96&apos; (150)&#x0A;Border value mismatch at (23,14) channel 1&#x0A;" type=""><![CDATA[/home/cjxu/npp/test/unit/nppi/nppi_geometry_transforms/test_nppi_copyConstBorder.cpp:95
Expected equality of these values:
  dstData[dstIdx]
    Which is: '\0'
  borderValues[c]
    Which is: '\x96' (150)
Border value mismatch at (23,14) channel 1
]]></failure>
      <failure message="/home/cjxu/npp/test/unit/nppi/nppi_geometry_transforms/test_nppi_copyConstBorder.cpp:95&#x0A;Expected equality of these values:&#x0A;  dstData[dstIdx]&#x0A;    Which is: &apos;\0&apos;&#x0A;  borderValues[c]&#x0A;    Which is: &apos;\xC8&apos; (200)&#x0A;Border value mismatch at (23,14) channel 2&#x0A;" type=""><![CDATA[/home/cjxu/npp/test/unit/nppi/nppi_geometry_transforms/test_nppi_copyConstBorder.cpp:95
Expected equality of these values:
  dstData[dstIdx]
    Which is: '\0'
  borderValues[c]
    Which is: '\xC8' (200)
Border value mismatch at (23,14) channel 2
]]></failure>
      <failure message="/home/cjxu/npp/test/unit/nppi/nppi_geometry_transforms/test_nppi_copyConstBorder.cpp:95&#x0A;Expected equality of these values:&#x0A;  dstData[dstIdx]&#x0A;    Which is: &apos;\0&apos;&#x0A;  borderValues[c]&#x0A;    Which is: &apos;d&apos; (100, 0x64)&#x0A;Border value mismatch at (0,15) channel 0&#x0A;" type=""><![CDATA[/home/cjxu/npp/test/unit/nppi/nppi_geometry_transforms/test_nppi_copyConstBorder.cpp:95
Expected equality of these values:
  dstData[dstIdx]
    Which is: '\0'
  borderValues[c]
    Which is: 'd' (100, 0x64)
Border value mismatch at (0,15) channel 0
]]></failure>
      <failure message="/home/cjxu/npp/test/unit/nppi/nppi_geometry_transforms/test_nppi_copyConstBorder.cpp:95&#x0A;Expected equality of these values:&#x0A;  dstData[dstIdx]&#x0A;    Which is: &apos;\0&apos;&#x0A;  borderValues[c]&#x0A;    Which is: &apos;\x96&apos; (150)&#x0A;Border value mismatch at (0,15) channel 1&#x0A;" type=""><![CDATA[/home/cjxu/npp/test/unit/nppi/nppi_geometry_transforms/test_nppi_copyConstBorder.cpp:95
Expected equality of these values:
  dstData[dstIdx]
    Which is: '\0'
  borderValues[c]
    Which is: '\x96' (150)
Border value mismatch at (0,15) channel 1
]]></failure>
      <failure message="/home/cjxu/npp/test/unit/nppi/nppi_geometry_transforms/test_nppi_copyConstBorder.cpp:95&#x0A;Expected equality of these values:&#x0A;  dstData[dstIdx]&#x0A;    Which is: &apos;\0&apos;&#x0A;  borderValues[c]&#x0A;    Which is: &apos;\xC8&apos; (200)&#x0A;Border value mismatch at (0,15) channel 2&#x0A;" type=""><![CDATA[/home/cjxu/npp/test/unit/nppi/nppi_geometry_transforms/test_nppi_copyConstBorder.cpp:95
Expected equality of these values:
  dstData[dstIdx]
    Which is: '\0'
  borderValues[c]
    Which is: '\xC8' (200)
Border value mismatch at (0,15) channel 2
]]></failure>
      <failure message="/home/cjxu/npp/test/unit/nppi/nppi_geometry_transforms/test_nppi_copyConstBorder.cpp:95&#x0A;Expected equality of these values:&#x0A;  dstData[dstIdx]&#x0A;    Which is: &apos;\0&apos;&#x0A;  borderValues[c]&#x0A;    Which is: &apos;d&apos; (100, 0x64)&#x0A;Border value mismatch at (1,15) channel 0&#x0A;" type=""><![CDATA[/home/cjxu/npp/test/unit/nppi/nppi_geometry_transforms/test_nppi_copyConstBorder.cpp:95
Expected equality of these values:
  dstData[dstIdx]
    Which is: '\0'
  borderValues[c]
    Which is: 'd' (100, 0x64)
Border value mismatch at (1,15) channel 0
]]></failure>
      <failure message="/home/cjxu/npp/test/unit/nppi/nppi_geometry_transforms/test_nppi_copyConstBorder.cpp:95&#x0A;Expected equality of these values:&#x0A;  dstData[dstIdx]&#x0A;    Which is: &apos;\0&apos;&#x0A;  borderValues[c]&#x0A;    Which is: &apos;\x96&apos; (150)&#x0A;Border value mismatch at (1,15) channel 1&#x0A;" type=""><![CDATA[/home/cjxu/npp/test/unit/nppi/nppi_geometry_transforms/test_nppi_copyConstBorder.cpp:95
Expected equality of these values:
  dstData[dstIdx]
    Which is: '\0'
  borderValues[c]
    Which is: '\x96' (150)
Border value mismatch at (1,15) channel 1
]]></failure>
      <failure message="/home/cjxu/npp/test/unit/nppi/nppi_geometry_transforms/test_nppi_copyConstBorder.cpp:95&#x0A;Expected equality of these values:&#x0A;  dstData[dstIdx]&#x0A;    Which is: &apos;\0&apos;&#x0A;  borderValues[c]&#x0A;    Which is: &apos;\xC8&apos; (200)&#x0A;Border value mismatch at (1,15) channel 2&#x0A;" type=""><![CDATA[/home/cjxu/npp/test/unit/nppi/nppi_geometry_transforms/test_nppi_copyConstBorder.cpp:95
Expected equality of these values:
  dstData[dstIdx]
    Which is: '\0'
  borderValues[c]
    Which is: '\xC8' (200)
Border value mismatch at (1,15) channel 2
]]></failure>
      <failure message="/home/cjxu/npp/test/unit/nppi/nppi_geometry_transforms/test_nppi_copyConstBorder.cpp:95&#x0A;Expected equality of these values:&#x0A;  dstData[dstIdx]&#x0A;    Which is: &apos;\0&apos;&#x0A;  borderValues[c]&#x0A;    Which is: &apos;d&apos; (100, 0x64)&#x0A;Border value mismatch at (2,15) channel 0&#x0A;" type=""><![CDATA[/home/cjxu/npp/test/unit/nppi/nppi_geometry_transforms/test_nppi_copyConstBorder.cpp:95
Expected equality of these values:
  dstData[dstIdx]
    Which is: '\0'
  borderValues[c]
    Which is: 'd' (100, 0x64)
Border value mismatch at (2,15) channel 0
]]></failure>
      <failure message="/home/cjxu/npp/test/unit/nppi/nppi_geometry_transforms/test_nppi_copyConstBorder.cpp:95&#x0A;Expected equality of these values:&#x0A;  dstData[dstIdx]&#x0A;    Which is: &apos;\0&apos;&#x0A;  borderValues[c]&#x0A;    Which is: &apos;\x96&apos; (150)&#x0A;Border value mismatch at (2,15) channel 1&#x0A;" type=""><![CDATA[/home/cjxu/npp/test/unit/nppi/nppi_geometry_transforms/test_nppi_copyConstBorder.cpp:95
Expected equality of these values:
  dstData[dstIdx]
    Which is: '\0'
  borderValues[c]
    Which is: '\x96' (150)
Border value mismatch at (2,15) channel 1
]]></failure>
      <failure message="/home/cjxu/npp/test/unit/nppi/nppi_geometry_transforms/test_nppi_copyConstBorder.cpp:95&#x0A;Expected equality of these values:&#x0A;  dstData[dstIdx]&#x0A;    Which is: &apos;\0&apos;&#x0A;  borderValues[c]&#x0A;    Which is: &apos;\xC8&apos; (200)&#x0A;Border value mismatch at (2,15) channel 2&#x0A;" type=""><![CDATA[/home/cjxu/npp/test/unit/nppi/nppi_geometry_transforms/test_nppi_copyConstBorder.cpp:95
Expected equality of these values:
  dstData[dstIdx]
    Which is: '\0'
  borderValues[c]
    Which is: '\xC8' (200)
Border value mismatch at (2,15) channel 2
]]></failure>
      <failure message="/home/cjxu/npp/test/unit/nppi/nppi_geometry_transforms/test_nppi_copyConstBorder.cpp:88&#x0A;Expected equality of these values:&#x0A;  dstData[dstIdx]&#x0A;    Which is: &apos;\0&apos;&#x0A;  srcData[srcIdx]&#x0A;    Which is: &apos;\x8E&apos; (142)&#x0A;Source copy mismatch at dst(3,15) channel 0&#x0A;" type=""><![CDATA[/home/cjxu/npp/test/unit/nppi/nppi_geometry_transforms/test_nppi_copyConstBorder.cpp:88
Expected equality of these values:
  dstData[dstIdx]
    Which is: '\0'
  srcData[srcIdx]
    Which is: '\x8E' (142)
Source copy mismatch at dst(3,15) channel 0
]]></failure>
      <failure message="/home/cjxu/npp/test/unit/nppi/nppi_geometry_transforms/test_nppi_copyConstBorder.cpp:88&#x0A;Expected equality of these values:&#x0A;  dstData[dstIdx]&#x0A;    Which is: &apos;\0&apos;&#x0A;  srcData[srcIdx]&#x0A;    Which is: &apos;,&apos; (44, 0x2C)&#x0A;Source copy mismatch at dst(3,15) channel 1&#x0A;" type=""><![CDATA[/home/cjxu/npp/test/unit/nppi/nppi_geometry_transforms/test_nppi_copyConstBorder.cpp:88
Expected equality of these values:
  dstData[dstIdx]
    Which is: '\0'
  srcData[srcIdx]
    Which is: ',' (44, 0x2C)
Source copy mismatch at dst(3,15) channel 1
]]></failure>
      <failure message="/home/cjxu/npp/test/unit/nppi/nppi_geometry_transforms/test_nppi_copyConstBorder.cpp:88&#x0A;Expected equality of these values:&#x0A;  dstData[dstIdx]&#x0A;    Which is: &apos;\0&apos;&#x0A;  srcData[srcIdx]&#x0A;    Which is: &apos;\x1B&apos; (27)&#x0A;Source copy mismatch at dst(3,15) channel 2&#x0A;" type=""><![CDATA[/home/cjxu/npp/test/unit/nppi/nppi_geometry_transforms/test_nppi_copyConstBorder.cpp:88
Expected equality of these values:
  dstData[dstIdx]
    Which is: '\0'
  srcData[srcIdx]
    Which is: '\x1B' (27)
Source copy mismatch at dst(3,15) channel 2
]]></failure>
      <failure message="/home/cjxu/npp/test/unit/nppi/nppi_geometry_transforms/test_nppi_copyConstBorder.cpp:88&#x0A;Expected equality of these values:&#x0A;  dstData[dstIdx]&#x0A;    Which is: &apos;\0&apos;&#x0A;  srcData[srcIdx]&#x0A;    Which is: &apos;N&apos; (78, 0x4E)&#x0A;Source copy mismatch at dst(4,15) channel 0&#x0A;" type=""><![CDATA[/home/cjxu/npp/test/unit/nppi/nppi_geometry_transforms/test_nppi_copyConstBorder.cpp:88
Expected equality of these values:
  dstData[dstIdx]
    Which is: '\0'
  srcData[srcIdx]
    Which is: 'N' (78, 0x4E)
Source copy mismatch at dst(4,15) channel 0
]]></failure>
      <failure message="/home/cjxu/npp/test/unit/nppi/nppi_geometry_transforms/test_nppi_copyConstBorder.cpp:88&#x0A;Expected equality of these values:&#x0A;  dstData[dstIdx]&#x0A;    Which is: &apos;\0&apos;&#x0A;  srcData[srcIdx]&#x0A;    Which is: &apos;\xB8&apos; (184)&#x0A;Source copy mismatch at dst(4,15) channel 1&#x0A;" type=""><![CDATA[/home/cjxu/npp/test/unit/nppi/nppi_geometry_transforms/test_nppi_copyConstBorder.cpp:88
Expected equality of these values:
  dstData[dstIdx]
    Which is: '\0'
  srcData[srcIdx]
    Which is: '\xB8' (184)
Source copy mismatch at dst(4,15) channel 1
]]></failure>
      <failure message="/home/cjxu/npp/test/unit/nppi/nppi_geometry_transforms/test_nppi_copyConstBorder.cpp:88&#x0A;Expected equality of these values:&#x0A;  dstData[dstIdx]&#x0A;    Which is: &apos;\0&apos;&#x0A;  srcData[srcIdx]&#x0A;    Which is: &apos;&quot;&apos; (34, 0x22)&#x0A;Source copy mismatch at dst(4,15) channel 2&#x0A;" type=""><![CDATA[/home/cjxu/npp/test/unit/nppi/nppi_geometry_transforms/test_nppi_copyConstBorder.cpp:88
Expected equality of these values:
  dstData[dstIdx]
    Which is: '\0'
  srcData[srcIdx]
    Which is: '"' (34, 0x22)
Source copy mismatch at dst(4,15) channel 2
]]></failure>
      <failure message="/home/cjxu/npp/test/unit/nppi/nppi_geometry_transforms/test_nppi_copyConstBorder.cpp:88&#x0A;Expected equality of these values:&#x0A;  dstData[dstIdx]&#x0A;    Which is: &apos;\0&apos;&#x0A;  srcData[srcIdx]&#x0A;    Which is: &apos;\r&apos; (13, 0xD)&#x0A;Source copy mismatch at dst(5,15) channel 0&#x0A;" type=""><![CDATA[/home/cjxu/npp/test/unit/nppi/nppi_geometry_transforms/test_nppi_copyConstBorder.cpp:88
Expected equality of these values:
  dstData[dstIdx]
    Which is: '\0'
  srcData[srcIdx]
    Which is: '\r' (13, 0xD)
Source copy mismatch at dst(5,15) channel 0
]]></failure>
      <failure message="/home/cjxu/npp/test/unit/nppi/nppi_geometry_transforms/test_nppi_copyConstBorder.cpp:88&#x0A;Expected equality of these values:&#x0A;  dstData[dstIdx]&#x0A;    Which is: &apos;\0&apos;&#x0A;  srcData[srcIdx]&#x0A;    Which is: &apos;\xF6&apos; (246)&#x0A;Source copy mismatch at dst(5,15) channel 1&#x0A;" type=""><![CDATA[/home/cjxu/npp/test/unit/nppi/nppi_geometry_transforms/test_nppi_copyConstBorder.cpp:88
Expected equality of these values:
  dstData[dstIdx]
    Which is: '\0'
  srcData[srcIdx]
    Which is: '\xF6' (246)
Source copy mismatch at dst(5,15) channel 1
]]></failure>
      <failure message="/home/cjxu/npp/test/unit/nppi/nppi_geometry_transforms/test_nppi_copyConstBorder.cpp:88&#x0A;Expected equality of these values:&#x0A;  dstData[dstIdx]&#x0A;    Which is: &apos;\0&apos;&#x0A;  srcData[srcIdx]&#x0A;    Which is: &apos;\xCF&apos; (207)&#x0A;Source copy mismatch at dst(5,15) channel 2&#x0A;" type=""><![CDATA[/home/cjxu/npp/test/unit/nppi/nppi_geometry_transforms/test_nppi_copyConstBorder.cpp:88
Expected equality of these values:
  dstData[dstIdx]
    Which is: '\0'
  srcData[srcIdx]
    Which is: '\xCF' (207)
Source copy mismatch at dst(5,15) channel 2
]]></failure>
      <failure message="/home/cjxu/npp/test/unit/nppi/nppi_geometry_transforms/test_nppi_copyConstBorder.cpp:88&#x0A;Expected equality of these values:&#x0A;  dstData[dstIdx]&#x0A;    Which is: &apos;\0&apos;&#x0A;  srcData[srcIdx]&#x0A;    Which is: &apos;\x17&apos; (23)&#x0A;Source copy mismatch at dst(6,15) channel 0&#x0A;" type=""><![CDATA[/home/cjxu/npp/test/unit/nppi/nppi_geometry_transforms/test_nppi_copyConstBorder.cpp:88
Expected equality of these values:
  dstData[dstIdx]
    Which is: '\0'
  srcData[srcIdx]
    Which is: '\x17' (23)
Source copy mismatch at dst(6,15) channel 0
]]></failure>
      <failure message="/home/cjxu/npp/test/unit/nppi/nppi_geometry_transforms/test_nppi_copyConstBorder.cpp:88&#x0A;Expected equality of these values:&#x0A;  dstData[dstIdx]&#x0A;    Which is: &apos;\0&apos;&#x0A;  srcData[srcIdx]&#x0A;    Which is: &apos;\xBA&apos; (186)&#x0A;Source copy mismatch at dst(6,15) channel 1&#x0A;" type=""><![CDATA[/home/cjxu/npp/test/unit/nppi/nppi_geometry_transforms/test_nppi_copyConstBorder.cpp:88
Expected equality of these values:
  dstData[dstIdx]
    Which is: '\0'
  srcData[srcIdx]
    Which is: '\xBA' (186)
Source copy mismatch at dst(6,15) channel 1
]]></failure>
      <failure message="/home/cjxu/npp/test/unit/nppi/nppi_geometry_transforms/test_nppi_copyConstBorder.cpp:88&#x0A;Expected equality of these values:&#x0A;  dstData[dstIdx]&#x0A;    Which is: &apos;\0&apos;&#x0A;  srcData[srcIdx]&#x0A;    Which is: &apos;\xF0&apos; (240)&#x0A;Source copy mismatch at dst(6,15) channel 2&#x0A;" type=""><![CDATA[/home/cjxu/npp/test/unit/nppi/nppi_geometry_transforms/test_nppi_copyConstBorder.cpp:88
Expected equality of these values:
  dstData[dstIdx]
    Which is: '\0'
  srcData[srcIdx]
    Which is: '\xF0' (240)
Source copy mismatch at dst(6,15) channel 2
]]></failure>
      <failure message="/home/cjxu/npp/test/unit/nppi/nppi_geometry_transforms/test_nppi_copyConstBorder.cpp:88&#x0A;Expected equality of these values:&#x0A;  dstData[dstIdx]&#x0A;    Which is: &apos;\0&apos;&#x0A;  srcData[srcIdx]&#x0A;    Which is: &apos;\xE0&apos; (224)&#x0A;Source copy mismatch at dst(7,15) channel 0&#x0A;" type=""><![CDATA[/home/cjxu/npp/test/unit/nppi/nppi_geometry_transforms/test_nppi_copyConstBorder.cpp:88
Expected equality of these values:
  dstData[dstIdx]
    Which is: '\0'
  srcData[srcIdx]
    Which is: '\xE0' (224)
Source copy mismatch at dst(7,15) channel 0
]]></failure>
      <failure message="/home/cjxu/npp/test/unit/nppi/nppi_geometry_transforms/test_nppi_copyConstBorder.cpp:88&#x0A;Expected equality of these values:&#x0A;  dstData[dstIdx]&#x0A;    Which is: &apos;\0&apos;&#x0A;  srcData[srcIdx]&#x0A;    Which is: &apos;\xB7&apos; (183)&#x0A;Source copy mismatch at dst(7,15) channel 1&#x0A;" type=""><![CDATA[/home/cjxu/npp/test/unit/nppi/nppi_geometry_transforms/test_nppi_copyConstBorder.cpp:88
Expected equality of these values:
  dstData[dstIdx]
    Which is: '\0'
  srcData[srcIdx]
    Which is: '\xB7' (183)
Source copy mismatch at dst(7,15) channel 1
]]></failure>
      <failure message="/home/cjxu/npp/test/unit/nppi/nppi_geometry_transforms/test_nppi_copyConstBorder.cpp:88&#x0A;Expected equality of these values:&#x0A;  dstData[dstIdx]&#x0A;    Which is: &apos;\0&apos;&#x0A;  srcData[srcIdx]&#x0A;    Which is: &apos;\xA7&apos; (167)&#x0A;Source copy mismatch at dst(7,15) channel 2&#x0A;" type=""><![CDATA[/home/cjxu/npp/test/unit/nppi/nppi_geometry_transforms/test_nppi_copyConstBorder.cpp:88
Expected equality of these values:
  dstData[dstIdx]
    Which is: '\0'
  srcData[srcIdx]
    Which is: '\xA7' (167)
Source copy mismatch at dst(7,15) channel 2
]]></failure>
      <failure message="/home/cjxu/npp/test/unit/nppi/nppi_geometry_transforms/test_nppi_copyConstBorder.cpp:88&#x0A;Expected equality of these values:&#x0A;  dstData[dstIdx]&#x0A;    Which is: &apos;\0&apos;&#x0A;  srcData[srcIdx]&#x0A;    Which is: &apos;\a&apos; (7)&#x0A;Source copy mismatch at dst(8,15) channel 0&#x0A;" type=""><![CDATA[/home/cjxu/npp/test/unit/nppi/nppi_geometry_transforms/test_nppi_copyConstBorder.cpp:88
Expected equality of these values:
  dstData[dstIdx]
    Which is: '\0'
  srcData[srcIdx]
    Which is: '\a' (7)
Source copy mismatch at dst(8,15) channel 0
]]></failure>
      <failure message="/home/cjxu/npp/test/unit/nppi/nppi_geometry_transforms/test_nppi_copyConstBorder.cpp:88&#x0A;Expected equality of these values:&#x0A;  dstData[dstIdx]&#x0A;    Which is: &apos;\0&apos;&#x0A;  srcData[srcIdx]&#x0A;    Which is: &apos;Z&apos; (90, 0x5A)&#x0A;Source copy mismatch at dst(8,15) channel 1&#x0A;" type=""><![CDATA[/home/cjxu/npp/test/unit/nppi/nppi_geometry_transforms/test_nppi_copyConstBorder.cpp:88
Expected equality of these values:
  dstData[dstIdx]
    Which is: '\0'
  srcData[srcIdx]
    Which is: 'Z' (90, 0x5A)
Source copy mismatch at dst(8,15) channel 1
]]></failure>
      <failure message="/home/cjxu/npp/test/unit/nppi/nppi_geometry_transforms/test_nppi_copyConstBorder.cpp:88&#x0A;Expected equality of these values:&#x0A;  dstData[dstIdx]&#x0A;    Which is: &apos;\0&apos;&#x0A;  srcData[srcIdx]&#x0A;    Which is: &apos;\xB3&apos; (179)&#x0A;Source copy mismatch at dst(8,15) channel 2&#x0A;" type=""><![CDATA[/home/cjxu/npp/test/unit/nppi/nppi_geometry_transforms/test_nppi_copyConstBorder.cpp:88
Expected equality of these values:
  dstData[dstIdx]
    Which is: '\0'
  srcData[srcIdx]
    Which is: '\xB3' (179)
Source copy mismatch at dst(8,15) channel 2
]]></failure>
      <failure message="/home/cjxu/npp/test/unit/nppi/nppi_geometry_transforms/test_nppi_copyConstBorder.cpp:88&#x0A;Expected equality of these values:&#x0A;  dstData[dstIdx]&#x0A;    Which is: &apos;\0&apos;&#x0A;  srcData[srcIdx]&#x0A;    Which is: &apos;K&apos; (75, 0x4B)&#x0A;Source copy mismatch at dst(9,15) channel 0&#x0A;" type=""><![CDATA[/home/cjxu/npp/test/unit/nppi/nppi_geometry_transforms/test_nppi_copyConstBorder.cpp:88
Expected equality of these values:
  dstData[dstIdx]
    Which is: '\0'
  srcData[srcIdx]
    Which is: 'K' (75, 0x4B)
Source copy mismatch at dst(9,15) channel 0
]]></failure>
      <failure message="/home/cjxu/npp/test/unit/nppi/nppi_geometry_transforms/test_nppi_copyConstBorder.cpp:88&#x0A;Expected equality of these values:&#x0A;  dstData[dstIdx]&#x0A;    Which is: &apos;\0&apos;&#x0A;  srcData[srcIdx]&#x0A;    Which is: &apos;S&apos; (83, 0x53)&#x0A;Source copy mismatch at dst(9,15) channel 1&#x0A;" type=""><![CDATA[/home/cjxu/npp/test/unit/nppi/nppi_geometry_transforms/test_nppi_copyConstBorder.cpp:88
Expected equality of these values:
  dstData[dstIdx]
    Which is: '\0'
  srcData[srcIdx]
    Which is: 'S' (83, 0x53)
Source copy mismatch at dst(9,15) channel 1
]]></failure>
      <failure message="/home/cjxu/npp/test/unit/nppi/nppi_geometry_transforms/test_nppi_copyConstBorder.cpp:88&#x0A;Expected equality of these values:&#x0A;  dstData[dstIdx]&#x0A;    Which is: &apos;\0&apos;&#x0A;  srcData[srcIdx]&#x0A;    Which is: &apos;\n&apos; (10, 0xA)&#x0A;With diff:&#x0A;@@ -1,1 +1,2 @@&#x0A;-&apos;\0&apos;&#x0A;+&apos;&#x0A;+&apos; (10, 0xA)&#x0A;&#x0A;Source copy mismatch at dst(9,15) channel 2&#x0A;" type=""><![CDATA[/home/cjxu/npp/test/unit/nppi/nppi_geometry_transforms/test_nppi_copyConstBorder.cpp:88
Expected equality of these values:
  dstData[dstIdx]
    Which is: '\0'
  srcData[srcIdx]
    Which is: '\n' (10, 0xA)
With diff:
@@ -1,1 +1,2 @@
-'\0'
+'
+' (10, 0xA)

Source copy mismatch at dst(9,15) channel 2
]]></failure>
      <failure message="/home/cjxu/npp/test/unit/nppi/nppi_geometry_transforms/test_nppi_copyConstBorder.cpp:88&#x0A;Expected equality of these values:&#x0A;  dstData[dstIdx]&#x0A;    Which is: &apos;\0&apos;&#x0A;  srcData[srcIdx]&#x0A;    Which is: &apos;\xF9&apos; (249)&#x0A;Source copy mismatch at dst(10,15) channel 0&#x0A;" type=""><![CDATA[/home/cjxu/npp/test/unit/nppi/nppi_geometry_transforms/test_nppi_copyConstBorder.cpp:88
Expected equality of these values:
  dstData[dstIdx]
    Which is: '\0'
  srcData[srcIdx]
    Which is: '\xF9' (249)
Source copy mismatch at dst(10,15) channel 0
]]></failure>
      <failure message="/home/cjxu/npp/test/unit/nppi/nppi_geometry_transforms/test_nppi_copyConstBorder.cpp:88&#x0A;Expected equality of these values:&#x0A;  dstData[dstIdx]&#x0A;    Which is: &apos;\0&apos;&#x0A;  srcData[srcIdx]&#x0A;    Which is: &apos;w&apos; (119, 0x77)&#x0A;Source copy mismatch at dst(10,15) channel 1&#x0A;" type=""><![CDATA[/home/cjxu/npp/test/unit/nppi/nppi_geometry_transforms/test_nppi_copyConstBorder.cpp:88
Expected equality of these values:
  dstData[dstIdx]
    Which is: '\0'
  srcData[srcIdx]
    Which is: 'w' (119, 0x77)
Source copy mismatch at dst(10,15) channel 1
]]></failure>
      <failure message="/home/cjxu/npp/test/unit/nppi/nppi_geometry_transforms/test_nppi_copyConstBorder.cpp:88&#x0A;Expected equality of these values:&#x0A;  dstData[dstIdx]&#x0A;    Which is: &apos;\0&apos;&#x0A;  srcData[srcIdx]&#x0A;    Which is: &apos;\x8A&apos; (138)&#x0A;Source copy mismatch at dst(10,15) channel 2&#x0A;" type=""><![CDATA[/home/cjxu/npp/test/unit/nppi/nppi_geometry_transforms/test_nppi_copyConstBorder.cpp:88
Expected equality of these values:
  dstData[dstIdx]
    Which is: '\0'
  srcData[srcIdx]
    Which is: '\x8A' (138)
Source copy mismatch at dst(10,15) channel 2
]]></failure>
      <failure message="/home/cjxu/npp/test/unit/nppi/nppi_geometry_transforms/test_nppi_copyConstBorder.cpp:88&#x0A;Expected equality of these values:&#x0A;  dstData[dstIdx]&#x0A;    Which is: &apos;\0&apos;&#x0A;  srcData[srcIdx]&#x0A;    Which is: &apos;h&apos; (104, 0x68)&#x0A;Source copy mismatch at dst(11,15) channel 0&#x0A;" type=""><![CDATA[/home/cjxu/npp/test/unit/nppi/nppi_geometry_transforms/test_nppi_copyConstBorder.cpp:88
Expected equality of these values:
  dstData[dstIdx]
    Which is: '\0'
  srcData[srcIdx]
    Which is: 'h' (104, 0x68)
Source copy mismatch at dst(11,15) channel 0
]]></failure>
      <failure message="/home/cjxu/npp/test/unit/nppi/nppi_geometry_transforms/test_nppi_copyConstBorder.cpp:88&#x0A;Expected equality of these values:&#x0A;  dstData[dstIdx]&#x0A;    Which is: &apos;\0&apos;&#x0A;  srcData[srcIdx]&#x0A;    Which is: &apos;w&apos; (119, 0x77)&#x0A;Source copy mismatch at dst(11,15) channel 1&#x0A;" type=""><![CDATA[/home/cjxu/npp/test/unit/nppi/nppi_geometry_transforms/test_nppi_copyConstBorder.cpp:88
Expected equality of these values:
  dstData[dstIdx]
    Which is: '\0'
  srcData[srcIdx]
    Which is: 'w' (119, 0x77)
Source copy mismatch at dst(11,15) channel 1
]]></failure>
      <failure message="/home/cjxu/npp/test/unit/nppi/nppi_geometry_transforms/test_nppi_copyConstBorder.cpp:88&#x0A;Expected equality of these values:&#x0A;  dstData[dstIdx]&#x0A;    Which is: &apos;\0&apos;&#x0A;  srcData[srcIdx]&#x0A;    Which is: &apos;\xE0&apos; (224)&#x0A;Source copy mismatch at dst(11,15) channel 2&#x0A;" type=""><![CDATA[/home/cjxu/npp/test/unit/nppi/nppi_geometry_transforms/test_nppi_copyConstBorder.cpp:88
Expected equality of these values:
  dstData[dstIdx]
    Which is: '\0'
  srcData[srcIdx]
    Which is: '\xE0' (224)
Source copy mismatch at dst(11,15) channel 2
]]></failure>
      <failure message="/home/cjxu/npp/test/unit/nppi/nppi_geometry_transforms/test_nppi_copyConstBorder.cpp:88&#x0A;Expected equality of these values:&#x0A;  dstData[dstIdx]&#x0A;    Which is: &apos;\0&apos;&#x0A;  srcData[srcIdx]&#x0A;    Which is: &apos;\xF2&apos; (242)&#x0A;Source copy mismatch at dst(12,15) channel 0&#x0A;" type=""><![CDATA[/home/cjxu/npp/test/unit/nppi/nppi_geometry_transforms/test_nppi_copyConstBorder.cpp:88
Expected equality of these values:
  dstData[dstIdx]
    Which is: '\0'
  srcData[srcIdx]
    Which is: '\xF2' (242)
Source copy mismatch at dst(12,15) channel 0
]]></failure>
      <failure message="/home/cjxu/npp/test/unit/nppi/nppi_geometry_transforms/test_nppi_copyConstBorder.cpp:88&#x0A;Expected equality of these values:&#x0A;  dstData[dstIdx]&#x0A;    Which is: &apos;\0&apos;&#x0A;  srcData[srcIdx]&#x0A;    Which is: &apos;s&apos; (115, 0x73)&#x0A;Source copy mismatch at dst(12,15) channel 1&#x0A;" type=""><![CDATA[/home/cjxu/npp/test/unit/nppi/nppi_geometry_transforms/test_nppi_copyConstBorder.cpp:88
Expected equality of these values:
  dstData[dstIdx]
    Which is: '\0'
  srcData[srcIdx]
    Which is: 's' (115, 0x73)
Source copy mismatch at dst(12,15) channel 1
]]></failure>
      <failure message="/home/cjxu/npp/test/unit/nppi/nppi_geometry_transforms/test_nppi_copyConstBorder.cpp:88&#x0A;Expected equality of these values:&#x0A;  dstData[dstIdx]&#x0A;    Which is: &apos;\0&apos;&#x0A;  srcData[srcIdx]&#x0A;    Which is: &apos;\xDF&apos; (223)&#x0A;Source copy mismatch at dst(12,15) channel 2&#x0A;" type=""><![CDATA[/home/cjxu/npp/test/unit/nppi/nppi_geometry_transforms/test_nppi_copyConstBorder.cpp:88
Expected equality of these values:
  dstData[dstIdx]
    Which is: '\0'
  srcData[srcIdx]
    Which is: '\xDF' (223)
Source copy mismatch at dst(12,15) channel 2
]]></failure>
      <failure message="/home/cjxu/npp/test/unit/nppi/nppi_geometry_transforms/test_nppi_copyConstBorder.cpp:88&#x0A;Expected equality of these values:&#x0A;  dstData[dstIdx]&#x0A;    Which is: &apos;\0&apos;&#x0A;  srcData[srcIdx]&#x0A;    Which is: &apos;\xA5&apos; (165)&#x0A;Source copy mismatch at dst(13,15) channel 0&#x0A;" type=""><![CDATA[/home/cjxu/npp/test/unit/nppi/nppi_geometry_transforms/test_nppi_copyConstBorder.cpp:88
Expected equality of these values:
  dstData[dstIdx]
    Which is: '\0'
  srcData[srcIdx]
    Which is: '\xA5' (165)
Source copy mismatch at dst(13,15) channel 0
]]></failure>
      <failure message="/home/cjxu/npp/test/unit/nppi/nppi_geometry_transforms/test_nppi_copyConstBorder.cpp:88&#x0A;Expected equality of these values:&#x0A;  dstData[dstIdx]&#x0A;    Which is: &apos;\0&apos;&#x0A;  srcData[srcIdx]&#x0A;    Which is: &apos;\x2&apos; (2)&#x0A;Source copy mismatch at dst(13,15) channel 1&#x0A;" type=""><![CDATA[/home/cjxu/npp/test/unit/nppi/nppi_geometry_transforms/test_nppi_copyConstBorder.cpp:88
Expected equality of these values:
  dstData[dstIdx]
    Which is: '\0'
  srcData[srcIdx]
    Which is: '\x2' (2)
Source copy mismatch at dst(13,15) channel 1
]]></failure>
      <failure message="/home/cjxu/npp/test/unit/nppi/nppi_geometry_transforms/test_nppi_copyConstBorder.cpp:88&#x0A;Expected equality of these values:&#x0A;  dstData[dstIdx]&#x0A;    Which is: &apos;\0&apos;&#x0A;  srcData[srcIdx]&#x0A;    Which is: &apos;\v&apos; (11, 0xB)&#x0A;Source copy mismatch at dst(13,15) channel 2&#x0A;" type=""><![CDATA[/home/cjxu/npp/test/unit/nppi/nppi_geometry_transforms/test_nppi_copyConstBorder.cpp:88
Expected equality of these values:
  dstData[dstIdx]
    Which is: '\0'
  srcData[srcIdx]
    Which is: '\v' (11, 0xB)
Source copy mismatch at dst(13,15) channel 2
]]></failure>
      <failure message="/home/cjxu/npp/test/unit/nppi/nppi_geometry_transforms/test_nppi_copyConstBorder.cpp:88&#x0A;Expected equality of these values:&#x0A;  dstData[dstIdx]&#x0A;    Which is: &apos;\0&apos;&#x0A;  srcData[srcIdx]&#x0A;    Which is: &apos;\xC0&apos; (192)&#x0A;Source copy mismatch at dst(14,15) channel 0&#x0A;" type=""><![CDATA[/home/cjxu/npp/test/unit/nppi/nppi_geometry_transforms/test_nppi_copyConstBorder.cpp:88
Expected equality of these values:
  dstData[dstIdx]
    Which is: '\0'
  srcData[srcIdx]
    Which is: '\xC0' (192)
Source copy mismatch at dst(14,15) channel 0
]]></failure>
      <failure message="/home/cjxu/npp/test/unit/nppi/nppi_geometry_transforms/test_nppi_copyConstBorder.cpp:88&#x0A;Expected equality of these values:&#x0A;  dstData[dstIdx]&#x0A;    Which is: &apos;\0&apos;&#x0A;  srcData[srcIdx]&#x0A;    Which is: &apos;P&apos; (80, 0x50)&#x0A;Source copy mismatch at dst(14,15) channel 1&#x0A;" type=""><![CDATA[/home/cjxu/npp/test/unit/nppi/nppi_geometry_transforms/test_nppi_copyConstBorder.cpp:88
Expected equality of these values:
  dstData[dstIdx]
    Which is: '\0'
  srcData[srcIdx]
    Which is: 'P' (80, 0x50)
Source copy mismatch at dst(14,15) channel 1
]]></failure>
      <failure message="/home/cjxu/npp/test/unit/nppi/nppi_geometry_transforms/test_nppi_copyConstBorder.cpp:88&#x0A;Expected equality of these values:&#x0A;  dstData[dstIdx]&#x0A;    Which is: &apos;\0&apos;&#x0A;  srcData[srcIdx]&#x0A;    Which is: &apos;\xC3&apos; (195)&#x0A;Source copy mismatch at dst(14,15) channel 2&#x0A;" type=""><![CDATA[/home/cjxu/npp/test/unit/nppi/nppi_geometry_transforms/test_nppi_copyConstBorder.cpp:88
Expected equality of these values:
  dstData[dstIdx]
    Which is: '\0'
  srcData[srcIdx]
    Which is: '\xC3' (195)
Source copy mismatch at dst(14,15) channel 2
]]></failure>
      <failure message="/home/cjxu/npp/test/unit/nppi/nppi_geometry_transforms/test_nppi_copyConstBorder.cpp:88&#x0A;Expected equality of these values:&#x0A;  dstData[dstIdx]&#x0A;    Which is: &apos;\0&apos;&#x0A;  srcData[srcIdx]&#x0A;    Which is: &apos;\xE3&apos; (227)&#x0A;Source copy mismatch at dst(15,15) channel 0&#x0A;" type=""><![CDATA[/home/cjxu/npp/test/unit/nppi/nppi_geometry_transforms/test_nppi_copyConstBorder.cpp:88
Expected equality of these values:
  dstData[dstIdx]
    Which is: '\0'
  srcData[srcIdx]
    Which is: '\xE3' (227)
Source copy mismatch at dst(15,15) channel 0
]]></failure>
      <failure message="/home/cjxu/npp/test/unit/nppi/nppi_geometry_transforms/test_nppi_copyConstBorder.cpp:88&#x0A;Expected equality of these values:&#x0A;  dstData[dstIdx]&#x0A;    Which is: &apos;\0&apos;&#x0A;  srcData[srcIdx]&#x0A;    Which is: &apos;]&apos; (93, 0x5D)&#x0A;Source copy mismatch at dst(15,15) channel 1&#x0A;" type=""><![CDATA[/home/cjxu/npp/test/unit/nppi/nppi_geometry_transforms/test_nppi_copyConstBorder.cpp:88
Expected equality of these values:
  dstData[dstIdx]
    Which is: '\0'
  srcData[srcIdx]
    Which is: ']' (93, 0x5D)
Source copy mismatch at dst(15,15) channel 1
]]></failure>
      <failure message="/home/cjxu/npp/test/unit/nppi/nppi_geometry_transforms/test_nppi_copyConstBorder.cpp:88&#x0A;Expected equality of these values:&#x0A;  dstData[dstIdx]&#x0A;    Which is: &apos;\0&apos;&#x0A;  srcData[srcIdx]&#x0A;    Which is: &apos;\xBA&apos; (186)&#x0A;Source copy mismatch at dst(15,15) channel 2&#x0A;" type=""><![CDATA[/home/cjxu/npp/test/unit/nppi/nppi_geometry_transforms/test_nppi_copyConstBorder.cpp:88
Expected equality of these values:
  dstData[dstIdx]
    Which is: '\0'
  srcData[srcIdx]
    Which is: '\xBA' (186)
Source copy mismatch at dst(15,15) channel 2
]]></failure>
      <failure message="/home/cjxu/npp/test/unit/nppi/nppi_geometry_transforms/test_nppi_copyConstBorder.cpp:88&#x0A;Expected equality of these values:&#x0A;  dstData[dstIdx]&#x0A;    Which is: &apos;\0&apos;&#x0A;  srcData[srcIdx]&#x0A;    Which is: &apos;\xB2&apos; (178)&#x0A;Source copy mismatch at dst(16,15) channel 0&#x0A;" type=""><![CDATA[/home/cjxu/npp/test/unit/nppi/nppi_geometry_transforms/test_nppi_copyConstBorder.cpp:88
Expected equality of these values:
  dstData[dstIdx]
    Which is: '\0'
  srcData[srcIdx]
    Which is: '\xB2' (178)
Source copy mismatch at dst(16,15) channel 0
]]></failure>
      <failure message="/home/cjxu/npp/test/unit/nppi/nppi_geometry_transforms/test_nppi_copyConstBorder.cpp:88&#x0A;Expected equality of these values:&#x0A;  dstData[dstIdx]&#x0A;    Which is: &apos;\0&apos;&#x0A;  srcData[srcIdx]&#x0A;    Which is: &apos;t&apos; (116, 0x74)&#x0A;Source copy mismatch at dst(16,15) channel 1&#x0A;" type=""><![CDATA[/home/cjxu/npp/test/unit/nppi/nppi_geometry_transforms/test_nppi_copyConstBorder.cpp:88
Expected equality of these values:
  dstData[dstIdx]
    Which is: '\0'
  srcData[srcIdx]
    Which is: 't' (116, 0x74)
Source copy mismatch at dst(16,15) channel 1
]]></failure>
      <failure message="/home/cjxu/npp/test/unit/nppi/nppi_geometry_transforms/test_nppi_copyConstBorder.cpp:88&#x0A;Expected equality of these values:&#x0A;  dstData[dstIdx]&#x0A;    Which is: &apos;\0&apos;&#x0A;  srcData[srcIdx]&#x0A;    Which is: &apos;t&apos; (116, 0x74)&#x0A;Source copy mismatch at dst(16,15) channel 2&#x0A;" type=""><![CDATA[/home/cjxu/npp/test/unit/nppi/nppi_geometry_transforms/test_nppi_copyConstBorder.cpp:88
Expected equality of these values:
  dstData[dstIdx]
    Which is: '\0'
  srcData[srcIdx]
    Which is: 't' (116, 0x74)
Source copy mismatch at dst(16,15) channel 2
]]></failure>
      <failure message="/home/cjxu/npp/test/unit/nppi/nppi_geometry_transforms/test_nppi_copyConstBorder.cpp:88&#x0A;Expected equality of these values:&#x0A;  dstData[dstIdx]&#x0A;    Which is: &apos;\0&apos;&#x0A;  srcData[srcIdx]&#x0A;    Which is: &apos;\xA2&apos; (162)&#x0A;Source copy mismatch at dst(17,15) channel 0&#x0A;" type=""><![CDATA[/home/cjxu/npp/test/unit/nppi/nppi_geometry_transforms/test_nppi_copyConstBorder.cpp:88
Expected equality of these values:
  dstData[dstIdx]
    Which is: '\0'
  srcData[srcIdx]
    Which is: '\xA2' (162)
Source copy mismatch at dst(17,15) channel 0
]]></failure>
      <failure message="/home/cjxu/npp/test/unit/nppi/nppi_geometry_transforms/test_nppi_copyConstBorder.cpp:88&#x0A;Expected equality of these values:&#x0A;  dstData[dstIdx]&#x0A;    Which is: &apos;\0&apos;&#x0A;  srcData[srcIdx]&#x0A;    Which is: &apos;T&apos; (84, 0x54)&#x0A;Source copy mismatch at dst(17,15) channel 1&#x0A;" type=""><![CDATA[/home/cjxu/npp/test/unit/nppi/nppi_geometry_transforms/test_nppi_copyConstBorder.cpp:88
Expected equality of these values:
  dstData[dstIdx]
    Which is: '\0'
  srcData[srcIdx]
    Which is: 'T' (84, 0x54)
Source copy mismatch at dst(17,15) channel 1
]]></failure>
      <failure message="/home/cjxu/npp/test/unit/nppi/nppi_geometry_transforms/test_nppi_copyConstBorder.cpp:88&#x0A;Expected equality of these values:&#x0A;  dstData[dstIdx]&#x0A;    Which is: &apos;\0&apos;&#x0A;  srcData[srcIdx]&#x0A;    Which is: &apos;+&apos; (43, 0x2B)&#x0A;Source copy mismatch at dst(17,15) channel 2&#x0A;" type=""><![CDATA[/home/cjxu/npp/test/unit/nppi/nppi_geometry_transforms/test_nppi_copyConstBorder.cpp:88
Expected equality of these values:
  dstData[dstIdx]
    Which is: '\0'
  srcData[srcIdx]
    Which is: '+' (43, 0x2B)
Source copy mismatch at dst(17,15) channel 2
]]></failure>
      <failure message="/home/cjxu/npp/test/unit/nppi/nppi_geometry_transforms/test_nppi_copyConstBorder.cpp:88&#x0A;Expected equality of these values:&#x0A;  dstData[dstIdx]&#x0A;    Which is: &apos;\0&apos;&#x0A;  srcData[srcIdx]&#x0A;    Which is: &apos;I&apos; (73, 0x49)&#x0A;Source copy mismatch at dst(18,15) channel 0&#x0A;" type=""><![CDATA[/home/cjxu/npp/test/unit/nppi/nppi_geometry_transforms/test_nppi_copyConstBorder.cpp:88
Expected equality of these values:
  dstData[dstIdx]
    Which is: '\0'
  srcData[srcIdx]
    Which is: 'I' (73, 0x49)
Source copy mismatch at dst(18,15) channel 0
]]></failure>
      <failure message="/home/cjxu/npp/test/unit/nppi/nppi_geometry_transforms/test_nppi_copyConstBorder.cpp:88&#x0A;Expected equality of these values:&#x0A;  dstData[dstIdx]&#x0A;    Which is: &apos;\0&apos;&#x0A;  srcData[srcIdx]&#x0A;    Which is: &apos;[&apos; (91, 0x5B)&#x0A;Source copy mismatch at dst(18,15) channel 1&#x0A;" type=""><![CDATA[/home/cjxu/npp/test/unit/nppi/nppi_geometry_transforms/test_nppi_copyConstBorder.cpp:88
Expected equality of these values:
  dstData[dstIdx]
    Which is: '\0'
  srcData[srcIdx]
    Which is: '[' (91, 0x5B)
Source copy mismatch at dst(18,15) channel 1
]]></failure>
      <failure message="/home/cjxu/npp/test/unit/nppi/nppi_geometry_transforms/test_nppi_copyConstBorder.cpp:88&#x0A;Expected equality of these values:&#x0A;  dstData[dstIdx]&#x0A;    Which is: &apos;\0&apos;&#x0A;  srcData[srcIdx]&#x0A;    Which is: &apos;\x86&apos; (134)&#x0A;Source copy mismatch at dst(18,15) channel 2&#x0A;" type=""><![CDATA[/home/cjxu/npp/test/unit/nppi/nppi_geometry_transforms/test_nppi_copyConstBorder.cpp:88
Expected equality of these values:
  dstData[dstIdx]
    Which is: '\0'
  srcData[srcIdx]
    Which is: '\x86' (134)
Source copy mismatch at dst(18,15) channel 2
]]></failure>
      <failure message="/home/cjxu/npp/test/unit/nppi/nppi_geometry_transforms/test_nppi_copyConstBorder.cpp:95&#x0A;Expected equality of these values:&#x0A;  dstData[dstIdx]&#x0A;    Which is: &apos;\0&apos;&#x0A;  borderValues[c]&#x0A;    Which is: &apos;d&apos; (100, 0x64)&#x0A;Border value mismatch at (19,15) channel 0&#x0A;" type=""><![CDATA[/home/cjxu/npp/test/unit/nppi/nppi_geometry_transforms/test_nppi_copyConstBorder.cpp:95
Expected equality of these values:
  dstData[dstIdx]
    Which is: '\0'
  borderValues[c]
    Which is: 'd' (100, 0x64)
Border value mismatch at (19,15) channel 0
]]></failure>
      <failure message="/home/cjxu/npp/test/unit/nppi/nppi_geometry_transforms/test_nppi_copyConstBorder.cpp:95&#x0A;Expected equality of these values:&#x0A;  dstData[dstIdx]&#x0A;    Which is: &apos;\0&apos;&#x0A;  borderValues[c]&#x0A;    Which is: &apos;\x96&apos; (150)&#x0A;Border value mismatch at (19,15) channel 1&#x0A;" type=""><![CDATA[/home/cjxu/npp/test/unit/nppi/nppi_geometry_transforms/test_nppi_copyConstBorder.cpp:95
Expected equality of these values:
  dstData[dstIdx]
    Which is: '\0'
  borderValues[c]
    Which is: '\x96' (150)
Border value mismatch at (19,15) channel 1
]]></failure>
      <failure message="/home/cjxu/npp/test/unit/nppi/nppi_geometry_transforms/test_nppi_copyConstBorder.cpp:95&#x0A;Expected equality of these values:&#x0A;  dstData[dstIdx]&#x0A;    Which is: &apos;\0&apos;&#x0A;  borderValues[c]&#x0A;    Which is: &apos;\xC8&apos; (200)&#x0A;Border value mismatch at (19,15) channel 2&#x0A;" type=""><![CDATA[/home/cjxu/npp/test/unit/nppi/nppi_geometry_transforms/test_nppi_copyConstBorder.cpp:95
Expected equality of these values:
  dstData[dstIdx]
    Which is: '\0'
  borderValues[c]
    Which is: '\xC8' (200)
Border value mismatch at (19,15) channel 2
]]></failure>
      <failure message="/home/cjxu/npp/test/unit/nppi/nppi_geometry_transforms/test_nppi_copyConstBorder.cpp:95&#x0A;Expected equality of these values:&#x0A;  dstData[dstIdx]&#x0A;    Which is: &apos;\0&apos;&#x0A;  borderValues[c]&#x0A;    Which is: &apos;d&apos; (100, 0x64)&#x0A;Border value mismatch at (20,15) channel 0&#x0A;" type=""><![CDATA[/home/cjxu/npp/test/unit/nppi/nppi_geometry_transforms/test_nppi_copyConstBorder.cpp:95
Expected equality of these values:
  dstData[dstIdx]
    Which is: '\0'
  borderValues[c]
    Which is: 'd' (100, 0x64)
Border value mismatch at (20,15) channel 0
]]></failure>
      <failure message="/home/cjxu/npp/test/unit/nppi/nppi_geometry_transforms/test_nppi_copyConstBorder.cpp:95&#x0A;Expected equality of these values:&#x0A;  dstData[dstIdx]&#x0A;    Which is: &apos;\0&apos;&#x0A;  borderValues[c]&#x0A;    Which is: &apos;\x96&apos; (150)&#x0A;Border value mismatch at (20,15) channel 1&#x0A;" type=""><![CDATA[/home/cjxu/npp/test/unit/nppi/nppi_geometry_transforms/test_nppi_copyConstBorder.cpp:95
Expected equality of these values:
  dstData[dstIdx]
    Which is: '\0'
  borderValues[c]
    Which is: '\x96' (150)
Border value mismatch at (20,15) channel 1
]]></failure>
      <failure message="/home/cjxu/npp/test/unit/nppi/nppi_geometry_transforms/test_nppi_copyConstBorder.cpp:95&#x0A;Expected equality of these values:&#x0A;  dstData[dstIdx]&#x0A;    Which is: &apos;\0&apos;&#x0A;  borderValues[c]&#x0A;    Which is: &apos;\xC8&apos; (200)&#x0A;Border value mismatch at (20,15) channel 2&#x0A;" type=""><![CDATA[/home/cjxu/npp/test/unit/nppi/nppi_geometry_transforms/test_nppi_copyConstBorder.cpp:95
Expected equality of these values:
  dstData[dstIdx]
    Which is: '\0'
  borderValues[c]
    Which is: '\xC8' (200)
Border value mismatch at (20,15) channel 2
]]></failure>
      <failure message="/home/cjxu/npp/test/unit/nppi/nppi_geometry_transforms/test_nppi_copyConstBorder.cpp:95&#x0A;Expected equality of these values:&#x0A;  dstData[dstIdx]&#x0A;    Which is: &apos;\0&apos;&#x0A;  borderValues[c]&#x0A;    Which is: &apos;d&apos; (100, 0x64)&#x0A;Border value mismatch at (21,15) channel 0&#x0A;" type=""><![CDATA[/home/cjxu/npp/test/unit/nppi/nppi_geometry_transforms/test_nppi_copyConstBorder.cpp:95
Expected equality of these values:
  dstData[dstIdx]
    Which is: '\0'
  borderValues[c]
    Which is: 'd' (100, 0x64)
Border value mismatch at (21,15) channel 0
]]></failure>
      <failure message="/home/cjxu/npp/test/unit/nppi/nppi_geometry_transforms/test_nppi_copyConstBorder.cpp:95&#x0A;Expected equality of these values:&#x0A;  dstData[dstIdx]&#x0A;    Which is: &apos;\0&apos;&#x0A;  borderValues[c]&#x0A;    Which is: &apos;\x96&apos; (150)&#x0A;Border value mismatch at (21,15) channel 1&#x0A;" type=""><![CDATA[/home/cjxu/npp/test/unit/nppi/nppi_geometry_transforms/test_nppi_copyConstBorder.cpp:95
Expected equality of these values:
  dstData[dstIdx]
    Which is: '\0'
  borderValues[c]
    Which is: '\x96' (150)
Border value mismatch at (21,15) channel 1
]]></failure>
      <failure message="/home/cjxu/npp/test/unit/nppi/nppi_geometry_transforms/test_nppi_copyConstBorder.cpp:95&#x0A;Expected equality of these values:&#x0A;  dstData[dstIdx]&#x0A;    Which is: &apos;\0&apos;&#x0A;  borderValues[c]&#x0A;    Which is: &apos;\xC8&apos; (200)&#x0A;Border value mismatch at (21,15) channel 2&#x0A;" type=""><![CDATA[/home/cjxu/npp/test/unit/nppi/nppi_geometry_transforms/test_nppi_copyConstBorder.cpp:95
Expected equality of these values:
  dstData[dstIdx]
    Which is: '\0'
  borderValues[c]
    Which is: '\xC8' (200)
Border value mismatch at (21,15) channel 2
]]></failure>
      <failure message="/home/cjxu/npp/test/unit/nppi/nppi_geometry_transforms/test_nppi_copyConstBorder.cpp:95&#x0A;Expected equality of these values:&#x0A;  dstData[dstIdx]&#x0A;    Which is: &apos;\0&apos;&#x0A;  borderValues[c]&#x0A;    Which is: &apos;d&apos; (100, 0x64)&#x0A;Border value mismatch at (22,15) channel 0&#x0A;" type=""><![CDATA[/home/cjxu/npp/test/unit/nppi/nppi_geometry_transforms/test_nppi_copyConstBorder.cpp:95
Expected equality of these values:
  dstData[dstIdx]
    Which is: '\0'
  borderValues[c]
    Which is: 'd' (100, 0x64)
Border value mismatch at (22,15) channel 0
]]></failure>
      <failure message="/home/cjxu/npp/test/unit/nppi/nppi_geometry_transforms/test_nppi_copyConstBorder.cpp:95&#x0A;Expected equality of these values:&#x0A;  dstData[dstIdx]&#x0A;    Which is: &apos;\0&apos;&#x0A;  borderValues[c]&#x0A;    Which is: &apos;\x96&apos; (150)&#x0A;Border value mismatch at (22,15) channel 1&#x0A;" type=""><![CDATA[/home/cjxu/npp/test/unit/nppi/nppi_geometry_transforms/test_nppi_copyConstBorder.cpp:95
Expected equality of these values:
  dstData[dstIdx]
    Which is: '\0'
  borderValues[c]
    Which is: '\x96' (150)
Border value mismatch at (22,15) channel 1
]]></failure>
      <failure message="/home/cjxu/npp/test/unit/nppi/nppi_geometry_transforms/test_nppi_copyConstBorder.cpp:95&#x0A;Expected equality of these values:&#x0A;  dstData[dstIdx]&#x0A;    Which is: &apos;\0&apos;&#x0A;  borderValues[c]&#x0A;    Which is: &apos;\xC8&apos; (200)&#x0A;Border value mismatch at (22,15) channel 2&#x0A;" type=""><![CDATA[/home/cjxu/npp/test/unit/nppi/nppi_geometry_transforms/test_nppi_copyConstBorder.cpp:95
Expected equality of these values:
  dstData[dstIdx]
    Which is: '\0'
  borderValues[c]
    Which is: '\xC8' (200)
Border value mismatch at (22,15) channel 2
]]></failure>
      <failure message="/home/cjxu/npp/test/unit/nppi/nppi_geometry_transforms/test_nppi_copyConstBorder.cpp:95&#x0A;Expected equality of these values:&#x0A;  dstData[dstIdx]&#x0A;    Which is: &apos;\0&apos;&#x0A;  borderValues[c]&#x0A;    Which is: &apos;d&apos; (100, 0x64)&#x0A;Border value mismatch at (23,15) channel 0&#x0A;" type=""><![CDATA[/home/cjxu/npp/test/unit/nppi/nppi_geometry_transforms/test_nppi_copyConstBorder.cpp:95
Expected equality of these values:
  dstData[dstIdx]
    Which is: '\0'
  borderValues[c]
    Which is: 'd' (100, 0x64)
Border value mismatch at (23,15) channel 0
]]></failure>
      <failure message="/home/cjxu/npp/test/unit/nppi/nppi_geometry_transforms/test_nppi_copyConstBorder.cpp:95&#x0A;Expected equality of these values:&#x0A;  dstData[dstIdx]&#x0A;    Which is: &apos;\0&apos;&#x0A;  borderValues[c]&#x0A;    Which is: &apos;\x96&apos; (150)&#x0A;Border value mismatch at (23,15) channel 1&#x0A;" type=""><![CDATA[/home/cjxu/npp/test/unit/nppi/nppi_geometry_transforms/test_nppi_copyConstBorder.cpp:95
Expected equality of these values:
  dstData[dstIdx]
    Which is: '\0'
  borderValues[c]
    Which is: '\x96' (150)
Border value mismatch at (23,15) channel 1
]]></failure>
      <failure message="/home/cjxu/npp/test/unit/nppi/nppi_geometry_transforms/test_nppi_copyConstBorder.cpp:95&#x0A;Expected equality of these values:&#x0A;  dstData[dstIdx]&#x0A;    Which is: &apos;\0&apos;&#x0A;  borderValues[c]&#x0A;    Which is: &apos;\xC8&apos; (200)&#x0A;Border value mismatch at (23,15) channel 2&#x0A;" type=""><![CDATA[/home/cjxu/npp/test/unit/nppi/nppi_geometry_transforms/test_nppi_copyConstBorder.cpp:95
Expected equality of these values:
  dstData[dstIdx]
    Which is: '\0'
  borderValues[c]
    Which is: '\xC8' (200)
Border value mismatch at (23,15) channel 2
]]></failure>
      <failure message="/home/cjxu/npp/test/unit/nppi/nppi_geometry_transforms/test_nppi_copyConstBorder.cpp:95&#x0A;Expected equality of these values:&#x0A;  dstData[dstIdx]&#x0A;    Which is: &apos;\0&apos;&#x0A;  borderValues[c]&#x0A;    Which is: &apos;d&apos; (100, 0x64)&#x0A;Border value mismatch at (0,16) channel 0&#x0A;" type=""><![CDATA[/home/cjxu/npp/test/unit/nppi/nppi_geometry_transforms/test_nppi_copyConstBorder.cpp:95
Expected equality of these values:
  dstData[dstIdx]
    Which is: '\0'
  borderValues[c]
    Which is: 'd' (100, 0x64)
Border value mismatch at (0,16) channel 0
]]></failure>
      <failure message="/home/cjxu/npp/test/unit/nppi/nppi_geometry_transforms/test_nppi_copyConstBorder.cpp:95&#x0A;Expected equality of these values:&#x0A;  dstData[dstIdx]&#x0A;    Which is: &apos;\0&apos;&#x0A;  borderValues[c]&#x0A;    Which is: &apos;\x96&apos; (150)&#x0A;Border value mismatch at (0,16) channel 1&#x0A;" type=""><![CDATA[/home/cjxu/npp/test/unit/nppi/nppi_geometry_transforms/test_nppi_copyConstBorder.cpp:95
Expected equality of these values:
  dstData[dstIdx]
    Which is: '\0'
  borderValues[c]
    Which is: '\x96' (150)
Border value mismatch at (0,16) channel 1
]]></failure>
      <failure message="/home/cjxu/npp/test/unit/nppi/nppi_geometry_transforms/test_nppi_copyConstBorder.cpp:95&#x0A;Expected equality of these values:&#x0A;  dstData[dstIdx]&#x0A;    Which is: &apos;\0&apos;&#x0A;  borderValues[c]&#x0A;    Which is: &apos;\xC8&apos; (200)&#x0A;Border value mismatch at (0,16) channel 2&#x0A;" type=""><![CDATA[/home/cjxu/npp/test/unit/nppi/nppi_geometry_transforms/test_nppi_copyConstBorder.cpp:95
Expected equality of these values:
  dstData[dstIdx]
    Which is: '\0'
  borderValues[c]
    Which is: '\xC8' (200)
Border value mismatch at (0,16) channel 2
]]></failure>
      <failure message="/home/cjxu/npp/test/unit/nppi/nppi_geometry_transforms/test_nppi_copyConstBorder.cpp:95&#x0A;Expected equality of these values:&#x0A;  dstData[dstIdx]&#x0A;    Which is: &apos;\0&apos;&#x0A;  borderValues[c]&#x0A;    Which is: &apos;d&apos; (100, 0x64)&#x0A;Border value mismatch at (1,16) channel 0&#x0A;" type=""><![CDATA[/home/cjxu/npp/test/unit/nppi/nppi_geometry_transforms/test_nppi_copyConstBorder.cpp:95
Expected equality of these values:
  dstData[dstIdx]
    Which is: '\0'
  borderValues[c]
    Which is: 'd' (100, 0x64)
Border value mismatch at (1,16) channel 0
]]></failure>
      <failure message="/home/cjxu/npp/test/unit/nppi/nppi_geometry_transforms/test_nppi_copyConstBorder.cpp:95&#x0A;Expected equality of these values:&#x0A;  dstData[dstIdx]&#x0A;    Which is: &apos;\0&apos;&#x0A;  borderValues[c]&#x0A;    Which is: &apos;\x96&apos; (150)&#x0A;Border value mismatch at (1,16) channel 1&#x0A;" type=""><![CDATA[/home/cjxu/npp/test/unit/nppi/nppi_geometry_transforms/test_nppi_copyConstBorder.cpp:95
Expected equality of these values:
  dstData[dstIdx]
    Which is: '\0'
  borderValues[c]
    Which is: '\x96' (150)
Border value mismatch at (1,16) channel 1
]]></failure>
      <failure message="/home/cjxu/npp/test/unit/nppi/nppi_geometry_transforms/test_nppi_copyConstBorder.cpp:95&#x0A;Expected equality of these values:&#x0A;  dstData[dstIdx]&#x0A;    Which is: &apos;\0&apos;&#x0A;  borderValues[c]&#x0A;    Which is: &apos;\xC8&apos; (200)&#x0A;Border value mismatch at (1,16) channel 2&#x0A;" type=""><![CDATA[/home/cjxu/npp/test/unit/nppi/nppi_geometry_transforms/test_nppi_copyConstBorder.cpp:95
Expected equality of these values:
  dstData[dstIdx]
    Which is: '\0'
  borderValues[c]
    Which is: '\xC8' (200)
Border value mismatch at (1,16) channel 2
]]></failure>
      <failure message="/home/cjxu/npp/test/unit/nppi/nppi_geometry_transforms/test_nppi_copyConstBorder.cpp:95&#x0A;Expected equality of these values:&#x0A;  dstData[dstIdx]&#x0A;    Which is: &apos;\0&apos;&#x0A;  borderValues[c]&#x0A;    Which is: &apos;d&apos; (100, 0x64)&#x0A;Border value mismatch at (2,16) channel 0&#x0A;" type=""><![CDATA[/home/cjxu/npp/test/unit/nppi/nppi_geometry_transforms/test_nppi_copyConstBorder.cpp:95
Expected equality of these values:
  dstData[dstIdx]
    Which is: '\0'
  borderValues[c]
    Which is: 'd' (100, 0x64)
Border value mismatch at (2,16) channel 0
]]></failure>
      <failure message="/home/cjxu/npp/test/unit/nppi/nppi_geometry_transforms/test_nppi_copyConstBorder.cpp:95&#x0A;Expected equality of these values:&#x0A;  dstData[dstIdx]&#x0A;    Which is: &apos;\0&apos;&#x0A;  borderValues[c]&#x0A;    Which is: &apos;\x96&apos; (150)&#x0A;Border value mismatch at (2,16) channel 1&#x0A;" type=""><![CDATA[/home/cjxu/npp/test/unit/nppi/nppi_geometry_transforms/test_nppi_copyConstBorder.cpp:95
Expected equality of these values:
  dstData[dstIdx]
    Which is: '\0'
  borderValues[c]
    Which is: '\x96' (150)
Border value mismatch at (2,16) channel 1
]]></failure>
      <failure message="/home/cjxu/npp/test/unit/nppi/nppi_geometry_transforms/test_nppi_copyConstBorder.cpp:95&#x0A;Expected equality of these values:&#x0A;  dstData[dstIdx]&#x0A;    Which is: &apos;\0&apos;&#x0A;  borderValues[c]&#x0A;    Which is: &apos;\xC8&apos; (200)&#x0A;Border value mismatch at (2,16) channel 2&#x0A;" type=""><![CDATA[/home/cjxu/npp/test/unit/nppi/nppi_geometry_transforms/test_nppi_copyConstBorder.cpp:95
Expected equality of these values:
  dstData[dstIdx]
    Which is: '\0'
  borderValues[c]
    Which is: '\xC8' (200)
Border value mismatch at (2,16) channel 2
]]></failure>
      <failure message="/home/cjxu/npp/test/unit/nppi/nppi_geometry_transforms/test_nppi_copyConstBorder.cpp:95&#x0A;Expected equality of these values:&#x0A;  dstData[dstIdx]&#x0A;    Which is: &apos;\0&apos;&#x0A;  borderValues[c]&#x0A;    Which is: &apos;d&apos; (100, 0x64)&#x0A;Border value mismatch at (3,16) channel 0&#x0A;" type=""><![CDATA[/home/cjxu/npp/test/unit/nppi/nppi_geometry_transforms/test_nppi_copyConstBorder.cpp:95
Expected equality of these values:
  dstData[dstIdx]
    Which is: '\0'
  borderValues[c]
    Which is: 'd' (100, 0x64)
Border value mismatch at (3,16) channel 0
]]></failure>
      <failure message="/home/cjxu/npp/test/unit/nppi/nppi_geometry_transforms/test_nppi_copyConstBorder.cpp:95&#x0A;Expected equality of these values:&#x0A;  dstData[dstIdx]&#x0A;    Which is: &apos;\0&apos;&#x0A;  borderValues[c]&#x0A;    Which is: &apos;\x96&apos; (150)&#x0A;Border value mismatch at (3,16) channel 1&#x0A;" type=""><![CDATA[/home/cjxu/npp/test/unit/nppi/nppi_geometry_transforms/test_nppi_copyConstBorder.cpp:95
Expected equality of these values:
  dstData[dstIdx]
    Which is: '\0'
  borderValues[c]
    Which is: '\x96' (150)
Border value mismatch at (3,16) channel 1
]]></failure>
      <failure message="/home/cjxu/npp/test/unit/nppi/nppi_geometry_transforms/test_nppi_copyConstBorder.cpp:95&#x0A;Expected equality of these values:&#x0A;  dstData[dstIdx]&#x0A;    Which is: &apos;\0&apos;&#x0A;  borderValues[c]&#x0A;    Which is: &apos;\xC8&apos; (200)&#x0A;Border value mismatch at (3,16) channel 2&#x0A;" type=""><![CDATA[/home/cjxu/npp/test/unit/nppi/nppi_geometry_transforms/test_nppi_copyConstBorder.cpp:95
Expected equality of these values:
  dstData[dstIdx]
    Which is: '\0'
  borderValues[c]
    Which is: '\xC8' (200)
Border value mismatch at (3,16) channel 2
]]></failure>
      <failure message="/home/cjxu/npp/test/unit/nppi/nppi_geometry_transforms/test_nppi_copyConstBorder.cpp:95&#x0A;Expected equality of these values:&#x0A;  dstData[dstIdx]&#x0A;    Which is: &apos;\0&apos;&#x0A;  borderValues[c]&#x0A;    Which is: &apos;d&apos; (100, 0x64)&#x0A;Border value mismatch at (4,16) channel 0&#x0A;" type=""><![CDATA[/home/cjxu/npp/test/unit/nppi/nppi_geometry_transforms/test_nppi_copyConstBorder.cpp:95
Expected equality of these values:
  dstData[dstIdx]
    Which is: '\0'
  borderValues[c]
    Which is: 'd' (100, 0x64)
Border value mismatch at (4,16) channel 0
]]></failure>
      <failure message="/home/cjxu/npp/test/unit/nppi/nppi_geometry_transforms/test_nppi_copyConstBorder.cpp:95&#x0A;Expected equality of these values:&#x0A;  dstData[dstIdx]&#x0A;    Which is: &apos;\0&apos;&#x0A;  borderValues[c]&#x0A;    Which is: &apos;\x96&apos; (150)&#x0A;Border value mismatch at (4,16) channel 1&#x0A;" type=""><![CDATA[/home/cjxu/npp/test/unit/nppi/nppi_geometry_transforms/test_nppi_copyConstBorder.cpp:95
Expected equality of these values:
  dstData[dstIdx]
    Which is: '\0'
  borderValues[c]
    Which is: '\x96' (150)
Border value mismatch at (4,16) channel 1
]]></failure>
      <failure message="/home/cjxu/npp/test/unit/nppi/nppi_geometry_transforms/test_nppi_copyConstBorder.cpp:95&#x0A;Expected equality of these values:&#x0A;  dstData[dstIdx]&#x0A;    Which is: &apos;\0&apos;&#x0A;  borderValues[c]&#x0A;    Which is: &apos;\xC8&apos; (200)&#x0A;Border value mismatch at (4,16) channel 2&#x0A;" type=""><![CDATA[/home/cjxu/npp/test/unit/nppi/nppi_geometry_transforms/test_nppi_copyConstBorder.cpp:95
Expected equality of these values:
  dstData[dstIdx]
    Which is: '\0'
  borderValues[c]
    Which is: '\xC8' (200)
Border value mismatch at (4,16) channel 2
]]></failure>
      <failure message="/home/cjxu/npp/test/unit/nppi/nppi_geometry_transforms/test_nppi_copyConstBorder.cpp:95&#x0A;Expected equality of these values:&#x0A;  dstData[dstIdx]&#x0A;    Which is: &apos;\0&apos;&#x0A;  borderValues[c]&#x0A;    Which is: &apos;d&apos; (100, 0x64)&#x0A;Border value mismatch at (5,16) channel 0&#x0A;" type=""><![CDATA[/home/cjxu/npp/test/unit/nppi/nppi_geometry_transforms/test_nppi_copyConstBorder.cpp:95
Expected equality of these values:
  dstData[dstIdx]
    Which is: '\0'
  borderValues[c]
    Which is: 'd' (100, 0x64)
Border value mismatch at (5,16) channel 0
]]></failure>
      <failure message="/home/cjxu/npp/test/unit/nppi/nppi_geometry_transforms/test_nppi_copyConstBorder.cpp:95&#x0A;Expected equality of these values:&#x0A;  dstData[dstIdx]&#x0A;    Which is: &apos;\0&apos;&#x0A;  borderValues[c]&#x0A;    Which is: &apos;\x96&apos; (150)&#x0A;Border value mismatch at (5,16) channel 1&#x0A;" type=""><![CDATA[/home/cjxu/npp/test/unit/nppi/nppi_geometry_transforms/test_nppi_copyConstBorder.cpp:95
Expected equality of these values:
  dstData[dstIdx]
    Which is: '\0'
  borderValues[c]
    Which is: '\x96' (150)
Border value mismatch at (5,16) channel 1
]]></failure>
      <failure message="/home/cjxu/npp/test/unit/nppi/nppi_geometry_transforms/test_nppi_copyConstBorder.cpp:95&#x0A;Expected equality of these values:&#x0A;  dstData[dstIdx]&#x0A;    Which is: &apos;\0&apos;&#x0A;  borderValues[c]&#x0A;    Which is: &apos;\xC8&apos; (200)&#x0A;Border value mismatch at (5,16) channel 2&#x0A;" type=""><![CDATA[/home/cjxu/npp/test/unit/nppi/nppi_geometry_transforms/test_nppi_copyConstBorder.cpp:95
Expected equality of these values:
  dstData[dstIdx]
    Which is: '\0'
  borderValues[c]
    Which is: '\xC8' (200)
Border value mismatch at (5,16) channel 2
]]></failure>
      <failure message="/home/cjxu/npp/test/unit/nppi/nppi_geometry_transforms/test_nppi_copyConstBorder.cpp:95&#x0A;Expected equality of these values:&#x0A;  dstData[dstIdx]&#x0A;    Which is: &apos;\0&apos;&#x0A;  borderValues[c]&#x0A;    Which is: &apos;d&apos; (100, 0x64)&#x0A;Border value mismatch at (6,16) channel 0&#x0A;" type=""><![CDATA[/home/cjxu/npp/test/unit/nppi/nppi_geometry_transforms/test_nppi_copyConstBorder.cpp:95
Expected equality of these values:
  dstData[dstIdx]
    Which is: '\0'
  borderValues[c]
    Which is: 'd' (100, 0x64)
Border value mismatch at (6,16) channel 0
]]></failure>
      <failure message="/home/cjxu/npp/test/unit/nppi/nppi_geometry_transforms/test_nppi_copyConstBorder.cpp:95&#x0A;Expected equality of these values:&#x0A;  dstData[dstIdx]&#x0A;    Which is: &apos;\0&apos;&#x0A;  borderValues[c]&#x0A;    Which is: &apos;\x96&apos; (150)&#x0A;Border value mismatch at (6,16) channel 1&#x0A;" type=""><![CDATA[/home/cjxu/npp/test/unit/nppi/nppi_geometry_transforms/test_nppi_copyConstBorder.cpp:95
Expected equality of these values:
  dstData[dstIdx]
    Which is: '\0'
  borderValues[c]
    Which is: '\x96' (150)
Border value mismatch at (6,16) channel 1
]]></failure>
      <failure message="/home/cjxu/npp/test/unit/nppi/nppi_geometry_transforms/test_nppi_copyConstBorder.cpp:95&#x0A;Expected equality of these values:&#x0A;  dstData[dstIdx]&#x0A;    Which is: &apos;\0&apos;&#x0A;  borderValues[c]&#x0A;    Which is: &apos;\xC8&apos; (200)&#x0A;Border value mismatch at (6,16) channel 2&#x0A;" type=""><![CDATA[/home/cjxu/npp/test/unit/nppi/nppi_geometry_transforms/test_nppi_copyConstBorder.cpp:95
Expected equality of these values:
  dstData[dstIdx]
    Which is: '\0'
  borderValues[c]
    Which is: '\xC8' (200)
Border value mismatch at (6,16) channel 2
]]></failure>
      <failure message="/home/cjxu/npp/test/unit/nppi/nppi_geometry_transforms/test_nppi_copyConstBorder.cpp:95&#x0A;Expected equality of these values:&#x0A;  dstData[dstIdx]&#x0A;    Which is: &apos;\0&apos;&#x0A;  borderValues[c]&#x0A;    Which is: &apos;d&apos; (100, 0x64)&#x0A;Border value mismatch at (7,16) channel 0&#x0A;" type=""><![CDATA[/home/cjxu/npp/test/unit/nppi/nppi_geometry_transforms/test_nppi_copyConstBorder.cpp:95
Expected equality of these values:
  dstData[dstIdx]
    Which is: '\0'
  borderValues[c]
    Which is: 'd' (100, 0x64)
Border value mismatch at (7,16) channel 0
]]></failure>
      <failure message="/home/cjxu/npp/test/unit/nppi/nppi_geometry_transforms/test_nppi_copyConstBorder.cpp:95&#x0A;Expected equality of these values:&#x0A;  dstData[dstIdx]&#x0A;    Which is: &apos;\0&apos;&#x0A;  borderValues[c]&#x0A;    Which is: &apos;\x96&apos; (150)&#x0A;Border value mismatch at (7,16) channel 1&#x0A;" type=""><![CDATA[/home/cjxu/npp/test/unit/nppi/nppi_geometry_transforms/test_nppi_copyConstBorder.cpp:95
Expected equality of these values:
  dstData[dstIdx]
    Which is: '\0'
  borderValues[c]
    Which is: '\x96' (150)
Border value mismatch at (7,16) channel 1
]]></failure>
      <failure message="/home/cjxu/npp/test/unit/nppi/nppi_geometry_transforms/test_nppi_copyConstBorder.cpp:95&#x0A;Expected equality of these values:&#x0A;  dstData[dstIdx]&#x0A;    Which is: &apos;\0&apos;&#x0A;  borderValues[c]&#x0A;    Which is: &apos;\xC8&apos; (200)&#x0A;Border value mismatch at (7,16) channel 2&#x0A;" type=""><![CDATA[/home/cjxu/npp/test/unit/nppi/nppi_geometry_transforms/test_nppi_copyConstBorder.cpp:95
Expected equality of these values:
  dstData[dstIdx]
    Which is: '\0'
  borderValues[c]
    Which is: '\xC8' (200)
Border value mismatch at (7,16) channel 2
]]></failure>
      <failure message="/home/cjxu/npp/test/unit/nppi/nppi_geometry_transforms/test_nppi_copyConstBorder.cpp:95&#x0A;Expected equality of these values:&#x0A;  dstData[dstIdx]&#x0A;    Which is: &apos;\0&apos;&#x0A;  borderValues[c]&#x0A;    Which is: &apos;d&apos; (100, 0x64)&#x0A;Border value mismatch at (8,16) channel 0&#x0A;" type=""><![CDATA[/home/cjxu/npp/test/unit/nppi/nppi_geometry_transforms/test_nppi_copyConstBorder.cpp:95
Expected equality of these values:
  dstData[dstIdx]
    Which is: '\0'
  borderValues[c]
    Which is: 'd' (100, 0x64)
Border value mismatch at (8,16) channel 0
]]></failure>
      <failure message="/home/cjxu/npp/test/unit/nppi/nppi_geometry_transforms/test_nppi_copyConstBorder.cpp:95&#x0A;Expected equality of these values:&#x0A;  dstData[dstIdx]&#x0A;    Which is: &apos;\0&apos;&#x0A;  borderValues[c]&#x0A;    Which is: &apos;\x96&apos; (150)&#x0A;Border value mismatch at (8,16) channel 1&#x0A;" type=""><![CDATA[/home/cjxu/npp/test/unit/nppi/nppi_geometry_transforms/test_nppi_copyConstBorder.cpp:95
Expected equality of these values:
  dstData[dstIdx]
    Which is: '\0'
  borderValues[c]
    Which is: '\x96' (150)
Border value mismatch at (8,16) channel 1
]]></failure>
      <failure message="/home/cjxu/npp/test/unit/nppi/nppi_geometry_transforms/test_nppi_copyConstBorder.cpp:95&#x0A;Expected equality of these values:&#x0A;  dstData[dstIdx]&#x0A;    Which is: &apos;\0&apos;&#x0A;  borderValues[c]&#x0A;    Which is: &apos;\xC8&apos; (200)&#x0A;Border value mismatch at (8,16) channel 2&#x0A;" type=""><![CDATA[/home/cjxu/npp/test/unit/nppi/nppi_geometry_transforms/test_nppi_copyConstBorder.cpp:95
Expected equality of these values:
  dstData[dstIdx]
    Which is: '\0'
  borderValues[c]
    Which is: '\xC8' (200)
Border value mismatch at (8,16) channel 2
]]></failure>
      <failure message="/home/cjxu/npp/test/unit/nppi/nppi_geometry_transforms/test_nppi_copyConstBorder.cpp:95&#x0A;Expected equality of these values:&#x0A;  dstData[dstIdx]&#x0A;    Which is: &apos;\0&apos;&#x0A;  borderValues[c]&#x0A;    Which is: &apos;d&apos; (100, 0x64)&#x0A;Border value mismatch at (9,16) channel 0&#x0A;" type=""><![CDATA[/home/cjxu/npp/test/unit/nppi/nppi_geometry_transforms/test_nppi_copyConstBorder.cpp:95
Expected equality of these values:
  dstData[dstIdx]
    Which is: '\0'
  borderValues[c]
    Which is: 'd' (100, 0x64)
Border value mismatch at (9,16) channel 0
]]></failure>
      <failure message="/home/cjxu/npp/test/unit/nppi/nppi_geometry_transforms/test_nppi_copyConstBorder.cpp:95&#x0A;Expected equality of these values:&#x0A;  dstData[dstIdx]&#x0A;    Which is: &apos;\0&apos;&#x0A;  borderValues[c]&#x0A;    Which is: &apos;\x96&apos; (150)&#x0A;Border value mismatch at (9,16) channel 1&#x0A;" type=""><![CDATA[/home/cjxu/npp/test/unit/nppi/nppi_geometry_transforms/test_nppi_copyConstBorder.cpp:95
Expected equality of these values:
  dstData[dstIdx]
    Which is: '\0'
  borderValues[c]
    Which is: '\x96' (150)
Border value mismatch at (9,16) channel 1
]]></failure>
      <failure message="/home/cjxu/npp/test/unit/nppi/nppi_geometry_transforms/test_nppi_copyConstBorder.cpp:95&#x0A;Expected equality of these values:&#x0A;  dstData[dstIdx]&#x0A;    Which is: &apos;\0&apos;&#x0A;  borderValues[c]&#x0A;    Which is: &apos;\xC8&apos; (200)&#x0A;Border value mismatch at (9,16) channel 2&#x0A;" type=""><![CDATA[/home/cjxu/npp/test/unit/nppi/nppi_geometry_transforms/test_nppi_copyConstBorder.cpp:95
Expected equality of these values:
  dstData[dstIdx]
    Which is: '\0'
  borderValues[c]
    Which is: '\xC8' (200)
Border value mismatch at (9,16) channel 2
]]></failure>
      <failure message="/home/cjxu/npp/test/unit/nppi/nppi_geometry_transforms/test_nppi_copyConstBorder.cpp:95&#x0A;Expected equality of these values:&#x0A;  dstData[dstIdx]&#x0A;    Which is: &apos;\0&apos;&#x0A;  borderValues[c]&#x0A;    Which is: &apos;d&apos; (100, 0x64)&#x0A;Border value mismatch at (10,16) channel 0&#x0A;" type=""><![CDATA[/home/cjxu/npp/test/unit/nppi/nppi_geometry_transforms/test_nppi_copyConstBorder.cpp:95
Expected equality of these values:
  dstData[dstIdx]
    Which is: '\0'
  borderValues[c]
    Which is: 'd' (100, 0x64)
Border value mismatch at (10,16) channel 0
]]></failure>
      <failure message="/home/cjxu/npp/test/unit/nppi/nppi_geometry_transforms/test_nppi_copyConstBorder.cpp:95&#x0A;Expected equality of these values:&#x0A;  dstData[dstIdx]&#x0A;    Which is: &apos;\0&apos;&#x0A;  borderValues[c]&#x0A;    Which is: &apos;\x96&apos; (150)&#x0A;Border value mismatch at (10,16) channel 1&#x0A;" type=""><![CDATA[/home/cjxu/npp/test/unit/nppi/nppi_geometry_transforms/test_nppi_copyConstBorder.cpp:95
Expected equality of these values:
  dstData[dstIdx]
    Which is: '\0'
  borderValues[c]
    Which is: '\x96' (150)
Border value mismatch at (10,16) channel 1
]]></failure>
      <failure message="/home/cjxu/npp/test/unit/nppi/nppi_geometry_transforms/test_nppi_copyConstBorder.cpp:95&#x0A;Expected equality of these values:&#x0A;  dstData[dstIdx]&#x0A;    Which is: &apos;\0&apos;&#x0A;  borderValues[c]&#x0A;    Which is: &apos;\xC8&apos; (200)&#x0A;Border value mismatch at (10,16) channel 2&#x0A;" type=""><![CDATA[/home/cjxu/npp/test/unit/nppi/nppi_geometry_transforms/test_nppi_copyConstBorder.cpp:95
Expected equality of these values:
  dstData[dstIdx]
    Which is: '\0'
  borderValues[c]
    Which is: '\xC8' (200)
Border value mismatch at (10,16) channel 2
]]></failure>
      <failure message="/home/cjxu/npp/test/unit/nppi/nppi_geometry_transforms/test_nppi_copyConstBorder.cpp:95&#x0A;Expected equality of these values:&#x0A;  dstData[dstIdx]&#x0A;    Which is: &apos;\0&apos;&#x0A;  borderValues[c]&#x0A;    Which is: &apos;d&apos; (100, 0x64)&#x0A;Border value mismatch at (11,16) channel 0&#x0A;" type=""><![CDATA[/home/cjxu/npp/test/unit/nppi/nppi_geometry_transforms/test_nppi_copyConstBorder.cpp:95
Expected equality of these values:
  dstData[dstIdx]
    Which is: '\0'
  borderValues[c]
    Which is: 'd' (100, 0x64)
Border value mismatch at (11,16) channel 0
]]></failure>
      <failure message="/home/cjxu/npp/test/unit/nppi/nppi_geometry_transforms/test_nppi_copyConstBorder.cpp:95&#x0A;Expected equality of these values:&#x0A;  dstData[dstIdx]&#x0A;    Which is: &apos;\0&apos;&#x0A;  borderValues[c]&#x0A;    Which is: &apos;\x96&apos; (150)&#x0A;Border value mismatch at (11,16) channel 1&#x0A;" type=""><![CDATA[/home/cjxu/npp/test/unit/nppi/nppi_geometry_transforms/test_nppi_copyConstBorder.cpp:95
Expected equality of these values:
  dstData[dstIdx]
    Which is: '\0'
  borderValues[c]
    Which is: '\x96' (150)
Border value mismatch at (11,16) channel 1
]]></failure>
      <failure message="/home/cjxu/npp/test/unit/nppi/nppi_geometry_transforms/test_nppi_copyConstBorder.cpp:95&#x0A;Expected equality of these values:&#x0A;  dstData[dstIdx]&#x0A;    Which is: &apos;\0&apos;&#x0A;  borderValues[c]&#x0A;    Which is: &apos;\xC8&apos; (200)&#x0A;Border value mismatch at (11,16) channel 2&#x0A;" type=""><![CDATA[/home/cjxu/npp/test/unit/nppi/nppi_geometry_transforms/test_nppi_copyConstBorder.cpp:95
Expected equality of these values:
  dstData[dstIdx]
    Which is: '\0'
  borderValues[c]
    Which is: '\xC8' (200)
Border value mismatch at (11,16) channel 2
]]></failure>
      <failure message="/home/cjxu/npp/test/unit/nppi/nppi_geometry_transforms/test_nppi_copyConstBorder.cpp:95&#x0A;Expected equality of these values:&#x0A;  dstData[dstIdx]&#x0A;    Which is: &apos;\0&apos;&#x0A;  borderValues[c]&#x0A;    Which is: &apos;d&apos; (100, 0x64)&#x0A;Border value mismatch at (12,16) channel 0&#x0A;" type=""><![CDATA[/home/cjxu/npp/test/unit/nppi/nppi_geometry_transforms/test_nppi_copyConstBorder.cpp:95
Expected equality of these values:
  dstData[dstIdx]
    Which is: '\0'
  borderValues[c]
    Which is: 'd' (100, 0x64)
Border value mismatch at (12,16) channel 0
]]></failure>
      <failure message="/home/cjxu/npp/test/unit/nppi/nppi_geometry_transforms/test_nppi_copyConstBorder.cpp:95&#x0A;Expected equality of these values:&#x0A;  dstData[dstIdx]&#x0A;    Which is: &apos;\0&apos;&#x0A;  borderValues[c]&#x0A;    Which is: &apos;\x96&apos; (150)&#x0A;Border value mismatch at (12,16) channel 1&#x0A;" type=""><![CDATA[/home/cjxu/npp/test/unit/nppi/nppi_geometry_transforms/test_nppi_copyConstBorder.cpp:95
Expected equality of these values:
  dstData[dstIdx]
    Which is: '\0'
  borderValues[c]
    Which is: '\x96' (150)
Border value mismatch at (12,16) channel 1
]]></failure>
      <failure message="/home/cjxu/npp/test/unit/nppi/nppi_geometry_transforms/test_nppi_copyConstBorder.cpp:95&#x0A;Expected equality of these values:&#x0A;  dstData[dstIdx]&#x0A;    Which is: &apos;\0&apos;&#x0A;  borderValues[c]&#x0A;    Which is: &apos;\xC8&apos; (200)&#x0A;Border value mismatch at (12,16) channel 2&#x0A;" type=""><![CDATA[/home/cjxu/npp/test/unit/nppi/nppi_geometry_transforms/test_nppi_copyConstBorder.cpp:95
Expected equality of these values:
  dstData[dstIdx]
    Which is: '\0'
  borderValues[c]
    Which is: '\xC8' (200)
Border value mismatch at (12,16) channel 2
]]></failure>
      <failure message="/home/cjxu/npp/test/unit/nppi/nppi_geometry_transforms/test_nppi_copyConstBorder.cpp:95&#x0A;Expected equality of these values:&#x0A;  dstData[dstIdx]&#x0A;    Which is: &apos;\0&apos;&#x0A;  borderValues[c]&#x0A;    Which is: &apos;d&apos; (100, 0x64)&#x0A;Border value mismatch at (13,16) channel 0&#x0A;" type=""><![CDATA[/home/cjxu/npp/test/unit/nppi/nppi_geometry_transforms/test_nppi_copyConstBorder.cpp:95
Expected equality of these values:
  dstData[dstIdx]
    Which is: '\0'
  borderValues[c]
    Which is: 'd' (100, 0x64)
Border value mismatch at (13,16) channel 0
]]></failure>
      <failure message="/home/cjxu/npp/test/unit/nppi/nppi_geometry_transforms/test_nppi_copyConstBorder.cpp:95&#x0A;Expected equality of these values:&#x0A;  dstData[dstIdx]&#x0A;    Which is: &apos;\0&apos;&#x0A;  borderValues[c]&#x0A;    Which is: &apos;\x96&apos; (150)&#x0A;Border value mismatch at (13,16) channel 1&#x0A;" type=""><![CDATA[/home/cjxu/npp/test/unit/nppi/nppi_geometry_transforms/test_nppi_copyConstBorder.cpp:95
Expected equality of these values:
  dstData[dstIdx]
    Which is: '\0'
  borderValues[c]
    Which is: '\x96' (150)
Border value mismatch at (13,16) channel 1
]]></failure>
      <failure message="/home/cjxu/npp/test/unit/nppi/nppi_geometry_transforms/test_nppi_copyConstBorder.cpp:95&#x0A;Expected equality of these values:&#x0A;  dstData[dstIdx]&#x0A;    Which is: &apos;\0&apos;&#x0A;  borderValues[c]&#x0A;    Which is: &apos;\xC8&apos; (200)&#x0A;Border value mismatch at (13,16) channel 2&#x0A;" type=""><![CDATA[/home/cjxu/npp/test/unit/nppi/nppi_geometry_transforms/test_nppi_copyConstBorder.cpp:95
Expected equality of these values:
  dstData[dstIdx]
    Which is: '\0'
  borderValues[c]
    Which is: '\xC8' (200)
Border value mismatch at (13,16) channel 2
]]></failure>
      <failure message="/home/cjxu/npp/test/unit/nppi/nppi_geometry_transforms/test_nppi_copyConstBorder.cpp:95&#x0A;Expected equality of these values:&#x0A;  dstData[dstIdx]&#x0A;    Which is: &apos;\0&apos;&#x0A;  borderValues[c]&#x0A;    Which is: &apos;d&apos; (100, 0x64)&#x0A;Border value mismatch at (14,16) channel 0&#x0A;" type=""><![CDATA[/home/cjxu/npp/test/unit/nppi/nppi_geometry_transforms/test_nppi_copyConstBorder.cpp:95
Expected equality of these values:
  dstData[dstIdx]
    Which is: '\0'
  borderValues[c]
    Which is: 'd' (100, 0x64)
Border value mismatch at (14,16) channel 0
]]></failure>
      <failure message="/home/cjxu/npp/test/unit/nppi/nppi_geometry_transforms/test_nppi_copyConstBorder.cpp:95&#x0A;Expected equality of these values:&#x0A;  dstData[dstIdx]&#x0A;    Which is: &apos;\0&apos;&#x0A;  borderValues[c]&#x0A;    Which is: &apos;\x96&apos; (150)&#x0A;Border value mismatch at (14,16) channel 1&#x0A;" type=""><![CDATA[/home/cjxu/npp/test/unit/nppi/nppi_geometry_transforms/test_nppi_copyConstBorder.cpp:95
Expected equality of these values:
  dstData[dstIdx]
    Which is: '\0'
  borderValues[c]
    Which is: '\x96' (150)
Border value mismatch at (14,16) channel 1
]]></failure>
      <failure message="/home/cjxu/npp/test/unit/nppi/nppi_geometry_transforms/test_nppi_copyConstBorder.cpp:95&#x0A;Expected equality of these values:&#x0A;  dstData[dstIdx]&#x0A;    Which is: &apos;\0&apos;&#x0A;  borderValues[c]&#x0A;    Which is: &apos;\xC8&apos; (200)&#x0A;Border value mismatch at (14,16) channel 2&#x0A;" type=""><![CDATA[/home/cjxu/npp/test/unit/nppi/nppi_geometry_transforms/test_nppi_copyConstBorder.cpp:95
Expected equality of these values:
  dstData[dstIdx]
    Which is: '\0'
  borderValues[c]
    Which is: '\xC8' (200)
Border value mismatch at (14,16) channel 2
]]></failure>
      <failure message="/home/cjxu/npp/test/unit/nppi/nppi_geometry_transforms/test_nppi_copyConstBorder.cpp:95&#x0A;Expected equality of these values:&#x0A;  dstData[dstIdx]&#x0A;    Which is: &apos;\0&apos;&#x0A;  borderValues[c]&#x0A;    Which is: &apos;d&apos; (100, 0x64)&#x0A;Border value mismatch at (15,16) channel 0&#x0A;" type=""><![CDATA[/home/cjxu/npp/test/unit/nppi/nppi_geometry_transforms/test_nppi_copyConstBorder.cpp:95
Expected equality of these values:
  dstData[dstIdx]
    Which is: '\0'
  borderValues[c]
    Which is: 'd' (100, 0x64)
Border value mismatch at (15,16) channel 0
]]></failure>
      <failure message="/home/cjxu/npp/test/unit/nppi/nppi_geometry_transforms/test_nppi_copyConstBorder.cpp:95&#x0A;Expected equality of these values:&#x0A;  dstData[dstIdx]&#x0A;    Which is: &apos;\0&apos;&#x0A;  borderValues[c]&#x0A;    Which is: &apos;\x96&apos; (150)&#x0A;Border value mismatch at (15,16) channel 1&#x0A;" type=""><![CDATA[/home/cjxu/npp/test/unit/nppi/nppi_geometry_transforms/test_nppi_copyConstBorder.cpp:95
Expected equality of these values:
  dstData[dstIdx]
    Which is: '\0'
  borderValues[c]
    Which is: '\x96' (150)
Border value mismatch at (15,16) channel 1
]]></failure>
      <failure message="/home/cjxu/npp/test/unit/nppi/nppi_geometry_transforms/test_nppi_copyConstBorder.cpp:95&#x0A;Expected equality of these values:&#x0A;  dstData[dstIdx]&#x0A;    Which is: &apos;\0&apos;&#x0A;  borderValues[c]&#x0A;    Which is: &apos;\xC8&apos; (200)&#x0A;Border value mismatch at (15,16) channel 2&#x0A;" type=""><![CDATA[/home/cjxu/npp/test/unit/nppi/nppi_geometry_transforms/test_nppi_copyConstBorder.cpp:95
Expected equality of these values:
  dstData[dstIdx]
    Which is: '\0'
  borderValues[c]
    Which is: '\xC8' (200)
Border value mismatch at (15,16) channel 2
]]></failure>
      <failure message="/home/cjxu/npp/test/unit/nppi/nppi_geometry_transforms/test_nppi_copyConstBorder.cpp:95&#x0A;Expected equality of these values:&#x0A;  dstData[dstIdx]&#x0A;    Which is: &apos;\0&apos;&#x0A;  borderValues[c]&#x0A;    Which is: &apos;d&apos; (100, 0x64)&#x0A;Border value mismatch at (16,16) channel 0&#x0A;" type=""><![CDATA[/home/cjxu/npp/test/unit/nppi/nppi_geometry_transforms/test_nppi_copyConstBorder.cpp:95
Expected equality of these values:
  dstData[dstIdx]
    Which is: '\0'
  borderValues[c]
    Which is: 'd' (100, 0x64)
Border value mismatch at (16,16) channel 0
]]></failure>
      <failure message="/home/cjxu/npp/test/unit/nppi/nppi_geometry_transforms/test_nppi_copyConstBorder.cpp:95&#x0A;Expected equality of these values:&#x0A;  dstData[dstIdx]&#x0A;    Which is: &apos;\0&apos;&#x0A;  borderValues[c]&#x0A;    Which is: &apos;\x96&apos; (150)&#x0A;Border value mismatch at (16,16) channel 1&#x0A;" type=""><![CDATA[/home/cjxu/npp/test/unit/nppi/nppi_geometry_transforms/test_nppi_copyConstBorder.cpp:95
Expected equality of these values:
  dstData[dstIdx]
    Which is: '\0'
  borderValues[c]
    Which is: '\x96' (150)
Border value mismatch at (16,16) channel 1
]]></failure>
      <failure message="/home/cjxu/npp/test/unit/nppi/nppi_geometry_transforms/test_nppi_copyConstBorder.cpp:95&#x0A;Expected equality of these values:&#x0A;  dstData[dstIdx]&#x0A;    Which is: &apos;\0&apos;&#x0A;  borderValues[c]&#x0A;    Which is: &apos;\xC8&apos; (200)&#x0A;Border value mismatch at (16,16) channel 2&#x0A;" type=""><![CDATA[/home/cjxu/npp/test/unit/nppi/nppi_geometry_transforms/test_nppi_copyConstBorder.cpp:95
Expected equality of these values:
  dstData[dstIdx]
    Which is: '\0'
  borderValues[c]
    Which is: '\xC8' (200)
Border value mismatch at (16,16) channel 2
]]></failure>
      <failure message="/home/cjxu/npp/test/unit/nppi/nppi_geometry_transforms/test_nppi_copyConstBorder.cpp:95&#x0A;Expected equality of these values:&#x0A;  dstData[dstIdx]&#x0A;    Which is: &apos;\0&apos;&#x0A;  borderValues[c]&#x0A;    Which is: &apos;d&apos; (100, 0x64)&#x0A;Border value mismatch at (17,16) channel 0&#x0A;" type=""><![CDATA[/home/cjxu/npp/test/unit/nppi/nppi_geometry_transforms/test_nppi_copyConstBorder.cpp:95
Expected equality of these values:
  dstData[dstIdx]
    Which is: '\0'
  borderValues[c]
    Which is: 'd' (100, 0x64)
Border value mismatch at (17,16) channel 0
]]></failure>
      <failure message="/home/cjxu/npp/test/unit/nppi/nppi_geometry_transforms/test_nppi_copyConstBorder.cpp:95&#x0A;Expected equality of these values:&#x0A;  dstData[dstIdx]&#x0A;    Which is: &apos;\0&apos;&#x0A;  borderValues[c]&#x0A;    Which is: &apos;\x96&apos; (150)&#x0A;Border value mismatch at (17,16) channel 1&#x0A;" type=""><![CDATA[/home/cjxu/npp/test/unit/nppi/nppi_geometry_transforms/test_nppi_copyConstBorder.cpp:95
Expected equality of these values:
  dstData[dstIdx]
    Which is: '\0'
  borderValues[c]
    Which is: '\x96' (150)
Border value mismatch at (17,16) channel 1
]]></failure>
      <failure message="/home/cjxu/npp/test/unit/nppi/nppi_geometry_transforms/test_nppi_copyConstBorder.cpp:95&#x0A;Expected equality of these values:&#x0A;  dstData[dstIdx]&#x0A;    Which is: &apos;\0&apos;&#x0A;  borderValues[c]&#x0A;    Which is: &apos;\xC8&apos; (200)&#x0A;Border value mismatch at (17,16) channel 2&#x0A;" type=""><![CDATA[/home/cjxu/npp/test/unit/nppi/nppi_geometry_transforms/test_nppi_copyConstBorder.cpp:95
Expected equality of these values:
  dstData[dstIdx]
    Which is: '\0'
  borderValues[c]
    Which is: '\xC8' (200)
Border value mismatch at (17,16) channel 2
]]></failure>
      <failure message="/home/cjxu/npp/test/unit/nppi/nppi_geometry_transforms/test_nppi_copyConstBorder.cpp:95&#x0A;Expected equality of these values:&#x0A;  dstData[dstIdx]&#x0A;    Which is: &apos;\0&apos;&#x0A;  borderValues[c]&#x0A;    Which is: &apos;d&apos; (100, 0x64)&#x0A;Border value mismatch at (18,16) channel 0&#x0A;" type=""><![CDATA[/home/cjxu/npp/test/unit/nppi/nppi_geometry_transforms/test_nppi_copyConstBorder.cpp:95
Expected equality of these values:
  dstData[dstIdx]
    Which is: '\0'
  borderValues[c]
    Which is: 'd' (100, 0x64)
Border value mismatch at (18,16) channel 0
]]></failure>
      <failure message="/home/cjxu/npp/test/unit/nppi/nppi_geometry_transforms/test_nppi_copyConstBorder.cpp:95&#x0A;Expected equality of these values:&#x0A;  dstData[dstIdx]&#x0A;    Which is: &apos;\0&apos;&#x0A;  borderValues[c]&#x0A;    Which is: &apos;\x96&apos; (150)&#x0A;Border value mismatch at (18,16) channel 1&#x0A;" type=""><![CDATA[/home/cjxu/npp/test/unit/nppi/nppi_geometry_transforms/test_nppi_copyConstBorder.cpp:95
Expected equality of these values:
  dstData[dstIdx]
    Which is: '\0'
  borderValues[c]
    Which is: '\x96' (150)
Border value mismatch at (18,16) channel 1
]]></failure>
      <failure message="/home/cjxu/npp/test/unit/nppi/nppi_geometry_transforms/test_nppi_copyConstBorder.cpp:95&#x0A;Expected equality of these values:&#x0A;  dstData[dstIdx]&#x0A;    Which is: &apos;\0&apos;&#x0A;  borderValues[c]&#x0A;    Which is: &apos;\xC8&apos; (200)&#x0A;Border value mismatch at (18,16) channel 2&#x0A;" type=""><![CDATA[/home/cjxu/npp/test/unit/nppi/nppi_geometry_transforms/test_nppi_copyConstBorder.cpp:95
Expected equality of these values:
  dstData[dstIdx]
    Which is: '\0'
  borderValues[c]
    Which is: '\xC8' (200)
Border value mismatch at (18,16) channel 2
]]></failure>
      <failure message="/home/cjxu/npp/test/unit/nppi/nppi_geometry_transforms/test_nppi_copyConstBorder.cpp:95&#x0A;Expected equality of these values:&#x0A;  dstData[dstIdx]&#x0A;    Which is: &apos;\0&apos;&#x0A;  borderValues[c]&#x0A;    Which is: &apos;d&apos; (100, 0x64)&#x0A;Border value mismatch at (19,16) channel 0&#x0A;" type=""><![CDATA[/home/cjxu/npp/test/unit/nppi/nppi_geometry_transforms/test_nppi_copyConstBorder.cpp:95
Expected equality of these values:
  dstData[dstIdx]
    Which is: '\0'
  borderValues[c]
    Which is: 'd' (100, 0x64)
Border value mismatch at (19,16) channel 0
]]></failure>
      <failure message="/home/cjxu/npp/test/unit/nppi/nppi_geometry_transforms/test_nppi_copyConstBorder.cpp:95&#x0A;Expected equality of these values:&#x0A;  dstData[dstIdx]&#x0A;    Which is: &apos;\0&apos;&#x0A;  borderValues[c]&#x0A;    Which is: &apos;\x96&apos; (150)&#x0A;Border value mismatch at (19,16) channel 1&#x0A;" type=""><![CDATA[/home/cjxu/npp/test/unit/nppi/nppi_geometry_transforms/test_nppi_copyConstBorder.cpp:95
Expected equality of these values:
  dstData[dstIdx]
    Which is: '\0'
  borderValues[c]
    Which is: '\x96' (150)
Border value mismatch at (19,16) channel 1
]]></failure>
      <failure message="/home/cjxu/npp/test/unit/nppi/nppi_geometry_transforms/test_nppi_copyConstBorder.cpp:95&#x0A;Expected equality of these values:&#x0A;  dstData[dstIdx]&#x0A;    Which is: &apos;\0&apos;&#x0A;  borderValues[c]&#x0A;    Which is: &apos;\xC8&apos; (200)&#x0A;Border value mismatch at (19,16) channel 2&#x0A;" type=""><![CDATA[/home/cjxu/npp/test/unit/nppi/nppi_geometry_transforms/test_nppi_copyConstBorder.cpp:95
Expected equality of these values:
  dstData[dstIdx]
    Which is: '\0'
  borderValues[c]
    Which is: '\xC8' (200)
Border value mismatch at (19,16) channel 2
]]></failure>
      <failure message="/home/cjxu/npp/test/unit/nppi/nppi_geometry_transforms/test_nppi_copyConstBorder.cpp:95&#x0A;Expected equality of these values:&#x0A;  dstData[dstIdx]&#x0A;    Which is: &apos;\0&apos;&#x0A;  borderValues[c]&#x0A;    Which is: &apos;d&apos; (100, 0x64)&#x0A;Border value mismatch at (20,16) channel 0&#x0A;" type=""><![CDATA[/home/cjxu/npp/test/unit/nppi/nppi_geometry_transforms/test_nppi_copyConstBorder.cpp:95
Expected equality of these values:
  dstData[dstIdx]
    Which is: '\0'
  borderValues[c]
    Which is: 'd' (100, 0x64)
Border value mismatch at (20,16) channel 0
]]></failure>
      <failure message="/home/cjxu/npp/test/unit/nppi/nppi_geometry_transforms/test_nppi_copyConstBorder.cpp:95&#x0A;Expected equality of these values:&#x0A;  dstData[dstIdx]&#x0A;    Which is: &apos;\0&apos;&#x0A;  borderValues[c]&#x0A;    Which is: &apos;\x96&apos; (150)&#x0A;Border value mismatch at (20,16) channel 1&#x0A;" type=""><![CDATA[/home/cjxu/npp/test/unit/nppi/nppi_geometry_transforms/test_nppi_copyConstBorder.cpp:95
Expected equality of these values:
  dstData[dstIdx]
    Which is: '\0'
  borderValues[c]
    Which is: '\x96' (150)
Border value mismatch at (20,16) channel 1
]]></failure>
      <failure message="/home/cjxu/npp/test/unit/nppi/nppi_geometry_transforms/test_nppi_copyConstBorder.cpp:95&#x0A;Expected equality of these values:&#x0A;  dstData[dstIdx]&#x0A;    Which is: &apos;\0&apos;&#x0A;  borderValues[c]&#x0A;    Which is: &apos;\xC8&apos; (200)&#x0A;Border value mismatch at (20,16) channel 2&#x0A;" type=""><![CDATA[/home/cjxu/npp/test/unit/nppi/nppi_geometry_transforms/test_nppi_copyConstBorder.cpp:95
Expected equality of these values:
  dstData[dstIdx]
    Which is: '\0'
  borderValues[c]
    Which is: '\xC8' (200)
Border value mismatch at (20,16) channel 2
]]></failure>
      <failure message="/home/cjxu/npp/test/unit/nppi/nppi_geometry_transforms/test_nppi_copyConstBorder.cpp:95&#x0A;Expected equality of these values:&#x0A;  dstData[dstIdx]&#x0A;    Which is: &apos;\0&apos;&#x0A;  borderValues[c]&#x0A;    Which is: &apos;d&apos; (100, 0x64)&#x0A;Border value mismatch at (21,16) channel 0&#x0A;" type=""><![CDATA[/home/cjxu/npp/test/unit/nppi/nppi_geometry_transforms/test_nppi_copyConstBorder.cpp:95
Expected equality of these values:
  dstData[dstIdx]
    Which is: '\0'
  borderValues[c]
    Which is: 'd' (100, 0x64)
Border value mismatch at (21,16) channel 0
]]></failure>
      <failure message="/home/cjxu/npp/test/unit/nppi/nppi_geometry_transforms/test_nppi_copyConstBorder.cpp:95&#x0A;Expected equality of these values:&#x0A;  dstData[dstIdx]&#x0A;    Which is: &apos;\0&apos;&#x0A;  borderValues[c]&#x0A;    Which is: &apos;\x96&apos; (150)&#x0A;Border value mismatch at (21,16) channel 1&#x0A;" type=""><![CDATA[/home/cjxu/npp/test/unit/nppi/nppi_geometry_transforms/test_nppi_copyConstBorder.cpp:95
Expected equality of these values:
  dstData[dstIdx]
    Which is: '\0'
  borderValues[c]
    Which is: '\x96' (150)
Border value mismatch at (21,16) channel 1
]]></failure>
      <failure message="/home/cjxu/npp/test/unit/nppi/nppi_geometry_transforms/test_nppi_copyConstBorder.cpp:95&#x0A;Expected equality of these values:&#x0A;  dstData[dstIdx]&#x0A;    Which is: &apos;\0&apos;&#x0A;  borderValues[c]&#x0A;    Which is: &apos;\xC8&apos; (200)&#x0A;Border value mismatch at (21,16) channel 2&#x0A;" type=""><![CDATA[/home/cjxu/npp/test/unit/nppi/nppi_geometry_transforms/test_nppi_copyConstBorder.cpp:95
Expected equality of these values:
  dstData[dstIdx]
    Which is: '\0'
  borderValues[c]
    Which is: '\xC8' (200)
Border value mismatch at (21,16) channel 2
]]></failure>
      <failure message="/home/cjxu/npp/test/unit/nppi/nppi_geometry_transforms/test_nppi_copyConstBorder.cpp:95&#x0A;Expected equality of these values:&#x0A;  dstData[dstIdx]&#x0A;    Which is: &apos;\0&apos;&#x0A;  borderValues[c]&#x0A;    Which is: &apos;d&apos; (100, 0x64)&#x0A;Border value mismatch at (22,16) channel 0&#x0A;" type=""><![CDATA[/home/cjxu/npp/test/unit/nppi/nppi_geometry_transforms/test_nppi_copyConstBorder.cpp:95
Expected equality of these values:
  dstData[dstIdx]
    Which is: '\0'
  borderValues[c]
    Which is: 'd' (100, 0x64)
Border value mismatch at (22,16) channel 0
]]></failure>
      <failure message="/home/cjxu/npp/test/unit/nppi/nppi_geometry_transforms/test_nppi_copyConstBorder.cpp:95&#x0A;Expected equality of these values:&#x0A;  dstData[dstIdx]&#x0A;    Which is: &apos;\0&apos;&#x0A;  borderValues[c]&#x0A;    Which is: &apos;\x96&apos; (150)&#x0A;Border value mismatch at (22,16) channel 1&#x0A;" type=""><![CDATA[/home/cjxu/npp/test/unit/nppi/nppi_geometry_transforms/test_nppi_copyConstBorder.cpp:95
Expected equality of these values:
  dstData[dstIdx]
    Which is: '\0'
  borderValues[c]
    Which is: '\x96' (150)
Border value mismatch at (22,16) channel 1
]]></failure>
      <failure message="/home/cjxu/npp/test/unit/nppi/nppi_geometry_transforms/test_nppi_copyConstBorder.cpp:95&#x0A;Expected equality of these values:&#x0A;  dstData[dstIdx]&#x0A;    Which is: &apos;\0&apos;&#x0A;  borderValues[c]&#x0A;    Which is: &apos;\xC8&apos; (200)&#x0A;Border value mismatch at (22,16) channel 2&#x0A;" type=""><![CDATA[/home/cjxu/npp/test/unit/nppi/nppi_geometry_transforms/test_nppi_copyConstBorder.cpp:95
Expected equality of these values:
  dstData[dstIdx]
    Which is: '\0'
  borderValues[c]
    Which is: '\xC8' (200)
Border value mismatch at (22,16) channel 2
]]></failure>
      <failure message="/home/cjxu/npp/test/unit/nppi/nppi_geometry_transforms/test_nppi_copyConstBorder.cpp:95&#x0A;Expected equality of these values:&#x0A;  dstData[dstIdx]&#x0A;    Which is: &apos;\0&apos;&#x0A;  borderValues[c]&#x0A;    Which is: &apos;d&apos; (100, 0x64)&#x0A;Border value mismatch at (23,16) channel 0&#x0A;" type=""><![CDATA[/home/cjxu/npp/test/unit/nppi/nppi_geometry_transforms/test_nppi_copyConstBorder.cpp:95
Expected equality of these values:
  dstData[dstIdx]
    Which is: '\0'
  borderValues[c]
    Which is: 'd' (100, 0x64)
Border value mismatch at (23,16) channel 0
]]></failure>
      <failure message="/home/cjxu/npp/test/unit/nppi/nppi_geometry_transforms/test_nppi_copyConstBorder.cpp:95&#x0A;Expected equality of these values:&#x0A;  dstData[dstIdx]&#x0A;    Which is: &apos;\0&apos;&#x0A;  borderValues[c]&#x0A;    Which is: &apos;\x96&apos; (150)&#x0A;Border value mismatch at (23,16) channel 1&#x0A;" type=""><![CDATA[/home/cjxu/npp/test/unit/nppi/nppi_geometry_transforms/test_nppi_copyConstBorder.cpp:95
Expected equality of these values:
  dstData[dstIdx]
    Which is: '\0'
  borderValues[c]
    Which is: '\x96' (150)
Border value mismatch at (23,16) channel 1
]]></failure>
      <failure message="/home/cjxu/npp/test/unit/nppi/nppi_geometry_transforms/test_nppi_copyConstBorder.cpp:95&#x0A;Expected equality of these values:&#x0A;  dstData[dstIdx]&#x0A;    Which is: &apos;\0&apos;&#x0A;  borderValues[c]&#x0A;    Which is: &apos;\xC8&apos; (200)&#x0A;Border value mismatch at (23,16) channel 2&#x0A;" type=""><![CDATA[/home/cjxu/npp/test/unit/nppi/nppi_geometry_transforms/test_nppi_copyConstBorder.cpp:95
Expected equality of these values:
  dstData[dstIdx]
    Which is: '\0'
  borderValues[c]
    Which is: '\xC8' (200)
Border value mismatch at (23,16) channel 2
]]></failure>
      <failure message="/home/cjxu/npp/test/unit/nppi/nppi_geometry_transforms/test_nppi_copyConstBorder.cpp:95&#x0A;Expected equality of these values:&#x0A;  dstData[dstIdx]&#x0A;    Which is: &apos;\0&apos;&#x0A;  borderValues[c]&#x0A;    Which is: &apos;d&apos; (100, 0x64)&#x0A;Border value mismatch at (0,17) channel 0&#x0A;" type=""><![CDATA[/home/cjxu/npp/test/unit/nppi/nppi_geometry_transforms/test_nppi_copyConstBorder.cpp:95
Expected equality of these values:
  dstData[dstIdx]
    Which is: '\0'
  borderValues[c]
    Which is: 'd' (100, 0x64)
Border value mismatch at (0,17) channel 0
]]></failure>
      <failure message="/home/cjxu/npp/test/unit/nppi/nppi_geometry_transforms/test_nppi_copyConstBorder.cpp:95&#x0A;Expected equality of these values:&#x0A;  dstData[dstIdx]&#x0A;    Which is: &apos;\0&apos;&#x0A;  borderValues[c]&#x0A;    Which is: &apos;\x96&apos; (150)&#x0A;Border value mismatch at (0,17) channel 1&#x0A;" type=""><![CDATA[/home/cjxu/npp/test/unit/nppi/nppi_geometry_transforms/test_nppi_copyConstBorder.cpp:95
Expected equality of these values:
  dstData[dstIdx]
    Which is: '\0'
  borderValues[c]
    Which is: '\x96' (150)
Border value mismatch at (0,17) channel 1
]]></failure>
      <failure message="/home/cjxu/npp/test/unit/nppi/nppi_geometry_transforms/test_nppi_copyConstBorder.cpp:95&#x0A;Expected equality of these values:&#x0A;  dstData[dstIdx]&#x0A;    Which is: &apos;\0&apos;&#x0A;  borderValues[c]&#x0A;    Which is: &apos;\xC8&apos; (200)&#x0A;Border value mismatch at (0,17) channel 2&#x0A;" type=""><![CDATA[/home/cjxu/npp/test/unit/nppi/nppi_geometry_transforms/test_nppi_copyConstBorder.cpp:95
Expected equality of these values:
  dstData[dstIdx]
    Which is: '\0'
  borderValues[c]
    Which is: '\xC8' (200)
Border value mismatch at (0,17) channel 2
]]></failure>
      <failure message="/home/cjxu/npp/test/unit/nppi/nppi_geometry_transforms/test_nppi_copyConstBorder.cpp:95&#x0A;Expected equality of these values:&#x0A;  dstData[dstIdx]&#x0A;    Which is: &apos;\0&apos;&#x0A;  borderValues[c]&#x0A;    Which is: &apos;d&apos; (100, 0x64)&#x0A;Border value mismatch at (1,17) channel 0&#x0A;" type=""><![CDATA[/home/cjxu/npp/test/unit/nppi/nppi_geometry_transforms/test_nppi_copyConstBorder.cpp:95
Expected equality of these values:
  dstData[dstIdx]
    Which is: '\0'
  borderValues[c]
    Which is: 'd' (100, 0x64)
Border value mismatch at (1,17) channel 0
]]></failure>
      <failure message="/home/cjxu/npp/test/unit/nppi/nppi_geometry_transforms/test_nppi_copyConstBorder.cpp:95&#x0A;Expected equality of these values:&#x0A;  dstData[dstIdx]&#x0A;    Which is: &apos;\0&apos;&#x0A;  borderValues[c]&#x0A;    Which is: &apos;\x96&apos; (150)&#x0A;Border value mismatch at (1,17) channel 1&#x0A;" type=""><![CDATA[/home/cjxu/npp/test/unit/nppi/nppi_geometry_transforms/test_nppi_copyConstBorder.cpp:95
Expected equality of these values:
  dstData[dstIdx]
    Which is: '\0'
  borderValues[c]
    Which is: '\x96' (150)
Border value mismatch at (1,17) channel 1
]]></failure>
      <failure message="/home/cjxu/npp/test/unit/nppi/nppi_geometry_transforms/test_nppi_copyConstBorder.cpp:95&#x0A;Expected equality of these values:&#x0A;  dstData[dstIdx]&#x0A;    Which is: &apos;\0&apos;&#x0A;  borderValues[c]&#x0A;    Which is: &apos;\xC8&apos; (200)&#x0A;Border value mismatch at (1,17) channel 2&#x0A;" type=""><![CDATA[/home/cjxu/npp/test/unit/nppi/nppi_geometry_transforms/test_nppi_copyConstBorder.cpp:95
Expected equality of these values:
  dstData[dstIdx]
    Which is: '\0'
  borderValues[c]
    Which is: '\xC8' (200)
Border value mismatch at (1,17) channel 2
]]></failure>
      <failure message="/home/cjxu/npp/test/unit/nppi/nppi_geometry_transforms/test_nppi_copyConstBorder.cpp:95&#x0A;Expected equality of these values:&#x0A;  dstData[dstIdx]&#x0A;    Which is: &apos;\0&apos;&#x0A;  borderValues[c]&#x0A;    Which is: &apos;d&apos; (100, 0x64)&#x0A;Border value mismatch at (2,17) channel 0&#x0A;" type=""><![CDATA[/home/cjxu/npp/test/unit/nppi/nppi_geometry_transforms/test_nppi_copyConstBorder.cpp:95
Expected equality of these values:
  dstData[dstIdx]
    Which is: '\0'
  borderValues[c]
    Which is: 'd' (100, 0x64)
Border value mismatch at (2,17) channel 0
]]></failure>
      <failure message="/home/cjxu/npp/test/unit/nppi/nppi_geometry_transforms/test_nppi_copyConstBorder.cpp:95&#x0A;Expected equality of these values:&#x0A;  dstData[dstIdx]&#x0A;    Which is: &apos;\0&apos;&#x0A;  borderValues[c]&#x0A;    Which is: &apos;\x96&apos; (150)&#x0A;Border value mismatch at (2,17) channel 1&#x0A;" type=""><![CDATA[/home/cjxu/npp/test/unit/nppi/nppi_geometry_transforms/test_nppi_copyConstBorder.cpp:95
Expected equality of these values:
  dstData[dstIdx]
    Which is: '\0'
  borderValues[c]
    Which is: '\x96' (150)
Border value mismatch at (2,17) channel 1
]]></failure>
      <failure message="/home/cjxu/npp/test/unit/nppi/nppi_geometry_transforms/test_nppi_copyConstBorder.cpp:95&#x0A;Expected equality of these values:&#x0A;  dstData[dstIdx]&#x0A;    Which is: &apos;\0&apos;&#x0A;  borderValues[c]&#x0A;    Which is: &apos;\xC8&apos; (200)&#x0A;Border value mismatch at (2,17) channel 2&#x0A;" type=""><![CDATA[/home/cjxu/npp/test/unit/nppi/nppi_geometry_transforms/test_nppi_copyConstBorder.cpp:95
Expected equality of these values:
  dstData[dstIdx]
    Which is: '\0'
  borderValues[c]
    Which is: '\xC8' (200)
Border value mismatch at (2,17) channel 2
]]></failure>
      <failure message="/home/cjxu/npp/test/unit/nppi/nppi_geometry_transforms/test_nppi_copyConstBorder.cpp:95&#x0A;Expected equality of these values:&#x0A;  dstData[dstIdx]&#x0A;    Which is: &apos;\0&apos;&#x0A;  borderValues[c]&#x0A;    Which is: &apos;d&apos; (100, 0x64)&#x0A;Border value mismatch at (3,17) channel 0&#x0A;" type=""><![CDATA[/home/cjxu/npp/test/unit/nppi/nppi_geometry_transforms/test_nppi_copyConstBorder.cpp:95
Expected equality of these values:
  dstData[dstIdx]
    Which is: '\0'
  borderValues[c]
    Which is: 'd' (100, 0x64)
Border value mismatch at (3,17) channel 0
]]></failure>
      <failure message="/home/cjxu/npp/test/unit/nppi/nppi_geometry_transforms/test_nppi_copyConstBorder.cpp:95&#x0A;Expected equality of these values:&#x0A;  dstData[dstIdx]&#x0A;    Which is: &apos;\0&apos;&#x0A;  borderValues[c]&#x0A;    Which is: &apos;\x96&apos; (150)&#x0A;Border value mismatch at (3,17) channel 1&#x0A;" type=""><![CDATA[/home/cjxu/npp/test/unit/nppi/nppi_geometry_transforms/test_nppi_copyConstBorder.cpp:95
Expected equality of these values:
  dstData[dstIdx]
    Which is: '\0'
  borderValues[c]
    Which is: '\x96' (150)
Border value mismatch at (3,17) channel 1
]]></failure>
      <failure message="/home/cjxu/npp/test/unit/nppi/nppi_geometry_transforms/test_nppi_copyConstBorder.cpp:95&#x0A;Expected equality of these values:&#x0A;  dstData[dstIdx]&#x0A;    Which is: &apos;\0&apos;&#x0A;  borderValues[c]&#x0A;    Which is: &apos;\xC8&apos; (200)&#x0A;Border value mismatch at (3,17) channel 2&#x0A;" type=""><![CDATA[/home/cjxu/npp/test/unit/nppi/nppi_geometry_transforms/test_nppi_copyConstBorder.cpp:95
Expected equality of these values:
  dstData[dstIdx]
    Which is: '\0'
  borderValues[c]
    Which is: '\xC8' (200)
Border value mismatch at (3,17) channel 2
]]></failure>
      <failure message="/home/cjxu/npp/test/unit/nppi/nppi_geometry_transforms/test_nppi_copyConstBorder.cpp:95&#x0A;Expected equality of these values:&#x0A;  dstData[dstIdx]&#x0A;    Which is: &apos;\0&apos;&#x0A;  borderValues[c]&#x0A;    Which is: &apos;d&apos; (100, 0x64)&#x0A;Border value mismatch at (4,17) channel 0&#x0A;" type=""><![CDATA[/home/cjxu/npp/test/unit/nppi/nppi_geometry_transforms/test_nppi_copyConstBorder.cpp:95
Expected equality of these values:
  dstData[dstIdx]
    Which is: '\0'
  borderValues[c]
    Which is: 'd' (100, 0x64)
Border value mismatch at (4,17) channel 0
]]></failure>
      <failure message="/home/cjxu/npp/test/unit/nppi/nppi_geometry_transforms/test_nppi_copyConstBorder.cpp:95&#x0A;Expected equality of these values:&#x0A;  dstData[dstIdx]&#x0A;    Which is: &apos;\0&apos;&#x0A;  borderValues[c]&#x0A;    Which is: &apos;\x96&apos; (150)&#x0A;Border value mismatch at (4,17) channel 1&#x0A;" type=""><![CDATA[/home/cjxu/npp/test/unit/nppi/nppi_geometry_transforms/test_nppi_copyConstBorder.cpp:95
Expected equality of these values:
  dstData[dstIdx]
    Which is: '\0'
  borderValues[c]
    Which is: '\x96' (150)
Border value mismatch at (4,17) channel 1
]]></failure>
      <failure message="/home/cjxu/npp/test/unit/nppi/nppi_geometry_transforms/test_nppi_copyConstBorder.cpp:95&#x0A;Expected equality of these values:&#x0A;  dstData[dstIdx]&#x0A;    Which is: &apos;\0&apos;&#x0A;  borderValues[c]&#x0A;    Which is: &apos;\xC8&apos; (200)&#x0A;Border value mismatch at (4,17) channel 2&#x0A;" type=""><![CDATA[/home/cjxu/npp/test/unit/nppi/nppi_geometry_transforms/test_nppi_copyConstBorder.cpp:95
Expected equality of these values:
  dstData[dstIdx]
    Which is: '\0'
  borderValues[c]
    Which is: '\xC8' (200)
Border value mismatch at (4,17) channel 2
]]></failure>
      <failure message="/home/cjxu/npp/test/unit/nppi/nppi_geometry_transforms/test_nppi_copyConstBorder.cpp:95&#x0A;Expected equality of these values:&#x0A;  dstData[dstIdx]&#x0A;    Which is: &apos;\0&apos;&#x0A;  borderValues[c]&#x0A;    Which is: &apos;d&apos; (100, 0x64)&#x0A;Border value mismatch at (5,17) channel 0&#x0A;" type=""><![CDATA[/home/cjxu/npp/test/unit/nppi/nppi_geometry_transforms/test_nppi_copyConstBorder.cpp:95
Expected equality of these values:
  dstData[dstIdx]
    Which is: '\0'
  borderValues[c]
    Which is: 'd' (100, 0x64)
Border value mismatch at (5,17) channel 0
]]></failure>
      <failure message="/home/cjxu/npp/test/unit/nppi/nppi_geometry_transforms/test_nppi_copyConstBorder.cpp:95&#x0A;Expected equality of these values:&#x0A;  dstData[dstIdx]&#x0A;    Which is: &apos;\0&apos;&#x0A;  borderValues[c]&#x0A;    Which is: &apos;\x96&apos; (150)&#x0A;Border value mismatch at (5,17) channel 1&#x0A;" type=""><![CDATA[/home/cjxu/npp/test/unit/nppi/nppi_geometry_transforms/test_nppi_copyConstBorder.cpp:95
Expected equality of these values:
  dstData[dstIdx]
    Which is: '\0'
  borderValues[c]
    Which is: '\x96' (150)
Border value mismatch at (5,17) channel 1
]]></failure>
      <failure message="/home/cjxu/npp/test/unit/nppi/nppi_geometry_transforms/test_nppi_copyConstBorder.cpp:95&#x0A;Expected equality of these values:&#x0A;  dstData[dstIdx]&#x0A;    Which is: &apos;\0&apos;&#x0A;  borderValues[c]&#x0A;    Which is: &apos;\xC8&apos; (200)&#x0A;Border value mismatch at (5,17) channel 2&#x0A;" type=""><![CDATA[/home/cjxu/npp/test/unit/nppi/nppi_geometry_transforms/test_nppi_copyConstBorder.cpp:95
Expected equality of these values:
  dstData[dstIdx]
    Which is: '\0'
  borderValues[c]
    Which is: '\xC8' (200)
Border value mismatch at (5,17) channel 2
]]></failure>
      <failure message="/home/cjxu/npp/test/unit/nppi/nppi_geometry_transforms/test_nppi_copyConstBorder.cpp:95&#x0A;Expected equality of these values:&#x0A;  dstData[dstIdx]&#x0A;    Which is: &apos;\0&apos;&#x0A;  borderValues[c]&#x0A;    Which is: &apos;d&apos; (100, 0x64)&#x0A;Border value mismatch at (6,17) channel 0&#x0A;" type=""><![CDATA[/home/cjxu/npp/test/unit/nppi/nppi_geometry_transforms/test_nppi_copyConstBorder.cpp:95
Expected equality of these values:
  dstData[dstIdx]
    Which is: '\0'
  borderValues[c]
    Which is: 'd' (100, 0x64)
Border value mismatch at (6,17) channel 0
]]></failure>
      <failure message="/home/cjxu/npp/test/unit/nppi/nppi_geometry_transforms/test_nppi_copyConstBorder.cpp:95&#x0A;Expected equality of these values:&#x0A;  dstData[dstIdx]&#x0A;    Which is: &apos;\0&apos;&#x0A;  borderValues[c]&#x0A;    Which is: &apos;\x96&apos; (150)&#x0A;Border value mismatch at (6,17) channel 1&#x0A;" type=""><![CDATA[/home/cjxu/npp/test/unit/nppi/nppi_geometry_transforms/test_nppi_copyConstBorder.cpp:95
Expected equality of these values:
  dstData[dstIdx]
    Which is: '\0'
  borderValues[c]
    Which is: '\x96' (150)
Border value mismatch at (6,17) channel 1
]]></failure>
      <failure message="/home/cjxu/npp/test/unit/nppi/nppi_geometry_transforms/test_nppi_copyConstBorder.cpp:95&#x0A;Expected equality of these values:&#x0A;  dstData[dstIdx]&#x0A;    Which is: &apos;\0&apos;&#x0A;  borderValues[c]&#x0A;    Which is: &apos;\xC8&apos; (200)&#x0A;Border value mismatch at (6,17) channel 2&#x0A;" type=""><![CDATA[/home/cjxu/npp/test/unit/nppi/nppi_geometry_transforms/test_nppi_copyConstBorder.cpp:95
Expected equality of these values:
  dstData[dstIdx]
    Which is: '\0'
  borderValues[c]
    Which is: '\xC8' (200)
Border value mismatch at (6,17) channel 2
]]></failure>
      <failure message="/home/cjxu/npp/test/unit/nppi/nppi_geometry_transforms/test_nppi_copyConstBorder.cpp:95&#x0A;Expected equality of these values:&#x0A;  dstData[dstIdx]&#x0A;    Which is: &apos;\0&apos;&#x0A;  borderValues[c]&#x0A;    Which is: &apos;d&apos; (100, 0x64)&#x0A;Border value mismatch at (7,17) channel 0&#x0A;" type=""><![CDATA[/home/cjxu/npp/test/unit/nppi/nppi_geometry_transforms/test_nppi_copyConstBorder.cpp:95
Expected equality of these values:
  dstData[dstIdx]
    Which is: '\0'
  borderValues[c]
    Which is: 'd' (100, 0x64)
Border value mismatch at (7,17) channel 0
]]></failure>
      <failure message="/home/cjxu/npp/test/unit/nppi/nppi_geometry_transforms/test_nppi_copyConstBorder.cpp:95&#x0A;Expected equality of these values:&#x0A;  dstData[dstIdx]&#x0A;    Which is: &apos;\0&apos;&#x0A;  borderValues[c]&#x0A;    Which is: &apos;\x96&apos; (150)&#x0A;Border value mismatch at (7,17) channel 1&#x0A;" type=""><![CDATA[/home/cjxu/npp/test/unit/nppi/nppi_geometry_transforms/test_nppi_copyConstBorder.cpp:95
Expected equality of these values:
  dstData[dstIdx]
    Which is: '\0'
  borderValues[c]
    Which is: '\x96' (150)
Border value mismatch at (7,17) channel 1
]]></failure>
      <failure message="/home/cjxu/npp/test/unit/nppi/nppi_geometry_transforms/test_nppi_copyConstBorder.cpp:95&#x0A;Expected equality of these values:&#x0A;  dstData[dstIdx]&#x0A;    Which is: &apos;\0&apos;&#x0A;  borderValues[c]&#x0A;    Which is: &apos;\xC8&apos; (200)&#x0A;Border value mismatch at (7,17) channel 2&#x0A;" type=""><![CDATA[/home/cjxu/npp/test/unit/nppi/nppi_geometry_transforms/test_nppi_copyConstBorder.cpp:95
Expected equality of these values:
  dstData[dstIdx]
    Which is: '\0'
  borderValues[c]
    Which is: '\xC8' (200)
Border value mismatch at (7,17) channel 2
]]></failure>
      <failure message="/home/cjxu/npp/test/unit/nppi/nppi_geometry_transforms/test_nppi_copyConstBorder.cpp:95&#x0A;Expected equality of these values:&#x0A;  dstData[dstIdx]&#x0A;    Which is: &apos;\0&apos;&#x0A;  borderValues[c]&#x0A;    Which is: &apos;d&apos; (100, 0x64)&#x0A;Border value mismatch at (8,17) channel 0&#x0A;" type=""><![CDATA[/home/cjxu/npp/test/unit/nppi/nppi_geometry_transforms/test_nppi_copyConstBorder.cpp:95
Expected equality of these values:
  dstData[dstIdx]
    Which is: '\0'
  borderValues[c]
    Which is: 'd' (100, 0x64)
Border value mismatch at (8,17) channel 0
]]></failure>
      <failure message="/home/cjxu/npp/test/unit/nppi/nppi_geometry_transforms/test_nppi_copyConstBorder.cpp:95&#x0A;Expected equality of these values:&#x0A;  dstData[dstIdx]&#x0A;    Which is: &apos;\0&apos;&#x0A;  borderValues[c]&#x0A;    Which is: &apos;\x96&apos; (150)&#x0A;Border value mismatch at (8,17) channel 1&#x0A;" type=""><![CDATA[/home/cjxu/npp/test/unit/nppi/nppi_geometry_transforms/test_nppi_copyConstBorder.cpp:95
Expected equality of these values:
  dstData[dstIdx]
    Which is: '\0'
  borderValues[c]
    Which is: '\x96' (150)
Border value mismatch at (8,17) channel 1
]]></failure>
      <failure message="/home/cjxu/npp/test/unit/nppi/nppi_geometry_transforms/test_nppi_copyConstBorder.cpp:95&#x0A;Expected equality of these values:&#x0A;  dstData[dstIdx]&#x0A;    Which is: &apos;\0&apos;&#x0A;  borderValues[c]&#x0A;    Which is: &apos;\xC8&apos; (200)&#x0A;Border value mismatch at (8,17) channel 2&#x0A;" type=""><![CDATA[/home/cjxu/npp/test/unit/nppi/nppi_geometry_transforms/test_nppi_copyConstBorder.cpp:95
Expected equality of these values:
  dstData[dstIdx]
    Which is: '\0'
  borderValues[c]
    Which is: '\xC8' (200)
Border value mismatch at (8,17) channel 2
]]></failure>
      <failure message="/home/cjxu/npp/test/unit/nppi/nppi_geometry_transforms/test_nppi_copyConstBorder.cpp:95&#x0A;Expected equality of these values:&#x0A;  dstData[dstIdx]&#x0A;    Which is: &apos;\0&apos;&#x0A;  borderValues[c]&#x0A;    Which is: &apos;d&apos; (100, 0x64)&#x0A;Border value mismatch at (9,17) channel 0&#x0A;" type=""><![CDATA[/home/cjxu/npp/test/unit/nppi/nppi_geometry_transforms/test_nppi_copyConstBorder.cpp:95
Expected equality of these values:
  dstData[dstIdx]
    Which is: '\0'
  borderValues[c]
    Which is: 'd' (100, 0x64)
Border value mismatch at (9,17) channel 0
]]></failure>
      <failure message="/home/cjxu/npp/test/unit/nppi/nppi_geometry_transforms/test_nppi_copyConstBorder.cpp:95&#x0A;Expected equality of these values:&#x0A;  dstData[dstIdx]&#x0A;    Which is: &apos;\0&apos;&#x0A;  borderValues[c]&#x0A;    Which is: &apos;\x96&apos; (150)&#x0A;Border value mismatch at (9,17) channel 1&#x0A;" type=""><![CDATA[/home/cjxu/npp/test/unit/nppi/nppi_geometry_transforms/test_nppi_copyConstBorder.cpp:95
Expected equality of these values:
  dstData[dstIdx]
    Which is: '\0'
  borderValues[c]
    Which is: '\x96' (150)
Border value mismatch at (9,17) channel 1
]]></failure>
      <failure message="/home/cjxu/npp/test/unit/nppi/nppi_geometry_transforms/test_nppi_copyConstBorder.cpp:95&#x0A;Expected equality of these values:&#x0A;  dstData[dstIdx]&#x0A;    Which is: &apos;\0&apos;&#x0A;  borderValues[c]&#x0A;    Which is: &apos;\xC8&apos; (200)&#x0A;Border value mismatch at (9,17) channel 2&#x0A;" type=""><![CDATA[/home/cjxu/npp/test/unit/nppi/nppi_geometry_transforms/test_nppi_copyConstBorder.cpp:95
Expected equality of these values:
  dstData[dstIdx]
    Which is: '\0'
  borderValues[c]
    Which is: '\xC8' (200)
Border value mismatch at (9,17) channel 2
]]></failure>
      <failure message="/home/cjxu/npp/test/unit/nppi/nppi_geometry_transforms/test_nppi_copyConstBorder.cpp:95&#x0A;Expected equality of these values:&#x0A;  dstData[dstIdx]&#x0A;    Which is: &apos;\0&apos;&#x0A;  borderValues[c]&#x0A;    Which is: &apos;d&apos; (100, 0x64)&#x0A;Border value mismatch at (10,17) channel 0&#x0A;" type=""><![CDATA[/home/cjxu/npp/test/unit/nppi/nppi_geometry_transforms/test_nppi_copyConstBorder.cpp:95
Expected equality of these values:
  dstData[dstIdx]
    Which is: '\0'
  borderValues[c]
    Which is: 'd' (100, 0x64)
Border value mismatch at (10,17) channel 0
]]></failure>
      <failure message="/home/cjxu/npp/test/unit/nppi/nppi_geometry_transforms/test_nppi_copyConstBorder.cpp:95&#x0A;Expected equality of these values:&#x0A;  dstData[dstIdx]&#x0A;    Which is: &apos;\0&apos;&#x0A;  borderValues[c]&#x0A;    Which is: &apos;\x96&apos; (150)&#x0A;Border value mismatch at (10,17) channel 1&#x0A;" type=""><![CDATA[/home/cjxu/npp/test/unit/nppi/nppi_geometry_transforms/test_nppi_copyConstBorder.cpp:95
Expected equality of these values:
  dstData[dstIdx]
    Which is: '\0'
  borderValues[c]
    Which is: '\x96' (150)
Border value mismatch at (10,17) channel 1
]]></failure>
      <failure message="/home/cjxu/npp/test/unit/nppi/nppi_geometry_transforms/test_nppi_copyConstBorder.cpp:95&#x0A;Expected equality of these values:&#x0A;  dstData[dstIdx]&#x0A;    Which is: &apos;\0&apos;&#x0A;  borderValues[c]&#x0A;    Which is: &apos;\xC8&apos; (200)&#x0A;Border value mismatch at (10,17) channel 2&#x0A;" type=""><![CDATA[/home/cjxu/npp/test/unit/nppi/nppi_geometry_transforms/test_nppi_copyConstBorder.cpp:95
Expected equality of these values:
  dstData[dstIdx]
    Which is: '\0'
  borderValues[c]
    Which is: '\xC8' (200)
Border value mismatch at (10,17) channel 2
]]></failure>
      <failure message="/home/cjxu/npp/test/unit/nppi/nppi_geometry_transforms/test_nppi_copyConstBorder.cpp:95&#x0A;Expected equality of these values:&#x0A;  dstData[dstIdx]&#x0A;    Which is: &apos;\0&apos;&#x0A;  borderValues[c]&#x0A;    Which is: &apos;d&apos; (100, 0x64)&#x0A;Border value mismatch at (11,17) channel 0&#x0A;" type=""><![CDATA[/home/cjxu/npp/test/unit/nppi/nppi_geometry_transforms/test_nppi_copyConstBorder.cpp:95
Expected equality of these values:
  dstData[dstIdx]
    Which is: '\0'
  borderValues[c]
    Which is: 'd' (100, 0x64)
Border value mismatch at (11,17) channel 0
]]></failure>
      <failure message="/home/cjxu/npp/test/unit/nppi/nppi_geometry_transforms/test_nppi_copyConstBorder.cpp:95&#x0A;Expected equality of these values:&#x0A;  dstData[dstIdx]&#x0A;    Which is: &apos;\0&apos;&#x0A;  borderValues[c]&#x0A;    Which is: &apos;\x96&apos; (150)&#x0A;Border value mismatch at (11,17) channel 1&#x0A;" type=""><![CDATA[/home/cjxu/npp/test/unit/nppi/nppi_geometry_transforms/test_nppi_copyConstBorder.cpp:95
Expected equality of these values:
  dstData[dstIdx]
    Which is: '\0'
  borderValues[c]
    Which is: '\x96' (150)
Border value mismatch at (11,17) channel 1
]]></failure>
      <failure message="/home/cjxu/npp/test/unit/nppi/nppi_geometry_transforms/test_nppi_copyConstBorder.cpp:95&#x0A;Expected equality of these values:&#x0A;  dstData[dstIdx]&#x0A;    Which is: &apos;\0&apos;&#x0A;  borderValues[c]&#x0A;    Which is: &apos;\xC8&apos; (200)&#x0A;Border value mismatch at (11,17) channel 2&#x0A;" type=""><![CDATA[/home/cjxu/npp/test/unit/nppi/nppi_geometry_transforms/test_nppi_copyConstBorder.cpp:95
Expected equality of these values:
  dstData[dstIdx]
    Which is: '\0'
  borderValues[c]
    Which is: '\xC8' (200)
Border value mismatch at (11,17) channel 2
]]></failure>
      <failure message="/home/cjxu/npp/test/unit/nppi/nppi_geometry_transforms/test_nppi_copyConstBorder.cpp:95&#x0A;Expected equality of these values:&#x0A;  dstData[dstIdx]&#x0A;    Which is: &apos;\0&apos;&#x0A;  borderValues[c]&#x0A;    Which is: &apos;d&apos; (100, 0x64)&#x0A;Border value mismatch at (12,17) channel 0&#x0A;" type=""><![CDATA[/home/cjxu/npp/test/unit/nppi/nppi_geometry_transforms/test_nppi_copyConstBorder.cpp:95
Expected equality of these values:
  dstData[dstIdx]
    Which is: '\0'
  borderValues[c]
    Which is: 'd' (100, 0x64)
Border value mismatch at (12,17) channel 0
]]></failure>
      <failure message="/home/cjxu/npp/test/unit/nppi/nppi_geometry_transforms/test_nppi_copyConstBorder.cpp:95&#x0A;Expected equality of these values:&#x0A;  dstData[dstIdx]&#x0A;    Which is: &apos;\0&apos;&#x0A;  borderValues[c]&#x0A;    Which is: &apos;\x96&apos; (150)&#x0A;Border value mismatch at (12,17) channel 1&#x0A;" type=""><![CDATA[/home/cjxu/npp/test/unit/nppi/nppi_geometry_transforms/test_nppi_copyConstBorder.cpp:95
Expected equality of these values:
  dstData[dstIdx]
    Which is: '\0'
  borderValues[c]
    Which is: '\x96' (150)
Border value mismatch at (12,17) channel 1
]]></failure>
      <failure message="/home/cjxu/npp/test/unit/nppi/nppi_geometry_transforms/test_nppi_copyConstBorder.cpp:95&#x0A;Expected equality of these values:&#x0A;  dstData[dstIdx]&#x0A;    Which is: &apos;\0&apos;&#x0A;  borderValues[c]&#x0A;    Which is: &apos;\xC8&apos; (200)&#x0A;Border value mismatch at (12,17) channel 2&#x0A;" type=""><![CDATA[/home/cjxu/npp/test/unit/nppi/nppi_geometry_transforms/test_nppi_copyConstBorder.cpp:95
Expected equality of these values:
  dstData[dstIdx]
    Which is: '\0'
  borderValues[c]
    Which is: '\xC8' (200)
Border value mismatch at (12,17) channel 2
]]></failure>
      <failure message="/home/cjxu/npp/test/unit/nppi/nppi_geometry_transforms/test_nppi_copyConstBorder.cpp:95&#x0A;Expected equality of these values:&#x0A;  dstData[dstIdx]&#x0A;    Which is: &apos;\0&apos;&#x0A;  borderValues[c]&#x0A;    Which is: &apos;d&apos; (100, 0x64)&#x0A;Border value mismatch at (13,17) channel 0&#x0A;" type=""><![CDATA[/home/cjxu/npp/test/unit/nppi/nppi_geometry_transforms/test_nppi_copyConstBorder.cpp:95
Expected equality of these values:
  dstData[dstIdx]
    Which is: '\0'
  borderValues[c]
    Which is: 'd' (100, 0x64)
Border value mismatch at (13,17) channel 0
]]></failure>
      <failure message="/home/cjxu/npp/test/unit/nppi/nppi_geometry_transforms/test_nppi_copyConstBorder.cpp:95&#x0A;Expected equality of these values:&#x0A;  dstData[dstIdx]&#x0A;    Which is: &apos;\0&apos;&#x0A;  borderValues[c]&#x0A;    Which is: &apos;\x96&apos; (150)&#x0A;Border value mismatch at (13,17) channel 1&#x0A;" type=""><![CDATA[/home/cjxu/npp/test/unit/nppi/nppi_geometry_transforms/test_nppi_copyConstBorder.cpp:95
Expected equality of these values:
  dstData[dstIdx]
    Which is: '\0'
  borderValues[c]
    Which is: '\x96' (150)
Border value mismatch at (13,17) channel 1
]]></failure>
      <failure message="/home/cjxu/npp/test/unit/nppi/nppi_geometry_transforms/test_nppi_copyConstBorder.cpp:95&#x0A;Expected equality of these values:&#x0A;  dstData[dstIdx]&#x0A;    Which is: &apos;\0&apos;&#x0A;  borderValues[c]&#x0A;    Which is: &apos;\xC8&apos; (200)&#x0A;Border value mismatch at (13,17) channel 2&#x0A;" type=""><![CDATA[/home/cjxu/npp/test/unit/nppi/nppi_geometry_transforms/test_nppi_copyConstBorder.cpp:95
Expected equality of these values:
  dstData[dstIdx]
    Which is: '\0'
  borderValues[c]
    Which is: '\xC8' (200)
Border value mismatch at (13,17) channel 2
]]></failure>
      <failure message="/home/cjxu/npp/test/unit/nppi/nppi_geometry_transforms/test_nppi_copyConstBorder.cpp:95&#x0A;Expected equality of these values:&#x0A;  dstData[dstIdx]&#x0A;    Which is: &apos;\0&apos;&#x0A;  borderValues[c]&#x0A;    Which is: &apos;d&apos; (100, 0x64)&#x0A;Border value mismatch at (14,17) channel 0&#x0A;" type=""><![CDATA[/home/cjxu/npp/test/unit/nppi/nppi_geometry_transforms/test_nppi_copyConstBorder.cpp:95
Expected equality of these values:
  dstData[dstIdx]
    Which is: '\0'
  borderValues[c]
    Which is: 'd' (100, 0x64)
Border value mismatch at (14,17) channel 0
]]></failure>
      <failure message="/home/cjxu/npp/test/unit/nppi/nppi_geometry_transforms/test_nppi_copyConstBorder.cpp:95&#x0A;Expected equality of these values:&#x0A;  dstData[dstIdx]&#x0A;    Which is: &apos;\0&apos;&#x0A;  borderValues[c]&#x0A;    Which is: &apos;\x96&apos; (150)&#x0A;Border value mismatch at (14,17) channel 1&#x0A;" type=""><![CDATA[/home/cjxu/npp/test/unit/nppi/nppi_geometry_transforms/test_nppi_copyConstBorder.cpp:95
Expected equality of these values:
  dstData[dstIdx]
    Which is: '\0'
  borderValues[c]
    Which is: '\x96' (150)
Border value mismatch at (14,17) channel 1
]]></failure>
      <failure message="/home/cjxu/npp/test/unit/nppi/nppi_geometry_transforms/test_nppi_copyConstBorder.cpp:95&#x0A;Expected equality of these values:&#x0A;  dstData[dstIdx]&#x0A;    Which is: &apos;\0&apos;&#x0A;  borderValues[c]&#x0A;    Which is: &apos;\xC8&apos; (200)&#x0A;Border value mismatch at (14,17) channel 2&#x0A;" type=""><![CDATA[/home/cjxu/npp/test/unit/nppi/nppi_geometry_transforms/test_nppi_copyConstBorder.cpp:95
Expected equality of these values:
  dstData[dstIdx]
    Which is: '\0'
  borderValues[c]
    Which is: '\xC8' (200)
Border value mismatch at (14,17) channel 2
]]></failure>
      <failure message="/home/cjxu/npp/test/unit/nppi/nppi_geometry_transforms/test_nppi_copyConstBorder.cpp:95&#x0A;Expected equality of these values:&#x0A;  dstData[dstIdx]&#x0A;    Which is: &apos;\0&apos;&#x0A;  borderValues[c]&#x0A;    Which is: &apos;d&apos; (100, 0x64)&#x0A;Border value mismatch at (15,17) channel 0&#x0A;" type=""><![CDATA[/home/cjxu/npp/test/unit/nppi/nppi_geometry_transforms/test_nppi_copyConstBorder.cpp:95
Expected equality of these values:
  dstData[dstIdx]
    Which is: '\0'
  borderValues[c]
    Which is: 'd' (100, 0x64)
Border value mismatch at (15,17) channel 0
]]></failure>
      <failure message="/home/cjxu/npp/test/unit/nppi/nppi_geometry_transforms/test_nppi_copyConstBorder.cpp:95&#x0A;Expected equality of these values:&#x0A;  dstData[dstIdx]&#x0A;    Which is: &apos;\0&apos;&#x0A;  borderValues[c]&#x0A;    Which is: &apos;\x96&apos; (150)&#x0A;Border value mismatch at (15,17) channel 1&#x0A;" type=""><![CDATA[/home/cjxu/npp/test/unit/nppi/nppi_geometry_transforms/test_nppi_copyConstBorder.cpp:95
Expected equality of these values:
  dstData[dstIdx]
    Which is: '\0'
  borderValues[c]
    Which is: '\x96' (150)
Border value mismatch at (15,17) channel 1
]]></failure>
      <failure message="/home/cjxu/npp/test/unit/nppi/nppi_geometry_transforms/test_nppi_copyConstBorder.cpp:95&#x0A;Expected equality of these values:&#x0A;  dstData[dstIdx]&#x0A;    Which is: &apos;\0&apos;&#x0A;  borderValues[c]&#x0A;    Which is: &apos;\xC8&apos; (200)&#x0A;Border value mismatch at (15,17) channel 2&#x0A;" type=""><![CDATA[/home/cjxu/npp/test/unit/nppi/nppi_geometry_transforms/test_nppi_copyConstBorder.cpp:95
Expected equality of these values:
  dstData[dstIdx]
    Which is: '\0'
  borderValues[c]
    Which is: '\xC8' (200)
Border value mismatch at (15,17) channel 2
]]></failure>
      <failure message="/home/cjxu/npp/test/unit/nppi/nppi_geometry_transforms/test_nppi_copyConstBorder.cpp:95&#x0A;Expected equality of these values:&#x0A;  dstData[dstIdx]&#x0A;    Which is: &apos;\0&apos;&#x0A;  borderValues[c]&#x0A;    Which is: &apos;d&apos; (100, 0x64)&#x0A;Border value mismatch at (16,17) channel 0&#x0A;" type=""><![CDATA[/home/cjxu/npp/test/unit/nppi/nppi_geometry_transforms/test_nppi_copyConstBorder.cpp:95
Expected equality of these values:
  dstData[dstIdx]
    Which is: '\0'
  borderValues[c]
    Which is: 'd' (100, 0x64)
Border value mismatch at (16,17) channel 0
]]></failure>
      <failure message="/home/cjxu/npp/test/unit/nppi/nppi_geometry_transforms/test_nppi_copyConstBorder.cpp:95&#x0A;Expected equality of these values:&#x0A;  dstData[dstIdx]&#x0A;    Which is: &apos;\0&apos;&#x0A;  borderValues[c]&#x0A;    Which is: &apos;\x96&apos; (150)&#x0A;Border value mismatch at (16,17) channel 1&#x0A;" type=""><![CDATA[/home/cjxu/npp/test/unit/nppi/nppi_geometry_transforms/test_nppi_copyConstBorder.cpp:95
Expected equality of these values:
  dstData[dstIdx]
    Which is: '\0'
  borderValues[c]
    Which is: '\x96' (150)
Border value mismatch at (16,17) channel 1
]]></failure>
      <failure message="/home/cjxu/npp/test/unit/nppi/nppi_geometry_transforms/test_nppi_copyConstBorder.cpp:95&#x0A;Expected equality of these values:&#x0A;  dstData[dstIdx]&#x0A;    Which is: &apos;\0&apos;&#x0A;  borderValues[c]&#x0A;    Which is: &apos;\xC8&apos; (200)&#x0A;Border value mismatch at (16,17) channel 2&#x0A;" type=""><![CDATA[/home/cjxu/npp/test/unit/nppi/nppi_geometry_transforms/test_nppi_copyConstBorder.cpp:95
Expected equality of these values:
  dstData[dstIdx]
    Which is: '\0'
  borderValues[c]
    Which is: '\xC8' (200)
Border value mismatch at (16,17) channel 2
]]></failure>
      <failure message="/home/cjxu/npp/test/unit/nppi/nppi_geometry_transforms/test_nppi_copyConstBorder.cpp:95&#x0A;Expected equality of these values:&#x0A;  dstData[dstIdx]&#x0A;    Which is: &apos;\0&apos;&#x0A;  borderValues[c]&#x0A;    Which is: &apos;d&apos; (100, 0x64)&#x0A;Border value mismatch at (17,17) channel 0&#x0A;" type=""><![CDATA[/home/cjxu/npp/test/unit/nppi/nppi_geometry_transforms/test_nppi_copyConstBorder.cpp:95
Expected equality of these values:
  dstData[dstIdx]
    Which is: '\0'
  borderValues[c]
    Which is: 'd' (100, 0x64)
Border value mismatch at (17,17) channel 0
]]></failure>
      <failure message="/home/cjxu/npp/test/unit/nppi/nppi_geometry_transforms/test_nppi_copyConstBorder.cpp:95&#x0A;Expected equality of these values:&#x0A;  dstData[dstIdx]&#x0A;    Which is: &apos;\0&apos;&#x0A;  borderValues[c]&#x0A;    Which is: &apos;\x96&apos; (150)&#x0A;Border value mismatch at (17,17) channel 1&#x0A;" type=""><![CDATA[/home/cjxu/npp/test/unit/nppi/nppi_geometry_transforms/test_nppi_copyConstBorder.cpp:95
Expected equality of these values:
  dstData[dstIdx]
    Which is: '\0'
  borderValues[c]
    Which is: '\x96' (150)
Border value mismatch at (17,17) channel 1
]]></failure>
      <failure message="/home/cjxu/npp/test/unit/nppi/nppi_geometry_transforms/test_nppi_copyConstBorder.cpp:95&#x0A;Expected equality of these values:&#x0A;  dstData[dstIdx]&#x0A;    Which is: &apos;\0&apos;&#x0A;  borderValues[c]&#x0A;    Which is: &apos;\xC8&apos; (200)&#x0A;Border value mismatch at (17,17) channel 2&#x0A;" type=""><![CDATA[/home/cjxu/npp/test/unit/nppi/nppi_geometry_transforms/test_nppi_copyConstBorder.cpp:95
Expected equality of these values:
  dstData[dstIdx]
    Which is: '\0'
  borderValues[c]
    Which is: '\xC8' (200)
Border value mismatch at (17,17) channel 2
]]></failure>
      <failure message="/home/cjxu/npp/test/unit/nppi/nppi_geometry_transforms/test_nppi_copyConstBorder.cpp:95&#x0A;Expected equality of these values:&#x0A;  dstData[dstIdx]&#x0A;    Which is: &apos;\0&apos;&#x0A;  borderValues[c]&#x0A;    Which is: &apos;d&apos; (100, 0x64)&#x0A;Border value mismatch at (18,17) channel 0&#x0A;" type=""><![CDATA[/home/cjxu/npp/test/unit/nppi/nppi_geometry_transforms/test_nppi_copyConstBorder.cpp:95
Expected equality of these values:
  dstData[dstIdx]
    Which is: '\0'
  borderValues[c]
    Which is: 'd' (100, 0x64)
Border value mismatch at (18,17) channel 0
]]></failure>
      <failure message="/home/cjxu/npp/test/unit/nppi/nppi_geometry_transforms/test_nppi_copyConstBorder.cpp:95&#x0A;Expected equality of these values:&#x0A;  dstData[dstIdx]&#x0A;    Which is: &apos;\0&apos;&#x0A;  borderValues[c]&#x0A;    Which is: &apos;\x96&apos; (150)&#x0A;Border value mismatch at (18,17) channel 1&#x0A;" type=""><![CDATA[/home/cjxu/npp/test/unit/nppi/nppi_geometry_transforms/test_nppi_copyConstBorder.cpp:95
Expected equality of these values:
  dstData[dstIdx]
    Which is: '\0'
  borderValues[c]
    Which is: '\x96' (150)
Border value mismatch at (18,17) channel 1
]]></failure>
      <failure message="/home/cjxu/npp/test/unit/nppi/nppi_geometry_transforms/test_nppi_copyConstBorder.cpp:95&#x0A;Expected equality of these values:&#x0A;  dstData[dstIdx]&#x0A;    Which is: &apos;\0&apos;&#x0A;  borderValues[c]&#x0A;    Which is: &apos;\xC8&apos; (200)&#x0A;Border value mismatch at (18,17) channel 2&#x0A;" type=""><![CDATA[/home/cjxu/npp/test/unit/nppi/nppi_geometry_transforms/test_nppi_copyConstBorder.cpp:95
Expected equality of these values:
  dstData[dstIdx]
    Which is: '\0'
  borderValues[c]
    Which is: '\xC8' (200)
Border value mismatch at (18,17) channel 2
]]></failure>
      <failure message="/home/cjxu/npp/test/unit/nppi/nppi_geometry_transforms/test_nppi_copyConstBorder.cpp:95&#x0A;Expected equality of these values:&#x0A;  dstData[dstIdx]&#x0A;    Which is: &apos;\0&apos;&#x0A;  borderValues[c]&#x0A;    Which is: &apos;d&apos; (100, 0x64)&#x0A;Border value mismatch at (19,17) channel 0&#x0A;" type=""><![CDATA[/home/cjxu/npp/test/unit/nppi/nppi_geometry_transforms/test_nppi_copyConstBorder.cpp:95
Expected equality of these values:
  dstData[dstIdx]
    Which is: '\0'
  borderValues[c]
    Which is: 'd' (100, 0x64)
Border value mismatch at (19,17) channel 0
]]></failure>
      <failure message="/home/cjxu/npp/test/unit/nppi/nppi_geometry_transforms/test_nppi_copyConstBorder.cpp:95&#x0A;Expected equality of these values:&#x0A;  dstData[dstIdx]&#x0A;    Which is: &apos;\0&apos;&#x0A;  borderValues[c]&#x0A;    Which is: &apos;\x96&apos; (150)&#x0A;Border value mismatch at (19,17) channel 1&#x0A;" type=""><![CDATA[/home/cjxu/npp/test/unit/nppi/nppi_geometry_transforms/test_nppi_copyConstBorder.cpp:95
Expected equality of these values:
  dstData[dstIdx]
    Which is: '\0'
  borderValues[c]
    Which is: '\x96' (150)
Border value mismatch at (19,17) channel 1
]]></failure>
      <failure message="/home/cjxu/npp/test/unit/nppi/nppi_geometry_transforms/test_nppi_copyConstBorder.cpp:95&#x0A;Expected equality of these values:&#x0A;  dstData[dstIdx]&#x0A;    Which is: &apos;\0&apos;&#x0A;  borderValues[c]&#x0A;    Which is: &apos;\xC8&apos; (200)&#x0A;Border value mismatch at (19,17) channel 2&#x0A;" type=""><![CDATA[/home/cjxu/npp/test/unit/nppi/nppi_geometry_transforms/test_nppi_copyConstBorder.cpp:95
Expected equality of these values:
  dstData[dstIdx]
    Which is: '\0'
  borderValues[c]
    Which is: '\xC8' (200)
Border value mismatch at (19,17) channel 2
]]></failure>
      <failure message="/home/cjxu/npp/test/unit/nppi/nppi_geometry_transforms/test_nppi_copyConstBorder.cpp:95&#x0A;Expected equality of these values:&#x0A;  dstData[dstIdx]&#x0A;    Which is: &apos;\0&apos;&#x0A;  borderValues[c]&#x0A;    Which is: &apos;d&apos; (100, 0x64)&#x0A;Border value mismatch at (20,17) channel 0&#x0A;" type=""><![CDATA[/home/cjxu/npp/test/unit/nppi/nppi_geometry_transforms/test_nppi_copyConstBorder.cpp:95
Expected equality of these values:
  dstData[dstIdx]
    Which is: '\0'
  borderValues[c]
    Which is: 'd' (100, 0x64)
Border value mismatch at (20,17) channel 0
]]></failure>
      <failure message="/home/cjxu/npp/test/unit/nppi/nppi_geometry_transforms/test_nppi_copyConstBorder.cpp:95&#x0A;Expected equality of these values:&#x0A;  dstData[dstIdx]&#x0A;    Which is: &apos;\0&apos;&#x0A;  borderValues[c]&#x0A;    Which is: &apos;\x96&apos; (150)&#x0A;Border value mismatch at (20,17) channel 1&#x0A;" type=""><![CDATA[/home/cjxu/npp/test/unit/nppi/nppi_geometry_transforms/test_nppi_copyConstBorder.cpp:95
Expected equality of these values:
  dstData[dstIdx]
    Which is: '\0'
  borderValues[c]
    Which is: '\x96' (150)
Border value mismatch at (20,17) channel 1
]]></failure>
      <failure message="/home/cjxu/npp/test/unit/nppi/nppi_geometry_transforms/test_nppi_copyConstBorder.cpp:95&#x0A;Expected equality of these values:&#x0A;  dstData[dstIdx]&#x0A;    Which is: &apos;\0&apos;&#x0A;  borderValues[c]&#x0A;    Which is: &apos;\xC8&apos; (200)&#x0A;Border value mismatch at (20,17) channel 2&#x0A;" type=""><![CDATA[/home/cjxu/npp/test/unit/nppi/nppi_geometry_transforms/test_nppi_copyConstBorder.cpp:95
Expected equality of these values:
  dstData[dstIdx]
    Which is: '\0'
  borderValues[c]
    Which is: '\xC8' (200)
Border value mismatch at (20,17) channel 2
]]></failure>
      <failure message="/home/cjxu/npp/test/unit/nppi/nppi_geometry_transforms/test_nppi_copyConstBorder.cpp:95&#x0A;Expected equality of these values:&#x0A;  dstData[dstIdx]&#x0A;    Which is: &apos;\0&apos;&#x0A;  borderValues[c]&#x0A;    Which is: &apos;d&apos; (100, 0x64)&#x0A;Border value mismatch at (21,17) channel 0&#x0A;" type=""><![CDATA[/home/cjxu/npp/test/unit/nppi/nppi_geometry_transforms/test_nppi_copyConstBorder.cpp:95
Expected equality of these values:
  dstData[dstIdx]
    Which is: '\0'
  borderValues[c]
    Which is: 'd' (100, 0x64)
Border value mismatch at (21,17) channel 0
]]></failure>
      <failure message="/home/cjxu/npp/test/unit/nppi/nppi_geometry_transforms/test_nppi_copyConstBorder.cpp:95&#x0A;Expected equality of these values:&#x0A;  dstData[dstIdx]&#x0A;    Which is: &apos;\0&apos;&#x0A;  borderValues[c]&#x0A;    Which is: &apos;\x96&apos; (150)&#x0A;Border value mismatch at (21,17) channel 1&#x0A;" type=""><![CDATA[/home/cjxu/npp/test/unit/nppi/nppi_geometry_transforms/test_nppi_copyConstBorder.cpp:95
Expected equality of these values:
  dstData[dstIdx]
    Which is: '\0'
  borderValues[c]
    Which is: '\x96' (150)
Border value mismatch at (21,17) channel 1
]]></failure>
      <failure message="/home/cjxu/npp/test/unit/nppi/nppi_geometry_transforms/test_nppi_copyConstBorder.cpp:95&#x0A;Expected equality of these values:&#x0A;  dstData[dstIdx]&#x0A;    Which is: &apos;\0&apos;&#x0A;  borderValues[c]&#x0A;    Which is: &apos;\xC8&apos; (200)&#x0A;Border value mismatch at (21,17) channel 2&#x0A;" type=""><![CDATA[/home/cjxu/npp/test/unit/nppi/nppi_geometry_transforms/test_nppi_copyConstBorder.cpp:95
Expected equality of these values:
  dstData[dstIdx]
    Which is: '\0'
  borderValues[c]
    Which is: '\xC8' (200)
Border value mismatch at (21,17) channel 2
]]></failure>
      <failure message="/home/cjxu/npp/test/unit/nppi/nppi_geometry_transforms/test_nppi_copyConstBorder.cpp:95&#x0A;Expected equality of these values:&#x0A;  dstData[dstIdx]&#x0A;    Which is: &apos;\0&apos;&#x0A;  borderValues[c]&#x0A;    Which is: &apos;d&apos; (100, 0x64)&#x0A;Border value mismatch at (22,17) channel 0&#x0A;" type=""><![CDATA[/home/cjxu/npp/test/unit/nppi/nppi_geometry_transforms/test_nppi_copyConstBorder.cpp:95
Expected equality of these values:
  dstData[dstIdx]
    Which is: '\0'
  borderValues[c]
    Which is: 'd' (100, 0x64)
Border value mismatch at (22,17) channel 0
]]></failure>
      <failure message="/home/cjxu/npp/test/unit/nppi/nppi_geometry_transforms/test_nppi_copyConstBorder.cpp:95&#x0A;Expected equality of these values:&#x0A;  dstData[dstIdx]&#x0A;    Which is: &apos;\0&apos;&#x0A;  borderValues[c]&#x0A;    Which is: &apos;\x96&apos; (150)&#x0A;Border value mismatch at (22,17) channel 1&#x0A;" type=""><![CDATA[/home/cjxu/npp/test/unit/nppi/nppi_geometry_transforms/test_nppi_copyConstBorder.cpp:95
Expected equality of these values:
  dstData[dstIdx]
    Which is: '\0'
  borderValues[c]
    Which is: '\x96' (150)
Border value mismatch at (22,17) channel 1
]]></failure>
      <failure message="/home/cjxu/npp/test/unit/nppi/nppi_geometry_transforms/test_nppi_copyConstBorder.cpp:95&#x0A;Expected equality of these values:&#x0A;  dstData[dstIdx]&#x0A;    Which is: &apos;\0&apos;&#x0A;  borderValues[c]&#x0A;    Which is: &apos;\xC8&apos; (200)&#x0A;Border value mismatch at (22,17) channel 2&#x0A;" type=""><![CDATA[/home/cjxu/npp/test/unit/nppi/nppi_geometry_transforms/test_nppi_copyConstBorder.cpp:95
Expected equality of these values:
  dstData[dstIdx]
    Which is: '\0'
  borderValues[c]
    Which is: '\xC8' (200)
Border value mismatch at (22,17) channel 2
]]></failure>
      <failure message="/home/cjxu/npp/test/unit/nppi/nppi_geometry_transforms/test_nppi_copyConstBorder.cpp:95&#x0A;Expected equality of these values:&#x0A;  dstData[dstIdx]&#x0A;    Which is: &apos;\0&apos;&#x0A;  borderValues[c]&#x0A;    Which is: &apos;d&apos; (100, 0x64)&#x0A;Border value mismatch at (23,17) channel 0&#x0A;" type=""><![CDATA[/home/cjxu/npp/test/unit/nppi/nppi_geometry_transforms/test_nppi_copyConstBorder.cpp:95
Expected equality of these values:
  dstData[dstIdx]
    Which is: '\0'
  borderValues[c]
    Which is: 'd' (100, 0x64)
Border value mismatch at (23,17) channel 0
]]></failure>
      <failure message="/home/cjxu/npp/test/unit/nppi/nppi_geometry_transforms/test_nppi_copyConstBorder.cpp:95&#x0A;Expected equality of these values:&#x0A;  dstData[dstIdx]&#x0A;    Which is: &apos;\0&apos;&#x0A;  borderValues[c]&#x0A;    Which is: &apos;\x96&apos; (150)&#x0A;Border value mismatch at (23,17) channel 1&#x0A;" type=""><![CDATA[/home/cjxu/npp/test/unit/nppi/nppi_geometry_transforms/test_nppi_copyConstBorder.cpp:95
Expected equality of these values:
  dstData[dstIdx]
    Which is: '\0'
  borderValues[c]
    Which is: '\x96' (150)
Border value mismatch at (23,17) channel 1
]]></failure>
      <failure message="/home/cjxu/npp/test/unit/nppi/nppi_geometry_transforms/test_nppi_copyConstBorder.cpp:95&#x0A;Expected equality of these values:&#x0A;  dstData[dstIdx]&#x0A;    Which is: &apos;\0&apos;&#x0A;  borderValues[c]&#x0A;    Which is: &apos;\xC8&apos; (200)&#x0A;Border value mismatch at (23,17) channel 2&#x0A;" type=""><![CDATA[/home/cjxu/npp/test/unit/nppi/nppi_geometry_transforms/test_nppi_copyConstBorder.cpp:95
Expected equality of these values:
  dstData[dstIdx]
    Which is: '\0'
  borderValues[c]
    Which is: '\xC8' (200)
Border value mismatch at (23,17) channel 2
]]></failure>
      <failure message="/home/cjxu/npp/test/unit/nppi/nppi_geometry_transforms/test_nppi_copyConstBorder.cpp:95&#x0A;Expected equality of these values:&#x0A;  dstData[dstIdx]&#x0A;    Which is: &apos;\0&apos;&#x0A;  borderValues[c]&#x0A;    Which is: &apos;d&apos; (100, 0x64)&#x0A;Border value mismatch at (0,18) channel 0&#x0A;" type=""><![CDATA[/home/cjxu/npp/test/unit/nppi/nppi_geometry_transforms/test_nppi_copyConstBorder.cpp:95
Expected equality of these values:
  dstData[dstIdx]
    Which is: '\0'
  borderValues[c]
    Which is: 'd' (100, 0x64)
Border value mismatch at (0,18) channel 0
]]></failure>
      <failure message="/home/cjxu/npp/test/unit/nppi/nppi_geometry_transforms/test_nppi_copyConstBorder.cpp:95&#x0A;Expected equality of these values:&#x0A;  dstData[dstIdx]&#x0A;    Which is: &apos;\0&apos;&#x0A;  borderValues[c]&#x0A;    Which is: &apos;\x96&apos; (150)&#x0A;Border value mismatch at (0,18) channel 1&#x0A;" type=""><![CDATA[/home/cjxu/npp/test/unit/nppi/nppi_geometry_transforms/test_nppi_copyConstBorder.cpp:95
Expected equality of these values:
  dstData[dstIdx]
    Which is: '\0'
  borderValues[c]
    Which is: '\x96' (150)
Border value mismatch at (0,18) channel 1
]]></failure>
      <failure message="/home/cjxu/npp/test/unit/nppi/nppi_geometry_transforms/test_nppi_copyConstBorder.cpp:95&#x0A;Expected equality of these values:&#x0A;  dstData[dstIdx]&#x0A;    Which is: &apos;\0&apos;&#x0A;  borderValues[c]&#x0A;    Which is: &apos;\xC8&apos; (200)&#x0A;Border value mismatch at (0,18) channel 2&#x0A;" type=""><![CDATA[/home/cjxu/npp/test/unit/nppi/nppi_geometry_transforms/test_nppi_copyConstBorder.cpp:95
Expected equality of these values:
  dstData[dstIdx]
    Which is: '\0'
  borderValues[c]
    Which is: '\xC8' (200)
Border value mismatch at (0,18) channel 2
]]></failure>
      <failure message="/home/cjxu/npp/test/unit/nppi/nppi_geometry_transforms/test_nppi_copyConstBorder.cpp:95&#x0A;Expected equality of these values:&#x0A;  dstData[dstIdx]&#x0A;    Which is: &apos;\0&apos;&#x0A;  borderValues[c]&#x0A;    Which is: &apos;d&apos; (100, 0x64)&#x0A;Border value mismatch at (1,18) channel 0&#x0A;" type=""><![CDATA[/home/cjxu/npp/test/unit/nppi/nppi_geometry_transforms/test_nppi_copyConstBorder.cpp:95
Expected equality of these values:
  dstData[dstIdx]
    Which is: '\0'
  borderValues[c]
    Which is: 'd' (100, 0x64)
Border value mismatch at (1,18) channel 0
]]></failure>
      <failure message="/home/cjxu/npp/test/unit/nppi/nppi_geometry_transforms/test_nppi_copyConstBorder.cpp:95&#x0A;Expected equality of these values:&#x0A;  dstData[dstIdx]&#x0A;    Which is: &apos;\0&apos;&#x0A;  borderValues[c]&#x0A;    Which is: &apos;\x96&apos; (150)&#x0A;Border value mismatch at (1,18) channel 1&#x0A;" type=""><![CDATA[/home/cjxu/npp/test/unit/nppi/nppi_geometry_transforms/test_nppi_copyConstBorder.cpp:95
Expected equality of these values:
  dstData[dstIdx]
    Which is: '\0'
  borderValues[c]
    Which is: '\x96' (150)
Border value mismatch at (1,18) channel 1
]]></failure>
      <failure message="/home/cjxu/npp/test/unit/nppi/nppi_geometry_transforms/test_nppi_copyConstBorder.cpp:95&#x0A;Expected equality of these values:&#x0A;  dstData[dstIdx]&#x0A;    Which is: &apos;\0&apos;&#x0A;  borderValues[c]&#x0A;    Which is: &apos;\xC8&apos; (200)&#x0A;Border value mismatch at (1,18) channel 2&#x0A;" type=""><![CDATA[/home/cjxu/npp/test/unit/nppi/nppi_geometry_transforms/test_nppi_copyConstBorder.cpp:95
Expected equality of these values:
  dstData[dstIdx]
    Which is: '\0'
  borderValues[c]
    Which is: '\xC8' (200)
Border value mismatch at (1,18) channel 2
]]></failure>
      <failure message="/home/cjxu/npp/test/unit/nppi/nppi_geometry_transforms/test_nppi_copyConstBorder.cpp:95&#x0A;Expected equality of these values:&#x0A;  dstData[dstIdx]&#x0A;    Which is: &apos;\0&apos;&#x0A;  borderValues[c]&#x0A;    Which is: &apos;d&apos; (100, 0x64)&#x0A;Border value mismatch at (2,18) channel 0&#x0A;" type=""><![CDATA[/home/cjxu/npp/test/unit/nppi/nppi_geometry_transforms/test_nppi_copyConstBorder.cpp:95
Expected equality of these values:
  dstData[dstIdx]
    Which is: '\0'
  borderValues[c]
    Which is: 'd' (100, 0x64)
Border value mismatch at (2,18) channel 0
]]></failure>
      <failure message="/home/cjxu/npp/test/unit/nppi/nppi_geometry_transforms/test_nppi_copyConstBorder.cpp:95&#x0A;Expected equality of these values:&#x0A;  dstData[dstIdx]&#x0A;    Which is: &apos;\0&apos;&#x0A;  borderValues[c]&#x0A;    Which is: &apos;\x96&apos; (150)&#x0A;Border value mismatch at (2,18) channel 1&#x0A;" type=""><![CDATA[/home/cjxu/npp/test/unit/nppi/nppi_geometry_transforms/test_nppi_copyConstBorder.cpp:95
Expected equality of these values:
  dstData[dstIdx]
    Which is: '\0'
  borderValues[c]
    Which is: '\x96' (150)
Border value mismatch at (2,18) channel 1
]]></failure>
      <failure message="/home/cjxu/npp/test/unit/nppi/nppi_geometry_transforms/test_nppi_copyConstBorder.cpp:95&#x0A;Expected equality of these values:&#x0A;  dstData[dstIdx]&#x0A;    Which is: &apos;\0&apos;&#x0A;  borderValues[c]&#x0A;    Which is: &apos;\xC8&apos; (200)&#x0A;Border value mismatch at (2,18) channel 2&#x0A;" type=""><![CDATA[/home/cjxu/npp/test/unit/nppi/nppi_geometry_transforms/test_nppi_copyConstBorder.cpp:95
Expected equality of these values:
  dstData[dstIdx]
    Which is: '\0'
  borderValues[c]
    Which is: '\xC8' (200)
Border value mismatch at (2,18) channel 2
]]></failure>
      <failure message="/home/cjxu/npp/test/unit/nppi/nppi_geometry_transforms/test_nppi_copyConstBorder.cpp:95&#x0A;Expected equality of these values:&#x0A;  dstData[dstIdx]&#x0A;    Which is: &apos;\0&apos;&#x0A;  borderValues[c]&#x0A;    Which is: &apos;d&apos; (100, 0x64)&#x0A;Border value mismatch at (3,18) channel 0&#x0A;" type=""><![CDATA[/home/cjxu/npp/test/unit/nppi/nppi_geometry_transforms/test_nppi_copyConstBorder.cpp:95
Expected equality of these values:
  dstData[dstIdx]
    Which is: '\0'
  borderValues[c]
    Which is: 'd' (100, 0x64)
Border value mismatch at (3,18) channel 0
]]></failure>
      <failure message="/home/cjxu/npp/test/unit/nppi/nppi_geometry_transforms/test_nppi_copyConstBorder.cpp:95&#x0A;Expected equality of these values:&#x0A;  dstData[dstIdx]&#x0A;    Which is: &apos;\0&apos;&#x0A;  borderValues[c]&#x0A;    Which is: &apos;\x96&apos; (150)&#x0A;Border value mismatch at (3,18) channel 1&#x0A;" type=""><![CDATA[/home/cjxu/npp/test/unit/nppi/nppi_geometry_transforms/test_nppi_copyConstBorder.cpp:95
Expected equality of these values:
  dstData[dstIdx]
    Which is: '\0'
  borderValues[c]
    Which is: '\x96' (150)
Border value mismatch at (3,18) channel 1
]]></failure>
      <failure message="/home/cjxu/npp/test/unit/nppi/nppi_geometry_transforms/test_nppi_copyConstBorder.cpp:95&#x0A;Expected equality of these values:&#x0A;  dstData[dstIdx]&#x0A;    Which is: &apos;\0&apos;&#x0A;  borderValues[c]&#x0A;    Which is: &apos;\xC8&apos; (200)&#x0A;Border value mismatch at (3,18) channel 2&#x0A;" type=""><![CDATA[/home/cjxu/npp/test/unit/nppi/nppi_geometry_transforms/test_nppi_copyConstBorder.cpp:95
Expected equality of these values:
  dstData[dstIdx]
    Which is: '\0'
  borderValues[c]
    Which is: '\xC8' (200)
Border value mismatch at (3,18) channel 2
]]></failure>
      <failure message="/home/cjxu/npp/test/unit/nppi/nppi_geometry_transforms/test_nppi_copyConstBorder.cpp:95&#x0A;Expected equality of these values:&#x0A;  dstData[dstIdx]&#x0A;    Which is: &apos;\0&apos;&#x0A;  borderValues[c]&#x0A;    Which is: &apos;d&apos; (100, 0x64)&#x0A;Border value mismatch at (4,18) channel 0&#x0A;" type=""><![CDATA[/home/cjxu/npp/test/unit/nppi/nppi_geometry_transforms/test_nppi_copyConstBorder.cpp:95
Expected equality of these values:
  dstData[dstIdx]
    Which is: '\0'
  borderValues[c]
    Which is: 'd' (100, 0x64)
Border value mismatch at (4,18) channel 0
]]></failure>
      <failure message="/home/cjxu/npp/test/unit/nppi/nppi_geometry_transforms/test_nppi_copyConstBorder.cpp:95&#x0A;Expected equality of these values:&#x0A;  dstData[dstIdx]&#x0A;    Which is: &apos;\0&apos;&#x0A;  borderValues[c]&#x0A;    Which is: &apos;\x96&apos; (150)&#x0A;Border value mismatch at (4,18) channel 1&#x0A;" type=""><![CDATA[/home/cjxu/npp/test/unit/nppi/nppi_geometry_transforms/test_nppi_copyConstBorder.cpp:95
Expected equality of these values:
  dstData[dstIdx]
    Which is: '\0'
  borderValues[c]
    Which is: '\x96' (150)
Border value mismatch at (4,18) channel 1
]]></failure>
      <failure message="/home/cjxu/npp/test/unit/nppi/nppi_geometry_transforms/test_nppi_copyConstBorder.cpp:95&#x0A;Expected equality of these values:&#x0A;  dstData[dstIdx]&#x0A;    Which is: &apos;\0&apos;&#x0A;  borderValues[c]&#x0A;    Which is: &apos;\xC8&apos; (200)&#x0A;Border value mismatch at (4,18) channel 2&#x0A;" type=""><![CDATA[/home/cjxu/npp/test/unit/nppi/nppi_geometry_transforms/test_nppi_copyConstBorder.cpp:95
Expected equality of these values:
  dstData[dstIdx]
    Which is: '\0'
  borderValues[c]
    Which is: '\xC8' (200)
Border value mismatch at (4,18) channel 2
]]></failure>
      <failure message="/home/cjxu/npp/test/unit/nppi/nppi_geometry_transforms/test_nppi_copyConstBorder.cpp:95&#x0A;Expected equality of these values:&#x0A;  dstData[dstIdx]&#x0A;    Which is: &apos;\0&apos;&#x0A;  borderValues[c]&#x0A;    Which is: &apos;d&apos; (100, 0x64)&#x0A;Border value mismatch at (5,18) channel 0&#x0A;" type=""><![CDATA[/home/cjxu/npp/test/unit/nppi/nppi_geometry_transforms/test_nppi_copyConstBorder.cpp:95
Expected equality of these values:
  dstData[dstIdx]
    Which is: '\0'
  borderValues[c]
    Which is: 'd' (100, 0x64)
Border value mismatch at (5,18) channel 0
]]></failure>
      <failure message="/home/cjxu/npp/test/unit/nppi/nppi_geometry_transforms/test_nppi_copyConstBorder.cpp:95&#x0A;Expected equality of these values:&#x0A;  dstData[dstIdx]&#x0A;    Which is: &apos;\0&apos;&#x0A;  borderValues[c]&#x0A;    Which is: &apos;\x96&apos; (150)&#x0A;Border value mismatch at (5,18) channel 1&#x0A;" type=""><![CDATA[/home/cjxu/npp/test/unit/nppi/nppi_geometry_transforms/test_nppi_copyConstBorder.cpp:95
Expected equality of these values:
  dstData[dstIdx]
    Which is: '\0'
  borderValues[c]
    Which is: '\x96' (150)
Border value mismatch at (5,18) channel 1
]]></failure>
      <failure message="/home/cjxu/npp/test/unit/nppi/nppi_geometry_transforms/test_nppi_copyConstBorder.cpp:95&#x0A;Expected equality of these values:&#x0A;  dstData[dstIdx]&#x0A;    Which is: &apos;\0&apos;&#x0A;  borderValues[c]&#x0A;    Which is: &apos;\xC8&apos; (200)&#x0A;Border value mismatch at (5,18) channel 2&#x0A;" type=""><![CDATA[/home/cjxu/npp/test/unit/nppi/nppi_geometry_transforms/test_nppi_copyConstBorder.cpp:95
Expected equality of these values:
  dstData[dstIdx]
    Which is: '\0'
  borderValues[c]
    Which is: '\xC8' (200)
Border value mismatch at (5,18) channel 2
]]></failure>
      <failure message="/home/cjxu/npp/test/unit/nppi/nppi_geometry_transforms/test_nppi_copyConstBorder.cpp:95&#x0A;Expected equality of these values:&#x0A;  dstData[dstIdx]&#x0A;    Which is: &apos;\0&apos;&#x0A;  borderValues[c]&#x0A;    Which is: &apos;d&apos; (100, 0x64)&#x0A;Border value mismatch at (6,18) channel 0&#x0A;" type=""><![CDATA[/home/cjxu/npp/test/unit/nppi/nppi_geometry_transforms/test_nppi_copyConstBorder.cpp:95
Expected equality of these values:
  dstData[dstIdx]
    Which is: '\0'
  borderValues[c]
    Which is: 'd' (100, 0x64)
Border value mismatch at (6,18) channel 0
]]></failure>
      <failure message="/home/cjxu/npp/test/unit/nppi/nppi_geometry_transforms/test_nppi_copyConstBorder.cpp:95&#x0A;Expected equality of these values:&#x0A;  dstData[dstIdx]&#x0A;    Which is: &apos;\0&apos;&#x0A;  borderValues[c]&#x0A;    Which is: &apos;\x96&apos; (150)&#x0A;Border value mismatch at (6,18) channel 1&#x0A;" type=""><![CDATA[/home/cjxu/npp/test/unit/nppi/nppi_geometry_transforms/test_nppi_copyConstBorder.cpp:95
Expected equality of these values:
  dstData[dstIdx]
    Which is: '\0'
  borderValues[c]
    Which is: '\x96' (150)
Border value mismatch at (6,18) channel 1
]]></failure>
      <failure message="/home/cjxu/npp/test/unit/nppi/nppi_geometry_transforms/test_nppi_copyConstBorder.cpp:95&#x0A;Expected equality of these values:&#x0A;  dstData[dstIdx]&#x0A;    Which is: &apos;\0&apos;&#x0A;  borderValues[c]&#x0A;    Which is: &apos;\xC8&apos; (200)&#x0A;Border value mismatch at (6,18) channel 2&#x0A;" type=""><![CDATA[/home/cjxu/npp/test/unit/nppi/nppi_geometry_transforms/test_nppi_copyConstBorder.cpp:95
Expected equality of these values:
  dstData[dstIdx]
    Which is: '\0'
  borderValues[c]
    Which is: '\xC8' (200)
Border value mismatch at (6,18) channel 2
]]></failure>
      <failure message="/home/cjxu/npp/test/unit/nppi/nppi_geometry_transforms/test_nppi_copyConstBorder.cpp:95&#x0A;Expected equality of these values:&#x0A;  dstData[dstIdx]&#x0A;    Which is: &apos;\0&apos;&#x0A;  borderValues[c]&#x0A;    Which is: &apos;d&apos; (100, 0x64)&#x0A;Border value mismatch at (7,18) channel 0&#x0A;" type=""><![CDATA[/home/cjxu/npp/test/unit/nppi/nppi_geometry_transforms/test_nppi_copyConstBorder.cpp:95
Expected equality of these values:
  dstData[dstIdx]
    Which is: '\0'
  borderValues[c]
    Which is: 'd' (100, 0x64)
Border value mismatch at (7,18) channel 0
]]></failure>
      <failure message="/home/cjxu/npp/test/unit/nppi/nppi_geometry_transforms/test_nppi_copyConstBorder.cpp:95&#x0A;Expected equality of these values:&#x0A;  dstData[dstIdx]&#x0A;    Which is: &apos;\0&apos;&#x0A;  borderValues[c]&#x0A;    Which is: &apos;\x96&apos; (150)&#x0A;Border value mismatch at (7,18) channel 1&#x0A;" type=""><![CDATA[/home/cjxu/npp/test/unit/nppi/nppi_geometry_transforms/test_nppi_copyConstBorder.cpp:95
Expected equality of these values:
  dstData[dstIdx]
    Which is: '\0'
  borderValues[c]
    Which is: '\x96' (150)
Border value mismatch at (7,18) channel 1
]]></failure>
      <failure message="/home/cjxu/npp/test/unit/nppi/nppi_geometry_transforms/test_nppi_copyConstBorder.cpp:95&#x0A;Expected equality of these values:&#x0A;  dstData[dstIdx]&#x0A;    Which is: &apos;\0&apos;&#x0A;  borderValues[c]&#x0A;    Which is: &apos;\xC8&apos; (200)&#x0A;Border value mismatch at (7,18) channel 2&#x0A;" type=""><![CDATA[/home/cjxu/npp/test/unit/nppi/nppi_geometry_transforms/test_nppi_copyConstBorder.cpp:95
Expected equality of these values:
  dstData[dstIdx]
    Which is: '\0'
  borderValues[c]
    Which is: '\xC8' (200)
Border value mismatch at (7,18) channel 2
]]></failure>
      <failure message="/home/cjxu/npp/test/unit/nppi/nppi_geometry_transforms/test_nppi_copyConstBorder.cpp:95&#x0A;Expected equality of these values:&#x0A;  dstData[dstIdx]&#x0A;    Which is: &apos;\0&apos;&#x0A;  borderValues[c]&#x0A;    Which is: &apos;d&apos; (100, 0x64)&#x0A;Border value mismatch at (8,18) channel 0&#x0A;" type=""><![CDATA[/home/cjxu/npp/test/unit/nppi/nppi_geometry_transforms/test_nppi_copyConstBorder.cpp:95
Expected equality of these values:
  dstData[dstIdx]
    Which is: '\0'
  borderValues[c]
    Which is: 'd' (100, 0x64)
Border value mismatch at (8,18) channel 0
]]></failure>
      <failure message="/home/cjxu/npp/test/unit/nppi/nppi_geometry_transforms/test_nppi_copyConstBorder.cpp:95&#x0A;Expected equality of these values:&#x0A;  dstData[dstIdx]&#x0A;    Which is: &apos;\0&apos;&#x0A;  borderValues[c]&#x0A;    Which is: &apos;\x96&apos; (150)&#x0A;Border value mismatch at (8,18) channel 1&#x0A;" type=""><![CDATA[/home/cjxu/npp/test/unit/nppi/nppi_geometry_transforms/test_nppi_copyConstBorder.cpp:95
Expected equality of these values:
  dstData[dstIdx]
    Which is: '\0'
  borderValues[c]
    Which is: '\x96' (150)
Border value mismatch at (8,18) channel 1
]]></failure>
      <failure message="/home/cjxu/npp/test/unit/nppi/nppi_geometry_transforms/test_nppi_copyConstBorder.cpp:95&#x0A;Expected equality of these values:&#x0A;  dstData[dstIdx]&#x0A;    Which is: &apos;\0&apos;&#x0A;  borderValues[c]&#x0A;    Which is: &apos;\xC8&apos; (200)&#x0A;Border value mismatch at (8,18) channel 2&#x0A;" type=""><![CDATA[/home/cjxu/npp/test/unit/nppi/nppi_geometry_transforms/test_nppi_copyConstBorder.cpp:95
Expected equality of these values:
  dstData[dstIdx]
    Which is: '\0'
  borderValues[c]
    Which is: '\xC8' (200)
Border value mismatch at (8,18) channel 2
]]></failure>
      <failure message="/home/cjxu/npp/test/unit/nppi/nppi_geometry_transforms/test_nppi_copyConstBorder.cpp:95&#x0A;Expected equality of these values:&#x0A;  dstData[dstIdx]&#x0A;    Which is: &apos;\0&apos;&#x0A;  borderValues[c]&#x0A;    Which is: &apos;d&apos; (100, 0x64)&#x0A;Border value mismatch at (9,18) channel 0&#x0A;" type=""><![CDATA[/home/cjxu/npp/test/unit/nppi/nppi_geometry_transforms/test_nppi_copyConstBorder.cpp:95
Expected equality of these values:
  dstData[dstIdx]
    Which is: '\0'
  borderValues[c]
    Which is: 'd' (100, 0x64)
Border value mismatch at (9,18) channel 0
]]></failure>
      <failure message="/home/cjxu/npp/test/unit/nppi/nppi_geometry_transforms/test_nppi_copyConstBorder.cpp:95&#x0A;Expected equality of these values:&#x0A;  dstData[dstIdx]&#x0A;    Which is: &apos;\0&apos;&#x0A;  borderValues[c]&#x0A;    Which is: &apos;\x96&apos; (150)&#x0A;Border value mismatch at (9,18) channel 1&#x0A;" type=""><![CDATA[/home/cjxu/npp/test/unit/nppi/nppi_geometry_transforms/test_nppi_copyConstBorder.cpp:95
Expected equality of these values:
  dstData[dstIdx]
    Which is: '\0'
  borderValues[c]
    Which is: '\x96' (150)
Border value mismatch at (9,18) channel 1
]]></failure>
      <failure message="/home/cjxu/npp/test/unit/nppi/nppi_geometry_transforms/test_nppi_copyConstBorder.cpp:95&#x0A;Expected equality of these values:&#x0A;  dstData[dstIdx]&#x0A;    Which is: &apos;\0&apos;&#x0A;  borderValues[c]&#x0A;    Which is: &apos;\xC8&apos; (200)&#x0A;Border value mismatch at (9,18) channel 2&#x0A;" type=""><![CDATA[/home/cjxu/npp/test/unit/nppi/nppi_geometry_transforms/test_nppi_copyConstBorder.cpp:95
Expected equality of these values:
  dstData[dstIdx]
    Which is: '\0'
  borderValues[c]
    Which is: '\xC8' (200)
Border value mismatch at (9,18) channel 2
]]></failure>
      <failure message="/home/cjxu/npp/test/unit/nppi/nppi_geometry_transforms/test_nppi_copyConstBorder.cpp:95&#x0A;Expected equality of these values:&#x0A;  dstData[dstIdx]&#x0A;    Which is: &apos;\0&apos;&#x0A;  borderValues[c]&#x0A;    Which is: &apos;d&apos; (100, 0x64)&#x0A;Border value mismatch at (10,18) channel 0&#x0A;" type=""><![CDATA[/home/cjxu/npp/test/unit/nppi/nppi_geometry_transforms/test_nppi_copyConstBorder.cpp:95
Expected equality of these values:
  dstData[dstIdx]
    Which is: '\0'
  borderValues[c]
    Which is: 'd' (100, 0x64)
Border value mismatch at (10,18) channel 0
]]></failure>
      <failure message="/home/cjxu/npp/test/unit/nppi/nppi_geometry_transforms/test_nppi_copyConstBorder.cpp:95&#x0A;Expected equality of these values:&#x0A;  dstData[dstIdx]&#x0A;    Which is: &apos;\0&apos;&#x0A;  borderValues[c]&#x0A;    Which is: &apos;\x96&apos; (150)&#x0A;Border value mismatch at (10,18) channel 1&#x0A;" type=""><![CDATA[/home/cjxu/npp/test/unit/nppi/nppi_geometry_transforms/test_nppi_copyConstBorder.cpp:95
Expected equality of these values:
  dstData[dstIdx]
    Which is: '\0'
  borderValues[c]
    Which is: '\x96' (150)
Border value mismatch at (10,18) channel 1
]]></failure>
      <failure message="/home/cjxu/npp/test/unit/nppi/nppi_geometry_transforms/test_nppi_copyConstBorder.cpp:95&#x0A;Expected equality of these values:&#x0A;  dstData[dstIdx]&#x0A;    Which is: &apos;\0&apos;&#x0A;  borderValues[c]&#x0A;    Which is: &apos;\xC8&apos; (200)&#x0A;Border value mismatch at (10,18) channel 2&#x0A;" type=""><![CDATA[/home/cjxu/npp/test/unit/nppi/nppi_geometry_transforms/test_nppi_copyConstBorder.cpp:95
Expected equality of these values:
  dstData[dstIdx]
    Which is: '\0'
  borderValues[c]
    Which is: '\xC8' (200)
Border value mismatch at (10,18) channel 2
]]></failure>
      <failure message="/home/cjxu/npp/test/unit/nppi/nppi_geometry_transforms/test_nppi_copyConstBorder.cpp:95&#x0A;Expected equality of these values:&#x0A;  dstData[dstIdx]&#x0A;    Which is: &apos;\0&apos;&#x0A;  borderValues[c]&#x0A;    Which is: &apos;d&apos; (100, 0x64)&#x0A;Border value mismatch at (11,18) channel 0&#x0A;" type=""><![CDATA[/home/cjxu/npp/test/unit/nppi/nppi_geometry_transforms/test_nppi_copyConstBorder.cpp:95
Expected equality of these values:
  dstData[dstIdx]
    Which is: '\0'
  borderValues[c]
    Which is: 'd' (100, 0x64)
Border value mismatch at (11,18) channel 0
]]></failure>
      <failure message="/home/cjxu/npp/test/unit/nppi/nppi_geometry_transforms/test_nppi_copyConstBorder.cpp:95&#x0A;Expected equality of these values:&#x0A;  dstData[dstIdx]&#x0A;    Which is: &apos;\0&apos;&#x0A;  borderValues[c]&#x0A;    Which is: &apos;\x96&apos; (150)&#x0A;Border value mismatch at (11,18) channel 1&#x0A;" type=""><![CDATA[/home/cjxu/npp/test/unit/nppi/nppi_geometry_transforms/test_nppi_copyConstBorder.cpp:95
Expected equality of these values:
  dstData[dstIdx]
    Which is: '\0'
  borderValues[c]
    Which is: '\x96' (150)
Border value mismatch at (11,18) channel 1
]]></failure>
      <failure message="/home/cjxu/npp/test/unit/nppi/nppi_geometry_transforms/test_nppi_copyConstBorder.cpp:95&#x0A;Expected equality of these values:&#x0A;  dstData[dstIdx]&#x0A;    Which is: &apos;\0&apos;&#x0A;  borderValues[c]&#x0A;    Which is: &apos;\xC8&apos; (200)&#x0A;Border value mismatch at (11,18) channel 2&#x0A;" type=""><![CDATA[/home/cjxu/npp/test/unit/nppi/nppi_geometry_transforms/test_nppi_copyConstBorder.cpp:95
Expected equality of these values:
  dstData[dstIdx]
    Which is: '\0'
  borderValues[c]
    Which is: '\xC8' (200)
Border value mismatch at (11,18) channel 2
]]></failure>
      <failure message="/home/cjxu/npp/test/unit/nppi/nppi_geometry_transforms/test_nppi_copyConstBorder.cpp:95&#x0A;Expected equality of these values:&#x0A;  dstData[dstIdx]&#x0A;    Which is: &apos;\0&apos;&#x0A;  borderValues[c]&#x0A;    Which is: &apos;d&apos; (100, 0x64)&#x0A;Border value mismatch at (12,18) channel 0&#x0A;" type=""><![CDATA[/home/cjxu/npp/test/unit/nppi/nppi_geometry_transforms/test_nppi_copyConstBorder.cpp:95
Expected equality of these values:
  dstData[dstIdx]
    Which is: '\0'
  borderValues[c]
    Which is: 'd' (100, 0x64)
Border value mismatch at (12,18) channel 0
]]></failure>
      <failure message="/home/cjxu/npp/test/unit/nppi/nppi_geometry_transforms/test_nppi_copyConstBorder.cpp:95&#x0A;Expected equality of these values:&#x0A;  dstData[dstIdx]&#x0A;    Which is: &apos;\0&apos;&#x0A;  borderValues[c]&#x0A;    Which is: &apos;\x96&apos; (150)&#x0A;Border value mismatch at (12,18) channel 1&#x0A;" type=""><![CDATA[/home/cjxu/npp/test/unit/nppi/nppi_geometry_transforms/test_nppi_copyConstBorder.cpp:95
Expected equality of these values:
  dstData[dstIdx]
    Which is: '\0'
  borderValues[c]
    Which is: '\x96' (150)
Border value mismatch at (12,18) channel 1
]]></failure>
      <failure message="/home/cjxu/npp/test/unit/nppi/nppi_geometry_transforms/test_nppi_copyConstBorder.cpp:95&#x0A;Expected equality of these values:&#x0A;  dstData[dstIdx]&#x0A;    Which is: &apos;\0&apos;&#x0A;  borderValues[c]&#x0A;    Which is: &apos;\xC8&apos; (200)&#x0A;Border value mismatch at (12,18) channel 2&#x0A;" type=""><![CDATA[/home/cjxu/npp/test/unit/nppi/nppi_geometry_transforms/test_nppi_copyConstBorder.cpp:95
Expected equality of these values:
  dstData[dstIdx]
    Which is: '\0'
  borderValues[c]
    Which is: '\xC8' (200)
Border value mismatch at (12,18) channel 2
]]></failure>
      <failure message="/home/cjxu/npp/test/unit/nppi/nppi_geometry_transforms/test_nppi_copyConstBorder.cpp:95&#x0A;Expected equality of these values:&#x0A;  dstData[dstIdx]&#x0A;    Which is: &apos;\0&apos;&#x0A;  borderValues[c]&#x0A;    Which is: &apos;d&apos; (100, 0x64)&#x0A;Border value mismatch at (13,18) channel 0&#x0A;" type=""><![CDATA[/home/cjxu/npp/test/unit/nppi/nppi_geometry_transforms/test_nppi_copyConstBorder.cpp:95
Expected equality of these values:
  dstData[dstIdx]
    Which is: '\0'
  borderValues[c]
    Which is: 'd' (100, 0x64)
Border value mismatch at (13,18) channel 0
]]></failure>
      <failure message="/home/cjxu/npp/test/unit/nppi/nppi_geometry_transforms/test_nppi_copyConstBorder.cpp:95&#x0A;Expected equality of these values:&#x0A;  dstData[dstIdx]&#x0A;    Which is: &apos;\0&apos;&#x0A;  borderValues[c]&#x0A;    Which is: &apos;\x96&apos; (150)&#x0A;Border value mismatch at (13,18) channel 1&#x0A;" type=""><![CDATA[/home/cjxu/npp/test/unit/nppi/nppi_geometry_transforms/test_nppi_copyConstBorder.cpp:95
Expected equality of these values:
  dstData[dstIdx]
    Which is: '\0'
  borderValues[c]
    Which is: '\x96' (150)
Border value mismatch at (13,18) channel 1
]]></failure>
      <failure message="/home/cjxu/npp/test/unit/nppi/nppi_geometry_transforms/test_nppi_copyConstBorder.cpp:95&#x0A;Expected equality of these values:&#x0A;  dstData[dstIdx]&#x0A;    Which is: &apos;\0&apos;&#x0A;  borderValues[c]&#x0A;    Which is: &apos;\xC8&apos; (200)&#x0A;Border value mismatch at (13,18) channel 2&#x0A;" type=""><![CDATA[/home/cjxu/npp/test/unit/nppi/nppi_geometry_transforms/test_nppi_copyConstBorder.cpp:95
Expected equality of these values:
  dstData[dstIdx]
    Which is: '\0'
  borderValues[c]
    Which is: '\xC8' (200)
Border value mismatch at (13,18) channel 2
]]></failure>
      <failure message="/home/cjxu/npp/test/unit/nppi/nppi_geometry_transforms/test_nppi_copyConstBorder.cpp:95&#x0A;Expected equality of these values:&#x0A;  dstData[dstIdx]&#x0A;    Which is: &apos;\0&apos;&#x0A;  borderValues[c]&#x0A;    Which is: &apos;d&apos; (100, 0x64)&#x0A;Border value mismatch at (14,18) channel 0&#x0A;" type=""><![CDATA[/home/cjxu/npp/test/unit/nppi/nppi_geometry_transforms/test_nppi_copyConstBorder.cpp:95
Expected equality of these values:
  dstData[dstIdx]
    Which is: '\0'
  borderValues[c]
    Which is: 'd' (100, 0x64)
Border value mismatch at (14,18) channel 0
]]></failure>
      <failure message="/home/cjxu/npp/test/unit/nppi/nppi_geometry_transforms/test_nppi_copyConstBorder.cpp:95&#x0A;Expected equality of these values:&#x0A;  dstData[dstIdx]&#x0A;    Which is: &apos;\0&apos;&#x0A;  borderValues[c]&#x0A;    Which is: &apos;\x96&apos; (150)&#x0A;Border value mismatch at (14,18) channel 1&#x0A;" type=""><![CDATA[/home/cjxu/npp/test/unit/nppi/nppi_geometry_transforms/test_nppi_copyConstBorder.cpp:95
Expected equality of these values:
  dstData[dstIdx]
    Which is: '\0'
  borderValues[c]
    Which is: '\x96' (150)
Border value mismatch at (14,18) channel 1
]]></failure>
      <failure message="/home/cjxu/npp/test/unit/nppi/nppi_geometry_transforms/test_nppi_copyConstBorder.cpp:95&#x0A;Expected equality of these values:&#x0A;  dstData[dstIdx]&#x0A;    Which is: &apos;\0&apos;&#x0A;  borderValues[c]&#x0A;    Which is: &apos;\xC8&apos; (200)&#x0A;Border value mismatch at (14,18) channel 2&#x0A;" type=""><![CDATA[/home/cjxu/npp/test/unit/nppi/nppi_geometry_transforms/test_nppi_copyConstBorder.cpp:95
Expected equality of these values:
  dstData[dstIdx]
    Which is: '\0'
  borderValues[c]
    Which is: '\xC8' (200)
Border value mismatch at (14,18) channel 2
]]></failure>
      <failure message="/home/cjxu/npp/test/unit/nppi/nppi_geometry_transforms/test_nppi_copyConstBorder.cpp:95&#x0A;Expected equality of these values:&#x0A;  dstData[dstIdx]&#x0A;    Which is: &apos;\0&apos;&#x0A;  borderValues[c]&#x0A;    Which is: &apos;d&apos; (100, 0x64)&#x0A;Border value mismatch at (15,18) channel 0&#x0A;" type=""><![CDATA[/home/cjxu/npp/test/unit/nppi/nppi_geometry_transforms/test_nppi_copyConstBorder.cpp:95
Expected equality of these values:
  dstData[dstIdx]
    Which is: '\0'
  borderValues[c]
    Which is: 'd' (100, 0x64)
Border value mismatch at (15,18) channel 0
]]></failure>
      <failure message="/home/cjxu/npp/test/unit/nppi/nppi_geometry_transforms/test_nppi_copyConstBorder.cpp:95&#x0A;Expected equality of these values:&#x0A;  dstData[dstIdx]&#x0A;    Which is: &apos;\0&apos;&#x0A;  borderValues[c]&#x0A;    Which is: &apos;\x96&apos; (150)&#x0A;Border value mismatch at (15,18) channel 1&#x0A;" type=""><![CDATA[/home/cjxu/npp/test/unit/nppi/nppi_geometry_transforms/test_nppi_copyConstBorder.cpp:95
Expected equality of these values:
  dstData[dstIdx]
    Which is: '\0'
  borderValues[c]
    Which is: '\x96' (150)
Border value mismatch at (15,18) channel 1
]]></failure>
      <failure message="/home/cjxu/npp/test/unit/nppi/nppi_geometry_transforms/test_nppi_copyConstBorder.cpp:95&#x0A;Expected equality of these values:&#x0A;  dstData[dstIdx]&#x0A;    Which is: &apos;\0&apos;&#x0A;  borderValues[c]&#x0A;    Which is: &apos;\xC8&apos; (200)&#x0A;Border value mismatch at (15,18) channel 2&#x0A;" type=""><![CDATA[/home/cjxu/npp/test/unit/nppi/nppi_geometry_transforms/test_nppi_copyConstBorder.cpp:95
Expected equality of these values:
  dstData[dstIdx]
    Which is: '\0'
  borderValues[c]
    Which is: '\xC8' (200)
Border value mismatch at (15,18) channel 2
]]></failure>
      <failure message="/home/cjxu/npp/test/unit/nppi/nppi_geometry_transforms/test_nppi_copyConstBorder.cpp:95&#x0A;Expected equality of these values:&#x0A;  dstData[dstIdx]&#x0A;    Which is: &apos;\0&apos;&#x0A;  borderValues[c]&#x0A;    Which is: &apos;d&apos; (100, 0x64)&#x0A;Border value mismatch at (16,18) channel 0&#x0A;" type=""><![CDATA[/home/cjxu/npp/test/unit/nppi/nppi_geometry_transforms/test_nppi_copyConstBorder.cpp:95
Expected equality of these values:
  dstData[dstIdx]
    Which is: '\0'
  borderValues[c]
    Which is: 'd' (100, 0x64)
Border value mismatch at (16,18) channel 0
]]></failure>
      <failure message="/home/cjxu/npp/test/unit/nppi/nppi_geometry_transforms/test_nppi_copyConstBorder.cpp:95&#x0A;Expected equality of these values:&#x0A;  dstData[dstIdx]&#x0A;    Which is: &apos;\0&apos;&#x0A;  borderValues[c]&#x0A;    Which is: &apos;\x96&apos; (150)&#x0A;Border value mismatch at (16,18) channel 1&#x0A;" type=""><![CDATA[/home/cjxu/npp/test/unit/nppi/nppi_geometry_transforms/test_nppi_copyConstBorder.cpp:95
Expected equality of these values:
  dstData[dstIdx]
    Which is: '\0'
  borderValues[c]
    Which is: '\x96' (150)
Border value mismatch at (16,18) channel 1
]]></failure>
      <failure message="/home/cjxu/npp/test/unit/nppi/nppi_geometry_transforms/test_nppi_copyConstBorder.cpp:95&#x0A;Expected equality of these values:&#x0A;  dstData[dstIdx]&#x0A;    Which is: &apos;\0&apos;&#x0A;  borderValues[c]&#x0A;    Which is: &apos;\xC8&apos; (200)&#x0A;Border value mismatch at (16,18) channel 2&#x0A;" type=""><![CDATA[/home/cjxu/npp/test/unit/nppi/nppi_geometry_transforms/test_nppi_copyConstBorder.cpp:95
Expected equality of these values:
  dstData[dstIdx]
    Which is: '\0'
  borderValues[c]
    Which is: '\xC8' (200)
Border value mismatch at (16,18) channel 2
]]></failure>
      <failure message="/home/cjxu/npp/test/unit/nppi/nppi_geometry_transforms/test_nppi_copyConstBorder.cpp:95&#x0A;Expected equality of these values:&#x0A;  dstData[dstIdx]&#x0A;    Which is: &apos;\0&apos;&#x0A;  borderValues[c]&#x0A;    Which is: &apos;d&apos; (100, 0x64)&#x0A;Border value mismatch at (17,18) channel 0&#x0A;" type=""><![CDATA[/home/cjxu/npp/test/unit/nppi/nppi_geometry_transforms/test_nppi_copyConstBorder.cpp:95
Expected equality of these values:
  dstData[dstIdx]
    Which is: '\0'
  borderValues[c]
    Which is: 'd' (100, 0x64)
Border value mismatch at (17,18) channel 0
]]></failure>
      <failure message="/home/cjxu/npp/test/unit/nppi/nppi_geometry_transforms/test_nppi_copyConstBorder.cpp:95&#x0A;Expected equality of these values:&#x0A;  dstData[dstIdx]&#x0A;    Which is: &apos;\0&apos;&#x0A;  borderValues[c]&#x0A;    Which is: &apos;\x96&apos; (150)&#x0A;Border value mismatch at (17,18) channel 1&#x0A;" type=""><![CDATA[/home/cjxu/npp/test/unit/nppi/nppi_geometry_transforms/test_nppi_copyConstBorder.cpp:95
Expected equality of these values:
  dstData[dstIdx]
    Which is: '\0'
  borderValues[c]
    Which is: '\x96' (150)
Border value mismatch at (17,18) channel 1
]]></failure>
      <failure message="/home/cjxu/npp/test/unit/nppi/nppi_geometry_transforms/test_nppi_copyConstBorder.cpp:95&#x0A;Expected equality of these values:&#x0A;  dstData[dstIdx]&#x0A;    Which is: &apos;\0&apos;&#x0A;  borderValues[c]&#x0A;    Which is: &apos;\xC8&apos; (200)&#x0A;Border value mismatch at (17,18) channel 2&#x0A;" type=""><![CDATA[/home/cjxu/npp/test/unit/nppi/nppi_geometry_transforms/test_nppi_copyConstBorder.cpp:95
Expected equality of these values:
  dstData[dstIdx]
    Which is: '\0'
  borderValues[c]
    Which is: '\xC8' (200)
Border value mismatch at (17,18) channel 2
]]></failure>
      <failure message="/home/cjxu/npp/test/unit/nppi/nppi_geometry_transforms/test_nppi_copyConstBorder.cpp:95&#x0A;Expected equality of these values:&#x0A;  dstData[dstIdx]&#x0A;    Which is: &apos;\0&apos;&#x0A;  borderValues[c]&#x0A;    Which is: &apos;d&apos; (100, 0x64)&#x0A;Border value mismatch at (18,18) channel 0&#x0A;" type=""><![CDATA[/home/cjxu/npp/test/unit/nppi/nppi_geometry_transforms/test_nppi_copyConstBorder.cpp:95
Expected equality of these values:
  dstData[dstIdx]
    Which is: '\0'
  borderValues[c]
    Which is: 'd' (100, 0x64)
Border value mismatch at (18,18) channel 0
]]></failure>
      <failure message="/home/cjxu/npp/test/unit/nppi/nppi_geometry_transforms/test_nppi_copyConstBorder.cpp:95&#x0A;Expected equality of these values:&#x0A;  dstData[dstIdx]&#x0A;    Which is: &apos;\0&apos;&#x0A;  borderValues[c]&#x0A;    Which is: &apos;\x96&apos; (150)&#x0A;Border value mismatch at (18,18) channel 1&#x0A;" type=""><![CDATA[/home/cjxu/npp/test/unit/nppi/nppi_geometry_transforms/test_nppi_copyConstBorder.cpp:95
Expected equality of these values:
  dstData[dstIdx]
    Which is: '\0'
  borderValues[c]
    Which is: '\x96' (150)
Border value mismatch at (18,18) channel 1
]]></failure>
      <failure message="/home/cjxu/npp/test/unit/nppi/nppi_geometry_transforms/test_nppi_copyConstBorder.cpp:95&#x0A;Expected equality of these values:&#x0A;  dstData[dstIdx]&#x0A;    Which is: &apos;\0&apos;&#x0A;  borderValues[c]&#x0A;    Which is: &apos;\xC8&apos; (200)&#x0A;Border value mismatch at (18,18) channel 2&#x0A;" type=""><![CDATA[/home/cjxu/npp/test/unit/nppi/nppi_geometry_transforms/test_nppi_copyConstBorder.cpp:95
Expected equality of these values:
  dstData[dstIdx]
    Which is: '\0'
  borderValues[c]
    Which is: '\xC8' (200)
Border value mismatch at (18,18) channel 2
]]></failure>
      <failure message="/home/cjxu/npp/test/unit/nppi/nppi_geometry_transforms/test_nppi_copyConstBorder.cpp:95&#x0A;Expected equality of these values:&#x0A;  dstData[dstIdx]&#x0A;    Which is: &apos;\0&apos;&#x0A;  borderValues[c]&#x0A;    Which is: &apos;d&apos; (100, 0x64)&#x0A;Border value mismatch at (19,18) channel 0&#x0A;" type=""><![CDATA[/home/cjxu/npp/test/unit/nppi/nppi_geometry_transforms/test_nppi_copyConstBorder.cpp:95
Expected equality of these values:
  dstData[dstIdx]
    Which is: '\0'
  borderValues[c]
    Which is: 'd' (100, 0x64)
Border value mismatch at (19,18) channel 0
]]></failure>
      <failure message="/home/cjxu/npp/test/unit/nppi/nppi_geometry_transforms/test_nppi_copyConstBorder.cpp:95&#x0A;Expected equality of these values:&#x0A;  dstData[dstIdx]&#x0A;    Which is: &apos;\0&apos;&#x0A;  borderValues[c]&#x0A;    Which is: &apos;\x96&apos; (150)&#x0A;Border value mismatch at (19,18) channel 1&#x0A;" type=""><![CDATA[/home/cjxu/npp/test/unit/nppi/nppi_geometry_transforms/test_nppi_copyConstBorder.cpp:95
Expected equality of these values:
  dstData[dstIdx]
    Which is: '\0'
  borderValues[c]
    Which is: '\x96' (150)
Border value mismatch at (19,18) channel 1
]]></failure>
      <failure message="/home/cjxu/npp/test/unit/nppi/nppi_geometry_transforms/test_nppi_copyConstBorder.cpp:95&#x0A;Expected equality of these values:&#x0A;  dstData[dstIdx]&#x0A;    Which is: &apos;\0&apos;&#x0A;  borderValues[c]&#x0A;    Which is: &apos;\xC8&apos; (200)&#x0A;Border value mismatch at (19,18) channel 2&#x0A;" type=""><![CDATA[/home/cjxu/npp/test/unit/nppi/nppi_geometry_transforms/test_nppi_copyConstBorder.cpp:95
Expected equality of these values:
  dstData[dstIdx]
    Which is: '\0'
  borderValues[c]
    Which is: '\xC8' (200)
Border value mismatch at (19,18) channel 2
]]></failure>
      <failure message="/home/cjxu/npp/test/unit/nppi/nppi_geometry_transforms/test_nppi_copyConstBorder.cpp:95&#x0A;Expected equality of these values:&#x0A;  dstData[dstIdx]&#x0A;    Which is: &apos;\0&apos;&#x0A;  borderValues[c]&#x0A;    Which is: &apos;d&apos; (100, 0x64)&#x0A;Border value mismatch at (20,18) channel 0&#x0A;" type=""><![CDATA[/home/cjxu/npp/test/unit/nppi/nppi_geometry_transforms/test_nppi_copyConstBorder.cpp:95
Expected equality of these values:
  dstData[dstIdx]
    Which is: '\0'
  borderValues[c]
    Which is: 'd' (100, 0x64)
Border value mismatch at (20,18) channel 0
]]></failure>
      <failure message="/home/cjxu/npp/test/unit/nppi/nppi_geometry_transforms/test_nppi_copyConstBorder.cpp:95&#x0A;Expected equality of these values:&#x0A;  dstData[dstIdx]&#x0A;    Which is: &apos;\0&apos;&#x0A;  borderValues[c]&#x0A;    Which is: &apos;\x96&apos; (150)&#x0A;Border value mismatch at (20,18) channel 1&#x0A;" type=""><![CDATA[/home/cjxu/npp/test/unit/nppi/nppi_geometry_transforms/test_nppi_copyConstBorder.cpp:95
Expected equality of these values:
  dstData[dstIdx]
    Which is: '\0'
  borderValues[c]
    Which is: '\x96' (150)
Border value mismatch at (20,18) channel 1
]]></failure>
      <failure message="/home/cjxu/npp/test/unit/nppi/nppi_geometry_transforms/test_nppi_copyConstBorder.cpp:95&#x0A;Expected equality of these values:&#x0A;  dstData[dstIdx]&#x0A;    Which is: &apos;\0&apos;&#x0A;  borderValues[c]&#x0A;    Which is: &apos;\xC8&apos; (200)&#x0A;Border value mismatch at (20,18) channel 2&#x0A;" type=""><![CDATA[/home/cjxu/npp/test/unit/nppi/nppi_geometry_transforms/test_nppi_copyConstBorder.cpp:95
Expected equality of these values:
  dstData[dstIdx]
    Which is: '\0'
  borderValues[c]
    Which is: '\xC8' (200)
Border value mismatch at (20,18) channel 2
]]></failure>
      <failure message="/home/cjxu/npp/test/unit/nppi/nppi_geometry_transforms/test_nppi_copyConstBorder.cpp:95&#x0A;Expected equality of these values:&#x0A;  dstData[dstIdx]&#x0A;    Which is: &apos;\0&apos;&#x0A;  borderValues[c]&#x0A;    Which is: &apos;d&apos; (100, 0x64)&#x0A;Border value mismatch at (21,18) channel 0&#x0A;" type=""><![CDATA[/home/cjxu/npp/test/unit/nppi/nppi_geometry_transforms/test_nppi_copyConstBorder.cpp:95
Expected equality of these values:
  dstData[dstIdx]
    Which is: '\0'
  borderValues[c]
    Which is: 'd' (100, 0x64)
Border value mismatch at (21,18) channel 0
]]></failure>
      <failure message="/home/cjxu/npp/test/unit/nppi/nppi_geometry_transforms/test_nppi_copyConstBorder.cpp:95&#x0A;Expected equality of these values:&#x0A;  dstData[dstIdx]&#x0A;    Which is: &apos;\0&apos;&#x0A;  borderValues[c]&#x0A;    Which is: &apos;\x96&apos; (150)&#x0A;Border value mismatch at (21,18) channel 1&#x0A;" type=""><![CDATA[/home/cjxu/npp/test/unit/nppi/nppi_geometry_transforms/test_nppi_copyConstBorder.cpp:95
Expected equality of these values:
  dstData[dstIdx]
    Which is: '\0'
  borderValues[c]
    Which is: '\x96' (150)
Border value mismatch at (21,18) channel 1
]]></failure>
      <failure message="/home/cjxu/npp/test/unit/nppi/nppi_geometry_transforms/test_nppi_copyConstBorder.cpp:95&#x0A;Expected equality of these values:&#x0A;  dstData[dstIdx]&#x0A;    Which is: &apos;\0&apos;&#x0A;  borderValues[c]&#x0A;    Which is: &apos;\xC8&apos; (200)&#x0A;Border value mismatch at (21,18) channel 2&#x0A;" type=""><![CDATA[/home/cjxu/npp/test/unit/nppi/nppi_geometry_transforms/test_nppi_copyConstBorder.cpp:95
Expected equality of these values:
  dstData[dstIdx]
    Which is: '\0'
  borderValues[c]
    Which is: '\xC8' (200)
Border value mismatch at (21,18) channel 2
]]></failure>
      <failure message="/home/cjxu/npp/test/unit/nppi/nppi_geometry_transforms/test_nppi_copyConstBorder.cpp:95&#x0A;Expected equality of these values:&#x0A;  dstData[dstIdx]&#x0A;    Which is: &apos;\0&apos;&#x0A;  borderValues[c]&#x0A;    Which is: &apos;d&apos; (100, 0x64)&#x0A;Border value mismatch at (22,18) channel 0&#x0A;" type=""><![CDATA[/home/cjxu/npp/test/unit/nppi/nppi_geometry_transforms/test_nppi_copyConstBorder.cpp:95
Expected equality of these values:
  dstData[dstIdx]
    Which is: '\0'
  borderValues[c]
    Which is: 'd' (100, 0x64)
Border value mismatch at (22,18) channel 0
]]></failure>
      <failure message="/home/cjxu/npp/test/unit/nppi/nppi_geometry_transforms/test_nppi_copyConstBorder.cpp:95&#x0A;Expected equality of these values:&#x0A;  dstData[dstIdx]&#x0A;    Which is: &apos;\0&apos;&#x0A;  borderValues[c]&#x0A;    Which is: &apos;\x96&apos; (150)&#x0A;Border value mismatch at (22,18) channel 1&#x0A;" type=""><![CDATA[/home/cjxu/npp/test/unit/nppi/nppi_geometry_transforms/test_nppi_copyConstBorder.cpp:95
Expected equality of these values:
  dstData[dstIdx]
    Which is: '\0'
  borderValues[c]
    Which is: '\x96' (150)
Border value mismatch at (22,18) channel 1
]]></failure>
      <failure message="/home/cjxu/npp/test/unit/nppi/nppi_geometry_transforms/test_nppi_copyConstBorder.cpp:95&#x0A;Expected equality of these values:&#x0A;  dstData[dstIdx]&#x0A;    Which is: &apos;\0&apos;&#x0A;  borderValues[c]&#x0A;    Which is: &apos;\xC8&apos; (200)&#x0A;Border value mismatch at (22,18) channel 2&#x0A;" type=""><![CDATA[/home/cjxu/npp/test/unit/nppi/nppi_geometry_transforms/test_nppi_copyConstBorder.cpp:95
Expected equality of these values:
  dstData[dstIdx]
    Which is: '\0'
  borderValues[c]
    Which is: '\xC8' (200)
Border value mismatch at (22,18) channel 2
]]></failure>
      <failure message="/home/cjxu/npp/test/unit/nppi/nppi_geometry_transforms/test_nppi_copyConstBorder.cpp:95&#x0A;Expected equality of these values:&#x0A;  dstData[dstIdx]&#x0A;    Which is: &apos;\0&apos;&#x0A;  borderValues[c]&#x0A;    Which is: &apos;d&apos; (100, 0x64)&#x0A;Border value mismatch at (23,18) channel 0&#x0A;" type=""><![CDATA[/home/cjxu/npp/test/unit/nppi/nppi_geometry_transforms/test_nppi_copyConstBorder.cpp:95
Expected equality of these values:
  dstData[dstIdx]
    Which is: '\0'
  borderValues[c]
    Which is: 'd' (100, 0x64)
Border value mismatch at (23,18) channel 0
]]></failure>
      <failure message="/home/cjxu/npp/test/unit/nppi/nppi_geometry_transforms/test_nppi_copyConstBorder.cpp:95&#x0A;Expected equality of these values:&#x0A;  dstData[dstIdx]&#x0A;    Which is: &apos;\0&apos;&#x0A;  borderValues[c]&#x0A;    Which is: &apos;\x96&apos; (150)&#x0A;Border value mismatch at (23,18) channel 1&#x0A;" type=""><![CDATA[/home/cjxu/npp/test/unit/nppi/nppi_geometry_transforms/test_nppi_copyConstBorder.cpp:95
Expected equality of these values:
  dstData[dstIdx]
    Which is: '\0'
  borderValues[c]
    Which is: '\x96' (150)
Border value mismatch at (23,18) channel 1
]]></failure>
      <failure message="/home/cjxu/npp/test/unit/nppi/nppi_geometry_transforms/test_nppi_copyConstBorder.cpp:95&#x0A;Expected equality of these values:&#x0A;  dstData[dstIdx]&#x0A;    Which is: &apos;\0&apos;&#x0A;  borderValues[c]&#x0A;    Which is: &apos;\xC8&apos; (200)&#x0A;Border value mismatch at (23,18) channel 2&#x0A;" type=""><![CDATA[/home/cjxu/npp/test/unit/nppi/nppi_geometry_transforms/test_nppi_copyConstBorder.cpp:95
Expected equality of these values:
  dstData[dstIdx]
    Which is: '\0'
  borderValues[c]
    Which is: '\xC8' (200)
Border value mismatch at (23,18) channel 2
]]></failure>
      <failure message="/home/cjxu/npp/test/unit/nppi/nppi_geometry_transforms/test_nppi_copyConstBorder.cpp:95&#x0A;Expected equality of these values:&#x0A;  dstData[dstIdx]&#x0A;    Which is: &apos;\0&apos;&#x0A;  borderValues[c]&#x0A;    Which is: &apos;d&apos; (100, 0x64)&#x0A;Border value mismatch at (0,19) channel 0&#x0A;" type=""><![CDATA[/home/cjxu/npp/test/unit/nppi/nppi_geometry_transforms/test_nppi_copyConstBorder.cpp:95
Expected equality of these values:
  dstData[dstIdx]
    Which is: '\0'
  borderValues[c]
    Which is: 'd' (100, 0x64)
Border value mismatch at (0,19) channel 0
]]></failure>
      <failure message="/home/cjxu/npp/test/unit/nppi/nppi_geometry_transforms/test_nppi_copyConstBorder.cpp:95&#x0A;Expected equality of these values:&#x0A;  dstData[dstIdx]&#x0A;    Which is: &apos;\0&apos;&#x0A;  borderValues[c]&#x0A;    Which is: &apos;\x96&apos; (150)&#x0A;Border value mismatch at (0,19) channel 1&#x0A;" type=""><![CDATA[/home/cjxu/npp/test/unit/nppi/nppi_geometry_transforms/test_nppi_copyConstBorder.cpp:95
Expected equality of these values:
  dstData[dstIdx]
    Which is: '\0'
  borderValues[c]
    Which is: '\x96' (150)
Border value mismatch at (0,19) channel 1
]]></failure>
      <failure message="/home/cjxu/npp/test/unit/nppi/nppi_geometry_transforms/test_nppi_copyConstBorder.cpp:95&#x0A;Expected equality of these values:&#x0A;  dstData[dstIdx]&#x0A;    Which is: &apos;\0&apos;&#x0A;  borderValues[c]&#x0A;    Which is: &apos;\xC8&apos; (200)&#x0A;Border value mismatch at (0,19) channel 2&#x0A;" type=""><![CDATA[/home/cjxu/npp/test/unit/nppi/nppi_geometry_transforms/test_nppi_copyConstBorder.cpp:95
Expected equality of these values:
  dstData[dstIdx]
    Which is: '\0'
  borderValues[c]
    Which is: '\xC8' (200)
Border value mismatch at (0,19) channel 2
]]></failure>
      <failure message="/home/cjxu/npp/test/unit/nppi/nppi_geometry_transforms/test_nppi_copyConstBorder.cpp:95&#x0A;Expected equality of these values:&#x0A;  dstData[dstIdx]&#x0A;    Which is: &apos;\0&apos;&#x0A;  borderValues[c]&#x0A;    Which is: &apos;d&apos; (100, 0x64)&#x0A;Border value mismatch at (1,19) channel 0&#x0A;" type=""><![CDATA[/home/cjxu/npp/test/unit/nppi/nppi_geometry_transforms/test_nppi_copyConstBorder.cpp:95
Expected equality of these values:
  dstData[dstIdx]
    Which is: '\0'
  borderValues[c]
    Which is: 'd' (100, 0x64)
Border value mismatch at (1,19) channel 0
]]></failure>
      <failure message="/home/cjxu/npp/test/unit/nppi/nppi_geometry_transforms/test_nppi_copyConstBorder.cpp:95&#x0A;Expected equality of these values:&#x0A;  dstData[dstIdx]&#x0A;    Which is: &apos;\0&apos;&#x0A;  borderValues[c]&#x0A;    Which is: &apos;\x96&apos; (150)&#x0A;Border value mismatch at (1,19) channel 1&#x0A;" type=""><![CDATA[/home/cjxu/npp/test/unit/nppi/nppi_geometry_transforms/test_nppi_copyConstBorder.cpp:95
Expected equality of these values:
  dstData[dstIdx]
    Which is: '\0'
  borderValues[c]
    Which is: '\x96' (150)
Border value mismatch at (1,19) channel 1
]]></failure>
      <failure message="/home/cjxu/npp/test/unit/nppi/nppi_geometry_transforms/test_nppi_copyConstBorder.cpp:95&#x0A;Expected equality of these values:&#x0A;  dstData[dstIdx]&#x0A;    Which is: &apos;\0&apos;&#x0A;  borderValues[c]&#x0A;    Which is: &apos;\xC8&apos; (200)&#x0A;Border value mismatch at (1,19) channel 2&#x0A;" type=""><![CDATA[/home/cjxu/npp/test/unit/nppi/nppi_geometry_transforms/test_nppi_copyConstBorder.cpp:95
Expected equality of these values:
  dstData[dstIdx]
    Which is: '\0'
  borderValues[c]
    Which is: '\xC8' (200)
Border value mismatch at (1,19) channel 2
]]></failure>
      <failure message="/home/cjxu/npp/test/unit/nppi/nppi_geometry_transforms/test_nppi_copyConstBorder.cpp:95&#x0A;Expected equality of these values:&#x0A;  dstData[dstIdx]&#x0A;    Which is: &apos;\0&apos;&#x0A;  borderValues[c]&#x0A;    Which is: &apos;d&apos; (100, 0x64)&#x0A;Border value mismatch at (2,19) channel 0&#x0A;" type=""><![CDATA[/home/cjxu/npp/test/unit/nppi/nppi_geometry_transforms/test_nppi_copyConstBorder.cpp:95
Expected equality of these values:
  dstData[dstIdx]
    Which is: '\0'
  borderValues[c]
    Which is: 'd' (100, 0x64)
Border value mismatch at (2,19) channel 0
]]></failure>
      <failure message="/home/cjxu/npp/test/unit/nppi/nppi_geometry_transforms/test_nppi_copyConstBorder.cpp:95&#x0A;Expected equality of these values:&#x0A;  dstData[dstIdx]&#x0A;    Which is: &apos;\0&apos;&#x0A;  borderValues[c]&#x0A;    Which is: &apos;\x96&apos; (150)&#x0A;Border value mismatch at (2,19) channel 1&#x0A;" type=""><![CDATA[/home/cjxu/npp/test/unit/nppi/nppi_geometry_transforms/test_nppi_copyConstBorder.cpp:95
Expected equality of these values:
  dstData[dstIdx]
    Which is: '\0'
  borderValues[c]
    Which is: '\x96' (150)
Border value mismatch at (2,19) channel 1
]]></failure>
      <failure message="/home/cjxu/npp/test/unit/nppi/nppi_geometry_transforms/test_nppi_copyConstBorder.cpp:95&#x0A;Expected equality of these values:&#x0A;  dstData[dstIdx]&#x0A;    Which is: &apos;\0&apos;&#x0A;  borderValues[c]&#x0A;    Which is: &apos;\xC8&apos; (200)&#x0A;Border value mismatch at (2,19) channel 2&#x0A;" type=""><![CDATA[/home/cjxu/npp/test/unit/nppi/nppi_geometry_transforms/test_nppi_copyConstBorder.cpp:95
Expected equality of these values:
  dstData[dstIdx]
    Which is: '\0'
  borderValues[c]
    Which is: '\xC8' (200)
Border value mismatch at (2,19) channel 2
]]></failure>
      <failure message="/home/cjxu/npp/test/unit/nppi/nppi_geometry_transforms/test_nppi_copyConstBorder.cpp:95&#x0A;Expected equality of these values:&#x0A;  dstData[dstIdx]&#x0A;    Which is: &apos;\0&apos;&#x0A;  borderValues[c]&#x0A;    Which is: &apos;d&apos; (100, 0x64)&#x0A;Border value mismatch at (3,19) channel 0&#x0A;" type=""><![CDATA[/home/cjxu/npp/test/unit/nppi/nppi_geometry_transforms/test_nppi_copyConstBorder.cpp:95
Expected equality of these values:
  dstData[dstIdx]
    Which is: '\0'
  borderValues[c]
    Which is: 'd' (100, 0x64)
Border value mismatch at (3,19) channel 0
]]></failure>
      <failure message="/home/cjxu/npp/test/unit/nppi/nppi_geometry_transforms/test_nppi_copyConstBorder.cpp:95&#x0A;Expected equality of these values:&#x0A;  dstData[dstIdx]&#x0A;    Which is: &apos;\0&apos;&#x0A;  borderValues[c]&#x0A;    Which is: &apos;\x96&apos; (150)&#x0A;Border value mismatch at (3,19) channel 1&#x0A;" type=""><![CDATA[/home/cjxu/npp/test/unit/nppi/nppi_geometry_transforms/test_nppi_copyConstBorder.cpp:95
Expected equality of these values:
  dstData[dstIdx]
    Which is: '\0'
  borderValues[c]
    Which is: '\x96' (150)
Border value mismatch at (3,19) channel 1
]]></failure>
      <failure message="/home/cjxu/npp/test/unit/nppi/nppi_geometry_transforms/test_nppi_copyConstBorder.cpp:95&#x0A;Expected equality of these values:&#x0A;  dstData[dstIdx]&#x0A;    Which is: &apos;\0&apos;&#x0A;  borderValues[c]&#x0A;    Which is: &apos;\xC8&apos; (200)&#x0A;Border value mismatch at (3,19) channel 2&#x0A;" type=""><![CDATA[/home/cjxu/npp/test/unit/nppi/nppi_geometry_transforms/test_nppi_copyConstBorder.cpp:95
Expected equality of these values:
  dstData[dstIdx]
    Which is: '\0'
  borderValues[c]
    Which is: '\xC8' (200)
Border value mismatch at (3,19) channel 2
]]></failure>
      <failure message="/home/cjxu/npp/test/unit/nppi/nppi_geometry_transforms/test_nppi_copyConstBorder.cpp:95&#x0A;Expected equality of these values:&#x0A;  dstData[dstIdx]&#x0A;    Which is: &apos;\0&apos;&#x0A;  borderValues[c]&#x0A;    Which is: &apos;d&apos; (100, 0x64)&#x0A;Border value mismatch at (4,19) channel 0&#x0A;" type=""><![CDATA[/home/cjxu/npp/test/unit/nppi/nppi_geometry_transforms/test_nppi_copyConstBorder.cpp:95
Expected equality of these values:
  dstData[dstIdx]
    Which is: '\0'
  borderValues[c]
    Which is: 'd' (100, 0x64)
Border value mismatch at (4,19) channel 0
]]></failure>
      <failure message="/home/cjxu/npp/test/unit/nppi/nppi_geometry_transforms/test_nppi_copyConstBorder.cpp:95&#x0A;Expected equality of these values:&#x0A;  dstData[dstIdx]&#x0A;    Which is: &apos;\0&apos;&#x0A;  borderValues[c]&#x0A;    Which is: &apos;\x96&apos; (150)&#x0A;Border value mismatch at (4,19) channel 1&#x0A;" type=""><![CDATA[/home/cjxu/npp/test/unit/nppi/nppi_geometry_transforms/test_nppi_copyConstBorder.cpp:95
Expected equality of these values:
  dstData[dstIdx]
    Which is: '\0'
  borderValues[c]
    Which is: '\x96' (150)
Border value mismatch at (4,19) channel 1
]]></failure>
      <failure message="/home/cjxu/npp/test/unit/nppi/nppi_geometry_transforms/test_nppi_copyConstBorder.cpp:95&#x0A;Expected equality of these values:&#x0A;  dstData[dstIdx]&#x0A;    Which is: &apos;\0&apos;&#x0A;  borderValues[c]&#x0A;    Which is: &apos;\xC8&apos; (200)&#x0A;Border value mismatch at (4,19) channel 2&#x0A;" type=""><![CDATA[/home/cjxu/npp/test/unit/nppi/nppi_geometry_transforms/test_nppi_copyConstBorder.cpp:95
Expected equality of these values:
  dstData[dstIdx]
    Which is: '\0'
  borderValues[c]
    Which is: '\xC8' (200)
Border value mismatch at (4,19) channel 2
]]></failure>
      <failure message="/home/cjxu/npp/test/unit/nppi/nppi_geometry_transforms/test_nppi_copyConstBorder.cpp:95&#x0A;Expected equality of these values:&#x0A;  dstData[dstIdx]&#x0A;    Which is: &apos;\0&apos;&#x0A;  borderValues[c]&#x0A;    Which is: &apos;d&apos; (100, 0x64)&#x0A;Border value mismatch at (5,19) channel 0&#x0A;" type=""><![CDATA[/home/cjxu/npp/test/unit/nppi/nppi_geometry_transforms/test_nppi_copyConstBorder.cpp:95
Expected equality of these values:
  dstData[dstIdx]
    Which is: '\0'
  borderValues[c]
    Which is: 'd' (100, 0x64)
Border value mismatch at (5,19) channel 0
]]></failure>
      <failure message="/home/cjxu/npp/test/unit/nppi/nppi_geometry_transforms/test_nppi_copyConstBorder.cpp:95&#x0A;Expected equality of these values:&#x0A;  dstData[dstIdx]&#x0A;    Which is: &apos;\0&apos;&#x0A;  borderValues[c]&#x0A;    Which is: &apos;\x96&apos; (150)&#x0A;Border value mismatch at (5,19) channel 1&#x0A;" type=""><![CDATA[/home/cjxu/npp/test/unit/nppi/nppi_geometry_transforms/test_nppi_copyConstBorder.cpp:95
Expected equality of these values:
  dstData[dstIdx]
    Which is: '\0'
  borderValues[c]
    Which is: '\x96' (150)
Border value mismatch at (5,19) channel 1
]]></failure>
      <failure message="/home/cjxu/npp/test/unit/nppi/nppi_geometry_transforms/test_nppi_copyConstBorder.cpp:95&#x0A;Expected equality of these values:&#x0A;  dstData[dstIdx]&#x0A;    Which is: &apos;\0&apos;&#x0A;  borderValues[c]&#x0A;    Which is: &apos;\xC8&apos; (200)&#x0A;Border value mismatch at (5,19) channel 2&#x0A;" type=""><![CDATA[/home/cjxu/npp/test/unit/nppi/nppi_geometry_transforms/test_nppi_copyConstBorder.cpp:95
Expected equality of these values:
  dstData[dstIdx]
    Which is: '\0'
  borderValues[c]
    Which is: '\xC8' (200)
Border value mismatch at (5,19) channel 2
]]></failure>
      <failure message="/home/cjxu/npp/test/unit/nppi/nppi_geometry_transforms/test_nppi_copyConstBorder.cpp:95&#x0A;Expected equality of these values:&#x0A;  dstData[dstIdx]&#x0A;    Which is: &apos;\0&apos;&#x0A;  borderValues[c]&#x0A;    Which is: &apos;d&apos; (100, 0x64)&#x0A;Border value mismatch at (6,19) channel 0&#x0A;" type=""><![CDATA[/home/cjxu/npp/test/unit/nppi/nppi_geometry_transforms/test_nppi_copyConstBorder.cpp:95
Expected equality of these values:
  dstData[dstIdx]
    Which is: '\0'
  borderValues[c]
    Which is: 'd' (100, 0x64)
Border value mismatch at (6,19) channel 0
]]></failure>
      <failure message="/home/cjxu/npp/test/unit/nppi/nppi_geometry_transforms/test_nppi_copyConstBorder.cpp:95&#x0A;Expected equality of these values:&#x0A;  dstData[dstIdx]&#x0A;    Which is: &apos;\0&apos;&#x0A;  borderValues[c]&#x0A;    Which is: &apos;\x96&apos; (150)&#x0A;Border value mismatch at (6,19) channel 1&#x0A;" type=""><![CDATA[/home/cjxu/npp/test/unit/nppi/nppi_geometry_transforms/test_nppi_copyConstBorder.cpp:95
Expected equality of these values:
  dstData[dstIdx]
    Which is: '\0'
  borderValues[c]
    Which is: '\x96' (150)
Border value mismatch at (6,19) channel 1
]]></failure>
      <failure message="/home/cjxu/npp/test/unit/nppi/nppi_geometry_transforms/test_nppi_copyConstBorder.cpp:95&#x0A;Expected equality of these values:&#x0A;  dstData[dstIdx]&#x0A;    Which is: &apos;\0&apos;&#x0A;  borderValues[c]&#x0A;    Which is: &apos;\xC8&apos; (200)&#x0A;Border value mismatch at (6,19) channel 2&#x0A;" type=""><![CDATA[/home/cjxu/npp/test/unit/nppi/nppi_geometry_transforms/test_nppi_copyConstBorder.cpp:95
Expected equality of these values:
  dstData[dstIdx]
    Which is: '\0'
  borderValues[c]
    Which is: '\xC8' (200)
Border value mismatch at (6,19) channel 2
]]></failure>
      <failure message="/home/cjxu/npp/test/unit/nppi/nppi_geometry_transforms/test_nppi_copyConstBorder.cpp:95&#x0A;Expected equality of these values:&#x0A;  dstData[dstIdx]&#x0A;    Which is: &apos;\0&apos;&#x0A;  borderValues[c]&#x0A;    Which is: &apos;d&apos; (100, 0x64)&#x0A;Border value mismatch at (7,19) channel 0&#x0A;" type=""><![CDATA[/home/cjxu/npp/test/unit/nppi/nppi_geometry_transforms/test_nppi_copyConstBorder.cpp:95
Expected equality of these values:
  dstData[dstIdx]
    Which is: '\0'
  borderValues[c]
    Which is: 'd' (100, 0x64)
Border value mismatch at (7,19) channel 0
]]></failure>
      <failure message="/home/cjxu/npp/test/unit/nppi/nppi_geometry_transforms/test_nppi_copyConstBorder.cpp:95&#x0A;Expected equality of these values:&#x0A;  dstData[dstIdx]&#x0A;    Which is: &apos;\0&apos;&#x0A;  borderValues[c]&#x0A;    Which is: &apos;\x96&apos; (150)&#x0A;Border value mismatch at (7,19) channel 1&#x0A;" type=""><![CDATA[/home/cjxu/npp/test/unit/nppi/nppi_geometry_transforms/test_nppi_copyConstBorder.cpp:95
Expected equality of these values:
  dstData[dstIdx]
    Which is: '\0'
  borderValues[c]
    Which is: '\x96' (150)
Border value mismatch at (7,19) channel 1
]]></failure>
      <failure message="/home/cjxu/npp/test/unit/nppi/nppi_geometry_transforms/test_nppi_copyConstBorder.cpp:95&#x0A;Expected equality of these values:&#x0A;  dstData[dstIdx]&#x0A;    Which is: &apos;\0&apos;&#x0A;  borderValues[c]&#x0A;    Which is: &apos;\xC8&apos; (200)&#x0A;Border value mismatch at (7,19) channel 2&#x0A;" type=""><![CDATA[/home/cjxu/npp/test/unit/nppi/nppi_geometry_transforms/test_nppi_copyConstBorder.cpp:95
Expected equality of these values:
  dstData[dstIdx]
    Which is: '\0'
  borderValues[c]
    Which is: '\xC8' (200)
Border value mismatch at (7,19) channel 2
]]></failure>
      <failure message="/home/cjxu/npp/test/unit/nppi/nppi_geometry_transforms/test_nppi_copyConstBorder.cpp:95&#x0A;Expected equality of these values:&#x0A;  dstData[dstIdx]&#x0A;    Which is: &apos;\0&apos;&#x0A;  borderValues[c]&#x0A;    Which is: &apos;d&apos; (100, 0x64)&#x0A;Border value mismatch at (8,19) channel 0&#x0A;" type=""><![CDATA[/home/cjxu/npp/test/unit/nppi/nppi_geometry_transforms/test_nppi_copyConstBorder.cpp:95
Expected equality of these values:
  dstData[dstIdx]
    Which is: '\0'
  borderValues[c]
    Which is: 'd' (100, 0x64)
Border value mismatch at (8,19) channel 0
]]></failure>
      <failure message="/home/cjxu/npp/test/unit/nppi/nppi_geometry_transforms/test_nppi_copyConstBorder.cpp:95&#x0A;Expected equality of these values:&#x0A;  dstData[dstIdx]&#x0A;    Which is: &apos;\0&apos;&#x0A;  borderValues[c]&#x0A;    Which is: &apos;\x96&apos; (150)&#x0A;Border value mismatch at (8,19) channel 1&#x0A;" type=""><![CDATA[/home/cjxu/npp/test/unit/nppi/nppi_geometry_transforms/test_nppi_copyConstBorder.cpp:95
Expected equality of these values:
  dstData[dstIdx]
    Which is: '\0'
  borderValues[c]
    Which is: '\x96' (150)
Border value mismatch at (8,19) channel 1
]]></failure>
      <failure message="/home/cjxu/npp/test/unit/nppi/nppi_geometry_transforms/test_nppi_copyConstBorder.cpp:95&#x0A;Expected equality of these values:&#x0A;  dstData[dstIdx]&#x0A;    Which is: &apos;\0&apos;&#x0A;  borderValues[c]&#x0A;    Which is: &apos;\xC8&apos; (200)&#x0A;Border value mismatch at (8,19) channel 2&#x0A;" type=""><![CDATA[/home/cjxu/npp/test/unit/nppi/nppi_geometry_transforms/test_nppi_copyConstBorder.cpp:95
Expected equality of these values:
  dstData[dstIdx]
    Which is: '\0'
  borderValues[c]
    Which is: '\xC8' (200)
Border value mismatch at (8,19) channel 2
]]></failure>
      <failure message="/home/cjxu/npp/test/unit/nppi/nppi_geometry_transforms/test_nppi_copyConstBorder.cpp:95&#x0A;Expected equality of these values:&#x0A;  dstData[dstIdx]&#x0A;    Which is: &apos;\0&apos;&#x0A;  borderValues[c]&#x0A;    Which is: &apos;d&apos; (100, 0x64)&#x0A;Border value mismatch at (9,19) channel 0&#x0A;" type=""><![CDATA[/home/cjxu/npp/test/unit/nppi/nppi_geometry_transforms/test_nppi_copyConstBorder.cpp:95
Expected equality of these values:
  dstData[dstIdx]
    Which is: '\0'
  borderValues[c]
    Which is: 'd' (100, 0x64)
Border value mismatch at (9,19) channel 0
]]></failure>
      <failure message="/home/cjxu/npp/test/unit/nppi/nppi_geometry_transforms/test_nppi_copyConstBorder.cpp:95&#x0A;Expected equality of these values:&#x0A;  dstData[dstIdx]&#x0A;    Which is: &apos;\0&apos;&#x0A;  borderValues[c]&#x0A;    Which is: &apos;\x96&apos; (150)&#x0A;Border value mismatch at (9,19) channel 1&#x0A;" type=""><![CDATA[/home/cjxu/npp/test/unit/nppi/nppi_geometry_transforms/test_nppi_copyConstBorder.cpp:95
Expected equality of these values:
  dstData[dstIdx]
    Which is: '\0'
  borderValues[c]
    Which is: '\x96' (150)
Border value mismatch at (9,19) channel 1
]]></failure>
      <failure message="/home/cjxu/npp/test/unit/nppi/nppi_geometry_transforms/test_nppi_copyConstBorder.cpp:95&#x0A;Expected equality of these values:&#x0A;  dstData[dstIdx]&#x0A;    Which is: &apos;\0&apos;&#x0A;  borderValues[c]&#x0A;    Which is: &apos;\xC8&apos; (200)&#x0A;Border value mismatch at (9,19) channel 2&#x0A;" type=""><![CDATA[/home/cjxu/npp/test/unit/nppi/nppi_geometry_transforms/test_nppi_copyConstBorder.cpp:95
Expected equality of these values:
  dstData[dstIdx]
    Which is: '\0'
  borderValues[c]
    Which is: '\xC8' (200)
Border value mismatch at (9,19) channel 2
]]></failure>
      <failure message="/home/cjxu/npp/test/unit/nppi/nppi_geometry_transforms/test_nppi_copyConstBorder.cpp:95&#x0A;Expected equality of these values:&#x0A;  dstData[dstIdx]&#x0A;    Which is: &apos;\0&apos;&#x0A;  borderValues[c]&#x0A;    Which is: &apos;d&apos; (100, 0x64)&#x0A;Border value mismatch at (10,19) channel 0&#x0A;" type=""><![CDATA[/home/cjxu/npp/test/unit/nppi/nppi_geometry_transforms/test_nppi_copyConstBorder.cpp:95
Expected equality of these values:
  dstData[dstIdx]
    Which is: '\0'
  borderValues[c]
    Which is: 'd' (100, 0x64)
Border value mismatch at (10,19) channel 0
]]></failure>
      <failure message="/home/cjxu/npp/test/unit/nppi/nppi_geometry_transforms/test_nppi_copyConstBorder.cpp:95&#x0A;Expected equality of these values:&#x0A;  dstData[dstIdx]&#x0A;    Which is: &apos;\0&apos;&#x0A;  borderValues[c]&#x0A;    Which is: &apos;\x96&apos; (150)&#x0A;Border value mismatch at (10,19) channel 1&#x0A;" type=""><![CDATA[/home/cjxu/npp/test/unit/nppi/nppi_geometry_transforms/test_nppi_copyConstBorder.cpp:95
Expected equality of these values:
  dstData[dstIdx]
    Which is: '\0'
  borderValues[c]
    Which is: '\x96' (150)
Border value mismatch at (10,19) channel 1
]]></failure>
      <failure message="/home/cjxu/npp/test/unit/nppi/nppi_geometry_transforms/test_nppi_copyConstBorder.cpp:95&#x0A;Expected equality of these values:&#x0A;  dstData[dstIdx]&#x0A;    Which is: &apos;\0&apos;&#x0A;  borderValues[c]&#x0A;    Which is: &apos;\xC8&apos; (200)&#x0A;Border value mismatch at (10,19) channel 2&#x0A;" type=""><![CDATA[/home/cjxu/npp/test/unit/nppi/nppi_geometry_transforms/test_nppi_copyConstBorder.cpp:95
Expected equality of these values:
  dstData[dstIdx]
    Which is: '\0'
  borderValues[c]
    Which is: '\xC8' (200)
Border value mismatch at (10,19) channel 2
]]></failure>
      <failure message="/home/cjxu/npp/test/unit/nppi/nppi_geometry_transforms/test_nppi_copyConstBorder.cpp:95&#x0A;Expected equality of these values:&#x0A;  dstData[dstIdx]&#x0A;    Which is: &apos;\0&apos;&#x0A;  borderValues[c]&#x0A;    Which is: &apos;d&apos; (100, 0x64)&#x0A;Border value mismatch at (11,19) channel 0&#x0A;" type=""><![CDATA[/home/cjxu/npp/test/unit/nppi/nppi_geometry_transforms/test_nppi_copyConstBorder.cpp:95
Expected equality of these values:
  dstData[dstIdx]
    Which is: '\0'
  borderValues[c]
    Which is: 'd' (100, 0x64)
Border value mismatch at (11,19) channel 0
]]></failure>
      <failure message="/home/cjxu/npp/test/unit/nppi/nppi_geometry_transforms/test_nppi_copyConstBorder.cpp:95&#x0A;Expected equality of these values:&#x0A;  dstData[dstIdx]&#x0A;    Which is: &apos;\0&apos;&#x0A;  borderValues[c]&#x0A;    Which is: &apos;\x96&apos; (150)&#x0A;Border value mismatch at (11,19) channel 1&#x0A;" type=""><![CDATA[/home/cjxu/npp/test/unit/nppi/nppi_geometry_transforms/test_nppi_copyConstBorder.cpp:95
Expected equality of these values:
  dstData[dstIdx]
    Which is: '\0'
  borderValues[c]
    Which is: '\x96' (150)
Border value mismatch at (11,19) channel 1
]]></failure>
      <failure message="/home/cjxu/npp/test/unit/nppi/nppi_geometry_transforms/test_nppi_copyConstBorder.cpp:95&#x0A;Expected equality of these values:&#x0A;  dstData[dstIdx]&#x0A;    Which is: &apos;\0&apos;&#x0A;  borderValues[c]&#x0A;    Which is: &apos;\xC8&apos; (200)&#x0A;Border value mismatch at (11,19) channel 2&#x0A;" type=""><![CDATA[/home/cjxu/npp/test/unit/nppi/nppi_geometry_transforms/test_nppi_copyConstBorder.cpp:95
Expected equality of these values:
  dstData[dstIdx]
    Which is: '\0'
  borderValues[c]
    Which is: '\xC8' (200)
Border value mismatch at (11,19) channel 2
]]></failure>
      <failure message="/home/cjxu/npp/test/unit/nppi/nppi_geometry_transforms/test_nppi_copyConstBorder.cpp:95&#x0A;Expected equality of these values:&#x0A;  dstData[dstIdx]&#x0A;    Which is: &apos;\0&apos;&#x0A;  borderValues[c]&#x0A;    Which is: &apos;d&apos; (100, 0x64)&#x0A;Border value mismatch at (12,19) channel 0&#x0A;" type=""><![CDATA[/home/cjxu/npp/test/unit/nppi/nppi_geometry_transforms/test_nppi_copyConstBorder.cpp:95
Expected equality of these values:
  dstData[dstIdx]
    Which is: '\0'
  borderValues[c]
    Which is: 'd' (100, 0x64)
Border value mismatch at (12,19) channel 0
]]></failure>
      <failure message="/home/cjxu/npp/test/unit/nppi/nppi_geometry_transforms/test_nppi_copyConstBorder.cpp:95&#x0A;Expected equality of these values:&#x0A;  dstData[dstIdx]&#x0A;    Which is: &apos;\0&apos;&#x0A;  borderValues[c]&#x0A;    Which is: &apos;\x96&apos; (150)&#x0A;Border value mismatch at (12,19) channel 1&#x0A;" type=""><![CDATA[/home/cjxu/npp/test/unit/nppi/nppi_geometry_transforms/test_nppi_copyConstBorder.cpp:95
Expected equality of these values:
  dstData[dstIdx]
    Which is: '\0'
  borderValues[c]
    Which is: '\x96' (150)
Border value mismatch at (12,19) channel 1
]]></failure>
      <failure message="/home/cjxu/npp/test/unit/nppi/nppi_geometry_transforms/test_nppi_copyConstBorder.cpp:95&#x0A;Expected equality of these values:&#x0A;  dstData[dstIdx]&#x0A;    Which is: &apos;\0&apos;&#x0A;  borderValues[c]&#x0A;    Which is: &apos;\xC8&apos; (200)&#x0A;Border value mismatch at (12,19) channel 2&#x0A;" type=""><![CDATA[/home/cjxu/npp/test/unit/nppi/nppi_geometry_transforms/test_nppi_copyConstBorder.cpp:95
Expected equality of these values:
  dstData[dstIdx]
    Which is: '\0'
  borderValues[c]
    Which is: '\xC8' (200)
Border value mismatch at (12,19) channel 2
]]></failure>
      <failure message="/home/cjxu/npp/test/unit/nppi/nppi_geometry_transforms/test_nppi_copyConstBorder.cpp:95&#x0A;Expected equality of these values:&#x0A;  dstData[dstIdx]&#x0A;    Which is: &apos;\0&apos;&#x0A;  borderValues[c]&#x0A;    Which is: &apos;d&apos; (100, 0x64)&#x0A;Border value mismatch at (13,19) channel 0&#x0A;" type=""><![CDATA[/home/cjxu/npp/test/unit/nppi/nppi_geometry_transforms/test_nppi_copyConstBorder.cpp:95
Expected equality of these values:
  dstData[dstIdx]
    Which is: '\0'
  borderValues[c]
    Which is: 'd' (100, 0x64)
Border value mismatch at (13,19) channel 0
]]></failure>
      <failure message="/home/cjxu/npp/test/unit/nppi/nppi_geometry_transforms/test_nppi_copyConstBorder.cpp:95&#x0A;Expected equality of these values:&#x0A;  dstData[dstIdx]&#x0A;    Which is: &apos;\0&apos;&#x0A;  borderValues[c]&#x0A;    Which is: &apos;\x96&apos; (150)&#x0A;Border value mismatch at (13,19) channel 1&#x0A;" type=""><![CDATA[/home/cjxu/npp/test/unit/nppi/nppi_geometry_transforms/test_nppi_copyConstBorder.cpp:95
Expected equality of these values:
  dstData[dstIdx]
    Which is: '\0'
  borderValues[c]
    Which is: '\x96' (150)
Border value mismatch at (13,19) channel 1
]]></failure>
      <failure message="/home/cjxu/npp/test/unit/nppi/nppi_geometry_transforms/test_nppi_copyConstBorder.cpp:95&#x0A;Expected equality of these values:&#x0A;  dstData[dstIdx]&#x0A;    Which is: &apos;\0&apos;&#x0A;  borderValues[c]&#x0A;    Which is: &apos;\xC8&apos; (200)&#x0A;Border value mismatch at (13,19) channel 2&#x0A;" type=""><![CDATA[/home/cjxu/npp/test/unit/nppi/nppi_geometry_transforms/test_nppi_copyConstBorder.cpp:95
Expected equality of these values:
  dstData[dstIdx]
    Which is: '\0'
  borderValues[c]
    Which is: '\xC8' (200)
Border value mismatch at (13,19) channel 2
]]></failure>
      <failure message="/home/cjxu/npp/test/unit/nppi/nppi_geometry_transforms/test_nppi_copyConstBorder.cpp:95&#x0A;Expected equality of these values:&#x0A;  dstData[dstIdx]&#x0A;    Which is: &apos;\0&apos;&#x0A;  borderValues[c]&#x0A;    Which is: &apos;d&apos; (100, 0x64)&#x0A;Border value mismatch at (14,19) channel 0&#x0A;" type=""><![CDATA[/home/cjxu/npp/test/unit/nppi/nppi_geometry_transforms/test_nppi_copyConstBorder.cpp:95
Expected equality of these values:
  dstData[dstIdx]
    Which is: '\0'
  borderValues[c]
    Which is: 'd' (100, 0x64)
Border value mismatch at (14,19) channel 0
]]></failure>
      <failure message="/home/cjxu/npp/test/unit/nppi/nppi_geometry_transforms/test_nppi_copyConstBorder.cpp:95&#x0A;Expected equality of these values:&#x0A;  dstData[dstIdx]&#x0A;    Which is: &apos;\0&apos;&#x0A;  borderValues[c]&#x0A;    Which is: &apos;\x96&apos; (150)&#x0A;Border value mismatch at (14,19) channel 1&#x0A;" type=""><![CDATA[/home/cjxu/npp/test/unit/nppi/nppi_geometry_transforms/test_nppi_copyConstBorder.cpp:95
Expected equality of these values:
  dstData[dstIdx]
    Which is: '\0'
  borderValues[c]
    Which is: '\x96' (150)
Border value mismatch at (14,19) channel 1
]]></failure>
      <failure message="/home/cjxu/npp/test/unit/nppi/nppi_geometry_transforms/test_nppi_copyConstBorder.cpp:95&#x0A;Expected equality of these values:&#x0A;  dstData[dstIdx]&#x0A;    Which is: &apos;\0&apos;&#x0A;  borderValues[c]&#x0A;    Which is: &apos;\xC8&apos; (200)&#x0A;Border value mismatch at (14,19) channel 2&#x0A;" type=""><![CDATA[/home/cjxu/npp/test/unit/nppi/nppi_geometry_transforms/test_nppi_copyConstBorder.cpp:95
Expected equality of these values:
  dstData[dstIdx]
    Which is: '\0'
  borderValues[c]
    Which is: '\xC8' (200)
Border value mismatch at (14,19) channel 2
]]></failure>
      <failure message="/home/cjxu/npp/test/unit/nppi/nppi_geometry_transforms/test_nppi_copyConstBorder.cpp:95&#x0A;Expected equality of these values:&#x0A;  dstData[dstIdx]&#x0A;    Which is: &apos;\0&apos;&#x0A;  borderValues[c]&#x0A;    Which is: &apos;d&apos; (100, 0x64)&#x0A;Border value mismatch at (15,19) channel 0&#x0A;" type=""><![CDATA[/home/cjxu/npp/test/unit/nppi/nppi_geometry_transforms/test_nppi_copyConstBorder.cpp:95
Expected equality of these values:
  dstData[dstIdx]
    Which is: '\0'
  borderValues[c]
    Which is: 'd' (100, 0x64)
Border value mismatch at (15,19) channel 0
]]></failure>
      <failure message="/home/cjxu/npp/test/unit/nppi/nppi_geometry_transforms/test_nppi_copyConstBorder.cpp:95&#x0A;Expected equality of these values:&#x0A;  dstData[dstIdx]&#x0A;    Which is: &apos;\0&apos;&#x0A;  borderValues[c]&#x0A;    Which is: &apos;\x96&apos; (150)&#x0A;Border value mismatch at (15,19) channel 1&#x0A;" type=""><![CDATA[/home/cjxu/npp/test/unit/nppi/nppi_geometry_transforms/test_nppi_copyConstBorder.cpp:95
Expected equality of these values:
  dstData[dstIdx]
    Which is: '\0'
  borderValues[c]
    Which is: '\x96' (150)
Border value mismatch at (15,19) channel 1
]]></failure>
      <failure message="/home/cjxu/npp/test/unit/nppi/nppi_geometry_transforms/test_nppi_copyConstBorder.cpp:95&#x0A;Expected equality of these values:&#x0A;  dstData[dstIdx]&#x0A;    Which is: &apos;\0&apos;&#x0A;  borderValues[c]&#x0A;    Which is: &apos;\xC8&apos; (200)&#x0A;Border value mismatch at (15,19) channel 2&#x0A;" type=""><![CDATA[/home/cjxu/npp/test/unit/nppi/nppi_geometry_transforms/test_nppi_copyConstBorder.cpp:95
Expected equality of these values:
  dstData[dstIdx]
    Which is: '\0'
  borderValues[c]
    Which is: '\xC8' (200)
Border value mismatch at (15,19) channel 2
]]></failure>
      <failure message="/home/cjxu/npp/test/unit/nppi/nppi_geometry_transforms/test_nppi_copyConstBorder.cpp:95&#x0A;Expected equality of these values:&#x0A;  dstData[dstIdx]&#x0A;    Which is: &apos;\0&apos;&#x0A;  borderValues[c]&#x0A;    Which is: &apos;d&apos; (100, 0x64)&#x0A;Border value mismatch at (16,19) channel 0&#x0A;" type=""><![CDATA[/home/cjxu/npp/test/unit/nppi/nppi_geometry_transforms/test_nppi_copyConstBorder.cpp:95
Expected equality of these values:
  dstData[dstIdx]
    Which is: '\0'
  borderValues[c]
    Which is: 'd' (100, 0x64)
Border value mismatch at (16,19) channel 0
]]></failure>
      <failure message="/home/cjxu/npp/test/unit/nppi/nppi_geometry_transforms/test_nppi_copyConstBorder.cpp:95&#x0A;Expected equality of these values:&#x0A;  dstData[dstIdx]&#x0A;    Which is: &apos;\0&apos;&#x0A;  borderValues[c]&#x0A;    Which is: &apos;\x96&apos; (150)&#x0A;Border value mismatch at (16,19) channel 1&#x0A;" type=""><![CDATA[/home/cjxu/npp/test/unit/nppi/nppi_geometry_transforms/test_nppi_copyConstBorder.cpp:95
Expected equality of these values:
  dstData[dstIdx]
    Which is: '\0'
  borderValues[c]
    Which is: '\x96' (150)
Border value mismatch at (16,19) channel 1
]]></failure>
      <failure message="/home/cjxu/npp/test/unit/nppi/nppi_geometry_transforms/test_nppi_copyConstBorder.cpp:95&#x0A;Expected equality of these values:&#x0A;  dstData[dstIdx]&#x0A;    Which is: &apos;\0&apos;&#x0A;  borderValues[c]&#x0A;    Which is: &apos;\xC8&apos; (200)&#x0A;Border value mismatch at (16,19) channel 2&#x0A;" type=""><![CDATA[/home/cjxu/npp/test/unit/nppi/nppi_geometry_transforms/test_nppi_copyConstBorder.cpp:95
Expected equality of these values:
  dstData[dstIdx]
    Which is: '\0'
  borderValues[c]
    Which is: '\xC8' (200)
Border value mismatch at (16,19) channel 2
]]></failure>
      <failure message="/home/cjxu/npp/test/unit/nppi/nppi_geometry_transforms/test_nppi_copyConstBorder.cpp:95&#x0A;Expected equality of these values:&#x0A;  dstData[dstIdx]&#x0A;    Which is: &apos;\0&apos;&#x0A;  borderValues[c]&#x0A;    Which is: &apos;d&apos; (100, 0x64)&#x0A;Border value mismatch at (17,19) channel 0&#x0A;" type=""><![CDATA[/home/cjxu/npp/test/unit/nppi/nppi_geometry_transforms/test_nppi_copyConstBorder.cpp:95
Expected equality of these values:
  dstData[dstIdx]
    Which is: '\0'
  borderValues[c]
    Which is: 'd' (100, 0x64)
Border value mismatch at (17,19) channel 0
]]></failure>
      <failure message="/home/cjxu/npp/test/unit/nppi/nppi_geometry_transforms/test_nppi_copyConstBorder.cpp:95&#x0A;Expected equality of these values:&#x0A;  dstData[dstIdx]&#x0A;    Which is: &apos;\0&apos;&#x0A;  borderValues[c]&#x0A;    Which is: &apos;\x96&apos; (150)&#x0A;Border value mismatch at (17,19) channel 1&#x0A;" type=""><![CDATA[/home/cjxu/npp/test/unit/nppi/nppi_geometry_transforms/test_nppi_copyConstBorder.cpp:95
Expected equality of these values:
  dstData[dstIdx]
    Which is: '\0'
  borderValues[c]
    Which is: '\x96' (150)
Border value mismatch at (17,19) channel 1
]]></failure>
      <failure message="/home/cjxu/npp/test/unit/nppi/nppi_geometry_transforms/test_nppi_copyConstBorder.cpp:95&#x0A;Expected equality of these values:&#x0A;  dstData[dstIdx]&#x0A;    Which is: &apos;\0&apos;&#x0A;  borderValues[c]&#x0A;    Which is: &apos;\xC8&apos; (200)&#x0A;Border value mismatch at (17,19) channel 2&#x0A;" type=""><![CDATA[/home/cjxu/npp/test/unit/nppi/nppi_geometry_transforms/test_nppi_copyConstBorder.cpp:95
Expected equality of these values:
  dstData[dstIdx]
    Which is: '\0'
  borderValues[c]
    Which is: '\xC8' (200)
Border value mismatch at (17,19) channel 2
]]></failure>
      <failure message="/home/cjxu/npp/test/unit/nppi/nppi_geometry_transforms/test_nppi_copyConstBorder.cpp:95&#x0A;Expected equality of these values:&#x0A;  dstData[dstIdx]&#x0A;    Which is: &apos;\0&apos;&#x0A;  borderValues[c]&#x0A;    Which is: &apos;d&apos; (100, 0x64)&#x0A;Border value mismatch at (18,19) channel 0&#x0A;" type=""><![CDATA[/home/cjxu/npp/test/unit/nppi/nppi_geometry_transforms/test_nppi_copyConstBorder.cpp:95
Expected equality of these values:
  dstData[dstIdx]
    Which is: '\0'
  borderValues[c]
    Which is: 'd' (100, 0x64)
Border value mismatch at (18,19) channel 0
]]></failure>
      <failure message="/home/cjxu/npp/test/unit/nppi/nppi_geometry_transforms/test_nppi_copyConstBorder.cpp:95&#x0A;Expected equality of these values:&#x0A;  dstData[dstIdx]&#x0A;    Which is: &apos;\0&apos;&#x0A;  borderValues[c]&#x0A;    Which is: &apos;\x96&apos; (150)&#x0A;Border value mismatch at (18,19) channel 1&#x0A;" type=""><![CDATA[/home/cjxu/npp/test/unit/nppi/nppi_geometry_transforms/test_nppi_copyConstBorder.cpp:95
Expected equality of these values:
  dstData[dstIdx]
    Which is: '\0'
  borderValues[c]
    Which is: '\x96' (150)
Border value mismatch at (18,19) channel 1
]]></failure>
      <failure message="/home/cjxu/npp/test/unit/nppi/nppi_geometry_transforms/test_nppi_copyConstBorder.cpp:95&#x0A;Expected equality of these values:&#x0A;  dstData[dstIdx]&#x0A;    Which is: &apos;\0&apos;&#x0A;  borderValues[c]&#x0A;    Which is: &apos;\xC8&apos; (200)&#x0A;Border value mismatch at (18,19) channel 2&#x0A;" type=""><![CDATA[/home/cjxu/npp/test/unit/nppi/nppi_geometry_transforms/test_nppi_copyConstBorder.cpp:95
Expected equality of these values:
  dstData[dstIdx]
    Which is: '\0'
  borderValues[c]
    Which is: '\xC8' (200)
Border value mismatch at (18,19) channel 2
]]></failure>
      <failure message="/home/cjxu/npp/test/unit/nppi/nppi_geometry_transforms/test_nppi_copyConstBorder.cpp:95&#x0A;Expected equality of these values:&#x0A;  dstData[dstIdx]&#x0A;    Which is: &apos;\0&apos;&#x0A;  borderValues[c]&#x0A;    Which is: &apos;d&apos; (100, 0x64)&#x0A;Border value mismatch at (19,19) channel 0&#x0A;" type=""><![CDATA[/home/cjxu/npp/test/unit/nppi/nppi_geometry_transforms/test_nppi_copyConstBorder.cpp:95
Expected equality of these values:
  dstData[dstIdx]
    Which is: '\0'
  borderValues[c]
    Which is: 'd' (100, 0x64)
Border value mismatch at (19,19) channel 0
]]></failure>
      <failure message="/home/cjxu/npp/test/unit/nppi/nppi_geometry_transforms/test_nppi_copyConstBorder.cpp:95&#x0A;Expected equality of these values:&#x0A;  dstData[dstIdx]&#x0A;    Which is: &apos;\0&apos;&#x0A;  borderValues[c]&#x0A;    Which is: &apos;\x96&apos; (150)&#x0A;Border value mismatch at (19,19) channel 1&#x0A;" type=""><![CDATA[/home/cjxu/npp/test/unit/nppi/nppi_geometry_transforms/test_nppi_copyConstBorder.cpp:95
Expected equality of these values:
  dstData[dstIdx]
    Which is: '\0'
  borderValues[c]
    Which is: '\x96' (150)
Border value mismatch at (19,19) channel 1
]]></failure>
      <failure message="/home/cjxu/npp/test/unit/nppi/nppi_geometry_transforms/test_nppi_copyConstBorder.cpp:95&#x0A;Expected equality of these values:&#x0A;  dstData[dstIdx]&#x0A;    Which is: &apos;\0&apos;&#x0A;  borderValues[c]&#x0A;    Which is: &apos;\xC8&apos; (200)&#x0A;Border value mismatch at (19,19) channel 2&#x0A;" type=""><![CDATA[/home/cjxu/npp/test/unit/nppi/nppi_geometry_transforms/test_nppi_copyConstBorder.cpp:95
Expected equality of these values:
  dstData[dstIdx]
    Which is: '\0'
  borderValues[c]
    Which is: '\xC8' (200)
Border value mismatch at (19,19) channel 2
]]></failure>
      <failure message="/home/cjxu/npp/test/unit/nppi/nppi_geometry_transforms/test_nppi_copyConstBorder.cpp:95&#x0A;Expected equality of these values:&#x0A;  dstData[dstIdx]&#x0A;    Which is: &apos;\0&apos;&#x0A;  borderValues[c]&#x0A;    Which is: &apos;d&apos; (100, 0x64)&#x0A;Border value mismatch at (20,19) channel 0&#x0A;" type=""><![CDATA[/home/cjxu/npp/test/unit/nppi/nppi_geometry_transforms/test_nppi_copyConstBorder.cpp:95
Expected equality of these values:
  dstData[dstIdx]
    Which is: '\0'
  borderValues[c]
    Which is: 'd' (100, 0x64)
Border value mismatch at (20,19) channel 0
]]></failure>
      <failure message="/home/cjxu/npp/test/unit/nppi/nppi_geometry_transforms/test_nppi_copyConstBorder.cpp:95&#x0A;Expected equality of these values:&#x0A;  dstData[dstIdx]&#x0A;    Which is: &apos;\0&apos;&#x0A;  borderValues[c]&#x0A;    Which is: &apos;\x96&apos; (150)&#x0A;Border value mismatch at (20,19) channel 1&#x0A;" type=""><![CDATA[/home/cjxu/npp/test/unit/nppi/nppi_geometry_transforms/test_nppi_copyConstBorder.cpp:95
Expected equality of these values:
  dstData[dstIdx]
    Which is: '\0'
  borderValues[c]
    Which is: '\x96' (150)
Border value mismatch at (20,19) channel 1
]]></failure>
      <failure message="/home/cjxu/npp/test/unit/nppi/nppi_geometry_transforms/test_nppi_copyConstBorder.cpp:95&#x0A;Expected equality of these values:&#x0A;  dstData[dstIdx]&#x0A;    Which is: &apos;\0&apos;&#x0A;  borderValues[c]&#x0A;    Which is: &apos;\xC8&apos; (200)&#x0A;Border value mismatch at (20,19) channel 2&#x0A;" type=""><![CDATA[/home/cjxu/npp/test/unit/nppi/nppi_geometry_transforms/test_nppi_copyConstBorder.cpp:95
Expected equality of these values:
  dstData[dstIdx]
    Which is: '\0'
  borderValues[c]
    Which is: '\xC8' (200)
Border value mismatch at (20,19) channel 2
]]></failure>
      <failure message="/home/cjxu/npp/test/unit/nppi/nppi_geometry_transforms/test_nppi_copyConstBorder.cpp:95&#x0A;Expected equality of these values:&#x0A;  dstData[dstIdx]&#x0A;    Which is: &apos;\0&apos;&#x0A;  borderValues[c]&#x0A;    Which is: &apos;d&apos; (100, 0x64)&#x0A;Border value mismatch at (21,19) channel 0&#x0A;" type=""><![CDATA[/home/cjxu/npp/test/unit/nppi/nppi_geometry_transforms/test_nppi_copyConstBorder.cpp:95
Expected equality of these values:
  dstData[dstIdx]
    Which is: '\0'
  borderValues[c]
    Which is: 'd' (100, 0x64)
Border value mismatch at (21,19) channel 0
]]></failure>
      <failure message="/home/cjxu/npp/test/unit/nppi/nppi_geometry_transforms/test_nppi_copyConstBorder.cpp:95&#x0A;Expected equality of these values:&#x0A;  dstData[dstIdx]&#x0A;    Which is: &apos;\0&apos;&#x0A;  borderValues[c]&#x0A;    Which is: &apos;\x96&apos; (150)&#x0A;Border value mismatch at (21,19) channel 1&#x0A;" type=""><![CDATA[/home/cjxu/npp/test/unit/nppi/nppi_geometry_transforms/test_nppi_copyConstBorder.cpp:95
Expected equality of these values:
  dstData[dstIdx]
    Which is: '\0'
  borderValues[c]
    Which is: '\x96' (150)
Border value mismatch at (21,19) channel 1
]]></failure>
      <failure message="/home/cjxu/npp/test/unit/nppi/nppi_geometry_transforms/test_nppi_copyConstBorder.cpp:95&#x0A;Expected equality of these values:&#x0A;  dstData[dstIdx]&#x0A;    Which is: &apos;\0&apos;&#x0A;  borderValues[c]&#x0A;    Which is: &apos;\xC8&apos; (200)&#x0A;Border value mismatch at (21,19) channel 2&#x0A;" type=""><![CDATA[/home/cjxu/npp/test/unit/nppi/nppi_geometry_transforms/test_nppi_copyConstBorder.cpp:95
Expected equality of these values:
  dstData[dstIdx]
    Which is: '\0'
  borderValues[c]
    Which is: '\xC8' (200)
Border value mismatch at (21,19) channel 2
]]></failure>
      <failure message="/home/cjxu/npp/test/unit/nppi/nppi_geometry_transforms/test_nppi_copyConstBorder.cpp:95&#x0A;Expected equality of these values:&#x0A;  dstData[dstIdx]&#x0A;    Which is: &apos;\0&apos;&#x0A;  borderValues[c]&#x0A;    Which is: &apos;d&apos; (100, 0x64)&#x0A;Border value mismatch at (22,19) channel 0&#x0A;" type=""><![CDATA[/home/cjxu/npp/test/unit/nppi/nppi_geometry_transforms/test_nppi_copyConstBorder.cpp:95
Expected equality of these values:
  dstData[dstIdx]
    Which is: '\0'
  borderValues[c]
    Which is: 'd' (100, 0x64)
Border value mismatch at (22,19) channel 0
]]></failure>
      <failure message="/home/cjxu/npp/test/unit/nppi/nppi_geometry_transforms/test_nppi_copyConstBorder.cpp:95&#x0A;Expected equality of these values:&#x0A;  dstData[dstIdx]&#x0A;    Which is: &apos;\0&apos;&#x0A;  borderValues[c]&#x0A;    Which is: &apos;\x96&apos; (150)&#x0A;Border value mismatch at (22,19) channel 1&#x0A;" type=""><![CDATA[/home/cjxu/npp/test/unit/nppi/nppi_geometry_transforms/test_nppi_copyConstBorder.cpp:95
Expected equality of these values:
  dstData[dstIdx]
    Which is: '\0'
  borderValues[c]
    Which is: '\x96' (150)
Border value mismatch at (22,19) channel 1
]]></failure>
      <failure message="/home/cjxu/npp/test/unit/nppi/nppi_geometry_transforms/test_nppi_copyConstBorder.cpp:95&#x0A;Expected equality of these values:&#x0A;  dstData[dstIdx]&#x0A;    Which is: &apos;\0&apos;&#x0A;  borderValues[c]&#x0A;    Which is: &apos;\xC8&apos; (200)&#x0A;Border value mismatch at (22,19) channel 2&#x0A;" type=""><![CDATA[/home/cjxu/npp/test/unit/nppi/nppi_geometry_transforms/test_nppi_copyConstBorder.cpp:95
Expected equality of these values:
  dstData[dstIdx]
    Which is: '\0'
  borderValues[c]
    Which is: '\xC8' (200)
Border value mismatch at (22,19) channel 2
]]></failure>
      <failure message="/home/cjxu/npp/test/unit/nppi/nppi_geometry_transforms/test_nppi_copyConstBorder.cpp:95&#x0A;Expected equality of these values:&#x0A;  dstData[dstIdx]&#x0A;    Which is: &apos;\0&apos;&#x0A;  borderValues[c]&#x0A;    Which is: &apos;d&apos; (100, 0x64)&#x0A;Border value mismatch at (23,19) channel 0&#x0A;" type=""><![CDATA[/home/cjxu/npp/test/unit/nppi/nppi_geometry_transforms/test_nppi_copyConstBorder.cpp:95
Expected equality of these values:
  dstData[dstIdx]
    Which is: '\0'
  borderValues[c]
    Which is: 'd' (100, 0x64)
Border value mismatch at (23,19) channel 0
]]></failure>
      <failure message="/home/cjxu/npp/test/unit/nppi/nppi_geometry_transforms/test_nppi_copyConstBorder.cpp:95&#x0A;Expected equality of these values:&#x0A;  dstData[dstIdx]&#x0A;    Which is: &apos;\0&apos;&#x0A;  borderValues[c]&#x0A;    Which is: &apos;\x96&apos; (150)&#x0A;Border value mismatch at (23,19) channel 1&#x0A;" type=""><![CDATA[/home/cjxu/npp/test/unit/nppi/nppi_geometry_transforms/test_nppi_copyConstBorder.cpp:95
Expected equality of these values:
  dstData[dstIdx]
    Which is: '\0'
  borderValues[c]
    Which is: '\x96' (150)
Border value mismatch at (23,19) channel 1
]]></failure>
      <failure message="/home/cjxu/npp/test/unit/nppi/nppi_geometry_transforms/test_nppi_copyConstBorder.cpp:95&#x0A;Expected equality of these values:&#x0A;  dstData[dstIdx]&#x0A;    Which is: &apos;\0&apos;&#x0A;  borderValues[c]&#x0A;    Which is: &apos;\xC8&apos; (200)&#x0A;Border value mismatch at (23,19) channel 2&#x0A;" type=""><![CDATA[/home/cjxu/npp/test/unit/nppi/nppi_geometry_transforms/test_nppi_copyConstBorder.cpp:95
Expected equality of these values:
  dstData[dstIdx]
    Which is: '\0'
  borderValues[c]
    Which is: '\xC8' (200)
Border value mismatch at (23,19) channel 2
]]></failure>
      <failure message="/home/cjxu/npp/test/unit/nppi/nppi_geometry_transforms/test_nppi_copyConstBorder.cpp:95&#x0A;Expected equality of these values:&#x0A;  dstData[dstIdx]&#x0A;    Which is: &apos;\0&apos;&#x0A;  borderValues[c]&#x0A;    Which is: &apos;d&apos; (100, 0x64)&#x0A;Border value mismatch at (0,20) channel 0&#x0A;" type=""><![CDATA[/home/cjxu/npp/test/unit/nppi/nppi_geometry_transforms/test_nppi_copyConstBorder.cpp:95
Expected equality of these values:
  dstData[dstIdx]
    Which is: '\0'
  borderValues[c]
    Which is: 'd' (100, 0x64)
Border value mismatch at (0,20) channel 0
]]></failure>
      <failure message="/home/cjxu/npp/test/unit/nppi/nppi_geometry_transforms/test_nppi_copyConstBorder.cpp:95&#x0A;Expected equality of these values:&#x0A;  dstData[dstIdx]&#x0A;    Which is: &apos;\0&apos;&#x0A;  borderValues[c]&#x0A;    Which is: &apos;\x96&apos; (150)&#x0A;Border value mismatch at (0,20) channel 1&#x0A;" type=""><![CDATA[/home/cjxu/npp/test/unit/nppi/nppi_geometry_transforms/test_nppi_copyConstBorder.cpp:95
Expected equality of these values:
  dstData[dstIdx]
    Which is: '\0'
  borderValues[c]
    Which is: '\x96' (150)
Border value mismatch at (0,20) channel 1
]]></failure>
      <failure message="/home/cjxu/npp/test/unit/nppi/nppi_geometry_transforms/test_nppi_copyConstBorder.cpp:95&#x0A;Expected equality of these values:&#x0A;  dstData[dstIdx]&#x0A;    Which is: &apos;\0&apos;&#x0A;  borderValues[c]&#x0A;    Which is: &apos;\xC8&apos; (200)&#x0A;Border value mismatch at (0,20) channel 2&#x0A;" type=""><![CDATA[/home/cjxu/npp/test/unit/nppi/nppi_geometry_transforms/test_nppi_copyConstBorder.cpp:95
Expected equality of these values:
  dstData[dstIdx]
    Which is: '\0'
  borderValues[c]
    Which is: '\xC8' (200)
Border value mismatch at (0,20) channel 2
]]></failure>
      <failure message="/home/cjxu/npp/test/unit/nppi/nppi_geometry_transforms/test_nppi_copyConstBorder.cpp:95&#x0A;Expected equality of these values:&#x0A;  dstData[dstIdx]&#x0A;    Which is: &apos;\0&apos;&#x0A;  borderValues[c]&#x0A;    Which is: &apos;d&apos; (100, 0x64)&#x0A;Border value mismatch at (1,20) channel 0&#x0A;" type=""><![CDATA[/home/cjxu/npp/test/unit/nppi/nppi_geometry_transforms/test_nppi_copyConstBorder.cpp:95
Expected equality of these values:
  dstData[dstIdx]
    Which is: '\0'
  borderValues[c]
    Which is: 'd' (100, 0x64)
Border value mismatch at (1,20) channel 0
]]></failure>
      <failure message="/home/cjxu/npp/test/unit/nppi/nppi_geometry_transforms/test_nppi_copyConstBorder.cpp:95&#x0A;Expected equality of these values:&#x0A;  dstData[dstIdx]&#x0A;    Which is: &apos;\0&apos;&#x0A;  borderValues[c]&#x0A;    Which is: &apos;\x96&apos; (150)&#x0A;Border value mismatch at (1,20) channel 1&#x0A;" type=""><![CDATA[/home/cjxu/npp/test/unit/nppi/nppi_geometry_transforms/test_nppi_copyConstBorder.cpp:95
Expected equality of these values:
  dstData[dstIdx]
    Which is: '\0'
  borderValues[c]
    Which is: '\x96' (150)
Border value mismatch at (1,20) channel 1
]]></failure>
      <failure message="/home/cjxu/npp/test/unit/nppi/nppi_geometry_transforms/test_nppi_copyConstBorder.cpp:95&#x0A;Expected equality of these values:&#x0A;  dstData[dstIdx]&#x0A;    Which is: &apos;\0&apos;&#x0A;  borderValues[c]&#x0A;    Which is: &apos;\xC8&apos; (200)&#x0A;Border value mismatch at (1,20) channel 2&#x0A;" type=""><![CDATA[/home/cjxu/npp/test/unit/nppi/nppi_geometry_transforms/test_nppi_copyConstBorder.cpp:95
Expected equality of these values:
  dstData[dstIdx]
    Which is: '\0'
  borderValues[c]
    Which is: '\xC8' (200)
Border value mismatch at (1,20) channel 2
]]></failure>
      <failure message="/home/cjxu/npp/test/unit/nppi/nppi_geometry_transforms/test_nppi_copyConstBorder.cpp:95&#x0A;Expected equality of these values:&#x0A;  dstData[dstIdx]&#x0A;    Which is: &apos;\0&apos;&#x0A;  borderValues[c]&#x0A;    Which is: &apos;d&apos; (100, 0x64)&#x0A;Border value mismatch at (2,20) channel 0&#x0A;" type=""><![CDATA[/home/cjxu/npp/test/unit/nppi/nppi_geometry_transforms/test_nppi_copyConstBorder.cpp:95
Expected equality of these values:
  dstData[dstIdx]
    Which is: '\0'
  borderValues[c]
    Which is: 'd' (100, 0x64)
Border value mismatch at (2,20) channel 0
]]></failure>
      <failure message="/home/cjxu/npp/test/unit/nppi/nppi_geometry_transforms/test_nppi_copyConstBorder.cpp:95&#x0A;Expected equality of these values:&#x0A;  dstData[dstIdx]&#x0A;    Which is: &apos;\0&apos;&#x0A;  borderValues[c]&#x0A;    Which is: &apos;\x96&apos; (150)&#x0A;Border value mismatch at (2,20) channel 1&#x0A;" type=""><![CDATA[/home/cjxu/npp/test/unit/nppi/nppi_geometry_transforms/test_nppi_copyConstBorder.cpp:95
Expected equality of these values:
  dstData[dstIdx]
    Which is: '\0'
  borderValues[c]
    Which is: '\x96' (150)
Border value mismatch at (2,20) channel 1
]]></failure>
      <failure message="/home/cjxu/npp/test/unit/nppi/nppi_geometry_transforms/test_nppi_copyConstBorder.cpp:95&#x0A;Expected equality of these values:&#x0A;  dstData[dstIdx]&#x0A;    Which is: &apos;\0&apos;&#x0A;  borderValues[c]&#x0A;    Which is: &apos;\xC8&apos; (200)&#x0A;Border value mismatch at (2,20) channel 2&#x0A;" type=""><![CDATA[/home/cjxu/npp/test/unit/nppi/nppi_geometry_transforms/test_nppi_copyConstBorder.cpp:95
Expected equality of these values:
  dstData[dstIdx]
    Which is: '\0'
  borderValues[c]
    Which is: '\xC8' (200)
Border value mismatch at (2,20) channel 2
]]></failure>
      <failure message="/home/cjxu/npp/test/unit/nppi/nppi_geometry_transforms/test_nppi_copyConstBorder.cpp:95&#x0A;Expected equality of these values:&#x0A;  dstData[dstIdx]&#x0A;    Which is: &apos;\0&apos;&#x0A;  borderValues[c]&#x0A;    Which is: &apos;d&apos; (100, 0x64)&#x0A;Border value mismatch at (3,20) channel 0&#x0A;" type=""><![CDATA[/home/cjxu/npp/test/unit/nppi/nppi_geometry_transforms/test_nppi_copyConstBorder.cpp:95
Expected equality of these values:
  dstData[dstIdx]
    Which is: '\0'
  borderValues[c]
    Which is: 'd' (100, 0x64)
Border value mismatch at (3,20) channel 0
]]></failure>
      <failure message="/home/cjxu/npp/test/unit/nppi/nppi_geometry_transforms/test_nppi_copyConstBorder.cpp:95&#x0A;Expected equality of these values:&#x0A;  dstData[dstIdx]&#x0A;    Which is: &apos;\0&apos;&#x0A;  borderValues[c]&#x0A;    Which is: &apos;\x96&apos; (150)&#x0A;Border value mismatch at (3,20) channel 1&#x0A;" type=""><![CDATA[/home/cjxu/npp/test/unit/nppi/nppi_geometry_transforms/test_nppi_copyConstBorder.cpp:95
Expected equality of these values:
  dstData[dstIdx]
    Which is: '\0'
  borderValues[c]
    Which is: '\x96' (150)
Border value mismatch at (3,20) channel 1
]]></failure>
      <failure message="/home/cjxu/npp/test/unit/nppi/nppi_geometry_transforms/test_nppi_copyConstBorder.cpp:95&#x0A;Expected equality of these values:&#x0A;  dstData[dstIdx]&#x0A;    Which is: &apos;\0&apos;&#x0A;  borderValues[c]&#x0A;    Which is: &apos;\xC8&apos; (200)&#x0A;Border value mismatch at (3,20) channel 2&#x0A;" type=""><![CDATA[/home/cjxu/npp/test/unit/nppi/nppi_geometry_transforms/test_nppi_copyConstBorder.cpp:95
Expected equality of these values:
  dstData[dstIdx]
    Which is: '\0'
  borderValues[c]
    Which is: '\xC8' (200)
Border value mismatch at (3,20) channel 2
]]></failure>
      <failure message="/home/cjxu/npp/test/unit/nppi/nppi_geometry_transforms/test_nppi_copyConstBorder.cpp:95&#x0A;Expected equality of these values:&#x0A;  dstData[dstIdx]&#x0A;    Which is: &apos;\0&apos;&#x0A;  borderValues[c]&#x0A;    Which is: &apos;d&apos; (100, 0x64)&#x0A;Border value mismatch at (4,20) channel 0&#x0A;" type=""><![CDATA[/home/cjxu/npp/test/unit/nppi/nppi_geometry_transforms/test_nppi_copyConstBorder.cpp:95
Expected equality of these values:
  dstData[dstIdx]
    Which is: '\0'
  borderValues[c]
    Which is: 'd' (100, 0x64)
Border value mismatch at (4,20) channel 0
]]></failure>
      <failure message="/home/cjxu/npp/test/unit/nppi/nppi_geometry_transforms/test_nppi_copyConstBorder.cpp:95&#x0A;Expected equality of these values:&#x0A;  dstData[dstIdx]&#x0A;    Which is: &apos;\0&apos;&#x0A;  borderValues[c]&#x0A;    Which is: &apos;\x96&apos; (150)&#x0A;Border value mismatch at (4,20) channel 1&#x0A;" type=""><![CDATA[/home/cjxu/npp/test/unit/nppi/nppi_geometry_transforms/test_nppi_copyConstBorder.cpp:95
Expected equality of these values:
  dstData[dstIdx]
    Which is: '\0'
  borderValues[c]
    Which is: '\x96' (150)
Border value mismatch at (4,20) channel 1
]]></failure>
      <failure message="/home/cjxu/npp/test/unit/nppi/nppi_geometry_transforms/test_nppi_copyConstBorder.cpp:95&#x0A;Expected equality of these values:&#x0A;  dstData[dstIdx]&#x0A;    Which is: &apos;\0&apos;&#x0A;  borderValues[c]&#x0A;    Which is: &apos;\xC8&apos; (200)&#x0A;Border value mismatch at (4,20) channel 2&#x0A;" type=""><![CDATA[/home/cjxu/npp/test/unit/nppi/nppi_geometry_transforms/test_nppi_copyConstBorder.cpp:95
Expected equality of these values:
  dstData[dstIdx]
    Which is: '\0'
  borderValues[c]
    Which is: '\xC8' (200)
Border value mismatch at (4,20) channel 2
]]></failure>
      <failure message="/home/cjxu/npp/test/unit/nppi/nppi_geometry_transforms/test_nppi_copyConstBorder.cpp:95&#x0A;Expected equality of these values:&#x0A;  dstData[dstIdx]&#x0A;    Which is: &apos;\0&apos;&#x0A;  borderValues[c]&#x0A;    Which is: &apos;d&apos; (100, 0x64)&#x0A;Border value mismatch at (5,20) channel 0&#x0A;" type=""><![CDATA[/home/cjxu/npp/test/unit/nppi/nppi_geometry_transforms/test_nppi_copyConstBorder.cpp:95
Expected equality of these values:
  dstData[dstIdx]
    Which is: '\0'
  borderValues[c]
    Which is: 'd' (100, 0x64)
Border value mismatch at (5,20) channel 0
]]></failure>
      <failure message="/home/cjxu/npp/test/unit/nppi/nppi_geometry_transforms/test_nppi_copyConstBorder.cpp:95&#x0A;Expected equality of these values:&#x0A;  dstData[dstIdx]&#x0A;    Which is: &apos;\0&apos;&#x0A;  borderValues[c]&#x0A;    Which is: &apos;\x96&apos; (150)&#x0A;Border value mismatch at (5,20) channel 1&#x0A;" type=""><![CDATA[/home/cjxu/npp/test/unit/nppi/nppi_geometry_transforms/test_nppi_copyConstBorder.cpp:95
Expected equality of these values:
  dstData[dstIdx]
    Which is: '\0'
  borderValues[c]
    Which is: '\x96' (150)
Border value mismatch at (5,20) channel 1
]]></failure>
      <failure message="/home/cjxu/npp/test/unit/nppi/nppi_geometry_transforms/test_nppi_copyConstBorder.cpp:95&#x0A;Expected equality of these values:&#x0A;  dstData[dstIdx]&#x0A;    Which is: &apos;\0&apos;&#x0A;  borderValues[c]&#x0A;    Which is: &apos;\xC8&apos; (200)&#x0A;Border value mismatch at (5,20) channel 2&#x0A;" type=""><![CDATA[/home/cjxu/npp/test/unit/nppi/nppi_geometry_transforms/test_nppi_copyConstBorder.cpp:95
Expected equality of these values:
  dstData[dstIdx]
    Which is: '\0'
  borderValues[c]
    Which is: '\xC8' (200)
Border value mismatch at (5,20) channel 2
]]></failure>
      <failure message="/home/cjxu/npp/test/unit/nppi/nppi_geometry_transforms/test_nppi_copyConstBorder.cpp:95&#x0A;Expected equality of these values:&#x0A;  dstData[dstIdx]&#x0A;    Which is: &apos;\0&apos;&#x0A;  borderValues[c]&#x0A;    Which is: &apos;d&apos; (100, 0x64)&#x0A;Border value mismatch at (6,20) channel 0&#x0A;" type=""><![CDATA[/home/cjxu/npp/test/unit/nppi/nppi_geometry_transforms/test_nppi_copyConstBorder.cpp:95
Expected equality of these values:
  dstData[dstIdx]
    Which is: '\0'
  borderValues[c]
    Which is: 'd' (100, 0x64)
Border value mismatch at (6,20) channel 0
]]></failure>
      <failure message="/home/cjxu/npp/test/unit/nppi/nppi_geometry_transforms/test_nppi_copyConstBorder.cpp:95&#x0A;Expected equality of these values:&#x0A;  dstData[dstIdx]&#x0A;    Which is: &apos;\0&apos;&#x0A;  borderValues[c]&#x0A;    Which is: &apos;\x96&apos; (150)&#x0A;Border value mismatch at (6,20) channel 1&#x0A;" type=""><![CDATA[/home/cjxu/npp/test/unit/nppi/nppi_geometry_transforms/test_nppi_copyConstBorder.cpp:95
Expected equality of these values:
  dstData[dstIdx]
    Which is: '\0'
  borderValues[c]
    Which is: '\x96' (150)
Border value mismatch at (6,20) channel 1
]]></failure>
      <failure message="/home/cjxu/npp/test/unit/nppi/nppi_geometry_transforms/test_nppi_copyConstBorder.cpp:95&#x0A;Expected equality of these values:&#x0A;  dstData[dstIdx]&#x0A;    Which is: &apos;\0&apos;&#x0A;  borderValues[c]&#x0A;    Which is: &apos;\xC8&apos; (200)&#x0A;Border value mismatch at (6,20) channel 2&#x0A;" type=""><![CDATA[/home/cjxu/npp/test/unit/nppi/nppi_geometry_transforms/test_nppi_copyConstBorder.cpp:95
Expected equality of these values:
  dstData[dstIdx]
    Which is: '\0'
  borderValues[c]
    Which is: '\xC8' (200)
Border value mismatch at (6,20) channel 2
]]></failure>
      <failure message="/home/cjxu/npp/test/unit/nppi/nppi_geometry_transforms/test_nppi_copyConstBorder.cpp:95&#x0A;Expected equality of these values:&#x0A;  dstData[dstIdx]&#x0A;    Which is: &apos;\0&apos;&#x0A;  borderValues[c]&#x0A;    Which is: &apos;d&apos; (100, 0x64)&#x0A;Border value mismatch at (7,20) channel 0&#x0A;" type=""><![CDATA[/home/cjxu/npp/test/unit/nppi/nppi_geometry_transforms/test_nppi_copyConstBorder.cpp:95
Expected equality of these values:
  dstData[dstIdx]
    Which is: '\0'
  borderValues[c]
    Which is: 'd' (100, 0x64)
Border value mismatch at (7,20) channel 0
]]></failure>
      <failure message="/home/cjxu/npp/test/unit/nppi/nppi_geometry_transforms/test_nppi_copyConstBorder.cpp:95&#x0A;Expected equality of these values:&#x0A;  dstData[dstIdx]&#x0A;    Which is: &apos;\0&apos;&#x0A;  borderValues[c]&#x0A;    Which is: &apos;\x96&apos; (150)&#x0A;Border value mismatch at (7,20) channel 1&#x0A;" type=""><![CDATA[/home/cjxu/npp/test/unit/nppi/nppi_geometry_transforms/test_nppi_copyConstBorder.cpp:95
Expected equality of these values:
  dstData[dstIdx]
    Which is: '\0'
  borderValues[c]
    Which is: '\x96' (150)
Border value mismatch at (7,20) channel 1
]]></failure>
      <failure message="/home/cjxu/npp/test/unit/nppi/nppi_geometry_transforms/test_nppi_copyConstBorder.cpp:95&#x0A;Expected equality of these values:&#x0A;  dstData[dstIdx]&#x0A;    Which is: &apos;\0&apos;&#x0A;  borderValues[c]&#x0A;    Which is: &apos;\xC8&apos; (200)&#x0A;Border value mismatch at (7,20) channel 2&#x0A;" type=""><![CDATA[/home/cjxu/npp/test/unit/nppi/nppi_geometry_transforms/test_nppi_copyConstBorder.cpp:95
Expected equality of these values:
  dstData[dstIdx]
    Which is: '\0'
  borderValues[c]
    Which is: '\xC8' (200)
Border value mismatch at (7,20) channel 2
]]></failure>
      <failure message="/home/cjxu/npp/test/unit/nppi/nppi_geometry_transforms/test_nppi_copyConstBorder.cpp:95&#x0A;Expected equality of these values:&#x0A;  dstData[dstIdx]&#x0A;    Which is: &apos;\0&apos;&#x0A;  borderValues[c]&#x0A;    Which is: &apos;d&apos; (100, 0x64)&#x0A;Border value mismatch at (8,20) channel 0&#x0A;" type=""><![CDATA[/home/cjxu/npp/test/unit/nppi/nppi_geometry_transforms/test_nppi_copyConstBorder.cpp:95
Expected equality of these values:
  dstData[dstIdx]
    Which is: '\0'
  borderValues[c]
    Which is: 'd' (100, 0x64)
Border value mismatch at (8,20) channel 0
]]></failure>
      <failure message="/home/cjxu/npp/test/unit/nppi/nppi_geometry_transforms/test_nppi_copyConstBorder.cpp:95&#x0A;Expected equality of these values:&#x0A;  dstData[dstIdx]&#x0A;    Which is: &apos;\0&apos;&#x0A;  borderValues[c]&#x0A;    Which is: &apos;\x96&apos; (150)&#x0A;Border value mismatch at (8,20) channel 1&#x0A;" type=""><![CDATA[/home/cjxu/npp/test/unit/nppi/nppi_geometry_transforms/test_nppi_copyConstBorder.cpp:95
Expected equality of these values:
  dstData[dstIdx]
    Which is: '\0'
  borderValues[c]
    Which is: '\x96' (150)
Border value mismatch at (8,20) channel 1
]]></failure>
      <failure message="/home/cjxu/npp/test/unit/nppi/nppi_geometry_transforms/test_nppi_copyConstBorder.cpp:95&#x0A;Expected equality of these values:&#x0A;  dstData[dstIdx]&#x0A;    Which is: &apos;\0&apos;&#x0A;  borderValues[c]&#x0A;    Which is: &apos;\xC8&apos; (200)&#x0A;Border value mismatch at (8,20) channel 2&#x0A;" type=""><![CDATA[/home/cjxu/npp/test/unit/nppi/nppi_geometry_transforms/test_nppi_copyConstBorder.cpp:95
Expected equality of these values:
  dstData[dstIdx]
    Which is: '\0'
  borderValues[c]
    Which is: '\xC8' (200)
Border value mismatch at (8,20) channel 2
]]></failure>
      <failure message="/home/cjxu/npp/test/unit/nppi/nppi_geometry_transforms/test_nppi_copyConstBorder.cpp:95&#x0A;Expected equality of these values:&#x0A;  dstData[dstIdx]&#x0A;    Which is: &apos;\0&apos;&#x0A;  borderValues[c]&#x0A;    Which is: &apos;d&apos; (100, 0x64)&#x0A;Border value mismatch at (9,20) channel 0&#x0A;" type=""><![CDATA[/home/cjxu/npp/test/unit/nppi/nppi_geometry_transforms/test_nppi_copyConstBorder.cpp:95
Expected equality of these values:
  dstData[dstIdx]
    Which is: '\0'
  borderValues[c]
    Which is: 'd' (100, 0x64)
Border value mismatch at (9,20) channel 0
]]></failure>
      <failure message="/home/cjxu/npp/test/unit/nppi/nppi_geometry_transforms/test_nppi_copyConstBorder.cpp:95&#x0A;Expected equality of these values:&#x0A;  dstData[dstIdx]&#x0A;    Which is: &apos;\0&apos;&#x0A;  borderValues[c]&#x0A;    Which is: &apos;\x96&apos; (150)&#x0A;Border value mismatch at (9,20) channel 1&#x0A;" type=""><![CDATA[/home/cjxu/npp/test/unit/nppi/nppi_geometry_transforms/test_nppi_copyConstBorder.cpp:95
Expected equality of these values:
  dstData[dstIdx]
    Which is: '\0'
  borderValues[c]
    Which is: '\x96' (150)
Border value mismatch at (9,20) channel 1
]]></failure>
      <failure message="/home/cjxu/npp/test/unit/nppi/nppi_geometry_transforms/test_nppi_copyConstBorder.cpp:95&#x0A;Expected equality of these values:&#x0A;  dstData[dstIdx]&#x0A;    Which is: &apos;\0&apos;&#x0A;  borderValues[c]&#x0A;    Which is: &apos;\xC8&apos; (200)&#x0A;Border value mismatch at (9,20) channel 2&#x0A;" type=""><![CDATA[/home/cjxu/npp/test/unit/nppi/nppi_geometry_transforms/test_nppi_copyConstBorder.cpp:95
Expected equality of these values:
  dstData[dstIdx]
    Which is: '\0'
  borderValues[c]
    Which is: '\xC8' (200)
Border value mismatch at (9,20) channel 2
]]></failure>
      <failure message="/home/cjxu/npp/test/unit/nppi/nppi_geometry_transforms/test_nppi_copyConstBorder.cpp:95&#x0A;Expected equality of these values:&#x0A;  dstData[dstIdx]&#x0A;    Which is: &apos;\0&apos;&#x0A;  borderValues[c]&#x0A;    Which is: &apos;d&apos; (100, 0x64)&#x0A;Border value mismatch at (10,20) channel 0&#x0A;" type=""><![CDATA[/home/cjxu/npp/test/unit/nppi/nppi_geometry_transforms/test_nppi_copyConstBorder.cpp:95
Expected equality of these values:
  dstData[dstIdx]
    Which is: '\0'
  borderValues[c]
    Which is: 'd' (100, 0x64)
Border value mismatch at (10,20) channel 0
]]></failure>
      <failure message="/home/cjxu/npp/test/unit/nppi/nppi_geometry_transforms/test_nppi_copyConstBorder.cpp:95&#x0A;Expected equality of these values:&#x0A;  dstData[dstIdx]&#x0A;    Which is: &apos;\0&apos;&#x0A;  borderValues[c]&#x0A;    Which is: &apos;\x96&apos; (150)&#x0A;Border value mismatch at (10,20) channel 1&#x0A;" type=""><![CDATA[/home/cjxu/npp/test/unit/nppi/nppi_geometry_transforms/test_nppi_copyConstBorder.cpp:95
Expected equality of these values:
  dstData[dstIdx]
    Which is: '\0'
  borderValues[c]
    Which is: '\x96' (150)
Border value mismatch at (10,20) channel 1
]]></failure>
      <failure message="/home/cjxu/npp/test/unit/nppi/nppi_geometry_transforms/test_nppi_copyConstBorder.cpp:95&#x0A;Expected equality of these values:&#x0A;  dstData[dstIdx]&#x0A;    Which is: &apos;\0&apos;&#x0A;  borderValues[c]&#x0A;    Which is: &apos;\xC8&apos; (200)&#x0A;Border value mismatch at (10,20) channel 2&#x0A;" type=""><![CDATA[/home/cjxu/npp/test/unit/nppi/nppi_geometry_transforms/test_nppi_copyConstBorder.cpp:95
Expected equality of these values:
  dstData[dstIdx]
    Which is: '\0'
  borderValues[c]
    Which is: '\xC8' (200)
Border value mismatch at (10,20) channel 2
]]></failure>
      <failure message="/home/cjxu/npp/test/unit/nppi/nppi_geometry_transforms/test_nppi_copyConstBorder.cpp:95&#x0A;Expected equality of these values:&#x0A;  dstData[dstIdx]&#x0A;    Which is: &apos;\0&apos;&#x0A;  borderValues[c]&#x0A;    Which is: &apos;d&apos; (100, 0x64)&#x0A;Border value mismatch at (11,20) channel 0&#x0A;" type=""><![CDATA[/home/cjxu/npp/test/unit/nppi/nppi_geometry_transforms/test_nppi_copyConstBorder.cpp:95
Expected equality of these values:
  dstData[dstIdx]
    Which is: '\0'
  borderValues[c]
    Which is: 'd' (100, 0x64)
Border value mismatch at (11,20) channel 0
]]></failure>
      <failure message="/home/cjxu/npp/test/unit/nppi/nppi_geometry_transforms/test_nppi_copyConstBorder.cpp:95&#x0A;Expected equality of these values:&#x0A;  dstData[dstIdx]&#x0A;    Which is: &apos;\0&apos;&#x0A;  borderValues[c]&#x0A;    Which is: &apos;\x96&apos; (150)&#x0A;Border value mismatch at (11,20) channel 1&#x0A;" type=""><![CDATA[/home/cjxu/npp/test/unit/nppi/nppi_geometry_transforms/test_nppi_copyConstBorder.cpp:95
Expected equality of these values:
  dstData[dstIdx]
    Which is: '\0'
  borderValues[c]
    Which is: '\x96' (150)
Border value mismatch at (11,20) channel 1
]]></failure>
      <failure message="/home/cjxu/npp/test/unit/nppi/nppi_geometry_transforms/test_nppi_copyConstBorder.cpp:95&#x0A;Expected equality of these values:&#x0A;  dstData[dstIdx]&#x0A;    Which is: &apos;\0&apos;&#x0A;  borderValues[c]&#x0A;    Which is: &apos;\xC8&apos; (200)&#x0A;Border value mismatch at (11,20) channel 2&#x0A;" type=""><![CDATA[/home/cjxu/npp/test/unit/nppi/nppi_geometry_transforms/test_nppi_copyConstBorder.cpp:95
Expected equality of these values:
  dstData[dstIdx]
    Which is: '\0'
  borderValues[c]
    Which is: '\xC8' (200)
Border value mismatch at (11,20) channel 2
]]></failure>
      <failure message="/home/cjxu/npp/test/unit/nppi/nppi_geometry_transforms/test_nppi_copyConstBorder.cpp:95&#x0A;Expected equality of these values:&#x0A;  dstData[dstIdx]&#x0A;    Which is: &apos;\0&apos;&#x0A;  borderValues[c]&#x0A;    Which is: &apos;d&apos; (100, 0x64)&#x0A;Border value mismatch at (12,20) channel 0&#x0A;" type=""><![CDATA[/home/cjxu/npp/test/unit/nppi/nppi_geometry_transforms/test_nppi_copyConstBorder.cpp:95
Expected equality of these values:
  dstData[dstIdx]
    Which is: '\0'
  borderValues[c]
    Which is: 'd' (100, 0x64)
Border value mismatch at (12,20) channel 0
]]></failure>
      <failure message="/home/cjxu/npp/test/unit/nppi/nppi_geometry_transforms/test_nppi_copyConstBorder.cpp:95&#x0A;Expected equality of these values:&#x0A;  dstData[dstIdx]&#x0A;    Which is: &apos;\0&apos;&#x0A;  borderValues[c]&#x0A;    Which is: &apos;\x96&apos; (150)&#x0A;Border value mismatch at (12,20) channel 1&#x0A;" type=""><![CDATA[/home/cjxu/npp/test/unit/nppi/nppi_geometry_transforms/test_nppi_copyConstBorder.cpp:95
Expected equality of these values:
  dstData[dstIdx]
    Which is: '\0'
  borderValues[c]
    Which is: '\x96' (150)
Border value mismatch at (12,20) channel 1
]]></failure>
      <failure message="/home/cjxu/npp/test/unit/nppi/nppi_geometry_transforms/test_nppi_copyConstBorder.cpp:95&#x0A;Expected equality of these values:&#x0A;  dstData[dstIdx]&#x0A;    Which is: &apos;\0&apos;&#x0A;  borderValues[c]&#x0A;    Which is: &apos;\xC8&apos; (200)&#x0A;Border value mismatch at (12,20) channel 2&#x0A;" type=""><![CDATA[/home/cjxu/npp/test/unit/nppi/nppi_geometry_transforms/test_nppi_copyConstBorder.cpp:95
Expected equality of these values:
  dstData[dstIdx]
    Which is: '\0'
  borderValues[c]
    Which is: '\xC8' (200)
Border value mismatch at (12,20) channel 2
]]></failure>
      <failure message="/home/cjxu/npp/test/unit/nppi/nppi_geometry_transforms/test_nppi_copyConstBorder.cpp:95&#x0A;Expected equality of these values:&#x0A;  dstData[dstIdx]&#x0A;    Which is: &apos;\0&apos;&#x0A;  borderValues[c]&#x0A;    Which is: &apos;d&apos; (100, 0x64)&#x0A;Border value mismatch at (13,20) channel 0&#x0A;" type=""><![CDATA[/home/cjxu/npp/test/unit/nppi/nppi_geometry_transforms/test_nppi_copyConstBorder.cpp:95
Expected equality of these values:
  dstData[dstIdx]
    Which is: '\0'
  borderValues[c]
    Which is: 'd' (100, 0x64)
Border value mismatch at (13,20) channel 0
]]></failure>
      <failure message="/home/cjxu/npp/test/unit/nppi/nppi_geometry_transforms/test_nppi_copyConstBorder.cpp:95&#x0A;Expected equality of these values:&#x0A;  dstData[dstIdx]&#x0A;    Which is: &apos;\0&apos;&#x0A;  borderValues[c]&#x0A;    Which is: &apos;\x96&apos; (150)&#x0A;Border value mismatch at (13,20) channel 1&#x0A;" type=""><![CDATA[/home/cjxu/npp/test/unit/nppi/nppi_geometry_transforms/test_nppi_copyConstBorder.cpp:95
Expected equality of these values:
  dstData[dstIdx]
    Which is: '\0'
  borderValues[c]
    Which is: '\x96' (150)
Border value mismatch at (13,20) channel 1
]]></failure>
      <failure message="/home/cjxu/npp/test/unit/nppi/nppi_geometry_transforms/test_nppi_copyConstBorder.cpp:95&#x0A;Expected equality of these values:&#x0A;  dstData[dstIdx]&#x0A;    Which is: &apos;\0&apos;&#x0A;  borderValues[c]&#x0A;    Which is: &apos;\xC8&apos; (200)&#x0A;Border value mismatch at (13,20) channel 2&#x0A;" type=""><![CDATA[/home/cjxu/npp/test/unit/nppi/nppi_geometry_transforms/test_nppi_copyConstBorder.cpp:95
Expected equality of these values:
  dstData[dstIdx]
    Which is: '\0'
  borderValues[c]
    Which is: '\xC8' (200)
Border value mismatch at (13,20) channel 2
]]></failure>
      <failure message="/home/cjxu/npp/test/unit/nppi/nppi_geometry_transforms/test_nppi_copyConstBorder.cpp:95&#x0A;Expected equality of these values:&#x0A;  dstData[dstIdx]&#x0A;    Which is: &apos;\0&apos;&#x0A;  borderValues[c]&#x0A;    Which is: &apos;d&apos; (100, 0x64)&#x0A;Border value mismatch at (14,20) channel 0&#x0A;" type=""><![CDATA[/home/cjxu/npp/test/unit/nppi/nppi_geometry_transforms/test_nppi_copyConstBorder.cpp:95
Expected equality of these values:
  dstData[dstIdx]
    Which is: '\0'
  borderValues[c]
    Which is: 'd' (100, 0x64)
Border value mismatch at (14,20) channel 0
]]></failure>
      <failure message="/home/cjxu/npp/test/unit/nppi/nppi_geometry_transforms/test_nppi_copyConstBorder.cpp:95&#x0A;Expected equality of these values:&#x0A;  dstData[dstIdx]&#x0A;    Which is: &apos;\0&apos;&#x0A;  borderValues[c]&#x0A;    Which is: &apos;\x96&apos; (150)&#x0A;Border value mismatch at (14,20) channel 1&#x0A;" type=""><![CDATA[/home/cjxu/npp/test/unit/nppi/nppi_geometry_transforms/test_nppi_copyConstBorder.cpp:95
Expected equality of these values:
  dstData[dstIdx]
    Which is: '\0'
  borderValues[c]
    Which is: '\x96' (150)
Border value mismatch at (14,20) channel 1
]]></failure>
      <failure message="/home/cjxu/npp/test/unit/nppi/nppi_geometry_transforms/test_nppi_copyConstBorder.cpp:95&#x0A;Expected equality of these values:&#x0A;  dstData[dstIdx]&#x0A;    Which is: &apos;\0&apos;&#x0A;  borderValues[c]&#x0A;    Which is: &apos;\xC8&apos; (200)&#x0A;Border value mismatch at (14,20) channel 2&#x0A;" type=""><![CDATA[/home/cjxu/npp/test/unit/nppi/nppi_geometry_transforms/test_nppi_copyConstBorder.cpp:95
Expected equality of these values:
  dstData[dstIdx]
    Which is: '\0'
  borderValues[c]
    Which is: '\xC8' (200)
Border value mismatch at (14,20) channel 2
]]></failure>
      <failure message="/home/cjxu/npp/test/unit/nppi/nppi_geometry_transforms/test_nppi_copyConstBorder.cpp:95&#x0A;Expected equality of these values:&#x0A;  dstData[dstIdx]&#x0A;    Which is: &apos;\0&apos;&#x0A;  borderValues[c]&#x0A;    Which is: &apos;d&apos; (100, 0x64)&#x0A;Border value mismatch at (15,20) channel 0&#x0A;" type=""><![CDATA[/home/cjxu/npp/test/unit/nppi/nppi_geometry_transforms/test_nppi_copyConstBorder.cpp:95
Expected equality of these values:
  dstData[dstIdx]
    Which is: '\0'
  borderValues[c]
    Which is: 'd' (100, 0x64)
Border value mismatch at (15,20) channel 0
]]></failure>
      <failure message="/home/cjxu/npp/test/unit/nppi/nppi_geometry_transforms/test_nppi_copyConstBorder.cpp:95&#x0A;Expected equality of these values:&#x0A;  dstData[dstIdx]&#x0A;    Which is: &apos;\0&apos;&#x0A;  borderValues[c]&#x0A;    Which is: &apos;\x96&apos; (150)&#x0A;Border value mismatch at (15,20) channel 1&#x0A;" type=""><![CDATA[/home/cjxu/npp/test/unit/nppi/nppi_geometry_transforms/test_nppi_copyConstBorder.cpp:95
Expected equality of these values:
  dstData[dstIdx]
    Which is: '\0'
  borderValues[c]
    Which is: '\x96' (150)
Border value mismatch at (15,20) channel 1
]]></failure>
      <failure message="/home/cjxu/npp/test/unit/nppi/nppi_geometry_transforms/test_nppi_copyConstBorder.cpp:95&#x0A;Expected equality of these values:&#x0A;  dstData[dstIdx]&#x0A;    Which is: &apos;\0&apos;&#x0A;  borderValues[c]&#x0A;    Which is: &apos;\xC8&apos; (200)&#x0A;Border value mismatch at (15,20) channel 2&#x0A;" type=""><![CDATA[/home/cjxu/npp/test/unit/nppi/nppi_geometry_transforms/test_nppi_copyConstBorder.cpp:95
Expected equality of these values:
  dstData[dstIdx]
    Which is: '\0'
  borderValues[c]
    Which is: '\xC8' (200)
Border value mismatch at (15,20) channel 2
]]></failure>
      <failure message="/home/cjxu/npp/test/unit/nppi/nppi_geometry_transforms/test_nppi_copyConstBorder.cpp:95&#x0A;Expected equality of these values:&#x0A;  dstData[dstIdx]&#x0A;    Which is: &apos;\0&apos;&#x0A;  borderValues[c]&#x0A;    Which is: &apos;d&apos; (100, 0x64)&#x0A;Border value mismatch at (16,20) channel 0&#x0A;" type=""><![CDATA[/home/cjxu/npp/test/unit/nppi/nppi_geometry_transforms/test_nppi_copyConstBorder.cpp:95
Expected equality of these values:
  dstData[dstIdx]
    Which is: '\0'
  borderValues[c]
    Which is: 'd' (100, 0x64)
Border value mismatch at (16,20) channel 0
]]></failure>
      <failure message="/home/cjxu/npp/test/unit/nppi/nppi_geometry_transforms/test_nppi_copyConstBorder.cpp:95&#x0A;Expected equality of these values:&#x0A;  dstData[dstIdx]&#x0A;    Which is: &apos;\0&apos;&#x0A;  borderValues[c]&#x0A;    Which is: &apos;\x96&apos; (150)&#x0A;Border value mismatch at (16,20) channel 1&#x0A;" type=""><![CDATA[/home/cjxu/npp/test/unit/nppi/nppi_geometry_transforms/test_nppi_copyConstBorder.cpp:95
Expected equality of these values:
  dstData[dstIdx]
    Which is: '\0'
  borderValues[c]
    Which is: '\x96' (150)
Border value mismatch at (16,20) channel 1
]]></failure>
      <failure message="/home/cjxu/npp/test/unit/nppi/nppi_geometry_transforms/test_nppi_copyConstBorder.cpp:95&#x0A;Expected equality of these values:&#x0A;  dstData[dstIdx]&#x0A;    Which is: &apos;\0&apos;&#x0A;  borderValues[c]&#x0A;    Which is: &apos;\xC8&apos; (200)&#x0A;Border value mismatch at (16,20) channel 2&#x0A;" type=""><![CDATA[/home/cjxu/npp/test/unit/nppi/nppi_geometry_transforms/test_nppi_copyConstBorder.cpp:95
Expected equality of these values:
  dstData[dstIdx]
    Which is: '\0'
  borderValues[c]
    Which is: '\xC8' (200)
Border value mismatch at (16,20) channel 2
]]></failure>
      <failure message="/home/cjxu/npp/test/unit/nppi/nppi_geometry_transforms/test_nppi_copyConstBorder.cpp:95&#x0A;Expected equality of these values:&#x0A;  dstData[dstIdx]&#x0A;    Which is: &apos;\0&apos;&#x0A;  borderValues[c]&#x0A;    Which is: &apos;d&apos; (100, 0x64)&#x0A;Border value mismatch at (17,20) channel 0&#x0A;" type=""><![CDATA[/home/cjxu/npp/test/unit/nppi/nppi_geometry_transforms/test_nppi_copyConstBorder.cpp:95
Expected equality of these values:
  dstData[dstIdx]
    Which is: '\0'
  borderValues[c]
    Which is: 'd' (100, 0x64)
Border value mismatch at (17,20) channel 0
]]></failure>
      <failure message="/home/cjxu/npp/test/unit/nppi/nppi_geometry_transforms/test_nppi_copyConstBorder.cpp:95&#x0A;Expected equality of these values:&#x0A;  dstData[dstIdx]&#x0A;    Which is: &apos;\0&apos;&#x0A;  borderValues[c]&#x0A;    Which is: &apos;\x96&apos; (150)&#x0A;Border value mismatch at (17,20) channel 1&#x0A;" type=""><![CDATA[/home/cjxu/npp/test/unit/nppi/nppi_geometry_transforms/test_nppi_copyConstBorder.cpp:95
Expected equality of these values:
  dstData[dstIdx]
    Which is: '\0'
  borderValues[c]
    Which is: '\x96' (150)
Border value mismatch at (17,20) channel 1
]]></failure>
      <failure message="/home/cjxu/npp/test/unit/nppi/nppi_geometry_transforms/test_nppi_copyConstBorder.cpp:95&#x0A;Expected equality of these values:&#x0A;  dstData[dstIdx]&#x0A;    Which is: &apos;\0&apos;&#x0A;  borderValues[c]&#x0A;    Which is: &apos;\xC8&apos; (200)&#x0A;Border value mismatch at (17,20) channel 2&#x0A;" type=""><![CDATA[/home/cjxu/npp/test/unit/nppi/nppi_geometry_transforms/test_nppi_copyConstBorder.cpp:95
Expected equality of these values:
  dstData[dstIdx]
    Which is: '\0'
  borderValues[c]
    Which is: '\xC8' (200)
Border value mismatch at (17,20) channel 2
]]></failure>
      <failure message="/home/cjxu/npp/test/unit/nppi/nppi_geometry_transforms/test_nppi_copyConstBorder.cpp:95&#x0A;Expected equality of these values:&#x0A;  dstData[dstIdx]&#x0A;    Which is: &apos;\0&apos;&#x0A;  borderValues[c]&#x0A;    Which is: &apos;d&apos; (100, 0x64)&#x0A;Border value mismatch at (18,20) channel 0&#x0A;" type=""><![CDATA[/home/cjxu/npp/test/unit/nppi/nppi_geometry_transforms/test_nppi_copyConstBorder.cpp:95
Expected equality of these values:
  dstData[dstIdx]
    Which is: '\0'
  borderValues[c]
    Which is: 'd' (100, 0x64)
Border value mismatch at (18,20) channel 0
]]></failure>
      <failure message="/home/cjxu/npp/test/unit/nppi/nppi_geometry_transforms/test_nppi_copyConstBorder.cpp:95&#x0A;Expected equality of these values:&#x0A;  dstData[dstIdx]&#x0A;    Which is: &apos;\0&apos;&#x0A;  borderValues[c]&#x0A;    Which is: &apos;\x96&apos; (150)&#x0A;Border value mismatch at (18,20) channel 1&#x0A;" type=""><![CDATA[/home/cjxu/npp/test/unit/nppi/nppi_geometry_transforms/test_nppi_copyConstBorder.cpp:95
Expected equality of these values:
  dstData[dstIdx]
    Which is: '\0'
  borderValues[c]
    Which is: '\x96' (150)
Border value mismatch at (18,20) channel 1
]]></failure>
      <failure message="/home/cjxu/npp/test/unit/nppi/nppi_geometry_transforms/test_nppi_copyConstBorder.cpp:95&#x0A;Expected equality of these values:&#x0A;  dstData[dstIdx]&#x0A;    Which is: &apos;\0&apos;&#x0A;  borderValues[c]&#x0A;    Which is: &apos;\xC8&apos; (200)&#x0A;Border value mismatch at (18,20) channel 2&#x0A;" type=""><![CDATA[/home/cjxu/npp/test/unit/nppi/nppi_geometry_transforms/test_nppi_copyConstBorder.cpp:95
Expected equality of these values:
  dstData[dstIdx]
    Which is: '\0'
  borderValues[c]
    Which is: '\xC8' (200)
Border value mismatch at (18,20) channel 2
]]></failure>
      <failure message="/home/cjxu/npp/test/unit/nppi/nppi_geometry_transforms/test_nppi_copyConstBorder.cpp:95&#x0A;Expected equality of these values:&#x0A;  dstData[dstIdx]&#x0A;    Which is: &apos;\0&apos;&#x0A;  borderValues[c]&#x0A;    Which is: &apos;d&apos; (100, 0x64)&#x0A;Border value mismatch at (19,20) channel 0&#x0A;" type=""><![CDATA[/home/cjxu/npp/test/unit/nppi/nppi_geometry_transforms/test_nppi_copyConstBorder.cpp:95
Expected equality of these values:
  dstData[dstIdx]
    Which is: '\0'
  borderValues[c]
    Which is: 'd' (100, 0x64)
Border value mismatch at (19,20) channel 0
]]></failure>
      <failure message="/home/cjxu/npp/test/unit/nppi/nppi_geometry_transforms/test_nppi_copyConstBorder.cpp:95&#x0A;Expected equality of these values:&#x0A;  dstData[dstIdx]&#x0A;    Which is: &apos;\0&apos;&#x0A;  borderValues[c]&#x0A;    Which is: &apos;\x96&apos; (150)&#x0A;Border value mismatch at (19,20) channel 1&#x0A;" type=""><![CDATA[/home/cjxu/npp/test/unit/nppi/nppi_geometry_transforms/test_nppi_copyConstBorder.cpp:95
Expected equality of these values:
  dstData[dstIdx]
    Which is: '\0'
  borderValues[c]
    Which is: '\x96' (150)
Border value mismatch at (19,20) channel 1
]]></failure>
      <failure message="/home/cjxu/npp/test/unit/nppi/nppi_geometry_transforms/test_nppi_copyConstBorder.cpp:95&#x0A;Expected equality of these values:&#x0A;  dstData[dstIdx]&#x0A;    Which is: &apos;\0&apos;&#x0A;  borderValues[c]&#x0A;    Which is: &apos;\xC8&apos; (200)&#x0A;Border value mismatch at (19,20) channel 2&#x0A;" type=""><![CDATA[/home/cjxu/npp/test/unit/nppi/nppi_geometry_transforms/test_nppi_copyConstBorder.cpp:95
Expected equality of these values:
  dstData[dstIdx]
    Which is: '\0'
  borderValues[c]
    Which is: '\xC8' (200)
Border value mismatch at (19,20) channel 2
]]></failure>
      <failure message="/home/cjxu/npp/test/unit/nppi/nppi_geometry_transforms/test_nppi_copyConstBorder.cpp:95&#x0A;Expected equality of these values:&#x0A;  dstData[dstIdx]&#x0A;    Which is: &apos;\0&apos;&#x0A;  borderValues[c]&#x0A;    Which is: &apos;d&apos; (100, 0x64)&#x0A;Border value mismatch at (20,20) channel 0&#x0A;" type=""><![CDATA[/home/cjxu/npp/test/unit/nppi/nppi_geometry_transforms/test_nppi_copyConstBorder.cpp:95
Expected equality of these values:
  dstData[dstIdx]
    Which is: '\0'
  borderValues[c]
    Which is: 'd' (100, 0x64)
Border value mismatch at (20,20) channel 0
]]></failure>
      <failure message="/home/cjxu/npp/test/unit/nppi/nppi_geometry_transforms/test_nppi_copyConstBorder.cpp:95&#x0A;Expected equality of these values:&#x0A;  dstData[dstIdx]&#x0A;    Which is: &apos;\0&apos;&#x0A;  borderValues[c]&#x0A;    Which is: &apos;\x96&apos; (150)&#x0A;Border value mismatch at (20,20) channel 1&#x0A;" type=""><![CDATA[/home/cjxu/npp/test/unit/nppi/nppi_geometry_transforms/test_nppi_copyConstBorder.cpp:95
Expected equality of these values:
  dstData[dstIdx]
    Which is: '\0'
  borderValues[c]
    Which is: '\x96' (150)
Border value mismatch at (20,20) channel 1
]]></failure>
      <failure message="/home/cjxu/npp/test/unit/nppi/nppi_geometry_transforms/test_nppi_copyConstBorder.cpp:95&#x0A;Expected equality of these values:&#x0A;  dstData[dstIdx]&#x0A;    Which is: &apos;\0&apos;&#x0A;  borderValues[c]&#x0A;    Which is: &apos;\xC8&apos; (200)&#x0A;Border value mismatch at (20,20) channel 2&#x0A;" type=""><![CDATA[/home/cjxu/npp/test/unit/nppi/nppi_geometry_transforms/test_nppi_copyConstBorder.cpp:95
Expected equality of these values:
  dstData[dstIdx]
    Which is: '\0'
  borderValues[c]
    Which is: '\xC8' (200)
Border value mismatch at (20,20) channel 2
]]></failure>
      <failure message="/home/cjxu/npp/test/unit/nppi/nppi_geometry_transforms/test_nppi_copyConstBorder.cpp:95&#x0A;Expected equality of these values:&#x0A;  dstData[dstIdx]&#x0A;    Which is: &apos;\0&apos;&#x0A;  borderValues[c]&#x0A;    Which is: &apos;d&apos; (100, 0x64)&#x0A;Border value mismatch at (21,20) channel 0&#x0A;" type=""><![CDATA[/home/cjxu/npp/test/unit/nppi/nppi_geometry_transforms/test_nppi_copyConstBorder.cpp:95
Expected equality of these values:
  dstData[dstIdx]
    Which is: '\0'
  borderValues[c]
    Which is: 'd' (100, 0x64)
Border value mismatch at (21,20) channel 0
]]></failure>
      <failure message="/home/cjxu/npp/test/unit/nppi/nppi_geometry_transforms/test_nppi_copyConstBorder.cpp:95&#x0A;Expected equality of these values:&#x0A;  dstData[dstIdx]&#x0A;    Which is: &apos;\0&apos;&#x0A;  borderValues[c]&#x0A;    Which is: &apos;\x96&apos; (150)&#x0A;Border value mismatch at (21,20) channel 1&#x0A;" type=""><![CDATA[/home/cjxu/npp/test/unit/nppi/nppi_geometry_transforms/test_nppi_copyConstBorder.cpp:95
Expected equality of these values:
  dstData[dstIdx]
    Which is: '\0'
  borderValues[c]
    Which is: '\x96' (150)
Border value mismatch at (21,20) channel 1
]]></failure>
      <failure message="/home/cjxu/npp/test/unit/nppi/nppi_geometry_transforms/test_nppi_copyConstBorder.cpp:95&#x0A;Expected equality of these values:&#x0A;  dstData[dstIdx]&#x0A;    Which is: &apos;\0&apos;&#x0A;  borderValues[c]&#x0A;    Which is: &apos;\xC8&apos; (200)&#x0A;Border value mismatch at (21,20) channel 2&#x0A;" type=""><![CDATA[/home/cjxu/npp/test/unit/nppi/nppi_geometry_transforms/test_nppi_copyConstBorder.cpp:95
Expected equality of these values:
  dstData[dstIdx]
    Which is: '\0'
  borderValues[c]
    Which is: '\xC8' (200)
Border value mismatch at (21,20) channel 2
]]></failure>
      <failure message="/home/cjxu/npp/test/unit/nppi/nppi_geometry_transforms/test_nppi_copyConstBorder.cpp:95&#x0A;Expected equality of these values:&#x0A;  dstData[dstIdx]&#x0A;    Which is: &apos;\0&apos;&#x0A;  borderValues[c]&#x0A;    Which is: &apos;d&apos; (100, 0x64)&#x0A;Border value mismatch at (22,20) channel 0&#x0A;" type=""><![CDATA[/home/cjxu/npp/test/unit/nppi/nppi_geometry_transforms/test_nppi_copyConstBorder.cpp:95
Expected equality of these values:
  dstData[dstIdx]
    Which is: '\0'
  borderValues[c]
    Which is: 'd' (100, 0x64)
Border value mismatch at (22,20) channel 0
]]></failure>
      <failure message="/home/cjxu/npp/test/unit/nppi/nppi_geometry_transforms/test_nppi_copyConstBorder.cpp:95&#x0A;Expected equality of these values:&#x0A;  dstData[dstIdx]&#x0A;    Which is: &apos;\0&apos;&#x0A;  borderValues[c]&#x0A;    Which is: &apos;\x96&apos; (150)&#x0A;Border value mismatch at (22,20) channel 1&#x0A;" type=""><![CDATA[/home/cjxu/npp/test/unit/nppi/nppi_geometry_transforms/test_nppi_copyConstBorder.cpp:95
Expected equality of these values:
  dstData[dstIdx]
    Which is: '\0'
  borderValues[c]
    Which is: '\x96' (150)
Border value mismatch at (22,20) channel 1
]]></failure>
      <failure message="/home/cjxu/npp/test/unit/nppi/nppi_geometry_transforms/test_nppi_copyConstBorder.cpp:95&#x0A;Expected equality of these values:&#x0A;  dstData[dstIdx]&#x0A;    Which is: &apos;\0&apos;&#x0A;  borderValues[c]&#x0A;    Which is: &apos;\xC8&apos; (200)&#x0A;Border value mismatch at (22,20) channel 2&#x0A;" type=""><![CDATA[/home/cjxu/npp/test/unit/nppi/nppi_geometry_transforms/test_nppi_copyConstBorder.cpp:95
Expected equality of these values:
  dstData[dstIdx]
    Which is: '\0'
  borderValues[c]
    Which is: '\xC8' (200)
Border value mismatch at (22,20) channel 2
]]></failure>
      <failure message="/home/cjxu/npp/test/unit/nppi/nppi_geometry_transforms/test_nppi_copyConstBorder.cpp:95&#x0A;Expected equality of these values:&#x0A;  dstData[dstIdx]&#x0A;    Which is: &apos;\0&apos;&#x0A;  borderValues[c]&#x0A;    Which is: &apos;d&apos; (100, 0x64)&#x0A;Border value mismatch at (23,20) channel 0&#x0A;" type=""><![CDATA[/home/cjxu/npp/test/unit/nppi/nppi_geometry_transforms/test_nppi_copyConstBorder.cpp:95
Expected equality of these values:
  dstData[dstIdx]
    Which is: '\0'
  borderValues[c]
    Which is: 'd' (100, 0x64)
Border value mismatch at (23,20) channel 0
]]></failure>
      <failure message="/home/cjxu/npp/test/unit/nppi/nppi_geometry_transforms/test_nppi_copyConstBorder.cpp:95&#x0A;Expected equality of these values:&#x0A;  dstData[dstIdx]&#x0A;    Which is: &apos;\0&apos;&#x0A;  borderValues[c]&#x0A;    Which is: &apos;\x96&apos; (150)&#x0A;Border value mismatch at (23,20) channel 1&#x0A;" type=""><![CDATA[/home/cjxu/npp/test/unit/nppi/nppi_geometry_transforms/test_nppi_copyConstBorder.cpp:95
Expected equality of these values:
  dstData[dstIdx]
    Which is: '\0'
  borderValues[c]
    Which is: '\x96' (150)
Border value mismatch at (23,20) channel 1
]]></failure>
      <failure message="/home/cjxu/npp/test/unit/nppi/nppi_geometry_transforms/test_nppi_copyConstBorder.cpp:95&#x0A;Expected equality of these values:&#x0A;  dstData[dstIdx]&#x0A;    Which is: &apos;\0&apos;&#x0A;  borderValues[c]&#x0A;    Which is: &apos;\xC8&apos; (200)&#x0A;Border value mismatch at (23,20) channel 2&#x0A;" type=""><![CDATA[/home/cjxu/npp/test/unit/nppi/nppi_geometry_transforms/test_nppi_copyConstBorder.cpp:95
Expected equality of these values:
  dstData[dstIdx]
    Which is: '\0'
  borderValues[c]
    Which is: '\xC8' (200)
Border value mismatch at (23,20) channel 2
]]></failure>
      <failure message="/home/cjxu/npp/test/unit/nppi/nppi_geometry_transforms/test_nppi_copyConstBorder.cpp:95&#x0A;Expected equality of these values:&#x0A;  dstData[dstIdx]&#x0A;    Which is: &apos;\0&apos;&#x0A;  borderValues[c]&#x0A;    Which is: &apos;d&apos; (100, 0x64)&#x0A;Border value mismatch at (0,21) channel 0&#x0A;" type=""><![CDATA[/home/cjxu/npp/test/unit/nppi/nppi_geometry_transforms/test_nppi_copyConstBorder.cpp:95
Expected equality of these values:
  dstData[dstIdx]
    Which is: '\0'
  borderValues[c]
    Which is: 'd' (100, 0x64)
Border value mismatch at (0,21) channel 0
]]></failure>
      <failure message="/home/cjxu/npp/test/unit/nppi/nppi_geometry_transforms/test_nppi_copyConstBorder.cpp:95&#x0A;Expected equality of these values:&#x0A;  dstData[dstIdx]&#x0A;    Which is: &apos;\0&apos;&#x0A;  borderValues[c]&#x0A;    Which is: &apos;\x96&apos; (150)&#x0A;Border value mismatch at (0,21) channel 1&#x0A;" type=""><![CDATA[/home/cjxu/npp/test/unit/nppi/nppi_geometry_transforms/test_nppi_copyConstBorder.cpp:95
Expected equality of these values:
  dstData[dstIdx]
    Which is: '\0'
  borderValues[c]
    Which is: '\x96' (150)
Border value mismatch at (0,21) channel 1
]]></failure>
      <failure message="/home/cjxu/npp/test/unit/nppi/nppi_geometry_transforms/test_nppi_copyConstBorder.cpp:95&#x0A;Expected equality of these values:&#x0A;  dstData[dstIdx]&#x0A;    Which is: &apos;\0&apos;&#x0A;  borderValues[c]&#x0A;    Which is: &apos;\xC8&apos; (200)&#x0A;Border value mismatch at (0,21) channel 2&#x0A;" type=""><![CDATA[/home/cjxu/npp/test/unit/nppi/nppi_geometry_transforms/test_nppi_copyConstBorder.cpp:95
Expected equality of these values:
  dstData[dstIdx]
    Which is: '\0'
  borderValues[c]
    Which is: '\xC8' (200)
Border value mismatch at (0,21) channel 2
]]></failure>
      <failure message="/home/cjxu/npp/test/unit/nppi/nppi_geometry_transforms/test_nppi_copyConstBorder.cpp:95&#x0A;Expected equality of these values:&#x0A;  dstData[dstIdx]&#x0A;    Which is: &apos;\0&apos;&#x0A;  borderValues[c]&#x0A;    Which is: &apos;d&apos; (100, 0x64)&#x0A;Border value mismatch at (1,21) channel 0&#x0A;" type=""><![CDATA[/home/cjxu/npp/test/unit/nppi/nppi_geometry_transforms/test_nppi_copyConstBorder.cpp:95
Expected equality of these values:
  dstData[dstIdx]
    Which is: '\0'
  borderValues[c]
    Which is: 'd' (100, 0x64)
Border value mismatch at (1,21) channel 0
]]></failure>
      <failure message="/home/cjxu/npp/test/unit/nppi/nppi_geometry_transforms/test_nppi_copyConstBorder.cpp:95&#x0A;Expected equality of these values:&#x0A;  dstData[dstIdx]&#x0A;    Which is: &apos;\0&apos;&#x0A;  borderValues[c]&#x0A;    Which is: &apos;\x96&apos; (150)&#x0A;Border value mismatch at (1,21) channel 1&#x0A;" type=""><![CDATA[/home/cjxu/npp/test/unit/nppi/nppi_geometry_transforms/test_nppi_copyConstBorder.cpp:95
Expected equality of these values:
  dstData[dstIdx]
    Which is: '\0'
  borderValues[c]
    Which is: '\x96' (150)
Border value mismatch at (1,21) channel 1
]]></failure>
      <failure message="/home/cjxu/npp/test/unit/nppi/nppi_geometry_transforms/test_nppi_copyConstBorder.cpp:95&#x0A;Expected equality of these values:&#x0A;  dstData[dstIdx]&#x0A;    Which is: &apos;\0&apos;&#x0A;  borderValues[c]&#x0A;    Which is: &apos;\xC8&apos; (200)&#x0A;Border value mismatch at (1,21) channel 2&#x0A;" type=""><![CDATA[/home/cjxu/npp/test/unit/nppi/nppi_geometry_transforms/test_nppi_copyConstBorder.cpp:95
Expected equality of these values:
  dstData[dstIdx]
    Which is: '\0'
  borderValues[c]
    Which is: '\xC8' (200)
Border value mismatch at (1,21) channel 2
]]></failure>
      <failure message="/home/cjxu/npp/test/unit/nppi/nppi_geometry_transforms/test_nppi_copyConstBorder.cpp:95&#x0A;Expected equality of these values:&#x0A;  dstData[dstIdx]&#x0A;    Which is: &apos;\0&apos;&#x0A;  borderValues[c]&#x0A;    Which is: &apos;d&apos; (100, 0x64)&#x0A;Border value mismatch at (2,21) channel 0&#x0A;" type=""><![CDATA[/home/cjxu/npp/test/unit/nppi/nppi_geometry_transforms/test_nppi_copyConstBorder.cpp:95
Expected equality of these values:
  dstData[dstIdx]
    Which is: '\0'
  borderValues[c]
    Which is: 'd' (100, 0x64)
Border value mismatch at (2,21) channel 0
]]></failure>
      <failure message="/home/cjxu/npp/test/unit/nppi/nppi_geometry_transforms/test_nppi_copyConstBorder.cpp:95&#x0A;Expected equality of these values:&#x0A;  dstData[dstIdx]&#x0A;    Which is: &apos;\0&apos;&#x0A;  borderValues[c]&#x0A;    Which is: &apos;\x96&apos; (150)&#x0A;Border value mismatch at (2,21) channel 1&#x0A;" type=""><![CDATA[/home/cjxu/npp/test/unit/nppi/nppi_geometry_transforms/test_nppi_copyConstBorder.cpp:95
Expected equality of these values:
  dstData[dstIdx]
    Which is: '\0'
  borderValues[c]
    Which is: '\x96' (150)
Border value mismatch at (2,21) channel 1
]]></failure>
      <failure message="/home/cjxu/npp/test/unit/nppi/nppi_geometry_transforms/test_nppi_copyConstBorder.cpp:95&#x0A;Expected equality of these values:&#x0A;  dstData[dstIdx]&#x0A;    Which is: &apos;\0&apos;&#x0A;  borderValues[c]&#x0A;    Which is: &apos;\xC8&apos; (200)&#x0A;Border value mismatch at (2,21) channel 2&#x0A;" type=""><![CDATA[/home/cjxu/npp/test/unit/nppi/nppi_geometry_transforms/test_nppi_copyConstBorder.cpp:95
Expected equality of these values:
  dstData[dstIdx]
    Which is: '\0'
  borderValues[c]
    Which is: '\xC8' (200)
Border value mismatch at (2,21) channel 2
]]></failure>
      <failure message="/home/cjxu/npp/test/unit/nppi/nppi_geometry_transforms/test_nppi_copyConstBorder.cpp:95&#x0A;Expected equality of these values:&#x0A;  dstData[dstIdx]&#x0A;    Which is: &apos;\0&apos;&#x0A;  borderValues[c]&#x0A;    Which is: &apos;d&apos; (100, 0x64)&#x0A;Border value mismatch at (3,21) channel 0&#x0A;" type=""><![CDATA[/home/cjxu/npp/test/unit/nppi/nppi_geometry_transforms/test_nppi_copyConstBorder.cpp:95
Expected equality of these values:
  dstData[dstIdx]
    Which is: '\0'
  borderValues[c]
    Which is: 'd' (100, 0x64)
Border value mismatch at (3,21) channel 0
]]></failure>
      <failure message="/home/cjxu/npp/test/unit/nppi/nppi_geometry_transforms/test_nppi_copyConstBorder.cpp:95&#x0A;Expected equality of these values:&#x0A;  dstData[dstIdx]&#x0A;    Which is: &apos;\0&apos;&#x0A;  borderValues[c]&#x0A;    Which is: &apos;\x96&apos; (150)&#x0A;Border value mismatch at (3,21) channel 1&#x0A;" type=""><![CDATA[/home/cjxu/npp/test/unit/nppi/nppi_geometry_transforms/test_nppi_copyConstBorder.cpp:95
Expected equality of these values:
  dstData[dstIdx]
    Which is: '\0'
  borderValues[c]
    Which is: '\x96' (150)
Border value mismatch at (3,21) channel 1
]]></failure>
      <failure message="/home/cjxu/npp/test/unit/nppi/nppi_geometry_transforms/test_nppi_copyConstBorder.cpp:95&#x0A;Expected equality of these values:&#x0A;  dstData[dstIdx]&#x0A;    Which is: &apos;\0&apos;&#x0A;  borderValues[c]&#x0A;    Which is: &apos;\xC8&apos; (200)&#x0A;Border value mismatch at (3,21) channel 2&#x0A;" type=""><![CDATA[/home/cjxu/npp/test/unit/nppi/nppi_geometry_transforms/test_nppi_copyConstBorder.cpp:95
Expected equality of these values:
  dstData[dstIdx]
    Which is: '\0'
  borderValues[c]
    Which is: '\xC8' (200)
Border value mismatch at (3,21) channel 2
]]></failure>
      <failure message="/home/cjxu/npp/test/unit/nppi/nppi_geometry_transforms/test_nppi_copyConstBorder.cpp:95&#x0A;Expected equality of these values:&#x0A;  dstData[dstIdx]&#x0A;    Which is: &apos;\0&apos;&#x0A;  borderValues[c]&#x0A;    Which is: &apos;d&apos; (100, 0x64)&#x0A;Border value mismatch at (4,21) channel 0&#x0A;" type=""><![CDATA[/home/cjxu/npp/test/unit/nppi/nppi_geometry_transforms/test_nppi_copyConstBorder.cpp:95
Expected equality of these values:
  dstData[dstIdx]
    Which is: '\0'
  borderValues[c]
    Which is: 'd' (100, 0x64)
Border value mismatch at (4,21) channel 0
]]></failure>
      <failure message="/home/cjxu/npp/test/unit/nppi/nppi_geometry_transforms/test_nppi_copyConstBorder.cpp:95&#x0A;Expected equality of these values:&#x0A;  dstData[dstIdx]&#x0A;    Which is: &apos;\0&apos;&#x0A;  borderValues[c]&#x0A;    Which is: &apos;\x96&apos; (150)&#x0A;Border value mismatch at (4,21) channel 1&#x0A;" type=""><![CDATA[/home/cjxu/npp/test/unit/nppi/nppi_geometry_transforms/test_nppi_copyConstBorder.cpp:95
Expected equality of these values:
  dstData[dstIdx]
    Which is: '\0'
  borderValues[c]
    Which is: '\x96' (150)
Border value mismatch at (4,21) channel 1
]]></failure>
      <failure message="/home/cjxu/npp/test/unit/nppi/nppi_geometry_transforms/test_nppi_copyConstBorder.cpp:95&#x0A;Expected equality of these values:&#x0A;  dstData[dstIdx]&#x0A;    Which is: &apos;\0&apos;&#x0A;  borderValues[c]&#x0A;    Which is: &apos;\xC8&apos; (200)&#x0A;Border value mismatch at (4,21) channel 2&#x0A;" type=""><![CDATA[/home/cjxu/npp/test/unit/nppi/nppi_geometry_transforms/test_nppi_copyConstBorder.cpp:95
Expected equality of these values:
  dstData[dstIdx]
    Which is: '\0'
  borderValues[c]
    Which is: '\xC8' (200)
Border value mismatch at (4,21) channel 2
]]></failure>
      <failure message="/home/cjxu/npp/test/unit/nppi/nppi_geometry_transforms/test_nppi_copyConstBorder.cpp:95&#x0A;Expected equality of these values:&#x0A;  dstData[dstIdx]&#x0A;    Which is: &apos;\0&apos;&#x0A;  borderValues[c]&#x0A;    Which is: &apos;d&apos; (100, 0x64)&#x0A;Border value mismatch at (5,21) channel 0&#x0A;" type=""><![CDATA[/home/cjxu/npp/test/unit/nppi/nppi_geometry_transforms/test_nppi_copyConstBorder.cpp:95
Expected equality of these values:
  dstData[dstIdx]
    Which is: '\0'
  borderValues[c]
    Which is: 'd' (100, 0x64)
Border value mismatch at (5,21) channel 0
]]></failure>
      <failure message="/home/cjxu/npp/test/unit/nppi/nppi_geometry_transforms/test_nppi_copyConstBorder.cpp:95&#x0A;Expected equality of these values:&#x0A;  dstData[dstIdx]&#x0A;    Which is: &apos;\0&apos;&#x0A;  borderValues[c]&#x0A;    Which is: &apos;\x96&apos; (150)&#x0A;Border value mismatch at (5,21) channel 1&#x0A;" type=""><![CDATA[/home/cjxu/npp/test/unit/nppi/nppi_geometry_transforms/test_nppi_copyConstBorder.cpp:95
Expected equality of these values:
  dstData[dstIdx]
    Which is: '\0'
  borderValues[c]
    Which is: '\x96' (150)
Border value mismatch at (5,21) channel 1
]]></failure>
      <failure message="/home/cjxu/npp/test/unit/nppi/nppi_geometry_transforms/test_nppi_copyConstBorder.cpp:95&#x0A;Expected equality of these values:&#x0A;  dstData[dstIdx]&#x0A;    Which is: &apos;\0&apos;&#x0A;  borderValues[c]&#x0A;    Which is: &apos;\xC8&apos; (200)&#x0A;Border value mismatch at (5,21) channel 2&#x0A;" type=""><![CDATA[/home/cjxu/npp/test/unit/nppi/nppi_geometry_transforms/test_nppi_copyConstBorder.cpp:95
Expected equality of these values:
  dstData[dstIdx]
    Which is: '\0'
  borderValues[c]
    Which is: '\xC8' (200)
Border value mismatch at (5,21) channel 2
]]></failure>
      <failure message="/home/cjxu/npp/test/unit/nppi/nppi_geometry_transforms/test_nppi_copyConstBorder.cpp:95&#x0A;Expected equality of these values:&#x0A;  dstData[dstIdx]&#x0A;    Which is: &apos;\0&apos;&#x0A;  borderValues[c]&#x0A;    Which is: &apos;d&apos; (100, 0x64)&#x0A;Border value mismatch at (6,21) channel 0&#x0A;" type=""><![CDATA[/home/cjxu/npp/test/unit/nppi/nppi_geometry_transforms/test_nppi_copyConstBorder.cpp:95
Expected equality of these values:
  dstData[dstIdx]
    Which is: '\0'
  borderValues[c]
    Which is: 'd' (100, 0x64)
Border value mismatch at (6,21) channel 0
]]></failure>
      <failure message="/home/cjxu/npp/test/unit/nppi/nppi_geometry_transforms/test_nppi_copyConstBorder.cpp:95&#x0A;Expected equality of these values:&#x0A;  dstData[dstIdx]&#x0A;    Which is: &apos;\0&apos;&#x0A;  borderValues[c]&#x0A;    Which is: &apos;\x96&apos; (150)&#x0A;Border value mismatch at (6,21) channel 1&#x0A;" type=""><![CDATA[/home/cjxu/npp/test/unit/nppi/nppi_geometry_transforms/test_nppi_copyConstBorder.cpp:95
Expected equality of these values:
  dstData[dstIdx]
    Which is: '\0'
  borderValues[c]
    Which is: '\x96' (150)
Border value mismatch at (6,21) channel 1
]]></failure>
      <failure message="/home/cjxu/npp/test/unit/nppi/nppi_geometry_transforms/test_nppi_copyConstBorder.cpp:95&#x0A;Expected equality of these values:&#x0A;  dstData[dstIdx]&#x0A;    Which is: &apos;\0&apos;&#x0A;  borderValues[c]&#x0A;    Which is: &apos;\xC8&apos; (200)&#x0A;Border value mismatch at (6,21) channel 2&#x0A;" type=""><![CDATA[/home/cjxu/npp/test/unit/nppi/nppi_geometry_transforms/test_nppi_copyConstBorder.cpp:95
Expected equality of these values:
  dstData[dstIdx]
    Which is: '\0'
  borderValues[c]
    Which is: '\xC8' (200)
Border value mismatch at (6,21) channel 2
]]></failure>
      <failure message="/home/cjxu/npp/test/unit/nppi/nppi_geometry_transforms/test_nppi_copyConstBorder.cpp:95&#x0A;Expected equality of these values:&#x0A;  dstData[dstIdx]&#x0A;    Which is: &apos;\0&apos;&#x0A;  borderValues[c]&#x0A;    Which is: &apos;d&apos; (100, 0x64)&#x0A;Border value mismatch at (7,21) channel 0&#x0A;" type=""><![CDATA[/home/cjxu/npp/test/unit/nppi/nppi_geometry_transforms/test_nppi_copyConstBorder.cpp:95
Expected equality of these values:
  dstData[dstIdx]
    Which is: '\0'
  borderValues[c]
    Which is: 'd' (100, 0x64)
Border value mismatch at (7,21) channel 0
]]></failure>
      <failure message="/home/cjxu/npp/test/unit/nppi/nppi_geometry_transforms/test_nppi_copyConstBorder.cpp:95&#x0A;Expected equality of these values:&#x0A;  dstData[dstIdx]&#x0A;    Which is: &apos;\0&apos;&#x0A;  borderValues[c]&#x0A;    Which is: &apos;\x96&apos; (150)&#x0A;Border value mismatch at (7,21) channel 1&#x0A;" type=""><![CDATA[/home/cjxu/npp/test/unit/nppi/nppi_geometry_transforms/test_nppi_copyConstBorder.cpp:95
Expected equality of these values:
  dstData[dstIdx]
    Which is: '\0'
  borderValues[c]
    Which is: '\x96' (150)
Border value mismatch at (7,21) channel 1
]]></failure>
      <failure message="/home/cjxu/npp/test/unit/nppi/nppi_geometry_transforms/test_nppi_copyConstBorder.cpp:95&#x0A;Expected equality of these values:&#x0A;  dstData[dstIdx]&#x0A;    Which is: &apos;\0&apos;&#x0A;  borderValues[c]&#x0A;    Which is: &apos;\xC8&apos; (200)&#x0A;Border value mismatch at (7,21) channel 2&#x0A;" type=""><![CDATA[/home/cjxu/npp/test/unit/nppi/nppi_geometry_transforms/test_nppi_copyConstBorder.cpp:95
Expected equality of these values:
  dstData[dstIdx]
    Which is: '\0'
  borderValues[c]
    Which is: '\xC8' (200)
Border value mismatch at (7,21) channel 2
]]></failure>
      <failure message="/home/cjxu/npp/test/unit/nppi/nppi_geometry_transforms/test_nppi_copyConstBorder.cpp:95&#x0A;Expected equality of these values:&#x0A;  dstData[dstIdx]&#x0A;    Which is: &apos;\0&apos;&#x0A;  borderValues[c]&#x0A;    Which is: &apos;d&apos; (100, 0x64)&#x0A;Border value mismatch at (8,21) channel 0&#x0A;" type=""><![CDATA[/home/cjxu/npp/test/unit/nppi/nppi_geometry_transforms/test_nppi_copyConstBorder.cpp:95
Expected equality of these values:
  dstData[dstIdx]
    Which is: '\0'
  borderValues[c]
    Which is: 'd' (100, 0x64)
Border value mismatch at (8,21) channel 0
]]></failure>
      <failure message="/home/cjxu/npp/test/unit/nppi/nppi_geometry_transforms/test_nppi_copyConstBorder.cpp:95&#x0A;Expected equality of these values:&#x0A;  dstData[dstIdx]&#x0A;    Which is: &apos;\0&apos;&#x0A;  borderValues[c]&#x0A;    Which is: &apos;\x96&apos; (150)&#x0A;Border value mismatch at (8,21) channel 1&#x0A;" type=""><![CDATA[/home/cjxu/npp/test/unit/nppi/nppi_geometry_transforms/test_nppi_copyConstBorder.cpp:95
Expected equality of these values:
  dstData[dstIdx]
    Which is: '\0'
  borderValues[c]
    Which is: '\x96' (150)
Border value mismatch at (8,21) channel 1
]]></failure>
      <failure message="/home/cjxu/npp/test/unit/nppi/nppi_geometry_transforms/test_nppi_copyConstBorder.cpp:95&#x0A;Expected equality of these values:&#x0A;  dstData[dstIdx]&#x0A;    Which is: &apos;\0&apos;&#x0A;  borderValues[c]&#x0A;    Which is: &apos;\xC8&apos; (200)&#x0A;Border value mismatch at (8,21) channel 2&#x0A;" type=""><![CDATA[/home/cjxu/npp/test/unit/nppi/nppi_geometry_transforms/test_nppi_copyConstBorder.cpp:95
Expected equality of these values:
  dstData[dstIdx]
    Which is: '\0'
  borderValues[c]
    Which is: '\xC8' (200)
Border value mismatch at (8,21) channel 2
]]></failure>
      <failure message="/home/cjxu/npp/test/unit/nppi/nppi_geometry_transforms/test_nppi_copyConstBorder.cpp:95&#x0A;Expected equality of these values:&#x0A;  dstData[dstIdx]&#x0A;    Which is: &apos;\0&apos;&#x0A;  borderValues[c]&#x0A;    Which is: &apos;d&apos; (100, 0x64)&#x0A;Border value mismatch at (9,21) channel 0&#x0A;" type=""><![CDATA[/home/cjxu/npp/test/unit/nppi/nppi_geometry_transforms/test_nppi_copyConstBorder.cpp:95
Expected equality of these values:
  dstData[dstIdx]
    Which is: '\0'
  borderValues[c]
    Which is: 'd' (100, 0x64)
Border value mismatch at (9,21) channel 0
]]></failure>
      <failure message="/home/cjxu/npp/test/unit/nppi/nppi_geometry_transforms/test_nppi_copyConstBorder.cpp:95&#x0A;Expected equality of these values:&#x0A;  dstData[dstIdx]&#x0A;    Which is: &apos;\0&apos;&#x0A;  borderValues[c]&#x0A;    Which is: &apos;\x96&apos; (150)&#x0A;Border value mismatch at (9,21) channel 1&#x0A;" type=""><![CDATA[/home/cjxu/npp/test/unit/nppi/nppi_geometry_transforms/test_nppi_copyConstBorder.cpp:95
Expected equality of these values:
  dstData[dstIdx]
    Which is: '\0'
  borderValues[c]
    Which is: '\x96' (150)
Border value mismatch at (9,21) channel 1
]]></failure>
      <failure message="/home/cjxu/npp/test/unit/nppi/nppi_geometry_transforms/test_nppi_copyConstBorder.cpp:95&#x0A;Expected equality of these values:&#x0A;  dstData[dstIdx]&#x0A;    Which is: &apos;\0&apos;&#x0A;  borderValues[c]&#x0A;    Which is: &apos;\xC8&apos; (200)&#x0A;Border value mismatch at (9,21) channel 2&#x0A;" type=""><![CDATA[/home/cjxu/npp/test/unit/nppi/nppi_geometry_transforms/test_nppi_copyConstBorder.cpp:95
Expected equality of these values:
  dstData[dstIdx]
    Which is: '\0'
  borderValues[c]
    Which is: '\xC8' (200)
Border value mismatch at (9,21) channel 2
]]></failure>
      <failure message="/home/cjxu/npp/test/unit/nppi/nppi_geometry_transforms/test_nppi_copyConstBorder.cpp:95&#x0A;Expected equality of these values:&#x0A;  dstData[dstIdx]&#x0A;    Which is: &apos;\0&apos;&#x0A;  borderValues[c]&#x0A;    Which is: &apos;d&apos; (100, 0x64)&#x0A;Border value mismatch at (10,21) channel 0&#x0A;" type=""><![CDATA[/home/cjxu/npp/test/unit/nppi/nppi_geometry_transforms/test_nppi_copyConstBorder.cpp:95
Expected equality of these values:
  dstData[dstIdx]
    Which is: '\0'
  borderValues[c]
    Which is: 'd' (100, 0x64)
Border value mismatch at (10,21) channel 0
]]></failure>
      <failure message="/home/cjxu/npp/test/unit/nppi/nppi_geometry_transforms/test_nppi_copyConstBorder.cpp:95&#x0A;Expected equality of these values:&#x0A;  dstData[dstIdx]&#x0A;    Which is: &apos;\0&apos;&#x0A;  borderValues[c]&#x0A;    Which is: &apos;\x96&apos; (150)&#x0A;Border value mismatch at (10,21) channel 1&#x0A;" type=""><![CDATA[/home/cjxu/npp/test/unit/nppi/nppi_geometry_transforms/test_nppi_copyConstBorder.cpp:95
Expected equality of these values:
  dstData[dstIdx]
    Which is: '\0'
  borderValues[c]
    Which is: '\x96' (150)
Border value mismatch at (10,21) channel 1
]]></failure>
      <failure message="/home/cjxu/npp/test/unit/nppi/nppi_geometry_transforms/test_nppi_copyConstBorder.cpp:95&#x0A;Expected equality of these values:&#x0A;  dstData[dstIdx]&#x0A;    Which is: &apos;\0&apos;&#x0A;  borderValues[c]&#x0A;    Which is: &apos;\xC8&apos; (200)&#x0A;Border value mismatch at (10,21) channel 2&#x0A;" type=""><![CDATA[/home/cjxu/npp/test/unit/nppi/nppi_geometry_transforms/test_nppi_copyConstBorder.cpp:95
Expected equality of these values:
  dstData[dstIdx]
    Which is: '\0'
  borderValues[c]
    Which is: '\xC8' (200)
Border value mismatch at (10,21) channel 2
]]></failure>
      <failure message="/home/cjxu/npp/test/unit/nppi/nppi_geometry_transforms/test_nppi_copyConstBorder.cpp:95&#x0A;Expected equality of these values:&#x0A;  dstData[dstIdx]&#x0A;    Which is: &apos;\0&apos;&#x0A;  borderValues[c]&#x0A;    Which is: &apos;d&apos; (100, 0x64)&#x0A;Border value mismatch at (11,21) channel 0&#x0A;" type=""><![CDATA[/home/cjxu/npp/test/unit/nppi/nppi_geometry_transforms/test_nppi_copyConstBorder.cpp:95
Expected equality of these values:
  dstData[dstIdx]
    Which is: '\0'
  borderValues[c]
    Which is: 'd' (100, 0x64)
Border value mismatch at (11,21) channel 0
]]></failure>
      <failure message="/home/cjxu/npp/test/unit/nppi/nppi_geometry_transforms/test_nppi_copyConstBorder.cpp:95&#x0A;Expected equality of these values:&#x0A;  dstData[dstIdx]&#x0A;    Which is: &apos;\0&apos;&#x0A;  borderValues[c]&#x0A;    Which is: &apos;\x96&apos; (150)&#x0A;Border value mismatch at (11,21) channel 1&#x0A;" type=""><![CDATA[/home/cjxu/npp/test/unit/nppi/nppi_geometry_transforms/test_nppi_copyConstBorder.cpp:95
Expected equality of these values:
  dstData[dstIdx]
    Which is: '\0'
  borderValues[c]
    Which is: '\x96' (150)
Border value mismatch at (11,21) channel 1
]]></failure>
      <failure message="/home/cjxu/npp/test/unit/nppi/nppi_geometry_transforms/test_nppi_copyConstBorder.cpp:95&#x0A;Expected equality of these values:&#x0A;  dstData[dstIdx]&#x0A;    Which is: &apos;\0&apos;&#x0A;  borderValues[c]&#x0A;    Which is: &apos;\xC8&apos; (200)&#x0A;Border value mismatch at (11,21) channel 2&#x0A;" type=""><![CDATA[/home/cjxu/npp/test/unit/nppi/nppi_geometry_transforms/test_nppi_copyConstBorder.cpp:95
Expected equality of these values:
  dstData[dstIdx]
    Which is: '\0'
  borderValues[c]
    Which is: '\xC8' (200)
Border value mismatch at (11,21) channel 2
]]></failure>
      <failure message="/home/cjxu/npp/test/unit/nppi/nppi_geometry_transforms/test_nppi_copyConstBorder.cpp:95&#x0A;Expected equality of these values:&#x0A;  dstData[dstIdx]&#x0A;    Which is: &apos;\0&apos;&#x0A;  borderValues[c]&#x0A;    Which is: &apos;d&apos; (100, 0x64)&#x0A;Border value mismatch at (12,21) channel 0&#x0A;" type=""><![CDATA[/home/cjxu/npp/test/unit/nppi/nppi_geometry_transforms/test_nppi_copyConstBorder.cpp:95
Expected equality of these values:
  dstData[dstIdx]
    Which is: '\0'
  borderValues[c]
    Which is: 'd' (100, 0x64)
Border value mismatch at (12,21) channel 0
]]></failure>
      <failure message="/home/cjxu/npp/test/unit/nppi/nppi_geometry_transforms/test_nppi_copyConstBorder.cpp:95&#x0A;Expected equality of these values:&#x0A;  dstData[dstIdx]&#x0A;    Which is: &apos;\0&apos;&#x0A;  borderValues[c]&#x0A;    Which is: &apos;\x96&apos; (150)&#x0A;Border value mismatch at (12,21) channel 1&#x0A;" type=""><![CDATA[/home/cjxu/npp/test/unit/nppi/nppi_geometry_transforms/test_nppi_copyConstBorder.cpp:95
Expected equality of these values:
  dstData[dstIdx]
    Which is: '\0'
  borderValues[c]
    Which is: '\x96' (150)
Border value mismatch at (12,21) channel 1
]]></failure>
      <failure message="/home/cjxu/npp/test/unit/nppi/nppi_geometry_transforms/test_nppi_copyConstBorder.cpp:95&#x0A;Expected equality of these values:&#x0A;  dstData[dstIdx]&#x0A;    Which is: &apos;\0&apos;&#x0A;  borderValues[c]&#x0A;    Which is: &apos;\xC8&apos; (200)&#x0A;Border value mismatch at (12,21) channel 2&#x0A;" type=""><![CDATA[/home/cjxu/npp/test/unit/nppi/nppi_geometry_transforms/test_nppi_copyConstBorder.cpp:95
Expected equality of these values:
  dstData[dstIdx]
    Which is: '\0'
  borderValues[c]
    Which is: '\xC8' (200)
Border value mismatch at (12,21) channel 2
]]></failure>
      <failure message="/home/cjxu/npp/test/unit/nppi/nppi_geometry_transforms/test_nppi_copyConstBorder.cpp:95&#x0A;Expected equality of these values:&#x0A;  dstData[dstIdx]&#x0A;    Which is: &apos;\0&apos;&#x0A;  borderValues[c]&#x0A;    Which is: &apos;d&apos; (100, 0x64)&#x0A;Border value mismatch at (13,21) channel 0&#x0A;" type=""><![CDATA[/home/cjxu/npp/test/unit/nppi/nppi_geometry_transforms/test_nppi_copyConstBorder.cpp:95
Expected equality of these values:
  dstData[dstIdx]
    Which is: '\0'
  borderValues[c]
    Which is: 'd' (100, 0x64)
Border value mismatch at (13,21) channel 0
]]></failure>
      <failure message="/home/cjxu/npp/test/unit/nppi/nppi_geometry_transforms/test_nppi_copyConstBorder.cpp:95&#x0A;Expected equality of these values:&#x0A;  dstData[dstIdx]&#x0A;    Which is: &apos;\0&apos;&#x0A;  borderValues[c]&#x0A;    Which is: &apos;\x96&apos; (150)&#x0A;Border value mismatch at (13,21) channel 1&#x0A;" type=""><![CDATA[/home/cjxu/npp/test/unit/nppi/nppi_geometry_transforms/test_nppi_copyConstBorder.cpp:95
Expected equality of these values:
  dstData[dstIdx]
    Which is: '\0'
  borderValues[c]
    Which is: '\x96' (150)
Border value mismatch at (13,21) channel 1
]]></failure>
      <failure message="/home/cjxu/npp/test/unit/nppi/nppi_geometry_transforms/test_nppi_copyConstBorder.cpp:95&#x0A;Expected equality of these values:&#x0A;  dstData[dstIdx]&#x0A;    Which is: &apos;\0&apos;&#x0A;  borderValues[c]&#x0A;    Which is: &apos;\xC8&apos; (200)&#x0A;Border value mismatch at (13,21) channel 2&#x0A;" type=""><![CDATA[/home/cjxu/npp/test/unit/nppi/nppi_geometry_transforms/test_nppi_copyConstBorder.cpp:95
Expected equality of these values:
  dstData[dstIdx]
    Which is: '\0'
  borderValues[c]
    Which is: '\xC8' (200)
Border value mismatch at (13,21) channel 2
]]></failure>
      <failure message="/home/cjxu/npp/test/unit/nppi/nppi_geometry_transforms/test_nppi_copyConstBorder.cpp:95&#x0A;Expected equality of these values:&#x0A;  dstData[dstIdx]&#x0A;    Which is: &apos;\0&apos;&#x0A;  borderValues[c]&#x0A;    Which is: &apos;d&apos; (100, 0x64)&#x0A;Border value mismatch at (14,21) channel 0&#x0A;" type=""><![CDATA[/home/cjxu/npp/test/unit/nppi/nppi_geometry_transforms/test_nppi_copyConstBorder.cpp:95
Expected equality of these values:
  dstData[dstIdx]
    Which is: '\0'
  borderValues[c]
    Which is: 'd' (100, 0x64)
Border value mismatch at (14,21) channel 0
]]></failure>
      <failure message="/home/cjxu/npp/test/unit/nppi/nppi_geometry_transforms/test_nppi_copyConstBorder.cpp:95&#x0A;Expected equality of these values:&#x0A;  dstData[dstIdx]&#x0A;    Which is: &apos;\0&apos;&#x0A;  borderValues[c]&#x0A;    Which is: &apos;\x96&apos; (150)&#x0A;Border value mismatch at (14,21) channel 1&#x0A;" type=""><![CDATA[/home/cjxu/npp/test/unit/nppi/nppi_geometry_transforms/test_nppi_copyConstBorder.cpp:95
Expected equality of these values:
  dstData[dstIdx]
    Which is: '\0'
  borderValues[c]
    Which is: '\x96' (150)
Border value mismatch at (14,21) channel 1
]]></failure>
      <failure message="/home/cjxu/npp/test/unit/nppi/nppi_geometry_transforms/test_nppi_copyConstBorder.cpp:95&#x0A;Expected equality of these values:&#x0A;  dstData[dstIdx]&#x0A;    Which is: &apos;\0&apos;&#x0A;  borderValues[c]&#x0A;    Which is: &apos;\xC8&apos; (200)&#x0A;Border value mismatch at (14,21) channel 2&#x0A;" type=""><![CDATA[/home/cjxu/npp/test/unit/nppi/nppi_geometry_transforms/test_nppi_copyConstBorder.cpp:95
Expected equality of these values:
  dstData[dstIdx]
    Which is: '\0'
  borderValues[c]
    Which is: '\xC8' (200)
Border value mismatch at (14,21) channel 2
]]></failure>
      <failure message="/home/cjxu/npp/test/unit/nppi/nppi_geometry_transforms/test_nppi_copyConstBorder.cpp:95&#x0A;Expected equality of these values:&#x0A;  dstData[dstIdx]&#x0A;    Which is: &apos;\0&apos;&#x0A;  borderValues[c]&#x0A;    Which is: &apos;d&apos; (100, 0x64)&#x0A;Border value mismatch at (15,21) channel 0&#x0A;" type=""><![CDATA[/home/cjxu/npp/test/unit/nppi/nppi_geometry_transforms/test_nppi_copyConstBorder.cpp:95
Expected equality of these values:
  dstData[dstIdx]
    Which is: '\0'
  borderValues[c]
    Which is: 'd' (100, 0x64)
Border value mismatch at (15,21) channel 0
]]></failure>
      <failure message="/home/cjxu/npp/test/unit/nppi/nppi_geometry_transforms/test_nppi_copyConstBorder.cpp:95&#x0A;Expected equality of these values:&#x0A;  dstData[dstIdx]&#x0A;    Which is: &apos;\0&apos;&#x0A;  borderValues[c]&#x0A;    Which is: &apos;\x96&apos; (150)&#x0A;Border value mismatch at (15,21) channel 1&#x0A;" type=""><![CDATA[/home/cjxu/npp/test/unit/nppi/nppi_geometry_transforms/test_nppi_copyConstBorder.cpp:95
Expected equality of these values:
  dstData[dstIdx]
    Which is: '\0'
  borderValues[c]
    Which is: '\x96' (150)
Border value mismatch at (15,21) channel 1
]]></failure>
      <failure message="/home/cjxu/npp/test/unit/nppi/nppi_geometry_transforms/test_nppi_copyConstBorder.cpp:95&#x0A;Expected equality of these values:&#x0A;  dstData[dstIdx]&#x0A;    Which is: &apos;\0&apos;&#x0A;  borderValues[c]&#x0A;    Which is: &apos;\xC8&apos; (200)&#x0A;Border value mismatch at (15,21) channel 2&#x0A;" type=""><![CDATA[/home/cjxu/npp/test/unit/nppi/nppi_geometry_transforms/test_nppi_copyConstBorder.cpp:95
Expected equality of these values:
  dstData[dstIdx]
    Which is: '\0'
  borderValues[c]
    Which is: '\xC8' (200)
Border value mismatch at (15,21) channel 2
]]></failure>
      <failure message="/home/cjxu/npp/test/unit/nppi/nppi_geometry_transforms/test_nppi_copyConstBorder.cpp:95&#x0A;Expected equality of these values:&#x0A;  dstData[dstIdx]&#x0A;    Which is: &apos;\0&apos;&#x0A;  borderValues[c]&#x0A;    Which is: &apos;d&apos; (100, 0x64)&#x0A;Border value mismatch at (16,21) channel 0&#x0A;" type=""><![CDATA[/home/cjxu/npp/test/unit/nppi/nppi_geometry_transforms/test_nppi_copyConstBorder.cpp:95
Expected equality of these values:
  dstData[dstIdx]
    Which is: '\0'
  borderValues[c]
    Which is: 'd' (100, 0x64)
Border value mismatch at (16,21) channel 0
]]></failure>
      <failure message="/home/cjxu/npp/test/unit/nppi/nppi_geometry_transforms/test_nppi_copyConstBorder.cpp:95&#x0A;Expected equality of these values:&#x0A;  dstData[dstIdx]&#x0A;    Which is: &apos;\0&apos;&#x0A;  borderValues[c]&#x0A;    Which is: &apos;\x96&apos; (150)&#x0A;Border value mismatch at (16,21) channel 1&#x0A;" type=""><![CDATA[/home/cjxu/npp/test/unit/nppi/nppi_geometry_transforms/test_nppi_copyConstBorder.cpp:95
Expected equality of these values:
  dstData[dstIdx]
    Which is: '\0'
  borderValues[c]
    Which is: '\x96' (150)
Border value mismatch at (16,21) channel 1
]]></failure>
      <failure message="/home/cjxu/npp/test/unit/nppi/nppi_geometry_transforms/test_nppi_copyConstBorder.cpp:95&#x0A;Expected equality of these values:&#x0A;  dstData[dstIdx]&#x0A;    Which is: &apos;\0&apos;&#x0A;  borderValues[c]&#x0A;    Which is: &apos;\xC8&apos; (200)&#x0A;Border value mismatch at (16,21) channel 2&#x0A;" type=""><![CDATA[/home/cjxu/npp/test/unit/nppi/nppi_geometry_transforms/test_nppi_copyConstBorder.cpp:95
Expected equality of these values:
  dstData[dstIdx]
    Which is: '\0'
  borderValues[c]
    Which is: '\xC8' (200)
Border value mismatch at (16,21) channel 2
]]></failure>
      <failure message="/home/cjxu/npp/test/unit/nppi/nppi_geometry_transforms/test_nppi_copyConstBorder.cpp:95&#x0A;Expected equality of these values:&#x0A;  dstData[dstIdx]&#x0A;    Which is: &apos;\0&apos;&#x0A;  borderValues[c]&#x0A;    Which is: &apos;d&apos; (100, 0x64)&#x0A;Border value mismatch at (17,21) channel 0&#x0A;" type=""><![CDATA[/home/cjxu/npp/test/unit/nppi/nppi_geometry_transforms/test_nppi_copyConstBorder.cpp:95
Expected equality of these values:
  dstData[dstIdx]
    Which is: '\0'
  borderValues[c]
    Which is: 'd' (100, 0x64)
Border value mismatch at (17,21) channel 0
]]></failure>
      <failure message="/home/cjxu/npp/test/unit/nppi/nppi_geometry_transforms/test_nppi_copyConstBorder.cpp:95&#x0A;Expected equality of these values:&#x0A;  dstData[dstIdx]&#x0A;    Which is: &apos;\0&apos;&#x0A;  borderValues[c]&#x0A;    Which is: &apos;\x96&apos; (150)&#x0A;Border value mismatch at (17,21) channel 1&#x0A;" type=""><![CDATA[/home/cjxu/npp/test/unit/nppi/nppi_geometry_transforms/test_nppi_copyConstBorder.cpp:95
Expected equality of these values:
  dstData[dstIdx]
    Which is: '\0'
  borderValues[c]
    Which is: '\x96' (150)
Border value mismatch at (17,21) channel 1
]]></failure>
      <failure message="/home/cjxu/npp/test/unit/nppi/nppi_geometry_transforms/test_nppi_copyConstBorder.cpp:95&#x0A;Expected equality of these values:&#x0A;  dstData[dstIdx]&#x0A;    Which is: &apos;\0&apos;&#x0A;  borderValues[c]&#x0A;    Which is: &apos;\xC8&apos; (200)&#x0A;Border value mismatch at (17,21) channel 2&#x0A;" type=""><![CDATA[/home/cjxu/npp/test/unit/nppi/nppi_geometry_transforms/test_nppi_copyConstBorder.cpp:95
Expected equality of these values:
  dstData[dstIdx]
    Which is: '\0'
  borderValues[c]
    Which is: '\xC8' (200)
Border value mismatch at (17,21) channel 2
]]></failure>
      <failure message="/home/cjxu/npp/test/unit/nppi/nppi_geometry_transforms/test_nppi_copyConstBorder.cpp:95&#x0A;Expected equality of these values:&#x0A;  dstData[dstIdx]&#x0A;    Which is: &apos;\0&apos;&#x0A;  borderValues[c]&#x0A;    Which is: &apos;d&apos; (100, 0x64)&#x0A;Border value mismatch at (18,21) channel 0&#x0A;" type=""><![CDATA[/home/cjxu/npp/test/unit/nppi/nppi_geometry_transforms/test_nppi_copyConstBorder.cpp:95
Expected equality of these values:
  dstData[dstIdx]
    Which is: '\0'
  borderValues[c]
    Which is: 'd' (100, 0x64)
Border value mismatch at (18,21) channel 0
]]></failure>
      <failure message="/home/cjxu/npp/test/unit/nppi/nppi_geometry_transforms/test_nppi_copyConstBorder.cpp:95&#x0A;Expected equality of these values:&#x0A;  dstData[dstIdx]&#x0A;    Which is: &apos;\0&apos;&#x0A;  borderValues[c]&#x0A;    Which is: &apos;\x96&apos; (150)&#x0A;Border value mismatch at (18,21) channel 1&#x0A;" type=""><![CDATA[/home/cjxu/npp/test/unit/nppi/nppi_geometry_transforms/test_nppi_copyConstBorder.cpp:95
Expected equality of these values:
  dstData[dstIdx]
    Which is: '\0'
  borderValues[c]
    Which is: '\x96' (150)
Border value mismatch at (18,21) channel 1
]]></failure>
      <failure message="/home/cjxu/npp/test/unit/nppi/nppi_geometry_transforms/test_nppi_copyConstBorder.cpp:95&#x0A;Expected equality of these values:&#x0A;  dstData[dstIdx]&#x0A;    Which is: &apos;\0&apos;&#x0A;  borderValues[c]&#x0A;    Which is: &apos;\xC8&apos; (200)&#x0A;Border value mismatch at (18,21) channel 2&#x0A;" type=""><![CDATA[/home/cjxu/npp/test/unit/nppi/nppi_geometry_transforms/test_nppi_copyConstBorder.cpp:95
Expected equality of these values:
  dstData[dstIdx]
    Which is: '\0'
  borderValues[c]
    Which is: '\xC8' (200)
Border value mismatch at (18,21) channel 2
]]></failure>
      <failure message="/home/cjxu/npp/test/unit/nppi/nppi_geometry_transforms/test_nppi_copyConstBorder.cpp:95&#x0A;Expected equality of these values:&#x0A;  dstData[dstIdx]&#x0A;    Which is: &apos;\0&apos;&#x0A;  borderValues[c]&#x0A;    Which is: &apos;d&apos; (100, 0x64)&#x0A;Border value mismatch at (19,21) channel 0&#x0A;" type=""><![CDATA[/home/cjxu/npp/test/unit/nppi/nppi_geometry_transforms/test_nppi_copyConstBorder.cpp:95
Expected equality of these values:
  dstData[dstIdx]
    Which is: '\0'
  borderValues[c]
    Which is: 'd' (100, 0x64)
Border value mismatch at (19,21) channel 0
]]></failure>
      <failure message="/home/cjxu/npp/test/unit/nppi/nppi_geometry_transforms/test_nppi_copyConstBorder.cpp:95&#x0A;Expected equality of these values:&#x0A;  dstData[dstIdx]&#x0A;    Which is: &apos;\0&apos;&#x0A;  borderValues[c]&#x0A;    Which is: &apos;\x96&apos; (150)&#x0A;Border value mismatch at (19,21) channel 1&#x0A;" type=""><![CDATA[/home/cjxu/npp/test/unit/nppi/nppi_geometry_transforms/test_nppi_copyConstBorder.cpp:95
Expected equality of these values:
  dstData[dstIdx]
    Which is: '\0'
  borderValues[c]
    Which is: '\x96' (150)
Border value mismatch at (19,21) channel 1
]]></failure>
      <failure message="/home/cjxu/npp/test/unit/nppi/nppi_geometry_transforms/test_nppi_copyConstBorder.cpp:95&#x0A;Expected equality of these values:&#x0A;  dstData[dstIdx]&#x0A;    Which is: &apos;\0&apos;&#x0A;  borderValues[c]&#x0A;    Which is: &apos;\xC8&apos; (200)&#x0A;Border value mismatch at (19,21) channel 2&#x0A;" type=""><![CDATA[/home/cjxu/npp/test/unit/nppi/nppi_geometry_transforms/test_nppi_copyConstBorder.cpp:95
Expected equality of these values:
  dstData[dstIdx]
    Which is: '\0'
  borderValues[c]
    Which is: '\xC8' (200)
Border value mismatch at (19,21) channel 2
]]></failure>
      <failure message="/home/cjxu/npp/test/unit/nppi/nppi_geometry_transforms/test_nppi_copyConstBorder.cpp:95&#x0A;Expected equality of these values:&#x0A;  dstData[dstIdx]&#x0A;    Which is: &apos;\0&apos;&#x0A;  borderValues[c]&#x0A;    Which is: &apos;d&apos; (100, 0x64)&#x0A;Border value mismatch at (20,21) channel 0&#x0A;" type=""><![CDATA[/home/cjxu/npp/test/unit/nppi/nppi_geometry_transforms/test_nppi_copyConstBorder.cpp:95
Expected equality of these values:
  dstData[dstIdx]
    Which is: '\0'
  borderValues[c]
    Which is: 'd' (100, 0x64)
Border value mismatch at (20,21) channel 0
]]></failure>
      <failure message="/home/cjxu/npp/test/unit/nppi/nppi_geometry_transforms/test_nppi_copyConstBorder.cpp:95&#x0A;Expected equality of these values:&#x0A;  dstData[dstIdx]&#x0A;    Which is: &apos;\0&apos;&#x0A;  borderValues[c]&#x0A;    Which is: &apos;\x96&apos; (150)&#x0A;Border value mismatch at (20,21) channel 1&#x0A;" type=""><![CDATA[/home/cjxu/npp/test/unit/nppi/nppi_geometry_transforms/test_nppi_copyConstBorder.cpp:95
Expected equality of these values:
  dstData[dstIdx]
    Which is: '\0'
  borderValues[c]
    Which is: '\x96' (150)
Border value mismatch at (20,21) channel 1
]]></failure>
      <failure message="/home/cjxu/npp/test/unit/nppi/nppi_geometry_transforms/test_nppi_copyConstBorder.cpp:95&#x0A;Expected equality of these values:&#x0A;  dstData[dstIdx]&#x0A;    Which is: &apos;\0&apos;&#x0A;  borderValues[c]&#x0A;    Which is: &apos;\xC8&apos; (200)&#x0A;Border value mismatch at (20,21) channel 2&#x0A;" type=""><![CDATA[/home/cjxu/npp/test/unit/nppi/nppi_geometry_transforms/test_nppi_copyConstBorder.cpp:95
Expected equality of these values:
  dstData[dstIdx]
    Which is: '\0'
  borderValues[c]
    Which is: '\xC8' (200)
Border value mismatch at (20,21) channel 2
]]></failure>
      <failure message="/home/cjxu/npp/test/unit/nppi/nppi_geometry_transforms/test_nppi_copyConstBorder.cpp:95&#x0A;Expected equality of these values:&#x0A;  dstData[dstIdx]&#x0A;    Which is: &apos;\0&apos;&#x0A;  borderValues[c]&#x0A;    Which is: &apos;d&apos; (100, 0x64)&#x0A;Border value mismatch at (21,21) channel 0&#x0A;" type=""><![CDATA[/home/cjxu/npp/test/unit/nppi/nppi_geometry_transforms/test_nppi_copyConstBorder.cpp:95
Expected equality of these values:
  dstData[dstIdx]
    Which is: '\0'
  borderValues[c]
    Which is: 'd' (100, 0x64)
Border value mismatch at (21,21) channel 0
]]></failure>
      <failure message="/home/cjxu/npp/test/unit/nppi/nppi_geometry_transforms/test_nppi_copyConstBorder.cpp:95&#x0A;Expected equality of these values:&#x0A;  dstData[dstIdx]&#x0A;    Which is: &apos;\0&apos;&#x0A;  borderValues[c]&#x0A;    Which is: &apos;\x96&apos; (150)&#x0A;Border value mismatch at (21,21) channel 1&#x0A;" type=""><![CDATA[/home/cjxu/npp/test/unit/nppi/nppi_geometry_transforms/test_nppi_copyConstBorder.cpp:95
Expected equality of these values:
  dstData[dstIdx]
    Which is: '\0'
  borderValues[c]
    Which is: '\x96' (150)
Border value mismatch at (21,21) channel 1
]]></failure>
      <failure message="/home/cjxu/npp/test/unit/nppi/nppi_geometry_transforms/test_nppi_copyConstBorder.cpp:95&#x0A;Expected equality of these values:&#x0A;  dstData[dstIdx]&#x0A;    Which is: &apos;\0&apos;&#x0A;  borderValues[c]&#x0A;    Which is: &apos;\xC8&apos; (200)&#x0A;Border value mismatch at (21,21) channel 2&#x0A;" type=""><![CDATA[/home/cjxu/npp/test/unit/nppi/nppi_geometry_transforms/test_nppi_copyConstBorder.cpp:95
Expected equality of these values:
  dstData[dstIdx]
    Which is: '\0'
  borderValues[c]
    Which is: '\xC8' (200)
Border value mismatch at (21,21) channel 2
]]></failure>
      <failure message="/home/cjxu/npp/test/unit/nppi/nppi_geometry_transforms/test_nppi_copyConstBorder.cpp:95&#x0A;Expected equality of these values:&#x0A;  dstData[dstIdx]&#x0A;    Which is: &apos;\0&apos;&#x0A;  borderValues[c]&#x0A;    Which is: &apos;d&apos; (100, 0x64)&#x0A;Border value mismatch at (22,21) channel 0&#x0A;" type=""><![CDATA[/home/cjxu/npp/test/unit/nppi/nppi_geometry_transforms/test_nppi_copyConstBorder.cpp:95
Expected equality of these values:
  dstData[dstIdx]
    Which is: '\0'
  borderValues[c]
    Which is: 'd' (100, 0x64)
Border value mismatch at (22,21) channel 0
]]></failure>
      <failure message="/home/cjxu/npp/test/unit/nppi/nppi_geometry_transforms/test_nppi_copyConstBorder.cpp:95&#x0A;Expected equality of these values:&#x0A;  dstData[dstIdx]&#x0A;    Which is: &apos;\0&apos;&#x0A;  borderValues[c]&#x0A;    Which is: &apos;\x96&apos; (150)&#x0A;Border value mismatch at (22,21) channel 1&#x0A;" type=""><![CDATA[/home/cjxu/npp/test/unit/nppi/nppi_geometry_transforms/test_nppi_copyConstBorder.cpp:95
Expected equality of these values:
  dstData[dstIdx]
    Which is: '\0'
  borderValues[c]
    Which is: '\x96' (150)
Border value mismatch at (22,21) channel 1
]]></failure>
      <failure message="/home/cjxu/npp/test/unit/nppi/nppi_geometry_transforms/test_nppi_copyConstBorder.cpp:95&#x0A;Expected equality of these values:&#x0A;  dstData[dstIdx]&#x0A;    Which is: &apos;\0&apos;&#x0A;  borderValues[c]&#x0A;    Which is: &apos;\xC8&apos; (200)&#x0A;Border value mismatch at (22,21) channel 2&#x0A;" type=""><![CDATA[/home/cjxu/npp/test/unit/nppi/nppi_geometry_transforms/test_nppi_copyConstBorder.cpp:95
Expected equality of these values:
  dstData[dstIdx]
    Which is: '\0'
  borderValues[c]
    Which is: '\xC8' (200)
Border value mismatch at (22,21) channel 2
]]></failure>
      <failure message="/home/cjxu/npp/test/unit/nppi/nppi_geometry_transforms/test_nppi_copyConstBorder.cpp:95&#x0A;Expected equality of these values:&#x0A;  dstData[dstIdx]&#x0A;    Which is: &apos;\0&apos;&#x0A;  borderValues[c]&#x0A;    Which is: &apos;d&apos; (100, 0x64)&#x0A;Border value mismatch at (23,21) channel 0&#x0A;" type=""><![CDATA[/home/cjxu/npp/test/unit/nppi/nppi_geometry_transforms/test_nppi_copyConstBorder.cpp:95
Expected equality of these values:
  dstData[dstIdx]
    Which is: '\0'
  borderValues[c]
    Which is: 'd' (100, 0x64)
Border value mismatch at (23,21) channel 0
]]></failure>
      <failure message="/home/cjxu/npp/test/unit/nppi/nppi_geometry_transforms/test_nppi_copyConstBorder.cpp:95&#x0A;Expected equality of these values:&#x0A;  dstData[dstIdx]&#x0A;    Which is: &apos;\0&apos;&#x0A;  borderValues[c]&#x0A;    Which is: &apos;\x96&apos; (150)&#x0A;Border value mismatch at (23,21) channel 1&#x0A;" type=""><![CDATA[/home/cjxu/npp/test/unit/nppi/nppi_geometry_transforms/test_nppi_copyConstBorder.cpp:95
Expected equality of these values:
  dstData[dstIdx]
    Which is: '\0'
  borderValues[c]
    Which is: '\x96' (150)
Border value mismatch at (23,21) channel 1
]]></failure>
      <failure message="/home/cjxu/npp/test/unit/nppi/nppi_geometry_transforms/test_nppi_copyConstBorder.cpp:95&#x0A;Expected equality of these values:&#x0A;  dstData[dstIdx]&#x0A;    Which is: &apos;\0&apos;&#x0A;  borderValues[c]&#x0A;    Which is: &apos;\xC8&apos; (200)&#x0A;Border value mismatch at (23,21) channel 2&#x0A;" type=""><![CDATA[/home/cjxu/npp/test/unit/nppi/nppi_geometry_transforms/test_nppi_copyConstBorder.cpp:95
Expected equality of these values:
  dstData[dstIdx]
    Which is: '\0'
  borderValues[c]
    Which is: '\xC8' (200)
Border value mismatch at (23,21) channel 2
]]></failure>
    </testcase>
    <testcase name="CopyConstBorder_16s_C1R" file="/home/cjxu/npp/test/unit/nppi/nppi_geometry_transforms/test_nppi_copyConstBorder.cpp" line="181" status="run" result="completed" time="0.002" timestamp="2025-09-13T22:25:51.641" classname="NPPICopyConstBorderTest">
      <failure message="/home/cjxu/npp/test/unit/nppi/nppi_geometry_transforms/test_nppi_copyConstBorder.cpp:205&#x0A;Expected equality of these values:&#x0A;  status&#x0A;    Which is: -8&#x0A;  NPP_SUCCESS&#x0A;    Which is: 0&#x0A;" type=""><![CDATA[/home/cjxu/npp/test/unit/nppi/nppi_geometry_transforms/test_nppi_copyConstBorder.cpp:205
Expected equality of these values:
  status
    Which is: -8
  NPP_SUCCESS
    Which is: 0
]]></failure>
      <failure message="/home/cjxu/npp/test/unit/nppi/nppi_geometry_transforms/test_nppi_copyConstBorder.cpp:67&#x0A;Expected equality of these values:&#x0A;  dstData[dstIdx]&#x0A;    Which is: 0&#x0A;  borderValue&#x0A;    Which is: -500&#x0A;Border value mismatch at (0,0)&#x0A;" type=""><![CDATA[/home/cjxu/npp/test/unit/nppi/nppi_geometry_transforms/test_nppi_copyConstBorder.cpp:67
Expected equality of these values:
  dstData[dstIdx]
    Which is: 0
  borderValue
    Which is: -500
Border value mismatch at (0,0)
]]></failure>
      <failure message="/home/cjxu/npp/test/unit/nppi/nppi_geometry_transforms/test_nppi_copyConstBorder.cpp:67&#x0A;Expected equality of these values:&#x0A;  dstData[dstIdx]&#x0A;    Which is: 0&#x0A;  borderValue&#x0A;    Which is: -500&#x0A;Border value mismatch at (1,0)&#x0A;" type=""><![CDATA[/home/cjxu/npp/test/unit/nppi/nppi_geometry_transforms/test_nppi_copyConstBorder.cpp:67
Expected equality of these values:
  dstData[dstIdx]
    Which is: 0
  borderValue
    Which is: -500
Border value mismatch at (1,0)
]]></failure>
      <failure message="/home/cjxu/npp/test/unit/nppi/nppi_geometry_transforms/test_nppi_copyConstBorder.cpp:67&#x0A;Expected equality of these values:&#x0A;  dstData[dstIdx]&#x0A;    Which is: 0&#x0A;  borderValue&#x0A;    Which is: -500&#x0A;Border value mismatch at (2,0)&#x0A;" type=""><![CDATA[/home/cjxu/npp/test/unit/nppi/nppi_geometry_transforms/test_nppi_copyConstBorder.cpp:67
Expected equality of these values:
  dstData[dstIdx]
    Which is: 0
  borderValue
    Which is: -500
Border value mismatch at (2,0)
]]></failure>
      <failure message="/home/cjxu/npp/test/unit/nppi/nppi_geometry_transforms/test_nppi_copyConstBorder.cpp:67&#x0A;Expected equality of these values:&#x0A;  dstData[dstIdx]&#x0A;    Which is: 0&#x0A;  borderValue&#x0A;    Which is: -500&#x0A;Border value mismatch at (3,0)&#x0A;" type=""><![CDATA[/home/cjxu/npp/test/unit/nppi/nppi_geometry_transforms/test_nppi_copyConstBorder.cpp:67
Expected equality of these values:
  dstData[dstIdx]
    Which is: 0
  borderValue
    Which is: -500
Border value mismatch at (3,0)
]]></failure>
      <failure message="/home/cjxu/npp/test/unit/nppi/nppi_geometry_transforms/test_nppi_copyConstBorder.cpp:67&#x0A;Expected equality of these values:&#x0A;  dstData[dstIdx]&#x0A;    Which is: 0&#x0A;  borderValue&#x0A;    Which is: -500&#x0A;Border value mismatch at (4,0)&#x0A;" type=""><![CDATA[/home/cjxu/npp/test/unit/nppi/nppi_geometry_transforms/test_nppi_copyConstBorder.cpp:67
Expected equality of these values:
  dstData[dstIdx]
    Which is: 0
  borderValue
    Which is: -500
Border value mismatch at (4,0)
]]></failure>
      <failure message="/home/cjxu/npp/test/unit/nppi/nppi_geometry_transforms/test_nppi_copyConstBorder.cpp:67&#x0A;Expected equality of these values:&#x0A;  dstData[dstIdx]&#x0A;    Which is: 0&#x0A;  borderValue&#x0A;    Which is: -500&#x0A;Border value mismatch at (5,0)&#x0A;" type=""><![CDATA[/home/cjxu/npp/test/unit/nppi/nppi_geometry_transforms/test_nppi_copyConstBorder.cpp:67
Expected equality of these values:
  dstData[dstIdx]
    Which is: 0
  borderValue
    Which is: -500
Border value mismatch at (5,0)
]]></failure>
      <failure message="/home/cjxu/npp/test/unit/nppi/nppi_geometry_transforms/test_nppi_copyConstBorder.cpp:67&#x0A;Expected equality of these values:&#x0A;  dstData[dstIdx]&#x0A;    Which is: 0&#x0A;  borderValue&#x0A;    Which is: -500&#x0A;Border value mismatch at (6,0)&#x0A;" type=""><![CDATA[/home/cjxu/npp/test/unit/nppi/nppi_geometry_transforms/test_nppi_copyConstBorder.cpp:67
Expected equality of these values:
  dstData[dstIdx]
    Which is: 0
  borderValue
    Which is: -500
Border value mismatch at (6,0)
]]></failure>
      <failure message="/home/cjxu/npp/test/unit/nppi/nppi_geometry_transforms/test_nppi_copyConstBorder.cpp:67&#x0A;Expected equality of these values:&#x0A;  dstData[dstIdx]&#x0A;    Which is: 0&#x0A;  borderValue&#x0A;    Which is: -500&#x0A;Border value mismatch at (7,0)&#x0A;" type=""><![CDATA[/home/cjxu/npp/test/unit/nppi/nppi_geometry_transforms/test_nppi_copyConstBorder.cpp:67
Expected equality of these values:
  dstData[dstIdx]
    Which is: 0
  borderValue
    Which is: -500
Border value mismatch at (7,0)
]]></failure>
      <failure message="/home/cjxu/npp/test/unit/nppi/nppi_geometry_transforms/test_nppi_copyConstBorder.cpp:67&#x0A;Expected equality of these values:&#x0A;  dstData[dstIdx]&#x0A;    Which is: 0&#x0A;  borderValue&#x0A;    Which is: -500&#x0A;Border value mismatch at (8,0)&#x0A;" type=""><![CDATA[/home/cjxu/npp/test/unit/nppi/nppi_geometry_transforms/test_nppi_copyConstBorder.cpp:67
Expected equality of these values:
  dstData[dstIdx]
    Which is: 0
  borderValue
    Which is: -500
Border value mismatch at (8,0)
]]></failure>
      <failure message="/home/cjxu/npp/test/unit/nppi/nppi_geometry_transforms/test_nppi_copyConstBorder.cpp:67&#x0A;Expected equality of these values:&#x0A;  dstData[dstIdx]&#x0A;    Which is: 0&#x0A;  borderValue&#x0A;    Which is: -500&#x0A;Border value mismatch at (9,0)&#x0A;" type=""><![CDATA[/home/cjxu/npp/test/unit/nppi/nppi_geometry_transforms/test_nppi_copyConstBorder.cpp:67
Expected equality of these values:
  dstData[dstIdx]
    Which is: 0
  borderValue
    Which is: -500
Border value mismatch at (9,0)
]]></failure>
      <failure message="/home/cjxu/npp/test/unit/nppi/nppi_geometry_transforms/test_nppi_copyConstBorder.cpp:67&#x0A;Expected equality of these values:&#x0A;  dstData[dstIdx]&#x0A;    Which is: 0&#x0A;  borderValue&#x0A;    Which is: -500&#x0A;Border value mismatch at (10,0)&#x0A;" type=""><![CDATA[/home/cjxu/npp/test/unit/nppi/nppi_geometry_transforms/test_nppi_copyConstBorder.cpp:67
Expected equality of these values:
  dstData[dstIdx]
    Which is: 0
  borderValue
    Which is: -500
Border value mismatch at (10,0)
]]></failure>
      <failure message="/home/cjxu/npp/test/unit/nppi/nppi_geometry_transforms/test_nppi_copyConstBorder.cpp:67&#x0A;Expected equality of these values:&#x0A;  dstData[dstIdx]&#x0A;    Which is: 0&#x0A;  borderValue&#x0A;    Which is: -500&#x0A;Border value mismatch at (11,0)&#x0A;" type=""><![CDATA[/home/cjxu/npp/test/unit/nppi/nppi_geometry_transforms/test_nppi_copyConstBorder.cpp:67
Expected equality of these values:
  dstData[dstIdx]
    Which is: 0
  borderValue
    Which is: -500
Border value mismatch at (11,0)
]]></failure>
      <failure message="/home/cjxu/npp/test/unit/nppi/nppi_geometry_transforms/test_nppi_copyConstBorder.cpp:67&#x0A;Expected equality of these values:&#x0A;  dstData[dstIdx]&#x0A;    Which is: 0&#x0A;  borderValue&#x0A;    Which is: -500&#x0A;Border value mismatch at (12,0)&#x0A;" type=""><![CDATA[/home/cjxu/npp/test/unit/nppi/nppi_geometry_transforms/test_nppi_copyConstBorder.cpp:67
Expected equality of these values:
  dstData[dstIdx]
    Which is: 0
  borderValue
    Which is: -500
Border value mismatch at (12,0)
]]></failure>
      <failure message="/home/cjxu/npp/test/unit/nppi/nppi_geometry_transforms/test_nppi_copyConstBorder.cpp:67&#x0A;Expected equality of these values:&#x0A;  dstData[dstIdx]&#x0A;    Which is: 0&#x0A;  borderValue&#x0A;    Which is: -500&#x0A;Border value mismatch at (13,0)&#x0A;" type=""><![CDATA[/home/cjxu/npp/test/unit/nppi/nppi_geometry_transforms/test_nppi_copyConstBorder.cpp:67
Expected equality of these values:
  dstData[dstIdx]
    Which is: 0
  borderValue
    Which is: -500
Border value mismatch at (13,0)
]]></failure>
      <failure message="/home/cjxu/npp/test/unit/nppi/nppi_geometry_transforms/test_nppi_copyConstBorder.cpp:67&#x0A;Expected equality of these values:&#x0A;  dstData[dstIdx]&#x0A;    Which is: 0&#x0A;  borderValue&#x0A;    Which is: -500&#x0A;Border value mismatch at (14,0)&#x0A;" type=""><![CDATA[/home/cjxu/npp/test/unit/nppi/nppi_geometry_transforms/test_nppi_copyConstBorder.cpp:67
Expected equality of these values:
  dstData[dstIdx]
    Which is: 0
  borderValue
    Which is: -500
Border value mismatch at (14,0)
]]></failure>
      <failure message="/home/cjxu/npp/test/unit/nppi/nppi_geometry_transforms/test_nppi_copyConstBorder.cpp:67&#x0A;Expected equality of these values:&#x0A;  dstData[dstIdx]&#x0A;    Which is: 0&#x0A;  borderValue&#x0A;    Which is: -500&#x0A;Border value mismatch at (15,0)&#x0A;" type=""><![CDATA[/home/cjxu/npp/test/unit/nppi/nppi_geometry_transforms/test_nppi_copyConstBorder.cpp:67
Expected equality of these values:
  dstData[dstIdx]
    Which is: 0
  borderValue
    Which is: -500
Border value mismatch at (15,0)
]]></failure>
      <failure message="/home/cjxu/npp/test/unit/nppi/nppi_geometry_transforms/test_nppi_copyConstBorder.cpp:67&#x0A;Expected equality of these values:&#x0A;  dstData[dstIdx]&#x0A;    Which is: 0&#x0A;  borderValue&#x0A;    Which is: -500&#x0A;Border value mismatch at (16,0)&#x0A;" type=""><![CDATA[/home/cjxu/npp/test/unit/nppi/nppi_geometry_transforms/test_nppi_copyConstBorder.cpp:67
Expected equality of these values:
  dstData[dstIdx]
    Which is: 0
  borderValue
    Which is: -500
Border value mismatch at (16,0)
]]></failure>
      <failure message="/home/cjxu/npp/test/unit/nppi/nppi_geometry_transforms/test_nppi_copyConstBorder.cpp:67&#x0A;Expected equality of these values:&#x0A;  dstData[dstIdx]&#x0A;    Which is: 0&#x0A;  borderValue&#x0A;    Which is: -500&#x0A;Border value mismatch at (17,0)&#x0A;" type=""><![CDATA[/home/cjxu/npp/test/unit/nppi/nppi_geometry_transforms/test_nppi_copyConstBorder.cpp:67
Expected equality of these values:
  dstData[dstIdx]
    Which is: 0
  borderValue
    Which is: -500
Border value mismatch at (17,0)
]]></failure>
      <failure message="/home/cjxu/npp/test/unit/nppi/nppi_geometry_transforms/test_nppi_copyConstBorder.cpp:67&#x0A;Expected equality of these values:&#x0A;  dstData[dstIdx]&#x0A;    Which is: 0&#x0A;  borderValue&#x0A;    Which is: -500&#x0A;Border value mismatch at (18,0)&#x0A;" type=""><![CDATA[/home/cjxu/npp/test/unit/nppi/nppi_geometry_transforms/test_nppi_copyConstBorder.cpp:67
Expected equality of these values:
  dstData[dstIdx]
    Which is: 0
  borderValue
    Which is: -500
Border value mismatch at (18,0)
]]></failure>
      <failure message="/home/cjxu/npp/test/unit/nppi/nppi_geometry_transforms/test_nppi_copyConstBorder.cpp:67&#x0A;Expected equality of these values:&#x0A;  dstData[dstIdx]&#x0A;    Which is: 0&#x0A;  borderValue&#x0A;    Which is: -500&#x0A;Border value mismatch at (19,0)&#x0A;" type=""><![CDATA[/home/cjxu/npp/test/unit/nppi/nppi_geometry_transforms/test_nppi_copyConstBorder.cpp:67
Expected equality of these values:
  dstData[dstIdx]
    Which is: 0
  borderValue
    Which is: -500
Border value mismatch at (19,0)
]]></failure>
      <failure message="/home/cjxu/npp/test/unit/nppi/nppi_geometry_transforms/test_nppi_copyConstBorder.cpp:67&#x0A;Expected equality of these values:&#x0A;  dstData[dstIdx]&#x0A;    Which is: 0&#x0A;  borderValue&#x0A;    Which is: -500&#x0A;Border value mismatch at (20,0)&#x0A;" type=""><![CDATA[/home/cjxu/npp/test/unit/nppi/nppi_geometry_transforms/test_nppi_copyConstBorder.cpp:67
Expected equality of these values:
  dstData[dstIdx]
    Which is: 0
  borderValue
    Which is: -500
Border value mismatch at (20,0)
]]></failure>
      <failure message="/home/cjxu/npp/test/unit/nppi/nppi_geometry_transforms/test_nppi_copyConstBorder.cpp:67&#x0A;Expected equality of these values:&#x0A;  dstData[dstIdx]&#x0A;    Which is: 0&#x0A;  borderValue&#x0A;    Which is: -500&#x0A;Border value mismatch at (21,0)&#x0A;" type=""><![CDATA[/home/cjxu/npp/test/unit/nppi/nppi_geometry_transforms/test_nppi_copyConstBorder.cpp:67
Expected equality of these values:
  dstData[dstIdx]
    Which is: 0
  borderValue
    Which is: -500
Border value mismatch at (21,0)
]]></failure>
      <failure message="/home/cjxu/npp/test/unit/nppi/nppi_geometry_transforms/test_nppi_copyConstBorder.cpp:67&#x0A;Expected equality of these values:&#x0A;  dstData[dstIdx]&#x0A;    Which is: 0&#x0A;  borderValue&#x0A;    Which is: -500&#x0A;Border value mismatch at (22,0)&#x0A;" type=""><![CDATA[/home/cjxu/npp/test/unit/nppi/nppi_geometry_transforms/test_nppi_copyConstBorder.cpp:67
Expected equality of these values:
  dstData[dstIdx]
    Which is: 0
  borderValue
    Which is: -500
Border value mismatch at (22,0)
]]></failure>
      <failure message="/home/cjxu/npp/test/unit/nppi/nppi_geometry_transforms/test_nppi_copyConstBorder.cpp:67&#x0A;Expected equality of these values:&#x0A;  dstData[dstIdx]&#x0A;    Which is: 0&#x0A;  borderValue&#x0A;    Which is: -500&#x0A;Border value mismatch at (23,0)&#x0A;" type=""><![CDATA[/home/cjxu/npp/test/unit/nppi/nppi_geometry_transforms/test_nppi_copyConstBorder.cpp:67
Expected equality of these values:
  dstData[dstIdx]
    Which is: 0
  borderValue
    Which is: -500
Border value mismatch at (23,0)
]]></failure>
      <failure message="/home/cjxu/npp/test/unit/nppi/nppi_geometry_transforms/test_nppi_copyConstBorder.cpp:67&#x0A;Expected equality of these values:&#x0A;  dstData[dstIdx]&#x0A;    Which is: 0&#x0A;  borderValue&#x0A;    Which is: -500&#x0A;Border value mismatch at (0,1)&#x0A;" type=""><![CDATA[/home/cjxu/npp/test/unit/nppi/nppi_geometry_transforms/test_nppi_copyConstBorder.cpp:67
Expected equality of these values:
  dstData[dstIdx]
    Which is: 0
  borderValue
    Which is: -500
Border value mismatch at (0,1)
]]></failure>
      <failure message="/home/cjxu/npp/test/unit/nppi/nppi_geometry_transforms/test_nppi_copyConstBorder.cpp:67&#x0A;Expected equality of these values:&#x0A;  dstData[dstIdx]&#x0A;    Which is: 0&#x0A;  borderValue&#x0A;    Which is: -500&#x0A;Border value mismatch at (1,1)&#x0A;" type=""><![CDATA[/home/cjxu/npp/test/unit/nppi/nppi_geometry_transforms/test_nppi_copyConstBorder.cpp:67
Expected equality of these values:
  dstData[dstIdx]
    Which is: 0
  borderValue
    Which is: -500
Border value mismatch at (1,1)
]]></failure>
      <failure message="/home/cjxu/npp/test/unit/nppi/nppi_geometry_transforms/test_nppi_copyConstBorder.cpp:67&#x0A;Expected equality of these values:&#x0A;  dstData[dstIdx]&#x0A;    Which is: 0&#x0A;  borderValue&#x0A;    Which is: -500&#x0A;Border value mismatch at (2,1)&#x0A;" type=""><![CDATA[/home/cjxu/npp/test/unit/nppi/nppi_geometry_transforms/test_nppi_copyConstBorder.cpp:67
Expected equality of these values:
  dstData[dstIdx]
    Which is: 0
  borderValue
    Which is: -500
Border value mismatch at (2,1)
]]></failure>
      <failure message="/home/cjxu/npp/test/unit/nppi/nppi_geometry_transforms/test_nppi_copyConstBorder.cpp:67&#x0A;Expected equality of these values:&#x0A;  dstData[dstIdx]&#x0A;    Which is: 0&#x0A;  borderValue&#x0A;    Which is: -500&#x0A;Border value mismatch at (3,1)&#x0A;" type=""><![CDATA[/home/cjxu/npp/test/unit/nppi/nppi_geometry_transforms/test_nppi_copyConstBorder.cpp:67
Expected equality of these values:
  dstData[dstIdx]
    Which is: 0
  borderValue
    Which is: -500
Border value mismatch at (3,1)
]]></failure>
      <failure message="/home/cjxu/npp/test/unit/nppi/nppi_geometry_transforms/test_nppi_copyConstBorder.cpp:67&#x0A;Expected equality of these values:&#x0A;  dstData[dstIdx]&#x0A;    Which is: 0&#x0A;  borderValue&#x0A;    Which is: -500&#x0A;Border value mismatch at (4,1)&#x0A;" type=""><![CDATA[/home/cjxu/npp/test/unit/nppi/nppi_geometry_transforms/test_nppi_copyConstBorder.cpp:67
Expected equality of these values:
  dstData[dstIdx]
    Which is: 0
  borderValue
    Which is: -500
Border value mismatch at (4,1)
]]></failure>
      <failure message="/home/cjxu/npp/test/unit/nppi/nppi_geometry_transforms/test_nppi_copyConstBorder.cpp:67&#x0A;Expected equality of these values:&#x0A;  dstData[dstIdx]&#x0A;    Which is: 0&#x0A;  borderValue&#x0A;    Which is: -500&#x0A;Border value mismatch at (5,1)&#x0A;" type=""><![CDATA[/home/cjxu/npp/test/unit/nppi/nppi_geometry_transforms/test_nppi_copyConstBorder.cpp:67
Expected equality of these values:
  dstData[dstIdx]
    Which is: 0
  borderValue
    Which is: -500
Border value mismatch at (5,1)
]]></failure>
      <failure message="/home/cjxu/npp/test/unit/nppi/nppi_geometry_transforms/test_nppi_copyConstBorder.cpp:67&#x0A;Expected equality of these values:&#x0A;  dstData[dstIdx]&#x0A;    Which is: 0&#x0A;  borderValue&#x0A;    Which is: -500&#x0A;Border value mismatch at (6,1)&#x0A;" type=""><![CDATA[/home/cjxu/npp/test/unit/nppi/nppi_geometry_transforms/test_nppi_copyConstBorder.cpp:67
Expected equality of these values:
  dstData[dstIdx]
    Which is: 0
  borderValue
    Which is: -500
Border value mismatch at (6,1)
]]></failure>
      <failure message="/home/cjxu/npp/test/unit/nppi/nppi_geometry_transforms/test_nppi_copyConstBorder.cpp:67&#x0A;Expected equality of these values:&#x0A;  dstData[dstIdx]&#x0A;    Which is: 0&#x0A;  borderValue&#x0A;    Which is: -500&#x0A;Border value mismatch at (7,1)&#x0A;" type=""><![CDATA[/home/cjxu/npp/test/unit/nppi/nppi_geometry_transforms/test_nppi_copyConstBorder.cpp:67
Expected equality of these values:
  dstData[dstIdx]
    Which is: 0
  borderValue
    Which is: -500
Border value mismatch at (7,1)
]]></failure>
      <failure message="/home/cjxu/npp/test/unit/nppi/nppi_geometry_transforms/test_nppi_copyConstBorder.cpp:67&#x0A;Expected equality of these values:&#x0A;  dstData[dstIdx]&#x0A;    Which is: 0&#x0A;  borderValue&#x0A;    Which is: -500&#x0A;Border value mismatch at (8,1)&#x0A;" type=""><![CDATA[/home/cjxu/npp/test/unit/nppi/nppi_geometry_transforms/test_nppi_copyConstBorder.cpp:67
Expected equality of these values:
  dstData[dstIdx]
    Which is: 0
  borderValue
    Which is: -500
Border value mismatch at (8,1)
]]></failure>
      <failure message="/home/cjxu/npp/test/unit/nppi/nppi_geometry_transforms/test_nppi_copyConstBorder.cpp:67&#x0A;Expected equality of these values:&#x0A;  dstData[dstIdx]&#x0A;    Which is: 0&#x0A;  borderValue&#x0A;    Which is: -500&#x0A;Border value mismatch at (9,1)&#x0A;" type=""><![CDATA[/home/cjxu/npp/test/unit/nppi/nppi_geometry_transforms/test_nppi_copyConstBorder.cpp:67
Expected equality of these values:
  dstData[dstIdx]
    Which is: 0
  borderValue
    Which is: -500
Border value mismatch at (9,1)
]]></failure>
      <failure message="/home/cjxu/npp/test/unit/nppi/nppi_geometry_transforms/test_nppi_copyConstBorder.cpp:67&#x0A;Expected equality of these values:&#x0A;  dstData[dstIdx]&#x0A;    Which is: 0&#x0A;  borderValue&#x0A;    Which is: -500&#x0A;Border value mismatch at (10,1)&#x0A;" type=""><![CDATA[/home/cjxu/npp/test/unit/nppi/nppi_geometry_transforms/test_nppi_copyConstBorder.cpp:67
Expected equality of these values:
  dstData[dstIdx]
    Which is: 0
  borderValue
    Which is: -500
Border value mismatch at (10,1)
]]></failure>
      <failure message="/home/cjxu/npp/test/unit/nppi/nppi_geometry_transforms/test_nppi_copyConstBorder.cpp:67&#x0A;Expected equality of these values:&#x0A;  dstData[dstIdx]&#x0A;    Which is: 0&#x0A;  borderValue&#x0A;    Which is: -500&#x0A;Border value mismatch at (11,1)&#x0A;" type=""><![CDATA[/home/cjxu/npp/test/unit/nppi/nppi_geometry_transforms/test_nppi_copyConstBorder.cpp:67
Expected equality of these values:
  dstData[dstIdx]
    Which is: 0
  borderValue
    Which is: -500
Border value mismatch at (11,1)
]]></failure>
      <failure message="/home/cjxu/npp/test/unit/nppi/nppi_geometry_transforms/test_nppi_copyConstBorder.cpp:67&#x0A;Expected equality of these values:&#x0A;  dstData[dstIdx]&#x0A;    Which is: 0&#x0A;  borderValue&#x0A;    Which is: -500&#x0A;Border value mismatch at (12,1)&#x0A;" type=""><![CDATA[/home/cjxu/npp/test/unit/nppi/nppi_geometry_transforms/test_nppi_copyConstBorder.cpp:67
Expected equality of these values:
  dstData[dstIdx]
    Which is: 0
  borderValue
    Which is: -500
Border value mismatch at (12,1)
]]></failure>
      <failure message="/home/cjxu/npp/test/unit/nppi/nppi_geometry_transforms/test_nppi_copyConstBorder.cpp:67&#x0A;Expected equality of these values:&#x0A;  dstData[dstIdx]&#x0A;    Which is: 0&#x0A;  borderValue&#x0A;    Which is: -500&#x0A;Border value mismatch at (13,1)&#x0A;" type=""><![CDATA[/home/cjxu/npp/test/unit/nppi/nppi_geometry_transforms/test_nppi_copyConstBorder.cpp:67
Expected equality of these values:
  dstData[dstIdx]
    Which is: 0
  borderValue
    Which is: -500
Border value mismatch at (13,1)
]]></failure>
      <failure message="/home/cjxu/npp/test/unit/nppi/nppi_geometry_transforms/test_nppi_copyConstBorder.cpp:67&#x0A;Expected equality of these values:&#x0A;  dstData[dstIdx]&#x0A;    Which is: 0&#x0A;  borderValue&#x0A;    Which is: -500&#x0A;Border value mismatch at (14,1)&#x0A;" type=""><![CDATA[/home/cjxu/npp/test/unit/nppi/nppi_geometry_transforms/test_nppi_copyConstBorder.cpp:67
Expected equality of these values:
  dstData[dstIdx]
    Which is: 0
  borderValue
    Which is: -500
Border value mismatch at (14,1)
]]></failure>
      <failure message="/home/cjxu/npp/test/unit/nppi/nppi_geometry_transforms/test_nppi_copyConstBorder.cpp:67&#x0A;Expected equality of these values:&#x0A;  dstData[dstIdx]&#x0A;    Which is: 0&#x0A;  borderValue&#x0A;    Which is: -500&#x0A;Border value mismatch at (15,1)&#x0A;" type=""><![CDATA[/home/cjxu/npp/test/unit/nppi/nppi_geometry_transforms/test_nppi_copyConstBorder.cpp:67
Expected equality of these values:
  dstData[dstIdx]
    Which is: 0
  borderValue
    Which is: -500
Border value mismatch at (15,1)
]]></failure>
      <failure message="/home/cjxu/npp/test/unit/nppi/nppi_geometry_transforms/test_nppi_copyConstBorder.cpp:67&#x0A;Expected equality of these values:&#x0A;  dstData[dstIdx]&#x0A;    Which is: 0&#x0A;  borderValue&#x0A;    Which is: -500&#x0A;Border value mismatch at (16,1)&#x0A;" type=""><![CDATA[/home/cjxu/npp/test/unit/nppi/nppi_geometry_transforms/test_nppi_copyConstBorder.cpp:67
Expected equality of these values:
  dstData[dstIdx]
    Which is: 0
  borderValue
    Which is: -500
Border value mismatch at (16,1)
]]></failure>
      <failure message="/home/cjxu/npp/test/unit/nppi/nppi_geometry_transforms/test_nppi_copyConstBorder.cpp:67&#x0A;Expected equality of these values:&#x0A;  dstData[dstIdx]&#x0A;    Which is: 0&#x0A;  borderValue&#x0A;    Which is: -500&#x0A;Border value mismatch at (17,1)&#x0A;" type=""><![CDATA[/home/cjxu/npp/test/unit/nppi/nppi_geometry_transforms/test_nppi_copyConstBorder.cpp:67
Expected equality of these values:
  dstData[dstIdx]
    Which is: 0
  borderValue
    Which is: -500
Border value mismatch at (17,1)
]]></failure>
      <failure message="/home/cjxu/npp/test/unit/nppi/nppi_geometry_transforms/test_nppi_copyConstBorder.cpp:67&#x0A;Expected equality of these values:&#x0A;  dstData[dstIdx]&#x0A;    Which is: 0&#x0A;  borderValue&#x0A;    Which is: -500&#x0A;Border value mismatch at (18,1)&#x0A;" type=""><![CDATA[/home/cjxu/npp/test/unit/nppi/nppi_geometry_transforms/test_nppi_copyConstBorder.cpp:67
Expected equality of these values:
  dstData[dstIdx]
    Which is: 0
  borderValue
    Which is: -500
Border value mismatch at (18,1)
]]></failure>
      <failure message="/home/cjxu/npp/test/unit/nppi/nppi_geometry_transforms/test_nppi_copyConstBorder.cpp:67&#x0A;Expected equality of these values:&#x0A;  dstData[dstIdx]&#x0A;    Which is: 0&#x0A;  borderValue&#x0A;    Which is: -500&#x0A;Border value mismatch at (19,1)&#x0A;" type=""><![CDATA[/home/cjxu/npp/test/unit/nppi/nppi_geometry_transforms/test_nppi_copyConstBorder.cpp:67
Expected equality of these values:
  dstData[dstIdx]
    Which is: 0
  borderValue
    Which is: -500
Border value mismatch at (19,1)
]]></failure>
      <failure message="/home/cjxu/npp/test/unit/nppi/nppi_geometry_transforms/test_nppi_copyConstBorder.cpp:67&#x0A;Expected equality of these values:&#x0A;  dstData[dstIdx]&#x0A;    Which is: 0&#x0A;  borderValue&#x0A;    Which is: -500&#x0A;Border value mismatch at (20,1)&#x0A;" type=""><![CDATA[/home/cjxu/npp/test/unit/nppi/nppi_geometry_transforms/test_nppi_copyConstBorder.cpp:67
Expected equality of these values:
  dstData[dstIdx]
    Which is: 0
  borderValue
    Which is: -500
Border value mismatch at (20,1)
]]></failure>
      <failure message="/home/cjxu/npp/test/unit/nppi/nppi_geometry_transforms/test_nppi_copyConstBorder.cpp:67&#x0A;Expected equality of these values:&#x0A;  dstData[dstIdx]&#x0A;    Which is: 0&#x0A;  borderValue&#x0A;    Which is: -500&#x0A;Border value mismatch at (21,1)&#x0A;" type=""><![CDATA[/home/cjxu/npp/test/unit/nppi/nppi_geometry_transforms/test_nppi_copyConstBorder.cpp:67
Expected equality of these values:
  dstData[dstIdx]
    Which is: 0
  borderValue
    Which is: -500
Border value mismatch at (21,1)
]]></failure>
      <failure message="/home/cjxu/npp/test/unit/nppi/nppi_geometry_transforms/test_nppi_copyConstBorder.cpp:67&#x0A;Expected equality of these values:&#x0A;  dstData[dstIdx]&#x0A;    Which is: 0&#x0A;  borderValue&#x0A;    Which is: -500&#x0A;Border value mismatch at (22,1)&#x0A;" type=""><![CDATA[/home/cjxu/npp/test/unit/nppi/nppi_geometry_transforms/test_nppi_copyConstBorder.cpp:67
Expected equality of these values:
  dstData[dstIdx]
    Which is: 0
  borderValue
    Which is: -500
Border value mismatch at (22,1)
]]></failure>
      <failure message="/home/cjxu/npp/test/unit/nppi/nppi_geometry_transforms/test_nppi_copyConstBorder.cpp:67&#x0A;Expected equality of these values:&#x0A;  dstData[dstIdx]&#x0A;    Which is: 0&#x0A;  borderValue&#x0A;    Which is: -500&#x0A;Border value mismatch at (23,1)&#x0A;" type=""><![CDATA[/home/cjxu/npp/test/unit/nppi/nppi_geometry_transforms/test_nppi_copyConstBorder.cpp:67
Expected equality of these values:
  dstData[dstIdx]
    Which is: 0
  borderValue
    Which is: -500
Border value mismatch at (23,1)
]]></failure>
      <failure message="/home/cjxu/npp/test/unit/nppi/nppi_geometry_transforms/test_nppi_copyConstBorder.cpp:67&#x0A;Expected equality of these values:&#x0A;  dstData[dstIdx]&#x0A;    Which is: 0&#x0A;  borderValue&#x0A;    Which is: -500&#x0A;Border value mismatch at (0,2)&#x0A;" type=""><![CDATA[/home/cjxu/npp/test/unit/nppi/nppi_geometry_transforms/test_nppi_copyConstBorder.cpp:67
Expected equality of these values:
  dstData[dstIdx]
    Which is: 0
  borderValue
    Which is: -500
Border value mismatch at (0,2)
]]></failure>
      <failure message="/home/cjxu/npp/test/unit/nppi/nppi_geometry_transforms/test_nppi_copyConstBorder.cpp:67&#x0A;Expected equality of these values:&#x0A;  dstData[dstIdx]&#x0A;    Which is: 0&#x0A;  borderValue&#x0A;    Which is: -500&#x0A;Border value mismatch at (1,2)&#x0A;" type=""><![CDATA[/home/cjxu/npp/test/unit/nppi/nppi_geometry_transforms/test_nppi_copyConstBorder.cpp:67
Expected equality of these values:
  dstData[dstIdx]
    Which is: 0
  borderValue
    Which is: -500
Border value mismatch at (1,2)
]]></failure>
      <failure message="/home/cjxu/npp/test/unit/nppi/nppi_geometry_transforms/test_nppi_copyConstBorder.cpp:67&#x0A;Expected equality of these values:&#x0A;  dstData[dstIdx]&#x0A;    Which is: 0&#x0A;  borderValue&#x0A;    Which is: -500&#x0A;Border value mismatch at (2,2)&#x0A;" type=""><![CDATA[/home/cjxu/npp/test/unit/nppi/nppi_geometry_transforms/test_nppi_copyConstBorder.cpp:67
Expected equality of these values:
  dstData[dstIdx]
    Which is: 0
  borderValue
    Which is: -500
Border value mismatch at (2,2)
]]></failure>
      <failure message="/home/cjxu/npp/test/unit/nppi/nppi_geometry_transforms/test_nppi_copyConstBorder.cpp:67&#x0A;Expected equality of these values:&#x0A;  dstData[dstIdx]&#x0A;    Which is: 0&#x0A;  borderValue&#x0A;    Which is: -500&#x0A;Border value mismatch at (3,2)&#x0A;" type=""><![CDATA[/home/cjxu/npp/test/unit/nppi/nppi_geometry_transforms/test_nppi_copyConstBorder.cpp:67
Expected equality of these values:
  dstData[dstIdx]
    Which is: 0
  borderValue
    Which is: -500
Border value mismatch at (3,2)
]]></failure>
      <failure message="/home/cjxu/npp/test/unit/nppi/nppi_geometry_transforms/test_nppi_copyConstBorder.cpp:67&#x0A;Expected equality of these values:&#x0A;  dstData[dstIdx]&#x0A;    Which is: 0&#x0A;  borderValue&#x0A;    Which is: -500&#x0A;Border value mismatch at (4,2)&#x0A;" type=""><![CDATA[/home/cjxu/npp/test/unit/nppi/nppi_geometry_transforms/test_nppi_copyConstBorder.cpp:67
Expected equality of these values:
  dstData[dstIdx]
    Which is: 0
  borderValue
    Which is: -500
Border value mismatch at (4,2)
]]></failure>
      <failure message="/home/cjxu/npp/test/unit/nppi/nppi_geometry_transforms/test_nppi_copyConstBorder.cpp:67&#x0A;Expected equality of these values:&#x0A;  dstData[dstIdx]&#x0A;    Which is: 0&#x0A;  borderValue&#x0A;    Which is: -500&#x0A;Border value mismatch at (5,2)&#x0A;" type=""><![CDATA[/home/cjxu/npp/test/unit/nppi/nppi_geometry_transforms/test_nppi_copyConstBorder.cpp:67
Expected equality of these values:
  dstData[dstIdx]
    Which is: 0
  borderValue
    Which is: -500
Border value mismatch at (5,2)
]]></failure>
      <failure message="/home/cjxu/npp/test/unit/nppi/nppi_geometry_transforms/test_nppi_copyConstBorder.cpp:67&#x0A;Expected equality of these values:&#x0A;  dstData[dstIdx]&#x0A;    Which is: 0&#x0A;  borderValue&#x0A;    Which is: -500&#x0A;Border value mismatch at (6,2)&#x0A;" type=""><![CDATA[/home/cjxu/npp/test/unit/nppi/nppi_geometry_transforms/test_nppi_copyConstBorder.cpp:67
Expected equality of these values:
  dstData[dstIdx]
    Which is: 0
  borderValue
    Which is: -500
Border value mismatch at (6,2)
]]></failure>
      <failure message="/home/cjxu/npp/test/unit/nppi/nppi_geometry_transforms/test_nppi_copyConstBorder.cpp:67&#x0A;Expected equality of these values:&#x0A;  dstData[dstIdx]&#x0A;    Which is: 0&#x0A;  borderValue&#x0A;    Which is: -500&#x0A;Border value mismatch at (7,2)&#x0A;" type=""><![CDATA[/home/cjxu/npp/test/unit/nppi/nppi_geometry_transforms/test_nppi_copyConstBorder.cpp:67
Expected equality of these values:
  dstData[dstIdx]
    Which is: 0
  borderValue
    Which is: -500
Border value mismatch at (7,2)
]]></failure>
      <failure message="/home/cjxu/npp/test/unit/nppi/nppi_geometry_transforms/test_nppi_copyConstBorder.cpp:67&#x0A;Expected equality of these values:&#x0A;  dstData[dstIdx]&#x0A;    Which is: 0&#x0A;  borderValue&#x0A;    Which is: -500&#x0A;Border value mismatch at (8,2)&#x0A;" type=""><![CDATA[/home/cjxu/npp/test/unit/nppi/nppi_geometry_transforms/test_nppi_copyConstBorder.cpp:67
Expected equality of these values:
  dstData[dstIdx]
    Which is: 0
  borderValue
    Which is: -500
Border value mismatch at (8,2)
]]></failure>
      <failure message="/home/cjxu/npp/test/unit/nppi/nppi_geometry_transforms/test_nppi_copyConstBorder.cpp:67&#x0A;Expected equality of these values:&#x0A;  dstData[dstIdx]&#x0A;    Which is: 0&#x0A;  borderValue&#x0A;    Which is: -500&#x0A;Border value mismatch at (9,2)&#x0A;" type=""><![CDATA[/home/cjxu/npp/test/unit/nppi/nppi_geometry_transforms/test_nppi_copyConstBorder.cpp:67
Expected equality of these values:
  dstData[dstIdx]
    Which is: 0
  borderValue
    Which is: -500
Border value mismatch at (9,2)
]]></failure>
      <failure message="/home/cjxu/npp/test/unit/nppi/nppi_geometry_transforms/test_nppi_copyConstBorder.cpp:67&#x0A;Expected equality of these values:&#x0A;  dstData[dstIdx]&#x0A;    Which is: 0&#x0A;  borderValue&#x0A;    Which is: -500&#x0A;Border value mismatch at (10,2)&#x0A;" type=""><![CDATA[/home/cjxu/npp/test/unit/nppi/nppi_geometry_transforms/test_nppi_copyConstBorder.cpp:67
Expected equality of these values:
  dstData[dstIdx]
    Which is: 0
  borderValue
    Which is: -500
Border value mismatch at (10,2)
]]></failure>
      <failure message="/home/cjxu/npp/test/unit/nppi/nppi_geometry_transforms/test_nppi_copyConstBorder.cpp:67&#x0A;Expected equality of these values:&#x0A;  dstData[dstIdx]&#x0A;    Which is: 0&#x0A;  borderValue&#x0A;    Which is: -500&#x0A;Border value mismatch at (11,2)&#x0A;" type=""><![CDATA[/home/cjxu/npp/test/unit/nppi/nppi_geometry_transforms/test_nppi_copyConstBorder.cpp:67
Expected equality of these values:
  dstData[dstIdx]
    Which is: 0
  borderValue
    Which is: -500
Border value mismatch at (11,2)
]]></failure>
      <failure message="/home/cjxu/npp/test/unit/nppi/nppi_geometry_transforms/test_nppi_copyConstBorder.cpp:67&#x0A;Expected equality of these values:&#x0A;  dstData[dstIdx]&#x0A;    Which is: 0&#x0A;  borderValue&#x0A;    Which is: -500&#x0A;Border value mismatch at (12,2)&#x0A;" type=""><![CDATA[/home/cjxu/npp/test/unit/nppi/nppi_geometry_transforms/test_nppi_copyConstBorder.cpp:67
Expected equality of these values:
  dstData[dstIdx]
    Which is: 0
  borderValue
    Which is: -500
Border value mismatch at (12,2)
]]></failure>
      <failure message="/home/cjxu/npp/test/unit/nppi/nppi_geometry_transforms/test_nppi_copyConstBorder.cpp:67&#x0A;Expected equality of these values:&#x0A;  dstData[dstIdx]&#x0A;    Which is: 0&#x0A;  borderValue&#x0A;    Which is: -500&#x0A;Border value mismatch at (13,2)&#x0A;" type=""><![CDATA[/home/cjxu/npp/test/unit/nppi/nppi_geometry_transforms/test_nppi_copyConstBorder.cpp:67
Expected equality of these values:
  dstData[dstIdx]
    Which is: 0
  borderValue
    Which is: -500
Border value mismatch at (13,2)
]]></failure>
      <failure message="/home/cjxu/npp/test/unit/nppi/nppi_geometry_transforms/test_nppi_copyConstBorder.cpp:67&#x0A;Expected equality of these values:&#x0A;  dstData[dstIdx]&#x0A;    Which is: 0&#x0A;  borderValue&#x0A;    Which is: -500&#x0A;Border value mismatch at (14,2)&#x0A;" type=""><![CDATA[/home/cjxu/npp/test/unit/nppi/nppi_geometry_transforms/test_nppi_copyConstBorder.cpp:67
Expected equality of these values:
  dstData[dstIdx]
    Which is: 0
  borderValue
    Which is: -500
Border value mismatch at (14,2)
]]></failure>
      <failure message="/home/cjxu/npp/test/unit/nppi/nppi_geometry_transforms/test_nppi_copyConstBorder.cpp:67&#x0A;Expected equality of these values:&#x0A;  dstData[dstIdx]&#x0A;    Which is: 0&#x0A;  borderValue&#x0A;    Which is: -500&#x0A;Border value mismatch at (15,2)&#x0A;" type=""><![CDATA[/home/cjxu/npp/test/unit/nppi/nppi_geometry_transforms/test_nppi_copyConstBorder.cpp:67
Expected equality of these values:
  dstData[dstIdx]
    Which is: 0
  borderValue
    Which is: -500
Border value mismatch at (15,2)
]]></failure>
      <failure message="/home/cjxu/npp/test/unit/nppi/nppi_geometry_transforms/test_nppi_copyConstBorder.cpp:67&#x0A;Expected equality of these values:&#x0A;  dstData[dstIdx]&#x0A;    Which is: 0&#x0A;  borderValue&#x0A;    Which is: -500&#x0A;Border value mismatch at (16,2)&#x0A;" type=""><![CDATA[/home/cjxu/npp/test/unit/nppi/nppi_geometry_transforms/test_nppi_copyConstBorder.cpp:67
Expected equality of these values:
  dstData[dstIdx]
    Which is: 0
  borderValue
    Which is: -500
Border value mismatch at (16,2)
]]></failure>
      <failure message="/home/cjxu/npp/test/unit/nppi/nppi_geometry_transforms/test_nppi_copyConstBorder.cpp:67&#x0A;Expected equality of these values:&#x0A;  dstData[dstIdx]&#x0A;    Which is: 0&#x0A;  borderValue&#x0A;    Which is: -500&#x0A;Border value mismatch at (17,2)&#x0A;" type=""><![CDATA[/home/cjxu/npp/test/unit/nppi/nppi_geometry_transforms/test_nppi_copyConstBorder.cpp:67
Expected equality of these values:
  dstData[dstIdx]
    Which is: 0
  borderValue
    Which is: -500
Border value mismatch at (17,2)
]]></failure>
      <failure message="/home/cjxu/npp/test/unit/nppi/nppi_geometry_transforms/test_nppi_copyConstBorder.cpp:67&#x0A;Expected equality of these values:&#x0A;  dstData[dstIdx]&#x0A;    Which is: 0&#x0A;  borderValue&#x0A;    Which is: -500&#x0A;Border value mismatch at (18,2)&#x0A;" type=""><![CDATA[/home/cjxu/npp/test/unit/nppi/nppi_geometry_transforms/test_nppi_copyConstBorder.cpp:67
Expected equality of these values:
  dstData[dstIdx]
    Which is: 0
  borderValue
    Which is: -500
Border value mismatch at (18,2)
]]></failure>
      <failure message="/home/cjxu/npp/test/unit/nppi/nppi_geometry_transforms/test_nppi_copyConstBorder.cpp:67&#x0A;Expected equality of these values:&#x0A;  dstData[dstIdx]&#x0A;    Which is: 0&#x0A;  borderValue&#x0A;    Which is: -500&#x0A;Border value mismatch at (19,2)&#x0A;" type=""><![CDATA[/home/cjxu/npp/test/unit/nppi/nppi_geometry_transforms/test_nppi_copyConstBorder.cpp:67
Expected equality of these values:
  dstData[dstIdx]
    Which is: 0
  borderValue
    Which is: -500
Border value mismatch at (19,2)
]]></failure>
      <failure message="/home/cjxu/npp/test/unit/nppi/nppi_geometry_transforms/test_nppi_copyConstBorder.cpp:67&#x0A;Expected equality of these values:&#x0A;  dstData[dstIdx]&#x0A;    Which is: 0&#x0A;  borderValue&#x0A;    Which is: -500&#x0A;Border value mismatch at (20,2)&#x0A;" type=""><![CDATA[/home/cjxu/npp/test/unit/nppi/nppi_geometry_transforms/test_nppi_copyConstBorder.cpp:67
Expected equality of these values:
  dstData[dstIdx]
    Which is: 0
  borderValue
    Which is: -500
Border value mismatch at (20,2)
]]></failure>
      <failure message="/home/cjxu/npp/test/unit/nppi/nppi_geometry_transforms/test_nppi_copyConstBorder.cpp:67&#x0A;Expected equality of these values:&#x0A;  dstData[dstIdx]&#x0A;    Which is: 0&#x0A;  borderValue&#x0A;    Which is: -500&#x0A;Border value mismatch at (21,2)&#x0A;" type=""><![CDATA[/home/cjxu/npp/test/unit/nppi/nppi_geometry_transforms/test_nppi_copyConstBorder.cpp:67
Expected equality of these values:
  dstData[dstIdx]
    Which is: 0
  borderValue
    Which is: -500
Border value mismatch at (21,2)
]]></failure>
      <failure message="/home/cjxu/npp/test/unit/nppi/nppi_geometry_transforms/test_nppi_copyConstBorder.cpp:67&#x0A;Expected equality of these values:&#x0A;  dstData[dstIdx]&#x0A;    Which is: 0&#x0A;  borderValue&#x0A;    Which is: -500&#x0A;Border value mismatch at (22,2)&#x0A;" type=""><![CDATA[/home/cjxu/npp/test/unit/nppi/nppi_geometry_transforms/test_nppi_copyConstBorder.cpp:67
Expected equality of these values:
  dstData[dstIdx]
    Which is: 0
  borderValue
    Which is: -500
Border value mismatch at (22,2)
]]></failure>
      <failure message="/home/cjxu/npp/test/unit/nppi/nppi_geometry_transforms/test_nppi_copyConstBorder.cpp:67&#x0A;Expected equality of these values:&#x0A;  dstData[dstIdx]&#x0A;    Which is: 0&#x0A;  borderValue&#x0A;    Which is: -500&#x0A;Border value mismatch at (23,2)&#x0A;" type=""><![CDATA[/home/cjxu/npp/test/unit/nppi/nppi_geometry_transforms/test_nppi_copyConstBorder.cpp:67
Expected equality of these values:
  dstData[dstIdx]
    Which is: 0
  borderValue
    Which is: -500
Border value mismatch at (23,2)
]]></failure>
      <failure message="/home/cjxu/npp/test/unit/nppi/nppi_geometry_transforms/test_nppi_copyConstBorder.cpp:67&#x0A;Expected equality of these values:&#x0A;  dstData[dstIdx]&#x0A;    Which is: 0&#x0A;  borderValue&#x0A;    Which is: -500&#x0A;Border value mismatch at (0,3)&#x0A;" type=""><![CDATA[/home/cjxu/npp/test/unit/nppi/nppi_geometry_transforms/test_nppi_copyConstBorder.cpp:67
Expected equality of these values:
  dstData[dstIdx]
    Which is: 0
  borderValue
    Which is: -500
Border value mismatch at (0,3)
]]></failure>
      <failure message="/home/cjxu/npp/test/unit/nppi/nppi_geometry_transforms/test_nppi_copyConstBorder.cpp:67&#x0A;Expected equality of these values:&#x0A;  dstData[dstIdx]&#x0A;    Which is: 0&#x0A;  borderValue&#x0A;    Which is: -500&#x0A;Border value mismatch at (1,3)&#x0A;" type=""><![CDATA[/home/cjxu/npp/test/unit/nppi/nppi_geometry_transforms/test_nppi_copyConstBorder.cpp:67
Expected equality of these values:
  dstData[dstIdx]
    Which is: 0
  borderValue
    Which is: -500
Border value mismatch at (1,3)
]]></failure>
      <failure message="/home/cjxu/npp/test/unit/nppi/nppi_geometry_transforms/test_nppi_copyConstBorder.cpp:67&#x0A;Expected equality of these values:&#x0A;  dstData[dstIdx]&#x0A;    Which is: 0&#x0A;  borderValue&#x0A;    Which is: -500&#x0A;Border value mismatch at (2,3)&#x0A;" type=""><![CDATA[/home/cjxu/npp/test/unit/nppi/nppi_geometry_transforms/test_nppi_copyConstBorder.cpp:67
Expected equality of these values:
  dstData[dstIdx]
    Which is: 0
  borderValue
    Which is: -500
Border value mismatch at (2,3)
]]></failure>
      <failure message="/home/cjxu/npp/test/unit/nppi/nppi_geometry_transforms/test_nppi_copyConstBorder.cpp:67&#x0A;Expected equality of these values:&#x0A;  dstData[dstIdx]&#x0A;    Which is: 0&#x0A;  borderValue&#x0A;    Which is: -500&#x0A;Border value mismatch at (3,3)&#x0A;" type=""><![CDATA[/home/cjxu/npp/test/unit/nppi/nppi_geometry_transforms/test_nppi_copyConstBorder.cpp:67
Expected equality of these values:
  dstData[dstIdx]
    Which is: 0
  borderValue
    Which is: -500
Border value mismatch at (3,3)
]]></failure>
      <failure message="/home/cjxu/npp/test/unit/nppi/nppi_geometry_transforms/test_nppi_copyConstBorder.cpp:67&#x0A;Expected equality of these values:&#x0A;  dstData[dstIdx]&#x0A;    Which is: 0&#x0A;  borderValue&#x0A;    Which is: -500&#x0A;Border value mismatch at (4,3)&#x0A;" type=""><![CDATA[/home/cjxu/npp/test/unit/nppi/nppi_geometry_transforms/test_nppi_copyConstBorder.cpp:67
Expected equality of these values:
  dstData[dstIdx]
    Which is: 0
  borderValue
    Which is: -500
Border value mismatch at (4,3)
]]></failure>
      <failure message="/home/cjxu/npp/test/unit/nppi/nppi_geometry_transforms/test_nppi_copyConstBorder.cpp:67&#x0A;Expected equality of these values:&#x0A;  dstData[dstIdx]&#x0A;    Which is: 0&#x0A;  borderValue&#x0A;    Which is: -500&#x0A;Border value mismatch at (5,3)&#x0A;" type=""><![CDATA[/home/cjxu/npp/test/unit/nppi/nppi_geometry_transforms/test_nppi_copyConstBorder.cpp:67
Expected equality of these values:
  dstData[dstIdx]
    Which is: 0
  borderValue
    Which is: -500
Border value mismatch at (5,3)
]]></failure>
      <failure message="/home/cjxu/npp/test/unit/nppi/nppi_geometry_transforms/test_nppi_copyConstBorder.cpp:67&#x0A;Expected equality of these values:&#x0A;  dstData[dstIdx]&#x0A;    Which is: 0&#x0A;  borderValue&#x0A;    Which is: -500&#x0A;Border value mismatch at (6,3)&#x0A;" type=""><![CDATA[/home/cjxu/npp/test/unit/nppi/nppi_geometry_transforms/test_nppi_copyConstBorder.cpp:67
Expected equality of these values:
  dstData[dstIdx]
    Which is: 0
  borderValue
    Which is: -500
Border value mismatch at (6,3)
]]></failure>
      <failure message="/home/cjxu/npp/test/unit/nppi/nppi_geometry_transforms/test_nppi_copyConstBorder.cpp:67&#x0A;Expected equality of these values:&#x0A;  dstData[dstIdx]&#x0A;    Which is: 0&#x0A;  borderValue&#x0A;    Which is: -500&#x0A;Border value mismatch at (7,3)&#x0A;" type=""><![CDATA[/home/cjxu/npp/test/unit/nppi/nppi_geometry_transforms/test_nppi_copyConstBorder.cpp:67
Expected equality of these values:
  dstData[dstIdx]
    Which is: 0
  borderValue
    Which is: -500
Border value mismatch at (7,3)
]]></failure>
      <failure message="/home/cjxu/npp/test/unit/nppi/nppi_geometry_transforms/test_nppi_copyConstBorder.cpp:67&#x0A;Expected equality of these values:&#x0A;  dstData[dstIdx]&#x0A;    Which is: 0&#x0A;  borderValue&#x0A;    Which is: -500&#x0A;Border value mismatch at (8,3)&#x0A;" type=""><![CDATA[/home/cjxu/npp/test/unit/nppi/nppi_geometry_transforms/test_nppi_copyConstBorder.cpp:67
Expected equality of these values:
  dstData[dstIdx]
    Which is: 0
  borderValue
    Which is: -500
Border value mismatch at (8,3)
]]></failure>
      <failure message="/home/cjxu/npp/test/unit/nppi/nppi_geometry_transforms/test_nppi_copyConstBorder.cpp:67&#x0A;Expected equality of these values:&#x0A;  dstData[dstIdx]&#x0A;    Which is: 0&#x0A;  borderValue&#x0A;    Which is: -500&#x0A;Border value mismatch at (9,3)&#x0A;" type=""><![CDATA[/home/cjxu/npp/test/unit/nppi/nppi_geometry_transforms/test_nppi_copyConstBorder.cpp:67
Expected equality of these values:
  dstData[dstIdx]
    Which is: 0
  borderValue
    Which is: -500
Border value mismatch at (9,3)
]]></failure>
      <failure message="/home/cjxu/npp/test/unit/nppi/nppi_geometry_transforms/test_nppi_copyConstBorder.cpp:67&#x0A;Expected equality of these values:&#x0A;  dstData[dstIdx]&#x0A;    Which is: 0&#x0A;  borderValue&#x0A;    Which is: -500&#x0A;Border value mismatch at (10,3)&#x0A;" type=""><![CDATA[/home/cjxu/npp/test/unit/nppi/nppi_geometry_transforms/test_nppi_copyConstBorder.cpp:67
Expected equality of these values:
  dstData[dstIdx]
    Which is: 0
  borderValue
    Which is: -500
Border value mismatch at (10,3)
]]></failure>
      <failure message="/home/cjxu/npp/test/unit/nppi/nppi_geometry_transforms/test_nppi_copyConstBorder.cpp:67&#x0A;Expected equality of these values:&#x0A;  dstData[dstIdx]&#x0A;    Which is: 0&#x0A;  borderValue&#x0A;    Which is: -500&#x0A;Border value mismatch at (11,3)&#x0A;" type=""><![CDATA[/home/cjxu/npp/test/unit/nppi/nppi_geometry_transforms/test_nppi_copyConstBorder.cpp:67
Expected equality of these values:
  dstData[dstIdx]
    Which is: 0
  borderValue
    Which is: -500
Border value mismatch at (11,3)
]]></failure>
      <failure message="/home/cjxu/npp/test/unit/nppi/nppi_geometry_transforms/test_nppi_copyConstBorder.cpp:67&#x0A;Expected equality of these values:&#x0A;  dstData[dstIdx]&#x0A;    Which is: 0&#x0A;  borderValue&#x0A;    Which is: -500&#x0A;Border value mismatch at (12,3)&#x0A;" type=""><![CDATA[/home/cjxu/npp/test/unit/nppi/nppi_geometry_transforms/test_nppi_copyConstBorder.cpp:67
Expected equality of these values:
  dstData[dstIdx]
    Which is: 0
  borderValue
    Which is: -500
Border value mismatch at (12,3)
]]></failure>
      <failure message="/home/cjxu/npp/test/unit/nppi/nppi_geometry_transforms/test_nppi_copyConstBorder.cpp:67&#x0A;Expected equality of these values:&#x0A;  dstData[dstIdx]&#x0A;    Which is: 0&#x0A;  borderValue&#x0A;    Which is: -500&#x0A;Border value mismatch at (13,3)&#x0A;" type=""><![CDATA[/home/cjxu/npp/test/unit/nppi/nppi_geometry_transforms/test_nppi_copyConstBorder.cpp:67
Expected equality of these values:
  dstData[dstIdx]
    Which is: 0
  borderValue
    Which is: -500
Border value mismatch at (13,3)
]]></failure>
      <failure message="/home/cjxu/npp/test/unit/nppi/nppi_geometry_transforms/test_nppi_copyConstBorder.cpp:67&#x0A;Expected equality of these values:&#x0A;  dstData[dstIdx]&#x0A;    Which is: 0&#x0A;  borderValue&#x0A;    Which is: -500&#x0A;Border value mismatch at (14,3)&#x0A;" type=""><![CDATA[/home/cjxu/npp/test/unit/nppi/nppi_geometry_transforms/test_nppi_copyConstBorder.cpp:67
Expected equality of these values:
  dstData[dstIdx]
    Which is: 0
  borderValue
    Which is: -500
Border value mismatch at (14,3)
]]></failure>
      <failure message="/home/cjxu/npp/test/unit/nppi/nppi_geometry_transforms/test_nppi_copyConstBorder.cpp:67&#x0A;Expected equality of these values:&#x0A;  dstData[dstIdx]&#x0A;    Which is: 0&#x0A;  borderValue&#x0A;    Which is: -500&#x0A;Border value mismatch at (15,3)&#x0A;" type=""><![CDATA[/home/cjxu/npp/test/unit/nppi/nppi_geometry_transforms/test_nppi_copyConstBorder.cpp:67
Expected equality of these values:
  dstData[dstIdx]
    Which is: 0
  borderValue
    Which is: -500
Border value mismatch at (15,3)
]]></failure>
      <failure message="/home/cjxu/npp/test/unit/nppi/nppi_geometry_transforms/test_nppi_copyConstBorder.cpp:67&#x0A;Expected equality of these values:&#x0A;  dstData[dstIdx]&#x0A;    Which is: 0&#x0A;  borderValue&#x0A;    Which is: -500&#x0A;Border value mismatch at (16,3)&#x0A;" type=""><![CDATA[/home/cjxu/npp/test/unit/nppi/nppi_geometry_transforms/test_nppi_copyConstBorder.cpp:67
Expected equality of these values:
  dstData[dstIdx]
    Which is: 0
  borderValue
    Which is: -500
Border value mismatch at (16,3)
]]></failure>
      <failure message="/home/cjxu/npp/test/unit/nppi/nppi_geometry_transforms/test_nppi_copyConstBorder.cpp:67&#x0A;Expected equality of these values:&#x0A;  dstData[dstIdx]&#x0A;    Which is: 0&#x0A;  borderValue&#x0A;    Which is: -500&#x0A;Border value mismatch at (17,3)&#x0A;" type=""><![CDATA[/home/cjxu/npp/test/unit/nppi/nppi_geometry_transforms/test_nppi_copyConstBorder.cpp:67
Expected equality of these values:
  dstData[dstIdx]
    Which is: 0
  borderValue
    Which is: -500
Border value mismatch at (17,3)
]]></failure>
      <failure message="/home/cjxu/npp/test/unit/nppi/nppi_geometry_transforms/test_nppi_copyConstBorder.cpp:67&#x0A;Expected equality of these values:&#x0A;  dstData[dstIdx]&#x0A;    Which is: 0&#x0A;  borderValue&#x0A;    Which is: -500&#x0A;Border value mismatch at (18,3)&#x0A;" type=""><![CDATA[/home/cjxu/npp/test/unit/nppi/nppi_geometry_transforms/test_nppi_copyConstBorder.cpp:67
Expected equality of these values:
  dstData[dstIdx]
    Which is: 0
  borderValue
    Which is: -500
Border value mismatch at (18,3)
]]></failure>
      <failure message="/home/cjxu/npp/test/unit/nppi/nppi_geometry_transforms/test_nppi_copyConstBorder.cpp:67&#x0A;Expected equality of these values:&#x0A;  dstData[dstIdx]&#x0A;    Which is: 0&#x0A;  borderValue&#x0A;    Which is: -500&#x0A;Border value mismatch at (19,3)&#x0A;" type=""><![CDATA[/home/cjxu/npp/test/unit/nppi/nppi_geometry_transforms/test_nppi_copyConstBorder.cpp:67
Expected equality of these values:
  dstData[dstIdx]
    Which is: 0
  borderValue
    Which is: -500
Border value mismatch at (19,3)
]]></failure>
      <failure message="/home/cjxu/npp/test/unit/nppi/nppi_geometry_transforms/test_nppi_copyConstBorder.cpp:67&#x0A;Expected equality of these values:&#x0A;  dstData[dstIdx]&#x0A;    Which is: 0&#x0A;  borderValue&#x0A;    Which is: -500&#x0A;Border value mismatch at (20,3)&#x0A;" type=""><![CDATA[/home/cjxu/npp/test/unit/nppi/nppi_geometry_transforms/test_nppi_copyConstBorder.cpp:67
Expected equality of these values:
  dstData[dstIdx]
    Which is: 0
  borderValue
    Which is: -500
Border value mismatch at (20,3)
]]></failure>
      <failure message="/home/cjxu/npp/test/unit/nppi/nppi_geometry_transforms/test_nppi_copyConstBorder.cpp:67&#x0A;Expected equality of these values:&#x0A;  dstData[dstIdx]&#x0A;    Which is: 0&#x0A;  borderValue&#x0A;    Which is: -500&#x0A;Border value mismatch at (21,3)&#x0A;" type=""><![CDATA[/home/cjxu/npp/test/unit/nppi/nppi_geometry_transforms/test_nppi_copyConstBorder.cpp:67
Expected equality of these values:
  dstData[dstIdx]
    Which is: 0
  borderValue
    Which is: -500
Border value mismatch at (21,3)
]]></failure>
      <failure message="/home/cjxu/npp/test/unit/nppi/nppi_geometry_transforms/test_nppi_copyConstBorder.cpp:67&#x0A;Expected equality of these values:&#x0A;  dstData[dstIdx]&#x0A;    Which is: 0&#x0A;  borderValue&#x0A;    Which is: -500&#x0A;Border value mismatch at (22,3)&#x0A;" type=""><![CDATA[/home/cjxu/npp/test/unit/nppi/nppi_geometry_transforms/test_nppi_copyConstBorder.cpp:67
Expected equality of these values:
  dstData[dstIdx]
    Which is: 0
  borderValue
    Which is: -500
Border value mismatch at (22,3)
]]></failure>
      <failure message="/home/cjxu/npp/test/unit/nppi/nppi_geometry_transforms/test_nppi_copyConstBorder.cpp:67&#x0A;Expected equality of these values:&#x0A;  dstData[dstIdx]&#x0A;    Which is: 0&#x0A;  borderValue&#x0A;    Which is: -500&#x0A;Border value mismatch at (23,3)&#x0A;" type=""><![CDATA[/home/cjxu/npp/test/unit/nppi/nppi_geometry_transforms/test_nppi_copyConstBorder.cpp:67
Expected equality of these values:
  dstData[dstIdx]
    Which is: 0
  borderValue
    Which is: -500
Border value mismatch at (23,3)
]]></failure>
      <failure message="/home/cjxu/npp/test/unit/nppi/nppi_geometry_transforms/test_nppi_copyConstBorder.cpp:67&#x0A;Expected equality of these values:&#x0A;  dstData[dstIdx]&#x0A;    Which is: 0&#x0A;  borderValue&#x0A;    Which is: -500&#x0A;Border value mismatch at (0,4)&#x0A;" type=""><![CDATA[/home/cjxu/npp/test/unit/nppi/nppi_geometry_transforms/test_nppi_copyConstBorder.cpp:67
Expected equality of these values:
  dstData[dstIdx]
    Which is: 0
  borderValue
    Which is: -500
Border value mismatch at (0,4)
]]></failure>
      <failure message="/home/cjxu/npp/test/unit/nppi/nppi_geometry_transforms/test_nppi_copyConstBorder.cpp:67&#x0A;Expected equality of these values:&#x0A;  dstData[dstIdx]&#x0A;    Which is: 0&#x0A;  borderValue&#x0A;    Which is: -500&#x0A;Border value mismatch at (1,4)&#x0A;" type=""><![CDATA[/home/cjxu/npp/test/unit/nppi/nppi_geometry_transforms/test_nppi_copyConstBorder.cpp:67
Expected equality of these values:
  dstData[dstIdx]
    Which is: 0
  borderValue
    Which is: -500
Border value mismatch at (1,4)
]]></failure>
      <failure message="/home/cjxu/npp/test/unit/nppi/nppi_geometry_transforms/test_nppi_copyConstBorder.cpp:67&#x0A;Expected equality of these values:&#x0A;  dstData[dstIdx]&#x0A;    Which is: 0&#x0A;  borderValue&#x0A;    Which is: -500&#x0A;Border value mismatch at (2,4)&#x0A;" type=""><![CDATA[/home/cjxu/npp/test/unit/nppi/nppi_geometry_transforms/test_nppi_copyConstBorder.cpp:67
Expected equality of these values:
  dstData[dstIdx]
    Which is: 0
  borderValue
    Which is: -500
Border value mismatch at (2,4)
]]></failure>
      <failure message="/home/cjxu/npp/test/unit/nppi/nppi_geometry_transforms/test_nppi_copyConstBorder.cpp:63&#x0A;Expected equality of these values:&#x0A;  dstData[dstIdx]&#x0A;    Which is: 0&#x0A;  srcData[srcIdx]&#x0A;    Which is: 66&#x0A;Source copy mismatch at dst(3,4) src(0,0)&#x0A;" type=""><![CDATA[/home/cjxu/npp/test/unit/nppi/nppi_geometry_transforms/test_nppi_copyConstBorder.cpp:63
Expected equality of these values:
  dstData[dstIdx]
    Which is: 0
  srcData[srcIdx]
    Which is: 66
Source copy mismatch at dst(3,4) src(0,0)
]]></failure>
      <failure message="/home/cjxu/npp/test/unit/nppi/nppi_geometry_transforms/test_nppi_copyConstBorder.cpp:63&#x0A;Expected equality of these values:&#x0A;  dstData[dstIdx]&#x0A;    Which is: 0&#x0A;  srcData[srcIdx]&#x0A;    Which is: 593&#x0A;Source copy mismatch at dst(4,4) src(1,0)&#x0A;" type=""><![CDATA[/home/cjxu/npp/test/unit/nppi/nppi_geometry_transforms/test_nppi_copyConstBorder.cpp:63
Expected equality of these values:
  dstData[dstIdx]
    Which is: 0
  srcData[srcIdx]
    Which is: 593
Source copy mismatch at dst(4,4) src(1,0)
]]></failure>
      <failure message="/home/cjxu/npp/test/unit/nppi/nppi_geometry_transforms/test_nppi_copyConstBorder.cpp:63&#x0A;Expected equality of these values:&#x0A;  dstData[dstIdx]&#x0A;    Which is: 0&#x0A;  srcData[srcIdx]&#x0A;    Which is: -434&#x0A;Source copy mismatch at dst(5,4) src(2,0)&#x0A;" type=""><![CDATA[/home/cjxu/npp/test/unit/nppi/nppi_geometry_transforms/test_nppi_copyConstBorder.cpp:63
Expected equality of these values:
  dstData[dstIdx]
    Which is: 0
  srcData[srcIdx]
    Which is: -434
Source copy mismatch at dst(5,4) src(2,0)
]]></failure>
      <failure message="/home/cjxu/npp/test/unit/nppi/nppi_geometry_transforms/test_nppi_copyConstBorder.cpp:63&#x0A;Expected equality of these values:&#x0A;  dstData[dstIdx]&#x0A;    Which is: 0&#x0A;  srcData[srcIdx]&#x0A;    Which is: -798&#x0A;Source copy mismatch at dst(6,4) src(3,0)&#x0A;" type=""><![CDATA[/home/cjxu/npp/test/unit/nppi/nppi_geometry_transforms/test_nppi_copyConstBorder.cpp:63
Expected equality of these values:
  dstData[dstIdx]
    Which is: 0
  srcData[srcIdx]
    Which is: -798
Source copy mismatch at dst(6,4) src(3,0)
]]></failure>
      <failure message="/home/cjxu/npp/test/unit/nppi/nppi_geometry_transforms/test_nppi_copyConstBorder.cpp:63&#x0A;Expected equality of these values:&#x0A;  dstData[dstIdx]&#x0A;    Which is: 0&#x0A;  srcData[srcIdx]&#x0A;    Which is: -578&#x0A;Source copy mismatch at dst(7,4) src(4,0)&#x0A;" type=""><![CDATA[/home/cjxu/npp/test/unit/nppi/nppi_geometry_transforms/test_nppi_copyConstBorder.cpp:63
Expected equality of these values:
  dstData[dstIdx]
    Which is: 0
  srcData[srcIdx]
    Which is: -578
Source copy mismatch at dst(7,4) src(4,0)
]]></failure>
      <failure message="/home/cjxu/npp/test/unit/nppi/nppi_geometry_transforms/test_nppi_copyConstBorder.cpp:63&#x0A;Expected equality of these values:&#x0A;  dstData[dstIdx]&#x0A;    Which is: 0&#x0A;  srcData[srcIdx]&#x0A;    Which is: 132&#x0A;Source copy mismatch at dst(8,4) src(5,0)&#x0A;" type=""><![CDATA[/home/cjxu/npp/test/unit/nppi/nppi_geometry_transforms/test_nppi_copyConstBorder.cpp:63
Expected equality of these values:
  dstData[dstIdx]
    Which is: 0
  srcData[srcIdx]
    Which is: 132
Source copy mismatch at dst(8,4) src(5,0)
]]></failure>
      <failure message="/home/cjxu/npp/test/unit/nppi/nppi_geometry_transforms/test_nppi_copyConstBorder.cpp:63&#x0A;Expected equality of these values:&#x0A;  dstData[dstIdx]&#x0A;    Which is: 0&#x0A;  srcData[srcIdx]&#x0A;    Which is: 506&#x0A;Source copy mismatch at dst(9,4) src(6,0)&#x0A;" type=""><![CDATA[/home/cjxu/npp/test/unit/nppi/nppi_geometry_transforms/test_nppi_copyConstBorder.cpp:63
Expected equality of these values:
  dstData[dstIdx]
    Which is: 0
  srcData[srcIdx]
    Which is: 506
Source copy mismatch at dst(9,4) src(6,0)
]]></failure>
      <failure message="/home/cjxu/npp/test/unit/nppi/nppi_geometry_transforms/test_nppi_copyConstBorder.cpp:63&#x0A;Expected equality of these values:&#x0A;  dstData[dstIdx]&#x0A;    Which is: 0&#x0A;  srcData[srcIdx]&#x0A;    Which is: 947&#x0A;Source copy mismatch at dst(10,4) src(7,0)&#x0A;" type=""><![CDATA[/home/cjxu/npp/test/unit/nppi/nppi_geometry_transforms/test_nppi_copyConstBorder.cpp:63
Expected equality of these values:
  dstData[dstIdx]
    Which is: 0
  srcData[srcIdx]
    Which is: 947
Source copy mismatch at dst(10,4) src(7,0)
]]></failure>
      <failure message="/home/cjxu/npp/test/unit/nppi/nppi_geometry_transforms/test_nppi_copyConstBorder.cpp:63&#x0A;Expected equality of these values:&#x0A;  dstData[dstIdx]&#x0A;    Which is: 0&#x0A;  srcData[srcIdx]&#x0A;    Which is: 619&#x0A;Source copy mismatch at dst(11,4) src(8,0)&#x0A;" type=""><![CDATA[/home/cjxu/npp/test/unit/nppi/nppi_geometry_transforms/test_nppi_copyConstBorder.cpp:63
Expected equality of these values:
  dstData[dstIdx]
    Which is: 0
  srcData[srcIdx]
    Which is: 619
Source copy mismatch at dst(11,4) src(8,0)
]]></failure>
      <failure message="/home/cjxu/npp/test/unit/nppi/nppi_geometry_transforms/test_nppi_copyConstBorder.cpp:63&#x0A;Expected equality of these values:&#x0A;  dstData[dstIdx]&#x0A;    Which is: 0&#x0A;  srcData[srcIdx]&#x0A;    Which is: 689&#x0A;Source copy mismatch at dst(12,4) src(9,0)&#x0A;" type=""><![CDATA[/home/cjxu/npp/test/unit/nppi/nppi_geometry_transforms/test_nppi_copyConstBorder.cpp:63
Expected equality of these values:
  dstData[dstIdx]
    Which is: 0
  srcData[srcIdx]
    Which is: 689
Source copy mismatch at dst(12,4) src(9,0)
]]></failure>
      <failure message="/home/cjxu/npp/test/unit/nppi/nppi_geometry_transforms/test_nppi_copyConstBorder.cpp:63&#x0A;Expected equality of these values:&#x0A;  dstData[dstIdx]&#x0A;    Which is: 0&#x0A;  srcData[srcIdx]&#x0A;    Which is: 869&#x0A;Source copy mismatch at dst(13,4) src(10,0)&#x0A;" type=""><![CDATA[/home/cjxu/npp/test/unit/nppi/nppi_geometry_transforms/test_nppi_copyConstBorder.cpp:63
Expected equality of these values:
  dstData[dstIdx]
    Which is: 0
  srcData[srcIdx]
    Which is: 869
Source copy mismatch at dst(13,4) src(10,0)
]]></failure>
      <failure message="/home/cjxu/npp/test/unit/nppi/nppi_geometry_transforms/test_nppi_copyConstBorder.cpp:63&#x0A;Expected equality of these values:&#x0A;  dstData[dstIdx]&#x0A;    Which is: 0&#x0A;  srcData[srcIdx]&#x0A;    Which is: 812&#x0A;Source copy mismatch at dst(14,4) src(11,0)&#x0A;" type=""><![CDATA[/home/cjxu/npp/test/unit/nppi/nppi_geometry_transforms/test_nppi_copyConstBorder.cpp:63
Expected equality of these values:
  dstData[dstIdx]
    Which is: 0
  srcData[srcIdx]
    Which is: 812
Source copy mismatch at dst(14,4) src(11,0)
]]></failure>
      <failure message="/home/cjxu/npp/test/unit/nppi/nppi_geometry_transforms/test_nppi_copyConstBorder.cpp:63&#x0A;Expected equality of these values:&#x0A;  dstData[dstIdx]&#x0A;    Which is: 0&#x0A;  srcData[srcIdx]&#x0A;    Which is: 292&#x0A;Source copy mismatch at dst(15,4) src(12,0)&#x0A;" type=""><![CDATA[/home/cjxu/npp/test/unit/nppi/nppi_geometry_transforms/test_nppi_copyConstBorder.cpp:63
Expected equality of these values:
  dstData[dstIdx]
    Which is: 0
  srcData[srcIdx]
    Which is: 292
Source copy mismatch at dst(15,4) src(12,0)
]]></failure>
      <failure message="/home/cjxu/npp/test/unit/nppi/nppi_geometry_transforms/test_nppi_copyConstBorder.cpp:63&#x0A;Expected equality of these values:&#x0A;  dstData[dstIdx]&#x0A;    Which is: 0&#x0A;  srcData[srcIdx]&#x0A;    Which is: -821&#x0A;Source copy mismatch at dst(16,4) src(13,0)&#x0A;" type=""><![CDATA[/home/cjxu/npp/test/unit/nppi/nppi_geometry_transforms/test_nppi_copyConstBorder.cpp:63
Expected equality of these values:
  dstData[dstIdx]
    Which is: 0
  srcData[srcIdx]
    Which is: -821
Source copy mismatch at dst(16,4) src(13,0)
]]></failure>
      <failure message="/home/cjxu/npp/test/unit/nppi/nppi_geometry_transforms/test_nppi_copyConstBorder.cpp:63&#x0A;Expected equality of these values:&#x0A;  dstData[dstIdx]&#x0A;    Which is: 0&#x0A;  srcData[srcIdx]&#x0A;    Which is: -301&#x0A;Source copy mismatch at dst(17,4) src(14,0)&#x0A;" type=""><![CDATA[/home/cjxu/npp/test/unit/nppi/nppi_geometry_transforms/test_nppi_copyConstBorder.cpp:63
Expected equality of these values:
  dstData[dstIdx]
    Which is: 0
  srcData[srcIdx]
    Which is: -301
Source copy mismatch at dst(17,4) src(14,0)
]]></failure>
      <failure message="/home/cjxu/npp/test/unit/nppi/nppi_geometry_transforms/test_nppi_copyConstBorder.cpp:63&#x0A;Expected equality of these values:&#x0A;  dstData[dstIdx]&#x0A;    Which is: 0&#x0A;  srcData[srcIdx]&#x0A;    Which is: 650&#x0A;Source copy mismatch at dst(18,4) src(15,0)&#x0A;" type=""><![CDATA[/home/cjxu/npp/test/unit/nppi/nppi_geometry_transforms/test_nppi_copyConstBorder.cpp:63
Expected equality of these values:
  dstData[dstIdx]
    Which is: 0
  srcData[srcIdx]
    Which is: 650
Source copy mismatch at dst(18,4) src(15,0)
]]></failure>
      <failure message="/home/cjxu/npp/test/unit/nppi/nppi_geometry_transforms/test_nppi_copyConstBorder.cpp:67&#x0A;Expected equality of these values:&#x0A;  dstData[dstIdx]&#x0A;    Which is: 0&#x0A;  borderValue&#x0A;    Which is: -500&#x0A;Border value mismatch at (19,4)&#x0A;" type=""><![CDATA[/home/cjxu/npp/test/unit/nppi/nppi_geometry_transforms/test_nppi_copyConstBorder.cpp:67
Expected equality of these values:
  dstData[dstIdx]
    Which is: 0
  borderValue
    Which is: -500
Border value mismatch at (19,4)
]]></failure>
      <failure message="/home/cjxu/npp/test/unit/nppi/nppi_geometry_transforms/test_nppi_copyConstBorder.cpp:67&#x0A;Expected equality of these values:&#x0A;  dstData[dstIdx]&#x0A;    Which is: 0&#x0A;  borderValue&#x0A;    Which is: -500&#x0A;Border value mismatch at (20,4)&#x0A;" type=""><![CDATA[/home/cjxu/npp/test/unit/nppi/nppi_geometry_transforms/test_nppi_copyConstBorder.cpp:67
Expected equality of these values:
  dstData[dstIdx]
    Which is: 0
  borderValue
    Which is: -500
Border value mismatch at (20,4)
]]></failure>
      <failure message="/home/cjxu/npp/test/unit/nppi/nppi_geometry_transforms/test_nppi_copyConstBorder.cpp:67&#x0A;Expected equality of these values:&#x0A;  dstData[dstIdx]&#x0A;    Which is: 0&#x0A;  borderValue&#x0A;    Which is: -500&#x0A;Border value mismatch at (21,4)&#x0A;" type=""><![CDATA[/home/cjxu/npp/test/unit/nppi/nppi_geometry_transforms/test_nppi_copyConstBorder.cpp:67
Expected equality of these values:
  dstData[dstIdx]
    Which is: 0
  borderValue
    Which is: -500
Border value mismatch at (21,4)
]]></failure>
      <failure message="/home/cjxu/npp/test/unit/nppi/nppi_geometry_transforms/test_nppi_copyConstBorder.cpp:67&#x0A;Expected equality of these values:&#x0A;  dstData[dstIdx]&#x0A;    Which is: 0&#x0A;  borderValue&#x0A;    Which is: -500&#x0A;Border value mismatch at (22,4)&#x0A;" type=""><![CDATA[/home/cjxu/npp/test/unit/nppi/nppi_geometry_transforms/test_nppi_copyConstBorder.cpp:67
Expected equality of these values:
  dstData[dstIdx]
    Which is: 0
  borderValue
    Which is: -500
Border value mismatch at (22,4)
]]></failure>
      <failure message="/home/cjxu/npp/test/unit/nppi/nppi_geometry_transforms/test_nppi_copyConstBorder.cpp:67&#x0A;Expected equality of these values:&#x0A;  dstData[dstIdx]&#x0A;    Which is: 0&#x0A;  borderValue&#x0A;    Which is: -500&#x0A;Border value mismatch at (23,4)&#x0A;" type=""><![CDATA[/home/cjxu/npp/test/unit/nppi/nppi_geometry_transforms/test_nppi_copyConstBorder.cpp:67
Expected equality of these values:
  dstData[dstIdx]
    Which is: 0
  borderValue
    Which is: -500
Border value mismatch at (23,4)
]]></failure>
      <failure message="/home/cjxu/npp/test/unit/nppi/nppi_geometry_transforms/test_nppi_copyConstBorder.cpp:67&#x0A;Expected equality of these values:&#x0A;  dstData[dstIdx]&#x0A;    Which is: 0&#x0A;  borderValue&#x0A;    Which is: -500&#x0A;Border value mismatch at (0,5)&#x0A;" type=""><![CDATA[/home/cjxu/npp/test/unit/nppi/nppi_geometry_transforms/test_nppi_copyConstBorder.cpp:67
Expected equality of these values:
  dstData[dstIdx]
    Which is: 0
  borderValue
    Which is: -500
Border value mismatch at (0,5)
]]></failure>
      <failure message="/home/cjxu/npp/test/unit/nppi/nppi_geometry_transforms/test_nppi_copyConstBorder.cpp:67&#x0A;Expected equality of these values:&#x0A;  dstData[dstIdx]&#x0A;    Which is: 0&#x0A;  borderValue&#x0A;    Which is: -500&#x0A;Border value mismatch at (1,5)&#x0A;" type=""><![CDATA[/home/cjxu/npp/test/unit/nppi/nppi_geometry_transforms/test_nppi_copyConstBorder.cpp:67
Expected equality of these values:
  dstData[dstIdx]
    Which is: 0
  borderValue
    Which is: -500
Border value mismatch at (1,5)
]]></failure>
      <failure message="/home/cjxu/npp/test/unit/nppi/nppi_geometry_transforms/test_nppi_copyConstBorder.cpp:67&#x0A;Expected equality of these values:&#x0A;  dstData[dstIdx]&#x0A;    Which is: 0&#x0A;  borderValue&#x0A;    Which is: -500&#x0A;Border value mismatch at (2,5)&#x0A;" type=""><![CDATA[/home/cjxu/npp/test/unit/nppi/nppi_geometry_transforms/test_nppi_copyConstBorder.cpp:67
Expected equality of these values:
  dstData[dstIdx]
    Which is: 0
  borderValue
    Which is: -500
Border value mismatch at (2,5)
]]></failure>
      <failure message="/home/cjxu/npp/test/unit/nppi/nppi_geometry_transforms/test_nppi_copyConstBorder.cpp:63&#x0A;Expected equality of these values:&#x0A;  dstData[dstIdx]&#x0A;    Which is: 0&#x0A;  srcData[srcIdx]&#x0A;    Which is: -838&#x0A;Source copy mismatch at dst(3,5) src(0,1)&#x0A;" type=""><![CDATA[/home/cjxu/npp/test/unit/nppi/nppi_geometry_transforms/test_nppi_copyConstBorder.cpp:63
Expected equality of these values:
  dstData[dstIdx]
    Which is: 0
  srcData[srcIdx]
    Which is: -838
Source copy mismatch at dst(3,5) src(0,1)
]]></failure>
      <failure message="/home/cjxu/npp/test/unit/nppi/nppi_geometry_transforms/test_nppi_copyConstBorder.cpp:63&#x0A;Expected equality of these values:&#x0A;  dstData[dstIdx]&#x0A;    Which is: 0&#x0A;  srcData[srcIdx]&#x0A;    Which is: -441&#x0A;Source copy mismatch at dst(4,5) src(1,1)&#x0A;" type=""><![CDATA[/home/cjxu/npp/test/unit/nppi/nppi_geometry_transforms/test_nppi_copyConstBorder.cpp:63
Expected equality of these values:
  dstData[dstIdx]
    Which is: 0
  srcData[srcIdx]
    Which is: -441
Source copy mismatch at dst(4,5) src(1,1)
]]></failure>
      <failure message="/home/cjxu/npp/test/unit/nppi/nppi_geometry_transforms/test_nppi_copyConstBorder.cpp:63&#x0A;Expected equality of these values:&#x0A;  dstData[dstIdx]&#x0A;    Which is: 0&#x0A;  srcData[srcIdx]&#x0A;    Which is: 868&#x0A;Source copy mismatch at dst(5,5) src(2,1)&#x0A;" type=""><![CDATA[/home/cjxu/npp/test/unit/nppi/nppi_geometry_transforms/test_nppi_copyConstBorder.cpp:63
Expected equality of these values:
  dstData[dstIdx]
    Which is: 0
  srcData[srcIdx]
    Which is: 868
Source copy mismatch at dst(5,5) src(2,1)
]]></failure>
      <failure message="/home/cjxu/npp/test/unit/nppi/nppi_geometry_transforms/test_nppi_copyConstBorder.cpp:63&#x0A;Expected equality of these values:&#x0A;  dstData[dstIdx]&#x0A;    Which is: 0&#x0A;  srcData[srcIdx]&#x0A;    Which is: -659&#x0A;Source copy mismatch at dst(6,5) src(3,1)&#x0A;" type=""><![CDATA[/home/cjxu/npp/test/unit/nppi/nppi_geometry_transforms/test_nppi_copyConstBorder.cpp:63
Expected equality of these values:
  dstData[dstIdx]
    Which is: 0
  srcData[srcIdx]
    Which is: -659
Source copy mismatch at dst(6,5) src(3,1)
]]></failure>
      <failure message="/home/cjxu/npp/test/unit/nppi/nppi_geometry_transforms/test_nppi_copyConstBorder.cpp:63&#x0A;Expected equality of these values:&#x0A;  dstData[dstIdx]&#x0A;    Which is: 0&#x0A;  srcData[srcIdx]&#x0A;    Which is: 645&#x0A;Source copy mismatch at dst(7,5) src(4,1)&#x0A;" type=""><![CDATA[/home/cjxu/npp/test/unit/nppi/nppi_geometry_transforms/test_nppi_copyConstBorder.cpp:63
Expected equality of these values:
  dstData[dstIdx]
    Which is: 0
  srcData[srcIdx]
    Which is: 645
Source copy mismatch at dst(7,5) src(4,1)
]]></failure>
      <failure message="/home/cjxu/npp/test/unit/nppi/nppi_geometry_transforms/test_nppi_copyConstBorder.cpp:63&#x0A;Expected equality of these values:&#x0A;  dstData[dstIdx]&#x0A;    Which is: 0&#x0A;  srcData[srcIdx]&#x0A;    Which is: -881&#x0A;Source copy mismatch at dst(8,5) src(5,1)&#x0A;" type=""><![CDATA[/home/cjxu/npp/test/unit/nppi/nppi_geometry_transforms/test_nppi_copyConstBorder.cpp:63
Expected equality of these values:
  dstData[dstIdx]
    Which is: 0
  srcData[srcIdx]
    Which is: -881
Source copy mismatch at dst(8,5) src(5,1)
]]></failure>
      <failure message="/home/cjxu/npp/test/unit/nppi/nppi_geometry_transforms/test_nppi_copyConstBorder.cpp:63&#x0A;Expected equality of these values:&#x0A;  dstData[dstIdx]&#x0A;    Which is: 0&#x0A;  srcData[srcIdx]&#x0A;    Which is: 969&#x0A;Source copy mismatch at dst(9,5) src(6,1)&#x0A;" type=""><![CDATA[/home/cjxu/npp/test/unit/nppi/nppi_geometry_transforms/test_nppi_copyConstBorder.cpp:63
Expected equality of these values:
  dstData[dstIdx]
    Which is: 0
  srcData[srcIdx]
    Which is: 969
Source copy mismatch at dst(9,5) src(6,1)
]]></failure>
      <failure message="/home/cjxu/npp/test/unit/nppi/nppi_geometry_transforms/test_nppi_copyConstBorder.cpp:63&#x0A;Expected equality of these values:&#x0A;  dstData[dstIdx]&#x0A;    Which is: 0&#x0A;  srcData[srcIdx]&#x0A;    Which is: 81&#x0A;Source copy mismatch at dst(10,5) src(7,1)&#x0A;" type=""><![CDATA[/home/cjxu/npp/test/unit/nppi/nppi_geometry_transforms/test_nppi_copyConstBorder.cpp:63
Expected equality of these values:
  dstData[dstIdx]
    Which is: 0
  srcData[srcIdx]
    Which is: 81
Source copy mismatch at dst(10,5) src(7,1)
]]></failure>
      <failure message="/home/cjxu/npp/test/unit/nppi/nppi_geometry_transforms/test_nppi_copyConstBorder.cpp:63&#x0A;Expected equality of these values:&#x0A;  dstData[dstIdx]&#x0A;    Which is: 0&#x0A;  srcData[srcIdx]&#x0A;    Which is: 171&#x0A;Source copy mismatch at dst(11,5) src(8,1)&#x0A;" type=""><![CDATA[/home/cjxu/npp/test/unit/nppi/nppi_geometry_transforms/test_nppi_copyConstBorder.cpp:63
Expected equality of these values:
  dstData[dstIdx]
    Which is: 0
  srcData[srcIdx]
    Which is: 171
Source copy mismatch at dst(11,5) src(8,1)
]]></failure>
      <failure message="/home/cjxu/npp/test/unit/nppi/nppi_geometry_transforms/test_nppi_copyConstBorder.cpp:63&#x0A;Expected equality of these values:&#x0A;  dstData[dstIdx]&#x0A;    Which is: 0&#x0A;  srcData[srcIdx]&#x0A;    Which is: 626&#x0A;Source copy mismatch at dst(12,5) src(9,1)&#x0A;" type=""><![CDATA[/home/cjxu/npp/test/unit/nppi/nppi_geometry_transforms/test_nppi_copyConstBorder.cpp:63
Expected equality of these values:
  dstData[dstIdx]
    Which is: 0
  srcData[srcIdx]
    Which is: 626
Source copy mismatch at dst(12,5) src(9,1)
]]></failure>
      <failure message="/home/cjxu/npp/test/unit/nppi/nppi_geometry_transforms/test_nppi_copyConstBorder.cpp:63&#x0A;Expected equality of these values:&#x0A;  dstData[dstIdx]&#x0A;    Which is: 0&#x0A;  srcData[srcIdx]&#x0A;    Which is: 719&#x0A;Source copy mismatch at dst(13,5) src(10,1)&#x0A;" type=""><![CDATA[/home/cjxu/npp/test/unit/nppi/nppi_geometry_transforms/test_nppi_copyConstBorder.cpp:63
Expected equality of these values:
  dstData[dstIdx]
    Which is: 0
  srcData[srcIdx]
    Which is: 719
Source copy mismatch at dst(13,5) src(10,1)
]]></failure>
      <failure message="/home/cjxu/npp/test/unit/nppi/nppi_geometry_transforms/test_nppi_copyConstBorder.cpp:63&#x0A;Expected equality of these values:&#x0A;  dstData[dstIdx]&#x0A;    Which is: 0&#x0A;  srcData[srcIdx]&#x0A;    Which is: 891&#x0A;Source copy mismatch at dst(14,5) src(11,1)&#x0A;" type=""><![CDATA[/home/cjxu/npp/test/unit/nppi/nppi_geometry_transforms/test_nppi_copyConstBorder.cpp:63
Expected equality of these values:
  dstData[dstIdx]
    Which is: 0
  srcData[srcIdx]
    Which is: 891
Source copy mismatch at dst(14,5) src(11,1)
]]></failure>
      <failure message="/home/cjxu/npp/test/unit/nppi/nppi_geometry_transforms/test_nppi_copyConstBorder.cpp:63&#x0A;Expected equality of these values:&#x0A;  dstData[dstIdx]&#x0A;    Which is: 0&#x0A;  srcData[srcIdx]&#x0A;    Which is: -535&#x0A;Source copy mismatch at dst(15,5) src(12,1)&#x0A;" type=""><![CDATA[/home/cjxu/npp/test/unit/nppi/nppi_geometry_transforms/test_nppi_copyConstBorder.cpp:63
Expected equality of these values:
  dstData[dstIdx]
    Which is: 0
  srcData[srcIdx]
    Which is: -535
Source copy mismatch at dst(15,5) src(12,1)
]]></failure>
      <failure message="/home/cjxu/npp/test/unit/nppi/nppi_geometry_transforms/test_nppi_copyConstBorder.cpp:63&#x0A;Expected equality of these values:&#x0A;  dstData[dstIdx]&#x0A;    Which is: 0&#x0A;  srcData[srcIdx]&#x0A;    Which is: 190&#x0A;Source copy mismatch at dst(16,5) src(13,1)&#x0A;" type=""><![CDATA[/home/cjxu/npp/test/unit/nppi/nppi_geometry_transforms/test_nppi_copyConstBorder.cpp:63
Expected equality of these values:
  dstData[dstIdx]
    Which is: 0
  srcData[srcIdx]
    Which is: 190
Source copy mismatch at dst(16,5) src(13,1)
]]></failure>
      <failure message="/home/cjxu/npp/test/unit/nppi/nppi_geometry_transforms/test_nppi_copyConstBorder.cpp:63&#x0A;Expected equality of these values:&#x0A;  dstData[dstIdx]&#x0A;    Which is: 0&#x0A;  srcData[srcIdx]&#x0A;    Which is: -131&#x0A;Source copy mismatch at dst(17,5) src(14,1)&#x0A;" type=""><![CDATA[/home/cjxu/npp/test/unit/nppi/nppi_geometry_transforms/test_nppi_copyConstBorder.cpp:63
Expected equality of these values:
  dstData[dstIdx]
    Which is: 0
  srcData[srcIdx]
    Which is: -131
Source copy mismatch at dst(17,5) src(14,1)
]]></failure>
      <failure message="/home/cjxu/npp/test/unit/nppi/nppi_geometry_transforms/test_nppi_copyConstBorder.cpp:63&#x0A;Expected equality of these values:&#x0A;  dstData[dstIdx]&#x0A;    Which is: 0&#x0A;  srcData[srcIdx]&#x0A;    Which is: 89&#x0A;Source copy mismatch at dst(18,5) src(15,1)&#x0A;" type=""><![CDATA[/home/cjxu/npp/test/unit/nppi/nppi_geometry_transforms/test_nppi_copyConstBorder.cpp:63
Expected equality of these values:
  dstData[dstIdx]
    Which is: 0
  srcData[srcIdx]
    Which is: 89
Source copy mismatch at dst(18,5) src(15,1)
]]></failure>
      <failure message="/home/cjxu/npp/test/unit/nppi/nppi_geometry_transforms/test_nppi_copyConstBorder.cpp:67&#x0A;Expected equality of these values:&#x0A;  dstData[dstIdx]&#x0A;    Which is: 0&#x0A;  borderValue&#x0A;    Which is: -500&#x0A;Border value mismatch at (19,5)&#x0A;" type=""><![CDATA[/home/cjxu/npp/test/unit/nppi/nppi_geometry_transforms/test_nppi_copyConstBorder.cpp:67
Expected equality of these values:
  dstData[dstIdx]
    Which is: 0
  borderValue
    Which is: -500
Border value mismatch at (19,5)
]]></failure>
      <failure message="/home/cjxu/npp/test/unit/nppi/nppi_geometry_transforms/test_nppi_copyConstBorder.cpp:67&#x0A;Expected equality of these values:&#x0A;  dstData[dstIdx]&#x0A;    Which is: 0&#x0A;  borderValue&#x0A;    Which is: -500&#x0A;Border value mismatch at (20,5)&#x0A;" type=""><![CDATA[/home/cjxu/npp/test/unit/nppi/nppi_geometry_transforms/test_nppi_copyConstBorder.cpp:67
Expected equality of these values:
  dstData[dstIdx]
    Which is: 0
  borderValue
    Which is: -500
Border value mismatch at (20,5)
]]></failure>
      <failure message="/home/cjxu/npp/test/unit/nppi/nppi_geometry_transforms/test_nppi_copyConstBorder.cpp:67&#x0A;Expected equality of these values:&#x0A;  dstData[dstIdx]&#x0A;    Which is: 0&#x0A;  borderValue&#x0A;    Which is: -500&#x0A;Border value mismatch at (21,5)&#x0A;" type=""><![CDATA[/home/cjxu/npp/test/unit/nppi/nppi_geometry_transforms/test_nppi_copyConstBorder.cpp:67
Expected equality of these values:
  dstData[dstIdx]
    Which is: 0
  borderValue
    Which is: -500
Border value mismatch at (21,5)
]]></failure>
      <failure message="/home/cjxu/npp/test/unit/nppi/nppi_geometry_transforms/test_nppi_copyConstBorder.cpp:67&#x0A;Expected equality of these values:&#x0A;  dstData[dstIdx]&#x0A;    Which is: 0&#x0A;  borderValue&#x0A;    Which is: -500&#x0A;Border value mismatch at (22,5)&#x0A;" type=""><![CDATA[/home/cjxu/npp/test/unit/nppi/nppi_geometry_transforms/test_nppi_copyConstBorder.cpp:67
Expected equality of these values:
  dstData[dstIdx]
    Which is: 0
  borderValue
    Which is: -500
Border value mismatch at (22,5)
]]></failure>
      <failure message="/home/cjxu/npp/test/unit/nppi/nppi_geometry_transforms/test_nppi_copyConstBorder.cpp:67&#x0A;Expected equality of these values:&#x0A;  dstData[dstIdx]&#x0A;    Which is: 0&#x0A;  borderValue&#x0A;    Which is: -500&#x0A;Border value mismatch at (23,5)&#x0A;" type=""><![CDATA[/home/cjxu/npp/test/unit/nppi/nppi_geometry_transforms/test_nppi_copyConstBorder.cpp:67
Expected equality of these values:
  dstData[dstIdx]
    Which is: 0
  borderValue
    Which is: -500
Border value mismatch at (23,5)
]]></failure>
      <failure message="/home/cjxu/npp/test/unit/nppi/nppi_geometry_transforms/test_nppi_copyConstBorder.cpp:67&#x0A;Expected equality of these values:&#x0A;  dstData[dstIdx]&#x0A;    Which is: 0&#x0A;  borderValue&#x0A;    Which is: -500&#x0A;Border value mismatch at (0,6)&#x0A;" type=""><![CDATA[/home/cjxu/npp/test/unit/nppi/nppi_geometry_transforms/test_nppi_copyConstBorder.cpp:67
Expected equality of these values:
  dstData[dstIdx]
    Which is: 0
  borderValue
    Which is: -500
Border value mismatch at (0,6)
]]></failure>
      <failure message="/home/cjxu/npp/test/unit/nppi/nppi_geometry_transforms/test_nppi_copyConstBorder.cpp:67&#x0A;Expected equality of these values:&#x0A;  dstData[dstIdx]&#x0A;    Which is: 0&#x0A;  borderValue&#x0A;    Which is: -500&#x0A;Border value mismatch at (1,6)&#x0A;" type=""><![CDATA[/home/cjxu/npp/test/unit/nppi/nppi_geometry_transforms/test_nppi_copyConstBorder.cpp:67
Expected equality of these values:
  dstData[dstIdx]
    Which is: 0
  borderValue
    Which is: -500
Border value mismatch at (1,6)
]]></failure>
      <failure message="/home/cjxu/npp/test/unit/nppi/nppi_geometry_transforms/test_nppi_copyConstBorder.cpp:67&#x0A;Expected equality of these values:&#x0A;  dstData[dstIdx]&#x0A;    Which is: 0&#x0A;  borderValue&#x0A;    Which is: -500&#x0A;Border value mismatch at (2,6)&#x0A;" type=""><![CDATA[/home/cjxu/npp/test/unit/nppi/nppi_geometry_transforms/test_nppi_copyConstBorder.cpp:67
Expected equality of these values:
  dstData[dstIdx]
    Which is: 0
  borderValue
    Which is: -500
Border value mismatch at (2,6)
]]></failure>
      <failure message="/home/cjxu/npp/test/unit/nppi/nppi_geometry_transforms/test_nppi_copyConstBorder.cpp:63&#x0A;Expected equality of these values:&#x0A;  dstData[dstIdx]&#x0A;    Which is: 0&#x0A;  srcData[srcIdx]&#x0A;    Which is: -218&#x0A;Source copy mismatch at dst(3,6) src(0,2)&#x0A;" type=""><![CDATA[/home/cjxu/npp/test/unit/nppi/nppi_geometry_transforms/test_nppi_copyConstBorder.cpp:63
Expected equality of these values:
  dstData[dstIdx]
    Which is: 0
  srcData[srcIdx]
    Which is: -218
Source copy mismatch at dst(3,6) src(0,2)
]]></failure>
      <failure message="/home/cjxu/npp/test/unit/nppi/nppi_geometry_transforms/test_nppi_copyConstBorder.cpp:63&#x0A;Expected equality of these values:&#x0A;  dstData[dstIdx]&#x0A;    Which is: 0&#x0A;  srcData[srcIdx]&#x0A;    Which is: -7&#x0A;Source copy mismatch at dst(4,6) src(1,2)&#x0A;" type=""><![CDATA[/home/cjxu/npp/test/unit/nppi/nppi_geometry_transforms/test_nppi_copyConstBorder.cpp:63
Expected equality of these values:
  dstData[dstIdx]
    Which is: 0
  srcData[srcIdx]
    Which is: -7
Source copy mismatch at dst(4,6) src(1,2)
]]></failure>
      <failure message="/home/cjxu/npp/test/unit/nppi/nppi_geometry_transforms/test_nppi_copyConstBorder.cpp:63&#x0A;Expected equality of these values:&#x0A;  dstData[dstIdx]&#x0A;    Which is: 0&#x0A;  srcData[srcIdx]&#x0A;    Which is: -152&#x0A;Source copy mismatch at dst(5,6) src(2,2)&#x0A;" type=""><![CDATA[/home/cjxu/npp/test/unit/nppi/nppi_geometry_transforms/test_nppi_copyConstBorder.cpp:63
Expected equality of these values:
  dstData[dstIdx]
    Which is: 0
  srcData[srcIdx]
    Which is: -152
Source copy mismatch at dst(5,6) src(2,2)
]]></failure>
      <failure message="/home/cjxu/npp/test/unit/nppi/nppi_geometry_transforms/test_nppi_copyConstBorder.cpp:63&#x0A;Expected equality of these values:&#x0A;  dstData[dstIdx]&#x0A;    Which is: 0&#x0A;  srcData[srcIdx]&#x0A;    Which is: 204&#x0A;Source copy mismatch at dst(6,6) src(3,2)&#x0A;" type=""><![CDATA[/home/cjxu/npp/test/unit/nppi/nppi_geometry_transforms/test_nppi_copyConstBorder.cpp:63
Expected equality of these values:
  dstData[dstIdx]
    Which is: 0
  srcData[srcIdx]
    Which is: 204
Source copy mismatch at dst(6,6) src(3,2)
]]></failure>
      <failure message="/home/cjxu/npp/test/unit/nppi/nppi_geometry_transforms/test_nppi_copyConstBorder.cpp:63&#x0A;Expected equality of these values:&#x0A;  dstData[dstIdx]&#x0A;    Which is: 0&#x0A;  srcData[srcIdx]&#x0A;    Which is: -876&#x0A;Source copy mismatch at dst(7,6) src(4,2)&#x0A;" type=""><![CDATA[/home/cjxu/npp/test/unit/nppi/nppi_geometry_transforms/test_nppi_copyConstBorder.cpp:63
Expected equality of these values:
  dstData[dstIdx]
    Which is: 0
  srcData[srcIdx]
    Which is: -876
Source copy mismatch at dst(7,6) src(4,2)
]]></failure>
      <failure message="/home/cjxu/npp/test/unit/nppi/nppi_geometry_transforms/test_nppi_copyConstBorder.cpp:63&#x0A;Expected equality of these values:&#x0A;  dstData[dstIdx]&#x0A;    Which is: 0&#x0A;  srcData[srcIdx]&#x0A;    Which is: -647&#x0A;Source copy mismatch at dst(8,6) src(5,2)&#x0A;" type=""><![CDATA[/home/cjxu/npp/test/unit/nppi/nppi_geometry_transforms/test_nppi_copyConstBorder.cpp:63
Expected equality of these values:
  dstData[dstIdx]
    Which is: 0
  srcData[srcIdx]
    Which is: -647
Source copy mismatch at dst(8,6) src(5,2)
]]></failure>
      <failure message="/home/cjxu/npp/test/unit/nppi/nppi_geometry_transforms/test_nppi_copyConstBorder.cpp:63&#x0A;Expected equality of these values:&#x0A;  dstData[dstIdx]&#x0A;    Which is: 0&#x0A;  srcData[srcIdx]&#x0A;    Which is: -292&#x0A;Source copy mismatch at dst(9,6) src(6,2)&#x0A;" type=""><![CDATA[/home/cjxu/npp/test/unit/nppi/nppi_geometry_transforms/test_nppi_copyConstBorder.cpp:63
Expected equality of these values:
  dstData[dstIdx]
    Which is: 0
  srcData[srcIdx]
    Which is: -292
Source copy mismatch at dst(9,6) src(6,2)
]]></failure>
      <failure message="/home/cjxu/npp/test/unit/nppi/nppi_geometry_transforms/test_nppi_copyConstBorder.cpp:63&#x0A;Expected equality of these values:&#x0A;  dstData[dstIdx]&#x0A;    Which is: 0&#x0A;  srcData[srcIdx]&#x0A;    Which is: 300&#x0A;Source copy mismatch at dst(10,6) src(7,2)&#x0A;" type=""><![CDATA[/home/cjxu/npp/test/unit/nppi/nppi_geometry_transforms/test_nppi_copyConstBorder.cpp:63
Expected equality of these values:
  dstData[dstIdx]
    Which is: 0
  srcData[srcIdx]
    Which is: 300
Source copy mismatch at dst(10,6) src(7,2)
]]></failure>
      <failure message="/home/cjxu/npp/test/unit/nppi/nppi_geometry_transforms/test_nppi_copyConstBorder.cpp:63&#x0A;Expected equality of these values:&#x0A;  dstData[dstIdx]&#x0A;    Which is: 0&#x0A;  srcData[srcIdx]&#x0A;    Which is: 599&#x0A;Source copy mismatch at dst(11,6) src(8,2)&#x0A;" type=""><![CDATA[/home/cjxu/npp/test/unit/nppi/nppi_geometry_transforms/test_nppi_copyConstBorder.cpp:63
Expected equality of these values:
  dstData[dstIdx]
    Which is: 0
  srcData[srcIdx]
    Which is: 599
Source copy mismatch at dst(11,6) src(8,2)
]]></failure>
      <failure message="/home/cjxu/npp/test/unit/nppi/nppi_geometry_transforms/test_nppi_copyConstBorder.cpp:63&#x0A;Expected equality of these values:&#x0A;  dstData[dstIdx]&#x0A;    Which is: 0&#x0A;  srcData[srcIdx]&#x0A;    Which is: -424&#x0A;Source copy mismatch at dst(12,6) src(9,2)&#x0A;" type=""><![CDATA[/home/cjxu/npp/test/unit/nppi/nppi_geometry_transforms/test_nppi_copyConstBorder.cpp:63
Expected equality of these values:
  dstData[dstIdx]
    Which is: 0
  srcData[srcIdx]
    Which is: -424
Source copy mismatch at dst(12,6) src(9,2)
]]></failure>
      <failure message="/home/cjxu/npp/test/unit/nppi/nppi_geometry_transforms/test_nppi_copyConstBorder.cpp:63&#x0A;Expected equality of these values:&#x0A;  dstData[dstIdx]&#x0A;    Which is: 0&#x0A;  srcData[srcIdx]&#x0A;    Which is: 111&#x0A;Source copy mismatch at dst(13,6) src(10,2)&#x0A;" type=""><![CDATA[/home/cjxu/npp/test/unit/nppi/nppi_geometry_transforms/test_nppi_copyConstBorder.cpp:63
Expected equality of these values:
  dstData[dstIdx]
    Which is: 0
  srcData[srcIdx]
    Which is: 111
Source copy mismatch at dst(13,6) src(10,2)
]]></failure>
      <failure message="/home/cjxu/npp/test/unit/nppi/nppi_geometry_transforms/test_nppi_copyConstBorder.cpp:63&#x0A;Expected equality of these values:&#x0A;  dstData[dstIdx]&#x0A;    Which is: 0&#x0A;  srcData[srcIdx]&#x0A;    Which is: -109&#x0A;Source copy mismatch at dst(14,6) src(11,2)&#x0A;" type=""><![CDATA[/home/cjxu/npp/test/unit/nppi/nppi_geometry_transforms/test_nppi_copyConstBorder.cpp:63
Expected equality of these values:
  dstData[dstIdx]
    Which is: 0
  srcData[srcIdx]
    Which is: -109
Source copy mismatch at dst(14,6) src(11,2)
]]></failure>
      <failure message="/home/cjxu/npp/test/unit/nppi/nppi_geometry_transforms/test_nppi_copyConstBorder.cpp:63&#x0A;Expected equality of these values:&#x0A;  dstData[dstIdx]&#x0A;    Which is: 0&#x0A;  srcData[srcIdx]&#x0A;    Which is: -245&#x0A;Source copy mismatch at dst(15,6) src(12,2)&#x0A;" type=""><![CDATA[/home/cjxu/npp/test/unit/nppi/nppi_geometry_transforms/test_nppi_copyConstBorder.cpp:63
Expected equality of these values:
  dstData[dstIdx]
    Which is: 0
  srcData[srcIdx]
    Which is: -245
Source copy mismatch at dst(15,6) src(12,2)
]]></failure>
      <failure message="/home/cjxu/npp/test/unit/nppi/nppi_geometry_transforms/test_nppi_copyConstBorder.cpp:63&#x0A;Expected equality of these values:&#x0A;  dstData[dstIdx]&#x0A;    Which is: 0&#x0A;  srcData[srcIdx]&#x0A;    Which is: 810&#x0A;Source copy mismatch at dst(16,6) src(13,2)&#x0A;" type=""><![CDATA[/home/cjxu/npp/test/unit/nppi/nppi_geometry_transforms/test_nppi_copyConstBorder.cpp:63
Expected equality of these values:
  dstData[dstIdx]
    Which is: 0
  srcData[srcIdx]
    Which is: 810
Source copy mismatch at dst(16,6) src(13,2)
]]></failure>
      <failure message="/home/cjxu/npp/test/unit/nppi/nppi_geometry_transforms/test_nppi_copyConstBorder.cpp:63&#x0A;Expected equality of these values:&#x0A;  dstData[dstIdx]&#x0A;    Which is: 0&#x0A;  srcData[srcIdx]&#x0A;    Which is: -903&#x0A;Source copy mismatch at dst(17,6) src(14,2)&#x0A;" type=""><![CDATA[/home/cjxu/npp/test/unit/nppi/nppi_geometry_transforms/test_nppi_copyConstBorder.cpp:63
Expected equality of these values:
  dstData[dstIdx]
    Which is: 0
  srcData[srcIdx]
    Which is: -903
Source copy mismatch at dst(17,6) src(14,2)
]]></failure>
      <failure message="/home/cjxu/npp/test/unit/nppi/nppi_geometry_transforms/test_nppi_copyConstBorder.cpp:63&#x0A;Expected equality of these values:&#x0A;  dstData[dstIdx]&#x0A;    Which is: 0&#x0A;  srcData[srcIdx]&#x0A;    Which is: -525&#x0A;Source copy mismatch at dst(18,6) src(15,2)&#x0A;" type=""><![CDATA[/home/cjxu/npp/test/unit/nppi/nppi_geometry_transforms/test_nppi_copyConstBorder.cpp:63
Expected equality of these values:
  dstData[dstIdx]
    Which is: 0
  srcData[srcIdx]
    Which is: -525
Source copy mismatch at dst(18,6) src(15,2)
]]></failure>
      <failure message="/home/cjxu/npp/test/unit/nppi/nppi_geometry_transforms/test_nppi_copyConstBorder.cpp:67&#x0A;Expected equality of these values:&#x0A;  dstData[dstIdx]&#x0A;    Which is: 0&#x0A;  borderValue&#x0A;    Which is: -500&#x0A;Border value mismatch at (19,6)&#x0A;" type=""><![CDATA[/home/cjxu/npp/test/unit/nppi/nppi_geometry_transforms/test_nppi_copyConstBorder.cpp:67
Expected equality of these values:
  dstData[dstIdx]
    Which is: 0
  borderValue
    Which is: -500
Border value mismatch at (19,6)
]]></failure>
      <failure message="/home/cjxu/npp/test/unit/nppi/nppi_geometry_transforms/test_nppi_copyConstBorder.cpp:67&#x0A;Expected equality of these values:&#x0A;  dstData[dstIdx]&#x0A;    Which is: 0&#x0A;  borderValue&#x0A;    Which is: -500&#x0A;Border value mismatch at (20,6)&#x0A;" type=""><![CDATA[/home/cjxu/npp/test/unit/nppi/nppi_geometry_transforms/test_nppi_copyConstBorder.cpp:67
Expected equality of these values:
  dstData[dstIdx]
    Which is: 0
  borderValue
    Which is: -500
Border value mismatch at (20,6)
]]></failure>
      <failure message="/home/cjxu/npp/test/unit/nppi/nppi_geometry_transforms/test_nppi_copyConstBorder.cpp:67&#x0A;Expected equality of these values:&#x0A;  dstData[dstIdx]&#x0A;    Which is: 0&#x0A;  borderValue&#x0A;    Which is: -500&#x0A;Border value mismatch at (21,6)&#x0A;" type=""><![CDATA[/home/cjxu/npp/test/unit/nppi/nppi_geometry_transforms/test_nppi_copyConstBorder.cpp:67
Expected equality of these values:
  dstData[dstIdx]
    Which is: 0
  borderValue
    Which is: -500
Border value mismatch at (21,6)
]]></failure>
      <failure message="/home/cjxu/npp/test/unit/nppi/nppi_geometry_transforms/test_nppi_copyConstBorder.cpp:67&#x0A;Expected equality of these values:&#x0A;  dstData[dstIdx]&#x0A;    Which is: 0&#x0A;  borderValue&#x0A;    Which is: -500&#x0A;Border value mismatch at (22,6)&#x0A;" type=""><![CDATA[/home/cjxu/npp/test/unit/nppi/nppi_geometry_transforms/test_nppi_copyConstBorder.cpp:67
Expected equality of these values:
  dstData[dstIdx]
    Which is: 0
  borderValue
    Which is: -500
Border value mismatch at (22,6)
]]></failure>
      <failure message="/home/cjxu/npp/test/unit/nppi/nppi_geometry_transforms/test_nppi_copyConstBorder.cpp:67&#x0A;Expected equality of these values:&#x0A;  dstData[dstIdx]&#x0A;    Which is: 0&#x0A;  borderValue&#x0A;    Which is: -500&#x0A;Border value mismatch at (23,6)&#x0A;" type=""><![CDATA[/home/cjxu/npp/test/unit/nppi/nppi_geometry_transforms/test_nppi_copyConstBorder.cpp:67
Expected equality of these values:
  dstData[dstIdx]
    Which is: 0
  borderValue
    Which is: -500
Border value mismatch at (23,6)
]]></failure>
      <failure message="/home/cjxu/npp/test/unit/nppi/nppi_geometry_transforms/test_nppi_copyConstBorder.cpp:67&#x0A;Expected equality of these values:&#x0A;  dstData[dstIdx]&#x0A;    Which is: 0&#x0A;  borderValue&#x0A;    Which is: -500&#x0A;Border value mismatch at (0,7)&#x0A;" type=""><![CDATA[/home/cjxu/npp/test/unit/nppi/nppi_geometry_transforms/test_nppi_copyConstBorder.cpp:67
Expected equality of these values:
  dstData[dstIdx]
    Which is: 0
  borderValue
    Which is: -500
Border value mismatch at (0,7)
]]></failure>
      <failure message="/home/cjxu/npp/test/unit/nppi/nppi_geometry_transforms/test_nppi_copyConstBorder.cpp:67&#x0A;Expected equality of these values:&#x0A;  dstData[dstIdx]&#x0A;    Which is: 0&#x0A;  borderValue&#x0A;    Which is: -500&#x0A;Border value mismatch at (1,7)&#x0A;" type=""><![CDATA[/home/cjxu/npp/test/unit/nppi/nppi_geometry_transforms/test_nppi_copyConstBorder.cpp:67
Expected equality of these values:
  dstData[dstIdx]
    Which is: 0
  borderValue
    Which is: -500
Border value mismatch at (1,7)
]]></failure>
      <failure message="/home/cjxu/npp/test/unit/nppi/nppi_geometry_transforms/test_nppi_copyConstBorder.cpp:67&#x0A;Expected equality of these values:&#x0A;  dstData[dstIdx]&#x0A;    Which is: 0&#x0A;  borderValue&#x0A;    Which is: -500&#x0A;Border value mismatch at (2,7)&#x0A;" type=""><![CDATA[/home/cjxu/npp/test/unit/nppi/nppi_geometry_transforms/test_nppi_copyConstBorder.cpp:67
Expected equality of these values:
  dstData[dstIdx]
    Which is: 0
  borderValue
    Which is: -500
Border value mismatch at (2,7)
]]></failure>
      <failure message="/home/cjxu/npp/test/unit/nppi/nppi_geometry_transforms/test_nppi_copyConstBorder.cpp:63&#x0A;Expected equality of these values:&#x0A;  dstData[dstIdx]&#x0A;    Which is: 0&#x0A;  srcData[srcIdx]&#x0A;    Which is: 927&#x0A;Source copy mismatch at dst(3,7) src(0,3)&#x0A;" type=""><![CDATA[/home/cjxu/npp/test/unit/nppi/nppi_geometry_transforms/test_nppi_copyConstBorder.cpp:63
Expected equality of these values:
  dstData[dstIdx]
    Which is: 0
  srcData[srcIdx]
    Which is: 927
Source copy mismatch at dst(3,7) src(0,3)
]]></failure>
      <failure message="/home/cjxu/npp/test/unit/nppi/nppi_geometry_transforms/test_nppi_copyConstBorder.cpp:63&#x0A;Expected equality of these values:&#x0A;  dstData[dstIdx]&#x0A;    Which is: 0&#x0A;  srcData[srcIdx]&#x0A;    Which is: 965&#x0A;Source copy mismatch at dst(4,7) src(1,3)&#x0A;" type=""><![CDATA[/home/cjxu/npp/test/unit/nppi/nppi_geometry_transforms/test_nppi_copyConstBorder.cpp:63
Expected equality of these values:
  dstData[dstIdx]
    Which is: 0
  srcData[srcIdx]
    Which is: 965
Source copy mismatch at dst(4,7) src(1,3)
]]></failure>
      <failure message="/home/cjxu/npp/test/unit/nppi/nppi_geometry_transforms/test_nppi_copyConstBorder.cpp:63&#x0A;Expected equality of these values:&#x0A;  dstData[dstIdx]&#x0A;    Which is: 0&#x0A;  srcData[srcIdx]&#x0A;    Which is: -627&#x0A;Source copy mismatch at dst(5,7) src(2,3)&#x0A;" type=""><![CDATA[/home/cjxu/npp/test/unit/nppi/nppi_geometry_transforms/test_nppi_copyConstBorder.cpp:63
Expected equality of these values:
  dstData[dstIdx]
    Which is: 0
  srcData[srcIdx]
    Which is: -627
Source copy mismatch at dst(5,7) src(2,3)
]]></failure>
      <failure message="/home/cjxu/npp/test/unit/nppi/nppi_geometry_transforms/test_nppi_copyConstBorder.cpp:63&#x0A;Expected equality of these values:&#x0A;  dstData[dstIdx]&#x0A;    Which is: 0&#x0A;  srcData[srcIdx]&#x0A;    Which is: 571&#x0A;Source copy mismatch at dst(6,7) src(3,3)&#x0A;" type=""><![CDATA[/home/cjxu/npp/test/unit/nppi/nppi_geometry_transforms/test_nppi_copyConstBorder.cpp:63
Expected equality of these values:
  dstData[dstIdx]
    Which is: 0
  srcData[srcIdx]
    Which is: 571
Source copy mismatch at dst(6,7) src(3,3)
]]></failure>
      <failure message="/home/cjxu/npp/test/unit/nppi/nppi_geometry_transforms/test_nppi_copyConstBorder.cpp:63&#x0A;Expected equality of these values:&#x0A;  dstData[dstIdx]&#x0A;    Which is: 0&#x0A;  srcData[srcIdx]&#x0A;    Which is: 641&#x0A;Source copy mismatch at dst(7,7) src(4,3)&#x0A;" type=""><![CDATA[/home/cjxu/npp/test/unit/nppi/nppi_geometry_transforms/test_nppi_copyConstBorder.cpp:63
Expected equality of these values:
  dstData[dstIdx]
    Which is: 0
  srcData[srcIdx]
    Which is: 641
Source copy mismatch at dst(7,7) src(4,3)
]]></failure>
      <failure message="/home/cjxu/npp/test/unit/nppi/nppi_geometry_transforms/test_nppi_copyConstBorder.cpp:63&#x0A;Expected equality of these values:&#x0A;  dstData[dstIdx]&#x0A;    Which is: 0&#x0A;  srcData[srcIdx]&#x0A;    Which is: -659&#x0A;Source copy mismatch at dst(8,7) src(5,3)&#x0A;" type=""><![CDATA[/home/cjxu/npp/test/unit/nppi/nppi_geometry_transforms/test_nppi_copyConstBorder.cpp:63
Expected equality of these values:
  dstData[dstIdx]
    Which is: 0
  srcData[srcIdx]
    Which is: -659
Source copy mismatch at dst(8,7) src(5,3)
]]></failure>
      <failure message="/home/cjxu/npp/test/unit/nppi/nppi_geometry_transforms/test_nppi_copyConstBorder.cpp:63&#x0A;Expected equality of these values:&#x0A;  dstData[dstIdx]&#x0A;    Which is: 0&#x0A;  srcData[srcIdx]&#x0A;    Which is: -792&#x0A;Source copy mismatch at dst(9,7) src(6,3)&#x0A;" type=""><![CDATA[/home/cjxu/npp/test/unit/nppi/nppi_geometry_transforms/test_nppi_copyConstBorder.cpp:63
Expected equality of these values:
  dstData[dstIdx]
    Which is: 0
  srcData[srcIdx]
    Which is: -792
Source copy mismatch at dst(9,7) src(6,3)
]]></failure>
      <failure message="/home/cjxu/npp/test/unit/nppi/nppi_geometry_transforms/test_nppi_copyConstBorder.cpp:63&#x0A;Expected equality of these values:&#x0A;  dstData[dstIdx]&#x0A;    Which is: 0&#x0A;  srcData[srcIdx]&#x0A;    Which is: -632&#x0A;Source copy mismatch at dst(10,7) src(7,3)&#x0A;" type=""><![CDATA[/home/cjxu/npp/test/unit/nppi/nppi_geometry_transforms/test_nppi_copyConstBorder.cpp:63
Expected equality of these values:
  dstData[dstIdx]
    Which is: 0
  srcData[srcIdx]
    Which is: -632
Source copy mismatch at dst(10,7) src(7,3)
]]></failure>
      <failure message="/home/cjxu/npp/test/unit/nppi/nppi_geometry_transforms/test_nppi_copyConstBorder.cpp:63&#x0A;Expected equality of these values:&#x0A;  dstData[dstIdx]&#x0A;    Which is: 0&#x0A;  srcData[srcIdx]&#x0A;    Which is: 967&#x0A;Source copy mismatch at dst(11,7) src(8,3)&#x0A;" type=""><![CDATA[/home/cjxu/npp/test/unit/nppi/nppi_geometry_transforms/test_nppi_copyConstBorder.cpp:63
Expected equality of these values:
  dstData[dstIdx]
    Which is: 0
  srcData[srcIdx]
    Which is: 967
Source copy mismatch at dst(11,7) src(8,3)
]]></failure>
      <failure message="/home/cjxu/npp/test/unit/nppi/nppi_geometry_transforms/test_nppi_copyConstBorder.cpp:63&#x0A;Expected equality of these values:&#x0A;  dstData[dstIdx]&#x0A;    Which is: 0&#x0A;  srcData[srcIdx]&#x0A;    Which is: 927&#x0A;Source copy mismatch at dst(12,7) src(9,3)&#x0A;" type=""><![CDATA[/home/cjxu/npp/test/unit/nppi/nppi_geometry_transforms/test_nppi_copyConstBorder.cpp:63
Expected equality of these values:
  dstData[dstIdx]
    Which is: 0
  srcData[srcIdx]
    Which is: 927
Source copy mismatch at dst(12,7) src(9,3)
]]></failure>
      <failure message="/home/cjxu/npp/test/unit/nppi/nppi_geometry_transforms/test_nppi_copyConstBorder.cpp:63&#x0A;Expected equality of these values:&#x0A;  dstData[dstIdx]&#x0A;    Which is: 0&#x0A;  srcData[srcIdx]&#x0A;    Which is: 816&#x0A;Source copy mismatch at dst(13,7) src(10,3)&#x0A;" type=""><![CDATA[/home/cjxu/npp/test/unit/nppi/nppi_geometry_transforms/test_nppi_copyConstBorder.cpp:63
Expected equality of these values:
  dstData[dstIdx]
    Which is: 0
  srcData[srcIdx]
    Which is: 816
Source copy mismatch at dst(13,7) src(10,3)
]]></failure>
      <failure message="/home/cjxu/npp/test/unit/nppi/nppi_geometry_transforms/test_nppi_copyConstBorder.cpp:63&#x0A;Expected equality of these values:&#x0A;  dstData[dstIdx]&#x0A;    Which is: 0&#x0A;  srcData[srcIdx]&#x0A;    Which is: 990&#x0A;Source copy mismatch at dst(14,7) src(11,3)&#x0A;" type=""><![CDATA[/home/cjxu/npp/test/unit/nppi/nppi_geometry_transforms/test_nppi_copyConstBorder.cpp:63
Expected equality of these values:
  dstData[dstIdx]
    Which is: 0
  srcData[srcIdx]
    Which is: 990
Source copy mismatch at dst(14,7) src(11,3)
]]></failure>
      <failure message="/home/cjxu/npp/test/unit/nppi/nppi_geometry_transforms/test_nppi_copyConstBorder.cpp:63&#x0A;Expected equality of these values:&#x0A;  dstData[dstIdx]&#x0A;    Which is: 0&#x0A;  srcData[srcIdx]&#x0A;    Which is: 116&#x0A;Source copy mismatch at dst(15,7) src(12,3)&#x0A;" type=""><![CDATA[/home/cjxu/npp/test/unit/nppi/nppi_geometry_transforms/test_nppi_copyConstBorder.cpp:63
Expected equality of these values:
  dstData[dstIdx]
    Which is: 0
  srcData[srcIdx]
    Which is: 116
Source copy mismatch at dst(15,7) src(12,3)
]]></failure>
      <failure message="/home/cjxu/npp/test/unit/nppi/nppi_geometry_transforms/test_nppi_copyConstBorder.cpp:63&#x0A;Expected equality of these values:&#x0A;  dstData[dstIdx]&#x0A;    Which is: 0&#x0A;  srcData[srcIdx]&#x0A;    Which is: -758&#x0A;Source copy mismatch at dst(16,7) src(13,3)&#x0A;" type=""><![CDATA[/home/cjxu/npp/test/unit/nppi/nppi_geometry_transforms/test_nppi_copyConstBorder.cpp:63
Expected equality of these values:
  dstData[dstIdx]
    Which is: 0
  srcData[srcIdx]
    Which is: -758
Source copy mismatch at dst(16,7) src(13,3)
]]></failure>
      <failure message="/home/cjxu/npp/test/unit/nppi/nppi_geometry_transforms/test_nppi_copyConstBorder.cpp:63&#x0A;Expected equality of these values:&#x0A;  dstData[dstIdx]&#x0A;    Which is: 0&#x0A;  srcData[srcIdx]&#x0A;    Which is: 78&#x0A;Source copy mismatch at dst(17,7) src(14,3)&#x0A;" type=""><![CDATA[/home/cjxu/npp/test/unit/nppi/nppi_geometry_transforms/test_nppi_copyConstBorder.cpp:63
Expected equality of these values:
  dstData[dstIdx]
    Which is: 0
  srcData[srcIdx]
    Which is: 78
Source copy mismatch at dst(17,7) src(14,3)
]]></failure>
      <failure message="/home/cjxu/npp/test/unit/nppi/nppi_geometry_transforms/test_nppi_copyConstBorder.cpp:63&#x0A;Expected equality of these values:&#x0A;  dstData[dstIdx]&#x0A;    Which is: 0&#x0A;  srcData[srcIdx]&#x0A;    Which is: 899&#x0A;Source copy mismatch at dst(18,7) src(15,3)&#x0A;" type=""><![CDATA[/home/cjxu/npp/test/unit/nppi/nppi_geometry_transforms/test_nppi_copyConstBorder.cpp:63
Expected equality of these values:
  dstData[dstIdx]
    Which is: 0
  srcData[srcIdx]
    Which is: 899
Source copy mismatch at dst(18,7) src(15,3)
]]></failure>
      <failure message="/home/cjxu/npp/test/unit/nppi/nppi_geometry_transforms/test_nppi_copyConstBorder.cpp:67&#x0A;Expected equality of these values:&#x0A;  dstData[dstIdx]&#x0A;    Which is: 0&#x0A;  borderValue&#x0A;    Which is: -500&#x0A;Border value mismatch at (19,7)&#x0A;" type=""><![CDATA[/home/cjxu/npp/test/unit/nppi/nppi_geometry_transforms/test_nppi_copyConstBorder.cpp:67
Expected equality of these values:
  dstData[dstIdx]
    Which is: 0
  borderValue
    Which is: -500
Border value mismatch at (19,7)
]]></failure>
      <failure message="/home/cjxu/npp/test/unit/nppi/nppi_geometry_transforms/test_nppi_copyConstBorder.cpp:67&#x0A;Expected equality of these values:&#x0A;  dstData[dstIdx]&#x0A;    Which is: 0&#x0A;  borderValue&#x0A;    Which is: -500&#x0A;Border value mismatch at (20,7)&#x0A;" type=""><![CDATA[/home/cjxu/npp/test/unit/nppi/nppi_geometry_transforms/test_nppi_copyConstBorder.cpp:67
Expected equality of these values:
  dstData[dstIdx]
    Which is: 0
  borderValue
    Which is: -500
Border value mismatch at (20,7)
]]></failure>
      <failure message="/home/cjxu/npp/test/unit/nppi/nppi_geometry_transforms/test_nppi_copyConstBorder.cpp:67&#x0A;Expected equality of these values:&#x0A;  dstData[dstIdx]&#x0A;    Which is: 0&#x0A;  borderValue&#x0A;    Which is: -500&#x0A;Border value mismatch at (21,7)&#x0A;" type=""><![CDATA[/home/cjxu/npp/test/unit/nppi/nppi_geometry_transforms/test_nppi_copyConstBorder.cpp:67
Expected equality of these values:
  dstData[dstIdx]
    Which is: 0
  borderValue
    Which is: -500
Border value mismatch at (21,7)
]]></failure>
      <failure message="/home/cjxu/npp/test/unit/nppi/nppi_geometry_transforms/test_nppi_copyConstBorder.cpp:67&#x0A;Expected equality of these values:&#x0A;  dstData[dstIdx]&#x0A;    Which is: 0&#x0A;  borderValue&#x0A;    Which is: -500&#x0A;Border value mismatch at (22,7)&#x0A;" type=""><![CDATA[/home/cjxu/npp/test/unit/nppi/nppi_geometry_transforms/test_nppi_copyConstBorder.cpp:67
Expected equality of these values:
  dstData[dstIdx]
    Which is: 0
  borderValue
    Which is: -500
Border value mismatch at (22,7)
]]></failure>
      <failure message="/home/cjxu/npp/test/unit/nppi/nppi_geometry_transforms/test_nppi_copyConstBorder.cpp:67&#x0A;Expected equality of these values:&#x0A;  dstData[dstIdx]&#x0A;    Which is: 0&#x0A;  borderValue&#x0A;    Which is: -500&#x0A;Border value mismatch at (23,7)&#x0A;" type=""><![CDATA[/home/cjxu/npp/test/unit/nppi/nppi_geometry_transforms/test_nppi_copyConstBorder.cpp:67
Expected equality of these values:
  dstData[dstIdx]
    Which is: 0
  borderValue
    Which is: -500
Border value mismatch at (23,7)
]]></failure>
      <failure message="/home/cjxu/npp/test/unit/nppi/nppi_geometry_transforms/test_nppi_copyConstBorder.cpp:67&#x0A;Expected equality of these values:&#x0A;  dstData[dstIdx]&#x0A;    Which is: 0&#x0A;  borderValue&#x0A;    Which is: -500&#x0A;Border value mismatch at (0,8)&#x0A;" type=""><![CDATA[/home/cjxu/npp/test/unit/nppi/nppi_geometry_transforms/test_nppi_copyConstBorder.cpp:67
Expected equality of these values:
  dstData[dstIdx]
    Which is: 0
  borderValue
    Which is: -500
Border value mismatch at (0,8)
]]></failure>
      <failure message="/home/cjxu/npp/test/unit/nppi/nppi_geometry_transforms/test_nppi_copyConstBorder.cpp:67&#x0A;Expected equality of these values:&#x0A;  dstData[dstIdx]&#x0A;    Which is: 0&#x0A;  borderValue&#x0A;    Which is: -500&#x0A;Border value mismatch at (1,8)&#x0A;" type=""><![CDATA[/home/cjxu/npp/test/unit/nppi/nppi_geometry_transforms/test_nppi_copyConstBorder.cpp:67
Expected equality of these values:
  dstData[dstIdx]
    Which is: 0
  borderValue
    Which is: -500
Border value mismatch at (1,8)
]]></failure>
      <failure message="/home/cjxu/npp/test/unit/nppi/nppi_geometry_transforms/test_nppi_copyConstBorder.cpp:67&#x0A;Expected equality of these values:&#x0A;  dstData[dstIdx]&#x0A;    Which is: 0&#x0A;  borderValue&#x0A;    Which is: -500&#x0A;Border value mismatch at (2,8)&#x0A;" type=""><![CDATA[/home/cjxu/npp/test/unit/nppi/nppi_geometry_transforms/test_nppi_copyConstBorder.cpp:67
Expected equality of these values:
  dstData[dstIdx]
    Which is: 0
  borderValue
    Which is: -500
Border value mismatch at (2,8)
]]></failure>
      <failure message="/home/cjxu/npp/test/unit/nppi/nppi_geometry_transforms/test_nppi_copyConstBorder.cpp:63&#x0A;Expected equality of these values:&#x0A;  dstData[dstIdx]&#x0A;    Which is: 0&#x0A;  srcData[srcIdx]&#x0A;    Which is: 235&#x0A;Source copy mismatch at dst(3,8) src(0,4)&#x0A;" type=""><![CDATA[/home/cjxu/npp/test/unit/nppi/nppi_geometry_transforms/test_nppi_copyConstBorder.cpp:63
Expected equality of these values:
  dstData[dstIdx]
    Which is: 0
  srcData[srcIdx]
    Which is: 235
Source copy mismatch at dst(3,8) src(0,4)
]]></failure>
      <failure message="/home/cjxu/npp/test/unit/nppi/nppi_geometry_transforms/test_nppi_copyConstBorder.cpp:63&#x0A;Expected equality of these values:&#x0A;  dstData[dstIdx]&#x0A;    Which is: 0&#x0A;  srcData[srcIdx]&#x0A;    Which is: 926&#x0A;Source copy mismatch at dst(4,8) src(1,4)&#x0A;" type=""><![CDATA[/home/cjxu/npp/test/unit/nppi/nppi_geometry_transforms/test_nppi_copyConstBorder.cpp:63
Expected equality of these values:
  dstData[dstIdx]
    Which is: 0
  srcData[srcIdx]
    Which is: 926
Source copy mismatch at dst(4,8) src(1,4)
]]></failure>
      <failure message="/home/cjxu/npp/test/unit/nppi/nppi_geometry_transforms/test_nppi_copyConstBorder.cpp:63&#x0A;Expected equality of these values:&#x0A;  dstData[dstIdx]&#x0A;    Which is: 0&#x0A;  srcData[srcIdx]&#x0A;    Which is: -341&#x0A;Source copy mismatch at dst(5,8) src(2,4)&#x0A;" type=""><![CDATA[/home/cjxu/npp/test/unit/nppi/nppi_geometry_transforms/test_nppi_copyConstBorder.cpp:63
Expected equality of these values:
  dstData[dstIdx]
    Which is: 0
  srcData[srcIdx]
    Which is: -341
Source copy mismatch at dst(5,8) src(2,4)
]]></failure>
      <failure message="/home/cjxu/npp/test/unit/nppi/nppi_geometry_transforms/test_nppi_copyConstBorder.cpp:63&#x0A;Expected equality of these values:&#x0A;  dstData[dstIdx]&#x0A;    Which is: 0&#x0A;  srcData[srcIdx]&#x0A;    Which is: -84&#x0A;Source copy mismatch at dst(6,8) src(3,4)&#x0A;" type=""><![CDATA[/home/cjxu/npp/test/unit/nppi/nppi_geometry_transforms/test_nppi_copyConstBorder.cpp:63
Expected equality of these values:
  dstData[dstIdx]
    Which is: 0
  srcData[srcIdx]
    Which is: -84
Source copy mismatch at dst(6,8) src(3,4)
]]></failure>
      <failure message="/home/cjxu/npp/test/unit/nppi/nppi_geometry_transforms/test_nppi_copyConstBorder.cpp:63&#x0A;Expected equality of these values:&#x0A;  dstData[dstIdx]&#x0A;    Which is: 0&#x0A;  srcData[srcIdx]&#x0A;    Which is: 836&#x0A;Source copy mismatch at dst(7,8) src(4,4)&#x0A;" type=""><![CDATA[/home/cjxu/npp/test/unit/nppi/nppi_geometry_transforms/test_nppi_copyConstBorder.cpp:63
Expected equality of these values:
  dstData[dstIdx]
    Which is: 0
  srcData[srcIdx]
    Which is: 836
Source copy mismatch at dst(7,8) src(4,4)
]]></failure>
      <failure message="/home/cjxu/npp/test/unit/nppi/nppi_geometry_transforms/test_nppi_copyConstBorder.cpp:63&#x0A;Expected equality of these values:&#x0A;  dstData[dstIdx]&#x0A;    Which is: 0&#x0A;  srcData[srcIdx]&#x0A;    Which is: 367&#x0A;Source copy mismatch at dst(8,8) src(5,4)&#x0A;" type=""><![CDATA[/home/cjxu/npp/test/unit/nppi/nppi_geometry_transforms/test_nppi_copyConstBorder.cpp:63
Expected equality of these values:
  dstData[dstIdx]
    Which is: 0
  srcData[srcIdx]
    Which is: 367
Source copy mismatch at dst(8,8) src(5,4)
]]></failure>
      <failure message="/home/cjxu/npp/test/unit/nppi/nppi_geometry_transforms/test_nppi_copyConstBorder.cpp:63&#x0A;Expected equality of these values:&#x0A;  dstData[dstIdx]&#x0A;    Which is: 0&#x0A;  srcData[srcIdx]&#x0A;    Which is: -785&#x0A;Source copy mismatch at dst(9,8) src(6,4)&#x0A;" type=""><![CDATA[/home/cjxu/npp/test/unit/nppi/nppi_geometry_transforms/test_nppi_copyConstBorder.cpp:63
Expected equality of these values:
  dstData[dstIdx]
    Which is: 0
  srcData[srcIdx]
    Which is: -785
Source copy mismatch at dst(9,8) src(6,4)
]]></failure>
      <failure message="/home/cjxu/npp/test/unit/nppi/nppi_geometry_transforms/test_nppi_copyConstBorder.cpp:63&#x0A;Expected equality of these values:&#x0A;  dstData[dstIdx]&#x0A;    Which is: 0&#x0A;  srcData[srcIdx]&#x0A;    Which is: -8&#x0A;Source copy mismatch at dst(10,8) src(7,4)&#x0A;" type=""><![CDATA[/home/cjxu/npp/test/unit/nppi/nppi_geometry_transforms/test_nppi_copyConstBorder.cpp:63
Expected equality of these values:
  dstData[dstIdx]
    Which is: 0
  srcData[srcIdx]
    Which is: -8
Source copy mismatch at dst(10,8) src(7,4)
]]></failure>
      <failure message="/home/cjxu/npp/test/unit/nppi/nppi_geometry_transforms/test_nppi_copyConstBorder.cpp:63&#x0A;Expected equality of these values:&#x0A;  dstData[dstIdx]&#x0A;    Which is: 0&#x0A;  srcData[srcIdx]&#x0A;    Which is: 943&#x0A;Source copy mismatch at dst(11,8) src(8,4)&#x0A;" type=""><![CDATA[/home/cjxu/npp/test/unit/nppi/nppi_geometry_transforms/test_nppi_copyConstBorder.cpp:63
Expected equality of these values:
  dstData[dstIdx]
    Which is: 0
  srcData[srcIdx]
    Which is: 943
Source copy mismatch at dst(11,8) src(8,4)
]]></failure>
      <failure message="/home/cjxu/npp/test/unit/nppi/nppi_geometry_transforms/test_nppi_copyConstBorder.cpp:63&#x0A;Expected equality of these values:&#x0A;  dstData[dstIdx]&#x0A;    Which is: 0&#x0A;  srcData[srcIdx]&#x0A;    Which is: 327&#x0A;Source copy mismatch at dst(12,8) src(9,4)&#x0A;" type=""><![CDATA[/home/cjxu/npp/test/unit/nppi/nppi_geometry_transforms/test_nppi_copyConstBorder.cpp:63
Expected equality of these values:
  dstData[dstIdx]
    Which is: 0
  srcData[srcIdx]
    Which is: 327
Source copy mismatch at dst(12,8) src(9,4)
]]></failure>
      <failure message="/home/cjxu/npp/test/unit/nppi/nppi_geometry_transforms/test_nppi_copyConstBorder.cpp:63&#x0A;Expected equality of these values:&#x0A;  dstData[dstIdx]&#x0A;    Which is: 0&#x0A;  srcData[srcIdx]&#x0A;    Which is: 440&#x0A;Source copy mismatch at dst(13,8) src(10,4)&#x0A;" type=""><![CDATA[/home/cjxu/npp/test/unit/nppi/nppi_geometry_transforms/test_nppi_copyConstBorder.cpp:63
Expected equality of these values:
  dstData[dstIdx]
    Which is: 0
  srcData[srcIdx]
    Which is: 440
Source copy mismatch at dst(13,8) src(10,4)
]]></failure>
      <failure message="/home/cjxu/npp/test/unit/nppi/nppi_geometry_transforms/test_nppi_copyConstBorder.cpp:63&#x0A;Expected equality of these values:&#x0A;  dstData[dstIdx]&#x0A;    Which is: 0&#x0A;  srcData[srcIdx]&#x0A;    Which is: -745&#x0A;Source copy mismatch at dst(14,8) src(11,4)&#x0A;" type=""><![CDATA[/home/cjxu/npp/test/unit/nppi/nppi_geometry_transforms/test_nppi_copyConstBorder.cpp:63
Expected equality of these values:
  dstData[dstIdx]
    Which is: 0
  srcData[srcIdx]
    Which is: -745
Source copy mismatch at dst(14,8) src(11,4)
]]></failure>
      <failure message="/home/cjxu/npp/test/unit/nppi/nppi_geometry_transforms/test_nppi_copyConstBorder.cpp:63&#x0A;Expected equality of these values:&#x0A;  dstData[dstIdx]&#x0A;    Which is: 0&#x0A;  srcData[srcIdx]&#x0A;    Which is: -307&#x0A;Source copy mismatch at dst(15,8) src(12,4)&#x0A;" type=""><![CDATA[/home/cjxu/npp/test/unit/nppi/nppi_geometry_transforms/test_nppi_copyConstBorder.cpp:63
Expected equality of these values:
  dstData[dstIdx]
    Which is: 0
  srcData[srcIdx]
    Which is: -307
Source copy mismatch at dst(15,8) src(12,4)
]]></failure>
      <failure message="/home/cjxu/npp/test/unit/nppi/nppi_geometry_transforms/test_nppi_copyConstBorder.cpp:63&#x0A;Expected equality of these values:&#x0A;  dstData[dstIdx]&#x0A;    Which is: 0&#x0A;  srcData[srcIdx]&#x0A;    Which is: 94&#x0A;Source copy mismatch at dst(16,8) src(13,4)&#x0A;" type=""><![CDATA[/home/cjxu/npp/test/unit/nppi/nppi_geometry_transforms/test_nppi_copyConstBorder.cpp:63
Expected equality of these values:
  dstData[dstIdx]
    Which is: 0
  srcData[srcIdx]
    Which is: 94
Source copy mismatch at dst(16,8) src(13,4)
]]></failure>
      <failure message="/home/cjxu/npp/test/unit/nppi/nppi_geometry_transforms/test_nppi_copyConstBorder.cpp:63&#x0A;Expected equality of these values:&#x0A;  dstData[dstIdx]&#x0A;    Which is: 0&#x0A;  srcData[srcIdx]&#x0A;    Which is: -713&#x0A;Source copy mismatch at dst(17,8) src(14,4)&#x0A;" type=""><![CDATA[/home/cjxu/npp/test/unit/nppi/nppi_geometry_transforms/test_nppi_copyConstBorder.cpp:63
Expected equality of these values:
  dstData[dstIdx]
    Which is: 0
  srcData[srcIdx]
    Which is: -713
Source copy mismatch at dst(17,8) src(14,4)
]]></failure>
      <failure message="/home/cjxu/npp/test/unit/nppi/nppi_geometry_transforms/test_nppi_copyConstBorder.cpp:63&#x0A;Expected equality of these values:&#x0A;  dstData[dstIdx]&#x0A;    Which is: 0&#x0A;  srcData[srcIdx]&#x0A;    Which is: -381&#x0A;Source copy mismatch at dst(18,8) src(15,4)&#x0A;" type=""><![CDATA[/home/cjxu/npp/test/unit/nppi/nppi_geometry_transforms/test_nppi_copyConstBorder.cpp:63
Expected equality of these values:
  dstData[dstIdx]
    Which is: 0
  srcData[srcIdx]
    Which is: -381
Source copy mismatch at dst(18,8) src(15,4)
]]></failure>
      <failure message="/home/cjxu/npp/test/unit/nppi/nppi_geometry_transforms/test_nppi_copyConstBorder.cpp:67&#x0A;Expected equality of these values:&#x0A;  dstData[dstIdx]&#x0A;    Which is: 0&#x0A;  borderValue&#x0A;    Which is: -500&#x0A;Border value mismatch at (19,8)&#x0A;" type=""><![CDATA[/home/cjxu/npp/test/unit/nppi/nppi_geometry_transforms/test_nppi_copyConstBorder.cpp:67
Expected equality of these values:
  dstData[dstIdx]
    Which is: 0
  borderValue
    Which is: -500
Border value mismatch at (19,8)
]]></failure>
      <failure message="/home/cjxu/npp/test/unit/nppi/nppi_geometry_transforms/test_nppi_copyConstBorder.cpp:67&#x0A;Expected equality of these values:&#x0A;  dstData[dstIdx]&#x0A;    Which is: 0&#x0A;  borderValue&#x0A;    Which is: -500&#x0A;Border value mismatch at (20,8)&#x0A;" type=""><![CDATA[/home/cjxu/npp/test/unit/nppi/nppi_geometry_transforms/test_nppi_copyConstBorder.cpp:67
Expected equality of these values:
  dstData[dstIdx]
    Which is: 0
  borderValue
    Which is: -500
Border value mismatch at (20,8)
]]></failure>
      <failure message="/home/cjxu/npp/test/unit/nppi/nppi_geometry_transforms/test_nppi_copyConstBorder.cpp:67&#x0A;Expected equality of these values:&#x0A;  dstData[dstIdx]&#x0A;    Which is: 0&#x0A;  borderValue&#x0A;    Which is: -500&#x0A;Border value mismatch at (21,8)&#x0A;" type=""><![CDATA[/home/cjxu/npp/test/unit/nppi/nppi_geometry_transforms/test_nppi_copyConstBorder.cpp:67
Expected equality of these values:
  dstData[dstIdx]
    Which is: 0
  borderValue
    Which is: -500
Border value mismatch at (21,8)
]]></failure>
      <failure message="/home/cjxu/npp/test/unit/nppi/nppi_geometry_transforms/test_nppi_copyConstBorder.cpp:67&#x0A;Expected equality of these values:&#x0A;  dstData[dstIdx]&#x0A;    Which is: 0&#x0A;  borderValue&#x0A;    Which is: -500&#x0A;Border value mismatch at (22,8)&#x0A;" type=""><![CDATA[/home/cjxu/npp/test/unit/nppi/nppi_geometry_transforms/test_nppi_copyConstBorder.cpp:67
Expected equality of these values:
  dstData[dstIdx]
    Which is: 0
  borderValue
    Which is: -500
Border value mismatch at (22,8)
]]></failure>
      <failure message="/home/cjxu/npp/test/unit/nppi/nppi_geometry_transforms/test_nppi_copyConstBorder.cpp:67&#x0A;Expected equality of these values:&#x0A;  dstData[dstIdx]&#x0A;    Which is: 0&#x0A;  borderValue&#x0A;    Which is: -500&#x0A;Border value mismatch at (23,8)&#x0A;" type=""><![CDATA[/home/cjxu/npp/test/unit/nppi/nppi_geometry_transforms/test_nppi_copyConstBorder.cpp:67
Expected equality of these values:
  dstData[dstIdx]
    Which is: 0
  borderValue
    Which is: -500
Border value mismatch at (23,8)
]]></failure>
      <failure message="/home/cjxu/npp/test/unit/nppi/nppi_geometry_transforms/test_nppi_copyConstBorder.cpp:67&#x0A;Expected equality of these values:&#x0A;  dstData[dstIdx]&#x0A;    Which is: 0&#x0A;  borderValue&#x0A;    Which is: -500&#x0A;Border value mismatch at (0,9)&#x0A;" type=""><![CDATA[/home/cjxu/npp/test/unit/nppi/nppi_geometry_transforms/test_nppi_copyConstBorder.cpp:67
Expected equality of these values:
  dstData[dstIdx]
    Which is: 0
  borderValue
    Which is: -500
Border value mismatch at (0,9)
]]></failure>
      <failure message="/home/cjxu/npp/test/unit/nppi/nppi_geometry_transforms/test_nppi_copyConstBorder.cpp:67&#x0A;Expected equality of these values:&#x0A;  dstData[dstIdx]&#x0A;    Which is: 0&#x0A;  borderValue&#x0A;    Which is: -500&#x0A;Border value mismatch at (1,9)&#x0A;" type=""><![CDATA[/home/cjxu/npp/test/unit/nppi/nppi_geometry_transforms/test_nppi_copyConstBorder.cpp:67
Expected equality of these values:
  dstData[dstIdx]
    Which is: 0
  borderValue
    Which is: -500
Border value mismatch at (1,9)
]]></failure>
      <failure message="/home/cjxu/npp/test/unit/nppi/nppi_geometry_transforms/test_nppi_copyConstBorder.cpp:67&#x0A;Expected equality of these values:&#x0A;  dstData[dstIdx]&#x0A;    Which is: 0&#x0A;  borderValue&#x0A;    Which is: -500&#x0A;Border value mismatch at (2,9)&#x0A;" type=""><![CDATA[/home/cjxu/npp/test/unit/nppi/nppi_geometry_transforms/test_nppi_copyConstBorder.cpp:67
Expected equality of these values:
  dstData[dstIdx]
    Which is: 0
  borderValue
    Which is: -500
Border value mismatch at (2,9)
]]></failure>
      <failure message="/home/cjxu/npp/test/unit/nppi/nppi_geometry_transforms/test_nppi_copyConstBorder.cpp:63&#x0A;Expected equality of these values:&#x0A;  dstData[dstIdx]&#x0A;    Which is: 0&#x0A;  srcData[srcIdx]&#x0A;    Which is: 59&#x0A;Source copy mismatch at dst(3,9) src(0,5)&#x0A;" type=""><![CDATA[/home/cjxu/npp/test/unit/nppi/nppi_geometry_transforms/test_nppi_copyConstBorder.cpp:63
Expected equality of these values:
  dstData[dstIdx]
    Which is: 0
  srcData[srcIdx]
    Which is: 59
Source copy mismatch at dst(3,9) src(0,5)
]]></failure>
      <failure message="/home/cjxu/npp/test/unit/nppi/nppi_geometry_transforms/test_nppi_copyConstBorder.cpp:63&#x0A;Expected equality of these values:&#x0A;  dstData[dstIdx]&#x0A;    Which is: 0&#x0A;  srcData[srcIdx]&#x0A;    Which is: -340&#x0A;Source copy mismatch at dst(4,9) src(1,5)&#x0A;" type=""><![CDATA[/home/cjxu/npp/test/unit/nppi/nppi_geometry_transforms/test_nppi_copyConstBorder.cpp:63
Expected equality of these values:
  dstData[dstIdx]
    Which is: 0
  srcData[srcIdx]
    Which is: -340
Source copy mismatch at dst(4,9) src(1,5)
]]></failure>
      <failure message="/home/cjxu/npp/test/unit/nppi/nppi_geometry_transforms/test_nppi_copyConstBorder.cpp:63&#x0A;Expected equality of these values:&#x0A;  dstData[dstIdx]&#x0A;    Which is: 0&#x0A;  srcData[srcIdx]&#x0A;    Which is: 748&#x0A;Source copy mismatch at dst(5,9) src(2,5)&#x0A;" type=""><![CDATA[/home/cjxu/npp/test/unit/nppi/nppi_geometry_transforms/test_nppi_copyConstBorder.cpp:63
Expected equality of these values:
  dstData[dstIdx]
    Which is: 0
  srcData[srcIdx]
    Which is: 748
Source copy mismatch at dst(5,9) src(2,5)
]]></failure>
      <failure message="/home/cjxu/npp/test/unit/nppi/nppi_geometry_transforms/test_nppi_copyConstBorder.cpp:63&#x0A;Expected equality of these values:&#x0A;  dstData[dstIdx]&#x0A;    Which is: 0&#x0A;  srcData[srcIdx]&#x0A;    Which is: -744&#x0A;Source copy mismatch at dst(6,9) src(3,5)&#x0A;" type=""><![CDATA[/home/cjxu/npp/test/unit/nppi/nppi_geometry_transforms/test_nppi_copyConstBorder.cpp:63
Expected equality of these values:
  dstData[dstIdx]
    Which is: 0
  srcData[srcIdx]
    Which is: -744
Source copy mismatch at dst(6,9) src(3,5)
]]></failure>
      <failure message="/home/cjxu/npp/test/unit/nppi/nppi_geometry_transforms/test_nppi_copyConstBorder.cpp:63&#x0A;Expected equality of these values:&#x0A;  dstData[dstIdx]&#x0A;    Which is: 0&#x0A;  srcData[srcIdx]&#x0A;    Which is: 1&#x0A;Source copy mismatch at dst(7,9) src(4,5)&#x0A;" type=""><![CDATA[/home/cjxu/npp/test/unit/nppi/nppi_geometry_transforms/test_nppi_copyConstBorder.cpp:63
Expected equality of these values:
  dstData[dstIdx]
    Which is: 0
  srcData[srcIdx]
    Which is: 1
Source copy mismatch at dst(7,9) src(4,5)
]]></failure>
      <failure message="/home/cjxu/npp/test/unit/nppi/nppi_geometry_transforms/test_nppi_copyConstBorder.cpp:63&#x0A;Expected equality of these values:&#x0A;  dstData[dstIdx]&#x0A;    Which is: 0&#x0A;  srcData[srcIdx]&#x0A;    Which is: 956&#x0A;Source copy mismatch at dst(8,9) src(5,5)&#x0A;" type=""><![CDATA[/home/cjxu/npp/test/unit/nppi/nppi_geometry_transforms/test_nppi_copyConstBorder.cpp:63
Expected equality of these values:
  dstData[dstIdx]
    Which is: 0
  srcData[srcIdx]
    Which is: 956
Source copy mismatch at dst(8,9) src(5,5)
]]></failure>
      <failure message="/home/cjxu/npp/test/unit/nppi/nppi_geometry_transforms/test_nppi_copyConstBorder.cpp:63&#x0A;Expected equality of these values:&#x0A;  dstData[dstIdx]&#x0A;    Which is: 0&#x0A;  srcData[srcIdx]&#x0A;    Which is: -818&#x0A;Source copy mismatch at dst(9,9) src(6,5)&#x0A;" type=""><![CDATA[/home/cjxu/npp/test/unit/nppi/nppi_geometry_transforms/test_nppi_copyConstBorder.cpp:63
Expected equality of these values:
  dstData[dstIdx]
    Which is: 0
  srcData[srcIdx]
    Which is: -818
Source copy mismatch at dst(9,9) src(6,5)
]]></failure>
      <failure message="/home/cjxu/npp/test/unit/nppi/nppi_geometry_transforms/test_nppi_copyConstBorder.cpp:63&#x0A;Expected equality of these values:&#x0A;  dstData[dstIdx]&#x0A;    Which is: 0&#x0A;  srcData[srcIdx]&#x0A;    Which is: -476&#x0A;Source copy mismatch at dst(10,9) src(7,5)&#x0A;" type=""><![CDATA[/home/cjxu/npp/test/unit/nppi/nppi_geometry_transforms/test_nppi_copyConstBorder.cpp:63
Expected equality of these values:
  dstData[dstIdx]
    Which is: 0
  srcData[srcIdx]
    Which is: -476
Source copy mismatch at dst(10,9) src(7,5)
]]></failure>
      <failure message="/home/cjxu/npp/test/unit/nppi/nppi_geometry_transforms/test_nppi_copyConstBorder.cpp:63&#x0A;Expected equality of these values:&#x0A;  dstData[dstIdx]&#x0A;    Which is: 0&#x0A;  srcData[srcIdx]&#x0A;    Which is: 883&#x0A;Source copy mismatch at dst(11,9) src(8,5)&#x0A;" type=""><![CDATA[/home/cjxu/npp/test/unit/nppi/nppi_geometry_transforms/test_nppi_copyConstBorder.cpp:63
Expected equality of these values:
  dstData[dstIdx]
    Which is: 0
  srcData[srcIdx]
    Which is: 883
Source copy mismatch at dst(11,9) src(8,5)
]]></failure>
      <failure message="/home/cjxu/npp/test/unit/nppi/nppi_geometry_transforms/test_nppi_copyConstBorder.cpp:63&#x0A;Expected equality of these values:&#x0A;  dstData[dstIdx]&#x0A;    Which is: 0&#x0A;  srcData[srcIdx]&#x0A;    Which is: 998&#x0A;Source copy mismatch at dst(12,9) src(9,5)&#x0A;" type=""><![CDATA[/home/cjxu/npp/test/unit/nppi/nppi_geometry_transforms/test_nppi_copyConstBorder.cpp:63
Expected equality of these values:
  dstData[dstIdx]
    Which is: 0
  srcData[srcIdx]
    Which is: 998
Source copy mismatch at dst(12,9) src(9,5)
]]></failure>
      <failure message="/home/cjxu/npp/test/unit/nppi/nppi_geometry_transforms/test_nppi_copyConstBorder.cpp:63&#x0A;Expected equality of these values:&#x0A;  dstData[dstIdx]&#x0A;    Which is: 0&#x0A;  srcData[srcIdx]&#x0A;    Which is: -487&#x0A;Source copy mismatch at dst(13,9) src(10,5)&#x0A;" type=""><![CDATA[/home/cjxu/npp/test/unit/nppi/nppi_geometry_transforms/test_nppi_copyConstBorder.cpp:63
Expected equality of these values:
  dstData[dstIdx]
    Which is: 0
  srcData[srcIdx]
    Which is: -487
Source copy mismatch at dst(13,9) src(10,5)
]]></failure>
      <failure message="/home/cjxu/npp/test/unit/nppi/nppi_geometry_transforms/test_nppi_copyConstBorder.cpp:63&#x0A;Expected equality of these values:&#x0A;  dstData[dstIdx]&#x0A;    Which is: 0&#x0A;  srcData[srcIdx]&#x0A;    Which is: -445&#x0A;Source copy mismatch at dst(14,9) src(11,5)&#x0A;" type=""><![CDATA[/home/cjxu/npp/test/unit/nppi/nppi_geometry_transforms/test_nppi_copyConstBorder.cpp:63
Expected equality of these values:
  dstData[dstIdx]
    Which is: 0
  srcData[srcIdx]
    Which is: -445
Source copy mismatch at dst(14,9) src(11,5)
]]></failure>
      <failure message="/home/cjxu/npp/test/unit/nppi/nppi_geometry_transforms/test_nppi_copyConstBorder.cpp:63&#x0A;Expected equality of these values:&#x0A;  dstData[dstIdx]&#x0A;    Which is: 0&#x0A;  srcData[srcIdx]&#x0A;    Which is: 797&#x0A;Source copy mismatch at dst(15,9) src(12,5)&#x0A;" type=""><![CDATA[/home/cjxu/npp/test/unit/nppi/nppi_geometry_transforms/test_nppi_copyConstBorder.cpp:63
Expected equality of these values:
  dstData[dstIdx]
    Which is: 0
  srcData[srcIdx]
    Which is: 797
Source copy mismatch at dst(15,9) src(12,5)
]]></failure>
      <failure message="/home/cjxu/npp/test/unit/nppi/nppi_geometry_transforms/test_nppi_copyConstBorder.cpp:63&#x0A;Expected equality of these values:&#x0A;  dstData[dstIdx]&#x0A;    Which is: 0&#x0A;  srcData[srcIdx]&#x0A;    Which is: 591&#x0A;Source copy mismatch at dst(16,9) src(13,5)&#x0A;" type=""><![CDATA[/home/cjxu/npp/test/unit/nppi/nppi_geometry_transforms/test_nppi_copyConstBorder.cpp:63
Expected equality of these values:
  dstData[dstIdx]
    Which is: 0
  srcData[srcIdx]
    Which is: 591
Source copy mismatch at dst(16,9) src(13,5)
]]></failure>
      <failure message="/home/cjxu/npp/test/unit/nppi/nppi_geometry_transforms/test_nppi_copyConstBorder.cpp:63&#x0A;Expected equality of these values:&#x0A;  dstData[dstIdx]&#x0A;    Which is: 0&#x0A;  srcData[srcIdx]&#x0A;    Which is: -990&#x0A;Source copy mismatch at dst(17,9) src(14,5)&#x0A;" type=""><![CDATA[/home/cjxu/npp/test/unit/nppi/nppi_geometry_transforms/test_nppi_copyConstBorder.cpp:63
Expected equality of these values:
  dstData[dstIdx]
    Which is: 0
  srcData[srcIdx]
    Which is: -990
Source copy mismatch at dst(17,9) src(14,5)
]]></failure>
      <failure message="/home/cjxu/npp/test/unit/nppi/nppi_geometry_transforms/test_nppi_copyConstBorder.cpp:63&#x0A;Expected equality of these values:&#x0A;  dstData[dstIdx]&#x0A;    Which is: 0&#x0A;  srcData[srcIdx]&#x0A;    Which is: 31&#x0A;Source copy mismatch at dst(18,9) src(15,5)&#x0A;" type=""><![CDATA[/home/cjxu/npp/test/unit/nppi/nppi_geometry_transforms/test_nppi_copyConstBorder.cpp:63
Expected equality of these values:
  dstData[dstIdx]
    Which is: 0
  srcData[srcIdx]
    Which is: 31
Source copy mismatch at dst(18,9) src(15,5)
]]></failure>
      <failure message="/home/cjxu/npp/test/unit/nppi/nppi_geometry_transforms/test_nppi_copyConstBorder.cpp:67&#x0A;Expected equality of these values:&#x0A;  dstData[dstIdx]&#x0A;    Which is: 0&#x0A;  borderValue&#x0A;    Which is: -500&#x0A;Border value mismatch at (19,9)&#x0A;" type=""><![CDATA[/home/cjxu/npp/test/unit/nppi/nppi_geometry_transforms/test_nppi_copyConstBorder.cpp:67
Expected equality of these values:
  dstData[dstIdx]
    Which is: 0
  borderValue
    Which is: -500
Border value mismatch at (19,9)
]]></failure>
      <failure message="/home/cjxu/npp/test/unit/nppi/nppi_geometry_transforms/test_nppi_copyConstBorder.cpp:67&#x0A;Expected equality of these values:&#x0A;  dstData[dstIdx]&#x0A;    Which is: 0&#x0A;  borderValue&#x0A;    Which is: -500&#x0A;Border value mismatch at (20,9)&#x0A;" type=""><![CDATA[/home/cjxu/npp/test/unit/nppi/nppi_geometry_transforms/test_nppi_copyConstBorder.cpp:67
Expected equality of these values:
  dstData[dstIdx]
    Which is: 0
  borderValue
    Which is: -500
Border value mismatch at (20,9)
]]></failure>
      <failure message="/home/cjxu/npp/test/unit/nppi/nppi_geometry_transforms/test_nppi_copyConstBorder.cpp:67&#x0A;Expected equality of these values:&#x0A;  dstData[dstIdx]&#x0A;    Which is: 0&#x0A;  borderValue&#x0A;    Which is: -500&#x0A;Border value mismatch at (21,9)&#x0A;" type=""><![CDATA[/home/cjxu/npp/test/unit/nppi/nppi_geometry_transforms/test_nppi_copyConstBorder.cpp:67
Expected equality of these values:
  dstData[dstIdx]
    Which is: 0
  borderValue
    Which is: -500
Border value mismatch at (21,9)
]]></failure>
      <failure message="/home/cjxu/npp/test/unit/nppi/nppi_geometry_transforms/test_nppi_copyConstBorder.cpp:67&#x0A;Expected equality of these values:&#x0A;  dstData[dstIdx]&#x0A;    Which is: 0&#x0A;  borderValue&#x0A;    Which is: -500&#x0A;Border value mismatch at (22,9)&#x0A;" type=""><![CDATA[/home/cjxu/npp/test/unit/nppi/nppi_geometry_transforms/test_nppi_copyConstBorder.cpp:67
Expected equality of these values:
  dstData[dstIdx]
    Which is: 0
  borderValue
    Which is: -500
Border value mismatch at (22,9)
]]></failure>
      <failure message="/home/cjxu/npp/test/unit/nppi/nppi_geometry_transforms/test_nppi_copyConstBorder.cpp:67&#x0A;Expected equality of these values:&#x0A;  dstData[dstIdx]&#x0A;    Which is: 0&#x0A;  borderValue&#x0A;    Which is: -500&#x0A;Border value mismatch at (23,9)&#x0A;" type=""><![CDATA[/home/cjxu/npp/test/unit/nppi/nppi_geometry_transforms/test_nppi_copyConstBorder.cpp:67
Expected equality of these values:
  dstData[dstIdx]
    Which is: 0
  borderValue
    Which is: -500
Border value mismatch at (23,9)
]]></failure>
      <failure message="/home/cjxu/npp/test/unit/nppi/nppi_geometry_transforms/test_nppi_copyConstBorder.cpp:67&#x0A;Expected equality of these values:&#x0A;  dstData[dstIdx]&#x0A;    Which is: 0&#x0A;  borderValue&#x0A;    Which is: -500&#x0A;Border value mismatch at (0,10)&#x0A;" type=""><![CDATA[/home/cjxu/npp/test/unit/nppi/nppi_geometry_transforms/test_nppi_copyConstBorder.cpp:67
Expected equality of these values:
  dstData[dstIdx]
    Which is: 0
  borderValue
    Which is: -500
Border value mismatch at (0,10)
]]></failure>
      <failure message="/home/cjxu/npp/test/unit/nppi/nppi_geometry_transforms/test_nppi_copyConstBorder.cpp:67&#x0A;Expected equality of these values:&#x0A;  dstData[dstIdx]&#x0A;    Which is: 0&#x0A;  borderValue&#x0A;    Which is: -500&#x0A;Border value mismatch at (1,10)&#x0A;" type=""><![CDATA[/home/cjxu/npp/test/unit/nppi/nppi_geometry_transforms/test_nppi_copyConstBorder.cpp:67
Expected equality of these values:
  dstData[dstIdx]
    Which is: 0
  borderValue
    Which is: -500
Border value mismatch at (1,10)
]]></failure>
      <failure message="/home/cjxu/npp/test/unit/nppi/nppi_geometry_transforms/test_nppi_copyConstBorder.cpp:67&#x0A;Expected equality of these values:&#x0A;  dstData[dstIdx]&#x0A;    Which is: 0&#x0A;  borderValue&#x0A;    Which is: -500&#x0A;Border value mismatch at (2,10)&#x0A;" type=""><![CDATA[/home/cjxu/npp/test/unit/nppi/nppi_geometry_transforms/test_nppi_copyConstBorder.cpp:67
Expected equality of these values:
  dstData[dstIdx]
    Which is: 0
  borderValue
    Which is: -500
Border value mismatch at (2,10)
]]></failure>
      <failure message="/home/cjxu/npp/test/unit/nppi/nppi_geometry_transforms/test_nppi_copyConstBorder.cpp:63&#x0A;Expected equality of these values:&#x0A;  dstData[dstIdx]&#x0A;    Which is: 0&#x0A;  srcData[srcIdx]&#x0A;    Which is: 73&#x0A;Source copy mismatch at dst(3,10) src(0,6)&#x0A;" type=""><![CDATA[/home/cjxu/npp/test/unit/nppi/nppi_geometry_transforms/test_nppi_copyConstBorder.cpp:63
Expected equality of these values:
  dstData[dstIdx]
    Which is: 0
  srcData[srcIdx]
    Which is: 73
Source copy mismatch at dst(3,10) src(0,6)
]]></failure>
      <failure message="/home/cjxu/npp/test/unit/nppi/nppi_geometry_transforms/test_nppi_copyConstBorder.cpp:63&#x0A;Expected equality of these values:&#x0A;  dstData[dstIdx]&#x0A;    Which is: 0&#x0A;  srcData[srcIdx]&#x0A;    Which is: -330&#x0A;Source copy mismatch at dst(4,10) src(1,6)&#x0A;" type=""><![CDATA[/home/cjxu/npp/test/unit/nppi/nppi_geometry_transforms/test_nppi_copyConstBorder.cpp:63
Expected equality of these values:
  dstData[dstIdx]
    Which is: 0
  srcData[srcIdx]
    Which is: -330
Source copy mismatch at dst(4,10) src(1,6)
]]></failure>
      <failure message="/home/cjxu/npp/test/unit/nppi/nppi_geometry_transforms/test_nppi_copyConstBorder.cpp:63&#x0A;Expected equality of these values:&#x0A;  dstData[dstIdx]&#x0A;    Which is: 0&#x0A;  srcData[srcIdx]&#x0A;    Which is: 504&#x0A;Source copy mismatch at dst(5,10) src(2,6)&#x0A;" type=""><![CDATA[/home/cjxu/npp/test/unit/nppi/nppi_geometry_transforms/test_nppi_copyConstBorder.cpp:63
Expected equality of these values:
  dstData[dstIdx]
    Which is: 0
  srcData[srcIdx]
    Which is: 504
Source copy mismatch at dst(5,10) src(2,6)
]]></failure>
      <failure message="/home/cjxu/npp/test/unit/nppi/nppi_geometry_transforms/test_nppi_copyConstBorder.cpp:63&#x0A;Expected equality of these values:&#x0A;  dstData[dstIdx]&#x0A;    Which is: 0&#x0A;  srcData[srcIdx]&#x0A;    Which is: -534&#x0A;Source copy mismatch at dst(6,10) src(3,6)&#x0A;" type=""><![CDATA[/home/cjxu/npp/test/unit/nppi/nppi_geometry_transforms/test_nppi_copyConstBorder.cpp:63
Expected equality of these values:
  dstData[dstIdx]
    Which is: 0
  srcData[srcIdx]
    Which is: -534
Source copy mismatch at dst(6,10) src(3,6)
]]></failure>
      <failure message="/home/cjxu/npp/test/unit/nppi/nppi_geometry_transforms/test_nppi_copyConstBorder.cpp:63&#x0A;Expected equality of these values:&#x0A;  dstData[dstIdx]&#x0A;    Which is: 0&#x0A;  srcData[srcIdx]&#x0A;    Which is: -964&#x0A;Source copy mismatch at dst(7,10) src(4,6)&#x0A;" type=""><![CDATA[/home/cjxu/npp/test/unit/nppi/nppi_geometry_transforms/test_nppi_copyConstBorder.cpp:63
Expected equality of these values:
  dstData[dstIdx]
    Which is: 0
  srcData[srcIdx]
    Which is: -964
Source copy mismatch at dst(7,10) src(4,6)
]]></failure>
      <failure message="/home/cjxu/npp/test/unit/nppi/nppi_geometry_transforms/test_nppi_copyConstBorder.cpp:63&#x0A;Expected equality of these values:&#x0A;  dstData[dstIdx]&#x0A;    Which is: 0&#x0A;  srcData[srcIdx]&#x0A;    Which is: 720&#x0A;Source copy mismatch at dst(8,10) src(5,6)&#x0A;" type=""><![CDATA[/home/cjxu/npp/test/unit/nppi/nppi_geometry_transforms/test_nppi_copyConstBorder.cpp:63
Expected equality of these values:
  dstData[dstIdx]
    Which is: 0
  srcData[srcIdx]
    Which is: 720
Source copy mismatch at dst(8,10) src(5,6)
]]></failure>
      <failure message="/home/cjxu/npp/test/unit/nppi/nppi_geometry_transforms/test_nppi_copyConstBorder.cpp:63&#x0A;Expected equality of these values:&#x0A;  dstData[dstIdx]&#x0A;    Which is: 0&#x0A;  srcData[srcIdx]&#x0A;    Which is: 15&#x0A;Source copy mismatch at dst(9,10) src(6,6)&#x0A;" type=""><![CDATA[/home/cjxu/npp/test/unit/nppi/nppi_geometry_transforms/test_nppi_copyConstBorder.cpp:63
Expected equality of these values:
  dstData[dstIdx]
    Which is: 0
  srcData[srcIdx]
    Which is: 15
Source copy mismatch at dst(9,10) src(6,6)
]]></failure>
      <failure message="/home/cjxu/npp/test/unit/nppi/nppi_geometry_transforms/test_nppi_copyConstBorder.cpp:63&#x0A;Expected equality of these values:&#x0A;  dstData[dstIdx]&#x0A;    Which is: 0&#x0A;  srcData[srcIdx]&#x0A;    Which is: 537&#x0A;Source copy mismatch at dst(10,10) src(7,6)&#x0A;" type=""><![CDATA[/home/cjxu/npp/test/unit/nppi/nppi_geometry_transforms/test_nppi_copyConstBorder.cpp:63
Expected equality of these values:
  dstData[dstIdx]
    Which is: 0
  srcData[srcIdx]
    Which is: 537
Source copy mismatch at dst(10,10) src(7,6)
]]></failure>
      <failure message="/home/cjxu/npp/test/unit/nppi/nppi_geometry_transforms/test_nppi_copyConstBorder.cpp:63&#x0A;Expected equality of these values:&#x0A;  dstData[dstIdx]&#x0A;    Which is: 0&#x0A;  srcData[srcIdx]&#x0A;    Which is: -397&#x0A;Source copy mismatch at dst(11,10) src(8,6)&#x0A;" type=""><![CDATA[/home/cjxu/npp/test/unit/nppi/nppi_geometry_transforms/test_nppi_copyConstBorder.cpp:63
Expected equality of these values:
  dstData[dstIdx]
    Which is: 0
  srcData[srcIdx]
    Which is: -397
Source copy mismatch at dst(11,10) src(8,6)
]]></failure>
      <failure message="/home/cjxu/npp/test/unit/nppi/nppi_geometry_transforms/test_nppi_copyConstBorder.cpp:63&#x0A;Expected equality of these values:&#x0A;  dstData[dstIdx]&#x0A;    Which is: 0&#x0A;  srcData[srcIdx]&#x0A;    Which is: -546&#x0A;Source copy mismatch at dst(12,10) src(9,6)&#x0A;" type=""><![CDATA[/home/cjxu/npp/test/unit/nppi/nppi_geometry_transforms/test_nppi_copyConstBorder.cpp:63
Expected equality of these values:
  dstData[dstIdx]
    Which is: 0
  srcData[srcIdx]
    Which is: -546
Source copy mismatch at dst(12,10) src(9,6)
]]></failure>
      <failure message="/home/cjxu/npp/test/unit/nppi/nppi_geometry_transforms/test_nppi_copyConstBorder.cpp:63&#x0A;Expected equality of these values:&#x0A;  dstData[dstIdx]&#x0A;    Which is: 0&#x0A;  srcData[srcIdx]&#x0A;    Which is: 349&#x0A;Source copy mismatch at dst(13,10) src(10,6)&#x0A;" type=""><![CDATA[/home/cjxu/npp/test/unit/nppi/nppi_geometry_transforms/test_nppi_copyConstBorder.cpp:63
Expected equality of these values:
  dstData[dstIdx]
    Which is: 0
  srcData[srcIdx]
    Which is: 349
Source copy mismatch at dst(13,10) src(10,6)
]]></failure>
      <failure message="/home/cjxu/npp/test/unit/nppi/nppi_geometry_transforms/test_nppi_copyConstBorder.cpp:63&#x0A;Expected equality of these values:&#x0A;  dstData[dstIdx]&#x0A;    Which is: 0&#x0A;  srcData[srcIdx]&#x0A;    Which is: 296&#x0A;Source copy mismatch at dst(14,10) src(11,6)&#x0A;" type=""><![CDATA[/home/cjxu/npp/test/unit/nppi/nppi_geometry_transforms/test_nppi_copyConstBorder.cpp:63
Expected equality of these values:
  dstData[dstIdx]
    Which is: 0
  srcData[srcIdx]
    Which is: 296
Source copy mismatch at dst(14,10) src(11,6)
]]></failure>
      <failure message="/home/cjxu/npp/test/unit/nppi/nppi_geometry_transforms/test_nppi_copyConstBorder.cpp:63&#x0A;Expected equality of these values:&#x0A;  dstData[dstIdx]&#x0A;    Which is: 0&#x0A;  srcData[srcIdx]&#x0A;    Which is: 548&#x0A;Source copy mismatch at dst(15,10) src(12,6)&#x0A;" type=""><![CDATA[/home/cjxu/npp/test/unit/nppi/nppi_geometry_transforms/test_nppi_copyConstBorder.cpp:63
Expected equality of these values:
  dstData[dstIdx]
    Which is: 0
  srcData[srcIdx]
    Which is: 548
Source copy mismatch at dst(15,10) src(12,6)
]]></failure>
      <failure message="/home/cjxu/npp/test/unit/nppi/nppi_geometry_transforms/test_nppi_copyConstBorder.cpp:63&#x0A;Expected equality of these values:&#x0A;  dstData[dstIdx]&#x0A;    Which is: 0&#x0A;  srcData[srcIdx]&#x0A;    Which is: 636&#x0A;Source copy mismatch at dst(16,10) src(13,6)&#x0A;" type=""><![CDATA[/home/cjxu/npp/test/unit/nppi/nppi_geometry_transforms/test_nppi_copyConstBorder.cpp:63
Expected equality of these values:
  dstData[dstIdx]
    Which is: 0
  srcData[srcIdx]
    Which is: 636
Source copy mismatch at dst(16,10) src(13,6)
]]></failure>
      <failure message="/home/cjxu/npp/test/unit/nppi/nppi_geometry_transforms/test_nppi_copyConstBorder.cpp:63&#x0A;Expected equality of these values:&#x0A;  dstData[dstIdx]&#x0A;    Which is: 0&#x0A;  srcData[srcIdx]&#x0A;    Which is: 473&#x0A;Source copy mismatch at dst(17,10) src(14,6)&#x0A;" type=""><![CDATA[/home/cjxu/npp/test/unit/nppi/nppi_geometry_transforms/test_nppi_copyConstBorder.cpp:63
Expected equality of these values:
  dstData[dstIdx]
    Which is: 0
  srcData[srcIdx]
    Which is: 473
Source copy mismatch at dst(17,10) src(14,6)
]]></failure>
      <failure message="/home/cjxu/npp/test/unit/nppi/nppi_geometry_transforms/test_nppi_copyConstBorder.cpp:63&#x0A;Expected equality of these values:&#x0A;  dstData[dstIdx]&#x0A;    Which is: 0&#x0A;  srcData[srcIdx]&#x0A;    Which is: -837&#x0A;Source copy mismatch at dst(18,10) src(15,6)&#x0A;" type=""><![CDATA[/home/cjxu/npp/test/unit/nppi/nppi_geometry_transforms/test_nppi_copyConstBorder.cpp:63
Expected equality of these values:
  dstData[dstIdx]
    Which is: 0
  srcData[srcIdx]
    Which is: -837
Source copy mismatch at dst(18,10) src(15,6)
]]></failure>
      <failure message="/home/cjxu/npp/test/unit/nppi/nppi_geometry_transforms/test_nppi_copyConstBorder.cpp:67&#x0A;Expected equality of these values:&#x0A;  dstData[dstIdx]&#x0A;    Which is: 0&#x0A;  borderValue&#x0A;    Which is: -500&#x0A;Border value mismatch at (19,10)&#x0A;" type=""><![CDATA[/home/cjxu/npp/test/unit/nppi/nppi_geometry_transforms/test_nppi_copyConstBorder.cpp:67
Expected equality of these values:
  dstData[dstIdx]
    Which is: 0
  borderValue
    Which is: -500
Border value mismatch at (19,10)
]]></failure>
      <failure message="/home/cjxu/npp/test/unit/nppi/nppi_geometry_transforms/test_nppi_copyConstBorder.cpp:67&#x0A;Expected equality of these values:&#x0A;  dstData[dstIdx]&#x0A;    Which is: 0&#x0A;  borderValue&#x0A;    Which is: -500&#x0A;Border value mismatch at (20,10)&#x0A;" type=""><![CDATA[/home/cjxu/npp/test/unit/nppi/nppi_geometry_transforms/test_nppi_copyConstBorder.cpp:67
Expected equality of these values:
  dstData[dstIdx]
    Which is: 0
  borderValue
    Which is: -500
Border value mismatch at (20,10)
]]></failure>
      <failure message="/home/cjxu/npp/test/unit/nppi/nppi_geometry_transforms/test_nppi_copyConstBorder.cpp:67&#x0A;Expected equality of these values:&#x0A;  dstData[dstIdx]&#x0A;    Which is: 0&#x0A;  borderValue&#x0A;    Which is: -500&#x0A;Border value mismatch at (21,10)&#x0A;" type=""><![CDATA[/home/cjxu/npp/test/unit/nppi/nppi_geometry_transforms/test_nppi_copyConstBorder.cpp:67
Expected equality of these values:
  dstData[dstIdx]
    Which is: 0
  borderValue
    Which is: -500
Border value mismatch at (21,10)
]]></failure>
      <failure message="/home/cjxu/npp/test/unit/nppi/nppi_geometry_transforms/test_nppi_copyConstBorder.cpp:67&#x0A;Expected equality of these values:&#x0A;  dstData[dstIdx]&#x0A;    Which is: 0&#x0A;  borderValue&#x0A;    Which is: -500&#x0A;Border value mismatch at (22,10)&#x0A;" type=""><![CDATA[/home/cjxu/npp/test/unit/nppi/nppi_geometry_transforms/test_nppi_copyConstBorder.cpp:67
Expected equality of these values:
  dstData[dstIdx]
    Which is: 0
  borderValue
    Which is: -500
Border value mismatch at (22,10)
]]></failure>
      <failure message="/home/cjxu/npp/test/unit/nppi/nppi_geometry_transforms/test_nppi_copyConstBorder.cpp:67&#x0A;Expected equality of these values:&#x0A;  dstData[dstIdx]&#x0A;    Which is: 0&#x0A;  borderValue&#x0A;    Which is: -500&#x0A;Border value mismatch at (23,10)&#x0A;" type=""><![CDATA[/home/cjxu/npp/test/unit/nppi/nppi_geometry_transforms/test_nppi_copyConstBorder.cpp:67
Expected equality of these values:
  dstData[dstIdx]
    Which is: 0
  borderValue
    Which is: -500
Border value mismatch at (23,10)
]]></failure>
      <failure message="/home/cjxu/npp/test/unit/nppi/nppi_geometry_transforms/test_nppi_copyConstBorder.cpp:67&#x0A;Expected equality of these values:&#x0A;  dstData[dstIdx]&#x0A;    Which is: 0&#x0A;  borderValue&#x0A;    Which is: -500&#x0A;Border value mismatch at (0,11)&#x0A;" type=""><![CDATA[/home/cjxu/npp/test/unit/nppi/nppi_geometry_transforms/test_nppi_copyConstBorder.cpp:67
Expected equality of these values:
  dstData[dstIdx]
    Which is: 0
  borderValue
    Which is: -500
Border value mismatch at (0,11)
]]></failure>
      <failure message="/home/cjxu/npp/test/unit/nppi/nppi_geometry_transforms/test_nppi_copyConstBorder.cpp:67&#x0A;Expected equality of these values:&#x0A;  dstData[dstIdx]&#x0A;    Which is: 0&#x0A;  borderValue&#x0A;    Which is: -500&#x0A;Border value mismatch at (1,11)&#x0A;" type=""><![CDATA[/home/cjxu/npp/test/unit/nppi/nppi_geometry_transforms/test_nppi_copyConstBorder.cpp:67
Expected equality of these values:
  dstData[dstIdx]
    Which is: 0
  borderValue
    Which is: -500
Border value mismatch at (1,11)
]]></failure>
      <failure message="/home/cjxu/npp/test/unit/nppi/nppi_geometry_transforms/test_nppi_copyConstBorder.cpp:67&#x0A;Expected equality of these values:&#x0A;  dstData[dstIdx]&#x0A;    Which is: 0&#x0A;  borderValue&#x0A;    Which is: -500&#x0A;Border value mismatch at (2,11)&#x0A;" type=""><![CDATA[/home/cjxu/npp/test/unit/nppi/nppi_geometry_transforms/test_nppi_copyConstBorder.cpp:67
Expected equality of these values:
  dstData[dstIdx]
    Which is: 0
  borderValue
    Which is: -500
Border value mismatch at (2,11)
]]></failure>
      <failure message="/home/cjxu/npp/test/unit/nppi/nppi_geometry_transforms/test_nppi_copyConstBorder.cpp:63&#x0A;Expected equality of these values:&#x0A;  dstData[dstIdx]&#x0A;    Which is: 0&#x0A;  srcData[srcIdx]&#x0A;    Which is: 853&#x0A;Source copy mismatch at dst(3,11) src(0,7)&#x0A;" type=""><![CDATA[/home/cjxu/npp/test/unit/nppi/nppi_geometry_transforms/test_nppi_copyConstBorder.cpp:63
Expected equality of these values:
  dstData[dstIdx]
    Which is: 0
  srcData[srcIdx]
    Which is: 853
Source copy mismatch at dst(3,11) src(0,7)
]]></failure>
      <failure message="/home/cjxu/npp/test/unit/nppi/nppi_geometry_transforms/test_nppi_copyConstBorder.cpp:63&#x0A;Expected equality of these values:&#x0A;  dstData[dstIdx]&#x0A;    Which is: 0&#x0A;  srcData[srcIdx]&#x0A;    Which is: 220&#x0A;Source copy mismatch at dst(4,11) src(1,7)&#x0A;" type=""><![CDATA[/home/cjxu/npp/test/unit/nppi/nppi_geometry_transforms/test_nppi_copyConstBorder.cpp:63
Expected equality of these values:
  dstData[dstIdx]
    Which is: 0
  srcData[srcIdx]
    Which is: 220
Source copy mismatch at dst(4,11) src(1,7)
]]></failure>
      <failure message="/home/cjxu/npp/test/unit/nppi/nppi_geometry_transforms/test_nppi_copyConstBorder.cpp:63&#x0A;Expected equality of these values:&#x0A;  dstData[dstIdx]&#x0A;    Which is: 0&#x0A;  srcData[srcIdx]&#x0A;    Which is: 978&#x0A;Source copy mismatch at dst(5,11) src(2,7)&#x0A;" type=""><![CDATA[/home/cjxu/npp/test/unit/nppi/nppi_geometry_transforms/test_nppi_copyConstBorder.cpp:63
Expected equality of these values:
  dstData[dstIdx]
    Which is: 0
  srcData[srcIdx]
    Which is: 978
Source copy mismatch at dst(5,11) src(2,7)
]]></failure>
      <failure message="/home/cjxu/npp/test/unit/nppi/nppi_geometry_transforms/test_nppi_copyConstBorder.cpp:63&#x0A;Expected equality of these values:&#x0A;  dstData[dstIdx]&#x0A;    Which is: 0&#x0A;  srcData[srcIdx]&#x0A;    Which is: -147&#x0A;Source copy mismatch at dst(6,11) src(3,7)&#x0A;" type=""><![CDATA[/home/cjxu/npp/test/unit/nppi/nppi_geometry_transforms/test_nppi_copyConstBorder.cpp:63
Expected equality of these values:
  dstData[dstIdx]
    Which is: 0
  srcData[srcIdx]
    Which is: -147
Source copy mismatch at dst(6,11) src(3,7)
]]></failure>
      <failure message="/home/cjxu/npp/test/unit/nppi/nppi_geometry_transforms/test_nppi_copyConstBorder.cpp:63&#x0A;Expected equality of these values:&#x0A;  dstData[dstIdx]&#x0A;    Which is: 0&#x0A;  srcData[srcIdx]&#x0A;    Which is: -268&#x0A;Source copy mismatch at dst(7,11) src(4,7)&#x0A;" type=""><![CDATA[/home/cjxu/npp/test/unit/nppi/nppi_geometry_transforms/test_nppi_copyConstBorder.cpp:63
Expected equality of these values:
  dstData[dstIdx]
    Which is: 0
  srcData[srcIdx]
    Which is: -268
Source copy mismatch at dst(7,11) src(4,7)
]]></failure>
      <failure message="/home/cjxu/npp/test/unit/nppi/nppi_geometry_transforms/test_nppi_copyConstBorder.cpp:63&#x0A;Expected equality of these values:&#x0A;  dstData[dstIdx]&#x0A;    Which is: 0&#x0A;  srcData[srcIdx]&#x0A;    Which is: -841&#x0A;Source copy mismatch at dst(8,11) src(5,7)&#x0A;" type=""><![CDATA[/home/cjxu/npp/test/unit/nppi/nppi_geometry_transforms/test_nppi_copyConstBorder.cpp:63
Expected equality of these values:
  dstData[dstIdx]
    Which is: 0
  srcData[srcIdx]
    Which is: -841
Source copy mismatch at dst(8,11) src(5,7)
]]></failure>
      <failure message="/home/cjxu/npp/test/unit/nppi/nppi_geometry_transforms/test_nppi_copyConstBorder.cpp:63&#x0A;Expected equality of these values:&#x0A;  dstData[dstIdx]&#x0A;    Which is: 0&#x0A;  srcData[srcIdx]&#x0A;    Which is: 377&#x0A;Source copy mismatch at dst(9,11) src(6,7)&#x0A;" type=""><![CDATA[/home/cjxu/npp/test/unit/nppi/nppi_geometry_transforms/test_nppi_copyConstBorder.cpp:63
Expected equality of these values:
  dstData[dstIdx]
    Which is: 0
  srcData[srcIdx]
    Which is: 377
Source copy mismatch at dst(9,11) src(6,7)
]]></failure>
      <failure message="/home/cjxu/npp/test/unit/nppi/nppi_geometry_transforms/test_nppi_copyConstBorder.cpp:63&#x0A;Expected equality of these values:&#x0A;  dstData[dstIdx]&#x0A;    Which is: 0&#x0A;  srcData[srcIdx]&#x0A;    Which is: -829&#x0A;Source copy mismatch at dst(10,11) src(7,7)&#x0A;" type=""><![CDATA[/home/cjxu/npp/test/unit/nppi/nppi_geometry_transforms/test_nppi_copyConstBorder.cpp:63
Expected equality of these values:
  dstData[dstIdx]
    Which is: 0
  srcData[srcIdx]
    Which is: -829
Source copy mismatch at dst(10,11) src(7,7)
]]></failure>
      <failure message="/home/cjxu/npp/test/unit/nppi/nppi_geometry_transforms/test_nppi_copyConstBorder.cpp:63&#x0A;Expected equality of these values:&#x0A;  dstData[dstIdx]&#x0A;    Which is: 0&#x0A;  srcData[srcIdx]&#x0A;    Which is: 714&#x0A;Source copy mismatch at dst(11,11) src(8,7)&#x0A;" type=""><![CDATA[/home/cjxu/npp/test/unit/nppi/nppi_geometry_transforms/test_nppi_copyConstBorder.cpp:63
Expected equality of these values:
  dstData[dstIdx]
    Which is: 0
  srcData[srcIdx]
    Which is: 714
Source copy mismatch at dst(11,11) src(8,7)
]]></failure>
      <failure message="/home/cjxu/npp/test/unit/nppi/nppi_geometry_transforms/test_nppi_copyConstBorder.cpp:63&#x0A;Expected equality of these values:&#x0A;  dstData[dstIdx]&#x0A;    Which is: 0&#x0A;  srcData[srcIdx]&#x0A;    Which is: 448&#x0A;Source copy mismatch at dst(12,11) src(9,7)&#x0A;" type=""><![CDATA[/home/cjxu/npp/test/unit/nppi/nppi_geometry_transforms/test_nppi_copyConstBorder.cpp:63
Expected equality of these values:
  dstData[dstIdx]
    Which is: 0
  srcData[srcIdx]
    Which is: 448
Source copy mismatch at dst(12,11) src(9,7)
]]></failure>
      <failure message="/home/cjxu/npp/test/unit/nppi/nppi_geometry_transforms/test_nppi_copyConstBorder.cpp:63&#x0A;Expected equality of these values:&#x0A;  dstData[dstIdx]&#x0A;    Which is: 0&#x0A;  srcData[srcIdx]&#x0A;    Which is: -273&#x0A;Source copy mismatch at dst(13,11) src(10,7)&#x0A;" type=""><![CDATA[/home/cjxu/npp/test/unit/nppi/nppi_geometry_transforms/test_nppi_copyConstBorder.cpp:63
Expected equality of these values:
  dstData[dstIdx]
    Which is: 0
  srcData[srcIdx]
    Which is: -273
Source copy mismatch at dst(13,11) src(10,7)
]]></failure>
      <failure message="/home/cjxu/npp/test/unit/nppi/nppi_geometry_transforms/test_nppi_copyConstBorder.cpp:63&#x0A;Expected equality of these values:&#x0A;  dstData[dstIdx]&#x0A;    Which is: 0&#x0A;  srcData[srcIdx]&#x0A;    Which is: 511&#x0A;Source copy mismatch at dst(14,11) src(11,7)&#x0A;" type=""><![CDATA[/home/cjxu/npp/test/unit/nppi/nppi_geometry_transforms/test_nppi_copyConstBorder.cpp:63
Expected equality of these values:
  dstData[dstIdx]
    Which is: 0
  srcData[srcIdx]
    Which is: 511
Source copy mismatch at dst(14,11) src(11,7)
]]></failure>
      <failure message="/home/cjxu/npp/test/unit/nppi/nppi_geometry_transforms/test_nppi_copyConstBorder.cpp:63&#x0A;Expected equality of these values:&#x0A;  dstData[dstIdx]&#x0A;    Which is: 0&#x0A;  srcData[srcIdx]&#x0A;    Which is: -405&#x0A;Source copy mismatch at dst(15,11) src(12,7)&#x0A;" type=""><![CDATA[/home/cjxu/npp/test/unit/nppi/nppi_geometry_transforms/test_nppi_copyConstBorder.cpp:63
Expected equality of these values:
  dstData[dstIdx]
    Which is: 0
  srcData[srcIdx]
    Which is: -405
Source copy mismatch at dst(15,11) src(12,7)
]]></failure>
      <failure message="/home/cjxu/npp/test/unit/nppi/nppi_geometry_transforms/test_nppi_copyConstBorder.cpp:63&#x0A;Expected equality of these values:&#x0A;  dstData[dstIdx]&#x0A;    Which is: 0&#x0A;  srcData[srcIdx]&#x0A;    Which is: -706&#x0A;Source copy mismatch at dst(16,11) src(13,7)&#x0A;" type=""><![CDATA[/home/cjxu/npp/test/unit/nppi/nppi_geometry_transforms/test_nppi_copyConstBorder.cpp:63
Expected equality of these values:
  dstData[dstIdx]
    Which is: 0
  srcData[srcIdx]
    Which is: -706
Source copy mismatch at dst(16,11) src(13,7)
]]></failure>
      <failure message="/home/cjxu/npp/test/unit/nppi/nppi_geometry_transforms/test_nppi_copyConstBorder.cpp:63&#x0A;Expected equality of these values:&#x0A;  dstData[dstIdx]&#x0A;    Which is: 0&#x0A;  srcData[srcIdx]&#x0A;    Which is: -902&#x0A;Source copy mismatch at dst(17,11) src(14,7)&#x0A;" type=""><![CDATA[/home/cjxu/npp/test/unit/nppi/nppi_geometry_transforms/test_nppi_copyConstBorder.cpp:63
Expected equality of these values:
  dstData[dstIdx]
    Which is: 0
  srcData[srcIdx]
    Which is: -902
Source copy mismatch at dst(17,11) src(14,7)
]]></failure>
      <failure message="/home/cjxu/npp/test/unit/nppi/nppi_geometry_transforms/test_nppi_copyConstBorder.cpp:63&#x0A;Expected equality of these values:&#x0A;  dstData[dstIdx]&#x0A;    Which is: 0&#x0A;  srcData[srcIdx]&#x0A;    Which is: 226&#x0A;Source copy mismatch at dst(18,11) src(15,7)&#x0A;" type=""><![CDATA[/home/cjxu/npp/test/unit/nppi/nppi_geometry_transforms/test_nppi_copyConstBorder.cpp:63
Expected equality of these values:
  dstData[dstIdx]
    Which is: 0
  srcData[srcIdx]
    Which is: 226
Source copy mismatch at dst(18,11) src(15,7)
]]></failure>
      <failure message="/home/cjxu/npp/test/unit/nppi/nppi_geometry_transforms/test_nppi_copyConstBorder.cpp:67&#x0A;Expected equality of these values:&#x0A;  dstData[dstIdx]&#x0A;    Which is: 0&#x0A;  borderValue&#x0A;    Which is: -500&#x0A;Border value mismatch at (19,11)&#x0A;" type=""><![CDATA[/home/cjxu/npp/test/unit/nppi/nppi_geometry_transforms/test_nppi_copyConstBorder.cpp:67
Expected equality of these values:
  dstData[dstIdx]
    Which is: 0
  borderValue
    Which is: -500
Border value mismatch at (19,11)
]]></failure>
      <failure message="/home/cjxu/npp/test/unit/nppi/nppi_geometry_transforms/test_nppi_copyConstBorder.cpp:67&#x0A;Expected equality of these values:&#x0A;  dstData[dstIdx]&#x0A;    Which is: 0&#x0A;  borderValue&#x0A;    Which is: -500&#x0A;Border value mismatch at (20,11)&#x0A;" type=""><![CDATA[/home/cjxu/npp/test/unit/nppi/nppi_geometry_transforms/test_nppi_copyConstBorder.cpp:67
Expected equality of these values:
  dstData[dstIdx]
    Which is: 0
  borderValue
    Which is: -500
Border value mismatch at (20,11)
]]></failure>
      <failure message="/home/cjxu/npp/test/unit/nppi/nppi_geometry_transforms/test_nppi_copyConstBorder.cpp:67&#x0A;Expected equality of these values:&#x0A;  dstData[dstIdx]&#x0A;    Which is: 0&#x0A;  borderValue&#x0A;    Which is: -500&#x0A;Border value mismatch at (21,11)&#x0A;" type=""><![CDATA[/home/cjxu/npp/test/unit/nppi/nppi_geometry_transforms/test_nppi_copyConstBorder.cpp:67
Expected equality of these values:
  dstData[dstIdx]
    Which is: 0
  borderValue
    Which is: -500
Border value mismatch at (21,11)
]]></failure>
      <failure message="/home/cjxu/npp/test/unit/nppi/nppi_geometry_transforms/test_nppi_copyConstBorder.cpp:67&#x0A;Expected equality of these values:&#x0A;  dstData[dstIdx]&#x0A;    Which is: 0&#x0A;  borderValue&#x0A;    Which is: -500&#x0A;Border value mismatch at (22,11)&#x0A;" type=""><![CDATA[/home/cjxu/npp/test/unit/nppi/nppi_geometry_transforms/test_nppi_copyConstBorder.cpp:67
Expected equality of these values:
  dstData[dstIdx]
    Which is: 0
  borderValue
    Which is: -500
Border value mismatch at (22,11)
]]></failure>
      <failure message="/home/cjxu/npp/test/unit/nppi/nppi_geometry_transforms/test_nppi_copyConstBorder.cpp:67&#x0A;Expected equality of these values:&#x0A;  dstData[dstIdx]&#x0A;    Which is: 0&#x0A;  borderValue&#x0A;    Which is: -500&#x0A;Border value mismatch at (23,11)&#x0A;" type=""><![CDATA[/home/cjxu/npp/test/unit/nppi/nppi_geometry_transforms/test_nppi_copyConstBorder.cpp:67
Expected equality of these values:
  dstData[dstIdx]
    Which is: 0
  borderValue
    Which is: -500
Border value mismatch at (23,11)
]]></failure>
      <failure message="/home/cjxu/npp/test/unit/nppi/nppi_geometry_transforms/test_nppi_copyConstBorder.cpp:67&#x0A;Expected equality of these values:&#x0A;  dstData[dstIdx]&#x0A;    Which is: 0&#x0A;  borderValue&#x0A;    Which is: -500&#x0A;Border value mismatch at (0,12)&#x0A;" type=""><![CDATA[/home/cjxu/npp/test/unit/nppi/nppi_geometry_transforms/test_nppi_copyConstBorder.cpp:67
Expected equality of these values:
  dstData[dstIdx]
    Which is: 0
  borderValue
    Which is: -500
Border value mismatch at (0,12)
]]></failure>
      <failure message="/home/cjxu/npp/test/unit/nppi/nppi_geometry_transforms/test_nppi_copyConstBorder.cpp:67&#x0A;Expected equality of these values:&#x0A;  dstData[dstIdx]&#x0A;    Which is: 0&#x0A;  borderValue&#x0A;    Which is: -500&#x0A;Border value mismatch at (1,12)&#x0A;" type=""><![CDATA[/home/cjxu/npp/test/unit/nppi/nppi_geometry_transforms/test_nppi_copyConstBorder.cpp:67
Expected equality of these values:
  dstData[dstIdx]
    Which is: 0
  borderValue
    Which is: -500
Border value mismatch at (1,12)
]]></failure>
      <failure message="/home/cjxu/npp/test/unit/nppi/nppi_geometry_transforms/test_nppi_copyConstBorder.cpp:67&#x0A;Expected equality of these values:&#x0A;  dstData[dstIdx]&#x0A;    Which is: 0&#x0A;  borderValue&#x0A;    Which is: -500&#x0A;Border value mismatch at (2,12)&#x0A;" type=""><![CDATA[/home/cjxu/npp/test/unit/nppi/nppi_geometry_transforms/test_nppi_copyConstBorder.cpp:67
Expected equality of these values:
  dstData[dstIdx]
    Which is: 0
  borderValue
    Which is: -500
Border value mismatch at (2,12)
]]></failure>
      <failure message="/home/cjxu/npp/test/unit/nppi/nppi_geometry_transforms/test_nppi_copyConstBorder.cpp:63&#x0A;Expected equality of these values:&#x0A;  dstData[dstIdx]&#x0A;    Which is: 0&#x0A;  srcData[srcIdx]&#x0A;    Which is: -36&#x0A;Source copy mismatch at dst(3,12) src(0,8)&#x0A;" type=""><![CDATA[/home/cjxu/npp/test/unit/nppi/nppi_geometry_transforms/test_nppi_copyConstBorder.cpp:63
Expected equality of these values:
  dstData[dstIdx]
    Which is: 0
  srcData[srcIdx]
    Which is: -36
Source copy mismatch at dst(3,12) src(0,8)
]]></failure>
      <failure message="/home/cjxu/npp/test/unit/nppi/nppi_geometry_transforms/test_nppi_copyConstBorder.cpp:63&#x0A;Expected equality of these values:&#x0A;  dstData[dstIdx]&#x0A;    Which is: 0&#x0A;  srcData[srcIdx]&#x0A;    Which is: 603&#x0A;Source copy mismatch at dst(4,12) src(1,8)&#x0A;" type=""><![CDATA[/home/cjxu/npp/test/unit/nppi/nppi_geometry_transforms/test_nppi_copyConstBorder.cpp:63
Expected equality of these values:
  dstData[dstIdx]
    Which is: 0
  srcData[srcIdx]
    Which is: 603
Source copy mismatch at dst(4,12) src(1,8)
]]></failure>
      <failure message="/home/cjxu/npp/test/unit/nppi/nppi_geometry_transforms/test_nppi_copyConstBorder.cpp:63&#x0A;Expected equality of these values:&#x0A;  dstData[dstIdx]&#x0A;    Which is: 0&#x0A;  srcData[srcIdx]&#x0A;    Which is: 692&#x0A;Source copy mismatch at dst(5,12) src(2,8)&#x0A;" type=""><![CDATA[/home/cjxu/npp/test/unit/nppi/nppi_geometry_transforms/test_nppi_copyConstBorder.cpp:63
Expected equality of these values:
  dstData[dstIdx]
    Which is: 0
  srcData[srcIdx]
    Which is: 692
Source copy mismatch at dst(5,12) src(2,8)
]]></failure>
      <failure message="/home/cjxu/npp/test/unit/nppi/nppi_geometry_transforms/test_nppi_copyConstBorder.cpp:63&#x0A;Expected equality of these values:&#x0A;  dstData[dstIdx]&#x0A;    Which is: 0&#x0A;  srcData[srcIdx]&#x0A;    Which is: -442&#x0A;Source copy mismatch at dst(6,12) src(3,8)&#x0A;" type=""><![CDATA[/home/cjxu/npp/test/unit/nppi/nppi_geometry_transforms/test_nppi_copyConstBorder.cpp:63
Expected equality of these values:
  dstData[dstIdx]
    Which is: 0
  srcData[srcIdx]
    Which is: -442
Source copy mismatch at dst(6,12) src(3,8)
]]></failure>
      <failure message="/home/cjxu/npp/test/unit/nppi/nppi_geometry_transforms/test_nppi_copyConstBorder.cpp:63&#x0A;Expected equality of these values:&#x0A;  dstData[dstIdx]&#x0A;    Which is: 0&#x0A;  srcData[srcIdx]&#x0A;    Which is: -121&#x0A;Source copy mismatch at dst(7,12) src(4,8)&#x0A;" type=""><![CDATA[/home/cjxu/npp/test/unit/nppi/nppi_geometry_transforms/test_nppi_copyConstBorder.cpp:63
Expected equality of these values:
  dstData[dstIdx]
    Which is: 0
  srcData[srcIdx]
    Which is: -121
Source copy mismatch at dst(7,12) src(4,8)
]]></failure>
      <failure message="/home/cjxu/npp/test/unit/nppi/nppi_geometry_transforms/test_nppi_copyConstBorder.cpp:63&#x0A;Expected equality of these values:&#x0A;  dstData[dstIdx]&#x0A;    Which is: 0&#x0A;  srcData[srcIdx]&#x0A;    Which is: -737&#x0A;Source copy mismatch at dst(8,12) src(5,8)&#x0A;" type=""><![CDATA[/home/cjxu/npp/test/unit/nppi/nppi_geometry_transforms/test_nppi_copyConstBorder.cpp:63
Expected equality of these values:
  dstData[dstIdx]
    Which is: 0
  srcData[srcIdx]
    Which is: -737
Source copy mismatch at dst(8,12) src(5,8)
]]></failure>
      <failure message="/home/cjxu/npp/test/unit/nppi/nppi_geometry_transforms/test_nppi_copyConstBorder.cpp:63&#x0A;Expected equality of these values:&#x0A;  dstData[dstIdx]&#x0A;    Which is: 0&#x0A;  srcData[srcIdx]&#x0A;    Which is: 652&#x0A;Source copy mismatch at dst(9,12) src(6,8)&#x0A;" type=""><![CDATA[/home/cjxu/npp/test/unit/nppi/nppi_geometry_transforms/test_nppi_copyConstBorder.cpp:63
Expected equality of these values:
  dstData[dstIdx]
    Which is: 0
  srcData[srcIdx]
    Which is: 652
Source copy mismatch at dst(9,12) src(6,8)
]]></failure>
      <failure message="/home/cjxu/npp/test/unit/nppi/nppi_geometry_transforms/test_nppi_copyConstBorder.cpp:63&#x0A;Expected equality of these values:&#x0A;  dstData[dstIdx]&#x0A;    Which is: 0&#x0A;  srcData[srcIdx]&#x0A;    Which is: 482&#x0A;Source copy mismatch at dst(10,12) src(7,8)&#x0A;" type=""><![CDATA[/home/cjxu/npp/test/unit/nppi/nppi_geometry_transforms/test_nppi_copyConstBorder.cpp:63
Expected equality of these values:
  dstData[dstIdx]
    Which is: 0
  srcData[srcIdx]
    Which is: 482
Source copy mismatch at dst(10,12) src(7,8)
]]></failure>
      <failure message="/home/cjxu/npp/test/unit/nppi/nppi_geometry_transforms/test_nppi_copyConstBorder.cpp:63&#x0A;Expected equality of these values:&#x0A;  dstData[dstIdx]&#x0A;    Which is: 0&#x0A;  srcData[srcIdx]&#x0A;    Which is: -283&#x0A;Source copy mismatch at dst(11,12) src(8,8)&#x0A;" type=""><![CDATA[/home/cjxu/npp/test/unit/nppi/nppi_geometry_transforms/test_nppi_copyConstBorder.cpp:63
Expected equality of these values:
  dstData[dstIdx]
    Which is: 0
  srcData[srcIdx]
    Which is: -283
Source copy mismatch at dst(11,12) src(8,8)
]]></failure>
      <failure message="/home/cjxu/npp/test/unit/nppi/nppi_geometry_transforms/test_nppi_copyConstBorder.cpp:63&#x0A;Expected equality of these values:&#x0A;  dstData[dstIdx]&#x0A;    Which is: 0&#x0A;  srcData[srcIdx]&#x0A;    Which is: -666&#x0A;Source copy mismatch at dst(13,12) src(10,8)&#x0A;" type=""><![CDATA[/home/cjxu/npp/test/unit/nppi/nppi_geometry_transforms/test_nppi_copyConstBorder.cpp:63
Expected equality of these values:
  dstData[dstIdx]
    Which is: 0
  srcData[srcIdx]
    Which is: -666
Source copy mismatch at dst(13,12) src(10,8)
]]></failure>
      <failure message="/home/cjxu/npp/test/unit/nppi/nppi_geometry_transforms/test_nppi_copyConstBorder.cpp:63&#x0A;Expected equality of these values:&#x0A;  dstData[dstIdx]&#x0A;    Which is: 0&#x0A;  srcData[srcIdx]&#x0A;    Which is: 822&#x0A;Source copy mismatch at dst(14,12) src(11,8)&#x0A;" type=""><![CDATA[/home/cjxu/npp/test/unit/nppi/nppi_geometry_transforms/test_nppi_copyConstBorder.cpp:63
Expected equality of these values:
  dstData[dstIdx]
    Which is: 0
  srcData[srcIdx]
    Which is: 822
Source copy mismatch at dst(14,12) src(11,8)
]]></failure>
      <failure message="/home/cjxu/npp/test/unit/nppi/nppi_geometry_transforms/test_nppi_copyConstBorder.cpp:63&#x0A;Expected equality of these values:&#x0A;  dstData[dstIdx]&#x0A;    Which is: 0&#x0A;  srcData[srcIdx]&#x0A;    Which is: -808&#x0A;Source copy mismatch at dst(15,12) src(12,8)&#x0A;" type=""><![CDATA[/home/cjxu/npp/test/unit/nppi/nppi_geometry_transforms/test_nppi_copyConstBorder.cpp:63
Expected equality of these values:
  dstData[dstIdx]
    Which is: 0
  srcData[srcIdx]
    Which is: -808
Source copy mismatch at dst(15,12) src(12,8)
]]></failure>
      <failure message="/home/cjxu/npp/test/unit/nppi/nppi_geometry_transforms/test_nppi_copyConstBorder.cpp:63&#x0A;Expected equality of these values:&#x0A;  dstData[dstIdx]&#x0A;    Which is: 0&#x0A;  srcData[srcIdx]&#x0A;    Which is: 364&#x0A;Source copy mismatch at dst(16,12) src(13,8)&#x0A;" type=""><![CDATA[/home/cjxu/npp/test/unit/nppi/nppi_geometry_transforms/test_nppi_copyConstBorder.cpp:63
Expected equality of these values:
  dstData[dstIdx]
    Which is: 0
  srcData[srcIdx]
    Which is: 364
Source copy mismatch at dst(16,12) src(13,8)
]]></failure>
      <failure message="/home/cjxu/npp/test/unit/nppi/nppi_geometry_transforms/test_nppi_copyConstBorder.cpp:63&#x0A;Expected equality of these values:&#x0A;  dstData[dstIdx]&#x0A;    Which is: 0&#x0A;  srcData[srcIdx]&#x0A;    Which is: 543&#x0A;Source copy mismatch at dst(17,12) src(14,8)&#x0A;" type=""><![CDATA[/home/cjxu/npp/test/unit/nppi/nppi_geometry_transforms/test_nppi_copyConstBorder.cpp:63
Expected equality of these values:
  dstData[dstIdx]
    Which is: 0
  srcData[srcIdx]
    Which is: 543
Source copy mismatch at dst(17,12) src(14,8)
]]></failure>
      <failure message="/home/cjxu/npp/test/unit/nppi/nppi_geometry_transforms/test_nppi_copyConstBorder.cpp:63&#x0A;Expected equality of these values:&#x0A;  dstData[dstIdx]&#x0A;    Which is: 0&#x0A;  srcData[srcIdx]&#x0A;    Which is: -956&#x0A;Source copy mismatch at dst(18,12) src(15,8)&#x0A;" type=""><![CDATA[/home/cjxu/npp/test/unit/nppi/nppi_geometry_transforms/test_nppi_copyConstBorder.cpp:63
Expected equality of these values:
  dstData[dstIdx]
    Which is: 0
  srcData[srcIdx]
    Which is: -956
Source copy mismatch at dst(18,12) src(15,8)
]]></failure>
      <failure message="/home/cjxu/npp/test/unit/nppi/nppi_geometry_transforms/test_nppi_copyConstBorder.cpp:67&#x0A;Expected equality of these values:&#x0A;  dstData[dstIdx]&#x0A;    Which is: 0&#x0A;  borderValue&#x0A;    Which is: -500&#x0A;Border value mismatch at (19,12)&#x0A;" type=""><![CDATA[/home/cjxu/npp/test/unit/nppi/nppi_geometry_transforms/test_nppi_copyConstBorder.cpp:67
Expected equality of these values:
  dstData[dstIdx]
    Which is: 0
  borderValue
    Which is: -500
Border value mismatch at (19,12)
]]></failure>
      <failure message="/home/cjxu/npp/test/unit/nppi/nppi_geometry_transforms/test_nppi_copyConstBorder.cpp:67&#x0A;Expected equality of these values:&#x0A;  dstData[dstIdx]&#x0A;    Which is: 0&#x0A;  borderValue&#x0A;    Which is: -500&#x0A;Border value mismatch at (20,12)&#x0A;" type=""><![CDATA[/home/cjxu/npp/test/unit/nppi/nppi_geometry_transforms/test_nppi_copyConstBorder.cpp:67
Expected equality of these values:
  dstData[dstIdx]
    Which is: 0
  borderValue
    Which is: -500
Border value mismatch at (20,12)
]]></failure>
      <failure message="/home/cjxu/npp/test/unit/nppi/nppi_geometry_transforms/test_nppi_copyConstBorder.cpp:67&#x0A;Expected equality of these values:&#x0A;  dstData[dstIdx]&#x0A;    Which is: 0&#x0A;  borderValue&#x0A;    Which is: -500&#x0A;Border value mismatch at (21,12)&#x0A;" type=""><![CDATA[/home/cjxu/npp/test/unit/nppi/nppi_geometry_transforms/test_nppi_copyConstBorder.cpp:67
Expected equality of these values:
  dstData[dstIdx]
    Which is: 0
  borderValue
    Which is: -500
Border value mismatch at (21,12)
]]></failure>
      <failure message="/home/cjxu/npp/test/unit/nppi/nppi_geometry_transforms/test_nppi_copyConstBorder.cpp:67&#x0A;Expected equality of these values:&#x0A;  dstData[dstIdx]&#x0A;    Which is: 0&#x0A;  borderValue&#x0A;    Which is: -500&#x0A;Border value mismatch at (22,12)&#x0A;" type=""><![CDATA[/home/cjxu/npp/test/unit/nppi/nppi_geometry_transforms/test_nppi_copyConstBorder.cpp:67
Expected equality of these values:
  dstData[dstIdx]
    Which is: 0
  borderValue
    Which is: -500
Border value mismatch at (22,12)
]]></failure>
      <failure message="/home/cjxu/npp/test/unit/nppi/nppi_geometry_transforms/test_nppi_copyConstBorder.cpp:67&#x0A;Expected equality of these values:&#x0A;  dstData[dstIdx]&#x0A;    Which is: 0&#x0A;  borderValue&#x0A;    Which is: -500&#x0A;Border value mismatch at (23,12)&#x0A;" type=""><![CDATA[/home/cjxu/npp/test/unit/nppi/nppi_geometry_transforms/test_nppi_copyConstBorder.cpp:67
Expected equality of these values:
  dstData[dstIdx]
    Which is: 0
  borderValue
    Which is: -500
Border value mismatch at (23,12)
]]></failure>
      <failure message="/home/cjxu/npp/test/unit/nppi/nppi_geometry_transforms/test_nppi_copyConstBorder.cpp:67&#x0A;Expected equality of these values:&#x0A;  dstData[dstIdx]&#x0A;    Which is: 0&#x0A;  borderValue&#x0A;    Which is: -500&#x0A;Border value mismatch at (0,13)&#x0A;" type=""><![CDATA[/home/cjxu/npp/test/unit/nppi/nppi_geometry_transforms/test_nppi_copyConstBorder.cpp:67
Expected equality of these values:
  dstData[dstIdx]
    Which is: 0
  borderValue
    Which is: -500
Border value mismatch at (0,13)
]]></failure>
      <failure message="/home/cjxu/npp/test/unit/nppi/nppi_geometry_transforms/test_nppi_copyConstBorder.cpp:67&#x0A;Expected equality of these values:&#x0A;  dstData[dstIdx]&#x0A;    Which is: 0&#x0A;  borderValue&#x0A;    Which is: -500&#x0A;Border value mismatch at (1,13)&#x0A;" type=""><![CDATA[/home/cjxu/npp/test/unit/nppi/nppi_geometry_transforms/test_nppi_copyConstBorder.cpp:67
Expected equality of these values:
  dstData[dstIdx]
    Which is: 0
  borderValue
    Which is: -500
Border value mismatch at (1,13)
]]></failure>
      <failure message="/home/cjxu/npp/test/unit/nppi/nppi_geometry_transforms/test_nppi_copyConstBorder.cpp:67&#x0A;Expected equality of these values:&#x0A;  dstData[dstIdx]&#x0A;    Which is: 0&#x0A;  borderValue&#x0A;    Which is: -500&#x0A;Border value mismatch at (2,13)&#x0A;" type=""><![CDATA[/home/cjxu/npp/test/unit/nppi/nppi_geometry_transforms/test_nppi_copyConstBorder.cpp:67
Expected equality of these values:
  dstData[dstIdx]
    Which is: 0
  borderValue
    Which is: -500
Border value mismatch at (2,13)
]]></failure>
      <failure message="/home/cjxu/npp/test/unit/nppi/nppi_geometry_transforms/test_nppi_copyConstBorder.cpp:63&#x0A;Expected equality of these values:&#x0A;  dstData[dstIdx]&#x0A;    Which is: 0&#x0A;  srcData[srcIdx]&#x0A;    Which is: -860&#x0A;Source copy mismatch at dst(3,13) src(0,9)&#x0A;" type=""><![CDATA[/home/cjxu/npp/test/unit/nppi/nppi_geometry_transforms/test_nppi_copyConstBorder.cpp:63
Expected equality of these values:
  dstData[dstIdx]
    Which is: 0
  srcData[srcIdx]
    Which is: -860
Source copy mismatch at dst(3,13) src(0,9)
]]></failure>
      <failure message="/home/cjxu/npp/test/unit/nppi/nppi_geometry_transforms/test_nppi_copyConstBorder.cpp:63&#x0A;Expected equality of these values:&#x0A;  dstData[dstIdx]&#x0A;    Which is: 0&#x0A;  srcData[srcIdx]&#x0A;    Which is: 520&#x0A;Source copy mismatch at dst(4,13) src(1,9)&#x0A;" type=""><![CDATA[/home/cjxu/npp/test/unit/nppi/nppi_geometry_transforms/test_nppi_copyConstBorder.cpp:63
Expected equality of these values:
  dstData[dstIdx]
    Which is: 0
  srcData[srcIdx]
    Which is: 520
Source copy mismatch at dst(4,13) src(1,9)
]]></failure>
      <failure message="/home/cjxu/npp/test/unit/nppi/nppi_geometry_transforms/test_nppi_copyConstBorder.cpp:63&#x0A;Expected equality of these values:&#x0A;  dstData[dstIdx]&#x0A;    Which is: 0&#x0A;  srcData[srcIdx]&#x0A;    Which is: -546&#x0A;Source copy mismatch at dst(5,13) src(2,9)&#x0A;" type=""><![CDATA[/home/cjxu/npp/test/unit/nppi/nppi_geometry_transforms/test_nppi_copyConstBorder.cpp:63
Expected equality of these values:
  dstData[dstIdx]
    Which is: 0
  srcData[srcIdx]
    Which is: -546
Source copy mismatch at dst(5,13) src(2,9)
]]></failure>
      <failure message="/home/cjxu/npp/test/unit/nppi/nppi_geometry_transforms/test_nppi_copyConstBorder.cpp:63&#x0A;Expected equality of these values:&#x0A;  dstData[dstIdx]&#x0A;    Which is: 0&#x0A;  srcData[srcIdx]&#x0A;    Which is: -127&#x0A;Source copy mismatch at dst(6,13) src(3,9)&#x0A;" type=""><![CDATA[/home/cjxu/npp/test/unit/nppi/nppi_geometry_transforms/test_nppi_copyConstBorder.cpp:63
Expected equality of these values:
  dstData[dstIdx]
    Which is: 0
  srcData[srcIdx]
    Which is: -127
Source copy mismatch at dst(6,13) src(3,9)
]]></failure>
      <failure message="/home/cjxu/npp/test/unit/nppi/nppi_geometry_transforms/test_nppi_copyConstBorder.cpp:63&#x0A;Expected equality of these values:&#x0A;  dstData[dstIdx]&#x0A;    Which is: 0&#x0A;  srcData[srcIdx]&#x0A;    Which is: 679&#x0A;Source copy mismatch at dst(7,13) src(4,9)&#x0A;" type=""><![CDATA[/home/cjxu/npp/test/unit/nppi/nppi_geometry_transforms/test_nppi_copyConstBorder.cpp:63
Expected equality of these values:
  dstData[dstIdx]
    Which is: 0
  srcData[srcIdx]
    Which is: 679
Source copy mismatch at dst(7,13) src(4,9)
]]></failure>
      <failure message="/home/cjxu/npp/test/unit/nppi/nppi_geometry_transforms/test_nppi_copyConstBorder.cpp:63&#x0A;Expected equality of these values:&#x0A;  dstData[dstIdx]&#x0A;    Which is: 0&#x0A;  srcData[srcIdx]&#x0A;    Which is: 388&#x0A;Source copy mismatch at dst(8,13) src(5,9)&#x0A;" type=""><![CDATA[/home/cjxu/npp/test/unit/nppi/nppi_geometry_transforms/test_nppi_copyConstBorder.cpp:63
Expected equality of these values:
  dstData[dstIdx]
    Which is: 0
  srcData[srcIdx]
    Which is: 388
Source copy mismatch at dst(8,13) src(5,9)
]]></failure>
      <failure message="/home/cjxu/npp/test/unit/nppi/nppi_geometry_transforms/test_nppi_copyConstBorder.cpp:63&#x0A;Expected equality of these values:&#x0A;  dstData[dstIdx]&#x0A;    Which is: 0&#x0A;  srcData[srcIdx]&#x0A;    Which is: 44&#x0A;Source copy mismatch at dst(9,13) src(6,9)&#x0A;" type=""><![CDATA[/home/cjxu/npp/test/unit/nppi/nppi_geometry_transforms/test_nppi_copyConstBorder.cpp:63
Expected equality of these values:
  dstData[dstIdx]
    Which is: 0
  srcData[srcIdx]
    Which is: 44
Source copy mismatch at dst(9,13) src(6,9)
]]></failure>
      <failure message="/home/cjxu/npp/test/unit/nppi/nppi_geometry_transforms/test_nppi_copyConstBorder.cpp:63&#x0A;Expected equality of these values:&#x0A;  dstData[dstIdx]&#x0A;    Which is: 0&#x0A;  srcData[srcIdx]&#x0A;    Which is: -51&#x0A;Source copy mismatch at dst(10,13) src(7,9)&#x0A;" type=""><![CDATA[/home/cjxu/npp/test/unit/nppi/nppi_geometry_transforms/test_nppi_copyConstBorder.cpp:63
Expected equality of these values:
  dstData[dstIdx]
    Which is: 0
  srcData[srcIdx]
    Which is: -51
Source copy mismatch at dst(10,13) src(7,9)
]]></failure>
      <failure message="/home/cjxu/npp/test/unit/nppi/nppi_geometry_transforms/test_nppi_copyConstBorder.cpp:63&#x0A;Expected equality of these values:&#x0A;  dstData[dstIdx]&#x0A;    Which is: 0&#x0A;  srcData[srcIdx]&#x0A;    Which is: -165&#x0A;Source copy mismatch at dst(11,13) src(8,9)&#x0A;" type=""><![CDATA[/home/cjxu/npp/test/unit/nppi/nppi_geometry_transforms/test_nppi_copyConstBorder.cpp:63
Expected equality of these values:
  dstData[dstIdx]
    Which is: 0
  srcData[srcIdx]
    Which is: -165
Source copy mismatch at dst(11,13) src(8,9)
]]></failure>
      <failure message="/home/cjxu/npp/test/unit/nppi/nppi_geometry_transforms/test_nppi_copyConstBorder.cpp:63&#x0A;Expected equality of these values:&#x0A;  dstData[dstIdx]&#x0A;    Which is: 0&#x0A;  srcData[srcIdx]&#x0A;    Which is: 328&#x0A;Source copy mismatch at dst(12,13) src(9,9)&#x0A;" type=""><![CDATA[/home/cjxu/npp/test/unit/nppi/nppi_geometry_transforms/test_nppi_copyConstBorder.cpp:63
Expected equality of these values:
  dstData[dstIdx]
    Which is: 0
  srcData[srcIdx]
    Which is: 328
Source copy mismatch at dst(12,13) src(9,9)
]]></failure>
      <failure message="/home/cjxu/npp/test/unit/nppi/nppi_geometry_transforms/test_nppi_copyConstBorder.cpp:63&#x0A;Expected equality of these values:&#x0A;  dstData[dstIdx]&#x0A;    Which is: 0&#x0A;  srcData[srcIdx]&#x0A;    Which is: -541&#x0A;Source copy mismatch at dst(13,13) src(10,9)&#x0A;" type=""><![CDATA[/home/cjxu/npp/test/unit/nppi/nppi_geometry_transforms/test_nppi_copyConstBorder.cpp:63
Expected equality of these values:
  dstData[dstIdx]
    Which is: 0
  srcData[srcIdx]
    Which is: -541
Source copy mismatch at dst(13,13) src(10,9)
]]></failure>
      <failure message="/home/cjxu/npp/test/unit/nppi/nppi_geometry_transforms/test_nppi_copyConstBorder.cpp:63&#x0A;Expected equality of these values:&#x0A;  dstData[dstIdx]&#x0A;    Which is: 0&#x0A;  srcData[srcIdx]&#x0A;    Which is: 431&#x0A;Source copy mismatch at dst(14,13) src(11,9)&#x0A;" type=""><![CDATA[/home/cjxu/npp/test/unit/nppi/nppi_geometry_transforms/test_nppi_copyConstBorder.cpp:63
Expected equality of these values:
  dstData[dstIdx]
    Which is: 0
  srcData[srcIdx]
    Which is: 431
Source copy mismatch at dst(14,13) src(11,9)
]]></failure>
      <failure message="/home/cjxu/npp/test/unit/nppi/nppi_geometry_transforms/test_nppi_copyConstBorder.cpp:63&#x0A;Expected equality of these values:&#x0A;  dstData[dstIdx]&#x0A;    Which is: 0&#x0A;  srcData[srcIdx]&#x0A;    Which is: 623&#x0A;Source copy mismatch at dst(15,13) src(12,9)&#x0A;" type=""><![CDATA[/home/cjxu/npp/test/unit/nppi/nppi_geometry_transforms/test_nppi_copyConstBorder.cpp:63
Expected equality of these values:
  dstData[dstIdx]
    Which is: 0
  srcData[srcIdx]
    Which is: 623
Source copy mismatch at dst(15,13) src(12,9)
]]></failure>
      <failure message="/home/cjxu/npp/test/unit/nppi/nppi_geometry_transforms/test_nppi_copyConstBorder.cpp:63&#x0A;Expected equality of these values:&#x0A;  dstData[dstIdx]&#x0A;    Which is: 0&#x0A;  srcData[srcIdx]&#x0A;    Which is: -442&#x0A;Source copy mismatch at dst(16,13) src(13,9)&#x0A;" type=""><![CDATA[/home/cjxu/npp/test/unit/nppi/nppi_geometry_transforms/test_nppi_copyConstBorder.cpp:63
Expected equality of these values:
  dstData[dstIdx]
    Which is: 0
  srcData[srcIdx]
    Which is: -442
Source copy mismatch at dst(16,13) src(13,9)
]]></failure>
      <failure message="/home/cjxu/npp/test/unit/nppi/nppi_geometry_transforms/test_nppi_copyConstBorder.cpp:63&#x0A;Expected equality of these values:&#x0A;  dstData[dstIdx]&#x0A;    Which is: 0&#x0A;  srcData[srcIdx]&#x0A;    Which is: -344&#x0A;Source copy mismatch at dst(17,13) src(14,9)&#x0A;" type=""><![CDATA[/home/cjxu/npp/test/unit/nppi/nppi_geometry_transforms/test_nppi_copyConstBorder.cpp:63
Expected equality of these values:
  dstData[dstIdx]
    Which is: 0
  srcData[srcIdx]
    Which is: -344
Source copy mismatch at dst(17,13) src(14,9)
]]></failure>
      <failure message="/home/cjxu/npp/test/unit/nppi/nppi_geometry_transforms/test_nppi_copyConstBorder.cpp:63&#x0A;Expected equality of these values:&#x0A;  dstData[dstIdx]&#x0A;    Which is: 0&#x0A;  srcData[srcIdx]&#x0A;    Which is: -857&#x0A;Source copy mismatch at dst(18,13) src(15,9)&#x0A;" type=""><![CDATA[/home/cjxu/npp/test/unit/nppi/nppi_geometry_transforms/test_nppi_copyConstBorder.cpp:63
Expected equality of these values:
  dstData[dstIdx]
    Which is: 0
  srcData[srcIdx]
    Which is: -857
Source copy mismatch at dst(18,13) src(15,9)
]]></failure>
      <failure message="/home/cjxu/npp/test/unit/nppi/nppi_geometry_transforms/test_nppi_copyConstBorder.cpp:67&#x0A;Expected equality of these values:&#x0A;  dstData[dstIdx]&#x0A;    Which is: 0&#x0A;  borderValue&#x0A;    Which is: -500&#x0A;Border value mismatch at (19,13)&#x0A;" type=""><![CDATA[/home/cjxu/npp/test/unit/nppi/nppi_geometry_transforms/test_nppi_copyConstBorder.cpp:67
Expected equality of these values:
  dstData[dstIdx]
    Which is: 0
  borderValue
    Which is: -500
Border value mismatch at (19,13)
]]></failure>
      <failure message="/home/cjxu/npp/test/unit/nppi/nppi_geometry_transforms/test_nppi_copyConstBorder.cpp:67&#x0A;Expected equality of these values:&#x0A;  dstData[dstIdx]&#x0A;    Which is: 0&#x0A;  borderValue&#x0A;    Which is: -500&#x0A;Border value mismatch at (20,13)&#x0A;" type=""><![CDATA[/home/cjxu/npp/test/unit/nppi/nppi_geometry_transforms/test_nppi_copyConstBorder.cpp:67
Expected equality of these values:
  dstData[dstIdx]
    Which is: 0
  borderValue
    Which is: -500
Border value mismatch at (20,13)
]]></failure>
      <failure message="/home/cjxu/npp/test/unit/nppi/nppi_geometry_transforms/test_nppi_copyConstBorder.cpp:67&#x0A;Expected equality of these values:&#x0A;  dstData[dstIdx]&#x0A;    Which is: 0&#x0A;  borderValue&#x0A;    Which is: -500&#x0A;Border value mismatch at (21,13)&#x0A;" type=""><![CDATA[/home/cjxu/npp/test/unit/nppi/nppi_geometry_transforms/test_nppi_copyConstBorder.cpp:67
Expected equality of these values:
  dstData[dstIdx]
    Which is: 0
  borderValue
    Which is: -500
Border value mismatch at (21,13)
]]></failure>
      <failure message="/home/cjxu/npp/test/unit/nppi/nppi_geometry_transforms/test_nppi_copyConstBorder.cpp:67&#x0A;Expected equality of these values:&#x0A;  dstData[dstIdx]&#x0A;    Which is: 0&#x0A;  borderValue&#x0A;    Which is: -500&#x0A;Border value mismatch at (22,13)&#x0A;" type=""><![CDATA[/home/cjxu/npp/test/unit/nppi/nppi_geometry_transforms/test_nppi_copyConstBorder.cpp:67
Expected equality of these values:
  dstData[dstIdx]
    Which is: 0
  borderValue
    Which is: -500
Border value mismatch at (22,13)
]]></failure>
      <failure message="/home/cjxu/npp/test/unit/nppi/nppi_geometry_transforms/test_nppi_copyConstBorder.cpp:67&#x0A;Expected equality of these values:&#x0A;  dstData[dstIdx]&#x0A;    Which is: 0&#x0A;  borderValue&#x0A;    Which is: -500&#x0A;Border value mismatch at (23,13)&#x0A;" type=""><![CDATA[/home/cjxu/npp/test/unit/nppi/nppi_geometry_transforms/test_nppi_copyConstBorder.cpp:67
Expected equality of these values:
  dstData[dstIdx]
    Which is: 0
  borderValue
    Which is: -500
Border value mismatch at (23,13)
]]></failure>
      <failure message="/home/cjxu/npp/test/unit/nppi/nppi_geometry_transforms/test_nppi_copyConstBorder.cpp:67&#x0A;Expected equality of these values:&#x0A;  dstData[dstIdx]&#x0A;    Which is: 0&#x0A;  borderValue&#x0A;    Which is: -500&#x0A;Border value mismatch at (0,14)&#x0A;" type=""><![CDATA[/home/cjxu/npp/test/unit/nppi/nppi_geometry_transforms/test_nppi_copyConstBorder.cpp:67
Expected equality of these values:
  dstData[dstIdx]
    Which is: 0
  borderValue
    Which is: -500
Border value mismatch at (0,14)
]]></failure>
      <failure message="/home/cjxu/npp/test/unit/nppi/nppi_geometry_transforms/test_nppi_copyConstBorder.cpp:67&#x0A;Expected equality of these values:&#x0A;  dstData[dstIdx]&#x0A;    Which is: 0&#x0A;  borderValue&#x0A;    Which is: -500&#x0A;Border value mismatch at (1,14)&#x0A;" type=""><![CDATA[/home/cjxu/npp/test/unit/nppi/nppi_geometry_transforms/test_nppi_copyConstBorder.cpp:67
Expected equality of these values:
  dstData[dstIdx]
    Which is: 0
  borderValue
    Which is: -500
Border value mismatch at (1,14)
]]></failure>
      <failure message="/home/cjxu/npp/test/unit/nppi/nppi_geometry_transforms/test_nppi_copyConstBorder.cpp:67&#x0A;Expected equality of these values:&#x0A;  dstData[dstIdx]&#x0A;    Which is: 0&#x0A;  borderValue&#x0A;    Which is: -500&#x0A;Border value mismatch at (2,14)&#x0A;" type=""><![CDATA[/home/cjxu/npp/test/unit/nppi/nppi_geometry_transforms/test_nppi_copyConstBorder.cpp:67
Expected equality of these values:
  dstData[dstIdx]
    Which is: 0
  borderValue
    Which is: -500
Border value mismatch at (2,14)
]]></failure>
      <failure message="/home/cjxu/npp/test/unit/nppi/nppi_geometry_transforms/test_nppi_copyConstBorder.cpp:63&#x0A;Expected equality of these values:&#x0A;  dstData[dstIdx]&#x0A;    Which is: 0&#x0A;  srcData[srcIdx]&#x0A;    Which is: 718&#x0A;Source copy mismatch at dst(3,14) src(0,10)&#x0A;" type=""><![CDATA[/home/cjxu/npp/test/unit/nppi/nppi_geometry_transforms/test_nppi_copyConstBorder.cpp:63
Expected equality of these values:
  dstData[dstIdx]
    Which is: 0
  srcData[srcIdx]
    Which is: 718
Source copy mismatch at dst(3,14) src(0,10)
]]></failure>
      <failure message="/home/cjxu/npp/test/unit/nppi/nppi_geometry_transforms/test_nppi_copyConstBorder.cpp:63&#x0A;Expected equality of these values:&#x0A;  dstData[dstIdx]&#x0A;    Which is: 0&#x0A;  srcData[srcIdx]&#x0A;    Which is: 905&#x0A;Source copy mismatch at dst(4,14) src(1,10)&#x0A;" type=""><![CDATA[/home/cjxu/npp/test/unit/nppi/nppi_geometry_transforms/test_nppi_copyConstBorder.cpp:63
Expected equality of these values:
  dstData[dstIdx]
    Which is: 0
  srcData[srcIdx]
    Which is: 905
Source copy mismatch at dst(4,14) src(1,10)
]]></failure>
      <failure message="/home/cjxu/npp/test/unit/nppi/nppi_geometry_transforms/test_nppi_copyConstBorder.cpp:63&#x0A;Expected equality of these values:&#x0A;  dstData[dstIdx]&#x0A;    Which is: 0&#x0A;  srcData[srcIdx]&#x0A;    Which is: -299&#x0A;Source copy mismatch at dst(5,14) src(2,10)&#x0A;" type=""><![CDATA[/home/cjxu/npp/test/unit/nppi/nppi_geometry_transforms/test_nppi_copyConstBorder.cpp:63
Expected equality of these values:
  dstData[dstIdx]
    Which is: 0
  srcData[srcIdx]
    Which is: -299
Source copy mismatch at dst(5,14) src(2,10)
]]></failure>
      <failure message="/home/cjxu/npp/test/unit/nppi/nppi_geometry_transforms/test_nppi_copyConstBorder.cpp:63&#x0A;Expected equality of these values:&#x0A;  dstData[dstIdx]&#x0A;    Which is: 0&#x0A;  srcData[srcIdx]&#x0A;    Which is: -404&#x0A;Source copy mismatch at dst(6,14) src(3,10)&#x0A;" type=""><![CDATA[/home/cjxu/npp/test/unit/nppi/nppi_geometry_transforms/test_nppi_copyConstBorder.cpp:63
Expected equality of these values:
  dstData[dstIdx]
    Which is: 0
  srcData[srcIdx]
    Which is: -404
Source copy mismatch at dst(6,14) src(3,10)
]]></failure>
      <failure message="/home/cjxu/npp/test/unit/nppi/nppi_geometry_transforms/test_nppi_copyConstBorder.cpp:63&#x0A;Expected equality of these values:&#x0A;  dstData[dstIdx]&#x0A;    Which is: 0&#x0A;  srcData[srcIdx]&#x0A;    Which is: -833&#x0A;Source copy mismatch at dst(7,14) src(4,10)&#x0A;" type=""><![CDATA[/home/cjxu/npp/test/unit/nppi/nppi_geometry_transforms/test_nppi_copyConstBorder.cpp:63
Expected equality of these values:
  dstData[dstIdx]
    Which is: 0
  srcData[srcIdx]
    Which is: -833
Source copy mismatch at dst(7,14) src(4,10)
]]></failure>
      <failure message="/home/cjxu/npp/test/unit/nppi/nppi_geometry_transforms/test_nppi_copyConstBorder.cpp:63&#x0A;Expected equality of these values:&#x0A;  dstData[dstIdx]&#x0A;    Which is: 0&#x0A;  srcData[srcIdx]&#x0A;    Which is: 910&#x0A;Source copy mismatch at dst(8,14) src(5,10)&#x0A;" type=""><![CDATA[/home/cjxu/npp/test/unit/nppi/nppi_geometry_transforms/test_nppi_copyConstBorder.cpp:63
Expected equality of these values:
  dstData[dstIdx]
    Which is: 0
  srcData[srcIdx]
    Which is: 910
Source copy mismatch at dst(8,14) src(5,10)
]]></failure>
      <failure message="/home/cjxu/npp/test/unit/nppi/nppi_geometry_transforms/test_nppi_copyConstBorder.cpp:63&#x0A;Expected equality of these values:&#x0A;  dstData[dstIdx]&#x0A;    Which is: 0&#x0A;  srcData[srcIdx]&#x0A;    Which is: 635&#x0A;Source copy mismatch at dst(9,14) src(6,10)&#x0A;" type=""><![CDATA[/home/cjxu/npp/test/unit/nppi/nppi_geometry_transforms/test_nppi_copyConstBorder.cpp:63
Expected equality of these values:
  dstData[dstIdx]
    Which is: 0
  srcData[srcIdx]
    Which is: 635
Source copy mismatch at dst(9,14) src(6,10)
]]></failure>
      <failure message="/home/cjxu/npp/test/unit/nppi/nppi_geometry_transforms/test_nppi_copyConstBorder.cpp:63&#x0A;Expected equality of these values:&#x0A;  dstData[dstIdx]&#x0A;    Which is: 0&#x0A;  srcData[srcIdx]&#x0A;    Which is: -559&#x0A;Source copy mismatch at dst(10,14) src(7,10)&#x0A;" type=""><![CDATA[/home/cjxu/npp/test/unit/nppi/nppi_geometry_transforms/test_nppi_copyConstBorder.cpp:63
Expected equality of these values:
  dstData[dstIdx]
    Which is: 0
  srcData[srcIdx]
    Which is: -559
Source copy mismatch at dst(10,14) src(7,10)
]]></failure>
      <failure message="/home/cjxu/npp/test/unit/nppi/nppi_geometry_transforms/test_nppi_copyConstBorder.cpp:63&#x0A;Expected equality of these values:&#x0A;  dstData[dstIdx]&#x0A;    Which is: 0&#x0A;  srcData[srcIdx]&#x0A;    Which is: -91&#x0A;Source copy mismatch at dst(11,14) src(8,10)&#x0A;" type=""><![CDATA[/home/cjxu/npp/test/unit/nppi/nppi_geometry_transforms/test_nppi_copyConstBorder.cpp:63
Expected equality of these values:
  dstData[dstIdx]
    Which is: 0
  srcData[srcIdx]
    Which is: -91
Source copy mismatch at dst(11,14) src(8,10)
]]></failure>
      <failure message="/home/cjxu/npp/test/unit/nppi/nppi_geometry_transforms/test_nppi_copyConstBorder.cpp:63&#x0A;Expected equality of these values:&#x0A;  dstData[dstIdx]&#x0A;    Which is: 0&#x0A;  srcData[srcIdx]&#x0A;    Which is: 969&#x0A;Source copy mismatch at dst(12,14) src(9,10)&#x0A;" type=""><![CDATA[/home/cjxu/npp/test/unit/nppi/nppi_geometry_transforms/test_nppi_copyConstBorder.cpp:63
Expected equality of these values:
  dstData[dstIdx]
    Which is: 0
  srcData[srcIdx]
    Which is: 969
Source copy mismatch at dst(12,14) src(9,10)
]]></failure>
      <failure message="/home/cjxu/npp/test/unit/nppi/nppi_geometry_transforms/test_nppi_copyConstBorder.cpp:63&#x0A;Expected equality of these values:&#x0A;  dstData[dstIdx]&#x0A;    Which is: 0&#x0A;  srcData[srcIdx]&#x0A;    Which is: 820&#x0A;Source copy mismatch at dst(13,14) src(10,10)&#x0A;" type=""><![CDATA[/home/cjxu/npp/test/unit/nppi/nppi_geometry_transforms/test_nppi_copyConstBorder.cpp:63
Expected equality of these values:
  dstData[dstIdx]
    Which is: 0
  srcData[srcIdx]
    Which is: 820
Source copy mismatch at dst(13,14) src(10,10)
]]></failure>
      <failure message="/home/cjxu/npp/test/unit/nppi/nppi_geometry_transforms/test_nppi_copyConstBorder.cpp:63&#x0A;Expected equality of these values:&#x0A;  dstData[dstIdx]&#x0A;    Which is: 0&#x0A;  srcData[srcIdx]&#x0A;    Which is: -342&#x0A;Source copy mismatch at dst(14,14) src(11,10)&#x0A;" type=""><![CDATA[/home/cjxu/npp/test/unit/nppi/nppi_geometry_transforms/test_nppi_copyConstBorder.cpp:63
Expected equality of these values:
  dstData[dstIdx]
    Which is: 0
  srcData[srcIdx]
    Which is: -342
Source copy mismatch at dst(14,14) src(11,10)
]]></failure>
      <failure message="/home/cjxu/npp/test/unit/nppi/nppi_geometry_transforms/test_nppi_copyConstBorder.cpp:63&#x0A;Expected equality of these values:&#x0A;  dstData[dstIdx]&#x0A;    Which is: 0&#x0A;  srcData[srcIdx]&#x0A;    Which is: -110&#x0A;Source copy mismatch at dst(15,14) src(12,10)&#x0A;" type=""><![CDATA[/home/cjxu/npp/test/unit/nppi/nppi_geometry_transforms/test_nppi_copyConstBorder.cpp:63
Expected equality of these values:
  dstData[dstIdx]
    Which is: 0
  srcData[srcIdx]
    Which is: -110
Source copy mismatch at dst(15,14) src(12,10)
]]></failure>
      <failure message="/home/cjxu/npp/test/unit/nppi/nppi_geometry_transforms/test_nppi_copyConstBorder.cpp:63&#x0A;Expected equality of these values:&#x0A;  dstData[dstIdx]&#x0A;    Which is: 0&#x0A;  srcData[srcIdx]&#x0A;    Which is: 362&#x0A;Source copy mismatch at dst(16,14) src(13,10)&#x0A;" type=""><![CDATA[/home/cjxu/npp/test/unit/nppi/nppi_geometry_transforms/test_nppi_copyConstBorder.cpp:63
Expected equality of these values:
  dstData[dstIdx]
    Which is: 0
  srcData[srcIdx]
    Which is: 362
Source copy mismatch at dst(16,14) src(13,10)
]]></failure>
      <failure message="/home/cjxu/npp/test/unit/nppi/nppi_geometry_transforms/test_nppi_copyConstBorder.cpp:63&#x0A;Expected equality of these values:&#x0A;  dstData[dstIdx]&#x0A;    Which is: 0&#x0A;  srcData[srcIdx]&#x0A;    Which is: -298&#x0A;Source copy mismatch at dst(17,14) src(14,10)&#x0A;" type=""><![CDATA[/home/cjxu/npp/test/unit/nppi/nppi_geometry_transforms/test_nppi_copyConstBorder.cpp:63
Expected equality of these values:
  dstData[dstIdx]
    Which is: 0
  srcData[srcIdx]
    Which is: -298
Source copy mismatch at dst(17,14) src(14,10)
]]></failure>
      <failure message="/home/cjxu/npp/test/unit/nppi/nppi_geometry_transforms/test_nppi_copyConstBorder.cpp:63&#x0A;Expected equality of these values:&#x0A;  dstData[dstIdx]&#x0A;    Which is: 0&#x0A;  srcData[srcIdx]&#x0A;    Which is: 30&#x0A;Source copy mismatch at dst(18,14) src(15,10)&#x0A;" type=""><![CDATA[/home/cjxu/npp/test/unit/nppi/nppi_geometry_transforms/test_nppi_copyConstBorder.cpp:63
Expected equality of these values:
  dstData[dstIdx]
    Which is: 0
  srcData[srcIdx]
    Which is: 30
Source copy mismatch at dst(18,14) src(15,10)
]]></failure>
      <failure message="/home/cjxu/npp/test/unit/nppi/nppi_geometry_transforms/test_nppi_copyConstBorder.cpp:67&#x0A;Expected equality of these values:&#x0A;  dstData[dstIdx]&#x0A;    Which is: 0&#x0A;  borderValue&#x0A;    Which is: -500&#x0A;Border value mismatch at (19,14)&#x0A;" type=""><![CDATA[/home/cjxu/npp/test/unit/nppi/nppi_geometry_transforms/test_nppi_copyConstBorder.cpp:67
Expected equality of these values:
  dstData[dstIdx]
    Which is: 0
  borderValue
    Which is: -500
Border value mismatch at (19,14)
]]></failure>
      <failure message="/home/cjxu/npp/test/unit/nppi/nppi_geometry_transforms/test_nppi_copyConstBorder.cpp:67&#x0A;Expected equality of these values:&#x0A;  dstData[dstIdx]&#x0A;    Which is: 0&#x0A;  borderValue&#x0A;    Which is: -500&#x0A;Border value mismatch at (20,14)&#x0A;" type=""><![CDATA[/home/cjxu/npp/test/unit/nppi/nppi_geometry_transforms/test_nppi_copyConstBorder.cpp:67
Expected equality of these values:
  dstData[dstIdx]
    Which is: 0
  borderValue
    Which is: -500
Border value mismatch at (20,14)
]]></failure>
      <failure message="/home/cjxu/npp/test/unit/nppi/nppi_geometry_transforms/test_nppi_copyConstBorder.cpp:67&#x0A;Expected equality of these values:&#x0A;  dstData[dstIdx]&#x0A;    Which is: 0&#x0A;  borderValue&#x0A;    Which is: -500&#x0A;Border value mismatch at (21,14)&#x0A;" type=""><![CDATA[/home/cjxu/npp/test/unit/nppi/nppi_geometry_transforms/test_nppi_copyConstBorder.cpp:67
Expected equality of these values:
  dstData[dstIdx]
    Which is: 0
  borderValue
    Which is: -500
Border value mismatch at (21,14)
]]></failure>
      <failure message="/home/cjxu/npp/test/unit/nppi/nppi_geometry_transforms/test_nppi_copyConstBorder.cpp:67&#x0A;Expected equality of these values:&#x0A;  dstData[dstIdx]&#x0A;    Which is: 0&#x0A;  borderValue&#x0A;    Which is: -500&#x0A;Border value mismatch at (22,14)&#x0A;" type=""><![CDATA[/home/cjxu/npp/test/unit/nppi/nppi_geometry_transforms/test_nppi_copyConstBorder.cpp:67
Expected equality of these values:
  dstData[dstIdx]
    Which is: 0
  borderValue
    Which is: -500
Border value mismatch at (22,14)
]]></failure>
      <failure message="/home/cjxu/npp/test/unit/nppi/nppi_geometry_transforms/test_nppi_copyConstBorder.cpp:67&#x0A;Expected equality of these values:&#x0A;  dstData[dstIdx]&#x0A;    Which is: 0&#x0A;  borderValue&#x0A;    Which is: -500&#x0A;Border value mismatch at (23,14)&#x0A;" type=""><![CDATA[/home/cjxu/npp/test/unit/nppi/nppi_geometry_transforms/test_nppi_copyConstBorder.cpp:67
Expected equality of these values:
  dstData[dstIdx]
    Which is: 0
  borderValue
    Which is: -500
Border value mismatch at (23,14)
]]></failure>
      <failure message="/home/cjxu/npp/test/unit/nppi/nppi_geometry_transforms/test_nppi_copyConstBorder.cpp:67&#x0A;Expected equality of these values:&#x0A;  dstData[dstIdx]&#x0A;    Which is: 0&#x0A;  borderValue&#x0A;    Which is: -500&#x0A;Border value mismatch at (0,15)&#x0A;" type=""><![CDATA[/home/cjxu/npp/test/unit/nppi/nppi_geometry_transforms/test_nppi_copyConstBorder.cpp:67
Expected equality of these values:
  dstData[dstIdx]
    Which is: 0
  borderValue
    Which is: -500
Border value mismatch at (0,15)
]]></failure>
      <failure message="/home/cjxu/npp/test/unit/nppi/nppi_geometry_transforms/test_nppi_copyConstBorder.cpp:67&#x0A;Expected equality of these values:&#x0A;  dstData[dstIdx]&#x0A;    Which is: 0&#x0A;  borderValue&#x0A;    Which is: -500&#x0A;Border value mismatch at (1,15)&#x0A;" type=""><![CDATA[/home/cjxu/npp/test/unit/nppi/nppi_geometry_transforms/test_nppi_copyConstBorder.cpp:67
Expected equality of these values:
  dstData[dstIdx]
    Which is: 0
  borderValue
    Which is: -500
Border value mismatch at (1,15)
]]></failure>
      <failure message="/home/cjxu/npp/test/unit/nppi/nppi_geometry_transforms/test_nppi_copyConstBorder.cpp:67&#x0A;Expected equality of these values:&#x0A;  dstData[dstIdx]&#x0A;    Which is: 0&#x0A;  borderValue&#x0A;    Which is: -500&#x0A;Border value mismatch at (2,15)&#x0A;" type=""><![CDATA[/home/cjxu/npp/test/unit/nppi/nppi_geometry_transforms/test_nppi_copyConstBorder.cpp:67
Expected equality of these values:
  dstData[dstIdx]
    Which is: 0
  borderValue
    Which is: -500
Border value mismatch at (2,15)
]]></failure>
      <failure message="/home/cjxu/npp/test/unit/nppi/nppi_geometry_transforms/test_nppi_copyConstBorder.cpp:63&#x0A;Expected equality of these values:&#x0A;  dstData[dstIdx]&#x0A;    Which is: 0&#x0A;  srcData[srcIdx]&#x0A;    Which is: -119&#x0A;Source copy mismatch at dst(3,15) src(0,11)&#x0A;" type=""><![CDATA[/home/cjxu/npp/test/unit/nppi/nppi_geometry_transforms/test_nppi_copyConstBorder.cpp:63
Expected equality of these values:
  dstData[dstIdx]
    Which is: 0
  srcData[srcIdx]
    Which is: -119
Source copy mismatch at dst(3,15) src(0,11)
]]></failure>
      <failure message="/home/cjxu/npp/test/unit/nppi/nppi_geometry_transforms/test_nppi_copyConstBorder.cpp:63&#x0A;Expected equality of these values:&#x0A;  dstData[dstIdx]&#x0A;    Which is: 0&#x0A;  srcData[srcIdx]&#x0A;    Which is: -287&#x0A;Source copy mismatch at dst(4,15) src(1,11)&#x0A;" type=""><![CDATA[/home/cjxu/npp/test/unit/nppi/nppi_geometry_transforms/test_nppi_copyConstBorder.cpp:63
Expected equality of these values:
  dstData[dstIdx]
    Which is: 0
  srcData[srcIdx]
    Which is: -287
Source copy mismatch at dst(4,15) src(1,11)
]]></failure>
      <failure message="/home/cjxu/npp/test/unit/nppi/nppi_geometry_transforms/test_nppi_copyConstBorder.cpp:63&#x0A;Expected equality of these values:&#x0A;  dstData[dstIdx]&#x0A;    Which is: 0&#x0A;  srcData[srcIdx]&#x0A;    Which is: 903&#x0A;Source copy mismatch at dst(5,15) src(2,11)&#x0A;" type=""><![CDATA[/home/cjxu/npp/test/unit/nppi/nppi_geometry_transforms/test_nppi_copyConstBorder.cpp:63
Expected equality of these values:
  dstData[dstIdx]
    Which is: 0
  srcData[srcIdx]
    Which is: 903
Source copy mismatch at dst(5,15) src(2,11)
]]></failure>
      <failure message="/home/cjxu/npp/test/unit/nppi/nppi_geometry_transforms/test_nppi_copyConstBorder.cpp:63&#x0A;Expected equality of these values:&#x0A;  dstData[dstIdx]&#x0A;    Which is: 0&#x0A;  srcData[srcIdx]&#x0A;    Which is: -884&#x0A;Source copy mismatch at dst(6,15) src(3,11)&#x0A;" type=""><![CDATA[/home/cjxu/npp/test/unit/nppi/nppi_geometry_transforms/test_nppi_copyConstBorder.cpp:63
Expected equality of these values:
  dstData[dstIdx]
    Which is: 0
  srcData[srcIdx]
    Which is: -884
Source copy mismatch at dst(6,15) src(3,11)
]]></failure>
      <failure message="/home/cjxu/npp/test/unit/nppi/nppi_geometry_transforms/test_nppi_copyConstBorder.cpp:63&#x0A;Expected equality of these values:&#x0A;  dstData[dstIdx]&#x0A;    Which is: 0&#x0A;  srcData[srcIdx]&#x0A;    Which is: -899&#x0A;Source copy mismatch at dst(7,15) src(4,11)&#x0A;" type=""><![CDATA[/home/cjxu/npp/test/unit/nppi/nppi_geometry_transforms/test_nppi_copyConstBorder.cpp:63
Expected equality of these values:
  dstData[dstIdx]
    Which is: 0
  srcData[srcIdx]
    Which is: -899
Source copy mismatch at dst(7,15) src(4,11)
]]></failure>
      <failure message="/home/cjxu/npp/test/unit/nppi/nppi_geometry_transforms/test_nppi_copyConstBorder.cpp:63&#x0A;Expected equality of these values:&#x0A;  dstData[dstIdx]&#x0A;    Which is: 0&#x0A;  srcData[srcIdx]&#x0A;    Which is: -496&#x0A;Source copy mismatch at dst(8,15) src(5,11)&#x0A;" type=""><![CDATA[/home/cjxu/npp/test/unit/nppi/nppi_geometry_transforms/test_nppi_copyConstBorder.cpp:63
Expected equality of these values:
  dstData[dstIdx]
    Which is: 0
  srcData[srcIdx]
    Which is: -496
Source copy mismatch at dst(8,15) src(5,11)
]]></failure>
      <failure message="/home/cjxu/npp/test/unit/nppi/nppi_geometry_transforms/test_nppi_copyConstBorder.cpp:63&#x0A;Expected equality of these values:&#x0A;  dstData[dstIdx]&#x0A;    Which is: 0&#x0A;  srcData[srcIdx]&#x0A;    Which is: 66&#x0A;Source copy mismatch at dst(9,15) src(6,11)&#x0A;" type=""><![CDATA[/home/cjxu/npp/test/unit/nppi/nppi_geometry_transforms/test_nppi_copyConstBorder.cpp:63
Expected equality of these values:
  dstData[dstIdx]
    Which is: 0
  srcData[srcIdx]
    Which is: 66
Source copy mismatch at dst(9,15) src(6,11)
]]></failure>
      <failure message="/home/cjxu/npp/test/unit/nppi/nppi_geometry_transforms/test_nppi_copyConstBorder.cpp:63&#x0A;Expected equality of these values:&#x0A;  dstData[dstIdx]&#x0A;    Which is: 0&#x0A;  srcData[srcIdx]&#x0A;    Which is: -507&#x0A;Source copy mismatch at dst(10,15) src(7,11)&#x0A;" type=""><![CDATA[/home/cjxu/npp/test/unit/nppi/nppi_geometry_transforms/test_nppi_copyConstBorder.cpp:63
Expected equality of these values:
  dstData[dstIdx]
    Which is: 0
  srcData[srcIdx]
    Which is: -507
Source copy mismatch at dst(10,15) src(7,11)
]]></failure>
      <failure message="/home/cjxu/npp/test/unit/nppi/nppi_geometry_transforms/test_nppi_copyConstBorder.cpp:63&#x0A;Expected equality of these values:&#x0A;  dstData[dstIdx]&#x0A;    Which is: 0&#x0A;  srcData[srcIdx]&#x0A;    Which is: 389&#x0A;Source copy mismatch at dst(11,15) src(8,11)&#x0A;" type=""><![CDATA[/home/cjxu/npp/test/unit/nppi/nppi_geometry_transforms/test_nppi_copyConstBorder.cpp:63
Expected equality of these values:
  dstData[dstIdx]
    Which is: 0
  srcData[srcIdx]
    Which is: 389
Source copy mismatch at dst(11,15) src(8,11)
]]></failure>
      <failure message="/home/cjxu/npp/test/unit/nppi/nppi_geometry_transforms/test_nppi_copyConstBorder.cpp:63&#x0A;Expected equality of these values:&#x0A;  dstData[dstIdx]&#x0A;    Which is: 0&#x0A;  srcData[srcIdx]&#x0A;    Which is: 525&#x0A;Source copy mismatch at dst(12,15) src(9,11)&#x0A;" type=""><![CDATA[/home/cjxu/npp/test/unit/nppi/nppi_geometry_transforms/test_nppi_copyConstBorder.cpp:63
Expected equality of these values:
  dstData[dstIdx]
    Which is: 0
  srcData[srcIdx]
    Which is: 525
Source copy mismatch at dst(12,15) src(9,11)
]]></failure>
      <failure message="/home/cjxu/npp/test/unit/nppi/nppi_geometry_transforms/test_nppi_copyConstBorder.cpp:63&#x0A;Expected equality of these values:&#x0A;  dstData[dstIdx]&#x0A;    Which is: 0&#x0A;  srcData[srcIdx]&#x0A;    Which is: 481&#x0A;Source copy mismatch at dst(13,15) src(10,11)&#x0A;" type=""><![CDATA[/home/cjxu/npp/test/unit/nppi/nppi_geometry_transforms/test_nppi_copyConstBorder.cpp:63
Expected equality of these values:
  dstData[dstIdx]
    Which is: 0
  srcData[srcIdx]
    Which is: 481
Source copy mismatch at dst(13,15) src(10,11)
]]></failure>
      <failure message="/home/cjxu/npp/test/unit/nppi/nppi_geometry_transforms/test_nppi_copyConstBorder.cpp:63&#x0A;Expected equality of these values:&#x0A;  dstData[dstIdx]&#x0A;    Which is: 0&#x0A;  srcData[srcIdx]&#x0A;    Which is: 11&#x0A;Source copy mismatch at dst(14,15) src(11,11)&#x0A;" type=""><![CDATA[/home/cjxu/npp/test/unit/nppi/nppi_geometry_transforms/test_nppi_copyConstBorder.cpp:63
Expected equality of these values:
  dstData[dstIdx]
    Which is: 0
  srcData[srcIdx]
    Which is: 11
Source copy mismatch at dst(14,15) src(11,11)
]]></failure>
      <failure message="/home/cjxu/npp/test/unit/nppi/nppi_geometry_transforms/test_nppi_copyConstBorder.cpp:63&#x0A;Expected equality of these values:&#x0A;  dstData[dstIdx]&#x0A;    Which is: 0&#x0A;  srcData[srcIdx]&#x0A;    Which is: 640&#x0A;Source copy mismatch at dst(15,15) src(12,11)&#x0A;" type=""><![CDATA[/home/cjxu/npp/test/unit/nppi/nppi_geometry_transforms/test_nppi_copyConstBorder.cpp:63
Expected equality of these values:
  dstData[dstIdx]
    Which is: 0
  srcData[srcIdx]
    Which is: 640
Source copy mismatch at dst(15,15) src(12,11)
]]></failure>
      <failure message="/home/cjxu/npp/test/unit/nppi/nppi_geometry_transforms/test_nppi_copyConstBorder.cpp:63&#x0A;Expected equality of these values:&#x0A;  dstData[dstIdx]&#x0A;    Which is: 0&#x0A;  srcData[srcIdx]&#x0A;    Which is: 694&#x0A;Source copy mismatch at dst(16,15) src(13,11)&#x0A;" type=""><![CDATA[/home/cjxu/npp/test/unit/nppi/nppi_geometry_transforms/test_nppi_copyConstBorder.cpp:63
Expected equality of these values:
  dstData[dstIdx]
    Which is: 0
  srcData[srcIdx]
    Which is: 694
Source copy mismatch at dst(16,15) src(13,11)
]]></failure>
      <failure message="/home/cjxu/npp/test/unit/nppi/nppi_geometry_transforms/test_nppi_copyConstBorder.cpp:63&#x0A;Expected equality of these values:&#x0A;  dstData[dstIdx]&#x0A;    Which is: 0&#x0A;  srcData[srcIdx]&#x0A;    Which is: 155&#x0A;Source copy mismatch at dst(17,15) src(14,11)&#x0A;" type=""><![CDATA[/home/cjxu/npp/test/unit/nppi/nppi_geometry_transforms/test_nppi_copyConstBorder.cpp:63
Expected equality of these values:
  dstData[dstIdx]
    Which is: 0
  srcData[srcIdx]
    Which is: 155
Source copy mismatch at dst(17,15) src(14,11)
]]></failure>
      <failure message="/home/cjxu/npp/test/unit/nppi/nppi_geometry_transforms/test_nppi_copyConstBorder.cpp:63&#x0A;Expected equality of these values:&#x0A;  dstData[dstIdx]&#x0A;    Which is: 0&#x0A;  srcData[srcIdx]&#x0A;    Which is: -86&#x0A;Source copy mismatch at dst(18,15) src(15,11)&#x0A;" type=""><![CDATA[/home/cjxu/npp/test/unit/nppi/nppi_geometry_transforms/test_nppi_copyConstBorder.cpp:63
Expected equality of these values:
  dstData[dstIdx]
    Which is: 0
  srcData[srcIdx]
    Which is: -86
Source copy mismatch at dst(18,15) src(15,11)
]]></failure>
      <failure message="/home/cjxu/npp/test/unit/nppi/nppi_geometry_transforms/test_nppi_copyConstBorder.cpp:67&#x0A;Expected equality of these values:&#x0A;  dstData[dstIdx]&#x0A;    Which is: 0&#x0A;  borderValue&#x0A;    Which is: -500&#x0A;Border value mismatch at (19,15)&#x0A;" type=""><![CDATA[/home/cjxu/npp/test/unit/nppi/nppi_geometry_transforms/test_nppi_copyConstBorder.cpp:67
Expected equality of these values:
  dstData[dstIdx]
    Which is: 0
  borderValue
    Which is: -500
Border value mismatch at (19,15)
]]></failure>
      <failure message="/home/cjxu/npp/test/unit/nppi/nppi_geometry_transforms/test_nppi_copyConstBorder.cpp:67&#x0A;Expected equality of these values:&#x0A;  dstData[dstIdx]&#x0A;    Which is: 0&#x0A;  borderValue&#x0A;    Which is: -500&#x0A;Border value mismatch at (20,15)&#x0A;" type=""><![CDATA[/home/cjxu/npp/test/unit/nppi/nppi_geometry_transforms/test_nppi_copyConstBorder.cpp:67
Expected equality of these values:
  dstData[dstIdx]
    Which is: 0
  borderValue
    Which is: -500
Border value mismatch at (20,15)
]]></failure>
      <failure message="/home/cjxu/npp/test/unit/nppi/nppi_geometry_transforms/test_nppi_copyConstBorder.cpp:67&#x0A;Expected equality of these values:&#x0A;  dstData[dstIdx]&#x0A;    Which is: 0&#x0A;  borderValue&#x0A;    Which is: -500&#x0A;Border value mismatch at (21,15)&#x0A;" type=""><![CDATA[/home/cjxu/npp/test/unit/nppi/nppi_geometry_transforms/test_nppi_copyConstBorder.cpp:67
Expected equality of these values:
  dstData[dstIdx]
    Which is: 0
  borderValue
    Which is: -500
Border value mismatch at (21,15)
]]></failure>
      <failure message="/home/cjxu/npp/test/unit/nppi/nppi_geometry_transforms/test_nppi_copyConstBorder.cpp:67&#x0A;Expected equality of these values:&#x0A;  dstData[dstIdx]&#x0A;    Which is: 0&#x0A;  borderValue&#x0A;    Which is: -500&#x0A;Border value mismatch at (22,15)&#x0A;" type=""><![CDATA[/home/cjxu/npp/test/unit/nppi/nppi_geometry_transforms/test_nppi_copyConstBorder.cpp:67
Expected equality of these values:
  dstData[dstIdx]
    Which is: 0
  borderValue
    Which is: -500
Border value mismatch at (22,15)
]]></failure>
      <failure message="/home/cjxu/npp/test/unit/nppi/nppi_geometry_transforms/test_nppi_copyConstBorder.cpp:67&#x0A;Expected equality of these values:&#x0A;  dstData[dstIdx]&#x0A;    Which is: 0&#x0A;  borderValue&#x0A;    Which is: -500&#x0A;Border value mismatch at (23,15)&#x0A;" type=""><![CDATA[/home/cjxu/npp/test/unit/nppi/nppi_geometry_transforms/test_nppi_copyConstBorder.cpp:67
Expected equality of these values:
  dstData[dstIdx]
    Which is: 0
  borderValue
    Which is: -500
Border value mismatch at (23,15)
]]></failure>
      <failure message="/home/cjxu/npp/test/unit/nppi/nppi_geometry_transforms/test_nppi_copyConstBorder.cpp:67&#x0A;Expected equality of these values:&#x0A;  dstData[dstIdx]&#x0A;    Which is: 0&#x0A;  borderValue&#x0A;    Which is: -500&#x0A;Border value mismatch at (0,16)&#x0A;" type=""><![CDATA[/home/cjxu/npp/test/unit/nppi/nppi_geometry_transforms/test_nppi_copyConstBorder.cpp:67
Expected equality of these values:
  dstData[dstIdx]
    Which is: 0
  borderValue
    Which is: -500
Border value mismatch at (0,16)
]]></failure>
      <failure message="/home/cjxu/npp/test/unit/nppi/nppi_geometry_transforms/test_nppi_copyConstBorder.cpp:67&#x0A;Expected equality of these values:&#x0A;  dstData[dstIdx]&#x0A;    Which is: 0&#x0A;  borderValue&#x0A;    Which is: -500&#x0A;Border value mismatch at (1,16)&#x0A;" type=""><![CDATA[/home/cjxu/npp/test/unit/nppi/nppi_geometry_transforms/test_nppi_copyConstBorder.cpp:67
Expected equality of these values:
  dstData[dstIdx]
    Which is: 0
  borderValue
    Which is: -500
Border value mismatch at (1,16)
]]></failure>
      <failure message="/home/cjxu/npp/test/unit/nppi/nppi_geometry_transforms/test_nppi_copyConstBorder.cpp:67&#x0A;Expected equality of these values:&#x0A;  dstData[dstIdx]&#x0A;    Which is: 0&#x0A;  borderValue&#x0A;    Which is: -500&#x0A;Border value mismatch at (2,16)&#x0A;" type=""><![CDATA[/home/cjxu/npp/test/unit/nppi/nppi_geometry_transforms/test_nppi_copyConstBorder.cpp:67
Expected equality of these values:
  dstData[dstIdx]
    Which is: 0
  borderValue
    Which is: -500
Border value mismatch at (2,16)
]]></failure>
      <failure message="/home/cjxu/npp/test/unit/nppi/nppi_geometry_transforms/test_nppi_copyConstBorder.cpp:67&#x0A;Expected equality of these values:&#x0A;  dstData[dstIdx]&#x0A;    Which is: 0&#x0A;  borderValue&#x0A;    Which is: -500&#x0A;Border value mismatch at (3,16)&#x0A;" type=""><![CDATA[/home/cjxu/npp/test/unit/nppi/nppi_geometry_transforms/test_nppi_copyConstBorder.cpp:67
Expected equality of these values:
  dstData[dstIdx]
    Which is: 0
  borderValue
    Which is: -500
Border value mismatch at (3,16)
]]></failure>
      <failure message="/home/cjxu/npp/test/unit/nppi/nppi_geometry_transforms/test_nppi_copyConstBorder.cpp:67&#x0A;Expected equality of these values:&#x0A;  dstData[dstIdx]&#x0A;    Which is: 0&#x0A;  borderValue&#x0A;    Which is: -500&#x0A;Border value mismatch at (4,16)&#x0A;" type=""><![CDATA[/home/cjxu/npp/test/unit/nppi/nppi_geometry_transforms/test_nppi_copyConstBorder.cpp:67
Expected equality of these values:
  dstData[dstIdx]
    Which is: 0
  borderValue
    Which is: -500
Border value mismatch at (4,16)
]]></failure>
      <failure message="/home/cjxu/npp/test/unit/nppi/nppi_geometry_transforms/test_nppi_copyConstBorder.cpp:67&#x0A;Expected equality of these values:&#x0A;  dstData[dstIdx]&#x0A;    Which is: 0&#x0A;  borderValue&#x0A;    Which is: -500&#x0A;Border value mismatch at (5,16)&#x0A;" type=""><![CDATA[/home/cjxu/npp/test/unit/nppi/nppi_geometry_transforms/test_nppi_copyConstBorder.cpp:67
Expected equality of these values:
  dstData[dstIdx]
    Which is: 0
  borderValue
    Which is: -500
Border value mismatch at (5,16)
]]></failure>
      <failure message="/home/cjxu/npp/test/unit/nppi/nppi_geometry_transforms/test_nppi_copyConstBorder.cpp:67&#x0A;Expected equality of these values:&#x0A;  dstData[dstIdx]&#x0A;    Which is: 0&#x0A;  borderValue&#x0A;    Which is: -500&#x0A;Border value mismatch at (6,16)&#x0A;" type=""><![CDATA[/home/cjxu/npp/test/unit/nppi/nppi_geometry_transforms/test_nppi_copyConstBorder.cpp:67
Expected equality of these values:
  dstData[dstIdx]
    Which is: 0
  borderValue
    Which is: -500
Border value mismatch at (6,16)
]]></failure>
      <failure message="/home/cjxu/npp/test/unit/nppi/nppi_geometry_transforms/test_nppi_copyConstBorder.cpp:67&#x0A;Expected equality of these values:&#x0A;  dstData[dstIdx]&#x0A;    Which is: 0&#x0A;  borderValue&#x0A;    Which is: -500&#x0A;Border value mismatch at (7,16)&#x0A;" type=""><![CDATA[/home/cjxu/npp/test/unit/nppi/nppi_geometry_transforms/test_nppi_copyConstBorder.cpp:67
Expected equality of these values:
  dstData[dstIdx]
    Which is: 0
  borderValue
    Which is: -500
Border value mismatch at (7,16)
]]></failure>
      <failure message="/home/cjxu/npp/test/unit/nppi/nppi_geometry_transforms/test_nppi_copyConstBorder.cpp:67&#x0A;Expected equality of these values:&#x0A;  dstData[dstIdx]&#x0A;    Which is: 0&#x0A;  borderValue&#x0A;    Which is: -500&#x0A;Border value mismatch at (8,16)&#x0A;" type=""><![CDATA[/home/cjxu/npp/test/unit/nppi/nppi_geometry_transforms/test_nppi_copyConstBorder.cpp:67
Expected equality of these values:
  dstData[dstIdx]
    Which is: 0
  borderValue
    Which is: -500
Border value mismatch at (8,16)
]]></failure>
      <failure message="/home/cjxu/npp/test/unit/nppi/nppi_geometry_transforms/test_nppi_copyConstBorder.cpp:67&#x0A;Expected equality of these values:&#x0A;  dstData[dstIdx]&#x0A;    Which is: 0&#x0A;  borderValue&#x0A;    Which is: -500&#x0A;Border value mismatch at (9,16)&#x0A;" type=""><![CDATA[/home/cjxu/npp/test/unit/nppi/nppi_geometry_transforms/test_nppi_copyConstBorder.cpp:67
Expected equality of these values:
  dstData[dstIdx]
    Which is: 0
  borderValue
    Which is: -500
Border value mismatch at (9,16)
]]></failure>
      <failure message="/home/cjxu/npp/test/unit/nppi/nppi_geometry_transforms/test_nppi_copyConstBorder.cpp:67&#x0A;Expected equality of these values:&#x0A;  dstData[dstIdx]&#x0A;    Which is: 0&#x0A;  borderValue&#x0A;    Which is: -500&#x0A;Border value mismatch at (10,16)&#x0A;" type=""><![CDATA[/home/cjxu/npp/test/unit/nppi/nppi_geometry_transforms/test_nppi_copyConstBorder.cpp:67
Expected equality of these values:
  dstData[dstIdx]
    Which is: 0
  borderValue
    Which is: -500
Border value mismatch at (10,16)
]]></failure>
      <failure message="/home/cjxu/npp/test/unit/nppi/nppi_geometry_transforms/test_nppi_copyConstBorder.cpp:67&#x0A;Expected equality of these values:&#x0A;  dstData[dstIdx]&#x0A;    Which is: 0&#x0A;  borderValue&#x0A;    Which is: -500&#x0A;Border value mismatch at (11,16)&#x0A;" type=""><![CDATA[/home/cjxu/npp/test/unit/nppi/nppi_geometry_transforms/test_nppi_copyConstBorder.cpp:67
Expected equality of these values:
  dstData[dstIdx]
    Which is: 0
  borderValue
    Which is: -500
Border value mismatch at (11,16)
]]></failure>
      <failure message="/home/cjxu/npp/test/unit/nppi/nppi_geometry_transforms/test_nppi_copyConstBorder.cpp:67&#x0A;Expected equality of these values:&#x0A;  dstData[dstIdx]&#x0A;    Which is: 0&#x0A;  borderValue&#x0A;    Which is: -500&#x0A;Border value mismatch at (12,16)&#x0A;" type=""><![CDATA[/home/cjxu/npp/test/unit/nppi/nppi_geometry_transforms/test_nppi_copyConstBorder.cpp:67
Expected equality of these values:
  dstData[dstIdx]
    Which is: 0
  borderValue
    Which is: -500
Border value mismatch at (12,16)
]]></failure>
      <failure message="/home/cjxu/npp/test/unit/nppi/nppi_geometry_transforms/test_nppi_copyConstBorder.cpp:67&#x0A;Expected equality of these values:&#x0A;  dstData[dstIdx]&#x0A;    Which is: 0&#x0A;  borderValue&#x0A;    Which is: -500&#x0A;Border value mismatch at (13,16)&#x0A;" type=""><![CDATA[/home/cjxu/npp/test/unit/nppi/nppi_geometry_transforms/test_nppi_copyConstBorder.cpp:67
Expected equality of these values:
  dstData[dstIdx]
    Which is: 0
  borderValue
    Which is: -500
Border value mismatch at (13,16)
]]></failure>
      <failure message="/home/cjxu/npp/test/unit/nppi/nppi_geometry_transforms/test_nppi_copyConstBorder.cpp:67&#x0A;Expected equality of these values:&#x0A;  dstData[dstIdx]&#x0A;    Which is: 0&#x0A;  borderValue&#x0A;    Which is: -500&#x0A;Border value mismatch at (14,16)&#x0A;" type=""><![CDATA[/home/cjxu/npp/test/unit/nppi/nppi_geometry_transforms/test_nppi_copyConstBorder.cpp:67
Expected equality of these values:
  dstData[dstIdx]
    Which is: 0
  borderValue
    Which is: -500
Border value mismatch at (14,16)
]]></failure>
      <failure message="/home/cjxu/npp/test/unit/nppi/nppi_geometry_transforms/test_nppi_copyConstBorder.cpp:67&#x0A;Expected equality of these values:&#x0A;  dstData[dstIdx]&#x0A;    Which is: 0&#x0A;  borderValue&#x0A;    Which is: -500&#x0A;Border value mismatch at (15,16)&#x0A;" type=""><![CDATA[/home/cjxu/npp/test/unit/nppi/nppi_geometry_transforms/test_nppi_copyConstBorder.cpp:67
Expected equality of these values:
  dstData[dstIdx]
    Which is: 0
  borderValue
    Which is: -500
Border value mismatch at (15,16)
]]></failure>
      <failure message="/home/cjxu/npp/test/unit/nppi/nppi_geometry_transforms/test_nppi_copyConstBorder.cpp:67&#x0A;Expected equality of these values:&#x0A;  dstData[dstIdx]&#x0A;    Which is: 0&#x0A;  borderValue&#x0A;    Which is: -500&#x0A;Border value mismatch at (16,16)&#x0A;" type=""><![CDATA[/home/cjxu/npp/test/unit/nppi/nppi_geometry_transforms/test_nppi_copyConstBorder.cpp:67
Expected equality of these values:
  dstData[dstIdx]
    Which is: 0
  borderValue
    Which is: -500
Border value mismatch at (16,16)
]]></failure>
      <failure message="/home/cjxu/npp/test/unit/nppi/nppi_geometry_transforms/test_nppi_copyConstBorder.cpp:67&#x0A;Expected equality of these values:&#x0A;  dstData[dstIdx]&#x0A;    Which is: 0&#x0A;  borderValue&#x0A;    Which is: -500&#x0A;Border value mismatch at (17,16)&#x0A;" type=""><![CDATA[/home/cjxu/npp/test/unit/nppi/nppi_geometry_transforms/test_nppi_copyConstBorder.cpp:67
Expected equality of these values:
  dstData[dstIdx]
    Which is: 0
  borderValue
    Which is: -500
Border value mismatch at (17,16)
]]></failure>
      <failure message="/home/cjxu/npp/test/unit/nppi/nppi_geometry_transforms/test_nppi_copyConstBorder.cpp:67&#x0A;Expected equality of these values:&#x0A;  dstData[dstIdx]&#x0A;    Which is: 0&#x0A;  borderValue&#x0A;    Which is: -500&#x0A;Border value mismatch at (18,16)&#x0A;" type=""><![CDATA[/home/cjxu/npp/test/unit/nppi/nppi_geometry_transforms/test_nppi_copyConstBorder.cpp:67
Expected equality of these values:
  dstData[dstIdx]
    Which is: 0
  borderValue
    Which is: -500
Border value mismatch at (18,16)
]]></failure>
      <failure message="/home/cjxu/npp/test/unit/nppi/nppi_geometry_transforms/test_nppi_copyConstBorder.cpp:67&#x0A;Expected equality of these values:&#x0A;  dstData[dstIdx]&#x0A;    Which is: 0&#x0A;  borderValue&#x0A;    Which is: -500&#x0A;Border value mismatch at (19,16)&#x0A;" type=""><![CDATA[/home/cjxu/npp/test/unit/nppi/nppi_geometry_transforms/test_nppi_copyConstBorder.cpp:67
Expected equality of these values:
  dstData[dstIdx]
    Which is: 0
  borderValue
    Which is: -500
Border value mismatch at (19,16)
]]></failure>
      <failure message="/home/cjxu/npp/test/unit/nppi/nppi_geometry_transforms/test_nppi_copyConstBorder.cpp:67&#x0A;Expected equality of these values:&#x0A;  dstData[dstIdx]&#x0A;    Which is: 0&#x0A;  borderValue&#x0A;    Which is: -500&#x0A;Border value mismatch at (20,16)&#x0A;" type=""><![CDATA[/home/cjxu/npp/test/unit/nppi/nppi_geometry_transforms/test_nppi_copyConstBorder.cpp:67
Expected equality of these values:
  dstData[dstIdx]
    Which is: 0
  borderValue
    Which is: -500
Border value mismatch at (20,16)
]]></failure>
      <failure message="/home/cjxu/npp/test/unit/nppi/nppi_geometry_transforms/test_nppi_copyConstBorder.cpp:67&#x0A;Expected equality of these values:&#x0A;  dstData[dstIdx]&#x0A;    Which is: 0&#x0A;  borderValue&#x0A;    Which is: -500&#x0A;Border value mismatch at (21,16)&#x0A;" type=""><![CDATA[/home/cjxu/npp/test/unit/nppi/nppi_geometry_transforms/test_nppi_copyConstBorder.cpp:67
Expected equality of these values:
  dstData[dstIdx]
    Which is: 0
  borderValue
    Which is: -500
Border value mismatch at (21,16)
]]></failure>
      <failure message="/home/cjxu/npp/test/unit/nppi/nppi_geometry_transforms/test_nppi_copyConstBorder.cpp:67&#x0A;Expected equality of these values:&#x0A;  dstData[dstIdx]&#x0A;    Which is: 0&#x0A;  borderValue&#x0A;    Which is: -500&#x0A;Border value mismatch at (22,16)&#x0A;" type=""><![CDATA[/home/cjxu/npp/test/unit/nppi/nppi_geometry_transforms/test_nppi_copyConstBorder.cpp:67
Expected equality of these values:
  dstData[dstIdx]
    Which is: 0
  borderValue
    Which is: -500
Border value mismatch at (22,16)
]]></failure>
      <failure message="/home/cjxu/npp/test/unit/nppi/nppi_geometry_transforms/test_nppi_copyConstBorder.cpp:67&#x0A;Expected equality of these values:&#x0A;  dstData[dstIdx]&#x0A;    Which is: 0&#x0A;  borderValue&#x0A;    Which is: -500&#x0A;Border value mismatch at (23,16)&#x0A;" type=""><![CDATA[/home/cjxu/npp/test/unit/nppi/nppi_geometry_transforms/test_nppi_copyConstBorder.cpp:67
Expected equality of these values:
  dstData[dstIdx]
    Which is: 0
  borderValue
    Which is: -500
Border value mismatch at (23,16)
]]></failure>
      <failure message="/home/cjxu/npp/test/unit/nppi/nppi_geometry_transforms/test_nppi_copyConstBorder.cpp:67&#x0A;Expected equality of these values:&#x0A;  dstData[dstIdx]&#x0A;    Which is: 0&#x0A;  borderValue&#x0A;    Which is: -500&#x0A;Border value mismatch at (0,17)&#x0A;" type=""><![CDATA[/home/cjxu/npp/test/unit/nppi/nppi_geometry_transforms/test_nppi_copyConstBorder.cpp:67
Expected equality of these values:
  dstData[dstIdx]
    Which is: 0
  borderValue
    Which is: -500
Border value mismatch at (0,17)
]]></failure>
      <failure message="/home/cjxu/npp/test/unit/nppi/nppi_geometry_transforms/test_nppi_copyConstBorder.cpp:67&#x0A;Expected equality of these values:&#x0A;  dstData[dstIdx]&#x0A;    Which is: 0&#x0A;  borderValue&#x0A;    Which is: -500&#x0A;Border value mismatch at (1,17)&#x0A;" type=""><![CDATA[/home/cjxu/npp/test/unit/nppi/nppi_geometry_transforms/test_nppi_copyConstBorder.cpp:67
Expected equality of these values:
  dstData[dstIdx]
    Which is: 0
  borderValue
    Which is: -500
Border value mismatch at (1,17)
]]></failure>
      <failure message="/home/cjxu/npp/test/unit/nppi/nppi_geometry_transforms/test_nppi_copyConstBorder.cpp:67&#x0A;Expected equality of these values:&#x0A;  dstData[dstIdx]&#x0A;    Which is: 0&#x0A;  borderValue&#x0A;    Which is: -500&#x0A;Border value mismatch at (2,17)&#x0A;" type=""><![CDATA[/home/cjxu/npp/test/unit/nppi/nppi_geometry_transforms/test_nppi_copyConstBorder.cpp:67
Expected equality of these values:
  dstData[dstIdx]
    Which is: 0
  borderValue
    Which is: -500
Border value mismatch at (2,17)
]]></failure>
      <failure message="/home/cjxu/npp/test/unit/nppi/nppi_geometry_transforms/test_nppi_copyConstBorder.cpp:67&#x0A;Expected equality of these values:&#x0A;  dstData[dstIdx]&#x0A;    Which is: 0&#x0A;  borderValue&#x0A;    Which is: -500&#x0A;Border value mismatch at (3,17)&#x0A;" type=""><![CDATA[/home/cjxu/npp/test/unit/nppi/nppi_geometry_transforms/test_nppi_copyConstBorder.cpp:67
Expected equality of these values:
  dstData[dstIdx]
    Which is: 0
  borderValue
    Which is: -500
Border value mismatch at (3,17)
]]></failure>
      <failure message="/home/cjxu/npp/test/unit/nppi/nppi_geometry_transforms/test_nppi_copyConstBorder.cpp:67&#x0A;Expected equality of these values:&#x0A;  dstData[dstIdx]&#x0A;    Which is: 0&#x0A;  borderValue&#x0A;    Which is: -500&#x0A;Border value mismatch at (4,17)&#x0A;" type=""><![CDATA[/home/cjxu/npp/test/unit/nppi/nppi_geometry_transforms/test_nppi_copyConstBorder.cpp:67
Expected equality of these values:
  dstData[dstIdx]
    Which is: 0
  borderValue
    Which is: -500
Border value mismatch at (4,17)
]]></failure>
      <failure message="/home/cjxu/npp/test/unit/nppi/nppi_geometry_transforms/test_nppi_copyConstBorder.cpp:67&#x0A;Expected equality of these values:&#x0A;  dstData[dstIdx]&#x0A;    Which is: 0&#x0A;  borderValue&#x0A;    Which is: -500&#x0A;Border value mismatch at (5,17)&#x0A;" type=""><![CDATA[/home/cjxu/npp/test/unit/nppi/nppi_geometry_transforms/test_nppi_copyConstBorder.cpp:67
Expected equality of these values:
  dstData[dstIdx]
    Which is: 0
  borderValue
    Which is: -500
Border value mismatch at (5,17)
]]></failure>
      <failure message="/home/cjxu/npp/test/unit/nppi/nppi_geometry_transforms/test_nppi_copyConstBorder.cpp:67&#x0A;Expected equality of these values:&#x0A;  dstData[dstIdx]&#x0A;    Which is: 0&#x0A;  borderValue&#x0A;    Which is: -500&#x0A;Border value mismatch at (6,17)&#x0A;" type=""><![CDATA[/home/cjxu/npp/test/unit/nppi/nppi_geometry_transforms/test_nppi_copyConstBorder.cpp:67
Expected equality of these values:
  dstData[dstIdx]
    Which is: 0
  borderValue
    Which is: -500
Border value mismatch at (6,17)
]]></failure>
      <failure message="/home/cjxu/npp/test/unit/nppi/nppi_geometry_transforms/test_nppi_copyConstBorder.cpp:67&#x0A;Expected equality of these values:&#x0A;  dstData[dstIdx]&#x0A;    Which is: 0&#x0A;  borderValue&#x0A;    Which is: -500&#x0A;Border value mismatch at (7,17)&#x0A;" type=""><![CDATA[/home/cjxu/npp/test/unit/nppi/nppi_geometry_transforms/test_nppi_copyConstBorder.cpp:67
Expected equality of these values:
  dstData[dstIdx]
    Which is: 0
  borderValue
    Which is: -500
Border value mismatch at (7,17)
]]></failure>
      <failure message="/home/cjxu/npp/test/unit/nppi/nppi_geometry_transforms/test_nppi_copyConstBorder.cpp:67&#x0A;Expected equality of these values:&#x0A;  dstData[dstIdx]&#x0A;    Which is: 0&#x0A;  borderValue&#x0A;    Which is: -500&#x0A;Border value mismatch at (8,17)&#x0A;" type=""><![CDATA[/home/cjxu/npp/test/unit/nppi/nppi_geometry_transforms/test_nppi_copyConstBorder.cpp:67
Expected equality of these values:
  dstData[dstIdx]
    Which is: 0
  borderValue
    Which is: -500
Border value mismatch at (8,17)
]]></failure>
      <failure message="/home/cjxu/npp/test/unit/nppi/nppi_geometry_transforms/test_nppi_copyConstBorder.cpp:67&#x0A;Expected equality of these values:&#x0A;  dstData[dstIdx]&#x0A;    Which is: 0&#x0A;  borderValue&#x0A;    Which is: -500&#x0A;Border value mismatch at (9,17)&#x0A;" type=""><![CDATA[/home/cjxu/npp/test/unit/nppi/nppi_geometry_transforms/test_nppi_copyConstBorder.cpp:67
Expected equality of these values:
  dstData[dstIdx]
    Which is: 0
  borderValue
    Which is: -500
Border value mismatch at (9,17)
]]></failure>
      <failure message="/home/cjxu/npp/test/unit/nppi/nppi_geometry_transforms/test_nppi_copyConstBorder.cpp:67&#x0A;Expected equality of these values:&#x0A;  dstData[dstIdx]&#x0A;    Which is: 0&#x0A;  borderValue&#x0A;    Which is: -500&#x0A;Border value mismatch at (10,17)&#x0A;" type=""><![CDATA[/home/cjxu/npp/test/unit/nppi/nppi_geometry_transforms/test_nppi_copyConstBorder.cpp:67
Expected equality of these values:
  dstData[dstIdx]
    Which is: 0
  borderValue
    Which is: -500
Border value mismatch at (10,17)
]]></failure>
      <failure message="/home/cjxu/npp/test/unit/nppi/nppi_geometry_transforms/test_nppi_copyConstBorder.cpp:67&#x0A;Expected equality of these values:&#x0A;  dstData[dstIdx]&#x0A;    Which is: 0&#x0A;  borderValue&#x0A;    Which is: -500&#x0A;Border value mismatch at (11,17)&#x0A;" type=""><![CDATA[/home/cjxu/npp/test/unit/nppi/nppi_geometry_transforms/test_nppi_copyConstBorder.cpp:67
Expected equality of these values:
  dstData[dstIdx]
    Which is: 0
  borderValue
    Which is: -500
Border value mismatch at (11,17)
]]></failure>
      <failure message="/home/cjxu/npp/test/unit/nppi/nppi_geometry_transforms/test_nppi_copyConstBorder.cpp:67&#x0A;Expected equality of these values:&#x0A;  dstData[dstIdx]&#x0A;    Which is: 0&#x0A;  borderValue&#x0A;    Which is: -500&#x0A;Border value mismatch at (12,17)&#x0A;" type=""><![CDATA[/home/cjxu/npp/test/unit/nppi/nppi_geometry_transforms/test_nppi_copyConstBorder.cpp:67
Expected equality of these values:
  dstData[dstIdx]
    Which is: 0
  borderValue
    Which is: -500
Border value mismatch at (12,17)
]]></failure>
      <failure message="/home/cjxu/npp/test/unit/nppi/nppi_geometry_transforms/test_nppi_copyConstBorder.cpp:67&#x0A;Expected equality of these values:&#x0A;  dstData[dstIdx]&#x0A;    Which is: 0&#x0A;  borderValue&#x0A;    Which is: -500&#x0A;Border value mismatch at (13,17)&#x0A;" type=""><![CDATA[/home/cjxu/npp/test/unit/nppi/nppi_geometry_transforms/test_nppi_copyConstBorder.cpp:67
Expected equality of these values:
  dstData[dstIdx]
    Which is: 0
  borderValue
    Which is: -500
Border value mismatch at (13,17)
]]></failure>
      <failure message="/home/cjxu/npp/test/unit/nppi/nppi_geometry_transforms/test_nppi_copyConstBorder.cpp:67&#x0A;Expected equality of these values:&#x0A;  dstData[dstIdx]&#x0A;    Which is: 0&#x0A;  borderValue&#x0A;    Which is: -500&#x0A;Border value mismatch at (14,17)&#x0A;" type=""><![CDATA[/home/cjxu/npp/test/unit/nppi/nppi_geometry_transforms/test_nppi_copyConstBorder.cpp:67
Expected equality of these values:
  dstData[dstIdx]
    Which is: 0
  borderValue
    Which is: -500
Border value mismatch at (14,17)
]]></failure>
      <failure message="/home/cjxu/npp/test/unit/nppi/nppi_geometry_transforms/test_nppi_copyConstBorder.cpp:67&#x0A;Expected equality of these values:&#x0A;  dstData[dstIdx]&#x0A;    Which is: 0&#x0A;  borderValue&#x0A;    Which is: -500&#x0A;Border value mismatch at (15,17)&#x0A;" type=""><![CDATA[/home/cjxu/npp/test/unit/nppi/nppi_geometry_transforms/test_nppi_copyConstBorder.cpp:67
Expected equality of these values:
  dstData[dstIdx]
    Which is: 0
  borderValue
    Which is: -500
Border value mismatch at (15,17)
]]></failure>
      <failure message="/home/cjxu/npp/test/unit/nppi/nppi_geometry_transforms/test_nppi_copyConstBorder.cpp:67&#x0A;Expected equality of these values:&#x0A;  dstData[dstIdx]&#x0A;    Which is: 0&#x0A;  borderValue&#x0A;    Which is: -500&#x0A;Border value mismatch at (16,17)&#x0A;" type=""><![CDATA[/home/cjxu/npp/test/unit/nppi/nppi_geometry_transforms/test_nppi_copyConstBorder.cpp:67
Expected equality of these values:
  dstData[dstIdx]
    Which is: 0
  borderValue
    Which is: -500
Border value mismatch at (16,17)
]]></failure>
      <failure message="/home/cjxu/npp/test/unit/nppi/nppi_geometry_transforms/test_nppi_copyConstBorder.cpp:67&#x0A;Expected equality of these values:&#x0A;  dstData[dstIdx]&#x0A;    Which is: 0&#x0A;  borderValue&#x0A;    Which is: -500&#x0A;Border value mismatch at (17,17)&#x0A;" type=""><![CDATA[/home/cjxu/npp/test/unit/nppi/nppi_geometry_transforms/test_nppi_copyConstBorder.cpp:67
Expected equality of these values:
  dstData[dstIdx]
    Which is: 0
  borderValue
    Which is: -500
Border value mismatch at (17,17)
]]></failure>
      <failure message="/home/cjxu/npp/test/unit/nppi/nppi_geometry_transforms/test_nppi_copyConstBorder.cpp:67&#x0A;Expected equality of these values:&#x0A;  dstData[dstIdx]&#x0A;    Which is: 0&#x0A;  borderValue&#x0A;    Which is: -500&#x0A;Border value mismatch at (18,17)&#x0A;" type=""><![CDATA[/home/cjxu/npp/test/unit/nppi/nppi_geometry_transforms/test_nppi_copyConstBorder.cpp:67
Expected equality of these values:
  dstData[dstIdx]
    Which is: 0
  borderValue
    Which is: -500
Border value mismatch at (18,17)
]]></failure>
      <failure message="/home/cjxu/npp/test/unit/nppi/nppi_geometry_transforms/test_nppi_copyConstBorder.cpp:67&#x0A;Expected equality of these values:&#x0A;  dstData[dstIdx]&#x0A;    Which is: 0&#x0A;  borderValue&#x0A;    Which is: -500&#x0A;Border value mismatch at (19,17)&#x0A;" type=""><![CDATA[/home/cjxu/npp/test/unit/nppi/nppi_geometry_transforms/test_nppi_copyConstBorder.cpp:67
Expected equality of these values:
  dstData[dstIdx]
    Which is: 0
  borderValue
    Which is: -500
Border value mismatch at (19,17)
]]></failure>
      <failure message="/home/cjxu/npp/test/unit/nppi/nppi_geometry_transforms/test_nppi_copyConstBorder.cpp:67&#x0A;Expected equality of these values:&#x0A;  dstData[dstIdx]&#x0A;    Which is: 0&#x0A;  borderValue&#x0A;    Which is: -500&#x0A;Border value mismatch at (20,17)&#x0A;" type=""><![CDATA[/home/cjxu/npp/test/unit/nppi/nppi_geometry_transforms/test_nppi_copyConstBorder.cpp:67
Expected equality of these values:
  dstData[dstIdx]
    Which is: 0
  borderValue
    Which is: -500
Border value mismatch at (20,17)
]]></failure>
      <failure message="/home/cjxu/npp/test/unit/nppi/nppi_geometry_transforms/test_nppi_copyConstBorder.cpp:67&#x0A;Expected equality of these values:&#x0A;  dstData[dstIdx]&#x0A;    Which is: 0&#x0A;  borderValue&#x0A;    Which is: -500&#x0A;Border value mismatch at (21,17)&#x0A;" type=""><![CDATA[/home/cjxu/npp/test/unit/nppi/nppi_geometry_transforms/test_nppi_copyConstBorder.cpp:67
Expected equality of these values:
  dstData[dstIdx]
    Which is: 0
  borderValue
    Which is: -500
Border value mismatch at (21,17)
]]></failure>
      <failure message="/home/cjxu/npp/test/unit/nppi/nppi_geometry_transforms/test_nppi_copyConstBorder.cpp:67&#x0A;Expected equality of these values:&#x0A;  dstData[dstIdx]&#x0A;    Which is: 0&#x0A;  borderValue&#x0A;    Which is: -500&#x0A;Border value mismatch at (22,17)&#x0A;" type=""><![CDATA[/home/cjxu/npp/test/unit/nppi/nppi_geometry_transforms/test_nppi_copyConstBorder.cpp:67
Expected equality of these values:
  dstData[dstIdx]
    Which is: 0
  borderValue
    Which is: -500
Border value mismatch at (22,17)
]]></failure>
      <failure message="/home/cjxu/npp/test/unit/nppi/nppi_geometry_transforms/test_nppi_copyConstBorder.cpp:67&#x0A;Expected equality of these values:&#x0A;  dstData[dstIdx]&#x0A;    Which is: 0&#x0A;  borderValue&#x0A;    Which is: -500&#x0A;Border value mismatch at (23,17)&#x0A;" type=""><![CDATA[/home/cjxu/npp/test/unit/nppi/nppi_geometry_transforms/test_nppi_copyConstBorder.cpp:67
Expected equality of these values:
  dstData[dstIdx]
    Which is: 0
  borderValue
    Which is: -500
Border value mismatch at (23,17)
]]></failure>
      <failure message="/home/cjxu/npp/test/unit/nppi/nppi_geometry_transforms/test_nppi_copyConstBorder.cpp:67&#x0A;Expected equality of these values:&#x0A;  dstData[dstIdx]&#x0A;    Which is: 0&#x0A;  borderValue&#x0A;    Which is: -500&#x0A;Border value mismatch at (0,18)&#x0A;" type=""><![CDATA[/home/cjxu/npp/test/unit/nppi/nppi_geometry_transforms/test_nppi_copyConstBorder.cpp:67
Expected equality of these values:
  dstData[dstIdx]
    Which is: 0
  borderValue
    Which is: -500
Border value mismatch at (0,18)
]]></failure>
      <failure message="/home/cjxu/npp/test/unit/nppi/nppi_geometry_transforms/test_nppi_copyConstBorder.cpp:67&#x0A;Expected equality of these values:&#x0A;  dstData[dstIdx]&#x0A;    Which is: 0&#x0A;  borderValue&#x0A;    Which is: -500&#x0A;Border value mismatch at (1,18)&#x0A;" type=""><![CDATA[/home/cjxu/npp/test/unit/nppi/nppi_geometry_transforms/test_nppi_copyConstBorder.cpp:67
Expected equality of these values:
  dstData[dstIdx]
    Which is: 0
  borderValue
    Which is: -500
Border value mismatch at (1,18)
]]></failure>
      <failure message="/home/cjxu/npp/test/unit/nppi/nppi_geometry_transforms/test_nppi_copyConstBorder.cpp:67&#x0A;Expected equality of these values:&#x0A;  dstData[dstIdx]&#x0A;    Which is: 0&#x0A;  borderValue&#x0A;    Which is: -500&#x0A;Border value mismatch at (2,18)&#x0A;" type=""><![CDATA[/home/cjxu/npp/test/unit/nppi/nppi_geometry_transforms/test_nppi_copyConstBorder.cpp:67
Expected equality of these values:
  dstData[dstIdx]
    Which is: 0
  borderValue
    Which is: -500
Border value mismatch at (2,18)
]]></failure>
      <failure message="/home/cjxu/npp/test/unit/nppi/nppi_geometry_transforms/test_nppi_copyConstBorder.cpp:67&#x0A;Expected equality of these values:&#x0A;  dstData[dstIdx]&#x0A;    Which is: 0&#x0A;  borderValue&#x0A;    Which is: -500&#x0A;Border value mismatch at (3,18)&#x0A;" type=""><![CDATA[/home/cjxu/npp/test/unit/nppi/nppi_geometry_transforms/test_nppi_copyConstBorder.cpp:67
Expected equality of these values:
  dstData[dstIdx]
    Which is: 0
  borderValue
    Which is: -500
Border value mismatch at (3,18)
]]></failure>
      <failure message="/home/cjxu/npp/test/unit/nppi/nppi_geometry_transforms/test_nppi_copyConstBorder.cpp:67&#x0A;Expected equality of these values:&#x0A;  dstData[dstIdx]&#x0A;    Which is: 0&#x0A;  borderValue&#x0A;    Which is: -500&#x0A;Border value mismatch at (4,18)&#x0A;" type=""><![CDATA[/home/cjxu/npp/test/unit/nppi/nppi_geometry_transforms/test_nppi_copyConstBorder.cpp:67
Expected equality of these values:
  dstData[dstIdx]
    Which is: 0
  borderValue
    Which is: -500
Border value mismatch at (4,18)
]]></failure>
      <failure message="/home/cjxu/npp/test/unit/nppi/nppi_geometry_transforms/test_nppi_copyConstBorder.cpp:67&#x0A;Expected equality of these values:&#x0A;  dstData[dstIdx]&#x0A;    Which is: 0&#x0A;  borderValue&#x0A;    Which is: -500&#x0A;Border value mismatch at (5,18)&#x0A;" type=""><![CDATA[/home/cjxu/npp/test/unit/nppi/nppi_geometry_transforms/test_nppi_copyConstBorder.cpp:67
Expected equality of these values:
  dstData[dstIdx]
    Which is: 0
  borderValue
    Which is: -500
Border value mismatch at (5,18)
]]></failure>
      <failure message="/home/cjxu/npp/test/unit/nppi/nppi_geometry_transforms/test_nppi_copyConstBorder.cpp:67&#x0A;Expected equality of these values:&#x0A;  dstData[dstIdx]&#x0A;    Which is: 0&#x0A;  borderValue&#x0A;    Which is: -500&#x0A;Border value mismatch at (6,18)&#x0A;" type=""><![CDATA[/home/cjxu/npp/test/unit/nppi/nppi_geometry_transforms/test_nppi_copyConstBorder.cpp:67
Expected equality of these values:
  dstData[dstIdx]
    Which is: 0
  borderValue
    Which is: -500
Border value mismatch at (6,18)
]]></failure>
      <failure message="/home/cjxu/npp/test/unit/nppi/nppi_geometry_transforms/test_nppi_copyConstBorder.cpp:67&#x0A;Expected equality of these values:&#x0A;  dstData[dstIdx]&#x0A;    Which is: 0&#x0A;  borderValue&#x0A;    Which is: -500&#x0A;Border value mismatch at (7,18)&#x0A;" type=""><![CDATA[/home/cjxu/npp/test/unit/nppi/nppi_geometry_transforms/test_nppi_copyConstBorder.cpp:67
Expected equality of these values:
  dstData[dstIdx]
    Which is: 0
  borderValue
    Which is: -500
Border value mismatch at (7,18)
]]></failure>
      <failure message="/home/cjxu/npp/test/unit/nppi/nppi_geometry_transforms/test_nppi_copyConstBorder.cpp:67&#x0A;Expected equality of these values:&#x0A;  dstData[dstIdx]&#x0A;    Which is: 0&#x0A;  borderValue&#x0A;    Which is: -500&#x0A;Border value mismatch at (8,18)&#x0A;" type=""><![CDATA[/home/cjxu/npp/test/unit/nppi/nppi_geometry_transforms/test_nppi_copyConstBorder.cpp:67
Expected equality of these values:
  dstData[dstIdx]
    Which is: 0
  borderValue
    Which is: -500
Border value mismatch at (8,18)
]]></failure>
      <failure message="/home/cjxu/npp/test/unit/nppi/nppi_geometry_transforms/test_nppi_copyConstBorder.cpp:67&#x0A;Expected equality of these values:&#x0A;  dstData[dstIdx]&#x0A;    Which is: 0&#x0A;  borderValue&#x0A;    Which is: -500&#x0A;Border value mismatch at (9,18)&#x0A;" type=""><![CDATA[/home/cjxu/npp/test/unit/nppi/nppi_geometry_transforms/test_nppi_copyConstBorder.cpp:67
Expected equality of these values:
  dstData[dstIdx]
    Which is: 0
  borderValue
    Which is: -500
Border value mismatch at (9,18)
]]></failure>
      <failure message="/home/cjxu/npp/test/unit/nppi/nppi_geometry_transforms/test_nppi_copyConstBorder.cpp:67&#x0A;Expected equality of these values:&#x0A;  dstData[dstIdx]&#x0A;    Which is: 0&#x0A;  borderValue&#x0A;    Which is: -500&#x0A;Border value mismatch at (10,18)&#x0A;" type=""><![CDATA[/home/cjxu/npp/test/unit/nppi/nppi_geometry_transforms/test_nppi_copyConstBorder.cpp:67
Expected equality of these values:
  dstData[dstIdx]
    Which is: 0
  borderValue
    Which is: -500
Border value mismatch at (10,18)
]]></failure>
      <failure message="/home/cjxu/npp/test/unit/nppi/nppi_geometry_transforms/test_nppi_copyConstBorder.cpp:67&#x0A;Expected equality of these values:&#x0A;  dstData[dstIdx]&#x0A;    Which is: 0&#x0A;  borderValue&#x0A;    Which is: -500&#x0A;Border value mismatch at (11,18)&#x0A;" type=""><![CDATA[/home/cjxu/npp/test/unit/nppi/nppi_geometry_transforms/test_nppi_copyConstBorder.cpp:67
Expected equality of these values:
  dstData[dstIdx]
    Which is: 0
  borderValue
    Which is: -500
Border value mismatch at (11,18)
]]></failure>
      <failure message="/home/cjxu/npp/test/unit/nppi/nppi_geometry_transforms/test_nppi_copyConstBorder.cpp:67&#x0A;Expected equality of these values:&#x0A;  dstData[dstIdx]&#x0A;    Which is: 0&#x0A;  borderValue&#x0A;    Which is: -500&#x0A;Border value mismatch at (12,18)&#x0A;" type=""><![CDATA[/home/cjxu/npp/test/unit/nppi/nppi_geometry_transforms/test_nppi_copyConstBorder.cpp:67
Expected equality of these values:
  dstData[dstIdx]
    Which is: 0
  borderValue
    Which is: -500
Border value mismatch at (12,18)
]]></failure>
      <failure message="/home/cjxu/npp/test/unit/nppi/nppi_geometry_transforms/test_nppi_copyConstBorder.cpp:67&#x0A;Expected equality of these values:&#x0A;  dstData[dstIdx]&#x0A;    Which is: 0&#x0A;  borderValue&#x0A;    Which is: -500&#x0A;Border value mismatch at (13,18)&#x0A;" type=""><![CDATA[/home/cjxu/npp/test/unit/nppi/nppi_geometry_transforms/test_nppi_copyConstBorder.cpp:67
Expected equality of these values:
  dstData[dstIdx]
    Which is: 0
  borderValue
    Which is: -500
Border value mismatch at (13,18)
]]></failure>
      <failure message="/home/cjxu/npp/test/unit/nppi/nppi_geometry_transforms/test_nppi_copyConstBorder.cpp:67&#x0A;Expected equality of these values:&#x0A;  dstData[dstIdx]&#x0A;    Which is: 0&#x0A;  borderValue&#x0A;    Which is: -500&#x0A;Border value mismatch at (14,18)&#x0A;" type=""><![CDATA[/home/cjxu/npp/test/unit/nppi/nppi_geometry_transforms/test_nppi_copyConstBorder.cpp:67
Expected equality of these values:
  dstData[dstIdx]
    Which is: 0
  borderValue
    Which is: -500
Border value mismatch at (14,18)
]]></failure>
      <failure message="/home/cjxu/npp/test/unit/nppi/nppi_geometry_transforms/test_nppi_copyConstBorder.cpp:67&#x0A;Expected equality of these values:&#x0A;  dstData[dstIdx]&#x0A;    Which is: 0&#x0A;  borderValue&#x0A;    Which is: -500&#x0A;Border value mismatch at (15,18)&#x0A;" type=""><![CDATA[/home/cjxu/npp/test/unit/nppi/nppi_geometry_transforms/test_nppi_copyConstBorder.cpp:67
Expected equality of these values:
  dstData[dstIdx]
    Which is: 0
  borderValue
    Which is: -500
Border value mismatch at (15,18)
]]></failure>
      <failure message="/home/cjxu/npp/test/unit/nppi/nppi_geometry_transforms/test_nppi_copyConstBorder.cpp:67&#x0A;Expected equality of these values:&#x0A;  dstData[dstIdx]&#x0A;    Which is: 0&#x0A;  borderValue&#x0A;    Which is: -500&#x0A;Border value mismatch at (16,18)&#x0A;" type=""><![CDATA[/home/cjxu/npp/test/unit/nppi/nppi_geometry_transforms/test_nppi_copyConstBorder.cpp:67
Expected equality of these values:
  dstData[dstIdx]
    Which is: 0
  borderValue
    Which is: -500
Border value mismatch at (16,18)
]]></failure>
      <failure message="/home/cjxu/npp/test/unit/nppi/nppi_geometry_transforms/test_nppi_copyConstBorder.cpp:67&#x0A;Expected equality of these values:&#x0A;  dstData[dstIdx]&#x0A;    Which is: 0&#x0A;  borderValue&#x0A;    Which is: -500&#x0A;Border value mismatch at (17,18)&#x0A;" type=""><![CDATA[/home/cjxu/npp/test/unit/nppi/nppi_geometry_transforms/test_nppi_copyConstBorder.cpp:67
Expected equality of these values:
  dstData[dstIdx]
    Which is: 0
  borderValue
    Which is: -500
Border value mismatch at (17,18)
]]></failure>
      <failure message="/home/cjxu/npp/test/unit/nppi/nppi_geometry_transforms/test_nppi_copyConstBorder.cpp:67&#x0A;Expected equality of these values:&#x0A;  dstData[dstIdx]&#x0A;    Which is: 0&#x0A;  borderValue&#x0A;    Which is: -500&#x0A;Border value mismatch at (18,18)&#x0A;" type=""><![CDATA[/home/cjxu/npp/test/unit/nppi/nppi_geometry_transforms/test_nppi_copyConstBorder.cpp:67
Expected equality of these values:
  dstData[dstIdx]
    Which is: 0
  borderValue
    Which is: -500
Border value mismatch at (18,18)
]]></failure>
      <failure message="/home/cjxu/npp/test/unit/nppi/nppi_geometry_transforms/test_nppi_copyConstBorder.cpp:67&#x0A;Expected equality of these values:&#x0A;  dstData[dstIdx]&#x0A;    Which is: 0&#x0A;  borderValue&#x0A;    Which is: -500&#x0A;Border value mismatch at (19,18)&#x0A;" type=""><![CDATA[/home/cjxu/npp/test/unit/nppi/nppi_geometry_transforms/test_nppi_copyConstBorder.cpp:67
Expected equality of these values:
  dstData[dstIdx]
    Which is: 0
  borderValue
    Which is: -500
Border value mismatch at (19,18)
]]></failure>
      <failure message="/home/cjxu/npp/test/unit/nppi/nppi_geometry_transforms/test_nppi_copyConstBorder.cpp:67&#x0A;Expected equality of these values:&#x0A;  dstData[dstIdx]&#x0A;    Which is: 0&#x0A;  borderValue&#x0A;    Which is: -500&#x0A;Border value mismatch at (20,18)&#x0A;" type=""><![CDATA[/home/cjxu/npp/test/unit/nppi/nppi_geometry_transforms/test_nppi_copyConstBorder.cpp:67
Expected equality of these values:
  dstData[dstIdx]
    Which is: 0
  borderValue
    Which is: -500
Border value mismatch at (20,18)
]]></failure>
      <failure message="/home/cjxu/npp/test/unit/nppi/nppi_geometry_transforms/test_nppi_copyConstBorder.cpp:67&#x0A;Expected equality of these values:&#x0A;  dstData[dstIdx]&#x0A;    Which is: 0&#x0A;  borderValue&#x0A;    Which is: -500&#x0A;Border value mismatch at (21,18)&#x0A;" type=""><![CDATA[/home/cjxu/npp/test/unit/nppi/nppi_geometry_transforms/test_nppi_copyConstBorder.cpp:67
Expected equality of these values:
  dstData[dstIdx]
    Which is: 0
  borderValue
    Which is: -500
Border value mismatch at (21,18)
]]></failure>
      <failure message="/home/cjxu/npp/test/unit/nppi/nppi_geometry_transforms/test_nppi_copyConstBorder.cpp:67&#x0A;Expected equality of these values:&#x0A;  dstData[dstIdx]&#x0A;    Which is: 0&#x0A;  borderValue&#x0A;    Which is: -500&#x0A;Border value mismatch at (22,18)&#x0A;" type=""><![CDATA[/home/cjxu/npp/test/unit/nppi/nppi_geometry_transforms/test_nppi_copyConstBorder.cpp:67
Expected equality of these values:
  dstData[dstIdx]
    Which is: 0
  borderValue
    Which is: -500
Border value mismatch at (22,18)
]]></failure>
      <failure message="/home/cjxu/npp/test/unit/nppi/nppi_geometry_transforms/test_nppi_copyConstBorder.cpp:67&#x0A;Expected equality of these values:&#x0A;  dstData[dstIdx]&#x0A;    Which is: 0&#x0A;  borderValue&#x0A;    Which is: -500&#x0A;Border value mismatch at (23,18)&#x0A;" type=""><![CDATA[/home/cjxu/npp/test/unit/nppi/nppi_geometry_transforms/test_nppi_copyConstBorder.cpp:67
Expected equality of these values:
  dstData[dstIdx]
    Which is: 0
  borderValue
    Which is: -500
Border value mismatch at (23,18)
]]></failure>
      <failure message="/home/cjxu/npp/test/unit/nppi/nppi_geometry_transforms/test_nppi_copyConstBorder.cpp:67&#x0A;Expected equality of these values:&#x0A;  dstData[dstIdx]&#x0A;    Which is: 0&#x0A;  borderValue&#x0A;    Which is: -500&#x0A;Border value mismatch at (0,19)&#x0A;" type=""><![CDATA[/home/cjxu/npp/test/unit/nppi/nppi_geometry_transforms/test_nppi_copyConstBorder.cpp:67
Expected equality of these values:
  dstData[dstIdx]
    Which is: 0
  borderValue
    Which is: -500
Border value mismatch at (0,19)
]]></failure>
      <failure message="/home/cjxu/npp/test/unit/nppi/nppi_geometry_transforms/test_nppi_copyConstBorder.cpp:67&#x0A;Expected equality of these values:&#x0A;  dstData[dstIdx]&#x0A;    Which is: 0&#x0A;  borderValue&#x0A;    Which is: -500&#x0A;Border value mismatch at (1,19)&#x0A;" type=""><![CDATA[/home/cjxu/npp/test/unit/nppi/nppi_geometry_transforms/test_nppi_copyConstBorder.cpp:67
Expected equality of these values:
  dstData[dstIdx]
    Which is: 0
  borderValue
    Which is: -500
Border value mismatch at (1,19)
]]></failure>
      <failure message="/home/cjxu/npp/test/unit/nppi/nppi_geometry_transforms/test_nppi_copyConstBorder.cpp:67&#x0A;Expected equality of these values:&#x0A;  dstData[dstIdx]&#x0A;    Which is: 0&#x0A;  borderValue&#x0A;    Which is: -500&#x0A;Border value mismatch at (2,19)&#x0A;" type=""><![CDATA[/home/cjxu/npp/test/unit/nppi/nppi_geometry_transforms/test_nppi_copyConstBorder.cpp:67
Expected equality of these values:
  dstData[dstIdx]
    Which is: 0
  borderValue
    Which is: -500
Border value mismatch at (2,19)
]]></failure>
      <failure message="/home/cjxu/npp/test/unit/nppi/nppi_geometry_transforms/test_nppi_copyConstBorder.cpp:67&#x0A;Expected equality of these values:&#x0A;  dstData[dstIdx]&#x0A;    Which is: 0&#x0A;  borderValue&#x0A;    Which is: -500&#x0A;Border value mismatch at (3,19)&#x0A;" type=""><![CDATA[/home/cjxu/npp/test/unit/nppi/nppi_geometry_transforms/test_nppi_copyConstBorder.cpp:67
Expected equality of these values:
  dstData[dstIdx]
    Which is: 0
  borderValue
    Which is: -500
Border value mismatch at (3,19)
]]></failure>
      <failure message="/home/cjxu/npp/test/unit/nppi/nppi_geometry_transforms/test_nppi_copyConstBorder.cpp:67&#x0A;Expected equality of these values:&#x0A;  dstData[dstIdx]&#x0A;    Which is: 0&#x0A;  borderValue&#x0A;    Which is: -500&#x0A;Border value mismatch at (4,19)&#x0A;" type=""><![CDATA[/home/cjxu/npp/test/unit/nppi/nppi_geometry_transforms/test_nppi_copyConstBorder.cpp:67
Expected equality of these values:
  dstData[dstIdx]
    Which is: 0
  borderValue
    Which is: -500
Border value mismatch at (4,19)
]]></failure>
      <failure message="/home/cjxu/npp/test/unit/nppi/nppi_geometry_transforms/test_nppi_copyConstBorder.cpp:67&#x0A;Expected equality of these values:&#x0A;  dstData[dstIdx]&#x0A;    Which is: 0&#x0A;  borderValue&#x0A;    Which is: -500&#x0A;Border value mismatch at (5,19)&#x0A;" type=""><![CDATA[/home/cjxu/npp/test/unit/nppi/nppi_geometry_transforms/test_nppi_copyConstBorder.cpp:67
Expected equality of these values:
  dstData[dstIdx]
    Which is: 0
  borderValue
    Which is: -500
Border value mismatch at (5,19)
]]></failure>
      <failure message="/home/cjxu/npp/test/unit/nppi/nppi_geometry_transforms/test_nppi_copyConstBorder.cpp:67&#x0A;Expected equality of these values:&#x0A;  dstData[dstIdx]&#x0A;    Which is: 0&#x0A;  borderValue&#x0A;    Which is: -500&#x0A;Border value mismatch at (6,19)&#x0A;" type=""><![CDATA[/home/cjxu/npp/test/unit/nppi/nppi_geometry_transforms/test_nppi_copyConstBorder.cpp:67
Expected equality of these values:
  dstData[dstIdx]
    Which is: 0
  borderValue
    Which is: -500
Border value mismatch at (6,19)
]]></failure>
      <failure message="/home/cjxu/npp/test/unit/nppi/nppi_geometry_transforms/test_nppi_copyConstBorder.cpp:67&#x0A;Expected equality of these values:&#x0A;  dstData[dstIdx]&#x0A;    Which is: 0&#x0A;  borderValue&#x0A;    Which is: -500&#x0A;Border value mismatch at (7,19)&#x0A;" type=""><![CDATA[/home/cjxu/npp/test/unit/nppi/nppi_geometry_transforms/test_nppi_copyConstBorder.cpp:67
Expected equality of these values:
  dstData[dstIdx]
    Which is: 0
  borderValue
    Which is: -500
Border value mismatch at (7,19)
]]></failure>
      <failure message="/home/cjxu/npp/test/unit/nppi/nppi_geometry_transforms/test_nppi_copyConstBorder.cpp:67&#x0A;Expected equality of these values:&#x0A;  dstData[dstIdx]&#x0A;    Which is: 0&#x0A;  borderValue&#x0A;    Which is: -500&#x0A;Border value mismatch at (8,19)&#x0A;" type=""><![CDATA[/home/cjxu/npp/test/unit/nppi/nppi_geometry_transforms/test_nppi_copyConstBorder.cpp:67
Expected equality of these values:
  dstData[dstIdx]
    Which is: 0
  borderValue
    Which is: -500
Border value mismatch at (8,19)
]]></failure>
      <failure message="/home/cjxu/npp/test/unit/nppi/nppi_geometry_transforms/test_nppi_copyConstBorder.cpp:67&#x0A;Expected equality of these values:&#x0A;  dstData[dstIdx]&#x0A;    Which is: 0&#x0A;  borderValue&#x0A;    Which is: -500&#x0A;Border value mismatch at (9,19)&#x0A;" type=""><![CDATA[/home/cjxu/npp/test/unit/nppi/nppi_geometry_transforms/test_nppi_copyConstBorder.cpp:67
Expected equality of these values:
  dstData[dstIdx]
    Which is: 0
  borderValue
    Which is: -500
Border value mismatch at (9,19)
]]></failure>
      <failure message="/home/cjxu/npp/test/unit/nppi/nppi_geometry_transforms/test_nppi_copyConstBorder.cpp:67&#x0A;Expected equality of these values:&#x0A;  dstData[dstIdx]&#x0A;    Which is: 0&#x0A;  borderValue&#x0A;    Which is: -500&#x0A;Border value mismatch at (10,19)&#x0A;" type=""><![CDATA[/home/cjxu/npp/test/unit/nppi/nppi_geometry_transforms/test_nppi_copyConstBorder.cpp:67
Expected equality of these values:
  dstData[dstIdx]
    Which is: 0
  borderValue
    Which is: -500
Border value mismatch at (10,19)
]]></failure>
      <failure message="/home/cjxu/npp/test/unit/nppi/nppi_geometry_transforms/test_nppi_copyConstBorder.cpp:67&#x0A;Expected equality of these values:&#x0A;  dstData[dstIdx]&#x0A;    Which is: 0&#x0A;  borderValue&#x0A;    Which is: -500&#x0A;Border value mismatch at (11,19)&#x0A;" type=""><![CDATA[/home/cjxu/npp/test/unit/nppi/nppi_geometry_transforms/test_nppi_copyConstBorder.cpp:67
Expected equality of these values:
  dstData[dstIdx]
    Which is: 0
  borderValue
    Which is: -500
Border value mismatch at (11,19)
]]></failure>
      <failure message="/home/cjxu/npp/test/unit/nppi/nppi_geometry_transforms/test_nppi_copyConstBorder.cpp:67&#x0A;Expected equality of these values:&#x0A;  dstData[dstIdx]&#x0A;    Which is: 0&#x0A;  borderValue&#x0A;    Which is: -500&#x0A;Border value mismatch at (12,19)&#x0A;" type=""><![CDATA[/home/cjxu/npp/test/unit/nppi/nppi_geometry_transforms/test_nppi_copyConstBorder.cpp:67
Expected equality of these values:
  dstData[dstIdx]
    Which is: 0
  borderValue
    Which is: -500
Border value mismatch at (12,19)
]]></failure>
      <failure message="/home/cjxu/npp/test/unit/nppi/nppi_geometry_transforms/test_nppi_copyConstBorder.cpp:67&#x0A;Expected equality of these values:&#x0A;  dstData[dstIdx]&#x0A;    Which is: 0&#x0A;  borderValue&#x0A;    Which is: -500&#x0A;Border value mismatch at (13,19)&#x0A;" type=""><![CDATA[/home/cjxu/npp/test/unit/nppi/nppi_geometry_transforms/test_nppi_copyConstBorder.cpp:67
Expected equality of these values:
  dstData[dstIdx]
    Which is: 0
  borderValue
    Which is: -500
Border value mismatch at (13,19)
]]></failure>
      <failure message="/home/cjxu/npp/test/unit/nppi/nppi_geometry_transforms/test_nppi_copyConstBorder.cpp:67&#x0A;Expected equality of these values:&#x0A;  dstData[dstIdx]&#x0A;    Which is: 0&#x0A;  borderValue&#x0A;    Which is: -500&#x0A;Border value mismatch at (14,19)&#x0A;" type=""><![CDATA[/home/cjxu/npp/test/unit/nppi/nppi_geometry_transforms/test_nppi_copyConstBorder.cpp:67
Expected equality of these values:
  dstData[dstIdx]
    Which is: 0
  borderValue
    Which is: -500
Border value mismatch at (14,19)
]]></failure>
      <failure message="/home/cjxu/npp/test/unit/nppi/nppi_geometry_transforms/test_nppi_copyConstBorder.cpp:67&#x0A;Expected equality of these values:&#x0A;  dstData[dstIdx]&#x0A;    Which is: 0&#x0A;  borderValue&#x0A;    Which is: -500&#x0A;Border value mismatch at (15,19)&#x0A;" type=""><![CDATA[/home/cjxu/npp/test/unit/nppi/nppi_geometry_transforms/test_nppi_copyConstBorder.cpp:67
Expected equality of these values:
  dstData[dstIdx]
    Which is: 0
  borderValue
    Which is: -500
Border value mismatch at (15,19)
]]></failure>
      <failure message="/home/cjxu/npp/test/unit/nppi/nppi_geometry_transforms/test_nppi_copyConstBorder.cpp:67&#x0A;Expected equality of these values:&#x0A;  dstData[dstIdx]&#x0A;    Which is: 0&#x0A;  borderValue&#x0A;    Which is: -500&#x0A;Border value mismatch at (16,19)&#x0A;" type=""><![CDATA[/home/cjxu/npp/test/unit/nppi/nppi_geometry_transforms/test_nppi_copyConstBorder.cpp:67
Expected equality of these values:
  dstData[dstIdx]
    Which is: 0
  borderValue
    Which is: -500
Border value mismatch at (16,19)
]]></failure>
      <failure message="/home/cjxu/npp/test/unit/nppi/nppi_geometry_transforms/test_nppi_copyConstBorder.cpp:67&#x0A;Expected equality of these values:&#x0A;  dstData[dstIdx]&#x0A;    Which is: 0&#x0A;  borderValue&#x0A;    Which is: -500&#x0A;Border value mismatch at (17,19)&#x0A;" type=""><![CDATA[/home/cjxu/npp/test/unit/nppi/nppi_geometry_transforms/test_nppi_copyConstBorder.cpp:67
Expected equality of these values:
  dstData[dstIdx]
    Which is: 0
  borderValue
    Which is: -500
Border value mismatch at (17,19)
]]></failure>
      <failure message="/home/cjxu/npp/test/unit/nppi/nppi_geometry_transforms/test_nppi_copyConstBorder.cpp:67&#x0A;Expected equality of these values:&#x0A;  dstData[dstIdx]&#x0A;    Which is: 0&#x0A;  borderValue&#x0A;    Which is: -500&#x0A;Border value mismatch at (18,19)&#x0A;" type=""><![CDATA[/home/cjxu/npp/test/unit/nppi/nppi_geometry_transforms/test_nppi_copyConstBorder.cpp:67
Expected equality of these values:
  dstData[dstIdx]
    Which is: 0
  borderValue
    Which is: -500
Border value mismatch at (18,19)
]]></failure>
      <failure message="/home/cjxu/npp/test/unit/nppi/nppi_geometry_transforms/test_nppi_copyConstBorder.cpp:67&#x0A;Expected equality of these values:&#x0A;  dstData[dstIdx]&#x0A;    Which is: 0&#x0A;  borderValue&#x0A;    Which is: -500&#x0A;Border value mismatch at (19,19)&#x0A;" type=""><![CDATA[/home/cjxu/npp/test/unit/nppi/nppi_geometry_transforms/test_nppi_copyConstBorder.cpp:67
Expected equality of these values:
  dstData[dstIdx]
    Which is: 0
  borderValue
    Which is: -500
Border value mismatch at (19,19)
]]></failure>
      <failure message="/home/cjxu/npp/test/unit/nppi/nppi_geometry_transforms/test_nppi_copyConstBorder.cpp:67&#x0A;Expected equality of these values:&#x0A;  dstData[dstIdx]&#x0A;    Which is: 0&#x0A;  borderValue&#x0A;    Which is: -500&#x0A;Border value mismatch at (20,19)&#x0A;" type=""><![CDATA[/home/cjxu/npp/test/unit/nppi/nppi_geometry_transforms/test_nppi_copyConstBorder.cpp:67
Expected equality of these values:
  dstData[dstIdx]
    Which is: 0
  borderValue
    Which is: -500
Border value mismatch at (20,19)
]]></failure>
      <failure message="/home/cjxu/npp/test/unit/nppi/nppi_geometry_transforms/test_nppi_copyConstBorder.cpp:67&#x0A;Expected equality of these values:&#x0A;  dstData[dstIdx]&#x0A;    Which is: 0&#x0A;  borderValue&#x0A;    Which is: -500&#x0A;Border value mismatch at (21,19)&#x0A;" type=""><![CDATA[/home/cjxu/npp/test/unit/nppi/nppi_geometry_transforms/test_nppi_copyConstBorder.cpp:67
Expected equality of these values:
  dstData[dstIdx]
    Which is: 0
  borderValue
    Which is: -500
Border value mismatch at (21,19)
]]></failure>
      <failure message="/home/cjxu/npp/test/unit/nppi/nppi_geometry_transforms/test_nppi_copyConstBorder.cpp:67&#x0A;Expected equality of these values:&#x0A;  dstData[dstIdx]&#x0A;    Which is: 0&#x0A;  borderValue&#x0A;    Which is: -500&#x0A;Border value mismatch at (22,19)&#x0A;" type=""><![CDATA[/home/cjxu/npp/test/unit/nppi/nppi_geometry_transforms/test_nppi_copyConstBorder.cpp:67
Expected equality of these values:
  dstData[dstIdx]
    Which is: 0
  borderValue
    Which is: -500
Border value mismatch at (22,19)
]]></failure>
      <failure message="/home/cjxu/npp/test/unit/nppi/nppi_geometry_transforms/test_nppi_copyConstBorder.cpp:67&#x0A;Expected equality of these values:&#x0A;  dstData[dstIdx]&#x0A;    Which is: 0&#x0A;  borderValue&#x0A;    Which is: -500&#x0A;Border value mismatch at (23,19)&#x0A;" type=""><![CDATA[/home/cjxu/npp/test/unit/nppi/nppi_geometry_transforms/test_nppi_copyConstBorder.cpp:67
Expected equality of these values:
  dstData[dstIdx]
    Which is: 0
  borderValue
    Which is: -500
Border value mismatch at (23,19)
]]></failure>
      <failure message="/home/cjxu/npp/test/unit/nppi/nppi_geometry_transforms/test_nppi_copyConstBorder.cpp:67&#x0A;Expected equality of these values:&#x0A;  dstData[dstIdx]&#x0A;    Which is: 0&#x0A;  borderValue&#x0A;    Which is: -500&#x0A;Border value mismatch at (0,20)&#x0A;" type=""><![CDATA[/home/cjxu/npp/test/unit/nppi/nppi_geometry_transforms/test_nppi_copyConstBorder.cpp:67
Expected equality of these values:
  dstData[dstIdx]
    Which is: 0
  borderValue
    Which is: -500
Border value mismatch at (0,20)
]]></failure>
      <failure message="/home/cjxu/npp/test/unit/nppi/nppi_geometry_transforms/test_nppi_copyConstBorder.cpp:67&#x0A;Expected equality of these values:&#x0A;  dstData[dstIdx]&#x0A;    Which is: 0&#x0A;  borderValue&#x0A;    Which is: -500&#x0A;Border value mismatch at (1,20)&#x0A;" type=""><![CDATA[/home/cjxu/npp/test/unit/nppi/nppi_geometry_transforms/test_nppi_copyConstBorder.cpp:67
Expected equality of these values:
  dstData[dstIdx]
    Which is: 0
  borderValue
    Which is: -500
Border value mismatch at (1,20)
]]></failure>
      <failure message="/home/cjxu/npp/test/unit/nppi/nppi_geometry_transforms/test_nppi_copyConstBorder.cpp:67&#x0A;Expected equality of these values:&#x0A;  dstData[dstIdx]&#x0A;    Which is: 0&#x0A;  borderValue&#x0A;    Which is: -500&#x0A;Border value mismatch at (2,20)&#x0A;" type=""><![CDATA[/home/cjxu/npp/test/unit/nppi/nppi_geometry_transforms/test_nppi_copyConstBorder.cpp:67
Expected equality of these values:
  dstData[dstIdx]
    Which is: 0
  borderValue
    Which is: -500
Border value mismatch at (2,20)
]]></failure>
      <failure message="/home/cjxu/npp/test/unit/nppi/nppi_geometry_transforms/test_nppi_copyConstBorder.cpp:67&#x0A;Expected equality of these values:&#x0A;  dstData[dstIdx]&#x0A;    Which is: 0&#x0A;  borderValue&#x0A;    Which is: -500&#x0A;Border value mismatch at (3,20)&#x0A;" type=""><![CDATA[/home/cjxu/npp/test/unit/nppi/nppi_geometry_transforms/test_nppi_copyConstBorder.cpp:67
Expected equality of these values:
  dstData[dstIdx]
    Which is: 0
  borderValue
    Which is: -500
Border value mismatch at (3,20)
]]></failure>
      <failure message="/home/cjxu/npp/test/unit/nppi/nppi_geometry_transforms/test_nppi_copyConstBorder.cpp:67&#x0A;Expected equality of these values:&#x0A;  dstData[dstIdx]&#x0A;    Which is: 0&#x0A;  borderValue&#x0A;    Which is: -500&#x0A;Border value mismatch at (4,20)&#x0A;" type=""><![CDATA[/home/cjxu/npp/test/unit/nppi/nppi_geometry_transforms/test_nppi_copyConstBorder.cpp:67
Expected equality of these values:
  dstData[dstIdx]
    Which is: 0
  borderValue
    Which is: -500
Border value mismatch at (4,20)
]]></failure>
      <failure message="/home/cjxu/npp/test/unit/nppi/nppi_geometry_transforms/test_nppi_copyConstBorder.cpp:67&#x0A;Expected equality of these values:&#x0A;  dstData[dstIdx]&#x0A;    Which is: 0&#x0A;  borderValue&#x0A;    Which is: -500&#x0A;Border value mismatch at (5,20)&#x0A;" type=""><![CDATA[/home/cjxu/npp/test/unit/nppi/nppi_geometry_transforms/test_nppi_copyConstBorder.cpp:67
Expected equality of these values:
  dstData[dstIdx]
    Which is: 0
  borderValue
    Which is: -500
Border value mismatch at (5,20)
]]></failure>
      <failure message="/home/cjxu/npp/test/unit/nppi/nppi_geometry_transforms/test_nppi_copyConstBorder.cpp:67&#x0A;Expected equality of these values:&#x0A;  dstData[dstIdx]&#x0A;    Which is: 0&#x0A;  borderValue&#x0A;    Which is: -500&#x0A;Border value mismatch at (6,20)&#x0A;" type=""><![CDATA[/home/cjxu/npp/test/unit/nppi/nppi_geometry_transforms/test_nppi_copyConstBorder.cpp:67
Expected equality of these values:
  dstData[dstIdx]
    Which is: 0
  borderValue
    Which is: -500
Border value mismatch at (6,20)
]]></failure>
      <failure message="/home/cjxu/npp/test/unit/nppi/nppi_geometry_transforms/test_nppi_copyConstBorder.cpp:67&#x0A;Expected equality of these values:&#x0A;  dstData[dstIdx]&#x0A;    Which is: 0&#x0A;  borderValue&#x0A;    Which is: -500&#x0A;Border value mismatch at (7,20)&#x0A;" type=""><![CDATA[/home/cjxu/npp/test/unit/nppi/nppi_geometry_transforms/test_nppi_copyConstBorder.cpp:67
Expected equality of these values:
  dstData[dstIdx]
    Which is: 0
  borderValue
    Which is: -500
Border value mismatch at (7,20)
]]></failure>
      <failure message="/home/cjxu/npp/test/unit/nppi/nppi_geometry_transforms/test_nppi_copyConstBorder.cpp:67&#x0A;Expected equality of these values:&#x0A;  dstData[dstIdx]&#x0A;    Which is: 0&#x0A;  borderValue&#x0A;    Which is: -500&#x0A;Border value mismatch at (8,20)&#x0A;" type=""><![CDATA[/home/cjxu/npp/test/unit/nppi/nppi_geometry_transforms/test_nppi_copyConstBorder.cpp:67
Expected equality of these values:
  dstData[dstIdx]
    Which is: 0
  borderValue
    Which is: -500
Border value mismatch at (8,20)
]]></failure>
      <failure message="/home/cjxu/npp/test/unit/nppi/nppi_geometry_transforms/test_nppi_copyConstBorder.cpp:67&#x0A;Expected equality of these values:&#x0A;  dstData[dstIdx]&#x0A;    Which is: 0&#x0A;  borderValue&#x0A;    Which is: -500&#x0A;Border value mismatch at (9,20)&#x0A;" type=""><![CDATA[/home/cjxu/npp/test/unit/nppi/nppi_geometry_transforms/test_nppi_copyConstBorder.cpp:67
Expected equality of these values:
  dstData[dstIdx]
    Which is: 0
  borderValue
    Which is: -500
Border value mismatch at (9,20)
]]></failure>
      <failure message="/home/cjxu/npp/test/unit/nppi/nppi_geometry_transforms/test_nppi_copyConstBorder.cpp:67&#x0A;Expected equality of these values:&#x0A;  dstData[dstIdx]&#x0A;    Which is: 0&#x0A;  borderValue&#x0A;    Which is: -500&#x0A;Border value mismatch at (10,20)&#x0A;" type=""><![CDATA[/home/cjxu/npp/test/unit/nppi/nppi_geometry_transforms/test_nppi_copyConstBorder.cpp:67
Expected equality of these values:
  dstData[dstIdx]
    Which is: 0
  borderValue
    Which is: -500
Border value mismatch at (10,20)
]]></failure>
      <failure message="/home/cjxu/npp/test/unit/nppi/nppi_geometry_transforms/test_nppi_copyConstBorder.cpp:67&#x0A;Expected equality of these values:&#x0A;  dstData[dstIdx]&#x0A;    Which is: 0&#x0A;  borderValue&#x0A;    Which is: -500&#x0A;Border value mismatch at (11,20)&#x0A;" type=""><![CDATA[/home/cjxu/npp/test/unit/nppi/nppi_geometry_transforms/test_nppi_copyConstBorder.cpp:67
Expected equality of these values:
  dstData[dstIdx]
    Which is: 0
  borderValue
    Which is: -500
Border value mismatch at (11,20)
]]></failure>
      <failure message="/home/cjxu/npp/test/unit/nppi/nppi_geometry_transforms/test_nppi_copyConstBorder.cpp:67&#x0A;Expected equality of these values:&#x0A;  dstData[dstIdx]&#x0A;    Which is: 0&#x0A;  borderValue&#x0A;    Which is: -500&#x0A;Border value mismatch at (12,20)&#x0A;" type=""><![CDATA[/home/cjxu/npp/test/unit/nppi/nppi_geometry_transforms/test_nppi_copyConstBorder.cpp:67
Expected equality of these values:
  dstData[dstIdx]
    Which is: 0
  borderValue
    Which is: -500
Border value mismatch at (12,20)
]]></failure>
      <failure message="/home/cjxu/npp/test/unit/nppi/nppi_geometry_transforms/test_nppi_copyConstBorder.cpp:67&#x0A;Expected equality of these values:&#x0A;  dstData[dstIdx]&#x0A;    Which is: 0&#x0A;  borderValue&#x0A;    Which is: -500&#x0A;Border value mismatch at (13,20)&#x0A;" type=""><![CDATA[/home/cjxu/npp/test/unit/nppi/nppi_geometry_transforms/test_nppi_copyConstBorder.cpp:67
Expected equality of these values:
  dstData[dstIdx]
    Which is: 0
  borderValue
    Which is: -500
Border value mismatch at (13,20)
]]></failure>
      <failure message="/home/cjxu/npp/test/unit/nppi/nppi_geometry_transforms/test_nppi_copyConstBorder.cpp:67&#x0A;Expected equality of these values:&#x0A;  dstData[dstIdx]&#x0A;    Which is: 0&#x0A;  borderValue&#x0A;    Which is: -500&#x0A;Border value mismatch at (14,20)&#x0A;" type=""><![CDATA[/home/cjxu/npp/test/unit/nppi/nppi_geometry_transforms/test_nppi_copyConstBorder.cpp:67
Expected equality of these values:
  dstData[dstIdx]
    Which is: 0
  borderValue
    Which is: -500
Border value mismatch at (14,20)
]]></failure>
      <failure message="/home/cjxu/npp/test/unit/nppi/nppi_geometry_transforms/test_nppi_copyConstBorder.cpp:67&#x0A;Expected equality of these values:&#x0A;  dstData[dstIdx]&#x0A;    Which is: 0&#x0A;  borderValue&#x0A;    Which is: -500&#x0A;Border value mismatch at (15,20)&#x0A;" type=""><![CDATA[/home/cjxu/npp/test/unit/nppi/nppi_geometry_transforms/test_nppi_copyConstBorder.cpp:67
Expected equality of these values:
  dstData[dstIdx]
    Which is: 0
  borderValue
    Which is: -500
Border value mismatch at (15,20)
]]></failure>
      <failure message="/home/cjxu/npp/test/unit/nppi/nppi_geometry_transforms/test_nppi_copyConstBorder.cpp:67&#x0A;Expected equality of these values:&#x0A;  dstData[dstIdx]&#x0A;    Which is: 0&#x0A;  borderValue&#x0A;    Which is: -500&#x0A;Border value mismatch at (16,20)&#x0A;" type=""><![CDATA[/home/cjxu/npp/test/unit/nppi/nppi_geometry_transforms/test_nppi_copyConstBorder.cpp:67
Expected equality of these values:
  dstData[dstIdx]
    Which is: 0
  borderValue
    Which is: -500
Border value mismatch at (16,20)
]]></failure>
      <failure message="/home/cjxu/npp/test/unit/nppi/nppi_geometry_transforms/test_nppi_copyConstBorder.cpp:67&#x0A;Expected equality of these values:&#x0A;  dstData[dstIdx]&#x0A;    Which is: 0&#x0A;  borderValue&#x0A;    Which is: -500&#x0A;Border value mismatch at (17,20)&#x0A;" type=""><![CDATA[/home/cjxu/npp/test/unit/nppi/nppi_geometry_transforms/test_nppi_copyConstBorder.cpp:67
Expected equality of these values:
  dstData[dstIdx]
    Which is: 0
  borderValue
    Which is: -500
Border value mismatch at (17,20)
]]></failure>
      <failure message="/home/cjxu/npp/test/unit/nppi/nppi_geometry_transforms/test_nppi_copyConstBorder.cpp:67&#x0A;Expected equality of these values:&#x0A;  dstData[dstIdx]&#x0A;    Which is: 0&#x0A;  borderValue&#x0A;    Which is: -500&#x0A;Border value mismatch at (18,20)&#x0A;" type=""><![CDATA[/home/cjxu/npp/test/unit/nppi/nppi_geometry_transforms/test_nppi_copyConstBorder.cpp:67
Expected equality of these values:
  dstData[dstIdx]
    Which is: 0
  borderValue
    Which is: -500
Border value mismatch at (18,20)
]]></failure>
      <failure message="/home/cjxu/npp/test/unit/nppi/nppi_geometry_transforms/test_nppi_copyConstBorder.cpp:67&#x0A;Expected equality of these values:&#x0A;  dstData[dstIdx]&#x0A;    Which is: 0&#x0A;  borderValue&#x0A;    Which is: -500&#x0A;Border value mismatch at (19,20)&#x0A;" type=""><![CDATA[/home/cjxu/npp/test/unit/nppi/nppi_geometry_transforms/test_nppi_copyConstBorder.cpp:67
Expected equality of these values:
  dstData[dstIdx]
    Which is: 0
  borderValue
    Which is: -500
Border value mismatch at (19,20)
]]></failure>
      <failure message="/home/cjxu/npp/test/unit/nppi/nppi_geometry_transforms/test_nppi_copyConstBorder.cpp:67&#x0A;Expected equality of these values:&#x0A;  dstData[dstIdx]&#x0A;    Which is: 0&#x0A;  borderValue&#x0A;    Which is: -500&#x0A;Border value mismatch at (20,20)&#x0A;" type=""><![CDATA[/home/cjxu/npp/test/unit/nppi/nppi_geometry_transforms/test_nppi_copyConstBorder.cpp:67
Expected equality of these values:
  dstData[dstIdx]
    Which is: 0
  borderValue
    Which is: -500
Border value mismatch at (20,20)
]]></failure>
      <failure message="/home/cjxu/npp/test/unit/nppi/nppi_geometry_transforms/test_nppi_copyConstBorder.cpp:67&#x0A;Expected equality of these values:&#x0A;  dstData[dstIdx]&#x0A;    Which is: 0&#x0A;  borderValue&#x0A;    Which is: -500&#x0A;Border value mismatch at (21,20)&#x0A;" type=""><![CDATA[/home/cjxu/npp/test/unit/nppi/nppi_geometry_transforms/test_nppi_copyConstBorder.cpp:67
Expected equality of these values:
  dstData[dstIdx]
    Which is: 0
  borderValue
    Which is: -500
Border value mismatch at (21,20)
]]></failure>
      <failure message="/home/cjxu/npp/test/unit/nppi/nppi_geometry_transforms/test_nppi_copyConstBorder.cpp:67&#x0A;Expected equality of these values:&#x0A;  dstData[dstIdx]&#x0A;    Which is: 0&#x0A;  borderValue&#x0A;    Which is: -500&#x0A;Border value mismatch at (22,20)&#x0A;" type=""><![CDATA[/home/cjxu/npp/test/unit/nppi/nppi_geometry_transforms/test_nppi_copyConstBorder.cpp:67
Expected equality of these values:
  dstData[dstIdx]
    Which is: 0
  borderValue
    Which is: -500
Border value mismatch at (22,20)
]]></failure>
      <failure message="/home/cjxu/npp/test/unit/nppi/nppi_geometry_transforms/test_nppi_copyConstBorder.cpp:67&#x0A;Expected equality of these values:&#x0A;  dstData[dstIdx]&#x0A;    Which is: 0&#x0A;  borderValue&#x0A;    Which is: -500&#x0A;Border value mismatch at (23,20)&#x0A;" type=""><![CDATA[/home/cjxu/npp/test/unit/nppi/nppi_geometry_transforms/test_nppi_copyConstBorder.cpp:67
Expected equality of these values:
  dstData[dstIdx]
    Which is: 0
  borderValue
    Which is: -500
Border value mismatch at (23,20)
]]></failure>
      <failure message="/home/cjxu/npp/test/unit/nppi/nppi_geometry_transforms/test_nppi_copyConstBorder.cpp:67&#x0A;Expected equality of these values:&#x0A;  dstData[dstIdx]&#x0A;    Which is: 0&#x0A;  borderValue&#x0A;    Which is: -500&#x0A;Border value mismatch at (0,21)&#x0A;" type=""><![CDATA[/home/cjxu/npp/test/unit/nppi/nppi_geometry_transforms/test_nppi_copyConstBorder.cpp:67
Expected equality of these values:
  dstData[dstIdx]
    Which is: 0
  borderValue
    Which is: -500
Border value mismatch at (0,21)
]]></failure>
      <failure message="/home/cjxu/npp/test/unit/nppi/nppi_geometry_transforms/test_nppi_copyConstBorder.cpp:67&#x0A;Expected equality of these values:&#x0A;  dstData[dstIdx]&#x0A;    Which is: 0&#x0A;  borderValue&#x0A;    Which is: -500&#x0A;Border value mismatch at (1,21)&#x0A;" type=""><![CDATA[/home/cjxu/npp/test/unit/nppi/nppi_geometry_transforms/test_nppi_copyConstBorder.cpp:67
Expected equality of these values:
  dstData[dstIdx]
    Which is: 0
  borderValue
    Which is: -500
Border value mismatch at (1,21)
]]></failure>
      <failure message="/home/cjxu/npp/test/unit/nppi/nppi_geometry_transforms/test_nppi_copyConstBorder.cpp:67&#x0A;Expected equality of these values:&#x0A;  dstData[dstIdx]&#x0A;    Which is: 0&#x0A;  borderValue&#x0A;    Which is: -500&#x0A;Border value mismatch at (2,21)&#x0A;" type=""><![CDATA[/home/cjxu/npp/test/unit/nppi/nppi_geometry_transforms/test_nppi_copyConstBorder.cpp:67
Expected equality of these values:
  dstData[dstIdx]
    Which is: 0
  borderValue
    Which is: -500
Border value mismatch at (2,21)
]]></failure>
      <failure message="/home/cjxu/npp/test/unit/nppi/nppi_geometry_transforms/test_nppi_copyConstBorder.cpp:67&#x0A;Expected equality of these values:&#x0A;  dstData[dstIdx]&#x0A;    Which is: 0&#x0A;  borderValue&#x0A;    Which is: -500&#x0A;Border value mismatch at (3,21)&#x0A;" type=""><![CDATA[/home/cjxu/npp/test/unit/nppi/nppi_geometry_transforms/test_nppi_copyConstBorder.cpp:67
Expected equality of these values:
  dstData[dstIdx]
    Which is: 0
  borderValue
    Which is: -500
Border value mismatch at (3,21)
]]></failure>
      <failure message="/home/cjxu/npp/test/unit/nppi/nppi_geometry_transforms/test_nppi_copyConstBorder.cpp:67&#x0A;Expected equality of these values:&#x0A;  dstData[dstIdx]&#x0A;    Which is: 0&#x0A;  borderValue&#x0A;    Which is: -500&#x0A;Border value mismatch at (4,21)&#x0A;" type=""><![CDATA[/home/cjxu/npp/test/unit/nppi/nppi_geometry_transforms/test_nppi_copyConstBorder.cpp:67
Expected equality of these values:
  dstData[dstIdx]
    Which is: 0
  borderValue
    Which is: -500
Border value mismatch at (4,21)
]]></failure>
      <failure message="/home/cjxu/npp/test/unit/nppi/nppi_geometry_transforms/test_nppi_copyConstBorder.cpp:67&#x0A;Expected equality of these values:&#x0A;  dstData[dstIdx]&#x0A;    Which is: 0&#x0A;  borderValue&#x0A;    Which is: -500&#x0A;Border value mismatch at (5,21)&#x0A;" type=""><![CDATA[/home/cjxu/npp/test/unit/nppi/nppi_geometry_transforms/test_nppi_copyConstBorder.cpp:67
Expected equality of these values:
  dstData[dstIdx]
    Which is: 0
  borderValue
    Which is: -500
Border value mismatch at (5,21)
]]></failure>
      <failure message="/home/cjxu/npp/test/unit/nppi/nppi_geometry_transforms/test_nppi_copyConstBorder.cpp:67&#x0A;Expected equality of these values:&#x0A;  dstData[dstIdx]&#x0A;    Which is: 0&#x0A;  borderValue&#x0A;    Which is: -500&#x0A;Border value mismatch at (6,21)&#x0A;" type=""><![CDATA[/home/cjxu/npp/test/unit/nppi/nppi_geometry_transforms/test_nppi_copyConstBorder.cpp:67
Expected equality of these values:
  dstData[dstIdx]
    Which is: 0
  borderValue
    Which is: -500
Border value mismatch at (6,21)
]]></failure>
      <failure message="/home/cjxu/npp/test/unit/nppi/nppi_geometry_transforms/test_nppi_copyConstBorder.cpp:67&#x0A;Expected equality of these values:&#x0A;  dstData[dstIdx]&#x0A;    Which is: 0&#x0A;  borderValue&#x0A;    Which is: -500&#x0A;Border value mismatch at (7,21)&#x0A;" type=""><![CDATA[/home/cjxu/npp/test/unit/nppi/nppi_geometry_transforms/test_nppi_copyConstBorder.cpp:67
Expected equality of these values:
  dstData[dstIdx]
    Which is: 0
  borderValue
    Which is: -500
Border value mismatch at (7,21)
]]></failure>
      <failure message="/home/cjxu/npp/test/unit/nppi/nppi_geometry_transforms/test_nppi_copyConstBorder.cpp:67&#x0A;Expected equality of these values:&#x0A;  dstData[dstIdx]&#x0A;    Which is: 0&#x0A;  borderValue&#x0A;    Which is: -500&#x0A;Border value mismatch at (8,21)&#x0A;" type=""><![CDATA[/home/cjxu/npp/test/unit/nppi/nppi_geometry_transforms/test_nppi_copyConstBorder.cpp:67
Expected equality of these values:
  dstData[dstIdx]
    Which is: 0
  borderValue
    Which is: -500
Border value mismatch at (8,21)
]]></failure>
      <failure message="/home/cjxu/npp/test/unit/nppi/nppi_geometry_transforms/test_nppi_copyConstBorder.cpp:67&#x0A;Expected equality of these values:&#x0A;  dstData[dstIdx]&#x0A;    Which is: 0&#x0A;  borderValue&#x0A;    Which is: -500&#x0A;Border value mismatch at (9,21)&#x0A;" type=""><![CDATA[/home/cjxu/npp/test/unit/nppi/nppi_geometry_transforms/test_nppi_copyConstBorder.cpp:67
Expected equality of these values:
  dstData[dstIdx]
    Which is: 0
  borderValue
    Which is: -500
Border value mismatch at (9,21)
]]></failure>
      <failure message="/home/cjxu/npp/test/unit/nppi/nppi_geometry_transforms/test_nppi_copyConstBorder.cpp:67&#x0A;Expected equality of these values:&#x0A;  dstData[dstIdx]&#x0A;    Which is: 0&#x0A;  borderValue&#x0A;    Which is: -500&#x0A;Border value mismatch at (10,21)&#x0A;" type=""><![CDATA[/home/cjxu/npp/test/unit/nppi/nppi_geometry_transforms/test_nppi_copyConstBorder.cpp:67
Expected equality of these values:
  dstData[dstIdx]
    Which is: 0
  borderValue
    Which is: -500
Border value mismatch at (10,21)
]]></failure>
      <failure message="/home/cjxu/npp/test/unit/nppi/nppi_geometry_transforms/test_nppi_copyConstBorder.cpp:67&#x0A;Expected equality of these values:&#x0A;  dstData[dstIdx]&#x0A;    Which is: 0&#x0A;  borderValue&#x0A;    Which is: -500&#x0A;Border value mismatch at (11,21)&#x0A;" type=""><![CDATA[/home/cjxu/npp/test/unit/nppi/nppi_geometry_transforms/test_nppi_copyConstBorder.cpp:67
Expected equality of these values:
  dstData[dstIdx]
    Which is: 0
  borderValue
    Which is: -500
Border value mismatch at (11,21)
]]></failure>
      <failure message="/home/cjxu/npp/test/unit/nppi/nppi_geometry_transforms/test_nppi_copyConstBorder.cpp:67&#x0A;Expected equality of these values:&#x0A;  dstData[dstIdx]&#x0A;    Which is: 0&#x0A;  borderValue&#x0A;    Which is: -500&#x0A;Border value mismatch at (12,21)&#x0A;" type=""><![CDATA[/home/cjxu/npp/test/unit/nppi/nppi_geometry_transforms/test_nppi_copyConstBorder.cpp:67
Expected equality of these values:
  dstData[dstIdx]
    Which is: 0
  borderValue
    Which is: -500
Border value mismatch at (12,21)
]]></failure>
      <failure message="/home/cjxu/npp/test/unit/nppi/nppi_geometry_transforms/test_nppi_copyConstBorder.cpp:67&#x0A;Expected equality of these values:&#x0A;  dstData[dstIdx]&#x0A;    Which is: 0&#x0A;  borderValue&#x0A;    Which is: -500&#x0A;Border value mismatch at (13,21)&#x0A;" type=""><![CDATA[/home/cjxu/npp/test/unit/nppi/nppi_geometry_transforms/test_nppi_copyConstBorder.cpp:67
Expected equality of these values:
  dstData[dstIdx]
    Which is: 0
  borderValue
    Which is: -500
Border value mismatch at (13,21)
]]></failure>
      <failure message="/home/cjxu/npp/test/unit/nppi/nppi_geometry_transforms/test_nppi_copyConstBorder.cpp:67&#x0A;Expected equality of these values:&#x0A;  dstData[dstIdx]&#x0A;    Which is: 0&#x0A;  borderValue&#x0A;    Which is: -500&#x0A;Border value mismatch at (14,21)&#x0A;" type=""><![CDATA[/home/cjxu/npp/test/unit/nppi/nppi_geometry_transforms/test_nppi_copyConstBorder.cpp:67
Expected equality of these values:
  dstData[dstIdx]
    Which is: 0
  borderValue
    Which is: -500
Border value mismatch at (14,21)
]]></failure>
      <failure message="/home/cjxu/npp/test/unit/nppi/nppi_geometry_transforms/test_nppi_copyConstBorder.cpp:67&#x0A;Expected equality of these values:&#x0A;  dstData[dstIdx]&#x0A;    Which is: 0&#x0A;  borderValue&#x0A;    Which is: -500&#x0A;Border value mismatch at (15,21)&#x0A;" type=""><![CDATA[/home/cjxu/npp/test/unit/nppi/nppi_geometry_transforms/test_nppi_copyConstBorder.cpp:67
Expected equality of these values:
  dstData[dstIdx]
    Which is: 0
  borderValue
    Which is: -500
Border value mismatch at (15,21)
]]></failure>
      <failure message="/home/cjxu/npp/test/unit/nppi/nppi_geometry_transforms/test_nppi_copyConstBorder.cpp:67&#x0A;Expected equality of these values:&#x0A;  dstData[dstIdx]&#x0A;    Which is: 0&#x0A;  borderValue&#x0A;    Which is: -500&#x0A;Border value mismatch at (16,21)&#x0A;" type=""><![CDATA[/home/cjxu/npp/test/unit/nppi/nppi_geometry_transforms/test_nppi_copyConstBorder.cpp:67
Expected equality of these values:
  dstData[dstIdx]
    Which is: 0
  borderValue
    Which is: -500
Border value mismatch at (16,21)
]]></failure>
      <failure message="/home/cjxu/npp/test/unit/nppi/nppi_geometry_transforms/test_nppi_copyConstBorder.cpp:67&#x0A;Expected equality of these values:&#x0A;  dstData[dstIdx]&#x0A;    Which is: 0&#x0A;  borderValue&#x0A;    Which is: -500&#x0A;Border value mismatch at (17,21)&#x0A;" type=""><![CDATA[/home/cjxu/npp/test/unit/nppi/nppi_geometry_transforms/test_nppi_copyConstBorder.cpp:67
Expected equality of these values:
  dstData[dstIdx]
    Which is: 0
  borderValue
    Which is: -500
Border value mismatch at (17,21)
]]></failure>
      <failure message="/home/cjxu/npp/test/unit/nppi/nppi_geometry_transforms/test_nppi_copyConstBorder.cpp:67&#x0A;Expected equality of these values:&#x0A;  dstData[dstIdx]&#x0A;    Which is: 0&#x0A;  borderValue&#x0A;    Which is: -500&#x0A;Border value mismatch at (18,21)&#x0A;" type=""><![CDATA[/home/cjxu/npp/test/unit/nppi/nppi_geometry_transforms/test_nppi_copyConstBorder.cpp:67
Expected equality of these values:
  dstData[dstIdx]
    Which is: 0
  borderValue
    Which is: -500
Border value mismatch at (18,21)
]]></failure>
      <failure message="/home/cjxu/npp/test/unit/nppi/nppi_geometry_transforms/test_nppi_copyConstBorder.cpp:67&#x0A;Expected equality of these values:&#x0A;  dstData[dstIdx]&#x0A;    Which is: 0&#x0A;  borderValue&#x0A;    Which is: -500&#x0A;Border value mismatch at (19,21)&#x0A;" type=""><![CDATA[/home/cjxu/npp/test/unit/nppi/nppi_geometry_transforms/test_nppi_copyConstBorder.cpp:67
Expected equality of these values:
  dstData[dstIdx]
    Which is: 0
  borderValue
    Which is: -500
Border value mismatch at (19,21)
]]></failure>
      <failure message="/home/cjxu/npp/test/unit/nppi/nppi_geometry_transforms/test_nppi_copyConstBorder.cpp:67&#x0A;Expected equality of these values:&#x0A;  dstData[dstIdx]&#x0A;    Which is: 0&#x0A;  borderValue&#x0A;    Which is: -500&#x0A;Border value mismatch at (20,21)&#x0A;" type=""><![CDATA[/home/cjxu/npp/test/unit/nppi/nppi_geometry_transforms/test_nppi_copyConstBorder.cpp:67
Expected equality of these values:
  dstData[dstIdx]
    Which is: 0
  borderValue
    Which is: -500
Border value mismatch at (20,21)
]]></failure>
      <failure message="/home/cjxu/npp/test/unit/nppi/nppi_geometry_transforms/test_nppi_copyConstBorder.cpp:67&#x0A;Expected equality of these values:&#x0A;  dstData[dstIdx]&#x0A;    Which is: 0&#x0A;  borderValue&#x0A;    Which is: -500&#x0A;Border value mismatch at (21,21)&#x0A;" type=""><![CDATA[/home/cjxu/npp/test/unit/nppi/nppi_geometry_transforms/test_nppi_copyConstBorder.cpp:67
Expected equality of these values:
  dstData[dstIdx]
    Which is: 0
  borderValue
    Which is: -500
Border value mismatch at (21,21)
]]></failure>
      <failure message="/home/cjxu/npp/test/unit/nppi/nppi_geometry_transforms/test_nppi_copyConstBorder.cpp:67&#x0A;Expected equality of these values:&#x0A;  dstData[dstIdx]&#x0A;    Which is: 0&#x0A;  borderValue&#x0A;    Which is: -500&#x0A;Border value mismatch at (22,21)&#x0A;" type=""><![CDATA[/home/cjxu/npp/test/unit/nppi/nppi_geometry_transforms/test_nppi_copyConstBorder.cpp:67
Expected equality of these values:
  dstData[dstIdx]
    Which is: 0
  borderValue
    Which is: -500
Border value mismatch at (22,21)
]]></failure>
      <failure message="/home/cjxu/npp/test/unit/nppi/nppi_geometry_transforms/test_nppi_copyConstBorder.cpp:67&#x0A;Expected equality of these values:&#x0A;  dstData[dstIdx]&#x0A;    Which is: 0&#x0A;  borderValue&#x0A;    Which is: -500&#x0A;Border value mismatch at (23,21)&#x0A;" type=""><![CDATA[/home/cjxu/npp/test/unit/nppi/nppi_geometry_transforms/test_nppi_copyConstBorder.cpp:67
Expected equality of these values:
  dstData[dstIdx]
    Which is: 0
  borderValue
    Which is: -500
Border value mismatch at (23,21)
]]></failure>
    </testcase>
    <testcase name="CopyConstBorder_32f_C1R" file="/home/cjxu/npp/test/unit/nppi/nppi_geometry_transforms/test_nppi_copyConstBorder.cpp" line="219" status="run" result="completed" time="0.003" timestamp="2025-09-13T22:25:51.644" classname="NPPICopyConstBorderTest">
      <failure message="/home/cjxu/npp/test/unit/nppi/nppi_geometry_transforms/test_nppi_copyConstBorder.cpp:245&#x0A;Expected equality of these values:&#x0A;  status&#x0A;    Which is: -8&#x0A;  NPP_SUCCESS&#x0A;    Which is: 0&#x0A;" type=""><![CDATA[/home/cjxu/npp/test/unit/nppi/nppi_geometry_transforms/test_nppi_copyConstBorder.cpp:245
Expected equality of these values:
  status
    Which is: -8
  NPP_SUCCESS
    Which is: 0
]]></failure>
      <failure message="/home/cjxu/npp/test/unit/nppi/nppi_geometry_transforms/test_nppi_copyConstBorder.cpp:67&#x0A;Expected equality of these values:&#x0A;  dstData[dstIdx]&#x0A;    Which is: 0&#x0A;  borderValue&#x0A;    Which is: -0.5&#x0A;Border value mismatch at (0,0)&#x0A;" type=""><![CDATA[/home/cjxu/npp/test/unit/nppi/nppi_geometry_transforms/test_nppi_copyConstBorder.cpp:67
Expected equality of these values:
  dstData[dstIdx]
    Which is: 0
  borderValue
    Which is: -0.5
Border value mismatch at (0,0)
]]></failure>
      <failure message="/home/cjxu/npp/test/unit/nppi/nppi_geometry_transforms/test_nppi_copyConstBorder.cpp:67&#x0A;Expected equality of these values:&#x0A;  dstData[dstIdx]&#x0A;    Which is: 0&#x0A;  borderValue&#x0A;    Which is: -0.5&#x0A;Border value mismatch at (1,0)&#x0A;" type=""><![CDATA[/home/cjxu/npp/test/unit/nppi/nppi_geometry_transforms/test_nppi_copyConstBorder.cpp:67
Expected equality of these values:
  dstData[dstIdx]
    Which is: 0
  borderValue
    Which is: -0.5
Border value mismatch at (1,0)
]]></failure>
      <failure message="/home/cjxu/npp/test/unit/nppi/nppi_geometry_transforms/test_nppi_copyConstBorder.cpp:67&#x0A;Expected equality of these values:&#x0A;  dstData[dstIdx]&#x0A;    Which is: 0&#x0A;  borderValue&#x0A;    Which is: -0.5&#x0A;Border value mismatch at (2,0)&#x0A;" type=""><![CDATA[/home/cjxu/npp/test/unit/nppi/nppi_geometry_transforms/test_nppi_copyConstBorder.cpp:67
Expected equality of these values:
  dstData[dstIdx]
    Which is: 0
  borderValue
    Which is: -0.5
Border value mismatch at (2,0)
]]></failure>
      <failure message="/home/cjxu/npp/test/unit/nppi/nppi_geometry_transforms/test_nppi_copyConstBorder.cpp:67&#x0A;Expected equality of these values:&#x0A;  dstData[dstIdx]&#x0A;    Which is: 0&#x0A;  borderValue&#x0A;    Which is: -0.5&#x0A;Border value mismatch at (3,0)&#x0A;" type=""><![CDATA[/home/cjxu/npp/test/unit/nppi/nppi_geometry_transforms/test_nppi_copyConstBorder.cpp:67
Expected equality of these values:
  dstData[dstIdx]
    Which is: 0
  borderValue
    Which is: -0.5
Border value mismatch at (3,0)
]]></failure>
      <failure message="/home/cjxu/npp/test/unit/nppi/nppi_geometry_transforms/test_nppi_copyConstBorder.cpp:67&#x0A;Expected equality of these values:&#x0A;  dstData[dstIdx]&#x0A;    Which is: 0&#x0A;  borderValue&#x0A;    Which is: -0.5&#x0A;Border value mismatch at (4,0)&#x0A;" type=""><![CDATA[/home/cjxu/npp/test/unit/nppi/nppi_geometry_transforms/test_nppi_copyConstBorder.cpp:67
Expected equality of these values:
  dstData[dstIdx]
    Which is: 0
  borderValue
    Which is: -0.5
Border value mismatch at (4,0)
]]></failure>
      <failure message="/home/cjxu/npp/test/unit/nppi/nppi_geometry_transforms/test_nppi_copyConstBorder.cpp:67&#x0A;Expected equality of these values:&#x0A;  dstData[dstIdx]&#x0A;    Which is: 0&#x0A;  borderValue&#x0A;    Which is: -0.5&#x0A;Border value mismatch at (5,0)&#x0A;" type=""><![CDATA[/home/cjxu/npp/test/unit/nppi/nppi_geometry_transforms/test_nppi_copyConstBorder.cpp:67
Expected equality of these values:
  dstData[dstIdx]
    Which is: 0
  borderValue
    Which is: -0.5
Border value mismatch at (5,0)
]]></failure>
      <failure message="/home/cjxu/npp/test/unit/nppi/nppi_geometry_transforms/test_nppi_copyConstBorder.cpp:67&#x0A;Expected equality of these values:&#x0A;  dstData[dstIdx]&#x0A;    Which is: 0&#x0A;  borderValue&#x0A;    Which is: -0.5&#x0A;Border value mismatch at (6,0)&#x0A;" type=""><![CDATA[/home/cjxu/npp/test/unit/nppi/nppi_geometry_transforms/test_nppi_copyConstBorder.cpp:67
Expected equality of these values:
  dstData[dstIdx]
    Which is: 0
  borderValue
    Which is: -0.5
Border value mismatch at (6,0)
]]></failure>
      <failure message="/home/cjxu/npp/test/unit/nppi/nppi_geometry_transforms/test_nppi_copyConstBorder.cpp:67&#x0A;Expected equality of these values:&#x0A;  dstData[dstIdx]&#x0A;    Which is: 0&#x0A;  borderValue&#x0A;    Which is: -0.5&#x0A;Border value mismatch at (7,0)&#x0A;" type=""><![CDATA[/home/cjxu/npp/test/unit/nppi/nppi_geometry_transforms/test_nppi_copyConstBorder.cpp:67
Expected equality of these values:
  dstData[dstIdx]
    Which is: 0
  borderValue
    Which is: -0.5
Border value mismatch at (7,0)
]]></failure>
      <failure message="/home/cjxu/npp/test/unit/nppi/nppi_geometry_transforms/test_nppi_copyConstBorder.cpp:67&#x0A;Expected equality of these values:&#x0A;  dstData[dstIdx]&#x0A;    Which is: 0&#x0A;  borderValue&#x0A;    Which is: -0.5&#x0A;Border value mismatch at (8,0)&#x0A;" type=""><![CDATA[/home/cjxu/npp/test/unit/nppi/nppi_geometry_transforms/test_nppi_copyConstBorder.cpp:67
Expected equality of these values:
  dstData[dstIdx]
    Which is: 0
  borderValue
    Which is: -0.5
Border value mismatch at (8,0)
]]></failure>
      <failure message="/home/cjxu/npp/test/unit/nppi/nppi_geometry_transforms/test_nppi_copyConstBorder.cpp:67&#x0A;Expected equality of these values:&#x0A;  dstData[dstIdx]&#x0A;    Which is: 0&#x0A;  borderValue&#x0A;    Which is: -0.5&#x0A;Border value mismatch at (9,0)&#x0A;" type=""><![CDATA[/home/cjxu/npp/test/unit/nppi/nppi_geometry_transforms/test_nppi_copyConstBorder.cpp:67
Expected equality of these values:
  dstData[dstIdx]
    Which is: 0
  borderValue
    Which is: -0.5
Border value mismatch at (9,0)
]]></failure>
      <failure message="/home/cjxu/npp/test/unit/nppi/nppi_geometry_transforms/test_nppi_copyConstBorder.cpp:67&#x0A;Expected equality of these values:&#x0A;  dstData[dstIdx]&#x0A;    Which is: 0&#x0A;  borderValue&#x0A;    Which is: -0.5&#x0A;Border value mismatch at (10,0)&#x0A;" type=""><![CDATA[/home/cjxu/npp/test/unit/nppi/nppi_geometry_transforms/test_nppi_copyConstBorder.cpp:67
Expected equality of these values:
  dstData[dstIdx]
    Which is: 0
  borderValue
    Which is: -0.5
Border value mismatch at (10,0)
]]></failure>
      <failure message="/home/cjxu/npp/test/unit/nppi/nppi_geometry_transforms/test_nppi_copyConstBorder.cpp:67&#x0A;Expected equality of these values:&#x0A;  dstData[dstIdx]&#x0A;    Which is: 0&#x0A;  borderValue&#x0A;    Which is: -0.5&#x0A;Border value mismatch at (11,0)&#x0A;" type=""><![CDATA[/home/cjxu/npp/test/unit/nppi/nppi_geometry_transforms/test_nppi_copyConstBorder.cpp:67
Expected equality of these values:
  dstData[dstIdx]
    Which is: 0
  borderValue
    Which is: -0.5
Border value mismatch at (11,0)
]]></failure>
      <failure message="/home/cjxu/npp/test/unit/nppi/nppi_geometry_transforms/test_nppi_copyConstBorder.cpp:67&#x0A;Expected equality of these values:&#x0A;  dstData[dstIdx]&#x0A;    Which is: 0&#x0A;  borderValue&#x0A;    Which is: -0.5&#x0A;Border value mismatch at (12,0)&#x0A;" type=""><![CDATA[/home/cjxu/npp/test/unit/nppi/nppi_geometry_transforms/test_nppi_copyConstBorder.cpp:67
Expected equality of these values:
  dstData[dstIdx]
    Which is: 0
  borderValue
    Which is: -0.5
Border value mismatch at (12,0)
]]></failure>
      <failure message="/home/cjxu/npp/test/unit/nppi/nppi_geometry_transforms/test_nppi_copyConstBorder.cpp:67&#x0A;Expected equality of these values:&#x0A;  dstData[dstIdx]&#x0A;    Which is: 0&#x0A;  borderValue&#x0A;    Which is: -0.5&#x0A;Border value mismatch at (13,0)&#x0A;" type=""><![CDATA[/home/cjxu/npp/test/unit/nppi/nppi_geometry_transforms/test_nppi_copyConstBorder.cpp:67
Expected equality of these values:
  dstData[dstIdx]
    Which is: 0
  borderValue
    Which is: -0.5
Border value mismatch at (13,0)
]]></failure>
      <failure message="/home/cjxu/npp/test/unit/nppi/nppi_geometry_transforms/test_nppi_copyConstBorder.cpp:67&#x0A;Expected equality of these values:&#x0A;  dstData[dstIdx]&#x0A;    Which is: 0&#x0A;  borderValue&#x0A;    Which is: -0.5&#x0A;Border value mismatch at (14,0)&#x0A;" type=""><![CDATA[/home/cjxu/npp/test/unit/nppi/nppi_geometry_transforms/test_nppi_copyConstBorder.cpp:67
Expected equality of these values:
  dstData[dstIdx]
    Which is: 0
  borderValue
    Which is: -0.5
Border value mismatch at (14,0)
]]></failure>
      <failure message="/home/cjxu/npp/test/unit/nppi/nppi_geometry_transforms/test_nppi_copyConstBorder.cpp:67&#x0A;Expected equality of these values:&#x0A;  dstData[dstIdx]&#x0A;    Which is: 0&#x0A;  borderValue&#x0A;    Which is: -0.5&#x0A;Border value mismatch at (15,0)&#x0A;" type=""><![CDATA[/home/cjxu/npp/test/unit/nppi/nppi_geometry_transforms/test_nppi_copyConstBorder.cpp:67
Expected equality of these values:
  dstData[dstIdx]
    Which is: 0
  borderValue
    Which is: -0.5
Border value mismatch at (15,0)
]]></failure>
      <failure message="/home/cjxu/npp/test/unit/nppi/nppi_geometry_transforms/test_nppi_copyConstBorder.cpp:67&#x0A;Expected equality of these values:&#x0A;  dstData[dstIdx]&#x0A;    Which is: 0&#x0A;  borderValue&#x0A;    Which is: -0.5&#x0A;Border value mismatch at (16,0)&#x0A;" type=""><![CDATA[/home/cjxu/npp/test/unit/nppi/nppi_geometry_transforms/test_nppi_copyConstBorder.cpp:67
Expected equality of these values:
  dstData[dstIdx]
    Which is: 0
  borderValue
    Which is: -0.5
Border value mismatch at (16,0)
]]></failure>
      <failure message="/home/cjxu/npp/test/unit/nppi/nppi_geometry_transforms/test_nppi_copyConstBorder.cpp:67&#x0A;Expected equality of these values:&#x0A;  dstData[dstIdx]&#x0A;    Which is: 0&#x0A;  borderValue&#x0A;    Which is: -0.5&#x0A;Border value mismatch at (17,0)&#x0A;" type=""><![CDATA[/home/cjxu/npp/test/unit/nppi/nppi_geometry_transforms/test_nppi_copyConstBorder.cpp:67
Expected equality of these values:
  dstData[dstIdx]
    Which is: 0
  borderValue
    Which is: -0.5
Border value mismatch at (17,0)
]]></failure>
      <failure message="/home/cjxu/npp/test/unit/nppi/nppi_geometry_transforms/test_nppi_copyConstBorder.cpp:67&#x0A;Expected equality of these values:&#x0A;  dstData[dstIdx]&#x0A;    Which is: 0&#x0A;  borderValue&#x0A;    Which is: -0.5&#x0A;Border value mismatch at (18,0)&#x0A;" type=""><![CDATA[/home/cjxu/npp/test/unit/nppi/nppi_geometry_transforms/test_nppi_copyConstBorder.cpp:67
Expected equality of these values:
  dstData[dstIdx]
    Which is: 0
  borderValue
    Which is: -0.5
Border value mismatch at (18,0)
]]></failure>
      <failure message="/home/cjxu/npp/test/unit/nppi/nppi_geometry_transforms/test_nppi_copyConstBorder.cpp:67&#x0A;Expected equality of these values:&#x0A;  dstData[dstIdx]&#x0A;    Which is: 0&#x0A;  borderValue&#x0A;    Which is: -0.5&#x0A;Border value mismatch at (19,0)&#x0A;" type=""><![CDATA[/home/cjxu/npp/test/unit/nppi/nppi_geometry_transforms/test_nppi_copyConstBorder.cpp:67
Expected equality of these values:
  dstData[dstIdx]
    Which is: 0
  borderValue
    Which is: -0.5
Border value mismatch at (19,0)
]]></failure>
      <failure message="/home/cjxu/npp/test/unit/nppi/nppi_geometry_transforms/test_nppi_copyConstBorder.cpp:67&#x0A;Expected equality of these values:&#x0A;  dstData[dstIdx]&#x0A;    Which is: 0&#x0A;  borderValue&#x0A;    Which is: -0.5&#x0A;Border value mismatch at (20,0)&#x0A;" type=""><![CDATA[/home/cjxu/npp/test/unit/nppi/nppi_geometry_transforms/test_nppi_copyConstBorder.cpp:67
Expected equality of these values:
  dstData[dstIdx]
    Which is: 0
  borderValue
    Which is: -0.5
Border value mismatch at (20,0)
]]></failure>
      <failure message="/home/cjxu/npp/test/unit/nppi/nppi_geometry_transforms/test_nppi_copyConstBorder.cpp:67&#x0A;Expected equality of these values:&#x0A;  dstData[dstIdx]&#x0A;    Which is: 0&#x0A;  borderValue&#x0A;    Which is: -0.5&#x0A;Border value mismatch at (21,0)&#x0A;" type=""><![CDATA[/home/cjxu/npp/test/unit/nppi/nppi_geometry_transforms/test_nppi_copyConstBorder.cpp:67
Expected equality of these values:
  dstData[dstIdx]
    Which is: 0
  borderValue
    Which is: -0.5
Border value mismatch at (21,0)
]]></failure>
      <failure message="/home/cjxu/npp/test/unit/nppi/nppi_geometry_transforms/test_nppi_copyConstBorder.cpp:67&#x0A;Expected equality of these values:&#x0A;  dstData[dstIdx]&#x0A;    Which is: 0&#x0A;  borderValue&#x0A;    Which is: -0.5&#x0A;Border value mismatch at (22,0)&#x0A;" type=""><![CDATA[/home/cjxu/npp/test/unit/nppi/nppi_geometry_transforms/test_nppi_copyConstBorder.cpp:67
Expected equality of these values:
  dstData[dstIdx]
    Which is: 0
  borderValue
    Which is: -0.5
Border value mismatch at (22,0)
]]></failure>
      <failure message="/home/cjxu/npp/test/unit/nppi/nppi_geometry_transforms/test_nppi_copyConstBorder.cpp:67&#x0A;Expected equality of these values:&#x0A;  dstData[dstIdx]&#x0A;    Which is: 0&#x0A;  borderValue&#x0A;    Which is: -0.5&#x0A;Border value mismatch at (23,0)&#x0A;" type=""><![CDATA[/home/cjxu/npp/test/unit/nppi/nppi_geometry_transforms/test_nppi_copyConstBorder.cpp:67
Expected equality of these values:
  dstData[dstIdx]
    Which is: 0
  borderValue
    Which is: -0.5
Border value mismatch at (23,0)
]]></failure>
      <failure message="/home/cjxu/npp/test/unit/nppi/nppi_geometry_transforms/test_nppi_copyConstBorder.cpp:67&#x0A;Expected equality of these values:&#x0A;  dstData[dstIdx]&#x0A;    Which is: 0&#x0A;  borderValue&#x0A;    Which is: -0.5&#x0A;Border value mismatch at (0,1)&#x0A;" type=""><![CDATA[/home/cjxu/npp/test/unit/nppi/nppi_geometry_transforms/test_nppi_copyConstBorder.cpp:67
Expected equality of these values:
  dstData[dstIdx]
    Which is: 0
  borderValue
    Which is: -0.5
Border value mismatch at (0,1)
]]></failure>
      <failure message="/home/cjxu/npp/test/unit/nppi/nppi_geometry_transforms/test_nppi_copyConstBorder.cpp:67&#x0A;Expected equality of these values:&#x0A;  dstData[dstIdx]&#x0A;    Which is: 0&#x0A;  borderValue&#x0A;    Which is: -0.5&#x0A;Border value mismatch at (1,1)&#x0A;" type=""><![CDATA[/home/cjxu/npp/test/unit/nppi/nppi_geometry_transforms/test_nppi_copyConstBorder.cpp:67
Expected equality of these values:
  dstData[dstIdx]
    Which is: 0
  borderValue
    Which is: -0.5
Border value mismatch at (1,1)
]]></failure>
      <failure message="/home/cjxu/npp/test/unit/nppi/nppi_geometry_transforms/test_nppi_copyConstBorder.cpp:67&#x0A;Expected equality of these values:&#x0A;  dstData[dstIdx]&#x0A;    Which is: 0&#x0A;  borderValue&#x0A;    Which is: -0.5&#x0A;Border value mismatch at (2,1)&#x0A;" type=""><![CDATA[/home/cjxu/npp/test/unit/nppi/nppi_geometry_transforms/test_nppi_copyConstBorder.cpp:67
Expected equality of these values:
  dstData[dstIdx]
    Which is: 0
  borderValue
    Which is: -0.5
Border value mismatch at (2,1)
]]></failure>
      <failure message="/home/cjxu/npp/test/unit/nppi/nppi_geometry_transforms/test_nppi_copyConstBorder.cpp:67&#x0A;Expected equality of these values:&#x0A;  dstData[dstIdx]&#x0A;    Which is: 0&#x0A;  borderValue&#x0A;    Which is: -0.5&#x0A;Border value mismatch at (3,1)&#x0A;" type=""><![CDATA[/home/cjxu/npp/test/unit/nppi/nppi_geometry_transforms/test_nppi_copyConstBorder.cpp:67
Expected equality of these values:
  dstData[dstIdx]
    Which is: 0
  borderValue
    Which is: -0.5
Border value mismatch at (3,1)
]]></failure>
      <failure message="/home/cjxu/npp/test/unit/nppi/nppi_geometry_transforms/test_nppi_copyConstBorder.cpp:67&#x0A;Expected equality of these values:&#x0A;  dstData[dstIdx]&#x0A;    Which is: 0&#x0A;  borderValue&#x0A;    Which is: -0.5&#x0A;Border value mismatch at (4,1)&#x0A;" type=""><![CDATA[/home/cjxu/npp/test/unit/nppi/nppi_geometry_transforms/test_nppi_copyConstBorder.cpp:67
Expected equality of these values:
  dstData[dstIdx]
    Which is: 0
  borderValue
    Which is: -0.5
Border value mismatch at (4,1)
]]></failure>
      <failure message="/home/cjxu/npp/test/unit/nppi/nppi_geometry_transforms/test_nppi_copyConstBorder.cpp:67&#x0A;Expected equality of these values:&#x0A;  dstData[dstIdx]&#x0A;    Which is: 0&#x0A;  borderValue&#x0A;    Which is: -0.5&#x0A;Border value mismatch at (5,1)&#x0A;" type=""><![CDATA[/home/cjxu/npp/test/unit/nppi/nppi_geometry_transforms/test_nppi_copyConstBorder.cpp:67
Expected equality of these values:
  dstData[dstIdx]
    Which is: 0
  borderValue
    Which is: -0.5
Border value mismatch at (5,1)
]]></failure>
      <failure message="/home/cjxu/npp/test/unit/nppi/nppi_geometry_transforms/test_nppi_copyConstBorder.cpp:67&#x0A;Expected equality of these values:&#x0A;  dstData[dstIdx]&#x0A;    Which is: 0&#x0A;  borderValue&#x0A;    Which is: -0.5&#x0A;Border value mismatch at (6,1)&#x0A;" type=""><![CDATA[/home/cjxu/npp/test/unit/nppi/nppi_geometry_transforms/test_nppi_copyConstBorder.cpp:67
Expected equality of these values:
  dstData[dstIdx]
    Which is: 0
  borderValue
    Which is: -0.5
Border value mismatch at (6,1)
]]></failure>
      <failure message="/home/cjxu/npp/test/unit/nppi/nppi_geometry_transforms/test_nppi_copyConstBorder.cpp:67&#x0A;Expected equality of these values:&#x0A;  dstData[dstIdx]&#x0A;    Which is: 0&#x0A;  borderValue&#x0A;    Which is: -0.5&#x0A;Border value mismatch at (7,1)&#x0A;" type=""><![CDATA[/home/cjxu/npp/test/unit/nppi/nppi_geometry_transforms/test_nppi_copyConstBorder.cpp:67
Expected equality of these values:
  dstData[dstIdx]
    Which is: 0
  borderValue
    Which is: -0.5
Border value mismatch at (7,1)
]]></failure>
      <failure message="/home/cjxu/npp/test/unit/nppi/nppi_geometry_transforms/test_nppi_copyConstBorder.cpp:67&#x0A;Expected equality of these values:&#x0A;  dstData[dstIdx]&#x0A;    Which is: 0&#x0A;  borderValue&#x0A;    Which is: -0.5&#x0A;Border value mismatch at (8,1)&#x0A;" type=""><![CDATA[/home/cjxu/npp/test/unit/nppi/nppi_geometry_transforms/test_nppi_copyConstBorder.cpp:67
Expected equality of these values:
  dstData[dstIdx]
    Which is: 0
  borderValue
    Which is: -0.5
Border value mismatch at (8,1)
]]></failure>
      <failure message="/home/cjxu/npp/test/unit/nppi/nppi_geometry_transforms/test_nppi_copyConstBorder.cpp:67&#x0A;Expected equality of these values:&#x0A;  dstData[dstIdx]&#x0A;    Which is: 0&#x0A;  borderValue&#x0A;    Which is: -0.5&#x0A;Border value mismatch at (9,1)&#x0A;" type=""><![CDATA[/home/cjxu/npp/test/unit/nppi/nppi_geometry_transforms/test_nppi_copyConstBorder.cpp:67
Expected equality of these values:
  dstData[dstIdx]
    Which is: 0
  borderValue
    Which is: -0.5
Border value mismatch at (9,1)
]]></failure>
      <failure message="/home/cjxu/npp/test/unit/nppi/nppi_geometry_transforms/test_nppi_copyConstBorder.cpp:67&#x0A;Expected equality of these values:&#x0A;  dstData[dstIdx]&#x0A;    Which is: 0&#x0A;  borderValue&#x0A;    Which is: -0.5&#x0A;Border value mismatch at (10,1)&#x0A;" type=""><![CDATA[/home/cjxu/npp/test/unit/nppi/nppi_geometry_transforms/test_nppi_copyConstBorder.cpp:67
Expected equality of these values:
  dstData[dstIdx]
    Which is: 0
  borderValue
    Which is: -0.5
Border value mismatch at (10,1)
]]></failure>
      <failure message="/home/cjxu/npp/test/unit/nppi/nppi_geometry_transforms/test_nppi_copyConstBorder.cpp:67&#x0A;Expected equality of these values:&#x0A;  dstData[dstIdx]&#x0A;    Which is: 0&#x0A;  borderValue&#x0A;    Which is: -0.5&#x0A;Border value mismatch at (11,1)&#x0A;" type=""><![CDATA[/home/cjxu/npp/test/unit/nppi/nppi_geometry_transforms/test_nppi_copyConstBorder.cpp:67
Expected equality of these values:
  dstData[dstIdx]
    Which is: 0
  borderValue
    Which is: -0.5
Border value mismatch at (11,1)
]]></failure>
      <failure message="/home/cjxu/npp/test/unit/nppi/nppi_geometry_transforms/test_nppi_copyConstBorder.cpp:67&#x0A;Expected equality of these values:&#x0A;  dstData[dstIdx]&#x0A;    Which is: 0&#x0A;  borderValue&#x0A;    Which is: -0.5&#x0A;Border value mismatch at (12,1)&#x0A;" type=""><![CDATA[/home/cjxu/npp/test/unit/nppi/nppi_geometry_transforms/test_nppi_copyConstBorder.cpp:67
Expected equality of these values:
  dstData[dstIdx]
    Which is: 0
  borderValue
    Which is: -0.5
Border value mismatch at (12,1)
]]></failure>
      <failure message="/home/cjxu/npp/test/unit/nppi/nppi_geometry_transforms/test_nppi_copyConstBorder.cpp:67&#x0A;Expected equality of these values:&#x0A;  dstData[dstIdx]&#x0A;    Which is: 0&#x0A;  borderValue&#x0A;    Which is: -0.5&#x0A;Border value mismatch at (13,1)&#x0A;" type=""><![CDATA[/home/cjxu/npp/test/unit/nppi/nppi_geometry_transforms/test_nppi_copyConstBorder.cpp:67
Expected equality of these values:
  dstData[dstIdx]
    Which is: 0
  borderValue
    Which is: -0.5
Border value mismatch at (13,1)
]]></failure>
      <failure message="/home/cjxu/npp/test/unit/nppi/nppi_geometry_transforms/test_nppi_copyConstBorder.cpp:67&#x0A;Expected equality of these values:&#x0A;  dstData[dstIdx]&#x0A;    Which is: 0&#x0A;  borderValue&#x0A;    Which is: -0.5&#x0A;Border value mismatch at (14,1)&#x0A;" type=""><![CDATA[/home/cjxu/npp/test/unit/nppi/nppi_geometry_transforms/test_nppi_copyConstBorder.cpp:67
Expected equality of these values:
  dstData[dstIdx]
    Which is: 0
  borderValue
    Which is: -0.5
Border value mismatch at (14,1)
]]></failure>
      <failure message="/home/cjxu/npp/test/unit/nppi/nppi_geometry_transforms/test_nppi_copyConstBorder.cpp:67&#x0A;Expected equality of these values:&#x0A;  dstData[dstIdx]&#x0A;    Which is: 0&#x0A;  borderValue&#x0A;    Which is: -0.5&#x0A;Border value mismatch at (15,1)&#x0A;" type=""><![CDATA[/home/cjxu/npp/test/unit/nppi/nppi_geometry_transforms/test_nppi_copyConstBorder.cpp:67
Expected equality of these values:
  dstData[dstIdx]
    Which is: 0
  borderValue
    Which is: -0.5
Border value mismatch at (15,1)
]]></failure>
      <failure message="/home/cjxu/npp/test/unit/nppi/nppi_geometry_transforms/test_nppi_copyConstBorder.cpp:67&#x0A;Expected equality of these values:&#x0A;  dstData[dstIdx]&#x0A;    Which is: 0&#x0A;  borderValue&#x0A;    Which is: -0.5&#x0A;Border value mismatch at (16,1)&#x0A;" type=""><![CDATA[/home/cjxu/npp/test/unit/nppi/nppi_geometry_transforms/test_nppi_copyConstBorder.cpp:67
Expected equality of these values:
  dstData[dstIdx]
    Which is: 0
  borderValue
    Which is: -0.5
Border value mismatch at (16,1)
]]></failure>
      <failure message="/home/cjxu/npp/test/unit/nppi/nppi_geometry_transforms/test_nppi_copyConstBorder.cpp:67&#x0A;Expected equality of these values:&#x0A;  dstData[dstIdx]&#x0A;    Which is: 0&#x0A;  borderValue&#x0A;    Which is: -0.5&#x0A;Border value mismatch at (17,1)&#x0A;" type=""><![CDATA[/home/cjxu/npp/test/unit/nppi/nppi_geometry_transforms/test_nppi_copyConstBorder.cpp:67
Expected equality of these values:
  dstData[dstIdx]
    Which is: 0
  borderValue
    Which is: -0.5
Border value mismatch at (17,1)
]]></failure>
      <failure message="/home/cjxu/npp/test/unit/nppi/nppi_geometry_transforms/test_nppi_copyConstBorder.cpp:67&#x0A;Expected equality of these values:&#x0A;  dstData[dstIdx]&#x0A;    Which is: 0&#x0A;  borderValue&#x0A;    Which is: -0.5&#x0A;Border value mismatch at (18,1)&#x0A;" type=""><![CDATA[/home/cjxu/npp/test/unit/nppi/nppi_geometry_transforms/test_nppi_copyConstBorder.cpp:67
Expected equality of these values:
  dstData[dstIdx]
    Which is: 0
  borderValue
    Which is: -0.5
Border value mismatch at (18,1)
]]></failure>
      <failure message="/home/cjxu/npp/test/unit/nppi/nppi_geometry_transforms/test_nppi_copyConstBorder.cpp:67&#x0A;Expected equality of these values:&#x0A;  dstData[dstIdx]&#x0A;    Which is: 0&#x0A;  borderValue&#x0A;    Which is: -0.5&#x0A;Border value mismatch at (19,1)&#x0A;" type=""><![CDATA[/home/cjxu/npp/test/unit/nppi/nppi_geometry_transforms/test_nppi_copyConstBorder.cpp:67
Expected equality of these values:
  dstData[dstIdx]
    Which is: 0
  borderValue
    Which is: -0.5
Border value mismatch at (19,1)
]]></failure>
      <failure message="/home/cjxu/npp/test/unit/nppi/nppi_geometry_transforms/test_nppi_copyConstBorder.cpp:67&#x0A;Expected equality of these values:&#x0A;  dstData[dstIdx]&#x0A;    Which is: 0&#x0A;  borderValue&#x0A;    Which is: -0.5&#x0A;Border value mismatch at (20,1)&#x0A;" type=""><![CDATA[/home/cjxu/npp/test/unit/nppi/nppi_geometry_transforms/test_nppi_copyConstBorder.cpp:67
Expected equality of these values:
  dstData[dstIdx]
    Which is: 0
  borderValue
    Which is: -0.5
Border value mismatch at (20,1)
]]></failure>
      <failure message="/home/cjxu/npp/test/unit/nppi/nppi_geometry_transforms/test_nppi_copyConstBorder.cpp:67&#x0A;Expected equality of these values:&#x0A;  dstData[dstIdx]&#x0A;    Which is: 0&#x0A;  borderValue&#x0A;    Which is: -0.5&#x0A;Border value mismatch at (21,1)&#x0A;" type=""><![CDATA[/home/cjxu/npp/test/unit/nppi/nppi_geometry_transforms/test_nppi_copyConstBorder.cpp:67
Expected equality of these values:
  dstData[dstIdx]
    Which is: 0
  borderValue
    Which is: -0.5
Border value mismatch at (21,1)
]]></failure>
      <failure message="/home/cjxu/npp/test/unit/nppi/nppi_geometry_transforms/test_nppi_copyConstBorder.cpp:67&#x0A;Expected equality of these values:&#x0A;  dstData[dstIdx]&#x0A;    Which is: 0&#x0A;  borderValue&#x0A;    Which is: -0.5&#x0A;Border value mismatch at (22,1)&#x0A;" type=""><![CDATA[/home/cjxu/npp/test/unit/nppi/nppi_geometry_transforms/test_nppi_copyConstBorder.cpp:67
Expected equality of these values:
  dstData[dstIdx]
    Which is: 0
  borderValue
    Which is: -0.5
Border value mismatch at (22,1)
]]></failure>
      <failure message="/home/cjxu/npp/test/unit/nppi/nppi_geometry_transforms/test_nppi_copyConstBorder.cpp:67&#x0A;Expected equality of these values:&#x0A;  dstData[dstIdx]&#x0A;    Which is: 0&#x0A;  borderValue&#x0A;    Which is: -0.5&#x0A;Border value mismatch at (23,1)&#x0A;" type=""><![CDATA[/home/cjxu/npp/test/unit/nppi/nppi_geometry_transforms/test_nppi_copyConstBorder.cpp:67
Expected equality of these values:
  dstData[dstIdx]
    Which is: 0
  borderValue
    Which is: -0.5
Border value mismatch at (23,1)
]]></failure>
      <failure message="/home/cjxu/npp/test/unit/nppi/nppi_geometry_transforms/test_nppi_copyConstBorder.cpp:67&#x0A;Expected equality of these values:&#x0A;  dstData[dstIdx]&#x0A;    Which is: 0&#x0A;  borderValue&#x0A;    Which is: -0.5&#x0A;Border value mismatch at (0,2)&#x0A;" type=""><![CDATA[/home/cjxu/npp/test/unit/nppi/nppi_geometry_transforms/test_nppi_copyConstBorder.cpp:67
Expected equality of these values:
  dstData[dstIdx]
    Which is: 0
  borderValue
    Which is: -0.5
Border value mismatch at (0,2)
]]></failure>
      <failure message="/home/cjxu/npp/test/unit/nppi/nppi_geometry_transforms/test_nppi_copyConstBorder.cpp:67&#x0A;Expected equality of these values:&#x0A;  dstData[dstIdx]&#x0A;    Which is: 0&#x0A;  borderValue&#x0A;    Which is: -0.5&#x0A;Border value mismatch at (1,2)&#x0A;" type=""><![CDATA[/home/cjxu/npp/test/unit/nppi/nppi_geometry_transforms/test_nppi_copyConstBorder.cpp:67
Expected equality of these values:
  dstData[dstIdx]
    Which is: 0
  borderValue
    Which is: -0.5
Border value mismatch at (1,2)
]]></failure>
      <failure message="/home/cjxu/npp/test/unit/nppi/nppi_geometry_transforms/test_nppi_copyConstBorder.cpp:67&#x0A;Expected equality of these values:&#x0A;  dstData[dstIdx]&#x0A;    Which is: 0&#x0A;  borderValue&#x0A;    Which is: -0.5&#x0A;Border value mismatch at (2,2)&#x0A;" type=""><![CDATA[/home/cjxu/npp/test/unit/nppi/nppi_geometry_transforms/test_nppi_copyConstBorder.cpp:67
Expected equality of these values:
  dstData[dstIdx]
    Which is: 0
  borderValue
    Which is: -0.5
Border value mismatch at (2,2)
]]></failure>
      <failure message="/home/cjxu/npp/test/unit/nppi/nppi_geometry_transforms/test_nppi_copyConstBorder.cpp:67&#x0A;Expected equality of these values:&#x0A;  dstData[dstIdx]&#x0A;    Which is: 0&#x0A;  borderValue&#x0A;    Which is: -0.5&#x0A;Border value mismatch at (3,2)&#x0A;" type=""><![CDATA[/home/cjxu/npp/test/unit/nppi/nppi_geometry_transforms/test_nppi_copyConstBorder.cpp:67
Expected equality of these values:
  dstData[dstIdx]
    Which is: 0
  borderValue
    Which is: -0.5
Border value mismatch at (3,2)
]]></failure>
      <failure message="/home/cjxu/npp/test/unit/nppi/nppi_geometry_transforms/test_nppi_copyConstBorder.cpp:67&#x0A;Expected equality of these values:&#x0A;  dstData[dstIdx]&#x0A;    Which is: 0&#x0A;  borderValue&#x0A;    Which is: -0.5&#x0A;Border value mismatch at (4,2)&#x0A;" type=""><![CDATA[/home/cjxu/npp/test/unit/nppi/nppi_geometry_transforms/test_nppi_copyConstBorder.cpp:67
Expected equality of these values:
  dstData[dstIdx]
    Which is: 0
  borderValue
    Which is: -0.5
Border value mismatch at (4,2)
]]></failure>
      <failure message="/home/cjxu/npp/test/unit/nppi/nppi_geometry_transforms/test_nppi_copyConstBorder.cpp:67&#x0A;Expected equality of these values:&#x0A;  dstData[dstIdx]&#x0A;    Which is: 0&#x0A;  borderValue&#x0A;    Which is: -0.5&#x0A;Border value mismatch at (5,2)&#x0A;" type=""><![CDATA[/home/cjxu/npp/test/unit/nppi/nppi_geometry_transforms/test_nppi_copyConstBorder.cpp:67
Expected equality of these values:
  dstData[dstIdx]
    Which is: 0
  borderValue
    Which is: -0.5
Border value mismatch at (5,2)
]]></failure>
      <failure message="/home/cjxu/npp/test/unit/nppi/nppi_geometry_transforms/test_nppi_copyConstBorder.cpp:67&#x0A;Expected equality of these values:&#x0A;  dstData[dstIdx]&#x0A;    Which is: 0&#x0A;  borderValue&#x0A;    Which is: -0.5&#x0A;Border value mismatch at (6,2)&#x0A;" type=""><![CDATA[/home/cjxu/npp/test/unit/nppi/nppi_geometry_transforms/test_nppi_copyConstBorder.cpp:67
Expected equality of these values:
  dstData[dstIdx]
    Which is: 0
  borderValue
    Which is: -0.5
Border value mismatch at (6,2)
]]></failure>
      <failure message="/home/cjxu/npp/test/unit/nppi/nppi_geometry_transforms/test_nppi_copyConstBorder.cpp:67&#x0A;Expected equality of these values:&#x0A;  dstData[dstIdx]&#x0A;    Which is: 0&#x0A;  borderValue&#x0A;    Which is: -0.5&#x0A;Border value mismatch at (7,2)&#x0A;" type=""><![CDATA[/home/cjxu/npp/test/unit/nppi/nppi_geometry_transforms/test_nppi_copyConstBorder.cpp:67
Expected equality of these values:
  dstData[dstIdx]
    Which is: 0
  borderValue
    Which is: -0.5
Border value mismatch at (7,2)
]]></failure>
      <failure message="/home/cjxu/npp/test/unit/nppi/nppi_geometry_transforms/test_nppi_copyConstBorder.cpp:67&#x0A;Expected equality of these values:&#x0A;  dstData[dstIdx]&#x0A;    Which is: 0&#x0A;  borderValue&#x0A;    Which is: -0.5&#x0A;Border value mismatch at (8,2)&#x0A;" type=""><![CDATA[/home/cjxu/npp/test/unit/nppi/nppi_geometry_transforms/test_nppi_copyConstBorder.cpp:67
Expected equality of these values:
  dstData[dstIdx]
    Which is: 0
  borderValue
    Which is: -0.5
Border value mismatch at (8,2)
]]></failure>
      <failure message="/home/cjxu/npp/test/unit/nppi/nppi_geometry_transforms/test_nppi_copyConstBorder.cpp:67&#x0A;Expected equality of these values:&#x0A;  dstData[dstIdx]&#x0A;    Which is: 0&#x0A;  borderValue&#x0A;    Which is: -0.5&#x0A;Border value mismatch at (9,2)&#x0A;" type=""><![CDATA[/home/cjxu/npp/test/unit/nppi/nppi_geometry_transforms/test_nppi_copyConstBorder.cpp:67
Expected equality of these values:
  dstData[dstIdx]
    Which is: 0
  borderValue
    Which is: -0.5
Border value mismatch at (9,2)
]]></failure>
      <failure message="/home/cjxu/npp/test/unit/nppi/nppi_geometry_transforms/test_nppi_copyConstBorder.cpp:67&#x0A;Expected equality of these values:&#x0A;  dstData[dstIdx]&#x0A;    Which is: 0&#x0A;  borderValue&#x0A;    Which is: -0.5&#x0A;Border value mismatch at (10,2)&#x0A;" type=""><![CDATA[/home/cjxu/npp/test/unit/nppi/nppi_geometry_transforms/test_nppi_copyConstBorder.cpp:67
Expected equality of these values:
  dstData[dstIdx]
    Which is: 0
  borderValue
    Which is: -0.5
Border value mismatch at (10,2)
]]></failure>
      <failure message="/home/cjxu/npp/test/unit/nppi/nppi_geometry_transforms/test_nppi_copyConstBorder.cpp:67&#x0A;Expected equality of these values:&#x0A;  dstData[dstIdx]&#x0A;    Which is: 0&#x0A;  borderValue&#x0A;    Which is: -0.5&#x0A;Border value mismatch at (11,2)&#x0A;" type=""><![CDATA[/home/cjxu/npp/test/unit/nppi/nppi_geometry_transforms/test_nppi_copyConstBorder.cpp:67
Expected equality of these values:
  dstData[dstIdx]
    Which is: 0
  borderValue
    Which is: -0.5
Border value mismatch at (11,2)
]]></failure>
      <failure message="/home/cjxu/npp/test/unit/nppi/nppi_geometry_transforms/test_nppi_copyConstBorder.cpp:67&#x0A;Expected equality of these values:&#x0A;  dstData[dstIdx]&#x0A;    Which is: 0&#x0A;  borderValue&#x0A;    Which is: -0.5&#x0A;Border value mismatch at (12,2)&#x0A;" type=""><![CDATA[/home/cjxu/npp/test/unit/nppi/nppi_geometry_transforms/test_nppi_copyConstBorder.cpp:67
Expected equality of these values:
  dstData[dstIdx]
    Which is: 0
  borderValue
    Which is: -0.5
Border value mismatch at (12,2)
]]></failure>
      <failure message="/home/cjxu/npp/test/unit/nppi/nppi_geometry_transforms/test_nppi_copyConstBorder.cpp:67&#x0A;Expected equality of these values:&#x0A;  dstData[dstIdx]&#x0A;    Which is: 0&#x0A;  borderValue&#x0A;    Which is: -0.5&#x0A;Border value mismatch at (13,2)&#x0A;" type=""><![CDATA[/home/cjxu/npp/test/unit/nppi/nppi_geometry_transforms/test_nppi_copyConstBorder.cpp:67
Expected equality of these values:
  dstData[dstIdx]
    Which is: 0
  borderValue
    Which is: -0.5
Border value mismatch at (13,2)
]]></failure>
      <failure message="/home/cjxu/npp/test/unit/nppi/nppi_geometry_transforms/test_nppi_copyConstBorder.cpp:67&#x0A;Expected equality of these values:&#x0A;  dstData[dstIdx]&#x0A;    Which is: 0&#x0A;  borderValue&#x0A;    Which is: -0.5&#x0A;Border value mismatch at (14,2)&#x0A;" type=""><![CDATA[/home/cjxu/npp/test/unit/nppi/nppi_geometry_transforms/test_nppi_copyConstBorder.cpp:67
Expected equality of these values:
  dstData[dstIdx]
    Which is: 0
  borderValue
    Which is: -0.5
Border value mismatch at (14,2)
]]></failure>
      <failure message="/home/cjxu/npp/test/unit/nppi/nppi_geometry_transforms/test_nppi_copyConstBorder.cpp:67&#x0A;Expected equality of these values:&#x0A;  dstData[dstIdx]&#x0A;    Which is: 0&#x0A;  borderValue&#x0A;    Which is: -0.5&#x0A;Border value mismatch at (15,2)&#x0A;" type=""><![CDATA[/home/cjxu/npp/test/unit/nppi/nppi_geometry_transforms/test_nppi_copyConstBorder.cpp:67
Expected equality of these values:
  dstData[dstIdx]
    Which is: 0
  borderValue
    Which is: -0.5
Border value mismatch at (15,2)
]]></failure>
      <failure message="/home/cjxu/npp/test/unit/nppi/nppi_geometry_transforms/test_nppi_copyConstBorder.cpp:67&#x0A;Expected equality of these values:&#x0A;  dstData[dstIdx]&#x0A;    Which is: 0&#x0A;  borderValue&#x0A;    Which is: -0.5&#x0A;Border value mismatch at (16,2)&#x0A;" type=""><![CDATA[/home/cjxu/npp/test/unit/nppi/nppi_geometry_transforms/test_nppi_copyConstBorder.cpp:67
Expected equality of these values:
  dstData[dstIdx]
    Which is: 0
  borderValue
    Which is: -0.5
Border value mismatch at (16,2)
]]></failure>
      <failure message="/home/cjxu/npp/test/unit/nppi/nppi_geometry_transforms/test_nppi_copyConstBorder.cpp:67&#x0A;Expected equality of these values:&#x0A;  dstData[dstIdx]&#x0A;    Which is: 0&#x0A;  borderValue&#x0A;    Which is: -0.5&#x0A;Border value mismatch at (17,2)&#x0A;" type=""><![CDATA[/home/cjxu/npp/test/unit/nppi/nppi_geometry_transforms/test_nppi_copyConstBorder.cpp:67
Expected equality of these values:
  dstData[dstIdx]
    Which is: 0
  borderValue
    Which is: -0.5
Border value mismatch at (17,2)
]]></failure>
      <failure message="/home/cjxu/npp/test/unit/nppi/nppi_geometry_transforms/test_nppi_copyConstBorder.cpp:67&#x0A;Expected equality of these values:&#x0A;  dstData[dstIdx]&#x0A;    Which is: 0&#x0A;  borderValue&#x0A;    Which is: -0.5&#x0A;Border value mismatch at (18,2)&#x0A;" type=""><![CDATA[/home/cjxu/npp/test/unit/nppi/nppi_geometry_transforms/test_nppi_copyConstBorder.cpp:67
Expected equality of these values:
  dstData[dstIdx]
    Which is: 0
  borderValue
    Which is: -0.5
Border value mismatch at (18,2)
]]></failure>
      <failure message="/home/cjxu/npp/test/unit/nppi/nppi_geometry_transforms/test_nppi_copyConstBorder.cpp:67&#x0A;Expected equality of these values:&#x0A;  dstData[dstIdx]&#x0A;    Which is: 0&#x0A;  borderValue&#x0A;    Which is: -0.5&#x0A;Border value mismatch at (19,2)&#x0A;" type=""><![CDATA[/home/cjxu/npp/test/unit/nppi/nppi_geometry_transforms/test_nppi_copyConstBorder.cpp:67
Expected equality of these values:
  dstData[dstIdx]
    Which is: 0
  borderValue
    Which is: -0.5
Border value mismatch at (19,2)
]]></failure>
      <failure message="/home/cjxu/npp/test/unit/nppi/nppi_geometry_transforms/test_nppi_copyConstBorder.cpp:67&#x0A;Expected equality of these values:&#x0A;  dstData[dstIdx]&#x0A;    Which is: 0&#x0A;  borderValue&#x0A;    Which is: -0.5&#x0A;Border value mismatch at (20,2)&#x0A;" type=""><![CDATA[/home/cjxu/npp/test/unit/nppi/nppi_geometry_transforms/test_nppi_copyConstBorder.cpp:67
Expected equality of these values:
  dstData[dstIdx]
    Which is: 0
  borderValue
    Which is: -0.5
Border value mismatch at (20,2)
]]></failure>
      <failure message="/home/cjxu/npp/test/unit/nppi/nppi_geometry_transforms/test_nppi_copyConstBorder.cpp:67&#x0A;Expected equality of these values:&#x0A;  dstData[dstIdx]&#x0A;    Which is: 0&#x0A;  borderValue&#x0A;    Which is: -0.5&#x0A;Border value mismatch at (21,2)&#x0A;" type=""><![CDATA[/home/cjxu/npp/test/unit/nppi/nppi_geometry_transforms/test_nppi_copyConstBorder.cpp:67
Expected equality of these values:
  dstData[dstIdx]
    Which is: 0
  borderValue
    Which is: -0.5
Border value mismatch at (21,2)
]]></failure>
      <failure message="/home/cjxu/npp/test/unit/nppi/nppi_geometry_transforms/test_nppi_copyConstBorder.cpp:67&#x0A;Expected equality of these values:&#x0A;  dstData[dstIdx]&#x0A;    Which is: 0&#x0A;  borderValue&#x0A;    Which is: -0.5&#x0A;Border value mismatch at (22,2)&#x0A;" type=""><![CDATA[/home/cjxu/npp/test/unit/nppi/nppi_geometry_transforms/test_nppi_copyConstBorder.cpp:67
Expected equality of these values:
  dstData[dstIdx]
    Which is: 0
  borderValue
    Which is: -0.5
Border value mismatch at (22,2)
]]></failure>
      <failure message="/home/cjxu/npp/test/unit/nppi/nppi_geometry_transforms/test_nppi_copyConstBorder.cpp:67&#x0A;Expected equality of these values:&#x0A;  dstData[dstIdx]&#x0A;    Which is: 0&#x0A;  borderValue&#x0A;    Which is: -0.5&#x0A;Border value mismatch at (23,2)&#x0A;" type=""><![CDATA[/home/cjxu/npp/test/unit/nppi/nppi_geometry_transforms/test_nppi_copyConstBorder.cpp:67
Expected equality of these values:
  dstData[dstIdx]
    Which is: 0
  borderValue
    Which is: -0.5
Border value mismatch at (23,2)
]]></failure>
      <failure message="/home/cjxu/npp/test/unit/nppi/nppi_geometry_transforms/test_nppi_copyConstBorder.cpp:67&#x0A;Expected equality of these values:&#x0A;  dstData[dstIdx]&#x0A;    Which is: 0&#x0A;  borderValue&#x0A;    Which is: -0.5&#x0A;Border value mismatch at (0,3)&#x0A;" type=""><![CDATA[/home/cjxu/npp/test/unit/nppi/nppi_geometry_transforms/test_nppi_copyConstBorder.cpp:67
Expected equality of these values:
  dstData[dstIdx]
    Which is: 0
  borderValue
    Which is: -0.5
Border value mismatch at (0,3)
]]></failure>
      <failure message="/home/cjxu/npp/test/unit/nppi/nppi_geometry_transforms/test_nppi_copyConstBorder.cpp:67&#x0A;Expected equality of these values:&#x0A;  dstData[dstIdx]&#x0A;    Which is: 0&#x0A;  borderValue&#x0A;    Which is: -0.5&#x0A;Border value mismatch at (1,3)&#x0A;" type=""><![CDATA[/home/cjxu/npp/test/unit/nppi/nppi_geometry_transforms/test_nppi_copyConstBorder.cpp:67
Expected equality of these values:
  dstData[dstIdx]
    Which is: 0
  borderValue
    Which is: -0.5
Border value mismatch at (1,3)
]]></failure>
      <failure message="/home/cjxu/npp/test/unit/nppi/nppi_geometry_transforms/test_nppi_copyConstBorder.cpp:67&#x0A;Expected equality of these values:&#x0A;  dstData[dstIdx]&#x0A;    Which is: 0&#x0A;  borderValue&#x0A;    Which is: -0.5&#x0A;Border value mismatch at (2,3)&#x0A;" type=""><![CDATA[/home/cjxu/npp/test/unit/nppi/nppi_geometry_transforms/test_nppi_copyConstBorder.cpp:67
Expected equality of these values:
  dstData[dstIdx]
    Which is: 0
  borderValue
    Which is: -0.5
Border value mismatch at (2,3)
]]></failure>
      <failure message="/home/cjxu/npp/test/unit/nppi/nppi_geometry_transforms/test_nppi_copyConstBorder.cpp:67&#x0A;Expected equality of these values:&#x0A;  dstData[dstIdx]&#x0A;    Which is: 0&#x0A;  borderValue&#x0A;    Which is: -0.5&#x0A;Border value mismatch at (3,3)&#x0A;" type=""><![CDATA[/home/cjxu/npp/test/unit/nppi/nppi_geometry_transforms/test_nppi_copyConstBorder.cpp:67
Expected equality of these values:
  dstData[dstIdx]
    Which is: 0
  borderValue
    Which is: -0.5
Border value mismatch at (3,3)
]]></failure>
      <failure message="/home/cjxu/npp/test/unit/nppi/nppi_geometry_transforms/test_nppi_copyConstBorder.cpp:67&#x0A;Expected equality of these values:&#x0A;  dstData[dstIdx]&#x0A;    Which is: 0&#x0A;  borderValue&#x0A;    Which is: -0.5&#x0A;Border value mismatch at (4,3)&#x0A;" type=""><![CDATA[/home/cjxu/npp/test/unit/nppi/nppi_geometry_transforms/test_nppi_copyConstBorder.cpp:67
Expected equality of these values:
  dstData[dstIdx]
    Which is: 0
  borderValue
    Which is: -0.5
Border value mismatch at (4,3)
]]></failure>
      <failure message="/home/cjxu/npp/test/unit/nppi/nppi_geometry_transforms/test_nppi_copyConstBorder.cpp:67&#x0A;Expected equality of these values:&#x0A;  dstData[dstIdx]&#x0A;    Which is: 0&#x0A;  borderValue&#x0A;    Which is: -0.5&#x0A;Border value mismatch at (5,3)&#x0A;" type=""><![CDATA[/home/cjxu/npp/test/unit/nppi/nppi_geometry_transforms/test_nppi_copyConstBorder.cpp:67
Expected equality of these values:
  dstData[dstIdx]
    Which is: 0
  borderValue
    Which is: -0.5
Border value mismatch at (5,3)
]]></failure>
      <failure message="/home/cjxu/npp/test/unit/nppi/nppi_geometry_transforms/test_nppi_copyConstBorder.cpp:67&#x0A;Expected equality of these values:&#x0A;  dstData[dstIdx]&#x0A;    Which is: 0&#x0A;  borderValue&#x0A;    Which is: -0.5&#x0A;Border value mismatch at (6,3)&#x0A;" type=""><![CDATA[/home/cjxu/npp/test/unit/nppi/nppi_geometry_transforms/test_nppi_copyConstBorder.cpp:67
Expected equality of these values:
  dstData[dstIdx]
    Which is: 0
  borderValue
    Which is: -0.5
Border value mismatch at (6,3)
]]></failure>
      <failure message="/home/cjxu/npp/test/unit/nppi/nppi_geometry_transforms/test_nppi_copyConstBorder.cpp:67&#x0A;Expected equality of these values:&#x0A;  dstData[dstIdx]&#x0A;    Which is: 0&#x0A;  borderValue&#x0A;    Which is: -0.5&#x0A;Border value mismatch at (7,3)&#x0A;" type=""><![CDATA[/home/cjxu/npp/test/unit/nppi/nppi_geometry_transforms/test_nppi_copyConstBorder.cpp:67
Expected equality of these values:
  dstData[dstIdx]
    Which is: 0
  borderValue
    Which is: -0.5
Border value mismatch at (7,3)
]]></failure>
      <failure message="/home/cjxu/npp/test/unit/nppi/nppi_geometry_transforms/test_nppi_copyConstBorder.cpp:67&#x0A;Expected equality of these values:&#x0A;  dstData[dstIdx]&#x0A;    Which is: 0&#x0A;  borderValue&#x0A;    Which is: -0.5&#x0A;Border value mismatch at (8,3)&#x0A;" type=""><![CDATA[/home/cjxu/npp/test/unit/nppi/nppi_geometry_transforms/test_nppi_copyConstBorder.cpp:67
Expected equality of these values:
  dstData[dstIdx]
    Which is: 0
  borderValue
    Which is: -0.5
Border value mismatch at (8,3)
]]></failure>
      <failure message="/home/cjxu/npp/test/unit/nppi/nppi_geometry_transforms/test_nppi_copyConstBorder.cpp:67&#x0A;Expected equality of these values:&#x0A;  dstData[dstIdx]&#x0A;    Which is: 0&#x0A;  borderValue&#x0A;    Which is: -0.5&#x0A;Border value mismatch at (9,3)&#x0A;" type=""><![CDATA[/home/cjxu/npp/test/unit/nppi/nppi_geometry_transforms/test_nppi_copyConstBorder.cpp:67
Expected equality of these values:
  dstData[dstIdx]
    Which is: 0
  borderValue
    Which is: -0.5
Border value mismatch at (9,3)
]]></failure>
      <failure message="/home/cjxu/npp/test/unit/nppi/nppi_geometry_transforms/test_nppi_copyConstBorder.cpp:67&#x0A;Expected equality of these values:&#x0A;  dstData[dstIdx]&#x0A;    Which is: 0&#x0A;  borderValue&#x0A;    Which is: -0.5&#x0A;Border value mismatch at (10,3)&#x0A;" type=""><![CDATA[/home/cjxu/npp/test/unit/nppi/nppi_geometry_transforms/test_nppi_copyConstBorder.cpp:67
Expected equality of these values:
  dstData[dstIdx]
    Which is: 0
  borderValue
    Which is: -0.5
Border value mismatch at (10,3)
]]></failure>
      <failure message="/home/cjxu/npp/test/unit/nppi/nppi_geometry_transforms/test_nppi_copyConstBorder.cpp:67&#x0A;Expected equality of these values:&#x0A;  dstData[dstIdx]&#x0A;    Which is: 0&#x0A;  borderValue&#x0A;    Which is: -0.5&#x0A;Border value mismatch at (11,3)&#x0A;" type=""><![CDATA[/home/cjxu/npp/test/unit/nppi/nppi_geometry_transforms/test_nppi_copyConstBorder.cpp:67
Expected equality of these values:
  dstData[dstIdx]
    Which is: 0
  borderValue
    Which is: -0.5
Border value mismatch at (11,3)
]]></failure>
      <failure message="/home/cjxu/npp/test/unit/nppi/nppi_geometry_transforms/test_nppi_copyConstBorder.cpp:67&#x0A;Expected equality of these values:&#x0A;  dstData[dstIdx]&#x0A;    Which is: 0&#x0A;  borderValue&#x0A;    Which is: -0.5&#x0A;Border value mismatch at (12,3)&#x0A;" type=""><![CDATA[/home/cjxu/npp/test/unit/nppi/nppi_geometry_transforms/test_nppi_copyConstBorder.cpp:67
Expected equality of these values:
  dstData[dstIdx]
    Which is: 0
  borderValue
    Which is: -0.5
Border value mismatch at (12,3)
]]></failure>
      <failure message="/home/cjxu/npp/test/unit/nppi/nppi_geometry_transforms/test_nppi_copyConstBorder.cpp:67&#x0A;Expected equality of these values:&#x0A;  dstData[dstIdx]&#x0A;    Which is: 0&#x0A;  borderValue&#x0A;    Which is: -0.5&#x0A;Border value mismatch at (13,3)&#x0A;" type=""><![CDATA[/home/cjxu/npp/test/unit/nppi/nppi_geometry_transforms/test_nppi_copyConstBorder.cpp:67
Expected equality of these values:
  dstData[dstIdx]
    Which is: 0
  borderValue
    Which is: -0.5
Border value mismatch at (13,3)
]]></failure>
      <failure message="/home/cjxu/npp/test/unit/nppi/nppi_geometry_transforms/test_nppi_copyConstBorder.cpp:67&#x0A;Expected equality of these values:&#x0A;  dstData[dstIdx]&#x0A;    Which is: 0&#x0A;  borderValue&#x0A;    Which is: -0.5&#x0A;Border value mismatch at (14,3)&#x0A;" type=""><![CDATA[/home/cjxu/npp/test/unit/nppi/nppi_geometry_transforms/test_nppi_copyConstBorder.cpp:67
Expected equality of these values:
  dstData[dstIdx]
    Which is: 0
  borderValue
    Which is: -0.5
Border value mismatch at (14,3)
]]></failure>
      <failure message="/home/cjxu/npp/test/unit/nppi/nppi_geometry_transforms/test_nppi_copyConstBorder.cpp:67&#x0A;Expected equality of these values:&#x0A;  dstData[dstIdx]&#x0A;    Which is: 0&#x0A;  borderValue&#x0A;    Which is: -0.5&#x0A;Border value mismatch at (15,3)&#x0A;" type=""><![CDATA[/home/cjxu/npp/test/unit/nppi/nppi_geometry_transforms/test_nppi_copyConstBorder.cpp:67
Expected equality of these values:
  dstData[dstIdx]
    Which is: 0
  borderValue
    Which is: -0.5
Border value mismatch at (15,3)
]]></failure>
      <failure message="/home/cjxu/npp/test/unit/nppi/nppi_geometry_transforms/test_nppi_copyConstBorder.cpp:67&#x0A;Expected equality of these values:&#x0A;  dstData[dstIdx]&#x0A;    Which is: 0&#x0A;  borderValue&#x0A;    Which is: -0.5&#x0A;Border value mismatch at (16,3)&#x0A;" type=""><![CDATA[/home/cjxu/npp/test/unit/nppi/nppi_geometry_transforms/test_nppi_copyConstBorder.cpp:67
Expected equality of these values:
  dstData[dstIdx]
    Which is: 0
  borderValue
    Which is: -0.5
Border value mismatch at (16,3)
]]></failure>
      <failure message="/home/cjxu/npp/test/unit/nppi/nppi_geometry_transforms/test_nppi_copyConstBorder.cpp:67&#x0A;Expected equality of these values:&#x0A;  dstData[dstIdx]&#x0A;    Which is: 0&#x0A;  borderValue&#x0A;    Which is: -0.5&#x0A;Border value mismatch at (17,3)&#x0A;" type=""><![CDATA[/home/cjxu/npp/test/unit/nppi/nppi_geometry_transforms/test_nppi_copyConstBorder.cpp:67
Expected equality of these values:
  dstData[dstIdx]
    Which is: 0
  borderValue
    Which is: -0.5
Border value mismatch at (17,3)
]]></failure>
      <failure message="/home/cjxu/npp/test/unit/nppi/nppi_geometry_transforms/test_nppi_copyConstBorder.cpp:67&#x0A;Expected equality of these values:&#x0A;  dstData[dstIdx]&#x0A;    Which is: 0&#x0A;  borderValue&#x0A;    Which is: -0.5&#x0A;Border value mismatch at (18,3)&#x0A;" type=""><![CDATA[/home/cjxu/npp/test/unit/nppi/nppi_geometry_transforms/test_nppi_copyConstBorder.cpp:67
Expected equality of these values:
  dstData[dstIdx]
    Which is: 0
  borderValue
    Which is: -0.5
Border value mismatch at (18,3)
]]></failure>
      <failure message="/home/cjxu/npp/test/unit/nppi/nppi_geometry_transforms/test_nppi_copyConstBorder.cpp:67&#x0A;Expected equality of these values:&#x0A;  dstData[dstIdx]&#x0A;    Which is: 0&#x0A;  borderValue&#x0A;    Which is: -0.5&#x0A;Border value mismatch at (19,3)&#x0A;" type=""><![CDATA[/home/cjxu/npp/test/unit/nppi/nppi_geometry_transforms/test_nppi_copyConstBorder.cpp:67
Expected equality of these values:
  dstData[dstIdx]
    Which is: 0
  borderValue
    Which is: -0.5
Border value mismatch at (19,3)
]]></failure>
      <failure message="/home/cjxu/npp/test/unit/nppi/nppi_geometry_transforms/test_nppi_copyConstBorder.cpp:67&#x0A;Expected equality of these values:&#x0A;  dstData[dstIdx]&#x0A;    Which is: 0&#x0A;  borderValue&#x0A;    Which is: -0.5&#x0A;Border value mismatch at (20,3)&#x0A;" type=""><![CDATA[/home/cjxu/npp/test/unit/nppi/nppi_geometry_transforms/test_nppi_copyConstBorder.cpp:67
Expected equality of these values:
  dstData[dstIdx]
    Which is: 0
  borderValue
    Which is: -0.5
Border value mismatch at (20,3)
]]></failure>
      <failure message="/home/cjxu/npp/test/unit/nppi/nppi_geometry_transforms/test_nppi_copyConstBorder.cpp:67&#x0A;Expected equality of these values:&#x0A;  dstData[dstIdx]&#x0A;    Which is: 0&#x0A;  borderValue&#x0A;    Which is: -0.5&#x0A;Border value mismatch at (21,3)&#x0A;" type=""><![CDATA[/home/cjxu/npp/test/unit/nppi/nppi_geometry_transforms/test_nppi_copyConstBorder.cpp:67
Expected equality of these values:
  dstData[dstIdx]
    Which is: 0
  borderValue
    Which is: -0.5
Border value mismatch at (21,3)
]]></failure>
      <failure message="/home/cjxu/npp/test/unit/nppi/nppi_geometry_transforms/test_nppi_copyConstBorder.cpp:67&#x0A;Expected equality of these values:&#x0A;  dstData[dstIdx]&#x0A;    Which is: 0&#x0A;  borderValue&#x0A;    Which is: -0.5&#x0A;Border value mismatch at (22,3)&#x0A;" type=""><![CDATA[/home/cjxu/npp/test/unit/nppi/nppi_geometry_transforms/test_nppi_copyConstBorder.cpp:67
Expected equality of these values:
  dstData[dstIdx]
    Which is: 0
  borderValue
    Which is: -0.5
Border value mismatch at (22,3)
]]></failure>
      <failure message="/home/cjxu/npp/test/unit/nppi/nppi_geometry_transforms/test_nppi_copyConstBorder.cpp:67&#x0A;Expected equality of these values:&#x0A;  dstData[dstIdx]&#x0A;    Which is: 0&#x0A;  borderValue&#x0A;    Which is: -0.5&#x0A;Border value mismatch at (23,3)&#x0A;" type=""><![CDATA[/home/cjxu/npp/test/unit/nppi/nppi_geometry_transforms/test_nppi_copyConstBorder.cpp:67
Expected equality of these values:
  dstData[dstIdx]
    Which is: 0
  borderValue
    Which is: -0.5
Border value mismatch at (23,3)
]]></failure>
      <failure message="/home/cjxu/npp/test/unit/nppi/nppi_geometry_transforms/test_nppi_copyConstBorder.cpp:67&#x0A;Expected equality of these values:&#x0A;  dstData[dstIdx]&#x0A;    Which is: 0&#x0A;  borderValue&#x0A;    Which is: -0.5&#x0A;Border value mismatch at (0,4)&#x0A;" type=""><![CDATA[/home/cjxu/npp/test/unit/nppi/nppi_geometry_transforms/test_nppi_copyConstBorder.cpp:67
Expected equality of these values:
  dstData[dstIdx]
    Which is: 0
  borderValue
    Which is: -0.5
Border value mismatch at (0,4)
]]></failure>
      <failure message="/home/cjxu/npp/test/unit/nppi/nppi_geometry_transforms/test_nppi_copyConstBorder.cpp:67&#x0A;Expected equality of these values:&#x0A;  dstData[dstIdx]&#x0A;    Which is: 0&#x0A;  borderValue&#x0A;    Which is: -0.5&#x0A;Border value mismatch at (1,4)&#x0A;" type=""><![CDATA[/home/cjxu/npp/test/unit/nppi/nppi_geometry_transforms/test_nppi_copyConstBorder.cpp:67
Expected equality of these values:
  dstData[dstIdx]
    Which is: 0
  borderValue
    Which is: -0.5
Border value mismatch at (1,4)
]]></failure>
      <failure message="/home/cjxu/npp/test/unit/nppi/nppi_geometry_transforms/test_nppi_copyConstBorder.cpp:67&#x0A;Expected equality of these values:&#x0A;  dstData[dstIdx]&#x0A;    Which is: 0&#x0A;  borderValue&#x0A;    Which is: -0.5&#x0A;Border value mismatch at (2,4)&#x0A;" type=""><![CDATA[/home/cjxu/npp/test/unit/nppi/nppi_geometry_transforms/test_nppi_copyConstBorder.cpp:67
Expected equality of these values:
  dstData[dstIdx]
    Which is: 0
  borderValue
    Which is: -0.5
Border value mismatch at (2,4)
]]></failure>
      <failure message="/home/cjxu/npp/test/unit/nppi/nppi_geometry_transforms/test_nppi_copyConstBorder.cpp:63&#x0A;Expected equality of these values:&#x0A;  dstData[dstIdx]&#x0A;    Which is: 0&#x0A;  srcData[srcIdx]&#x0A;    Which is: 0.356686473&#x0A;Source copy mismatch at dst(3,4) src(0,0)&#x0A;" type=""><![CDATA[/home/cjxu/npp/test/unit/nppi/nppi_geometry_transforms/test_nppi_copyConstBorder.cpp:63
Expected equality of these values:
  dstData[dstIdx]
    Which is: 0
  srcData[srcIdx]
    Which is: 0.356686473
Source copy mismatch at dst(3,4) src(0,0)
]]></failure>
      <failure message="/home/cjxu/npp/test/unit/nppi/nppi_geometry_transforms/test_nppi_copyConstBorder.cpp:63&#x0A;Expected equality of these values:&#x0A;  dstData[dstIdx]&#x0A;    Which is: 0&#x0A;  srcData[srcIdx]&#x0A;    Which is: -0.794293225&#x0A;Source copy mismatch at dst(4,4) src(1,0)&#x0A;" type=""><![CDATA[/home/cjxu/npp/test/unit/nppi/nppi_geometry_transforms/test_nppi_copyConstBorder.cpp:63
Expected equality of these values:
  dstData[dstIdx]
    Which is: 0
  srcData[srcIdx]
    Which is: -0.794293225
Source copy mismatch at dst(4,4) src(1,0)
]]></failure>
      <failure message="/home/cjxu/npp/test/unit/nppi/nppi_geometry_transforms/test_nppi_copyConstBorder.cpp:63&#x0A;Expected equality of these values:&#x0A;  dstData[dstIdx]&#x0A;    Which is: 0&#x0A;  srcData[srcIdx]&#x0A;    Which is: 0.0438922644&#x0A;Source copy mismatch at dst(5,4) src(2,0)&#x0A;" type=""><![CDATA[/home/cjxu/npp/test/unit/nppi/nppi_geometry_transforms/test_nppi_copyConstBorder.cpp:63
Expected equality of these values:
  dstData[dstIdx]
    Which is: 0
  srcData[srcIdx]
    Which is: 0.0438922644
Source copy mismatch at dst(5,4) src(2,0)
]]></failure>
      <failure message="/home/cjxu/npp/test/unit/nppi/nppi_geometry_transforms/test_nppi_copyConstBorder.cpp:63&#x0A;Expected equality of these values:&#x0A;  dstData[dstIdx]&#x0A;    Which is: 0&#x0A;  srcData[srcIdx]&#x0A;    Which is: 0.979386806&#x0A;Source copy mismatch at dst(6,4) src(3,0)&#x0A;" type=""><![CDATA[/home/cjxu/npp/test/unit/nppi/nppi_geometry_transforms/test_nppi_copyConstBorder.cpp:63
Expected equality of these values:
  dstData[dstIdx]
    Which is: 0
  srcData[srcIdx]
    Which is: 0.979386806
Source copy mismatch at dst(6,4) src(3,0)
]]></failure>
      <failure message="/home/cjxu/npp/test/unit/nppi/nppi_geometry_transforms/test_nppi_copyConstBorder.cpp:63&#x0A;Expected equality of these values:&#x0A;  dstData[dstIdx]&#x0A;    Which is: 0&#x0A;  srcData[srcIdx]&#x0A;    Which is: -0.253883243&#x0A;Source copy mismatch at dst(7,4) src(4,0)&#x0A;" type=""><![CDATA[/home/cjxu/npp/test/unit/nppi/nppi_geometry_transforms/test_nppi_copyConstBorder.cpp:63
Expected equality of these values:
  dstData[dstIdx]
    Which is: 0
  srcData[srcIdx]
    Which is: -0.253883243
Source copy mismatch at dst(7,4) src(4,0)
]]></failure>
      <failure message="/home/cjxu/npp/test/unit/nppi/nppi_geometry_transforms/test_nppi_copyConstBorder.cpp:63&#x0A;Expected equality of these values:&#x0A;  dstData[dstIdx]&#x0A;    Which is: 0&#x0A;  srcData[srcIdx]&#x0A;    Which is: -0.609438062&#x0A;Source copy mismatch at dst(8,4) src(5,0)&#x0A;" type=""><![CDATA[/home/cjxu/npp/test/unit/nppi/nppi_geometry_transforms/test_nppi_copyConstBorder.cpp:63
Expected equality of these values:
  dstData[dstIdx]
    Which is: 0
  srcData[srcIdx]
    Which is: -0.609438062
Source copy mismatch at dst(8,4) src(5,0)
]]></failure>
      <failure message="/home/cjxu/npp/test/unit/nppi/nppi_geometry_transforms/test_nppi_copyConstBorder.cpp:63&#x0A;Expected equality of these values:&#x0A;  dstData[dstIdx]&#x0A;    Which is: 0&#x0A;  srcData[srcIdx]&#x0A;    Which is: 0.00768005848&#x0A;Source copy mismatch at dst(9,4) src(6,0)&#x0A;" type=""><![CDATA[/home/cjxu/npp/test/unit/nppi/nppi_geometry_transforms/test_nppi_copyConstBorder.cpp:63
Expected equality of these values:
  dstData[dstIdx]
    Which is: 0
  srcData[srcIdx]
    Which is: 0.00768005848
Source copy mismatch at dst(9,4) src(6,0)
]]></failure>
      <failure message="/home/cjxu/npp/test/unit/nppi/nppi_geometry_transforms/test_nppi_copyConstBorder.cpp:63&#x0A;Expected equality of these values:&#x0A;  dstData[dstIdx]&#x0A;    Which is: 0&#x0A;  srcData[srcIdx]&#x0A;    Which is: -0.0196358562&#x0A;Source copy mismatch at dst(10,4) src(7,0)&#x0A;" type=""><![CDATA[/home/cjxu/npp/test/unit/nppi/nppi_geometry_transforms/test_nppi_copyConstBorder.cpp:63
Expected equality of these values:
  dstData[dstIdx]
    Which is: 0
  srcData[srcIdx]
    Which is: -0.0196358562
Source copy mismatch at dst(10,4) src(7,0)
]]></failure>
      <failure message="/home/cjxu/npp/test/unit/nppi/nppi_geometry_transforms/test_nppi_copyConstBorder.cpp:63&#x0A;Expected equality of these values:&#x0A;  dstData[dstIdx]&#x0A;    Which is: 0&#x0A;  srcData[srcIdx]&#x0A;    Which is: 0.629714&#x0A;Source copy mismatch at dst(11,4) src(8,0)&#x0A;" type=""><![CDATA[/home/cjxu/npp/test/unit/nppi/nppi_geometry_transforms/test_nppi_copyConstBorder.cpp:63
Expected equality of these values:
  dstData[dstIdx]
    Which is: 0
  srcData[srcIdx]
    Which is: 0.629714
Source copy mismatch at dst(11,4) src(8,0)
]]></failure>
      <failure message="/home/cjxu/npp/test/unit/nppi/nppi_geometry_transforms/test_nppi_copyConstBorder.cpp:63&#x0A;Expected equality of these values:&#x0A;  dstData[dstIdx]&#x0A;    Which is: 0&#x0A;  srcData[srcIdx]&#x0A;    Which is: 0.478587389&#x0A;Source copy mismatch at dst(12,4) src(9,0)&#x0A;" type=""><![CDATA[/home/cjxu/npp/test/unit/nppi/nppi_geometry_transforms/test_nppi_copyConstBorder.cpp:63
Expected equality of these values:
  dstData[dstIdx]
    Which is: 0
  srcData[srcIdx]
    Which is: 0.478587389
Source copy mismatch at dst(12,4) src(9,0)
]]></failure>
      <failure message="/home/cjxu/npp/test/unit/nppi/nppi_geometry_transforms/test_nppi_copyConstBorder.cpp:63&#x0A;Expected equality of these values:&#x0A;  dstData[dstIdx]&#x0A;    Which is: 0&#x0A;  srcData[srcIdx]&#x0A;    Which is: -0.353868365&#x0A;Source copy mismatch at dst(13,4) src(10,0)&#x0A;" type=""><![CDATA[/home/cjxu/npp/test/unit/nppi/nppi_geometry_transforms/test_nppi_copyConstBorder.cpp:63
Expected equality of these values:
  dstData[dstIdx]
    Which is: 0
  srcData[srcIdx]
    Which is: -0.353868365
Source copy mismatch at dst(13,4) src(10,0)
]]></failure>
      <failure message="/home/cjxu/npp/test/unit/nppi/nppi_geometry_transforms/test_nppi_copyConstBorder.cpp:63&#x0A;Expected equality of these values:&#x0A;  dstData[dstIdx]&#x0A;    Which is: 0&#x0A;  srcData[srcIdx]&#x0A;    Which is: -0.954877377&#x0A;Source copy mismatch at dst(14,4) src(11,0)&#x0A;" type=""><![CDATA[/home/cjxu/npp/test/unit/nppi/nppi_geometry_transforms/test_nppi_copyConstBorder.cpp:63
Expected equality of these values:
  dstData[dstIdx]
    Which is: 0
  srcData[srcIdx]
    Which is: -0.954877377
Source copy mismatch at dst(14,4) src(11,0)
]]></failure>
      <failure message="/home/cjxu/npp/test/unit/nppi/nppi_geometry_transforms/test_nppi_copyConstBorder.cpp:63&#x0A;Expected equality of these values:&#x0A;  dstData[dstIdx]&#x0A;    Which is: 0&#x0A;  srcData[srcIdx]&#x0A;    Which is: -0.409988642&#x0A;Source copy mismatch at dst(15,4) src(12,0)&#x0A;" type=""><![CDATA[/home/cjxu/npp/test/unit/nppi/nppi_geometry_transforms/test_nppi_copyConstBorder.cpp:63
Expected equality of these values:
  dstData[dstIdx]
    Which is: 0
  srcData[srcIdx]
    Which is: -0.409988642
Source copy mismatch at dst(15,4) src(12,0)
]]></failure>
      <failure message="/home/cjxu/npp/test/unit/nppi/nppi_geometry_transforms/test_nppi_copyConstBorder.cpp:63&#x0A;Expected equality of these values:&#x0A;  dstData[dstIdx]&#x0A;    Which is: 0&#x0A;  srcData[srcIdx]&#x0A;    Which is: 0.270159841&#x0A;Source copy mismatch at dst(16,4) src(13,0)&#x0A;" type=""><![CDATA[/home/cjxu/npp/test/unit/nppi/nppi_geometry_transforms/test_nppi_copyConstBorder.cpp:63
Expected equality of these values:
  dstData[dstIdx]
    Which is: 0
  srcData[srcIdx]
    Which is: 0.270159841
Source copy mismatch at dst(16,4) src(13,0)
]]></failure>
      <failure message="/home/cjxu/npp/test/unit/nppi/nppi_geometry_transforms/test_nppi_copyConstBorder.cpp:63&#x0A;Expected equality of these values:&#x0A;  dstData[dstIdx]&#x0A;    Which is: 0&#x0A;  srcData[srcIdx]&#x0A;    Which is: -0.582936525&#x0A;Source copy mismatch at dst(17,4) src(14,0)&#x0A;" type=""><![CDATA[/home/cjxu/npp/test/unit/nppi/nppi_geometry_transforms/test_nppi_copyConstBorder.cpp:63
Expected equality of these values:
  dstData[dstIdx]
    Which is: 0
  srcData[srcIdx]
    Which is: -0.582936525
Source copy mismatch at dst(17,4) src(14,0)
]]></failure>
      <failure message="/home/cjxu/npp/test/unit/nppi/nppi_geometry_transforms/test_nppi_copyConstBorder.cpp:63&#x0A;Expected equality of these values:&#x0A;  dstData[dstIdx]&#x0A;    Which is: 0&#x0A;  srcData[srcIdx]&#x0A;    Which is: 0.503559232&#x0A;Source copy mismatch at dst(18,4) src(15,0)&#x0A;" type=""><![CDATA[/home/cjxu/npp/test/unit/nppi/nppi_geometry_transforms/test_nppi_copyConstBorder.cpp:63
Expected equality of these values:
  dstData[dstIdx]
    Which is: 0
  srcData[srcIdx]
    Which is: 0.503559232
Source copy mismatch at dst(18,4) src(15,0)
]]></failure>
      <failure message="/home/cjxu/npp/test/unit/nppi/nppi_geometry_transforms/test_nppi_copyConstBorder.cpp:67&#x0A;Expected equality of these values:&#x0A;  dstData[dstIdx]&#x0A;    Which is: 0&#x0A;  borderValue&#x0A;    Which is: -0.5&#x0A;Border value mismatch at (19,4)&#x0A;" type=""><![CDATA[/home/cjxu/npp/test/unit/nppi/nppi_geometry_transforms/test_nppi_copyConstBorder.cpp:67
Expected equality of these values:
  dstData[dstIdx]
    Which is: 0
  borderValue
    Which is: -0.5
Border value mismatch at (19,4)
]]></failure>
      <failure message="/home/cjxu/npp/test/unit/nppi/nppi_geometry_transforms/test_nppi_copyConstBorder.cpp:67&#x0A;Expected equality of these values:&#x0A;  dstData[dstIdx]&#x0A;    Which is: 0&#x0A;  borderValue&#x0A;    Which is: -0.5&#x0A;Border value mismatch at (20,4)&#x0A;" type=""><![CDATA[/home/cjxu/npp/test/unit/nppi/nppi_geometry_transforms/test_nppi_copyConstBorder.cpp:67
Expected equality of these values:
  dstData[dstIdx]
    Which is: 0
  borderValue
    Which is: -0.5
Border value mismatch at (20,4)
]]></failure>
      <failure message="/home/cjxu/npp/test/unit/nppi/nppi_geometry_transforms/test_nppi_copyConstBorder.cpp:67&#x0A;Expected equality of these values:&#x0A;  dstData[dstIdx]&#x0A;    Which is: 0&#x0A;  borderValue&#x0A;    Which is: -0.5&#x0A;Border value mismatch at (21,4)&#x0A;" type=""><![CDATA[/home/cjxu/npp/test/unit/nppi/nppi_geometry_transforms/test_nppi_copyConstBorder.cpp:67
Expected equality of these values:
  dstData[dstIdx]
    Which is: 0
  borderValue
    Which is: -0.5
Border value mismatch at (21,4)
]]></failure>
      <failure message="/home/cjxu/npp/test/unit/nppi/nppi_geometry_transforms/test_nppi_copyConstBorder.cpp:67&#x0A;Expected equality of these values:&#x0A;  dstData[dstIdx]&#x0A;    Which is: 0&#x0A;  borderValue&#x0A;    Which is: -0.5&#x0A;Border value mismatch at (22,4)&#x0A;" type=""><![CDATA[/home/cjxu/npp/test/unit/nppi/nppi_geometry_transforms/test_nppi_copyConstBorder.cpp:67
Expected equality of these values:
  dstData[dstIdx]
    Which is: 0
  borderValue
    Which is: -0.5
Border value mismatch at (22,4)
]]></failure>
      <failure message="/home/cjxu/npp/test/unit/nppi/nppi_geometry_transforms/test_nppi_copyConstBorder.cpp:67&#x0A;Expected equality of these values:&#x0A;  dstData[dstIdx]&#x0A;    Which is: 0&#x0A;  borderValue&#x0A;    Which is: -0.5&#x0A;Border value mismatch at (23,4)&#x0A;" type=""><![CDATA[/home/cjxu/npp/test/unit/nppi/nppi_geometry_transforms/test_nppi_copyConstBorder.cpp:67
Expected equality of these values:
  dstData[dstIdx]
    Which is: 0
  borderValue
    Which is: -0.5
Border value mismatch at (23,4)
]]></failure>
      <failure message="/home/cjxu/npp/test/unit/nppi/nppi_geometry_transforms/test_nppi_copyConstBorder.cpp:67&#x0A;Expected equality of these values:&#x0A;  dstData[dstIdx]&#x0A;    Which is: 0&#x0A;  borderValue&#x0A;    Which is: -0.5&#x0A;Border value mismatch at (0,5)&#x0A;" type=""><![CDATA[/home/cjxu/npp/test/unit/nppi/nppi_geometry_transforms/test_nppi_copyConstBorder.cpp:67
Expected equality of these values:
  dstData[dstIdx]
    Which is: 0
  borderValue
    Which is: -0.5
Border value mismatch at (0,5)
]]></failure>
      <failure message="/home/cjxu/npp/test/unit/nppi/nppi_geometry_transforms/test_nppi_copyConstBorder.cpp:67&#x0A;Expected equality of these values:&#x0A;  dstData[dstIdx]&#x0A;    Which is: 0&#x0A;  borderValue&#x0A;    Which is: -0.5&#x0A;Border value mismatch at (1,5)&#x0A;" type=""><![CDATA[/home/cjxu/npp/test/unit/nppi/nppi_geometry_transforms/test_nppi_copyConstBorder.cpp:67
Expected equality of these values:
  dstData[dstIdx]
    Which is: 0
  borderValue
    Which is: -0.5
Border value mismatch at (1,5)
]]></failure>
      <failure message="/home/cjxu/npp/test/unit/nppi/nppi_geometry_transforms/test_nppi_copyConstBorder.cpp:67&#x0A;Expected equality of these values:&#x0A;  dstData[dstIdx]&#x0A;    Which is: 0&#x0A;  borderValue&#x0A;    Which is: -0.5&#x0A;Border value mismatch at (2,5)&#x0A;" type=""><![CDATA[/home/cjxu/npp/test/unit/nppi/nppi_geometry_transforms/test_nppi_copyConstBorder.cpp:67
Expected equality of these values:
  dstData[dstIdx]
    Which is: 0
  borderValue
    Which is: -0.5
Border value mismatch at (2,5)
]]></failure>
      <failure message="/home/cjxu/npp/test/unit/nppi/nppi_geometry_transforms/test_nppi_copyConstBorder.cpp:63&#x0A;Expected equality of these values:&#x0A;  dstData[dstIdx]&#x0A;    Which is: 0&#x0A;  srcData[srcIdx]&#x0A;    Which is: 0.268710017&#x0A;Source copy mismatch at dst(3,5) src(0,1)&#x0A;" type=""><![CDATA[/home/cjxu/npp/test/unit/nppi/nppi_geometry_transforms/test_nppi_copyConstBorder.cpp:63
Expected equality of these values:
  dstData[dstIdx]
    Which is: 0
  srcData[srcIdx]
    Which is: 0.268710017
Source copy mismatch at dst(3,5) src(0,1)
]]></failure>
      <failure message="/home/cjxu/npp/test/unit/nppi/nppi_geometry_transforms/test_nppi_copyConstBorder.cpp:63&#x0A;Expected equality of these values:&#x0A;  dstData[dstIdx]&#x0A;    Which is: 0&#x0A;  srcData[srcIdx]&#x0A;    Which is: 0.606414676&#x0A;Source copy mismatch at dst(4,5) src(1,1)&#x0A;" type=""><![CDATA[/home/cjxu/npp/test/unit/nppi/nppi_geometry_transforms/test_nppi_copyConstBorder.cpp:63
Expected equality of these values:
  dstData[dstIdx]
    Which is: 0
  srcData[srcIdx]
    Which is: 0.606414676
Source copy mismatch at dst(4,5) src(1,1)
]]></failure>
      <failure message="/home/cjxu/npp/test/unit/nppi/nppi_geometry_transforms/test_nppi_copyConstBorder.cpp:63&#x0A;Expected equality of these values:&#x0A;  dstData[dstIdx]&#x0A;    Which is: 0&#x0A;  srcData[srcIdx]&#x0A;    Which is: -0.811531067&#x0A;Source copy mismatch at dst(5,5) src(2,1)&#x0A;" type=""><![CDATA[/home/cjxu/npp/test/unit/nppi/nppi_geometry_transforms/test_nppi_copyConstBorder.cpp:63
Expected equality of these values:
  dstData[dstIdx]
    Which is: 0
  srcData[srcIdx]
    Which is: -0.811531067
Source copy mismatch at dst(5,5) src(2,1)
]]></failure>
      <failure message="/home/cjxu/npp/test/unit/nppi/nppi_geometry_transforms/test_nppi_copyConstBorder.cpp:63&#x0A;Expected equality of these values:&#x0A;  dstData[dstIdx]&#x0A;    Which is: 0&#x0A;  srcData[srcIdx]&#x0A;    Which is: -0.0378463268&#x0A;Source copy mismatch at dst(6,5) src(3,1)&#x0A;" type=""><![CDATA[/home/cjxu/npp/test/unit/nppi/nppi_geometry_transforms/test_nppi_copyConstBorder.cpp:63
Expected equality of these values:
  dstData[dstIdx]
    Which is: 0
  srcData[srcIdx]
    Which is: -0.0378463268
Source copy mismatch at dst(6,5) src(3,1)
]]></failure>
      <failure message="/home/cjxu/npp/test/unit/nppi/nppi_geometry_transforms/test_nppi_copyConstBorder.cpp:63&#x0A;Expected equality of these values:&#x0A;  dstData[dstIdx]&#x0A;    Which is: 0&#x0A;  srcData[srcIdx]&#x0A;    Which is: -0.850427806&#x0A;Source copy mismatch at dst(7,5) src(4,1)&#x0A;" type=""><![CDATA[/home/cjxu/npp/test/unit/nppi/nppi_geometry_transforms/test_nppi_copyConstBorder.cpp:63
Expected equality of these values:
  dstData[dstIdx]
    Which is: 0
  srcData[srcIdx]
    Which is: -0.850427806
Source copy mismatch at dst(7,5) src(4,1)
]]></failure>
      <failure message="/home/cjxu/npp/test/unit/nppi/nppi_geometry_transforms/test_nppi_copyConstBorder.cpp:63&#x0A;Expected equality of these values:&#x0A;  dstData[dstIdx]&#x0A;    Which is: 0&#x0A;  srcData[srcIdx]&#x0A;    Which is: 0.995745182&#x0A;Source copy mismatch at dst(8,5) src(5,1)&#x0A;" type=""><![CDATA[/home/cjxu/npp/test/unit/nppi/nppi_geometry_transforms/test_nppi_copyConstBorder.cpp:63
Expected equality of these values:
  dstData[dstIdx]
    Which is: 0
  srcData[srcIdx]
    Which is: 0.995745182
Source copy mismatch at dst(8,5) src(5,1)
]]></failure>
      <failure message="/home/cjxu/npp/test/unit/nppi/nppi_geometry_transforms/test_nppi_copyConstBorder.cpp:63&#x0A;Expected equality of these values:&#x0A;  dstData[dstIdx]&#x0A;    Which is: 0&#x0A;  srcData[srcIdx]&#x0A;    Which is: -0.884184361&#x0A;Source copy mismatch at dst(9,5) src(6,1)&#x0A;" type=""><![CDATA[/home/cjxu/npp/test/unit/nppi/nppi_geometry_transforms/test_nppi_copyConstBorder.cpp:63
Expected equality of these values:
  dstData[dstIdx]
    Which is: 0
  srcData[srcIdx]
    Which is: -0.884184361
Source copy mismatch at dst(9,5) src(6,1)
]]></failure>
      <failure message="/home/cjxu/npp/test/unit/nppi/nppi_geometry_transforms/test_nppi_copyConstBorder.cpp:63&#x0A;Expected equality of these values:&#x0A;  dstData[dstIdx]&#x0A;    Which is: 0&#x0A;  srcData[srcIdx]&#x0A;    Which is: 0.578979492&#x0A;Source copy mismatch at dst(10,5) src(7,1)&#x0A;" type=""><![CDATA[/home/cjxu/npp/test/unit/nppi/nppi_geometry_transforms/test_nppi_copyConstBorder.cpp:63
Expected equality of these values:
  dstData[dstIdx]
    Which is: 0
  srcData[srcIdx]
    Which is: 0.578979492
Source copy mismatch at dst(10,5) src(7,1)
]]></failure>
      <failure message="/home/cjxu/npp/test/unit/nppi/nppi_geometry_transforms/test_nppi_copyConstBorder.cpp:63&#x0A;Expected equality of these values:&#x0A;  dstData[dstIdx]&#x0A;    Which is: 0&#x0A;  srcData[srcIdx]&#x0A;    Which is: 0.715881705&#x0A;Source copy mismatch at dst(11,5) src(8,1)&#x0A;" type=""><![CDATA[/home/cjxu/npp/test/unit/nppi/nppi_geometry_transforms/test_nppi_copyConstBorder.cpp:63
Expected equality of these values:
  dstData[dstIdx]
    Which is: 0
  srcData[srcIdx]
    Which is: 0.715881705
Source copy mismatch at dst(11,5) src(8,1)
]]></failure>
      <failure message="/home/cjxu/npp/test/unit/nppi/nppi_geometry_transforms/test_nppi_copyConstBorder.cpp:63&#x0A;Expected equality of these values:&#x0A;  dstData[dstIdx]&#x0A;    Which is: 0&#x0A;  srcData[srcIdx]&#x0A;    Which is: -0.36682415&#x0A;Source copy mismatch at dst(12,5) src(9,1)&#x0A;" type=""><![CDATA[/home/cjxu/npp/test/unit/nppi/nppi_geometry_transforms/test_nppi_copyConstBorder.cpp:63
Expected equality of these values:
  dstData[dstIdx]
    Which is: 0
  srcData[srcIdx]
    Which is: -0.36682415
Source copy mismatch at dst(12,5) src(9,1)
]]></failure>
      <failure message="/home/cjxu/npp/test/unit/nppi/nppi_geometry_transforms/test_nppi_copyConstBorder.cpp:63&#x0A;Expected equality of these values:&#x0A;  dstData[dstIdx]&#x0A;    Which is: 0&#x0A;  srcData[srcIdx]&#x0A;    Which is: -0.40768671&#x0A;Source copy mismatch at dst(13,5) src(10,1)&#x0A;" type=""><![CDATA[/home/cjxu/npp/test/unit/nppi/nppi_geometry_transforms/test_nppi_copyConstBorder.cpp:63
Expected equality of these values:
  dstData[dstIdx]
    Which is: 0
  srcData[srcIdx]
    Which is: -0.40768671
Source copy mismatch at dst(13,5) src(10,1)
]]></failure>
      <failure message="/home/cjxu/npp/test/unit/nppi/nppi_geometry_transforms/test_nppi_copyConstBorder.cpp:63&#x0A;Expected equality of these values:&#x0A;  dstData[dstIdx]&#x0A;    Which is: 0&#x0A;  srcData[srcIdx]&#x0A;    Which is: 0.947951674&#x0A;Source copy mismatch at dst(14,5) src(11,1)&#x0A;" type=""><![CDATA[/home/cjxu/npp/test/unit/nppi/nppi_geometry_transforms/test_nppi_copyConstBorder.cpp:63
Expected equality of these values:
  dstData[dstIdx]
    Which is: 0
  srcData[srcIdx]
    Which is: 0.947951674
Source copy mismatch at dst(14,5) src(11,1)
]]></failure>
      <failure message="/home/cjxu/npp/test/unit/nppi/nppi_geometry_transforms/test_nppi_copyConstBorder.cpp:63&#x0A;Expected equality of these values:&#x0A;  dstData[dstIdx]&#x0A;    Which is: 0&#x0A;  srcData[srcIdx]&#x0A;    Which is: 0.429257393&#x0A;Source copy mismatch at dst(15,5) src(12,1)&#x0A;" type=""><![CDATA[/home/cjxu/npp/test/unit/nppi/nppi_geometry_transforms/test_nppi_copyConstBorder.cpp:63
Expected equality of these values:
  dstData[dstIdx]
    Which is: 0
  srcData[srcIdx]
    Which is: 0.429257393
Source copy mismatch at dst(15,5) src(12,1)
]]></failure>
      <failure message="/home/cjxu/npp/test/unit/nppi/nppi_geometry_transforms/test_nppi_copyConstBorder.cpp:63&#x0A;Expected equality of these values:&#x0A;  dstData[dstIdx]&#x0A;    Which is: 0&#x0A;  srcData[srcIdx]&#x0A;    Which is: -0.85272789&#x0A;Source copy mismatch at dst(16,5) src(13,1)&#x0A;" type=""><![CDATA[/home/cjxu/npp/test/unit/nppi/nppi_geometry_transforms/test_nppi_copyConstBorder.cpp:63
Expected equality of these values:
  dstData[dstIdx]
    Which is: 0
  srcData[srcIdx]
    Which is: -0.85272789
Source copy mismatch at dst(16,5) src(13,1)
]]></failure>
      <failure message="/home/cjxu/npp/test/unit/nppi/nppi_geometry_transforms/test_nppi_copyConstBorder.cpp:63&#x0A;Expected equality of these values:&#x0A;  dstData[dstIdx]&#x0A;    Which is: 0&#x0A;  srcData[srcIdx]&#x0A;    Which is: 0.576815724&#x0A;Source copy mismatch at dst(17,5) src(14,1)&#x0A;" type=""><![CDATA[/home/cjxu/npp/test/unit/nppi/nppi_geometry_transforms/test_nppi_copyConstBorder.cpp:63
Expected equality of these values:
  dstData[dstIdx]
    Which is: 0
  srcData[srcIdx]
    Which is: 0.576815724
Source copy mismatch at dst(17,5) src(14,1)
]]></failure>
      <failure message="/home/cjxu/npp/test/unit/nppi/nppi_geometry_transforms/test_nppi_copyConstBorder.cpp:63&#x0A;Expected equality of these values:&#x0A;  dstData[dstIdx]&#x0A;    Which is: 0&#x0A;  srcData[srcIdx]&#x0A;    Which is: -0.214056134&#x0A;Source copy mismatch at dst(18,5) src(15,1)&#x0A;" type=""><![CDATA[/home/cjxu/npp/test/unit/nppi/nppi_geometry_transforms/test_nppi_copyConstBorder.cpp:63
Expected equality of these values:
  dstData[dstIdx]
    Which is: 0
  srcData[srcIdx]
    Which is: -0.214056134
Source copy mismatch at dst(18,5) src(15,1)
]]></failure>
      <failure message="/home/cjxu/npp/test/unit/nppi/nppi_geometry_transforms/test_nppi_copyConstBorder.cpp:67&#x0A;Expected equality of these values:&#x0A;  dstData[dstIdx]&#x0A;    Which is: 0&#x0A;  borderValue&#x0A;    Which is: -0.5&#x0A;Border value mismatch at (19,5)&#x0A;" type=""><![CDATA[/home/cjxu/npp/test/unit/nppi/nppi_geometry_transforms/test_nppi_copyConstBorder.cpp:67
Expected equality of these values:
  dstData[dstIdx]
    Which is: 0
  borderValue
    Which is: -0.5
Border value mismatch at (19,5)
]]></failure>
      <failure message="/home/cjxu/npp/test/unit/nppi/nppi_geometry_transforms/test_nppi_copyConstBorder.cpp:67&#x0A;Expected equality of these values:&#x0A;  dstData[dstIdx]&#x0A;    Which is: 0&#x0A;  borderValue&#x0A;    Which is: -0.5&#x0A;Border value mismatch at (20,5)&#x0A;" type=""><![CDATA[/home/cjxu/npp/test/unit/nppi/nppi_geometry_transforms/test_nppi_copyConstBorder.cpp:67
Expected equality of these values:
  dstData[dstIdx]
    Which is: 0
  borderValue
    Which is: -0.5
Border value mismatch at (20,5)
]]></failure>
      <failure message="/home/cjxu/npp/test/unit/nppi/nppi_geometry_transforms/test_nppi_copyConstBorder.cpp:67&#x0A;Expected equality of these values:&#x0A;  dstData[dstIdx]&#x0A;    Which is: 0&#x0A;  borderValue&#x0A;    Which is: -0.5&#x0A;Border value mismatch at (21,5)&#x0A;" type=""><![CDATA[/home/cjxu/npp/test/unit/nppi/nppi_geometry_transforms/test_nppi_copyConstBorder.cpp:67
Expected equality of these values:
  dstData[dstIdx]
    Which is: 0
  borderValue
    Which is: -0.5
Border value mismatch at (21,5)
]]></failure>
      <failure message="/home/cjxu/npp/test/unit/nppi/nppi_geometry_transforms/test_nppi_copyConstBorder.cpp:67&#x0A;Expected equality of these values:&#x0A;  dstData[dstIdx]&#x0A;    Which is: 0&#x0A;  borderValue&#x0A;    Which is: -0.5&#x0A;Border value mismatch at (22,5)&#x0A;" type=""><![CDATA[/home/cjxu/npp/test/unit/nppi/nppi_geometry_transforms/test_nppi_copyConstBorder.cpp:67
Expected equality of these values:
  dstData[dstIdx]
    Which is: 0
  borderValue
    Which is: -0.5
Border value mismatch at (22,5)
]]></failure>
      <failure message="/home/cjxu/npp/test/unit/nppi/nppi_geometry_transforms/test_nppi_copyConstBorder.cpp:67&#x0A;Expected equality of these values:&#x0A;  dstData[dstIdx]&#x0A;    Which is: 0&#x0A;  borderValue&#x0A;    Which is: -0.5&#x0A;Border value mismatch at (23,5)&#x0A;" type=""><![CDATA[/home/cjxu/npp/test/unit/nppi/nppi_geometry_transforms/test_nppi_copyConstBorder.cpp:67
Expected equality of these values:
  dstData[dstIdx]
    Which is: 0
  borderValue
    Which is: -0.5
Border value mismatch at (23,5)
]]></failure>
      <failure message="/home/cjxu/npp/test/unit/nppi/nppi_geometry_transforms/test_nppi_copyConstBorder.cpp:67&#x0A;Expected equality of these values:&#x0A;  dstData[dstIdx]&#x0A;    Which is: 0&#x0A;  borderValue&#x0A;    Which is: -0.5&#x0A;Border value mismatch at (0,6)&#x0A;" type=""><![CDATA[/home/cjxu/npp/test/unit/nppi/nppi_geometry_transforms/test_nppi_copyConstBorder.cpp:67
Expected equality of these values:
  dstData[dstIdx]
    Which is: 0
  borderValue
    Which is: -0.5
Border value mismatch at (0,6)
]]></failure>
      <failure message="/home/cjxu/npp/test/unit/nppi/nppi_geometry_transforms/test_nppi_copyConstBorder.cpp:67&#x0A;Expected equality of these values:&#x0A;  dstData[dstIdx]&#x0A;    Which is: 0&#x0A;  borderValue&#x0A;    Which is: -0.5&#x0A;Border value mismatch at (1,6)&#x0A;" type=""><![CDATA[/home/cjxu/npp/test/unit/nppi/nppi_geometry_transforms/test_nppi_copyConstBorder.cpp:67
Expected equality of these values:
  dstData[dstIdx]
    Which is: 0
  borderValue
    Which is: -0.5
Border value mismatch at (1,6)
]]></failure>
      <failure message="/home/cjxu/npp/test/unit/nppi/nppi_geometry_transforms/test_nppi_copyConstBorder.cpp:67&#x0A;Expected equality of these values:&#x0A;  dstData[dstIdx]&#x0A;    Which is: 0&#x0A;  borderValue&#x0A;    Which is: -0.5&#x0A;Border value mismatch at (2,6)&#x0A;" type=""><![CDATA[/home/cjxu/npp/test/unit/nppi/nppi_geometry_transforms/test_nppi_copyConstBorder.cpp:67
Expected equality of these values:
  dstData[dstIdx]
    Which is: 0
  borderValue
    Which is: -0.5
Border value mismatch at (2,6)
]]></failure>
      <failure message="/home/cjxu/npp/test/unit/nppi/nppi_geometry_transforms/test_nppi_copyConstBorder.cpp:63&#x0A;Expected equality of these values:&#x0A;  dstData[dstIdx]&#x0A;    Which is: 0&#x0A;  srcData[srcIdx]&#x0A;    Which is: -0.647021115&#x0A;Source copy mismatch at dst(3,6) src(0,2)&#x0A;" type=""><![CDATA[/home/cjxu/npp/test/unit/nppi/nppi_geometry_transforms/test_nppi_copyConstBorder.cpp:63
Expected equality of these values:
  dstData[dstIdx]
    Which is: 0
  srcData[srcIdx]
    Which is: -0.647021115
Source copy mismatch at dst(3,6) src(0,2)
]]></failure>
      <failure message="/home/cjxu/npp/test/unit/nppi/nppi_geometry_transforms/test_nppi_copyConstBorder.cpp:63&#x0A;Expected equality of these values:&#x0A;  dstData[dstIdx]&#x0A;    Which is: 0&#x0A;  srcData[srcIdx]&#x0A;    Which is: -0.379292071&#x0A;Source copy mismatch at dst(4,6) src(1,2)&#x0A;" type=""><![CDATA[/home/cjxu/npp/test/unit/nppi/nppi_geometry_transforms/test_nppi_copyConstBorder.cpp:63
Expected equality of these values:
  dstData[dstIdx]
    Which is: 0
  srcData[srcIdx]
    Which is: -0.379292071
Source copy mismatch at dst(4,6) src(1,2)
]]></failure>
      <failure message="/home/cjxu/npp/test/unit/nppi/nppi_geometry_transforms/test_nppi_copyConstBorder.cpp:63&#x0A;Expected equality of these values:&#x0A;  dstData[dstIdx]&#x0A;    Which is: 0&#x0A;  srcData[srcIdx]&#x0A;    Which is: -0.234669328&#x0A;Source copy mismatch at dst(5,6) src(2,2)&#x0A;" type=""><![CDATA[/home/cjxu/npp/test/unit/nppi/nppi_geometry_transforms/test_nppi_copyConstBorder.cpp:63
Expected equality of these values:
  dstData[dstIdx]
    Which is: 0
  srcData[srcIdx]
    Which is: -0.234669328
Source copy mismatch at dst(5,6) src(2,2)
]]></failure>
      <failure message="/home/cjxu/npp/test/unit/nppi/nppi_geometry_transforms/test_nppi_copyConstBorder.cpp:63&#x0A;Expected equality of these values:&#x0A;  dstData[dstIdx]&#x0A;    Which is: 0&#x0A;  srcData[srcIdx]&#x0A;    Which is: 0.0990957&#x0A;Source copy mismatch at dst(6,6) src(3,2)&#x0A;" type=""><![CDATA[/home/cjxu/npp/test/unit/nppi/nppi_geometry_transforms/test_nppi_copyConstBorder.cpp:63
Expected equality of these values:
  dstData[dstIdx]
    Which is: 0
  srcData[srcIdx]
    Which is: 0.0990957
Source copy mismatch at dst(6,6) src(3,2)
]]></failure>
      <failure message="/home/cjxu/npp/test/unit/nppi/nppi_geometry_transforms/test_nppi_copyConstBorder.cpp:63&#x0A;Expected equality of these values:&#x0A;  dstData[dstIdx]&#x0A;    Which is: 0&#x0A;  srcData[srcIdx]&#x0A;    Which is: 0.011269927&#x0A;Source copy mismatch at dst(7,6) src(4,2)&#x0A;" type=""><![CDATA[/home/cjxu/npp/test/unit/nppi/nppi_geometry_transforms/test_nppi_copyConstBorder.cpp:63
Expected equality of these values:
  dstData[dstIdx]
    Which is: 0
  srcData[srcIdx]
    Which is: 0.011269927
Source copy mismatch at dst(7,6) src(4,2)
]]></failure>
      <failure message="/home/cjxu/npp/test/unit/nppi/nppi_geometry_transforms/test_nppi_copyConstBorder.cpp:63&#x0A;Expected equality of these values:&#x0A;  dstData[dstIdx]&#x0A;    Which is: 0&#x0A;  srcData[srcIdx]&#x0A;    Which is: 0.773010731&#x0A;Source copy mismatch at dst(8,6) src(5,2)&#x0A;" type=""><![CDATA[/home/cjxu/npp/test/unit/nppi/nppi_geometry_transforms/test_nppi_copyConstBorder.cpp:63
Expected equality of these values:
  dstData[dstIdx]
    Which is: 0
  srcData[srcIdx]
    Which is: 0.773010731
Source copy mismatch at dst(8,6) src(5,2)
]]></failure>
      <failure message="/home/cjxu/npp/test/unit/nppi/nppi_geometry_transforms/test_nppi_copyConstBorder.cpp:63&#x0A;Expected equality of these values:&#x0A;  dstData[dstIdx]&#x0A;    Which is: 0&#x0A;  srcData[srcIdx]&#x0A;    Which is: -0.920540154&#x0A;Source copy mismatch at dst(9,6) src(6,2)&#x0A;" type=""><![CDATA[/home/cjxu/npp/test/unit/nppi/nppi_geometry_transforms/test_nppi_copyConstBorder.cpp:63
Expected equality of these values:
  dstData[dstIdx]
    Which is: 0
  srcData[srcIdx]
    Which is: -0.920540154
Source copy mismatch at dst(9,6) src(6,2)
]]></failure>
      <failure message="/home/cjxu/npp/test/unit/nppi/nppi_geometry_transforms/test_nppi_copyConstBorder.cpp:63&#x0A;Expected equality of these values:&#x0A;  dstData[dstIdx]&#x0A;    Which is: 0&#x0A;  srcData[srcIdx]&#x0A;    Which is: -0.359016061&#x0A;Source copy mismatch at dst(10,6) src(7,2)&#x0A;" type=""><![CDATA[/home/cjxu/npp/test/unit/nppi/nppi_geometry_transforms/test_nppi_copyConstBorder.cpp:63
Expected equality of these values:
  dstData[dstIdx]
    Which is: 0
  srcData[srcIdx]
    Which is: -0.359016061
Source copy mismatch at dst(10,6) src(7,2)
]]></failure>
      <failure message="/home/cjxu/npp/test/unit/nppi/nppi_geometry_transforms/test_nppi_copyConstBorder.cpp:63&#x0A;Expected equality of these values:&#x0A;  dstData[dstIdx]&#x0A;    Which is: 0&#x0A;  srcData[srcIdx]&#x0A;    Which is: 0.25159812&#x0A;Source copy mismatch at dst(11,6) src(8,2)&#x0A;" type=""><![CDATA[/home/cjxu/npp/test/unit/nppi/nppi_geometry_transforms/test_nppi_copyConstBorder.cpp:63
Expected equality of these values:
  dstData[dstIdx]
    Which is: 0
  srcData[srcIdx]
    Which is: 0.25159812
Source copy mismatch at dst(11,6) src(8,2)
]]></failure>
      <failure message="/home/cjxu/npp/test/unit/nppi/nppi_geometry_transforms/test_nppi_copyConstBorder.cpp:63&#x0A;Expected equality of these values:&#x0A;  dstData[dstIdx]&#x0A;    Which is: 0&#x0A;  srcData[srcIdx]&#x0A;    Which is: -0.274408519&#x0A;Source copy mismatch at dst(12,6) src(9,2)&#x0A;" type=""><![CDATA[/home/cjxu/npp/test/unit/nppi/nppi_geometry_transforms/test_nppi_copyConstBorder.cpp:63
Expected equality of these values:
  dstData[dstIdx]
    Which is: 0
  srcData[srcIdx]
    Which is: -0.274408519
Source copy mismatch at dst(12,6) src(9,2)
]]></failure>
      <failure message="/home/cjxu/npp/test/unit/nppi/nppi_geometry_transforms/test_nppi_copyConstBorder.cpp:63&#x0A;Expected equality of these values:&#x0A;  dstData[dstIdx]&#x0A;    Which is: 0&#x0A;  srcData[srcIdx]&#x0A;    Which is: -0.313893497&#x0A;Source copy mismatch at dst(13,6) src(10,2)&#x0A;" type=""><![CDATA[/home/cjxu/npp/test/unit/nppi/nppi_geometry_transforms/test_nppi_copyConstBorder.cpp:63
Expected equality of these values:
  dstData[dstIdx]
    Which is: 0
  srcData[srcIdx]
    Which is: -0.313893497
Source copy mismatch at dst(13,6) src(10,2)
]]></failure>
      <failure message="/home/cjxu/npp/test/unit/nppi/nppi_geometry_transforms/test_nppi_copyConstBorder.cpp:63&#x0A;Expected equality of these values:&#x0A;  dstData[dstIdx]&#x0A;    Which is: 0&#x0A;  srcData[srcIdx]&#x0A;    Which is: 0.841609478&#x0A;Source copy mismatch at dst(14,6) src(11,2)&#x0A;" type=""><![CDATA[/home/cjxu/npp/test/unit/nppi/nppi_geometry_transforms/test_nppi_copyConstBorder.cpp:63
Expected equality of these values:
  dstData[dstIdx]
    Which is: 0
  srcData[srcIdx]
    Which is: 0.841609478
Source copy mismatch at dst(14,6) src(11,2)
]]></failure>
      <failure message="/home/cjxu/npp/test/unit/nppi/nppi_geometry_transforms/test_nppi_copyConstBorder.cpp:63&#x0A;Expected equality of these values:&#x0A;  dstData[dstIdx]&#x0A;    Which is: 0&#x0A;  srcData[srcIdx]&#x0A;    Which is: 0.995751381&#x0A;Source copy mismatch at dst(15,6) src(12,2)&#x0A;" type=""><![CDATA[/home/cjxu/npp/test/unit/nppi/nppi_geometry_transforms/test_nppi_copyConstBorder.cpp:63
Expected equality of these values:
  dstData[dstIdx]
    Which is: 0
  srcData[srcIdx]
    Which is: 0.995751381
Source copy mismatch at dst(15,6) src(12,2)
]]></failure>
      <failure message="/home/cjxu/npp/test/unit/nppi/nppi_geometry_transforms/test_nppi_copyConstBorder.cpp:63&#x0A;Expected equality of these values:&#x0A;  dstData[dstIdx]&#x0A;    Which is: 0&#x0A;  srcData[srcIdx]&#x0A;    Which is: 0.103170037&#x0A;Source copy mismatch at dst(16,6) src(13,2)&#x0A;" type=""><![CDATA[/home/cjxu/npp/test/unit/nppi/nppi_geometry_transforms/test_nppi_copyConstBorder.cpp:63
Expected equality of these values:
  dstData[dstIdx]
    Which is: 0
  srcData[srcIdx]
    Which is: 0.103170037
Source copy mismatch at dst(16,6) src(13,2)
]]></failure>
      <failure message="/home/cjxu/npp/test/unit/nppi/nppi_geometry_transforms/test_nppi_copyConstBorder.cpp:63&#x0A;Expected equality of these values:&#x0A;  dstData[dstIdx]&#x0A;    Which is: 0&#x0A;  srcData[srcIdx]&#x0A;    Which is: 0.34516871&#x0A;Source copy mismatch at dst(17,6) src(14,2)&#x0A;" type=""><![CDATA[/home/cjxu/npp/test/unit/nppi/nppi_geometry_transforms/test_nppi_copyConstBorder.cpp:63
Expected equality of these values:
  dstData[dstIdx]
    Which is: 0
  srcData[srcIdx]
    Which is: 0.34516871
Source copy mismatch at dst(17,6) src(14,2)
]]></failure>
      <failure message="/home/cjxu/npp/test/unit/nppi/nppi_geometry_transforms/test_nppi_copyConstBorder.cpp:63&#x0A;Expected equality of these values:&#x0A;  dstData[dstIdx]&#x0A;    Which is: 0&#x0A;  srcData[srcIdx]&#x0A;    Which is: 0.264461279&#x0A;Source copy mismatch at dst(18,6) src(15,2)&#x0A;" type=""><![CDATA[/home/cjxu/npp/test/unit/nppi/nppi_geometry_transforms/test_nppi_copyConstBorder.cpp:63
Expected equality of these values:
  dstData[dstIdx]
    Which is: 0
  srcData[srcIdx]
    Which is: 0.264461279
Source copy mismatch at dst(18,6) src(15,2)
]]></failure>
      <failure message="/home/cjxu/npp/test/unit/nppi/nppi_geometry_transforms/test_nppi_copyConstBorder.cpp:67&#x0A;Expected equality of these values:&#x0A;  dstData[dstIdx]&#x0A;    Which is: 0&#x0A;  borderValue&#x0A;    Which is: -0.5&#x0A;Border value mismatch at (19,6)&#x0A;" type=""><![CDATA[/home/cjxu/npp/test/unit/nppi/nppi_geometry_transforms/test_nppi_copyConstBorder.cpp:67
Expected equality of these values:
  dstData[dstIdx]
    Which is: 0
  borderValue
    Which is: -0.5
Border value mismatch at (19,6)
]]></failure>
      <failure message="/home/cjxu/npp/test/unit/nppi/nppi_geometry_transforms/test_nppi_copyConstBorder.cpp:67&#x0A;Expected equality of these values:&#x0A;  dstData[dstIdx]&#x0A;    Which is: 0&#x0A;  borderValue&#x0A;    Which is: -0.5&#x0A;Border value mismatch at (20,6)&#x0A;" type=""><![CDATA[/home/cjxu/npp/test/unit/nppi/nppi_geometry_transforms/test_nppi_copyConstBorder.cpp:67
Expected equality of these values:
  dstData[dstIdx]
    Which is: 0
  borderValue
    Which is: -0.5
Border value mismatch at (20,6)
]]></failure>
      <failure message="/home/cjxu/npp/test/unit/nppi/nppi_geometry_transforms/test_nppi_copyConstBorder.cpp:67&#x0A;Expected equality of these values:&#x0A;  dstData[dstIdx]&#x0A;    Which is: 0&#x0A;  borderValue&#x0A;    Which is: -0.5&#x0A;Border value mismatch at (21,6)&#x0A;" type=""><![CDATA[/home/cjxu/npp/test/unit/nppi/nppi_geometry_transforms/test_nppi_copyConstBorder.cpp:67
Expected equality of these values:
  dstData[dstIdx]
    Which is: 0
  borderValue
    Which is: -0.5
Border value mismatch at (21,6)
]]></failure>
      <failure message="/home/cjxu/npp/test/unit/nppi/nppi_geometry_transforms/test_nppi_copyConstBorder.cpp:67&#x0A;Expected equality of these values:&#x0A;  dstData[dstIdx]&#x0A;    Which is: 0&#x0A;  borderValue&#x0A;    Which is: -0.5&#x0A;Border value mismatch at (22,6)&#x0A;" type=""><![CDATA[/home/cjxu/npp/test/unit/nppi/nppi_geometry_transforms/test_nppi_copyConstBorder.cpp:67
Expected equality of these values:
  dstData[dstIdx]
    Which is: 0
  borderValue
    Which is: -0.5
Border value mismatch at (22,6)
]]></failure>
      <failure message="/home/cjxu/npp/test/unit/nppi/nppi_geometry_transforms/test_nppi_copyConstBorder.cpp:67&#x0A;Expected equality of these values:&#x0A;  dstData[dstIdx]&#x0A;    Which is: 0&#x0A;  borderValue&#x0A;    Which is: -0.5&#x0A;Border value mismatch at (23,6)&#x0A;" type=""><![CDATA[/home/cjxu/npp/test/unit/nppi/nppi_geometry_transforms/test_nppi_copyConstBorder.cpp:67
Expected equality of these values:
  dstData[dstIdx]
    Which is: 0
  borderValue
    Which is: -0.5
Border value mismatch at (23,6)
]]></failure>
      <failure message="/home/cjxu/npp/test/unit/nppi/nppi_geometry_transforms/test_nppi_copyConstBorder.cpp:67&#x0A;Expected equality of these values:&#x0A;  dstData[dstIdx]&#x0A;    Which is: 0&#x0A;  borderValue&#x0A;    Which is: -0.5&#x0A;Border value mismatch at (0,7)&#x0A;" type=""><![CDATA[/home/cjxu/npp/test/unit/nppi/nppi_geometry_transforms/test_nppi_copyConstBorder.cpp:67
Expected equality of these values:
  dstData[dstIdx]
    Which is: 0
  borderValue
    Which is: -0.5
Border value mismatch at (0,7)
]]></failure>
      <failure message="/home/cjxu/npp/test/unit/nppi/nppi_geometry_transforms/test_nppi_copyConstBorder.cpp:67&#x0A;Expected equality of these values:&#x0A;  dstData[dstIdx]&#x0A;    Which is: 0&#x0A;  borderValue&#x0A;    Which is: -0.5&#x0A;Border value mismatch at (1,7)&#x0A;" type=""><![CDATA[/home/cjxu/npp/test/unit/nppi/nppi_geometry_transforms/test_nppi_copyConstBorder.cpp:67
Expected equality of these values:
  dstData[dstIdx]
    Which is: 0
  borderValue
    Which is: -0.5
Border value mismatch at (1,7)
]]></failure>
      <failure message="/home/cjxu/npp/test/unit/nppi/nppi_geometry_transforms/test_nppi_copyConstBorder.cpp:67&#x0A;Expected equality of these values:&#x0A;  dstData[dstIdx]&#x0A;    Which is: 0&#x0A;  borderValue&#x0A;    Which is: -0.5&#x0A;Border value mismatch at (2,7)&#x0A;" type=""><![CDATA[/home/cjxu/npp/test/unit/nppi/nppi_geometry_transforms/test_nppi_copyConstBorder.cpp:67
Expected equality of these values:
  dstData[dstIdx]
    Which is: 0
  borderValue
    Which is: -0.5
Border value mismatch at (2,7)
]]></failure>
      <failure message="/home/cjxu/npp/test/unit/nppi/nppi_geometry_transforms/test_nppi_copyConstBorder.cpp:63&#x0A;Expected equality of these values:&#x0A;  dstData[dstIdx]&#x0A;    Which is: 0&#x0A;  srcData[srcIdx]&#x0A;    Which is: -0.290415347&#x0A;Source copy mismatch at dst(3,7) src(0,3)&#x0A;" type=""><![CDATA[/home/cjxu/npp/test/unit/nppi/nppi_geometry_transforms/test_nppi_copyConstBorder.cpp:63
Expected equality of these values:
  dstData[dstIdx]
    Which is: 0
  srcData[srcIdx]
    Which is: -0.290415347
Source copy mismatch at dst(3,7) src(0,3)
]]></failure>
      <failure message="/home/cjxu/npp/test/unit/nppi/nppi_geometry_transforms/test_nppi_copyConstBorder.cpp:63&#x0A;Expected equality of these values:&#x0A;  dstData[dstIdx]&#x0A;    Which is: 0&#x0A;  srcData[srcIdx]&#x0A;    Which is: 0.533637643&#x0A;Source copy mismatch at dst(4,7) src(1,3)&#x0A;" type=""><![CDATA[/home/cjxu/npp/test/unit/nppi/nppi_geometry_transforms/test_nppi_copyConstBorder.cpp:63
Expected equality of these values:
  dstData[dstIdx]
    Which is: 0
  srcData[srcIdx]
    Which is: 0.533637643
Source copy mismatch at dst(4,7) src(1,3)
]]></failure>
      <failure message="/home/cjxu/npp/test/unit/nppi/nppi_geometry_transforms/test_nppi_copyConstBorder.cpp:63&#x0A;Expected equality of these values:&#x0A;  dstData[dstIdx]&#x0A;    Which is: 0&#x0A;  srcData[srcIdx]&#x0A;    Which is: -0.773385048&#x0A;Source copy mismatch at dst(5,7) src(2,3)&#x0A;" type=""><![CDATA[/home/cjxu/npp/test/unit/nppi/nppi_geometry_transforms/test_nppi_copyConstBorder.cpp:63
Expected equality of these values:
  dstData[dstIdx]
    Which is: 0
  srcData[srcIdx]
    Which is: -0.773385048
Source copy mismatch at dst(5,7) src(2,3)
]]></failure>
      <failure message="/home/cjxu/npp/test/unit/nppi/nppi_geometry_transforms/test_nppi_copyConstBorder.cpp:63&#x0A;Expected equality of these values:&#x0A;  dstData[dstIdx]&#x0A;    Which is: 0&#x0A;  srcData[srcIdx]&#x0A;    Which is: -0.140843213&#x0A;Source copy mismatch at dst(6,7) src(3,3)&#x0A;" type=""><![CDATA[/home/cjxu/npp/test/unit/nppi/nppi_geometry_transforms/test_nppi_copyConstBorder.cpp:63
Expected equality of these values:
  dstData[dstIdx]
    Which is: 0
  srcData[srcIdx]
    Which is: -0.140843213
Source copy mismatch at dst(6,7) src(3,3)
]]></failure>
      <failure message="/home/cjxu/npp/test/unit/nppi/nppi_geometry_transforms/test_nppi_copyConstBorder.cpp:63&#x0A;Expected equality of these values:&#x0A;  dstData[dstIdx]&#x0A;    Which is: 0&#x0A;  srcData[srcIdx]&#x0A;    Which is: 0.529382825&#x0A;Source copy mismatch at dst(7,7) src(4,3)&#x0A;" type=""><![CDATA[/home/cjxu/npp/test/unit/nppi/nppi_geometry_transforms/test_nppi_copyConstBorder.cpp:63
Expected equality of these values:
  dstData[dstIdx]
    Which is: 0
  srcData[srcIdx]
    Which is: 0.529382825
Source copy mismatch at dst(7,7) src(4,3)
]]></failure>
      <failure message="/home/cjxu/npp/test/unit/nppi/nppi_geometry_transforms/test_nppi_copyConstBorder.cpp:63&#x0A;Expected equality of these values:&#x0A;  dstData[dstIdx]&#x0A;    Which is: 0&#x0A;  srcData[srcIdx]&#x0A;    Which is: -0.657569408&#x0A;Source copy mismatch at dst(8,7) src(5,3)&#x0A;" type=""><![CDATA[/home/cjxu/npp/test/unit/nppi/nppi_geometry_transforms/test_nppi_copyConstBorder.cpp:63
Expected equality of these values:
  dstData[dstIdx]
    Which is: 0
  srcData[srcIdx]
    Which is: -0.657569408
Source copy mismatch at dst(8,7) src(5,3)
]]></failure>
      <failure message="/home/cjxu/npp/test/unit/nppi/nppi_geometry_transforms/test_nppi_copyConstBorder.cpp:63&#x0A;Expected equality of these values:&#x0A;  dstData[dstIdx]&#x0A;    Which is: 0&#x0A;  srcData[srcIdx]&#x0A;    Which is: -0.561863661&#x0A;Source copy mismatch at dst(9,7) src(6,3)&#x0A;" type=""><![CDATA[/home/cjxu/npp/test/unit/nppi/nppi_geometry_transforms/test_nppi_copyConstBorder.cpp:63
Expected equality of these values:
  dstData[dstIdx]
    Which is: 0
  srcData[srcIdx]
    Which is: -0.561863661
Source copy mismatch at dst(9,7) src(6,3)
]]></failure>
      <failure message="/home/cjxu/npp/test/unit/nppi/nppi_geometry_transforms/test_nppi_copyConstBorder.cpp:63&#x0A;Expected equality of these values:&#x0A;  dstData[dstIdx]&#x0A;    Which is: 0&#x0A;  srcData[srcIdx]&#x0A;    Which is: 0.24526453&#x0A;Source copy mismatch at dst(10,7) src(7,3)&#x0A;" type=""><![CDATA[/home/cjxu/npp/test/unit/nppi/nppi_geometry_transforms/test_nppi_copyConstBorder.cpp:63
Expected equality of these values:
  dstData[dstIdx]
    Which is: 0
  srcData[srcIdx]
    Which is: 0.24526453
Source copy mismatch at dst(10,7) src(7,3)
]]></failure>
      <failure message="/home/cjxu/npp/test/unit/nppi/nppi_geometry_transforms/test_nppi_copyConstBorder.cpp:63&#x0A;Expected equality of these values:&#x0A;  dstData[dstIdx]&#x0A;    Which is: 0&#x0A;  srcData[srcIdx]&#x0A;    Which is: -0.0243934989&#x0A;Source copy mismatch at dst(11,7) src(8,3)&#x0A;" type=""><![CDATA[/home/cjxu/npp/test/unit/nppi/nppi_geometry_transforms/test_nppi_copyConstBorder.cpp:63
Expected equality of these values:
  dstData[dstIdx]
    Which is: 0
  srcData[srcIdx]
    Which is: -0.0243934989
Source copy mismatch at dst(11,7) src(8,3)
]]></failure>
      <failure message="/home/cjxu/npp/test/unit/nppi/nppi_geometry_transforms/test_nppi_copyConstBorder.cpp:63&#x0A;Expected equality of these values:&#x0A;  dstData[dstIdx]&#x0A;    Which is: 0&#x0A;  srcData[srcIdx]&#x0A;    Which is: 0.0304496288&#x0A;Source copy mismatch at dst(12,7) src(9,3)&#x0A;" type=""><![CDATA[/home/cjxu/npp/test/unit/nppi/nppi_geometry_transforms/test_nppi_copyConstBorder.cpp:63
Expected equality of these values:
  dstData[dstIdx]
    Which is: 0
  srcData[srcIdx]
    Which is: 0.0304496288
Source copy mismatch at dst(12,7) src(9,3)
]]></failure>
      <failure message="/home/cjxu/npp/test/unit/nppi/nppi_geometry_transforms/test_nppi_copyConstBorder.cpp:63&#x0A;Expected equality of these values:&#x0A;  dstData[dstIdx]&#x0A;    Which is: 0&#x0A;  srcData[srcIdx]&#x0A;    Which is: 0.193216205&#x0A;Source copy mismatch at dst(13,7) src(10,3)&#x0A;" type=""><![CDATA[/home/cjxu/npp/test/unit/nppi/nppi_geometry_transforms/test_nppi_copyConstBorder.cpp:63
Expected equality of these values:
  dstData[dstIdx]
    Which is: 0
  srcData[srcIdx]
    Which is: 0.193216205
Source copy mismatch at dst(13,7) src(10,3)
]]></failure>
      <failure message="/home/cjxu/npp/test/unit/nppi/nppi_geometry_transforms/test_nppi_copyConstBorder.cpp:63&#x0A;Expected equality of these values:&#x0A;  dstData[dstIdx]&#x0A;    Which is: 0&#x0A;  srcData[srcIdx]&#x0A;    Which is: -0.595136166&#x0A;Source copy mismatch at dst(14,7) src(11,3)&#x0A;" type=""><![CDATA[/home/cjxu/npp/test/unit/nppi/nppi_geometry_transforms/test_nppi_copyConstBorder.cpp:63
Expected equality of these values:
  dstData[dstIdx]
    Which is: 0
  srcData[srcIdx]
    Which is: -0.595136166
Source copy mismatch at dst(14,7) src(11,3)
]]></failure>
      <failure message="/home/cjxu/npp/test/unit/nppi/nppi_geometry_transforms/test_nppi_copyConstBorder.cpp:63&#x0A;Expected equality of these values:&#x0A;  dstData[dstIdx]&#x0A;    Which is: 0&#x0A;  srcData[srcIdx]&#x0A;    Which is: 0.177721739&#x0A;Source copy mismatch at dst(15,7) src(12,3)&#x0A;" type=""><![CDATA[/home/cjxu/npp/test/unit/nppi/nppi_geometry_transforms/test_nppi_copyConstBorder.cpp:63
Expected equality of these values:
  dstData[dstIdx]
    Which is: 0
  srcData[srcIdx]
    Which is: 0.177721739
Source copy mismatch at dst(15,7) src(12,3)
]]></failure>
      <failure message="/home/cjxu/npp/test/unit/nppi/nppi_geometry_transforms/test_nppi_copyConstBorder.cpp:63&#x0A;Expected equality of these values:&#x0A;  dstData[dstIdx]&#x0A;    Which is: 0&#x0A;  srcData[srcIdx]&#x0A;    Which is: -0.229968131&#x0A;Source copy mismatch at dst(16,7) src(13,3)&#x0A;" type=""><![CDATA[/home/cjxu/npp/test/unit/nppi/nppi_geometry_transforms/test_nppi_copyConstBorder.cpp:63
Expected equality of these values:
  dstData[dstIdx]
    Which is: 0
  srcData[srcIdx]
    Which is: -0.229968131
Source copy mismatch at dst(16,7) src(13,3)
]]></failure>
      <failure message="/home/cjxu/npp/test/unit/nppi/nppi_geometry_transforms/test_nppi_copyConstBorder.cpp:63&#x0A;Expected equality of these values:&#x0A;  dstData[dstIdx]&#x0A;    Which is: 0&#x0A;  srcData[srcIdx]&#x0A;    Which is: 0.1908077&#x0A;Source copy mismatch at dst(17,7) src(14,3)&#x0A;" type=""><![CDATA[/home/cjxu/npp/test/unit/nppi/nppi_geometry_transforms/test_nppi_copyConstBorder.cpp:63
Expected equality of these values:
  dstData[dstIdx]
    Which is: 0
  srcData[srcIdx]
    Which is: 0.1908077
Source copy mismatch at dst(17,7) src(14,3)
]]></failure>
      <failure message="/home/cjxu/npp/test/unit/nppi/nppi_geometry_transforms/test_nppi_copyConstBorder.cpp:63&#x0A;Expected equality of these values:&#x0A;  dstData[dstIdx]&#x0A;    Which is: 0&#x0A;  srcData[srcIdx]&#x0A;    Which is: 0.530700564&#x0A;Source copy mismatch at dst(18,7) src(15,3)&#x0A;" type=""><![CDATA[/home/cjxu/npp/test/unit/nppi/nppi_geometry_transforms/test_nppi_copyConstBorder.cpp:63
Expected equality of these values:
  dstData[dstIdx]
    Which is: 0
  srcData[srcIdx]
    Which is: 0.530700564
Source copy mismatch at dst(18,7) src(15,3)
]]></failure>
      <failure message="/home/cjxu/npp/test/unit/nppi/nppi_geometry_transforms/test_nppi_copyConstBorder.cpp:67&#x0A;Expected equality of these values:&#x0A;  dstData[dstIdx]&#x0A;    Which is: 0&#x0A;  borderValue&#x0A;    Which is: -0.5&#x0A;Border value mismatch at (19,7)&#x0A;" type=""><![CDATA[/home/cjxu/npp/test/unit/nppi/nppi_geometry_transforms/test_nppi_copyConstBorder.cpp:67
Expected equality of these values:
  dstData[dstIdx]
    Which is: 0
  borderValue
    Which is: -0.5
Border value mismatch at (19,7)
]]></failure>
      <failure message="/home/cjxu/npp/test/unit/nppi/nppi_geometry_transforms/test_nppi_copyConstBorder.cpp:67&#x0A;Expected equality of these values:&#x0A;  dstData[dstIdx]&#x0A;    Which is: 0&#x0A;  borderValue&#x0A;    Which is: -0.5&#x0A;Border value mismatch at (20,7)&#x0A;" type=""><![CDATA[/home/cjxu/npp/test/unit/nppi/nppi_geometry_transforms/test_nppi_copyConstBorder.cpp:67
Expected equality of these values:
  dstData[dstIdx]
    Which is: 0
  borderValue
    Which is: -0.5
Border value mismatch at (20,7)
]]></failure>
      <failure message="/home/cjxu/npp/test/unit/nppi/nppi_geometry_transforms/test_nppi_copyConstBorder.cpp:67&#x0A;Expected equality of these values:&#x0A;  dstData[dstIdx]&#x0A;    Which is: 0&#x0A;  borderValue&#x0A;    Which is: -0.5&#x0A;Border value mismatch at (21,7)&#x0A;" type=""><![CDATA[/home/cjxu/npp/test/unit/nppi/nppi_geometry_transforms/test_nppi_copyConstBorder.cpp:67
Expected equality of these values:
  dstData[dstIdx]
    Which is: 0
  borderValue
    Which is: -0.5
Border value mismatch at (21,7)
]]></failure>
      <failure message="/home/cjxu/npp/test/unit/nppi/nppi_geometry_transforms/test_nppi_copyConstBorder.cpp:67&#x0A;Expected equality of these values:&#x0A;  dstData[dstIdx]&#x0A;    Which is: 0&#x0A;  borderValue&#x0A;    Which is: -0.5&#x0A;Border value mismatch at (22,7)&#x0A;" type=""><![CDATA[/home/cjxu/npp/test/unit/nppi/nppi_geometry_transforms/test_nppi_copyConstBorder.cpp:67
Expected equality of these values:
  dstData[dstIdx]
    Which is: 0
  borderValue
    Which is: -0.5
Border value mismatch at (22,7)
]]></failure>
      <failure message="/home/cjxu/npp/test/unit/nppi/nppi_geometry_transforms/test_nppi_copyConstBorder.cpp:67&#x0A;Expected equality of these values:&#x0A;  dstData[dstIdx]&#x0A;    Which is: 0&#x0A;  borderValue&#x0A;    Which is: -0.5&#x0A;Border value mismatch at (23,7)&#x0A;" type=""><![CDATA[/home/cjxu/npp/test/unit/nppi/nppi_geometry_transforms/test_nppi_copyConstBorder.cpp:67
Expected equality of these values:
  dstData[dstIdx]
    Which is: 0
  borderValue
    Which is: -0.5
Border value mismatch at (23,7)
]]></failure>
      <failure message="/home/cjxu/npp/test/unit/nppi/nppi_geometry_transforms/test_nppi_copyConstBorder.cpp:67&#x0A;Expected equality of these values:&#x0A;  dstData[dstIdx]&#x0A;    Which is: 0&#x0A;  borderValue&#x0A;    Which is: -0.5&#x0A;Border value mismatch at (0,8)&#x0A;" type=""><![CDATA[/home/cjxu/npp/test/unit/nppi/nppi_geometry_transforms/test_nppi_copyConstBorder.cpp:67
Expected equality of these values:
  dstData[dstIdx]
    Which is: 0
  borderValue
    Which is: -0.5
Border value mismatch at (0,8)
]]></failure>
      <failure message="/home/cjxu/npp/test/unit/nppi/nppi_geometry_transforms/test_nppi_copyConstBorder.cpp:67&#x0A;Expected equality of these values:&#x0A;  dstData[dstIdx]&#x0A;    Which is: 0&#x0A;  borderValue&#x0A;    Which is: -0.5&#x0A;Border value mismatch at (1,8)&#x0A;" type=""><![CDATA[/home/cjxu/npp/test/unit/nppi/nppi_geometry_transforms/test_nppi_copyConstBorder.cpp:67
Expected equality of these values:
  dstData[dstIdx]
    Which is: 0
  borderValue
    Which is: -0.5
Border value mismatch at (1,8)
]]></failure>
      <failure message="/home/cjxu/npp/test/unit/nppi/nppi_geometry_transforms/test_nppi_copyConstBorder.cpp:67&#x0A;Expected equality of these values:&#x0A;  dstData[dstIdx]&#x0A;    Which is: 0&#x0A;  borderValue&#x0A;    Which is: -0.5&#x0A;Border value mismatch at (2,8)&#x0A;" type=""><![CDATA[/home/cjxu/npp/test/unit/nppi/nppi_geometry_transforms/test_nppi_copyConstBorder.cpp:67
Expected equality of these values:
  dstData[dstIdx]
    Which is: 0
  borderValue
    Which is: -0.5
Border value mismatch at (2,8)
]]></failure>
      <failure message="/home/cjxu/npp/test/unit/nppi/nppi_geometry_transforms/test_nppi_copyConstBorder.cpp:63&#x0A;Expected equality of these values:&#x0A;  dstData[dstIdx]&#x0A;    Which is: 0&#x0A;  srcData[srcIdx]&#x0A;    Which is: 0.390739799&#x0A;Source copy mismatch at dst(3,8) src(0,4)&#x0A;" type=""><![CDATA[/home/cjxu/npp/test/unit/nppi/nppi_geometry_transforms/test_nppi_copyConstBorder.cpp:63
Expected equality of these values:
  dstData[dstIdx]
    Which is: 0
  srcData[srcIdx]
    Which is: 0.390739799
Source copy mismatch at dst(3,8) src(0,4)
]]></failure>
      <failure message="/home/cjxu/npp/test/unit/nppi/nppi_geometry_transforms/test_nppi_copyConstBorder.cpp:63&#x0A;Expected equality of these values:&#x0A;  dstData[dstIdx]&#x0A;    Which is: 0&#x0A;  srcData[srcIdx]&#x0A;    Which is: 0.956138372&#x0A;Source copy mismatch at dst(4,8) src(1,4)&#x0A;" type=""><![CDATA[/home/cjxu/npp/test/unit/nppi/nppi_geometry_transforms/test_nppi_copyConstBorder.cpp:63
Expected equality of these values:
  dstData[dstIdx]
    Which is: 0
  srcData[srcIdx]
    Which is: 0.956138372
Source copy mismatch at dst(4,8) src(1,4)
]]></failure>
      <failure message="/home/cjxu/npp/test/unit/nppi/nppi_geometry_transforms/test_nppi_copyConstBorder.cpp:63&#x0A;Expected equality of these values:&#x0A;  dstData[dstIdx]&#x0A;    Which is: 0&#x0A;  srcData[srcIdx]&#x0A;    Which is: -0.370203733&#x0A;Source copy mismatch at dst(5,8) src(2,4)&#x0A;" type=""><![CDATA[/home/cjxu/npp/test/unit/nppi/nppi_geometry_transforms/test_nppi_copyConstBorder.cpp:63
Expected equality of these values:
  dstData[dstIdx]
    Which is: 0
  srcData[srcIdx]
    Which is: -0.370203733
Source copy mismatch at dst(5,8) src(2,4)
]]></failure>
      <failure message="/home/cjxu/npp/test/unit/nppi/nppi_geometry_transforms/test_nppi_copyConstBorder.cpp:63&#x0A;Expected equality of these values:&#x0A;  dstData[dstIdx]&#x0A;    Which is: 0&#x0A;  srcData[srcIdx]&#x0A;    Which is: -0.597990274&#x0A;Source copy mismatch at dst(6,8) src(3,4)&#x0A;" type=""><![CDATA[/home/cjxu/npp/test/unit/nppi/nppi_geometry_transforms/test_nppi_copyConstBorder.cpp:63
Expected equality of these values:
  dstData[dstIdx]
    Which is: 0
  srcData[srcIdx]
    Which is: -0.597990274
Source copy mismatch at dst(6,8) src(3,4)
]]></failure>
      <failure message="/home/cjxu/npp/test/unit/nppi/nppi_geometry_transforms/test_nppi_copyConstBorder.cpp:63&#x0A;Expected equality of these values:&#x0A;  dstData[dstIdx]&#x0A;    Which is: 0&#x0A;  srcData[srcIdx]&#x0A;    Which is: 0.729149103&#x0A;Source copy mismatch at dst(7,8) src(4,4)&#x0A;" type=""><![CDATA[/home/cjxu/npp/test/unit/nppi/nppi_geometry_transforms/test_nppi_copyConstBorder.cpp:63
Expected equality of these values:
  dstData[dstIdx]
    Which is: 0
  srcData[srcIdx]
    Which is: 0.729149103
Source copy mismatch at dst(7,8) src(4,4)
]]></failure>
      <failure message="/home/cjxu/npp/test/unit/nppi/nppi_geometry_transforms/test_nppi_copyConstBorder.cpp:63&#x0A;Expected equality of these values:&#x0A;  dstData[dstIdx]&#x0A;    Which is: 0&#x0A;  srcData[srcIdx]&#x0A;    Which is: -0.290743887&#x0A;Source copy mismatch at dst(8,8) src(5,4)&#x0A;" type=""><![CDATA[/home/cjxu/npp/test/unit/nppi/nppi_geometry_transforms/test_nppi_copyConstBorder.cpp:63
Expected equality of these values:
  dstData[dstIdx]
    Which is: 0
  srcData[srcIdx]
    Which is: -0.290743887
Source copy mismatch at dst(8,8) src(5,4)
]]></failure>
      <failure message="/home/cjxu/npp/test/unit/nppi/nppi_geometry_transforms/test_nppi_copyConstBorder.cpp:63&#x0A;Expected equality of these values:&#x0A;  dstData[dstIdx]&#x0A;    Which is: 0&#x0A;  srcData[srcIdx]&#x0A;    Which is: 0.0429936647&#x0A;Source copy mismatch at dst(9,8) src(6,4)&#x0A;" type=""><![CDATA[/home/cjxu/npp/test/unit/nppi/nppi_geometry_transforms/test_nppi_copyConstBorder.cpp:63
Expected equality of these values:
  dstData[dstIdx]
    Which is: 0
  srcData[srcIdx]
    Which is: 0.0429936647
Source copy mismatch at dst(9,8) src(6,4)
]]></failure>
      <failure message="/home/cjxu/npp/test/unit/nppi/nppi_geometry_transforms/test_nppi_copyConstBorder.cpp:63&#x0A;Expected equality of these values:&#x0A;  dstData[dstIdx]&#x0A;    Which is: 0&#x0A;  srcData[srcIdx]&#x0A;    Which is: -0.0192528367&#x0A;Source copy mismatch at dst(10,8) src(7,4)&#x0A;" type=""><![CDATA[/home/cjxu/npp/test/unit/nppi/nppi_geometry_transforms/test_nppi_copyConstBorder.cpp:63
Expected equality of these values:
  dstData[dstIdx]
    Which is: 0
  srcData[srcIdx]
    Which is: -0.0192528367
Source copy mismatch at dst(10,8) src(7,4)
]]></failure>
      <failure message="/home/cjxu/npp/test/unit/nppi/nppi_geometry_transforms/test_nppi_copyConstBorder.cpp:63&#x0A;Expected equality of these values:&#x0A;  dstData[dstIdx]&#x0A;    Which is: 0&#x0A;  srcData[srcIdx]&#x0A;    Which is: 0.434847593&#x0A;Source copy mismatch at dst(11,8) src(8,4)&#x0A;" type=""><![CDATA[/home/cjxu/npp/test/unit/nppi/nppi_geometry_transforms/test_nppi_copyConstBorder.cpp:63
Expected equality of these values:
  dstData[dstIdx]
    Which is: 0
  srcData[srcIdx]
    Which is: 0.434847593
Source copy mismatch at dst(11,8) src(8,4)
]]></failure>
      <failure message="/home/cjxu/npp/test/unit/nppi/nppi_geometry_transforms/test_nppi_copyConstBorder.cpp:63&#x0A;Expected equality of these values:&#x0A;  dstData[dstIdx]&#x0A;    Which is: 0&#x0A;  srcData[srcIdx]&#x0A;    Which is: 0.729100108&#x0A;Source copy mismatch at dst(12,8) src(9,4)&#x0A;" type=""><![CDATA[/home/cjxu/npp/test/unit/nppi/nppi_geometry_transforms/test_nppi_copyConstBorder.cpp:63
Expected equality of these values:
  dstData[dstIdx]
    Which is: 0
  srcData[srcIdx]
    Which is: 0.729100108
Source copy mismatch at dst(12,8) src(9,4)
]]></failure>
      <failure message="/home/cjxu/npp/test/unit/nppi/nppi_geometry_transforms/test_nppi_copyConstBorder.cpp:63&#x0A;Expected equality of these values:&#x0A;  dstData[dstIdx]&#x0A;    Which is: 0&#x0A;  srcData[srcIdx]&#x0A;    Which is: -0.177643359&#x0A;Source copy mismatch at dst(13,8) src(10,4)&#x0A;" type=""><![CDATA[/home/cjxu/npp/test/unit/nppi/nppi_geometry_transforms/test_nppi_copyConstBorder.cpp:63
Expected equality of these values:
  dstData[dstIdx]
    Which is: 0
  srcData[srcIdx]
    Which is: -0.177643359
Source copy mismatch at dst(13,8) src(10,4)
]]></failure>
      <failure message="/home/cjxu/npp/test/unit/nppi/nppi_geometry_transforms/test_nppi_copyConstBorder.cpp:63&#x0A;Expected equality of these values:&#x0A;  dstData[dstIdx]&#x0A;    Which is: 0&#x0A;  srcData[srcIdx]&#x0A;    Which is: 0.430598974&#x0A;Source copy mismatch at dst(14,8) src(11,4)&#x0A;" type=""><![CDATA[/home/cjxu/npp/test/unit/nppi/nppi_geometry_transforms/test_nppi_copyConstBorder.cpp:63
Expected equality of these values:
  dstData[dstIdx]
    Which is: 0
  srcData[srcIdx]
    Which is: 0.430598974
Source copy mismatch at dst(14,8) src(11,4)
]]></failure>
      <failure message="/home/cjxu/npp/test/unit/nppi/nppi_geometry_transforms/test_nppi_copyConstBorder.cpp:63&#x0A;Expected equality of these values:&#x0A;  dstData[dstIdx]&#x0A;    Which is: 0&#x0A;  srcData[srcIdx]&#x0A;    Which is: -0.167729855&#x0A;Source copy mismatch at dst(15,8) src(12,4)&#x0A;" type=""><![CDATA[/home/cjxu/npp/test/unit/nppi/nppi_geometry_transforms/test_nppi_copyConstBorder.cpp:63
Expected equality of these values:
  dstData[dstIdx]
    Which is: 0
  srcData[srcIdx]
    Which is: -0.167729855
Source copy mismatch at dst(15,8) src(12,4)
]]></failure>
      <failure message="/home/cjxu/npp/test/unit/nppi/nppi_geometry_transforms/test_nppi_copyConstBorder.cpp:63&#x0A;Expected equality of these values:&#x0A;  dstData[dstIdx]&#x0A;    Which is: 0&#x0A;  srcData[srcIdx]&#x0A;    Which is: -0.832474649&#x0A;Source copy mismatch at dst(16,8) src(13,4)&#x0A;" type=""><![CDATA[/home/cjxu/npp/test/unit/nppi/nppi_geometry_transforms/test_nppi_copyConstBorder.cpp:63
Expected equality of these values:
  dstData[dstIdx]
    Which is: 0
  srcData[srcIdx]
    Which is: -0.832474649
Source copy mismatch at dst(16,8) src(13,4)
]]></failure>
      <failure message="/home/cjxu/npp/test/unit/nppi/nppi_geometry_transforms/test_nppi_copyConstBorder.cpp:63&#x0A;Expected equality of these values:&#x0A;  dstData[dstIdx]&#x0A;    Which is: 0&#x0A;  srcData[srcIdx]&#x0A;    Which is: -0.304939747&#x0A;Source copy mismatch at dst(17,8) src(14,4)&#x0A;" type=""><![CDATA[/home/cjxu/npp/test/unit/nppi/nppi_geometry_transforms/test_nppi_copyConstBorder.cpp:63
Expected equality of these values:
  dstData[dstIdx]
    Which is: 0
  srcData[srcIdx]
    Which is: -0.304939747
Source copy mismatch at dst(17,8) src(14,4)
]]></failure>
      <failure message="/home/cjxu/npp/test/unit/nppi/nppi_geometry_transforms/test_nppi_copyConstBorder.cpp:63&#x0A;Expected equality of these values:&#x0A;  dstData[dstIdx]&#x0A;    Which is: 0&#x0A;  srcData[srcIdx]&#x0A;    Which is: 0.541854739&#x0A;Source copy mismatch at dst(18,8) src(15,4)&#x0A;" type=""><![CDATA[/home/cjxu/npp/test/unit/nppi/nppi_geometry_transforms/test_nppi_copyConstBorder.cpp:63
Expected equality of these values:
  dstData[dstIdx]
    Which is: 0
  srcData[srcIdx]
    Which is: 0.541854739
Source copy mismatch at dst(18,8) src(15,4)
]]></failure>
      <failure message="/home/cjxu/npp/test/unit/nppi/nppi_geometry_transforms/test_nppi_copyConstBorder.cpp:67&#x0A;Expected equality of these values:&#x0A;  dstData[dstIdx]&#x0A;    Which is: 0&#x0A;  borderValue&#x0A;    Which is: -0.5&#x0A;Border value mismatch at (19,8)&#x0A;" type=""><![CDATA[/home/cjxu/npp/test/unit/nppi/nppi_geometry_transforms/test_nppi_copyConstBorder.cpp:67
Expected equality of these values:
  dstData[dstIdx]
    Which is: 0
  borderValue
    Which is: -0.5
Border value mismatch at (19,8)
]]></failure>
      <failure message="/home/cjxu/npp/test/unit/nppi/nppi_geometry_transforms/test_nppi_copyConstBorder.cpp:67&#x0A;Expected equality of these values:&#x0A;  dstData[dstIdx]&#x0A;    Which is: 0&#x0A;  borderValue&#x0A;    Which is: -0.5&#x0A;Border value mismatch at (20,8)&#x0A;" type=""><![CDATA[/home/cjxu/npp/test/unit/nppi/nppi_geometry_transforms/test_nppi_copyConstBorder.cpp:67
Expected equality of these values:
  dstData[dstIdx]
    Which is: 0
  borderValue
    Which is: -0.5
Border value mismatch at (20,8)
]]></failure>
      <failure message="/home/cjxu/npp/test/unit/nppi/nppi_geometry_transforms/test_nppi_copyConstBorder.cpp:67&#x0A;Expected equality of these values:&#x0A;  dstData[dstIdx]&#x0A;    Which is: 0&#x0A;  borderValue&#x0A;    Which is: -0.5&#x0A;Border value mismatch at (21,8)&#x0A;" type=""><![CDATA[/home/cjxu/npp/test/unit/nppi/nppi_geometry_transforms/test_nppi_copyConstBorder.cpp:67
Expected equality of these values:
  dstData[dstIdx]
    Which is: 0
  borderValue
    Which is: -0.5
Border value mismatch at (21,8)
]]></failure>
      <failure message="/home/cjxu/npp/test/unit/nppi/nppi_geometry_transforms/test_nppi_copyConstBorder.cpp:67&#x0A;Expected equality of these values:&#x0A;  dstData[dstIdx]&#x0A;    Which is: 0&#x0A;  borderValue&#x0A;    Which is: -0.5&#x0A;Border value mismatch at (22,8)&#x0A;" type=""><![CDATA[/home/cjxu/npp/test/unit/nppi/nppi_geometry_transforms/test_nppi_copyConstBorder.cpp:67
Expected equality of these values:
  dstData[dstIdx]
    Which is: 0
  borderValue
    Which is: -0.5
Border value mismatch at (22,8)
]]></failure>
      <failure message="/home/cjxu/npp/test/unit/nppi/nppi_geometry_transforms/test_nppi_copyConstBorder.cpp:67&#x0A;Expected equality of these values:&#x0A;  dstData[dstIdx]&#x0A;    Which is: 0&#x0A;  borderValue&#x0A;    Which is: -0.5&#x0A;Border value mismatch at (23,8)&#x0A;" type=""><![CDATA[/home/cjxu/npp/test/unit/nppi/nppi_geometry_transforms/test_nppi_copyConstBorder.cpp:67
Expected equality of these values:
  dstData[dstIdx]
    Which is: 0
  borderValue
    Which is: -0.5
Border value mismatch at (23,8)
]]></failure>
      <failure message="/home/cjxu/npp/test/unit/nppi/nppi_geometry_transforms/test_nppi_copyConstBorder.cpp:67&#x0A;Expected equality of these values:&#x0A;  dstData[dstIdx]&#x0A;    Which is: 0&#x0A;  borderValue&#x0A;    Which is: -0.5&#x0A;Border value mismatch at (0,9)&#x0A;" type=""><![CDATA[/home/cjxu/npp/test/unit/nppi/nppi_geometry_transforms/test_nppi_copyConstBorder.cpp:67
Expected equality of these values:
  dstData[dstIdx]
    Which is: 0
  borderValue
    Which is: -0.5
Border value mismatch at (0,9)
]]></failure>
      <failure message="/home/cjxu/npp/test/unit/nppi/nppi_geometry_transforms/test_nppi_copyConstBorder.cpp:67&#x0A;Expected equality of these values:&#x0A;  dstData[dstIdx]&#x0A;    Which is: 0&#x0A;  borderValue&#x0A;    Which is: -0.5&#x0A;Border value mismatch at (1,9)&#x0A;" type=""><![CDATA[/home/cjxu/npp/test/unit/nppi/nppi_geometry_transforms/test_nppi_copyConstBorder.cpp:67
Expected equality of these values:
  dstData[dstIdx]
    Which is: 0
  borderValue
    Which is: -0.5
Border value mismatch at (1,9)
]]></failure>
      <failure message="/home/cjxu/npp/test/unit/nppi/nppi_geometry_transforms/test_nppi_copyConstBorder.cpp:67&#x0A;Expected equality of these values:&#x0A;  dstData[dstIdx]&#x0A;    Which is: 0&#x0A;  borderValue&#x0A;    Which is: -0.5&#x0A;Border value mismatch at (2,9)&#x0A;" type=""><![CDATA[/home/cjxu/npp/test/unit/nppi/nppi_geometry_transforms/test_nppi_copyConstBorder.cpp:67
Expected equality of these values:
  dstData[dstIdx]
    Which is: 0
  borderValue
    Which is: -0.5
Border value mismatch at (2,9)
]]></failure>
      <failure message="/home/cjxu/npp/test/unit/nppi/nppi_geometry_transforms/test_nppi_copyConstBorder.cpp:63&#x0A;Expected equality of these values:&#x0A;  dstData[dstIdx]&#x0A;    Which is: 0&#x0A;  srcData[srcIdx]&#x0A;    Which is: 0.701163054&#x0A;Source copy mismatch at dst(3,9) src(0,5)&#x0A;" type=""><![CDATA[/home/cjxu/npp/test/unit/nppi/nppi_geometry_transforms/test_nppi_copyConstBorder.cpp:63
Expected equality of these values:
  dstData[dstIdx]
    Which is: 0
  srcData[srcIdx]
    Which is: 0.701163054
Source copy mismatch at dst(3,9) src(0,5)
]]></failure>
      <failure message="/home/cjxu/npp/test/unit/nppi/nppi_geometry_transforms/test_nppi_copyConstBorder.cpp:63&#x0A;Expected equality of these values:&#x0A;  dstData[dstIdx]&#x0A;    Which is: 0&#x0A;  srcData[srcIdx]&#x0A;    Which is: -0.0783247948&#x0A;Source copy mismatch at dst(4,9) src(1,5)&#x0A;" type=""><![CDATA[/home/cjxu/npp/test/unit/nppi/nppi_geometry_transforms/test_nppi_copyConstBorder.cpp:63
Expected equality of these values:
  dstData[dstIdx]
    Which is: 0
  srcData[srcIdx]
    Which is: -0.0783247948
Source copy mismatch at dst(4,9) src(1,5)
]]></failure>
      <failure message="/home/cjxu/npp/test/unit/nppi/nppi_geometry_transforms/test_nppi_copyConstBorder.cpp:63&#x0A;Expected equality of these values:&#x0A;  dstData[dstIdx]&#x0A;    Which is: 0&#x0A;  srcData[srcIdx]&#x0A;    Which is: -0.598988414&#x0A;Source copy mismatch at dst(5,9) src(2,5)&#x0A;" type=""><![CDATA[/home/cjxu/npp/test/unit/nppi/nppi_geometry_transforms/test_nppi_copyConstBorder.cpp:63
Expected equality of these values:
  dstData[dstIdx]
    Which is: 0
  srcData[srcIdx]
    Which is: -0.598988414
Source copy mismatch at dst(5,9) src(2,5)
]]></failure>
      <failure message="/home/cjxu/npp/test/unit/nppi/nppi_geometry_transforms/test_nppi_copyConstBorder.cpp:63&#x0A;Expected equality of these values:&#x0A;  dstData[dstIdx]&#x0A;    Which is: 0&#x0A;  srcData[srcIdx]&#x0A;    Which is: 0.230545878&#x0A;Source copy mismatch at dst(6,9) src(3,5)&#x0A;" type=""><![CDATA[/home/cjxu/npp/test/unit/nppi/nppi_geometry_transforms/test_nppi_copyConstBorder.cpp:63
Expected equality of these values:
  dstData[dstIdx]
    Which is: 0
  srcData[srcIdx]
    Which is: 0.230545878
Source copy mismatch at dst(6,9) src(3,5)
]]></failure>
      <failure message="/home/cjxu/npp/test/unit/nppi/nppi_geometry_transforms/test_nppi_copyConstBorder.cpp:63&#x0A;Expected equality of these values:&#x0A;  dstData[dstIdx]&#x0A;    Which is: 0&#x0A;  srcData[srcIdx]&#x0A;    Which is: 0.264105797&#x0A;Source copy mismatch at dst(7,9) src(4,5)&#x0A;" type=""><![CDATA[/home/cjxu/npp/test/unit/nppi/nppi_geometry_transforms/test_nppi_copyConstBorder.cpp:63
Expected equality of these values:
  dstData[dstIdx]
    Which is: 0
  srcData[srcIdx]
    Which is: 0.264105797
Source copy mismatch at dst(7,9) src(4,5)
]]></failure>
      <failure message="/home/cjxu/npp/test/unit/nppi/nppi_geometry_transforms/test_nppi_copyConstBorder.cpp:63&#x0A;Expected equality of these values:&#x0A;  dstData[dstIdx]&#x0A;    Which is: 0&#x0A;  srcData[srcIdx]&#x0A;    Which is: -0.160852075&#x0A;Source copy mismatch at dst(8,9) src(5,5)&#x0A;" type=""><![CDATA[/home/cjxu/npp/test/unit/nppi/nppi_geometry_transforms/test_nppi_copyConstBorder.cpp:63
Expected equality of these values:
  dstData[dstIdx]
    Which is: 0
  srcData[srcIdx]
    Which is: -0.160852075
Source copy mismatch at dst(8,9) src(5,5)
]]></failure>
      <failure message="/home/cjxu/npp/test/unit/nppi/nppi_geometry_transforms/test_nppi_copyConstBorder.cpp:63&#x0A;Expected equality of these values:&#x0A;  dstData[dstIdx]&#x0A;    Which is: 0&#x0A;  srcData[srcIdx]&#x0A;    Which is: -0.524189591&#x0A;Source copy mismatch at dst(9,9) src(6,5)&#x0A;" type=""><![CDATA[/home/cjxu/npp/test/unit/nppi/nppi_geometry_transforms/test_nppi_copyConstBorder.cpp:63
Expected equality of these values:
  dstData[dstIdx]
    Which is: 0
  srcData[srcIdx]
    Which is: -0.524189591
Source copy mismatch at dst(9,9) src(6,5)
]]></failure>
      <failure message="/home/cjxu/npp/test/unit/nppi/nppi_geometry_transforms/test_nppi_copyConstBorder.cpp:63&#x0A;Expected equality of these values:&#x0A;  dstData[dstIdx]&#x0A;    Which is: 0&#x0A;  srcData[srcIdx]&#x0A;    Which is: -0.760287642&#x0A;Source copy mismatch at dst(10,9) src(7,5)&#x0A;" type=""><![CDATA[/home/cjxu/npp/test/unit/nppi/nppi_geometry_transforms/test_nppi_copyConstBorder.cpp:63
Expected equality of these values:
  dstData[dstIdx]
    Which is: 0
  srcData[srcIdx]
    Which is: -0.760287642
Source copy mismatch at dst(10,9) src(7,5)
]]></failure>
      <failure message="/home/cjxu/npp/test/unit/nppi/nppi_geometry_transforms/test_nppi_copyConstBorder.cpp:63&#x0A;Expected equality of these values:&#x0A;  dstData[dstIdx]&#x0A;    Which is: 0&#x0A;  srcData[srcIdx]&#x0A;    Which is: 0.869597554&#x0A;Source copy mismatch at dst(11,9) src(8,5)&#x0A;" type=""><![CDATA[/home/cjxu/npp/test/unit/nppi/nppi_geometry_transforms/test_nppi_copyConstBorder.cpp:63
Expected equality of these values:
  dstData[dstIdx]
    Which is: 0
  srcData[srcIdx]
    Which is: 0.869597554
Source copy mismatch at dst(11,9) src(8,5)
]]></failure>
      <failure message="/home/cjxu/npp/test/unit/nppi/nppi_geometry_transforms/test_nppi_copyConstBorder.cpp:63&#x0A;Expected equality of these values:&#x0A;  dstData[dstIdx]&#x0A;    Which is: 0&#x0A;  srcData[srcIdx]&#x0A;    Which is: 0.669026494&#x0A;Source copy mismatch at dst(12,9) src(9,5)&#x0A;" type=""><![CDATA[/home/cjxu/npp/test/unit/nppi/nppi_geometry_transforms/test_nppi_copyConstBorder.cpp:63
Expected equality of these values:
  dstData[dstIdx]
    Which is: 0
  srcData[srcIdx]
    Which is: 0.669026494
Source copy mismatch at dst(12,9) src(9,5)
]]></failure>
      <failure message="/home/cjxu/npp/test/unit/nppi/nppi_geometry_transforms/test_nppi_copyConstBorder.cpp:63&#x0A;Expected equality of these values:&#x0A;  dstData[dstIdx]&#x0A;    Which is: 0&#x0A;  srcData[srcIdx]&#x0A;    Which is: -0.355423808&#x0A;Source copy mismatch at dst(13,9) src(10,5)&#x0A;" type=""><![CDATA[/home/cjxu/npp/test/unit/nppi/nppi_geometry_transforms/test_nppi_copyConstBorder.cpp:63
Expected equality of these values:
  dstData[dstIdx]
    Which is: 0
  srcData[srcIdx]
    Which is: -0.355423808
Source copy mismatch at dst(13,9) src(10,5)
]]></failure>
      <failure message="/home/cjxu/npp/test/unit/nppi/nppi_geometry_transforms/test_nppi_copyConstBorder.cpp:63&#x0A;Expected equality of these values:&#x0A;  dstData[dstIdx]&#x0A;    Which is: 0&#x0A;  srcData[srcIdx]&#x0A;    Which is: 0.047319293&#x0A;Source copy mismatch at dst(14,9) src(11,5)&#x0A;" type=""><![CDATA[/home/cjxu/npp/test/unit/nppi/nppi_geometry_transforms/test_nppi_copyConstBorder.cpp:63
Expected equality of these values:
  dstData[dstIdx]
    Which is: 0
  srcData[srcIdx]
    Which is: 0.047319293
Source copy mismatch at dst(14,9) src(11,5)
]]></failure>
      <failure message="/home/cjxu/npp/test/unit/nppi/nppi_geometry_transforms/test_nppi_copyConstBorder.cpp:63&#x0A;Expected equality of these values:&#x0A;  dstData[dstIdx]&#x0A;    Which is: 0&#x0A;  srcData[srcIdx]&#x0A;    Which is: -0.560941577&#x0A;Source copy mismatch at dst(15,9) src(12,5)&#x0A;" type=""><![CDATA[/home/cjxu/npp/test/unit/nppi/nppi_geometry_transforms/test_nppi_copyConstBorder.cpp:63
Expected equality of these values:
  dstData[dstIdx]
    Which is: 0
  srcData[srcIdx]
    Which is: -0.560941577
Source copy mismatch at dst(15,9) src(12,5)
]]></failure>
      <failure message="/home/cjxu/npp/test/unit/nppi/nppi_geometry_transforms/test_nppi_copyConstBorder.cpp:63&#x0A;Expected equality of these values:&#x0A;  dstData[dstIdx]&#x0A;    Which is: 0&#x0A;  srcData[srcIdx]&#x0A;    Which is: 0.835383892&#x0A;Source copy mismatch at dst(16,9) src(13,5)&#x0A;" type=""><![CDATA[/home/cjxu/npp/test/unit/nppi/nppi_geometry_transforms/test_nppi_copyConstBorder.cpp:63
Expected equality of these values:
  dstData[dstIdx]
    Which is: 0
  srcData[srcIdx]
    Which is: 0.835383892
Source copy mismatch at dst(16,9) src(13,5)
]]></failure>
      <failure message="/home/cjxu/npp/test/unit/nppi/nppi_geometry_transforms/test_nppi_copyConstBorder.cpp:63&#x0A;Expected equality of these values:&#x0A;  dstData[dstIdx]&#x0A;    Which is: 0&#x0A;  srcData[srcIdx]&#x0A;    Which is: -0.421980083&#x0A;Source copy mismatch at dst(17,9) src(14,5)&#x0A;" type=""><![CDATA[/home/cjxu/npp/test/unit/nppi/nppi_geometry_transforms/test_nppi_copyConstBorder.cpp:63
Expected equality of these values:
  dstData[dstIdx]
    Which is: 0
  srcData[srcIdx]
    Which is: -0.421980083
Source copy mismatch at dst(17,9) src(14,5)
]]></failure>
      <failure message="/home/cjxu/npp/test/unit/nppi/nppi_geometry_transforms/test_nppi_copyConstBorder.cpp:63&#x0A;Expected equality of these values:&#x0A;  dstData[dstIdx]&#x0A;    Which is: 0&#x0A;  srcData[srcIdx]&#x0A;    Which is: 0.829798222&#x0A;Source copy mismatch at dst(18,9) src(15,5)&#x0A;" type=""><![CDATA[/home/cjxu/npp/test/unit/nppi/nppi_geometry_transforms/test_nppi_copyConstBorder.cpp:63
Expected equality of these values:
  dstData[dstIdx]
    Which is: 0
  srcData[srcIdx]
    Which is: 0.829798222
Source copy mismatch at dst(18,9) src(15,5)
]]></failure>
      <failure message="/home/cjxu/npp/test/unit/nppi/nppi_geometry_transforms/test_nppi_copyConstBorder.cpp:67&#x0A;Expected equality of these values:&#x0A;  dstData[dstIdx]&#x0A;    Which is: 0&#x0A;  borderValue&#x0A;    Which is: -0.5&#x0A;Border value mismatch at (19,9)&#x0A;" type=""><![CDATA[/home/cjxu/npp/test/unit/nppi/nppi_geometry_transforms/test_nppi_copyConstBorder.cpp:67
Expected equality of these values:
  dstData[dstIdx]
    Which is: 0
  borderValue
    Which is: -0.5
Border value mismatch at (19,9)
]]></failure>
      <failure message="/home/cjxu/npp/test/unit/nppi/nppi_geometry_transforms/test_nppi_copyConstBorder.cpp:67&#x0A;Expected equality of these values:&#x0A;  dstData[dstIdx]&#x0A;    Which is: 0&#x0A;  borderValue&#x0A;    Which is: -0.5&#x0A;Border value mismatch at (20,9)&#x0A;" type=""><![CDATA[/home/cjxu/npp/test/unit/nppi/nppi_geometry_transforms/test_nppi_copyConstBorder.cpp:67
Expected equality of these values:
  dstData[dstIdx]
    Which is: 0
  borderValue
    Which is: -0.5
Border value mismatch at (20,9)
]]></failure>
      <failure message="/home/cjxu/npp/test/unit/nppi/nppi_geometry_transforms/test_nppi_copyConstBorder.cpp:67&#x0A;Expected equality of these values:&#x0A;  dstData[dstIdx]&#x0A;    Which is: 0&#x0A;  borderValue&#x0A;    Which is: -0.5&#x0A;Border value mismatch at (21,9)&#x0A;" type=""><![CDATA[/home/cjxu/npp/test/unit/nppi/nppi_geometry_transforms/test_nppi_copyConstBorder.cpp:67
Expected equality of these values:
  dstData[dstIdx]
    Which is: 0
  borderValue
    Which is: -0.5
Border value mismatch at (21,9)
]]></failure>
      <failure message="/home/cjxu/npp/test/unit/nppi/nppi_geometry_transforms/test_nppi_copyConstBorder.cpp:67&#x0A;Expected equality of these values:&#x0A;  dstData[dstIdx]&#x0A;    Which is: 0&#x0A;  borderValue&#x0A;    Which is: -0.5&#x0A;Border value mismatch at (22,9)&#x0A;" type=""><![CDATA[/home/cjxu/npp/test/unit/nppi/nppi_geometry_transforms/test_nppi_copyConstBorder.cpp:67
Expected equality of these values:
  dstData[dstIdx]
    Which is: 0
  borderValue
    Which is: -0.5
Border value mismatch at (22,9)
]]></failure>
      <failure message="/home/cjxu/npp/test/unit/nppi/nppi_geometry_transforms/test_nppi_copyConstBorder.cpp:67&#x0A;Expected equality of these values:&#x0A;  dstData[dstIdx]&#x0A;    Which is: 0&#x0A;  borderValue&#x0A;    Which is: -0.5&#x0A;Border value mismatch at (23,9)&#x0A;" type=""><![CDATA[/home/cjxu/npp/test/unit/nppi/nppi_geometry_transforms/test_nppi_copyConstBorder.cpp:67
Expected equality of these values:
  dstData[dstIdx]
    Which is: 0
  borderValue
    Which is: -0.5
Border value mismatch at (23,9)
]]></failure>
      <failure message="/home/cjxu/npp/test/unit/nppi/nppi_geometry_transforms/test_nppi_copyConstBorder.cpp:67&#x0A;Expected equality of these values:&#x0A;  dstData[dstIdx]&#x0A;    Which is: 0&#x0A;  borderValue&#x0A;    Which is: -0.5&#x0A;Border value mismatch at (0,10)&#x0A;" type=""><![CDATA[/home/cjxu/npp/test/unit/nppi/nppi_geometry_transforms/test_nppi_copyConstBorder.cpp:67
Expected equality of these values:
  dstData[dstIdx]
    Which is: 0
  borderValue
    Which is: -0.5
Border value mismatch at (0,10)
]]></failure>
      <failure message="/home/cjxu/npp/test/unit/nppi/nppi_geometry_transforms/test_nppi_copyConstBorder.cpp:67&#x0A;Expected equality of these values:&#x0A;  dstData[dstIdx]&#x0A;    Which is: 0&#x0A;  borderValue&#x0A;    Which is: -0.5&#x0A;Border value mismatch at (1,10)&#x0A;" type=""><![CDATA[/home/cjxu/npp/test/unit/nppi/nppi_geometry_transforms/test_nppi_copyConstBorder.cpp:67
Expected equality of these values:
  dstData[dstIdx]
    Which is: 0
  borderValue
    Which is: -0.5
Border value mismatch at (1,10)
]]></failure>
      <failure message="/home/cjxu/npp/test/unit/nppi/nppi_geometry_transforms/test_nppi_copyConstBorder.cpp:67&#x0A;Expected equality of these values:&#x0A;  dstData[dstIdx]&#x0A;    Which is: 0&#x0A;  borderValue&#x0A;    Which is: -0.5&#x0A;Border value mismatch at (2,10)&#x0A;" type=""><![CDATA[/home/cjxu/npp/test/unit/nppi/nppi_geometry_transforms/test_nppi_copyConstBorder.cpp:67
Expected equality of these values:
  dstData[dstIdx]
    Which is: 0
  borderValue
    Which is: -0.5
Border value mismatch at (2,10)
]]></failure>
      <failure message="/home/cjxu/npp/test/unit/nppi/nppi_geometry_transforms/test_nppi_copyConstBorder.cpp:63&#x0A;Expected equality of these values:&#x0A;  dstData[dstIdx]&#x0A;    Which is: 0&#x0A;  srcData[srcIdx]&#x0A;    Which is: 0.791522264&#x0A;Source copy mismatch at dst(3,10) src(0,6)&#x0A;" type=""><![CDATA[/home/cjxu/npp/test/unit/nppi/nppi_geometry_transforms/test_nppi_copyConstBorder.cpp:63
Expected equality of these values:
  dstData[dstIdx]
    Which is: 0
  srcData[srcIdx]
    Which is: 0.791522264
Source copy mismatch at dst(3,10) src(0,6)
]]></failure>
      <failure message="/home/cjxu/npp/test/unit/nppi/nppi_geometry_transforms/test_nppi_copyConstBorder.cpp:63&#x0A;Expected equality of these values:&#x0A;  dstData[dstIdx]&#x0A;    Which is: 0&#x0A;  srcData[srcIdx]&#x0A;    Which is: 0.207816243&#x0A;Source copy mismatch at dst(4,10) src(1,6)&#x0A;" type=""><![CDATA[/home/cjxu/npp/test/unit/nppi/nppi_geometry_transforms/test_nppi_copyConstBorder.cpp:63
Expected equality of these values:
  dstData[dstIdx]
    Which is: 0
  srcData[srcIdx]
    Which is: 0.207816243
Source copy mismatch at dst(4,10) src(1,6)
]]></failure>
      <failure message="/home/cjxu/npp/test/unit/nppi/nppi_geometry_transforms/test_nppi_copyConstBorder.cpp:63&#x0A;Expected equality of these values:&#x0A;  dstData[dstIdx]&#x0A;    Which is: 0&#x0A;  srcData[srcIdx]&#x0A;    Which is: -0.768192053&#x0A;Source copy mismatch at dst(5,10) src(2,6)&#x0A;" type=""><![CDATA[/home/cjxu/npp/test/unit/nppi/nppi_geometry_transforms/test_nppi_copyConstBorder.cpp:63
Expected equality of these values:
  dstData[dstIdx]
    Which is: 0
  srcData[srcIdx]
    Which is: -0.768192053
Source copy mismatch at dst(5,10) src(2,6)
]]></failure>
      <failure message="/home/cjxu/npp/test/unit/nppi/nppi_geometry_transforms/test_nppi_copyConstBorder.cpp:63&#x0A;Expected equality of these values:&#x0A;  dstData[dstIdx]&#x0A;    Which is: 0&#x0A;  srcData[srcIdx]&#x0A;    Which is: 0.520671368&#x0A;Source copy mismatch at dst(6,10) src(3,6)&#x0A;" type=""><![CDATA[/home/cjxu/npp/test/unit/nppi/nppi_geometry_transforms/test_nppi_copyConstBorder.cpp:63
Expected equality of these values:
  dstData[dstIdx]
    Which is: 0
  srcData[srcIdx]
    Which is: 0.520671368
Source copy mismatch at dst(6,10) src(3,6)
]]></failure>
      <failure message="/home/cjxu/npp/test/unit/nppi/nppi_geometry_transforms/test_nppi_copyConstBorder.cpp:63&#x0A;Expected equality of these values:&#x0A;  dstData[dstIdx]&#x0A;    Which is: 0&#x0A;  srcData[srcIdx]&#x0A;    Which is: 0.917072296&#x0A;Source copy mismatch at dst(7,10) src(4,6)&#x0A;" type=""><![CDATA[/home/cjxu/npp/test/unit/nppi/nppi_geometry_transforms/test_nppi_copyConstBorder.cpp:63
Expected equality of these values:
  dstData[dstIdx]
    Which is: 0
  srcData[srcIdx]
    Which is: 0.917072296
Source copy mismatch at dst(7,10) src(4,6)
]]></failure>
      <failure message="/home/cjxu/npp/test/unit/nppi/nppi_geometry_transforms/test_nppi_copyConstBorder.cpp:63&#x0A;Expected equality of these values:&#x0A;  dstData[dstIdx]&#x0A;    Which is: 0&#x0A;  srcData[srcIdx]&#x0A;    Which is: 0.274801612&#x0A;Source copy mismatch at dst(8,10) src(5,6)&#x0A;" type=""><![CDATA[/home/cjxu/npp/test/unit/nppi/nppi_geometry_transforms/test_nppi_copyConstBorder.cpp:63
Expected equality of these values:
  dstData[dstIdx]
    Which is: 0
  srcData[srcIdx]
    Which is: 0.274801612
Source copy mismatch at dst(8,10) src(5,6)
]]></failure>
      <failure message="/home/cjxu/npp/test/unit/nppi/nppi_geometry_transforms/test_nppi_copyConstBorder.cpp:63&#x0A;Expected equality of these values:&#x0A;  dstData[dstIdx]&#x0A;    Which is: 0&#x0A;  srcData[srcIdx]&#x0A;    Which is: -0.498581469&#x0A;Source copy mismatch at dst(9,10) src(6,6)&#x0A;" type=""><![CDATA[/home/cjxu/npp/test/unit/nppi/nppi_geometry_transforms/test_nppi_copyConstBorder.cpp:63
Expected equality of these values:
  dstData[dstIdx]
    Which is: 0
  srcData[srcIdx]
    Which is: -0.498581469
Source copy mismatch at dst(9,10) src(6,6)
]]></failure>
      <failure message="/home/cjxu/npp/test/unit/nppi/nppi_geometry_transforms/test_nppi_copyConstBorder.cpp:63&#x0A;Expected equality of these values:&#x0A;  dstData[dstIdx]&#x0A;    Which is: 0&#x0A;  srcData[srcIdx]&#x0A;    Which is: 0.351919889&#x0A;Source copy mismatch at dst(10,10) src(7,6)&#x0A;" type=""><![CDATA[/home/cjxu/npp/test/unit/nppi/nppi_geometry_transforms/test_nppi_copyConstBorder.cpp:63
Expected equality of these values:
  dstData[dstIdx]
    Which is: 0
  srcData[srcIdx]
    Which is: 0.351919889
Source copy mismatch at dst(10,10) src(7,6)
]]></failure>
      <failure message="/home/cjxu/npp/test/unit/nppi/nppi_geometry_transforms/test_nppi_copyConstBorder.cpp:63&#x0A;Expected equality of these values:&#x0A;  dstData[dstIdx]&#x0A;    Which is: 0&#x0A;  srcData[srcIdx]&#x0A;    Which is: 0.00390172&#x0A;Source copy mismatch at dst(11,10) src(8,6)&#x0A;" type=""><![CDATA[/home/cjxu/npp/test/unit/nppi/nppi_geometry_transforms/test_nppi_copyConstBorder.cpp:63
Expected equality of these values:
  dstData[dstIdx]
    Which is: 0
  srcData[srcIdx]
    Which is: 0.00390172
Source copy mismatch at dst(11,10) src(8,6)
]]></failure>
      <failure message="/home/cjxu/npp/test/unit/nppi/nppi_geometry_transforms/test_nppi_copyConstBorder.cpp:63&#x0A;Expected equality of these values:&#x0A;  dstData[dstIdx]&#x0A;    Which is: 0&#x0A;  srcData[srcIdx]&#x0A;    Which is: 0.323775172&#x0A;Source copy mismatch at dst(12,10) src(9,6)&#x0A;" type=""><![CDATA[/home/cjxu/npp/test/unit/nppi/nppi_geometry_transforms/test_nppi_copyConstBorder.cpp:63
Expected equality of these values:
  dstData[dstIdx]
    Which is: 0
  srcData[srcIdx]
    Which is: 0.323775172
Source copy mismatch at dst(12,10) src(9,6)
]]></failure>
      <failure message="/home/cjxu/npp/test/unit/nppi/nppi_geometry_transforms/test_nppi_copyConstBorder.cpp:63&#x0A;Expected equality of these values:&#x0A;  dstData[dstIdx]&#x0A;    Which is: 0&#x0A;  srcData[srcIdx]&#x0A;    Which is: -0.217481136&#x0A;Source copy mismatch at dst(13,10) src(10,6)&#x0A;" type=""><![CDATA[/home/cjxu/npp/test/unit/nppi/nppi_geometry_transforms/test_nppi_copyConstBorder.cpp:63
Expected equality of these values:
  dstData[dstIdx]
    Which is: 0
  srcData[srcIdx]
    Which is: -0.217481136
Source copy mismatch at dst(13,10) src(10,6)
]]></failure>
      <failure message="/home/cjxu/npp/test/unit/nppi/nppi_geometry_transforms/test_nppi_copyConstBorder.cpp:63&#x0A;Expected equality of these values:&#x0A;  dstData[dstIdx]&#x0A;    Which is: 0&#x0A;  srcData[srcIdx]&#x0A;    Which is: 0.836171865&#x0A;Source copy mismatch at dst(14,10) src(11,6)&#x0A;" type=""><![CDATA[/home/cjxu/npp/test/unit/nppi/nppi_geometry_transforms/test_nppi_copyConstBorder.cpp:63
Expected equality of these values:
  dstData[dstIdx]
    Which is: 0
  srcData[srcIdx]
    Which is: 0.836171865
Source copy mismatch at dst(14,10) src(11,6)
]]></failure>
      <failure message="/home/cjxu/npp/test/unit/nppi/nppi_geometry_transforms/test_nppi_copyConstBorder.cpp:63&#x0A;Expected equality of these values:&#x0A;  dstData[dstIdx]&#x0A;    Which is: 0&#x0A;  srcData[srcIdx]&#x0A;    Which is: 0.491300583&#x0A;Source copy mismatch at dst(15,10) src(12,6)&#x0A;" type=""><![CDATA[/home/cjxu/npp/test/unit/nppi/nppi_geometry_transforms/test_nppi_copyConstBorder.cpp:63
Expected equality of these values:
  dstData[dstIdx]
    Which is: 0
  srcData[srcIdx]
    Which is: 0.491300583
Source copy mismatch at dst(15,10) src(12,6)
]]></failure>
      <failure message="/home/cjxu/npp/test/unit/nppi/nppi_geometry_transforms/test_nppi_copyConstBorder.cpp:63&#x0A;Expected equality of these values:&#x0A;  dstData[dstIdx]&#x0A;    Which is: 0&#x0A;  srcData[srcIdx]&#x0A;    Which is: 0.477579117&#x0A;Source copy mismatch at dst(16,10) src(13,6)&#x0A;" type=""><![CDATA[/home/cjxu/npp/test/unit/nppi/nppi_geometry_transforms/test_nppi_copyConstBorder.cpp:63
Expected equality of these values:
  dstData[dstIdx]
    Which is: 0
  srcData[srcIdx]
    Which is: 0.477579117
Source copy mismatch at dst(16,10) src(13,6)
]]></failure>
      <failure message="/home/cjxu/npp/test/unit/nppi/nppi_geometry_transforms/test_nppi_copyConstBorder.cpp:63&#x0A;Expected equality of these values:&#x0A;  dstData[dstIdx]&#x0A;    Which is: 0&#x0A;  srcData[srcIdx]&#x0A;    Which is: 0.378026724&#x0A;Source copy mismatch at dst(17,10) src(14,6)&#x0A;" type=""><![CDATA[/home/cjxu/npp/test/unit/nppi/nppi_geometry_transforms/test_nppi_copyConstBorder.cpp:63
Expected equality of these values:
  dstData[dstIdx]
    Which is: 0
  srcData[srcIdx]
    Which is: 0.378026724
Source copy mismatch at dst(17,10) src(14,6)
]]></failure>
      <failure message="/home/cjxu/npp/test/unit/nppi/nppi_geometry_transforms/test_nppi_copyConstBorder.cpp:63&#x0A;Expected equality of these values:&#x0A;  dstData[dstIdx]&#x0A;    Which is: 0&#x0A;  srcData[srcIdx]&#x0A;    Which is: 0.192463636&#x0A;Source copy mismatch at dst(18,10) src(15,6)&#x0A;" type=""><![CDATA[/home/cjxu/npp/test/unit/nppi/nppi_geometry_transforms/test_nppi_copyConstBorder.cpp:63
Expected equality of these values:
  dstData[dstIdx]
    Which is: 0
  srcData[srcIdx]
    Which is: 0.192463636
Source copy mismatch at dst(18,10) src(15,6)
]]></failure>
      <failure message="/home/cjxu/npp/test/unit/nppi/nppi_geometry_transforms/test_nppi_copyConstBorder.cpp:67&#x0A;Expected equality of these values:&#x0A;  dstData[dstIdx]&#x0A;    Which is: 0&#x0A;  borderValue&#x0A;    Which is: -0.5&#x0A;Border value mismatch at (19,10)&#x0A;" type=""><![CDATA[/home/cjxu/npp/test/unit/nppi/nppi_geometry_transforms/test_nppi_copyConstBorder.cpp:67
Expected equality of these values:
  dstData[dstIdx]
    Which is: 0
  borderValue
    Which is: -0.5
Border value mismatch at (19,10)
]]></failure>
      <failure message="/home/cjxu/npp/test/unit/nppi/nppi_geometry_transforms/test_nppi_copyConstBorder.cpp:67&#x0A;Expected equality of these values:&#x0A;  dstData[dstIdx]&#x0A;    Which is: 0&#x0A;  borderValue&#x0A;    Which is: -0.5&#x0A;Border value mismatch at (20,10)&#x0A;" type=""><![CDATA[/home/cjxu/npp/test/unit/nppi/nppi_geometry_transforms/test_nppi_copyConstBorder.cpp:67
Expected equality of these values:
  dstData[dstIdx]
    Which is: 0
  borderValue
    Which is: -0.5
Border value mismatch at (20,10)
]]></failure>
      <failure message="/home/cjxu/npp/test/unit/nppi/nppi_geometry_transforms/test_nppi_copyConstBorder.cpp:67&#x0A;Expected equality of these values:&#x0A;  dstData[dstIdx]&#x0A;    Which is: 0&#x0A;  borderValue&#x0A;    Which is: -0.5&#x0A;Border value mismatch at (21,10)&#x0A;" type=""><![CDATA[/home/cjxu/npp/test/unit/nppi/nppi_geometry_transforms/test_nppi_copyConstBorder.cpp:67
Expected equality of these values:
  dstData[dstIdx]
    Which is: 0
  borderValue
    Which is: -0.5
Border value mismatch at (21,10)
]]></failure>
      <failure message="/home/cjxu/npp/test/unit/nppi/nppi_geometry_transforms/test_nppi_copyConstBorder.cpp:67&#x0A;Expected equality of these values:&#x0A;  dstData[dstIdx]&#x0A;    Which is: 0&#x0A;  borderValue&#x0A;    Which is: -0.5&#x0A;Border value mismatch at (22,10)&#x0A;" type=""><![CDATA[/home/cjxu/npp/test/unit/nppi/nppi_geometry_transforms/test_nppi_copyConstBorder.cpp:67
Expected equality of these values:
  dstData[dstIdx]
    Which is: 0
  borderValue
    Which is: -0.5
Border value mismatch at (22,10)
]]></failure>
      <failure message="/home/cjxu/npp/test/unit/nppi/nppi_geometry_transforms/test_nppi_copyConstBorder.cpp:67&#x0A;Expected equality of these values:&#x0A;  dstData[dstIdx]&#x0A;    Which is: 0&#x0A;  borderValue&#x0A;    Which is: -0.5&#x0A;Border value mismatch at (23,10)&#x0A;" type=""><![CDATA[/home/cjxu/npp/test/unit/nppi/nppi_geometry_transforms/test_nppi_copyConstBorder.cpp:67
Expected equality of these values:
  dstData[dstIdx]
    Which is: 0
  borderValue
    Which is: -0.5
Border value mismatch at (23,10)
]]></failure>
      <failure message="/home/cjxu/npp/test/unit/nppi/nppi_geometry_transforms/test_nppi_copyConstBorder.cpp:67&#x0A;Expected equality of these values:&#x0A;  dstData[dstIdx]&#x0A;    Which is: 0&#x0A;  borderValue&#x0A;    Which is: -0.5&#x0A;Border value mismatch at (0,11)&#x0A;" type=""><![CDATA[/home/cjxu/npp/test/unit/nppi/nppi_geometry_transforms/test_nppi_copyConstBorder.cpp:67
Expected equality of these values:
  dstData[dstIdx]
    Which is: 0
  borderValue
    Which is: -0.5
Border value mismatch at (0,11)
]]></failure>
      <failure message="/home/cjxu/npp/test/unit/nppi/nppi_geometry_transforms/test_nppi_copyConstBorder.cpp:67&#x0A;Expected equality of these values:&#x0A;  dstData[dstIdx]&#x0A;    Which is: 0&#x0A;  borderValue&#x0A;    Which is: -0.5&#x0A;Border value mismatch at (1,11)&#x0A;" type=""><![CDATA[/home/cjxu/npp/test/unit/nppi/nppi_geometry_transforms/test_nppi_copyConstBorder.cpp:67
Expected equality of these values:
  dstData[dstIdx]
    Which is: 0
  borderValue
    Which is: -0.5
Border value mismatch at (1,11)
]]></failure>
      <failure message="/home/cjxu/npp/test/unit/nppi/nppi_geometry_transforms/test_nppi_copyConstBorder.cpp:67&#x0A;Expected equality of these values:&#x0A;  dstData[dstIdx]&#x0A;    Which is: 0&#x0A;  borderValue&#x0A;    Which is: -0.5&#x0A;Border value mismatch at (2,11)&#x0A;" type=""><![CDATA[/home/cjxu/npp/test/unit/nppi/nppi_geometry_transforms/test_nppi_copyConstBorder.cpp:67
Expected equality of these values:
  dstData[dstIdx]
    Which is: 0
  borderValue
    Which is: -0.5
Border value mismatch at (2,11)
]]></failure>
      <failure message="/home/cjxu/npp/test/unit/nppi/nppi_geometry_transforms/test_nppi_copyConstBorder.cpp:63&#x0A;Expected equality of these values:&#x0A;  dstData[dstIdx]&#x0A;    Which is: 0&#x0A;  srcData[srcIdx]&#x0A;    Which is: -0.600745678&#x0A;Source copy mismatch at dst(3,11) src(0,7)&#x0A;" type=""><![CDATA[/home/cjxu/npp/test/unit/nppi/nppi_geometry_transforms/test_nppi_copyConstBorder.cpp:63
Expected equality of these values:
  dstData[dstIdx]
    Which is: 0
  srcData[srcIdx]
    Which is: -0.600745678
Source copy mismatch at dst(3,11) src(0,7)
]]></failure>
      <failure message="/home/cjxu/npp/test/unit/nppi/nppi_geometry_transforms/test_nppi_copyConstBorder.cpp:63&#x0A;Expected equality of these values:&#x0A;  dstData[dstIdx]&#x0A;    Which is: 0&#x0A;  srcData[srcIdx]&#x0A;    Which is: 0.77903831&#x0A;Source copy mismatch at dst(4,11) src(1,7)&#x0A;" type=""><![CDATA[/home/cjxu/npp/test/unit/nppi/nppi_geometry_transforms/test_nppi_copyConstBorder.cpp:63
Expected equality of these values:
  dstData[dstIdx]
    Which is: 0
  srcData[srcIdx]
    Which is: 0.77903831
Source copy mismatch at dst(4,11) src(1,7)
]]></failure>
      <failure message="/home/cjxu/npp/test/unit/nppi/nppi_geometry_transforms/test_nppi_copyConstBorder.cpp:63&#x0A;Expected equality of these values:&#x0A;  dstData[dstIdx]&#x0A;    Which is: 0&#x0A;  srcData[srcIdx]&#x0A;    Which is: -0.576990485&#x0A;Source copy mismatch at dst(5,11) src(2,7)&#x0A;" type=""><![CDATA[/home/cjxu/npp/test/unit/nppi/nppi_geometry_transforms/test_nppi_copyConstBorder.cpp:63
Expected equality of these values:
  dstData[dstIdx]
    Which is: 0
  srcData[srcIdx]
    Which is: -0.576990485
Source copy mismatch at dst(5,11) src(2,7)
]]></failure>
      <failure message="/home/cjxu/npp/test/unit/nppi/nppi_geometry_transforms/test_nppi_copyConstBorder.cpp:63&#x0A;Expected equality of these values:&#x0A;  dstData[dstIdx]&#x0A;    Which is: 0&#x0A;  srcData[srcIdx]&#x0A;    Which is: 0.663360238&#x0A;Source copy mismatch at dst(6,11) src(3,7)&#x0A;" type=""><![CDATA[/home/cjxu/npp/test/unit/nppi/nppi_geometry_transforms/test_nppi_copyConstBorder.cpp:63
Expected equality of these values:
  dstData[dstIdx]
    Which is: 0
  srcData[srcIdx]
    Which is: 0.663360238
Source copy mismatch at dst(6,11) src(3,7)
]]></failure>
      <failure message="/home/cjxu/npp/test/unit/nppi/nppi_geometry_transforms/test_nppi_copyConstBorder.cpp:63&#x0A;Expected equality of these values:&#x0A;  dstData[dstIdx]&#x0A;    Which is: 0&#x0A;  srcData[srcIdx]&#x0A;    Which is: -0.381813705&#x0A;Source copy mismatch at dst(7,11) src(4,7)&#x0A;" type=""><![CDATA[/home/cjxu/npp/test/unit/nppi/nppi_geometry_transforms/test_nppi_copyConstBorder.cpp:63
Expected equality of these values:
  dstData[dstIdx]
    Which is: 0
  srcData[srcIdx]
    Which is: -0.381813705
Source copy mismatch at dst(7,11) src(4,7)
]]></failure>
      <failure message="/home/cjxu/npp/test/unit/nppi/nppi_geometry_transforms/test_nppi_copyConstBorder.cpp:63&#x0A;Expected equality of these values:&#x0A;  dstData[dstIdx]&#x0A;    Which is: 0&#x0A;  srcData[srcIdx]&#x0A;    Which is: -0.101180136&#x0A;Source copy mismatch at dst(8,11) src(5,7)&#x0A;" type=""><![CDATA[/home/cjxu/npp/test/unit/nppi/nppi_geometry_transforms/test_nppi_copyConstBorder.cpp:63
Expected equality of these values:
  dstData[dstIdx]
    Which is: 0
  srcData[srcIdx]
    Which is: -0.101180136
Source copy mismatch at dst(8,11) src(5,7)
]]></failure>
      <failure message="/home/cjxu/npp/test/unit/nppi/nppi_geometry_transforms/test_nppi_copyConstBorder.cpp:63&#x0A;Expected equality of these values:&#x0A;  dstData[dstIdx]&#x0A;    Which is: 0&#x0A;  srcData[srcIdx]&#x0A;    Which is: 0.903072476&#x0A;Source copy mismatch at dst(9,11) src(6,7)&#x0A;" type=""><![CDATA[/home/cjxu/npp/test/unit/nppi/nppi_geometry_transforms/test_nppi_copyConstBorder.cpp:63
Expected equality of these values:
  dstData[dstIdx]
    Which is: 0
  srcData[srcIdx]
    Which is: 0.903072476
Source copy mismatch at dst(9,11) src(6,7)
]]></failure>
      <failure message="/home/cjxu/npp/test/unit/nppi/nppi_geometry_transforms/test_nppi_copyConstBorder.cpp:63&#x0A;Expected equality of these values:&#x0A;  dstData[dstIdx]&#x0A;    Which is: 0&#x0A;  srcData[srcIdx]&#x0A;    Which is: -0.512216151&#x0A;Source copy mismatch at dst(10,11) src(7,7)&#x0A;" type=""><![CDATA[/home/cjxu/npp/test/unit/nppi/nppi_geometry_transforms/test_nppi_copyConstBorder.cpp:63
Expected equality of these values:
  dstData[dstIdx]
    Which is: 0
  srcData[srcIdx]
    Which is: -0.512216151
Source copy mismatch at dst(10,11) src(7,7)
]]></failure>
      <failure message="/home/cjxu/npp/test/unit/nppi/nppi_geometry_transforms/test_nppi_copyConstBorder.cpp:63&#x0A;Expected equality of these values:&#x0A;  dstData[dstIdx]&#x0A;    Which is: 0&#x0A;  srcData[srcIdx]&#x0A;    Which is: -0.432153583&#x0A;Source copy mismatch at dst(11,11) src(8,7)&#x0A;" type=""><![CDATA[/home/cjxu/npp/test/unit/nppi/nppi_geometry_transforms/test_nppi_copyConstBorder.cpp:63
Expected equality of these values:
  dstData[dstIdx]
    Which is: 0
  srcData[srcIdx]
    Which is: -0.432153583
Source copy mismatch at dst(11,11) src(8,7)
]]></failure>
      <failure message="/home/cjxu/npp/test/unit/nppi/nppi_geometry_transforms/test_nppi_copyConstBorder.cpp:63&#x0A;Expected equality of these values:&#x0A;  dstData[dstIdx]&#x0A;    Which is: 0&#x0A;  srcData[srcIdx]&#x0A;    Which is: -0.452351272&#x0A;Source copy mismatch at dst(12,11) src(9,7)&#x0A;" type=""><![CDATA[/home/cjxu/npp/test/unit/nppi/nppi_geometry_transforms/test_nppi_copyConstBorder.cpp:63
Expected equality of these values:
  dstData[dstIdx]
    Which is: 0
  srcData[srcIdx]
    Which is: -0.452351272
Source copy mismatch at dst(12,11) src(9,7)
]]></failure>
      <failure message="/home/cjxu/npp/test/unit/nppi/nppi_geometry_transforms/test_nppi_copyConstBorder.cpp:63&#x0A;Expected equality of these values:&#x0A;  dstData[dstIdx]&#x0A;    Which is: 0&#x0A;  srcData[srcIdx]&#x0A;    Which is: 0.535103202&#x0A;Source copy mismatch at dst(13,11) src(10,7)&#x0A;" type=""><![CDATA[/home/cjxu/npp/test/unit/nppi/nppi_geometry_transforms/test_nppi_copyConstBorder.cpp:63
Expected equality of these values:
  dstData[dstIdx]
    Which is: 0
  srcData[srcIdx]
    Which is: 0.535103202
Source copy mismatch at dst(13,11) src(10,7)
]]></failure>
      <failure message="/home/cjxu/npp/test/unit/nppi/nppi_geometry_transforms/test_nppi_copyConstBorder.cpp:63&#x0A;Expected equality of these values:&#x0A;  dstData[dstIdx]&#x0A;    Which is: 0&#x0A;  srcData[srcIdx]&#x0A;    Which is: 0.00690484047&#x0A;Source copy mismatch at dst(14,11) src(11,7)&#x0A;" type=""><![CDATA[/home/cjxu/npp/test/unit/nppi/nppi_geometry_transforms/test_nppi_copyConstBorder.cpp:63
Expected equality of these values:
  dstData[dstIdx]
    Which is: 0
  srcData[srcIdx]
    Which is: 0.00690484047
Source copy mismatch at dst(14,11) src(11,7)
]]></failure>
      <failure message="/home/cjxu/npp/test/unit/nppi/nppi_geometry_transforms/test_nppi_copyConstBorder.cpp:63&#x0A;Expected equality of these values:&#x0A;  dstData[dstIdx]&#x0A;    Which is: 0&#x0A;  srcData[srcIdx]&#x0A;    Which is: -0.61696738&#x0A;Source copy mismatch at dst(15,11) src(12,7)&#x0A;" type=""><![CDATA[/home/cjxu/npp/test/unit/nppi/nppi_geometry_transforms/test_nppi_copyConstBorder.cpp:63
Expected equality of these values:
  dstData[dstIdx]
    Which is: 0
  srcData[srcIdx]
    Which is: -0.61696738
Source copy mismatch at dst(15,11) src(12,7)
]]></failure>
      <failure message="/home/cjxu/npp/test/unit/nppi/nppi_geometry_transforms/test_nppi_copyConstBorder.cpp:63&#x0A;Expected equality of these values:&#x0A;  dstData[dstIdx]&#x0A;    Which is: 0&#x0A;  srcData[srcIdx]&#x0A;    Which is: -0.886876941&#x0A;Source copy mismatch at dst(16,11) src(13,7)&#x0A;" type=""><![CDATA[/home/cjxu/npp/test/unit/nppi/nppi_geometry_transforms/test_nppi_copyConstBorder.cpp:63
Expected equality of these values:
  dstData[dstIdx]
    Which is: 0
  srcData[srcIdx]
    Which is: -0.886876941
Source copy mismatch at dst(16,11) src(13,7)
]]></failure>
      <failure message="/home/cjxu/npp/test/unit/nppi/nppi_geometry_transforms/test_nppi_copyConstBorder.cpp:63&#x0A;Expected equality of these values:&#x0A;  dstData[dstIdx]&#x0A;    Which is: 0&#x0A;  srcData[srcIdx]&#x0A;    Which is: -0.163296938&#x0A;Source copy mismatch at dst(17,11) src(14,7)&#x0A;" type=""><![CDATA[/home/cjxu/npp/test/unit/nppi/nppi_geometry_transforms/test_nppi_copyConstBorder.cpp:63
Expected equality of these values:
  dstData[dstIdx]
    Which is: 0
  srcData[srcIdx]
    Which is: -0.163296938
Source copy mismatch at dst(17,11) src(14,7)
]]></failure>
      <failure message="/home/cjxu/npp/test/unit/nppi/nppi_geometry_transforms/test_nppi_copyConstBorder.cpp:63&#x0A;Expected equality of these values:&#x0A;  dstData[dstIdx]&#x0A;    Which is: 0&#x0A;  srcData[srcIdx]&#x0A;    Which is: -0.825445116&#x0A;Source copy mismatch at dst(18,11) src(15,7)&#x0A;" type=""><![CDATA[/home/cjxu/npp/test/unit/nppi/nppi_geometry_transforms/test_nppi_copyConstBorder.cpp:63
Expected equality of these values:
  dstData[dstIdx]
    Which is: 0
  srcData[srcIdx]
    Which is: -0.825445116
Source copy mismatch at dst(18,11) src(15,7)
]]></failure>
      <failure message="/home/cjxu/npp/test/unit/nppi/nppi_geometry_transforms/test_nppi_copyConstBorder.cpp:67&#x0A;Expected equality of these values:&#x0A;  dstData[dstIdx]&#x0A;    Which is: 0&#x0A;  borderValue&#x0A;    Which is: -0.5&#x0A;Border value mismatch at (19,11)&#x0A;" type=""><![CDATA[/home/cjxu/npp/test/unit/nppi/nppi_geometry_transforms/test_nppi_copyConstBorder.cpp:67
Expected equality of these values:
  dstData[dstIdx]
    Which is: 0
  borderValue
    Which is: -0.5
Border value mismatch at (19,11)
]]></failure>
      <failure message="/home/cjxu/npp/test/unit/nppi/nppi_geometry_transforms/test_nppi_copyConstBorder.cpp:67&#x0A;Expected equality of these values:&#x0A;  dstData[dstIdx]&#x0A;    Which is: 0&#x0A;  borderValue&#x0A;    Which is: -0.5&#x0A;Border value mismatch at (20,11)&#x0A;" type=""><![CDATA[/home/cjxu/npp/test/unit/nppi/nppi_geometry_transforms/test_nppi_copyConstBorder.cpp:67
Expected equality of these values:
  dstData[dstIdx]
    Which is: 0
  borderValue
    Which is: -0.5
Border value mismatch at (20,11)
]]></failure>
      <failure message="/home/cjxu/npp/test/unit/nppi/nppi_geometry_transforms/test_nppi_copyConstBorder.cpp:67&#x0A;Expected equality of these values:&#x0A;  dstData[dstIdx]&#x0A;    Which is: 0&#x0A;  borderValue&#x0A;    Which is: -0.5&#x0A;Border value mismatch at (21,11)&#x0A;" type=""><![CDATA[/home/cjxu/npp/test/unit/nppi/nppi_geometry_transforms/test_nppi_copyConstBorder.cpp:67
Expected equality of these values:
  dstData[dstIdx]
    Which is: 0
  borderValue
    Which is: -0.5
Border value mismatch at (21,11)
]]></failure>
      <failure message="/home/cjxu/npp/test/unit/nppi/nppi_geometry_transforms/test_nppi_copyConstBorder.cpp:67&#x0A;Expected equality of these values:&#x0A;  dstData[dstIdx]&#x0A;    Which is: 0&#x0A;  borderValue&#x0A;    Which is: -0.5&#x0A;Border value mismatch at (22,11)&#x0A;" type=""><![CDATA[/home/cjxu/npp/test/unit/nppi/nppi_geometry_transforms/test_nppi_copyConstBorder.cpp:67
Expected equality of these values:
  dstData[dstIdx]
    Which is: 0
  borderValue
    Which is: -0.5
Border value mismatch at (22,11)
]]></failure>
      <failure message="/home/cjxu/npp/test/unit/nppi/nppi_geometry_transforms/test_nppi_copyConstBorder.cpp:67&#x0A;Expected equality of these values:&#x0A;  dstData[dstIdx]&#x0A;    Which is: 0&#x0A;  borderValue&#x0A;    Which is: -0.5&#x0A;Border value mismatch at (23,11)&#x0A;" type=""><![CDATA[/home/cjxu/npp/test/unit/nppi/nppi_geometry_transforms/test_nppi_copyConstBorder.cpp:67
Expected equality of these values:
  dstData[dstIdx]
    Which is: 0
  borderValue
    Which is: -0.5
Border value mismatch at (23,11)
]]></failure>
      <failure message="/home/cjxu/npp/test/unit/nppi/nppi_geometry_transforms/test_nppi_copyConstBorder.cpp:67&#x0A;Expected equality of these values:&#x0A;  dstData[dstIdx]&#x0A;    Which is: 0&#x0A;  borderValue&#x0A;    Which is: -0.5&#x0A;Border value mismatch at (0,12)&#x0A;" type=""><![CDATA[/home/cjxu/npp/test/unit/nppi/nppi_geometry_transforms/test_nppi_copyConstBorder.cpp:67
Expected equality of these values:
  dstData[dstIdx]
    Which is: 0
  borderValue
    Which is: -0.5
Border value mismatch at (0,12)
]]></failure>
      <failure message="/home/cjxu/npp/test/unit/nppi/nppi_geometry_transforms/test_nppi_copyConstBorder.cpp:67&#x0A;Expected equality of these values:&#x0A;  dstData[dstIdx]&#x0A;    Which is: 0&#x0A;  borderValue&#x0A;    Which is: -0.5&#x0A;Border value mismatch at (1,12)&#x0A;" type=""><![CDATA[/home/cjxu/npp/test/unit/nppi/nppi_geometry_transforms/test_nppi_copyConstBorder.cpp:67
Expected equality of these values:
  dstData[dstIdx]
    Which is: 0
  borderValue
    Which is: -0.5
Border value mismatch at (1,12)
]]></failure>
      <failure message="/home/cjxu/npp/test/unit/nppi/nppi_geometry_transforms/test_nppi_copyConstBorder.cpp:67&#x0A;Expected equality of these values:&#x0A;  dstData[dstIdx]&#x0A;    Which is: 0&#x0A;  borderValue&#x0A;    Which is: -0.5&#x0A;Border value mismatch at (2,12)&#x0A;" type=""><![CDATA[/home/cjxu/npp/test/unit/nppi/nppi_geometry_transforms/test_nppi_copyConstBorder.cpp:67
Expected equality of these values:
  dstData[dstIdx]
    Which is: 0
  borderValue
    Which is: -0.5
Border value mismatch at (2,12)
]]></failure>
      <failure message="/home/cjxu/npp/test/unit/nppi/nppi_geometry_transforms/test_nppi_copyConstBorder.cpp:63&#x0A;Expected equality of these values:&#x0A;  dstData[dstIdx]&#x0A;    Which is: 0&#x0A;  srcData[srcIdx]&#x0A;    Which is: 0.320939302&#x0A;Source copy mismatch at dst(3,12) src(0,8)&#x0A;" type=""><![CDATA[/home/cjxu/npp/test/unit/nppi/nppi_geometry_transforms/test_nppi_copyConstBorder.cpp:63
Expected equality of these values:
  dstData[dstIdx]
    Which is: 0
  srcData[srcIdx]
    Which is: 0.320939302
Source copy mismatch at dst(3,12) src(0,8)
]]></failure>
      <failure message="/home/cjxu/npp/test/unit/nppi/nppi_geometry_transforms/test_nppi_copyConstBorder.cpp:63&#x0A;Expected equality of these values:&#x0A;  dstData[dstIdx]&#x0A;    Which is: 0&#x0A;  srcData[srcIdx]&#x0A;    Which is: 0.0685110092&#x0A;Source copy mismatch at dst(4,12) src(1,8)&#x0A;" type=""><![CDATA[/home/cjxu/npp/test/unit/nppi/nppi_geometry_transforms/test_nppi_copyConstBorder.cpp:63
Expected equality of these values:
  dstData[dstIdx]
    Which is: 0
  srcData[srcIdx]
    Which is: 0.0685110092
Source copy mismatch at dst(4,12) src(1,8)
]]></failure>
      <failure message="/home/cjxu/npp/test/unit/nppi/nppi_geometry_transforms/test_nppi_copyConstBorder.cpp:63&#x0A;Expected equality of these values:&#x0A;  dstData[dstIdx]&#x0A;    Which is: 0&#x0A;  srcData[srcIdx]&#x0A;    Which is: 0.695226312&#x0A;Source copy mismatch at dst(5,12) src(2,8)&#x0A;" type=""><![CDATA[/home/cjxu/npp/test/unit/nppi/nppi_geometry_transforms/test_nppi_copyConstBorder.cpp:63
Expected equality of these values:
  dstData[dstIdx]
    Which is: 0
  srcData[srcIdx]
    Which is: 0.695226312
Source copy mismatch at dst(5,12) src(2,8)
]]></failure>
      <failure message="/home/cjxu/npp/test/unit/nppi/nppi_geometry_transforms/test_nppi_copyConstBorder.cpp:63&#x0A;Expected equality of these values:&#x0A;  dstData[dstIdx]&#x0A;    Which is: 0&#x0A;  srcData[srcIdx]&#x0A;    Which is: 0.238011599&#x0A;Source copy mismatch at dst(6,12) src(3,8)&#x0A;" type=""><![CDATA[/home/cjxu/npp/test/unit/nppi/nppi_geometry_transforms/test_nppi_copyConstBorder.cpp:63
Expected equality of these values:
  dstData[dstIdx]
    Which is: 0
  srcData[srcIdx]
    Which is: 0.238011599
Source copy mismatch at dst(6,12) src(3,8)
]]></failure>
      <failure message="/home/cjxu/npp/test/unit/nppi/nppi_geometry_transforms/test_nppi_copyConstBorder.cpp:63&#x0A;Expected equality of these values:&#x0A;  dstData[dstIdx]&#x0A;    Which is: 0&#x0A;  srcData[srcIdx]&#x0A;    Which is: -0.656687379&#x0A;Source copy mismatch at dst(7,12) src(4,8)&#x0A;" type=""><![CDATA[/home/cjxu/npp/test/unit/nppi/nppi_geometry_transforms/test_nppi_copyConstBorder.cpp:63
Expected equality of these values:
  dstData[dstIdx]
    Which is: 0
  srcData[srcIdx]
    Which is: -0.656687379
Source copy mismatch at dst(7,12) src(4,8)
]]></failure>
      <failure message="/home/cjxu/npp/test/unit/nppi/nppi_geometry_transforms/test_nppi_copyConstBorder.cpp:63&#x0A;Expected equality of these values:&#x0A;  dstData[dstIdx]&#x0A;    Which is: 0&#x0A;  srcData[srcIdx]&#x0A;    Which is: -0.803355157&#x0A;Source copy mismatch at dst(8,12) src(5,8)&#x0A;" type=""><![CDATA[/home/cjxu/npp/test/unit/nppi/nppi_geometry_transforms/test_nppi_copyConstBorder.cpp:63
Expected equality of these values:
  dstData[dstIdx]
    Which is: 0
  srcData[srcIdx]
    Which is: -0.803355157
Source copy mismatch at dst(8,12) src(5,8)
]]></failure>
      <failure message="/home/cjxu/npp/test/unit/nppi/nppi_geometry_transforms/test_nppi_copyConstBorder.cpp:63&#x0A;Expected equality of these values:&#x0A;  dstData[dstIdx]&#x0A;    Which is: 0&#x0A;  srcData[srcIdx]&#x0A;    Which is: -0.410068393&#x0A;Source copy mismatch at dst(9,12) src(6,8)&#x0A;" type=""><![CDATA[/home/cjxu/npp/test/unit/nppi/nppi_geometry_transforms/test_nppi_copyConstBorder.cpp:63
Expected equality of these values:
  dstData[dstIdx]
    Which is: 0
  srcData[srcIdx]
    Which is: -0.410068393
Source copy mismatch at dst(9,12) src(6,8)
]]></failure>
      <failure message="/home/cjxu/npp/test/unit/nppi/nppi_geometry_transforms/test_nppi_copyConstBorder.cpp:63&#x0A;Expected equality of these values:&#x0A;  dstData[dstIdx]&#x0A;    Which is: 0&#x0A;  srcData[srcIdx]&#x0A;    Which is: 0.347214341&#x0A;Source copy mismatch at dst(10,12) src(7,8)&#x0A;" type=""><![CDATA[/home/cjxu/npp/test/unit/nppi/nppi_geometry_transforms/test_nppi_copyConstBorder.cpp:63
Expected equality of these values:
  dstData[dstIdx]
    Which is: 0
  srcData[srcIdx]
    Which is: 0.347214341
Source copy mismatch at dst(10,12) src(7,8)
]]></failure>
      <failure message="/home/cjxu/npp/test/unit/nppi/nppi_geometry_transforms/test_nppi_copyConstBorder.cpp:63&#x0A;Expected equality of these values:&#x0A;  dstData[dstIdx]&#x0A;    Which is: 0&#x0A;  srcData[srcIdx]&#x0A;    Which is: 0.520420074&#x0A;Source copy mismatch at dst(11,12) src(8,8)&#x0A;" type=""><![CDATA[/home/cjxu/npp/test/unit/nppi/nppi_geometry_transforms/test_nppi_copyConstBorder.cpp:63
Expected equality of these values:
  dstData[dstIdx]
    Which is: 0
  srcData[srcIdx]
    Which is: 0.520420074
Source copy mismatch at dst(11,12) src(8,8)
]]></failure>
      <failure message="/home/cjxu/npp/test/unit/nppi/nppi_geometry_transforms/test_nppi_copyConstBorder.cpp:63&#x0A;Expected equality of these values:&#x0A;  dstData[dstIdx]&#x0A;    Which is: 0&#x0A;  srcData[srcIdx]&#x0A;    Which is: 0.372450471&#x0A;Source copy mismatch at dst(12,12) src(9,8)&#x0A;" type=""><![CDATA[/home/cjxu/npp/test/unit/nppi/nppi_geometry_transforms/test_nppi_copyConstBorder.cpp:63
Expected equality of these values:
  dstData[dstIdx]
    Which is: 0
  srcData[srcIdx]
    Which is: 0.372450471
Source copy mismatch at dst(12,12) src(9,8)
]]></failure>
      <failure message="/home/cjxu/npp/test/unit/nppi/nppi_geometry_transforms/test_nppi_copyConstBorder.cpp:63&#x0A;Expected equality of these values:&#x0A;  dstData[dstIdx]&#x0A;    Which is: 0&#x0A;  srcData[srcIdx]&#x0A;    Which is: 0.183386326&#x0A;Source copy mismatch at dst(13,12) src(10,8)&#x0A;" type=""><![CDATA[/home/cjxu/npp/test/unit/nppi/nppi_geometry_transforms/test_nppi_copyConstBorder.cpp:63
Expected equality of these values:
  dstData[dstIdx]
    Which is: 0
  srcData[srcIdx]
    Which is: 0.183386326
Source copy mismatch at dst(13,12) src(10,8)
]]></failure>
      <failure message="/home/cjxu/npp/test/unit/nppi/nppi_geometry_transforms/test_nppi_copyConstBorder.cpp:63&#x0A;Expected equality of these values:&#x0A;  dstData[dstIdx]&#x0A;    Which is: 0&#x0A;  srcData[srcIdx]&#x0A;    Which is: 0.0117205381&#x0A;Source copy mismatch at dst(14,12) src(11,8)&#x0A;" type=""><![CDATA[/home/cjxu/npp/test/unit/nppi/nppi_geometry_transforms/test_nppi_copyConstBorder.cpp:63
Expected equality of these values:
  dstData[dstIdx]
    Which is: 0
  srcData[srcIdx]
    Which is: 0.0117205381
Source copy mismatch at dst(14,12) src(11,8)
]]></failure>
      <failure message="/home/cjxu/npp/test/unit/nppi/nppi_geometry_transforms/test_nppi_copyConstBorder.cpp:63&#x0A;Expected equality of these values:&#x0A;  dstData[dstIdx]&#x0A;    Which is: 0&#x0A;  srcData[srcIdx]&#x0A;    Which is: -0.149970412&#x0A;Source copy mismatch at dst(15,12) src(12,8)&#x0A;" type=""><![CDATA[/home/cjxu/npp/test/unit/nppi/nppi_geometry_transforms/test_nppi_copyConstBorder.cpp:63
Expected equality of these values:
  dstData[dstIdx]
    Which is: 0
  srcData[srcIdx]
    Which is: -0.149970412
Source copy mismatch at dst(15,12) src(12,8)
]]></failure>
      <failure message="/home/cjxu/npp/test/unit/nppi/nppi_geometry_transforms/test_nppi_copyConstBorder.cpp:63&#x0A;Expected equality of these values:&#x0A;  dstData[dstIdx]&#x0A;    Which is: 0&#x0A;  srcData[srcIdx]&#x0A;    Which is: -0.438587&#x0A;Source copy mismatch at dst(16,12) src(13,8)&#x0A;" type=""><![CDATA[/home/cjxu/npp/test/unit/nppi/nppi_geometry_transforms/test_nppi_copyConstBorder.cpp:63
Expected equality of these values:
  dstData[dstIdx]
    Which is: 0
  srcData[srcIdx]
    Which is: -0.438587
Source copy mismatch at dst(16,12) src(13,8)
]]></failure>
      <failure message="/home/cjxu/npp/test/unit/nppi/nppi_geometry_transforms/test_nppi_copyConstBorder.cpp:63&#x0A;Expected equality of these values:&#x0A;  dstData[dstIdx]&#x0A;    Which is: 0&#x0A;  srcData[srcIdx]&#x0A;    Which is: -0.795815825&#x0A;Source copy mismatch at dst(17,12) src(14,8)&#x0A;" type=""><![CDATA[/home/cjxu/npp/test/unit/nppi/nppi_geometry_transforms/test_nppi_copyConstBorder.cpp:63
Expected equality of these values:
  dstData[dstIdx]
    Which is: 0
  srcData[srcIdx]
    Which is: -0.795815825
Source copy mismatch at dst(17,12) src(14,8)
]]></failure>
      <failure message="/home/cjxu/npp/test/unit/nppi/nppi_geometry_transforms/test_nppi_copyConstBorder.cpp:63&#x0A;Expected equality of these values:&#x0A;  dstData[dstIdx]&#x0A;    Which is: 0&#x0A;  srcData[srcIdx]&#x0A;    Which is: 0.24928391&#x0A;Source copy mismatch at dst(18,12) src(15,8)&#x0A;" type=""><![CDATA[/home/cjxu/npp/test/unit/nppi/nppi_geometry_transforms/test_nppi_copyConstBorder.cpp:63
Expected equality of these values:
  dstData[dstIdx]
    Which is: 0
  srcData[srcIdx]
    Which is: 0.24928391
Source copy mismatch at dst(18,12) src(15,8)
]]></failure>
      <failure message="/home/cjxu/npp/test/unit/nppi/nppi_geometry_transforms/test_nppi_copyConstBorder.cpp:67&#x0A;Expected equality of these values:&#x0A;  dstData[dstIdx]&#x0A;    Which is: 0&#x0A;  borderValue&#x0A;    Which is: -0.5&#x0A;Border value mismatch at (19,12)&#x0A;" type=""><![CDATA[/home/cjxu/npp/test/unit/nppi/nppi_geometry_transforms/test_nppi_copyConstBorder.cpp:67
Expected equality of these values:
  dstData[dstIdx]
    Which is: 0
  borderValue
    Which is: -0.5
Border value mismatch at (19,12)
]]></failure>
      <failure message="/home/cjxu/npp/test/unit/nppi/nppi_geometry_transforms/test_nppi_copyConstBorder.cpp:67&#x0A;Expected equality of these values:&#x0A;  dstData[dstIdx]&#x0A;    Which is: 0&#x0A;  borderValue&#x0A;    Which is: -0.5&#x0A;Border value mismatch at (20,12)&#x0A;" type=""><![CDATA[/home/cjxu/npp/test/unit/nppi/nppi_geometry_transforms/test_nppi_copyConstBorder.cpp:67
Expected equality of these values:
  dstData[dstIdx]
    Which is: 0
  borderValue
    Which is: -0.5
Border value mismatch at (20,12)
]]></failure>
      <failure message="/home/cjxu/npp/test/unit/nppi/nppi_geometry_transforms/test_nppi_copyConstBorder.cpp:67&#x0A;Expected equality of these values:&#x0A;  dstData[dstIdx]&#x0A;    Which is: 0&#x0A;  borderValue&#x0A;    Which is: -0.5&#x0A;Border value mismatch at (21,12)&#x0A;" type=""><![CDATA[/home/cjxu/npp/test/unit/nppi/nppi_geometry_transforms/test_nppi_copyConstBorder.cpp:67
Expected equality of these values:
  dstData[dstIdx]
    Which is: 0
  borderValue
    Which is: -0.5
Border value mismatch at (21,12)
]]></failure>
      <failure message="/home/cjxu/npp/test/unit/nppi/nppi_geometry_transforms/test_nppi_copyConstBorder.cpp:67&#x0A;Expected equality of these values:&#x0A;  dstData[dstIdx]&#x0A;    Which is: 0&#x0A;  borderValue&#x0A;    Which is: -0.5&#x0A;Border value mismatch at (22,12)&#x0A;" type=""><![CDATA[/home/cjxu/npp/test/unit/nppi/nppi_geometry_transforms/test_nppi_copyConstBorder.cpp:67
Expected equality of these values:
  dstData[dstIdx]
    Which is: 0
  borderValue
    Which is: -0.5
Border value mismatch at (22,12)
]]></failure>
      <failure message="/home/cjxu/npp/test/unit/nppi/nppi_geometry_transforms/test_nppi_copyConstBorder.cpp:67&#x0A;Expected equality of these values:&#x0A;  dstData[dstIdx]&#x0A;    Which is: 0&#x0A;  borderValue&#x0A;    Which is: -0.5&#x0A;Border value mismatch at (23,12)&#x0A;" type=""><![CDATA[/home/cjxu/npp/test/unit/nppi/nppi_geometry_transforms/test_nppi_copyConstBorder.cpp:67
Expected equality of these values:
  dstData[dstIdx]
    Which is: 0
  borderValue
    Which is: -0.5
Border value mismatch at (23,12)
]]></failure>
      <failure message="/home/cjxu/npp/test/unit/nppi/nppi_geometry_transforms/test_nppi_copyConstBorder.cpp:67&#x0A;Expected equality of these values:&#x0A;  dstData[dstIdx]&#x0A;    Which is: 0&#x0A;  borderValue&#x0A;    Which is: -0.5&#x0A;Border value mismatch at (0,13)&#x0A;" type=""><![CDATA[/home/cjxu/npp/test/unit/nppi/nppi_geometry_transforms/test_nppi_copyConstBorder.cpp:67
Expected equality of these values:
  dstData[dstIdx]
    Which is: 0
  borderValue
    Which is: -0.5
Border value mismatch at (0,13)
]]></failure>
      <failure message="/home/cjxu/npp/test/unit/nppi/nppi_geometry_transforms/test_nppi_copyConstBorder.cpp:67&#x0A;Expected equality of these values:&#x0A;  dstData[dstIdx]&#x0A;    Which is: 0&#x0A;  borderValue&#x0A;    Which is: -0.5&#x0A;Border value mismatch at (1,13)&#x0A;" type=""><![CDATA[/home/cjxu/npp/test/unit/nppi/nppi_geometry_transforms/test_nppi_copyConstBorder.cpp:67
Expected equality of these values:
  dstData[dstIdx]
    Which is: 0
  borderValue
    Which is: -0.5
Border value mismatch at (1,13)
]]></failure>
      <failure message="/home/cjxu/npp/test/unit/nppi/nppi_geometry_transforms/test_nppi_copyConstBorder.cpp:67&#x0A;Expected equality of these values:&#x0A;  dstData[dstIdx]&#x0A;    Which is: 0&#x0A;  borderValue&#x0A;    Which is: -0.5&#x0A;Border value mismatch at (2,13)&#x0A;" type=""><![CDATA[/home/cjxu/npp/test/unit/nppi/nppi_geometry_transforms/test_nppi_copyConstBorder.cpp:67
Expected equality of these values:
  dstData[dstIdx]
    Which is: 0
  borderValue
    Which is: -0.5
Border value mismatch at (2,13)
]]></failure>
      <failure message="/home/cjxu/npp/test/unit/nppi/nppi_geometry_transforms/test_nppi_copyConstBorder.cpp:63&#x0A;Expected equality of these values:&#x0A;  dstData[dstIdx]&#x0A;    Which is: 0&#x0A;  srcData[srcIdx]&#x0A;    Which is: -0.65954864&#x0A;Source copy mismatch at dst(3,13) src(0,9)&#x0A;" type=""><![CDATA[/home/cjxu/npp/test/unit/nppi/nppi_geometry_transforms/test_nppi_copyConstBorder.cpp:63
Expected equality of these values:
  dstData[dstIdx]
    Which is: 0
  srcData[srcIdx]
    Which is: -0.65954864
Source copy mismatch at dst(3,13) src(0,9)
]]></failure>
      <failure message="/home/cjxu/npp/test/unit/nppi/nppi_geometry_transforms/test_nppi_copyConstBorder.cpp:63&#x0A;Expected equality of these values:&#x0A;  dstData[dstIdx]&#x0A;    Which is: 0&#x0A;  srcData[srcIdx]&#x0A;    Which is: -0.372806311&#x0A;Source copy mismatch at dst(4,13) src(1,9)&#x0A;" type=""><![CDATA[/home/cjxu/npp/test/unit/nppi/nppi_geometry_transforms/test_nppi_copyConstBorder.cpp:63
Expected equality of these values:
  dstData[dstIdx]
    Which is: 0
  srcData[srcIdx]
    Which is: -0.372806311
Source copy mismatch at dst(4,13) src(1,9)
]]></failure>
      <failure message="/home/cjxu/npp/test/unit/nppi/nppi_geometry_transforms/test_nppi_copyConstBorder.cpp:63&#x0A;Expected equality of these values:&#x0A;  dstData[dstIdx]&#x0A;    Which is: 0&#x0A;  srcData[srcIdx]&#x0A;    Which is: -0.0873558521&#x0A;Source copy mismatch at dst(5,13) src(2,9)&#x0A;" type=""><![CDATA[/home/cjxu/npp/test/unit/nppi/nppi_geometry_transforms/test_nppi_copyConstBorder.cpp:63
Expected equality of these values:
  dstData[dstIdx]
    Which is: 0
  srcData[srcIdx]
    Which is: -0.0873558521
Source copy mismatch at dst(5,13) src(2,9)
]]></failure>
      <failure message="/home/cjxu/npp/test/unit/nppi/nppi_geometry_transforms/test_nppi_copyConstBorder.cpp:63&#x0A;Expected equality of these values:&#x0A;  dstData[dstIdx]&#x0A;    Which is: 0&#x0A;  srcData[srcIdx]&#x0A;    Which is: -0.0413624048&#x0A;Source copy mismatch at dst(6,13) src(3,9)&#x0A;" type=""><![CDATA[/home/cjxu/npp/test/unit/nppi/nppi_geometry_transforms/test_nppi_copyConstBorder.cpp:63
Expected equality of these values:
  dstData[dstIdx]
    Which is: 0
  srcData[srcIdx]
    Which is: -0.0413624048
Source copy mismatch at dst(6,13) src(3,9)
]]></failure>
      <failure message="/home/cjxu/npp/test/unit/nppi/nppi_geometry_transforms/test_nppi_copyConstBorder.cpp:63&#x0A;Expected equality of these values:&#x0A;  dstData[dstIdx]&#x0A;    Which is: 0&#x0A;  srcData[srcIdx]&#x0A;    Which is: 0.526013494&#x0A;Source copy mismatch at dst(7,13) src(4,9)&#x0A;" type=""><![CDATA[/home/cjxu/npp/test/unit/nppi/nppi_geometry_transforms/test_nppi_copyConstBorder.cpp:63
Expected equality of these values:
  dstData[dstIdx]
    Which is: 0
  srcData[srcIdx]
    Which is: 0.526013494
Source copy mismatch at dst(7,13) src(4,9)
]]></failure>
      <failure message="/home/cjxu/npp/test/unit/nppi/nppi_geometry_transforms/test_nppi_copyConstBorder.cpp:63&#x0A;Expected equality of these values:&#x0A;  dstData[dstIdx]&#x0A;    Which is: 0&#x0A;  srcData[srcIdx]&#x0A;    Which is: -0.184283316&#x0A;Source copy mismatch at dst(8,13) src(5,9)&#x0A;" type=""><![CDATA[/home/cjxu/npp/test/unit/nppi/nppi_geometry_transforms/test_nppi_copyConstBorder.cpp:63
Expected equality of these values:
  dstData[dstIdx]
    Which is: 0
  srcData[srcIdx]
    Which is: -0.184283316
Source copy mismatch at dst(8,13) src(5,9)
]]></failure>
      <failure message="/home/cjxu/npp/test/unit/nppi/nppi_geometry_transforms/test_nppi_copyConstBorder.cpp:63&#x0A;Expected equality of these values:&#x0A;  dstData[dstIdx]&#x0A;    Which is: 0&#x0A;  srcData[srcIdx]&#x0A;    Which is: 0.446421385&#x0A;Source copy mismatch at dst(9,13) src(6,9)&#x0A;" type=""><![CDATA[/home/cjxu/npp/test/unit/nppi/nppi_geometry_transforms/test_nppi_copyConstBorder.cpp:63
Expected equality of these values:
  dstData[dstIdx]
    Which is: 0
  srcData[srcIdx]
    Which is: 0.446421385
Source copy mismatch at dst(9,13) src(6,9)
]]></failure>
      <failure message="/home/cjxu/npp/test/unit/nppi/nppi_geometry_transforms/test_nppi_copyConstBorder.cpp:63&#x0A;Expected equality of these values:&#x0A;  dstData[dstIdx]&#x0A;    Which is: 0&#x0A;  srcData[srcIdx]&#x0A;    Which is: -0.906140089&#x0A;Source copy mismatch at dst(10,13) src(7,9)&#x0A;" type=""><![CDATA[/home/cjxu/npp/test/unit/nppi/nppi_geometry_transforms/test_nppi_copyConstBorder.cpp:63
Expected equality of these values:
  dstData[dstIdx]
    Which is: 0
  srcData[srcIdx]
    Which is: -0.906140089
Source copy mismatch at dst(10,13) src(7,9)
]]></failure>
      <failure message="/home/cjxu/npp/test/unit/nppi/nppi_geometry_transforms/test_nppi_copyConstBorder.cpp:63&#x0A;Expected equality of these values:&#x0A;  dstData[dstIdx]&#x0A;    Which is: 0&#x0A;  srcData[srcIdx]&#x0A;    Which is: 0.363365412&#x0A;Source copy mismatch at dst(11,13) src(8,9)&#x0A;" type=""><![CDATA[/home/cjxu/npp/test/unit/nppi/nppi_geometry_transforms/test_nppi_copyConstBorder.cpp:63
Expected equality of these values:
  dstData[dstIdx]
    Which is: 0
  srcData[srcIdx]
    Which is: 0.363365412
Source copy mismatch at dst(11,13) src(8,9)
]]></failure>
      <failure message="/home/cjxu/npp/test/unit/nppi/nppi_geometry_transforms/test_nppi_copyConstBorder.cpp:63&#x0A;Expected equality of these values:&#x0A;  dstData[dstIdx]&#x0A;    Which is: 0&#x0A;  srcData[srcIdx]&#x0A;    Which is: -0.0184754133&#x0A;Source copy mismatch at dst(12,13) src(9,9)&#x0A;" type=""><![CDATA[/home/cjxu/npp/test/unit/nppi/nppi_geometry_transforms/test_nppi_copyConstBorder.cpp:63
Expected equality of these values:
  dstData[dstIdx]
    Which is: 0
  srcData[srcIdx]
    Which is: -0.0184754133
Source copy mismatch at dst(12,13) src(9,9)
]]></failure>
      <failure message="/home/cjxu/npp/test/unit/nppi/nppi_geometry_transforms/test_nppi_copyConstBorder.cpp:63&#x0A;Expected equality of these values:&#x0A;  dstData[dstIdx]&#x0A;    Which is: 0&#x0A;  srcData[srcIdx]&#x0A;    Which is: 0.100764751&#x0A;Source copy mismatch at dst(13,13) src(10,9)&#x0A;" type=""><![CDATA[/home/cjxu/npp/test/unit/nppi/nppi_geometry_transforms/test_nppi_copyConstBorder.cpp:63
Expected equality of these values:
  dstData[dstIdx]
    Which is: 0
  srcData[srcIdx]
    Which is: 0.100764751
Source copy mismatch at dst(13,13) src(10,9)
]]></failure>
      <failure message="/home/cjxu/npp/test/unit/nppi/nppi_geometry_transforms/test_nppi_copyConstBorder.cpp:63&#x0A;Expected equality of these values:&#x0A;  dstData[dstIdx]&#x0A;    Which is: 0&#x0A;  srcData[srcIdx]&#x0A;    Which is: 0.746398&#x0A;Source copy mismatch at dst(14,13) src(11,9)&#x0A;" type=""><![CDATA[/home/cjxu/npp/test/unit/nppi/nppi_geometry_transforms/test_nppi_copyConstBorder.cpp:63
Expected equality of these values:
  dstData[dstIdx]
    Which is: 0
  srcData[srcIdx]
    Which is: 0.746398
Source copy mismatch at dst(14,13) src(11,9)
]]></failure>
      <failure message="/home/cjxu/npp/test/unit/nppi/nppi_geometry_transforms/test_nppi_copyConstBorder.cpp:63&#x0A;Expected equality of these values:&#x0A;  dstData[dstIdx]&#x0A;    Which is: 0&#x0A;  srcData[srcIdx]&#x0A;    Which is: 0.094647646&#x0A;Source copy mismatch at dst(15,13) src(12,9)&#x0A;" type=""><![CDATA[/home/cjxu/npp/test/unit/nppi/nppi_geometry_transforms/test_nppi_copyConstBorder.cpp:63
Expected equality of these values:
  dstData[dstIdx]
    Which is: 0
  srcData[srcIdx]
    Which is: 0.094647646
Source copy mismatch at dst(15,13) src(12,9)
]]></failure>
      <failure message="/home/cjxu/npp/test/unit/nppi/nppi_geometry_transforms/test_nppi_copyConstBorder.cpp:63&#x0A;Expected equality of these values:&#x0A;  dstData[dstIdx]&#x0A;    Which is: 0&#x0A;  srcData[srcIdx]&#x0A;    Which is: 0.937467813&#x0A;Source copy mismatch at dst(16,13) src(13,9)&#x0A;" type=""><![CDATA[/home/cjxu/npp/test/unit/nppi/nppi_geometry_transforms/test_nppi_copyConstBorder.cpp:63
Expected equality of these values:
  dstData[dstIdx]
    Which is: 0
  srcData[srcIdx]
    Which is: 0.937467813
Source copy mismatch at dst(16,13) src(13,9)
]]></failure>
      <failure message="/home/cjxu/npp/test/unit/nppi/nppi_geometry_transforms/test_nppi_copyConstBorder.cpp:63&#x0A;Expected equality of these values:&#x0A;  dstData[dstIdx]&#x0A;    Which is: 0&#x0A;  srcData[srcIdx]&#x0A;    Which is: 0.920952916&#x0A;Source copy mismatch at dst(17,13) src(14,9)&#x0A;" type=""><![CDATA[/home/cjxu/npp/test/unit/nppi/nppi_geometry_transforms/test_nppi_copyConstBorder.cpp:63
Expected equality of these values:
  dstData[dstIdx]
    Which is: 0
  srcData[srcIdx]
    Which is: 0.920952916
Source copy mismatch at dst(17,13) src(14,9)
]]></failure>
      <failure message="/home/cjxu/npp/test/unit/nppi/nppi_geometry_transforms/test_nppi_copyConstBorder.cpp:63&#x0A;Expected equality of these values:&#x0A;  dstData[dstIdx]&#x0A;    Which is: 0&#x0A;  srcData[srcIdx]&#x0A;    Which is: -0.584413&#x0A;Source copy mismatch at dst(18,13) src(15,9)&#x0A;" type=""><![CDATA[/home/cjxu/npp/test/unit/nppi/nppi_geometry_transforms/test_nppi_copyConstBorder.cpp:63
Expected equality of these values:
  dstData[dstIdx]
    Which is: 0
  srcData[srcIdx]
    Which is: -0.584413
Source copy mismatch at dst(18,13) src(15,9)
]]></failure>
      <failure message="/home/cjxu/npp/test/unit/nppi/nppi_geometry_transforms/test_nppi_copyConstBorder.cpp:67&#x0A;Expected equality of these values:&#x0A;  dstData[dstIdx]&#x0A;    Which is: 0&#x0A;  borderValue&#x0A;    Which is: -0.5&#x0A;Border value mismatch at (19,13)&#x0A;" type=""><![CDATA[/home/cjxu/npp/test/unit/nppi/nppi_geometry_transforms/test_nppi_copyConstBorder.cpp:67
Expected equality of these values:
  dstData[dstIdx]
    Which is: 0
  borderValue
    Which is: -0.5
Border value mismatch at (19,13)
]]></failure>
      <failure message="/home/cjxu/npp/test/unit/nppi/nppi_geometry_transforms/test_nppi_copyConstBorder.cpp:67&#x0A;Expected equality of these values:&#x0A;  dstData[dstIdx]&#x0A;    Which is: 0&#x0A;  borderValue&#x0A;    Which is: -0.5&#x0A;Border value mismatch at (20,13)&#x0A;" type=""><![CDATA[/home/cjxu/npp/test/unit/nppi/nppi_geometry_transforms/test_nppi_copyConstBorder.cpp:67
Expected equality of these values:
  dstData[dstIdx]
    Which is: 0
  borderValue
    Which is: -0.5
Border value mismatch at (20,13)
]]></failure>
      <failure message="/home/cjxu/npp/test/unit/nppi/nppi_geometry_transforms/test_nppi_copyConstBorder.cpp:67&#x0A;Expected equality of these values:&#x0A;  dstData[dstIdx]&#x0A;    Which is: 0&#x0A;  borderValue&#x0A;    Which is: -0.5&#x0A;Border value mismatch at (21,13)&#x0A;" type=""><![CDATA[/home/cjxu/npp/test/unit/nppi/nppi_geometry_transforms/test_nppi_copyConstBorder.cpp:67
Expected equality of these values:
  dstData[dstIdx]
    Which is: 0
  borderValue
    Which is: -0.5
Border value mismatch at (21,13)
]]></failure>
      <failure message="/home/cjxu/npp/test/unit/nppi/nppi_geometry_transforms/test_nppi_copyConstBorder.cpp:67&#x0A;Expected equality of these values:&#x0A;  dstData[dstIdx]&#x0A;    Which is: 0&#x0A;  borderValue&#x0A;    Which is: -0.5&#x0A;Border value mismatch at (22,13)&#x0A;" type=""><![CDATA[/home/cjxu/npp/test/unit/nppi/nppi_geometry_transforms/test_nppi_copyConstBorder.cpp:67
Expected equality of these values:
  dstData[dstIdx]
    Which is: 0
  borderValue
    Which is: -0.5
Border value mismatch at (22,13)
]]></failure>
      <failure message="/home/cjxu/npp/test/unit/nppi/nppi_geometry_transforms/test_nppi_copyConstBorder.cpp:67&#x0A;Expected equality of these values:&#x0A;  dstData[dstIdx]&#x0A;    Which is: 0&#x0A;  borderValue&#x0A;    Which is: -0.5&#x0A;Border value mismatch at (23,13)&#x0A;" type=""><![CDATA[/home/cjxu/npp/test/unit/nppi/nppi_geometry_transforms/test_nppi_copyConstBorder.cpp:67
Expected equality of these values:
  dstData[dstIdx]
    Which is: 0
  borderValue
    Which is: -0.5
Border value mismatch at (23,13)
]]></failure>
      <failure message="/home/cjxu/npp/test/unit/nppi/nppi_geometry_transforms/test_nppi_copyConstBorder.cpp:67&#x0A;Expected equality of these values:&#x0A;  dstData[dstIdx]&#x0A;    Which is: 0&#x0A;  borderValue&#x0A;    Which is: -0.5&#x0A;Border value mismatch at (0,14)&#x0A;" type=""><![CDATA[/home/cjxu/npp/test/unit/nppi/nppi_geometry_transforms/test_nppi_copyConstBorder.cpp:67
Expected equality of these values:
  dstData[dstIdx]
    Which is: 0
  borderValue
    Which is: -0.5
Border value mismatch at (0,14)
]]></failure>
      <failure message="/home/cjxu/npp/test/unit/nppi/nppi_geometry_transforms/test_nppi_copyConstBorder.cpp:67&#x0A;Expected equality of these values:&#x0A;  dstData[dstIdx]&#x0A;    Which is: 0&#x0A;  borderValue&#x0A;    Which is: -0.5&#x0A;Border value mismatch at (1,14)&#x0A;" type=""><![CDATA[/home/cjxu/npp/test/unit/nppi/nppi_geometry_transforms/test_nppi_copyConstBorder.cpp:67
Expected equality of these values:
  dstData[dstIdx]
    Which is: 0
  borderValue
    Which is: -0.5
Border value mismatch at (1,14)
]]></failure>
      <failure message="/home/cjxu/npp/test/unit/nppi/nppi_geometry_transforms/test_nppi_copyConstBorder.cpp:67&#x0A;Expected equality of these values:&#x0A;  dstData[dstIdx]&#x0A;    Which is: 0&#x0A;  borderValue&#x0A;    Which is: -0.5&#x0A;Border value mismatch at (2,14)&#x0A;" type=""><![CDATA[/home/cjxu/npp/test/unit/nppi/nppi_geometry_transforms/test_nppi_copyConstBorder.cpp:67
Expected equality of these values:
  dstData[dstIdx]
    Which is: 0
  borderValue
    Which is: -0.5
Border value mismatch at (2,14)
]]></failure>
      <failure message="/home/cjxu/npp/test/unit/nppi/nppi_geometry_transforms/test_nppi_copyConstBorder.cpp:63&#x0A;Expected equality of these values:&#x0A;  dstData[dstIdx]&#x0A;    Which is: 0&#x0A;  srcData[srcIdx]&#x0A;    Which is: 0.00597882271&#x0A;Source copy mismatch at dst(3,14) src(0,10)&#x0A;" type=""><![CDATA[/home/cjxu/npp/test/unit/nppi/nppi_geometry_transforms/test_nppi_copyConstBorder.cpp:63
Expected equality of these values:
  dstData[dstIdx]
    Which is: 0
  srcData[srcIdx]
    Which is: 0.00597882271
Source copy mismatch at dst(3,14) src(0,10)
]]></failure>
      <failure message="/home/cjxu/npp/test/unit/nppi/nppi_geometry_transforms/test_nppi_copyConstBorder.cpp:63&#x0A;Expected equality of these values:&#x0A;  dstData[dstIdx]&#x0A;    Which is: 0&#x0A;  srcData[srcIdx]&#x0A;    Which is: 0.616179109&#x0A;Source copy mismatch at dst(4,14) src(1,10)&#x0A;" type=""><![CDATA[/home/cjxu/npp/test/unit/nppi/nppi_geometry_transforms/test_nppi_copyConstBorder.cpp:63
Expected equality of these values:
  dstData[dstIdx]
    Which is: 0
  srcData[srcIdx]
    Which is: 0.616179109
Source copy mismatch at dst(4,14) src(1,10)
]]></failure>
      <failure message="/home/cjxu/npp/test/unit/nppi/nppi_geometry_transforms/test_nppi_copyConstBorder.cpp:63&#x0A;Expected equality of these values:&#x0A;  dstData[dstIdx]&#x0A;    Which is: 0&#x0A;  srcData[srcIdx]&#x0A;    Which is: 0.653598666&#x0A;Source copy mismatch at dst(5,14) src(2,10)&#x0A;" type=""><![CDATA[/home/cjxu/npp/test/unit/nppi/nppi_geometry_transforms/test_nppi_copyConstBorder.cpp:63
Expected equality of these values:
  dstData[dstIdx]
    Which is: 0
  srcData[srcIdx]
    Which is: 0.653598666
Source copy mismatch at dst(5,14) src(2,10)
]]></failure>
      <failure message="/home/cjxu/npp/test/unit/nppi/nppi_geometry_transforms/test_nppi_copyConstBorder.cpp:63&#x0A;Expected equality of these values:&#x0A;  dstData[dstIdx]&#x0A;    Which is: 0&#x0A;  srcData[srcIdx]&#x0A;    Which is: 0.349291444&#x0A;Source copy mismatch at dst(6,14) src(3,10)&#x0A;" type=""><![CDATA[/home/cjxu/npp/test/unit/nppi/nppi_geometry_transforms/test_nppi_copyConstBorder.cpp:63
Expected equality of these values:
  dstData[dstIdx]
    Which is: 0
  srcData[srcIdx]
    Which is: 0.349291444
Source copy mismatch at dst(6,14) src(3,10)
]]></failure>
      <failure message="/home/cjxu/npp/test/unit/nppi/nppi_geometry_transforms/test_nppi_copyConstBorder.cpp:63&#x0A;Expected equality of these values:&#x0A;  dstData[dstIdx]&#x0A;    Which is: 0&#x0A;  srcData[srcIdx]&#x0A;    Which is: 0.812824&#x0A;Source copy mismatch at dst(7,14) src(4,10)&#x0A;" type=""><![CDATA[/home/cjxu/npp/test/unit/nppi/nppi_geometry_transforms/test_nppi_copyConstBorder.cpp:63
Expected equality of these values:
  dstData[dstIdx]
    Which is: 0
  srcData[srcIdx]
    Which is: 0.812824
Source copy mismatch at dst(7,14) src(4,10)
]]></failure>
      <failure message="/home/cjxu/npp/test/unit/nppi/nppi_geometry_transforms/test_nppi_copyConstBorder.cpp:63&#x0A;Expected equality of these values:&#x0A;  dstData[dstIdx]&#x0A;    Which is: 0&#x0A;  srcData[srcIdx]&#x0A;    Which is: -0.756469786&#x0A;Source copy mismatch at dst(8,14) src(5,10)&#x0A;" type=""><![CDATA[/home/cjxu/npp/test/unit/nppi/nppi_geometry_transforms/test_nppi_copyConstBorder.cpp:63
Expected equality of these values:
  dstData[dstIdx]
    Which is: 0
  srcData[srcIdx]
    Which is: -0.756469786
Source copy mismatch at dst(8,14) src(5,10)
]]></failure>
      <failure message="/home/cjxu/npp/test/unit/nppi/nppi_geometry_transforms/test_nppi_copyConstBorder.cpp:63&#x0A;Expected equality of these values:&#x0A;  dstData[dstIdx]&#x0A;    Which is: 0&#x0A;  srcData[srcIdx]&#x0A;    Which is: -0.303494215&#x0A;Source copy mismatch at dst(9,14) src(6,10)&#x0A;" type=""><![CDATA[/home/cjxu/npp/test/unit/nppi/nppi_geometry_transforms/test_nppi_copyConstBorder.cpp:63
Expected equality of these values:
  dstData[dstIdx]
    Which is: 0
  srcData[srcIdx]
    Which is: -0.303494215
Source copy mismatch at dst(9,14) src(6,10)
]]></failure>
      <failure message="/home/cjxu/npp/test/unit/nppi/nppi_geometry_transforms/test_nppi_copyConstBorder.cpp:63&#x0A;Expected equality of these values:&#x0A;  dstData[dstIdx]&#x0A;    Which is: 0&#x0A;  srcData[srcIdx]&#x0A;    Which is: 0.333243966&#x0A;Source copy mismatch at dst(10,14) src(7,10)&#x0A;" type=""><![CDATA[/home/cjxu/npp/test/unit/nppi/nppi_geometry_transforms/test_nppi_copyConstBorder.cpp:63
Expected equality of these values:
  dstData[dstIdx]
    Which is: 0
  srcData[srcIdx]
    Which is: 0.333243966
Source copy mismatch at dst(10,14) src(7,10)
]]></failure>
      <failure message="/home/cjxu/npp/test/unit/nppi/nppi_geometry_transforms/test_nppi_copyConstBorder.cpp:63&#x0A;Expected equality of these values:&#x0A;  dstData[dstIdx]&#x0A;    Which is: 0&#x0A;  srcData[srcIdx]&#x0A;    Which is: 0.615980625&#x0A;Source copy mismatch at dst(11,14) src(8,10)&#x0A;" type=""><![CDATA[/home/cjxu/npp/test/unit/nppi/nppi_geometry_transforms/test_nppi_copyConstBorder.cpp:63
Expected equality of these values:
  dstData[dstIdx]
    Which is: 0
  srcData[srcIdx]
    Which is: 0.615980625
Source copy mismatch at dst(11,14) src(8,10)
]]></failure>
      <failure message="/home/cjxu/npp/test/unit/nppi/nppi_geometry_transforms/test_nppi_copyConstBorder.cpp:63&#x0A;Expected equality of these values:&#x0A;  dstData[dstIdx]&#x0A;    Which is: 0&#x0A;  srcData[srcIdx]&#x0A;    Which is: 0.879892111&#x0A;Source copy mismatch at dst(12,14) src(9,10)&#x0A;" type=""><![CDATA[/home/cjxu/npp/test/unit/nppi/nppi_geometry_transforms/test_nppi_copyConstBorder.cpp:63
Expected equality of these values:
  dstData[dstIdx]
    Which is: 0
  srcData[srcIdx]
    Which is: 0.879892111
Source copy mismatch at dst(12,14) src(9,10)
]]></failure>
      <failure message="/home/cjxu/npp/test/unit/nppi/nppi_geometry_transforms/test_nppi_copyConstBorder.cpp:63&#x0A;Expected equality of these values:&#x0A;  dstData[dstIdx]&#x0A;    Which is: 0&#x0A;  srcData[srcIdx]&#x0A;    Which is: -0.655035377&#x0A;Source copy mismatch at dst(13,14) src(10,10)&#x0A;" type=""><![CDATA[/home/cjxu/npp/test/unit/nppi/nppi_geometry_transforms/test_nppi_copyConstBorder.cpp:63
Expected equality of these values:
  dstData[dstIdx]
    Which is: 0
  srcData[srcIdx]
    Which is: -0.655035377
Source copy mismatch at dst(13,14) src(10,10)
]]></failure>
      <failure message="/home/cjxu/npp/test/unit/nppi/nppi_geometry_transforms/test_nppi_copyConstBorder.cpp:63&#x0A;Expected equality of these values:&#x0A;  dstData[dstIdx]&#x0A;    Which is: 0&#x0A;  srcData[srcIdx]&#x0A;    Which is: -0.533989727&#x0A;Source copy mismatch at dst(14,14) src(11,10)&#x0A;" type=""><![CDATA[/home/cjxu/npp/test/unit/nppi/nppi_geometry_transforms/test_nppi_copyConstBorder.cpp:63
Expected equality of these values:
  dstData[dstIdx]
    Which is: 0
  srcData[srcIdx]
    Which is: -0.533989727
Source copy mismatch at dst(14,14) src(11,10)
]]></failure>
      <failure message="/home/cjxu/npp/test/unit/nppi/nppi_geometry_transforms/test_nppi_copyConstBorder.cpp:63&#x0A;Expected equality of these values:&#x0A;  dstData[dstIdx]&#x0A;    Which is: 0&#x0A;  srcData[srcIdx]&#x0A;    Which is: -0.558694959&#x0A;Source copy mismatch at dst(15,14) src(12,10)&#x0A;" type=""><![CDATA[/home/cjxu/npp/test/unit/nppi/nppi_geometry_transforms/test_nppi_copyConstBorder.cpp:63
Expected equality of these values:
  dstData[dstIdx]
    Which is: 0
  srcData[srcIdx]
    Which is: -0.558694959
Source copy mismatch at dst(15,14) src(12,10)
]]></failure>
      <failure message="/home/cjxu/npp/test/unit/nppi/nppi_geometry_transforms/test_nppi_copyConstBorder.cpp:63&#x0A;Expected equality of these values:&#x0A;  dstData[dstIdx]&#x0A;    Which is: 0&#x0A;  srcData[srcIdx]&#x0A;    Which is: -0.450851202&#x0A;Source copy mismatch at dst(16,14) src(13,10)&#x0A;" type=""><![CDATA[/home/cjxu/npp/test/unit/nppi/nppi_geometry_transforms/test_nppi_copyConstBorder.cpp:63
Expected equality of these values:
  dstData[dstIdx]
    Which is: 0
  srcData[srcIdx]
    Which is: -0.450851202
Source copy mismatch at dst(16,14) src(13,10)
]]></failure>
      <failure message="/home/cjxu/npp/test/unit/nppi/nppi_geometry_transforms/test_nppi_copyConstBorder.cpp:63&#x0A;Expected equality of these values:&#x0A;  dstData[dstIdx]&#x0A;    Which is: 0&#x0A;  srcData[srcIdx]&#x0A;    Which is: 0.715294242&#x0A;Source copy mismatch at dst(17,14) src(14,10)&#x0A;" type=""><![CDATA[/home/cjxu/npp/test/unit/nppi/nppi_geometry_transforms/test_nppi_copyConstBorder.cpp:63
Expected equality of these values:
  dstData[dstIdx]
    Which is: 0
  srcData[srcIdx]
    Which is: 0.715294242
Source copy mismatch at dst(17,14) src(14,10)
]]></failure>
      <failure message="/home/cjxu/npp/test/unit/nppi/nppi_geometry_transforms/test_nppi_copyConstBorder.cpp:63&#x0A;Expected equality of these values:&#x0A;  dstData[dstIdx]&#x0A;    Which is: 0&#x0A;  srcData[srcIdx]&#x0A;    Which is: -0.218243599&#x0A;Source copy mismatch at dst(18,14) src(15,10)&#x0A;" type=""><![CDATA[/home/cjxu/npp/test/unit/nppi/nppi_geometry_transforms/test_nppi_copyConstBorder.cpp:63
Expected equality of these values:
  dstData[dstIdx]
    Which is: 0
  srcData[srcIdx]
    Which is: -0.218243599
Source copy mismatch at dst(18,14) src(15,10)
]]></failure>
      <failure message="/home/cjxu/npp/test/unit/nppi/nppi_geometry_transforms/test_nppi_copyConstBorder.cpp:67&#x0A;Expected equality of these values:&#x0A;  dstData[dstIdx]&#x0A;    Which is: 0&#x0A;  borderValue&#x0A;    Which is: -0.5&#x0A;Border value mismatch at (19,14)&#x0A;" type=""><![CDATA[/home/cjxu/npp/test/unit/nppi/nppi_geometry_transforms/test_nppi_copyConstBorder.cpp:67
Expected equality of these values:
  dstData[dstIdx]
    Which is: 0
  borderValue
    Which is: -0.5
Border value mismatch at (19,14)
]]></failure>
      <failure message="/home/cjxu/npp/test/unit/nppi/nppi_geometry_transforms/test_nppi_copyConstBorder.cpp:67&#x0A;Expected equality of these values:&#x0A;  dstData[dstIdx]&#x0A;    Which is: 0&#x0A;  borderValue&#x0A;    Which is: -0.5&#x0A;Border value mismatch at (20,14)&#x0A;" type=""><![CDATA[/home/cjxu/npp/test/unit/nppi/nppi_geometry_transforms/test_nppi_copyConstBorder.cpp:67
Expected equality of these values:
  dstData[dstIdx]
    Which is: 0
  borderValue
    Which is: -0.5
Border value mismatch at (20,14)
]]></failure>
      <failure message="/home/cjxu/npp/test/unit/nppi/nppi_geometry_transforms/test_nppi_copyConstBorder.cpp:67&#x0A;Expected equality of these values:&#x0A;  dstData[dstIdx]&#x0A;    Which is: 0&#x0A;  borderValue&#x0A;    Which is: -0.5&#x0A;Border value mismatch at (21,14)&#x0A;" type=""><![CDATA[/home/cjxu/npp/test/unit/nppi/nppi_geometry_transforms/test_nppi_copyConstBorder.cpp:67
Expected equality of these values:
  dstData[dstIdx]
    Which is: 0
  borderValue
    Which is: -0.5
Border value mismatch at (21,14)
]]></failure>
      <failure message="/home/cjxu/npp/test/unit/nppi/nppi_geometry_transforms/test_nppi_copyConstBorder.cpp:67&#x0A;Expected equality of these values:&#x0A;  dstData[dstIdx]&#x0A;    Which is: 0&#x0A;  borderValue&#x0A;    Which is: -0.5&#x0A;Border value mismatch at (22,14)&#x0A;" type=""><![CDATA[/home/cjxu/npp/test/unit/nppi/nppi_geometry_transforms/test_nppi_copyConstBorder.cpp:67
Expected equality of these values:
  dstData[dstIdx]
    Which is: 0
  borderValue
    Which is: -0.5
Border value mismatch at (22,14)
]]></failure>
      <failure message="/home/cjxu/npp/test/unit/nppi/nppi_geometry_transforms/test_nppi_copyConstBorder.cpp:67&#x0A;Expected equality of these values:&#x0A;  dstData[dstIdx]&#x0A;    Which is: 0&#x0A;  borderValue&#x0A;    Which is: -0.5&#x0A;Border value mismatch at (23,14)&#x0A;" type=""><![CDATA[/home/cjxu/npp/test/unit/nppi/nppi_geometry_transforms/test_nppi_copyConstBorder.cpp:67
Expected equality of these values:
  dstData[dstIdx]
    Which is: 0
  borderValue
    Which is: -0.5
Border value mismatch at (23,14)
]]></failure>
      <failure message="/home/cjxu/npp/test/unit/nppi/nppi_geometry_transforms/test_nppi_copyConstBorder.cpp:67&#x0A;Expected equality of these values:&#x0A;  dstData[dstIdx]&#x0A;    Which is: 0&#x0A;  borderValue&#x0A;    Which is: -0.5&#x0A;Border value mismatch at (0,15)&#x0A;" type=""><![CDATA[/home/cjxu/npp/test/unit/nppi/nppi_geometry_transforms/test_nppi_copyConstBorder.cpp:67
Expected equality of these values:
  dstData[dstIdx]
    Which is: 0
  borderValue
    Which is: -0.5
Border value mismatch at (0,15)
]]></failure>
      <failure message="/home/cjxu/npp/test/unit/nppi/nppi_geometry_transforms/test_nppi_copyConstBorder.cpp:67&#x0A;Expected equality of these values:&#x0A;  dstData[dstIdx]&#x0A;    Which is: 0&#x0A;  borderValue&#x0A;    Which is: -0.5&#x0A;Border value mismatch at (1,15)&#x0A;" type=""><![CDATA[/home/cjxu/npp/test/unit/nppi/nppi_geometry_transforms/test_nppi_copyConstBorder.cpp:67
Expected equality of these values:
  dstData[dstIdx]
    Which is: 0
  borderValue
    Which is: -0.5
Border value mismatch at (1,15)
]]></failure>
      <failure message="/home/cjxu/npp/test/unit/nppi/nppi_geometry_transforms/test_nppi_copyConstBorder.cpp:67&#x0A;Expected equality of these values:&#x0A;  dstData[dstIdx]&#x0A;    Which is: 0&#x0A;  borderValue&#x0A;    Which is: -0.5&#x0A;Border value mismatch at (2,15)&#x0A;" type=""><![CDATA[/home/cjxu/npp/test/unit/nppi/nppi_geometry_transforms/test_nppi_copyConstBorder.cpp:67
Expected equality of these values:
  dstData[dstIdx]
    Which is: 0
  borderValue
    Which is: -0.5
Border value mismatch at (2,15)
]]></failure>
      <failure message="/home/cjxu/npp/test/unit/nppi/nppi_geometry_transforms/test_nppi_copyConstBorder.cpp:63&#x0A;Expected equality of these values:&#x0A;  dstData[dstIdx]&#x0A;    Which is: 0&#x0A;  srcData[srcIdx]&#x0A;    Which is: 0.176342487&#x0A;Source copy mismatch at dst(3,15) src(0,11)&#x0A;" type=""><![CDATA[/home/cjxu/npp/test/unit/nppi/nppi_geometry_transforms/test_nppi_copyConstBorder.cpp:63
Expected equality of these values:
  dstData[dstIdx]
    Which is: 0
  srcData[srcIdx]
    Which is: 0.176342487
Source copy mismatch at dst(3,15) src(0,11)
]]></failure>
      <failure message="/home/cjxu/npp/test/unit/nppi/nppi_geometry_transforms/test_nppi_copyConstBorder.cpp:63&#x0A;Expected equality of these values:&#x0A;  dstData[dstIdx]&#x0A;    Which is: 0&#x0A;  srcData[srcIdx]&#x0A;    Which is: -0.37206167&#x0A;Source copy mismatch at dst(4,15) src(1,11)&#x0A;" type=""><![CDATA[/home/cjxu/npp/test/unit/nppi/nppi_geometry_transforms/test_nppi_copyConstBorder.cpp:63
Expected equality of these values:
  dstData[dstIdx]
    Which is: 0
  srcData[srcIdx]
    Which is: -0.37206167
Source copy mismatch at dst(4,15) src(1,11)
]]></failure>
      <failure message="/home/cjxu/npp/test/unit/nppi/nppi_geometry_transforms/test_nppi_copyConstBorder.cpp:63&#x0A;Expected equality of these values:&#x0A;  dstData[dstIdx]&#x0A;    Which is: 0&#x0A;  srcData[srcIdx]&#x0A;    Which is: 0.740394&#x0A;Source copy mismatch at dst(5,15) src(2,11)&#x0A;" type=""><![CDATA[/home/cjxu/npp/test/unit/nppi/nppi_geometry_transforms/test_nppi_copyConstBorder.cpp:63
Expected equality of these values:
  dstData[dstIdx]
    Which is: 0
  srcData[srcIdx]
    Which is: 0.740394
Source copy mismatch at dst(5,15) src(2,11)
]]></failure>
      <failure message="/home/cjxu/npp/test/unit/nppi/nppi_geometry_transforms/test_nppi_copyConstBorder.cpp:63&#x0A;Expected equality of these values:&#x0A;  dstData[dstIdx]&#x0A;    Which is: 0&#x0A;  srcData[srcIdx]&#x0A;    Which is: -0.297644019&#x0A;Source copy mismatch at dst(6,15) src(3,11)&#x0A;" type=""><![CDATA[/home/cjxu/npp/test/unit/nppi/nppi_geometry_transforms/test_nppi_copyConstBorder.cpp:63
Expected equality of these values:
  dstData[dstIdx]
    Which is: 0
  srcData[srcIdx]
    Which is: -0.297644019
Source copy mismatch at dst(6,15) src(3,11)
]]></failure>
      <failure message="/home/cjxu/npp/test/unit/nppi/nppi_geometry_transforms/test_nppi_copyConstBorder.cpp:63&#x0A;Expected equality of these values:&#x0A;  dstData[dstIdx]&#x0A;    Which is: 0&#x0A;  srcData[srcIdx]&#x0A;    Which is: 0.443655&#x0A;Source copy mismatch at dst(7,15) src(4,11)&#x0A;" type=""><![CDATA[/home/cjxu/npp/test/unit/nppi/nppi_geometry_transforms/test_nppi_copyConstBorder.cpp:63
Expected equality of these values:
  dstData[dstIdx]
    Which is: 0
  srcData[srcIdx]
    Which is: 0.443655
Source copy mismatch at dst(7,15) src(4,11)
]]></failure>
      <failure message="/home/cjxu/npp/test/unit/nppi/nppi_geometry_transforms/test_nppi_copyConstBorder.cpp:63&#x0A;Expected equality of these values:&#x0A;  dstData[dstIdx]&#x0A;    Which is: 0&#x0A;  srcData[srcIdx]&#x0A;    Which is: 0.186815381&#x0A;Source copy mismatch at dst(8,15) src(5,11)&#x0A;" type=""><![CDATA[/home/cjxu/npp/test/unit/nppi/nppi_geometry_transforms/test_nppi_copyConstBorder.cpp:63
Expected equality of these values:
  dstData[dstIdx]
    Which is: 0
  srcData[srcIdx]
    Which is: 0.186815381
Source copy mismatch at dst(8,15) src(5,11)
]]></failure>
      <failure message="/home/cjxu/npp/test/unit/nppi/nppi_geometry_transforms/test_nppi_copyConstBorder.cpp:63&#x0A;Expected equality of these values:&#x0A;  dstData[dstIdx]&#x0A;    Which is: 0&#x0A;  srcData[srcIdx]&#x0A;    Which is: -0.203784108&#x0A;Source copy mismatch at dst(9,15) src(6,11)&#x0A;" type=""><![CDATA[/home/cjxu/npp/test/unit/nppi/nppi_geometry_transforms/test_nppi_copyConstBorder.cpp:63
Expected equality of these values:
  dstData[dstIdx]
    Which is: 0
  srcData[srcIdx]
    Which is: -0.203784108
Source copy mismatch at dst(9,15) src(6,11)
]]></failure>
      <failure message="/home/cjxu/npp/test/unit/nppi/nppi_geometry_transforms/test_nppi_copyConstBorder.cpp:63&#x0A;Expected equality of these values:&#x0A;  dstData[dstIdx]&#x0A;    Which is: 0&#x0A;  srcData[srcIdx]&#x0A;    Which is: -0.192979634&#x0A;Source copy mismatch at dst(10,15) src(7,11)&#x0A;" type=""><![CDATA[/home/cjxu/npp/test/unit/nppi/nppi_geometry_transforms/test_nppi_copyConstBorder.cpp:63
Expected equality of these values:
  dstData[dstIdx]
    Which is: 0
  srcData[srcIdx]
    Which is: -0.192979634
Source copy mismatch at dst(10,15) src(7,11)
]]></failure>
      <failure message="/home/cjxu/npp/test/unit/nppi/nppi_geometry_transforms/test_nppi_copyConstBorder.cpp:63&#x0A;Expected equality of these values:&#x0A;  dstData[dstIdx]&#x0A;    Which is: 0&#x0A;  srcData[srcIdx]&#x0A;    Which is: -0.83166&#x0A;Source copy mismatch at dst(11,15) src(8,11)&#x0A;" type=""><![CDATA[/home/cjxu/npp/test/unit/nppi/nppi_geometry_transforms/test_nppi_copyConstBorder.cpp:63
Expected equality of these values:
  dstData[dstIdx]
    Which is: 0
  srcData[srcIdx]
    Which is: -0.83166
Source copy mismatch at dst(11,15) src(8,11)
]]></failure>
      <failure message="/home/cjxu/npp/test/unit/nppi/nppi_geometry_transforms/test_nppi_copyConstBorder.cpp:63&#x0A;Expected equality of these values:&#x0A;  dstData[dstIdx]&#x0A;    Which is: 0&#x0A;  srcData[srcIdx]&#x0A;    Which is: 0.896980643&#x0A;Source copy mismatch at dst(12,15) src(9,11)&#x0A;" type=""><![CDATA[/home/cjxu/npp/test/unit/nppi/nppi_geometry_transforms/test_nppi_copyConstBorder.cpp:63
Expected equality of these values:
  dstData[dstIdx]
    Which is: 0
  srcData[srcIdx]
    Which is: 0.896980643
Source copy mismatch at dst(12,15) src(9,11)
]]></failure>
      <failure message="/home/cjxu/npp/test/unit/nppi/nppi_geometry_transforms/test_nppi_copyConstBorder.cpp:63&#x0A;Expected equality of these values:&#x0A;  dstData[dstIdx]&#x0A;    Which is: 0&#x0A;  srcData[srcIdx]&#x0A;    Which is: -0.446581662&#x0A;Source copy mismatch at dst(13,15) src(10,11)&#x0A;" type=""><![CDATA[/home/cjxu/npp/test/unit/nppi/nppi_geometry_transforms/test_nppi_copyConstBorder.cpp:63
Expected equality of these values:
  dstData[dstIdx]
    Which is: 0
  srcData[srcIdx]
    Which is: -0.446581662
Source copy mismatch at dst(13,15) src(10,11)
]]></failure>
      <failure message="/home/cjxu/npp/test/unit/nppi/nppi_geometry_transforms/test_nppi_copyConstBorder.cpp:63&#x0A;Expected equality of these values:&#x0A;  dstData[dstIdx]&#x0A;    Which is: 0&#x0A;  srcData[srcIdx]&#x0A;    Which is: 0.262987733&#x0A;Source copy mismatch at dst(14,15) src(11,11)&#x0A;" type=""><![CDATA[/home/cjxu/npp/test/unit/nppi/nppi_geometry_transforms/test_nppi_copyConstBorder.cpp:63
Expected equality of these values:
  dstData[dstIdx]
    Which is: 0
  srcData[srcIdx]
    Which is: 0.262987733
Source copy mismatch at dst(14,15) src(11,11)
]]></failure>
      <failure message="/home/cjxu/npp/test/unit/nppi/nppi_geometry_transforms/test_nppi_copyConstBorder.cpp:63&#x0A;Expected equality of these values:&#x0A;  dstData[dstIdx]&#x0A;    Which is: 0&#x0A;  srcData[srcIdx]&#x0A;    Which is: 0.834448457&#x0A;Source copy mismatch at dst(15,15) src(12,11)&#x0A;" type=""><![CDATA[/home/cjxu/npp/test/unit/nppi/nppi_geometry_transforms/test_nppi_copyConstBorder.cpp:63
Expected equality of these values:
  dstData[dstIdx]
    Which is: 0
  srcData[srcIdx]
    Which is: 0.834448457
Source copy mismatch at dst(15,15) src(12,11)
]]></failure>
      <failure message="/home/cjxu/npp/test/unit/nppi/nppi_geometry_transforms/test_nppi_copyConstBorder.cpp:63&#x0A;Expected equality of these values:&#x0A;  dstData[dstIdx]&#x0A;    Which is: 0&#x0A;  srcData[srcIdx]&#x0A;    Which is: -0.525628746&#x0A;Source copy mismatch at dst(16,15) src(13,11)&#x0A;" type=""><![CDATA[/home/cjxu/npp/test/unit/nppi/nppi_geometry_transforms/test_nppi_copyConstBorder.cpp:63
Expected equality of these values:
  dstData[dstIdx]
    Which is: 0
  srcData[srcIdx]
    Which is: -0.525628746
Source copy mismatch at dst(16,15) src(13,11)
]]></failure>
      <failure message="/home/cjxu/npp/test/unit/nppi/nppi_geometry_transforms/test_nppi_copyConstBorder.cpp:63&#x0A;Expected equality of these values:&#x0A;  dstData[dstIdx]&#x0A;    Which is: 0&#x0A;  srcData[srcIdx]&#x0A;    Which is: 0.678574681&#x0A;Source copy mismatch at dst(17,15) src(14,11)&#x0A;" type=""><![CDATA[/home/cjxu/npp/test/unit/nppi/nppi_geometry_transforms/test_nppi_copyConstBorder.cpp:63
Expected equality of these values:
  dstData[dstIdx]
    Which is: 0
  srcData[srcIdx]
    Which is: 0.678574681
Source copy mismatch at dst(17,15) src(14,11)
]]></failure>
      <failure message="/home/cjxu/npp/test/unit/nppi/nppi_geometry_transforms/test_nppi_copyConstBorder.cpp:63&#x0A;Expected equality of these values:&#x0A;  dstData[dstIdx]&#x0A;    Which is: 0&#x0A;  srcData[srcIdx]&#x0A;    Which is: -0.159572721&#x0A;Source copy mismatch at dst(18,15) src(15,11)&#x0A;" type=""><![CDATA[/home/cjxu/npp/test/unit/nppi/nppi_geometry_transforms/test_nppi_copyConstBorder.cpp:63
Expected equality of these values:
  dstData[dstIdx]
    Which is: 0
  srcData[srcIdx]
    Which is: -0.159572721
Source copy mismatch at dst(18,15) src(15,11)
]]></failure>
      <failure message="/home/cjxu/npp/test/unit/nppi/nppi_geometry_transforms/test_nppi_copyConstBorder.cpp:67&#x0A;Expected equality of these values:&#x0A;  dstData[dstIdx]&#x0A;    Which is: 0&#x0A;  borderValue&#x0A;    Which is: -0.5&#x0A;Border value mismatch at (19,15)&#x0A;" type=""><![CDATA[/home/cjxu/npp/test/unit/nppi/nppi_geometry_transforms/test_nppi_copyConstBorder.cpp:67
Expected equality of these values:
  dstData[dstIdx]
    Which is: 0
  borderValue
    Which is: -0.5
Border value mismatch at (19,15)
]]></failure>
      <failure message="/home/cjxu/npp/test/unit/nppi/nppi_geometry_transforms/test_nppi_copyConstBorder.cpp:67&#x0A;Expected equality of these values:&#x0A;  dstData[dstIdx]&#x0A;    Which is: 0&#x0A;  borderValue&#x0A;    Which is: -0.5&#x0A;Border value mismatch at (20,15)&#x0A;" type=""><![CDATA[/home/cjxu/npp/test/unit/nppi/nppi_geometry_transforms/test_nppi_copyConstBorder.cpp:67
Expected equality of these values:
  dstData[dstIdx]
    Which is: 0
  borderValue
    Which is: -0.5
Border value mismatch at (20,15)
]]></failure>
      <failure message="/home/cjxu/npp/test/unit/nppi/nppi_geometry_transforms/test_nppi_copyConstBorder.cpp:67&#x0A;Expected equality of these values:&#x0A;  dstData[dstIdx]&#x0A;    Which is: 0&#x0A;  borderValue&#x0A;    Which is: -0.5&#x0A;Border value mismatch at (21,15)&#x0A;" type=""><![CDATA[/home/cjxu/npp/test/unit/nppi/nppi_geometry_transforms/test_nppi_copyConstBorder.cpp:67
Expected equality of these values:
  dstData[dstIdx]
    Which is: 0
  borderValue
    Which is: -0.5
Border value mismatch at (21,15)
]]></failure>
      <failure message="/home/cjxu/npp/test/unit/nppi/nppi_geometry_transforms/test_nppi_copyConstBorder.cpp:67&#x0A;Expected equality of these values:&#x0A;  dstData[dstIdx]&#x0A;    Which is: 0&#x0A;  borderValue&#x0A;    Which is: -0.5&#x0A;Border value mismatch at (22,15)&#x0A;" type=""><![CDATA[/home/cjxu/npp/test/unit/nppi/nppi_geometry_transforms/test_nppi_copyConstBorder.cpp:67
Expected equality of these values:
  dstData[dstIdx]
    Which is: 0
  borderValue
    Which is: -0.5
Border value mismatch at (22,15)
]]></failure>
      <failure message="/home/cjxu/npp/test/unit/nppi/nppi_geometry_transforms/test_nppi_copyConstBorder.cpp:67&#x0A;Expected equality of these values:&#x0A;  dstData[dstIdx]&#x0A;    Which is: 0&#x0A;  borderValue&#x0A;    Which is: -0.5&#x0A;Border value mismatch at (23,15)&#x0A;" type=""><![CDATA[/home/cjxu/npp/test/unit/nppi/nppi_geometry_transforms/test_nppi_copyConstBorder.cpp:67
Expected equality of these values:
  dstData[dstIdx]
    Which is: 0
  borderValue
    Which is: -0.5
Border value mismatch at (23,15)
]]></failure>
      <failure message="/home/cjxu/npp/test/unit/nppi/nppi_geometry_transforms/test_nppi_copyConstBorder.cpp:67&#x0A;Expected equality of these values:&#x0A;  dstData[dstIdx]&#x0A;    Which is: 0&#x0A;  borderValue&#x0A;    Which is: -0.5&#x0A;Border value mismatch at (0,16)&#x0A;" type=""><![CDATA[/home/cjxu/npp/test/unit/nppi/nppi_geometry_transforms/test_nppi_copyConstBorder.cpp:67
Expected equality of these values:
  dstData[dstIdx]
    Which is: 0
  borderValue
    Which is: -0.5
Border value mismatch at (0,16)
]]></failure>
      <failure message="/home/cjxu/npp/test/unit/nppi/nppi_geometry_transforms/test_nppi_copyConstBorder.cpp:67&#x0A;Expected equality of these values:&#x0A;  dstData[dstIdx]&#x0A;    Which is: 0&#x0A;  borderValue&#x0A;    Which is: -0.5&#x0A;Border value mismatch at (1,16)&#x0A;" type=""><![CDATA[/home/cjxu/npp/test/unit/nppi/nppi_geometry_transforms/test_nppi_copyConstBorder.cpp:67
Expected equality of these values:
  dstData[dstIdx]
    Which is: 0
  borderValue
    Which is: -0.5
Border value mismatch at (1,16)
]]></failure>
      <failure message="/home/cjxu/npp/test/unit/nppi/nppi_geometry_transforms/test_nppi_copyConstBorder.cpp:67&#x0A;Expected equality of these values:&#x0A;  dstData[dstIdx]&#x0A;    Which is: 0&#x0A;  borderValue&#x0A;    Which is: -0.5&#x0A;Border value mismatch at (2,16)&#x0A;" type=""><![CDATA[/home/cjxu/npp/test/unit/nppi/nppi_geometry_transforms/test_nppi_copyConstBorder.cpp:67
Expected equality of these values:
  dstData[dstIdx]
    Which is: 0
  borderValue
    Which is: -0.5
Border value mismatch at (2,16)
]]></failure>
      <failure message="/home/cjxu/npp/test/unit/nppi/nppi_geometry_transforms/test_nppi_copyConstBorder.cpp:67&#x0A;Expected equality of these values:&#x0A;  dstData[dstIdx]&#x0A;    Which is: 0&#x0A;  borderValue&#x0A;    Which is: -0.5&#x0A;Border value mismatch at (3,16)&#x0A;" type=""><![CDATA[/home/cjxu/npp/test/unit/nppi/nppi_geometry_transforms/test_nppi_copyConstBorder.cpp:67
Expected equality of these values:
  dstData[dstIdx]
    Which is: 0
  borderValue
    Which is: -0.5
Border value mismatch at (3,16)
]]></failure>
      <failure message="/home/cjxu/npp/test/unit/nppi/nppi_geometry_transforms/test_nppi_copyConstBorder.cpp:67&#x0A;Expected equality of these values:&#x0A;  dstData[dstIdx]&#x0A;    Which is: 0&#x0A;  borderValue&#x0A;    Which is: -0.5&#x0A;Border value mismatch at (4,16)&#x0A;" type=""><![CDATA[/home/cjxu/npp/test/unit/nppi/nppi_geometry_transforms/test_nppi_copyConstBorder.cpp:67
Expected equality of these values:
  dstData[dstIdx]
    Which is: 0
  borderValue
    Which is: -0.5
Border value mismatch at (4,16)
]]></failure>
      <failure message="/home/cjxu/npp/test/unit/nppi/nppi_geometry_transforms/test_nppi_copyConstBorder.cpp:67&#x0A;Expected equality of these values:&#x0A;  dstData[dstIdx]&#x0A;    Which is: 0&#x0A;  borderValue&#x0A;    Which is: -0.5&#x0A;Border value mismatch at (5,16)&#x0A;" type=""><![CDATA[/home/cjxu/npp/test/unit/nppi/nppi_geometry_transforms/test_nppi_copyConstBorder.cpp:67
Expected equality of these values:
  dstData[dstIdx]
    Which is: 0
  borderValue
    Which is: -0.5
Border value mismatch at (5,16)
]]></failure>
      <failure message="/home/cjxu/npp/test/unit/nppi/nppi_geometry_transforms/test_nppi_copyConstBorder.cpp:67&#x0A;Expected equality of these values:&#x0A;  dstData[dstIdx]&#x0A;    Which is: 0&#x0A;  borderValue&#x0A;    Which is: -0.5&#x0A;Border value mismatch at (6,16)&#x0A;" type=""><![CDATA[/home/cjxu/npp/test/unit/nppi/nppi_geometry_transforms/test_nppi_copyConstBorder.cpp:67
Expected equality of these values:
  dstData[dstIdx]
    Which is: 0
  borderValue
    Which is: -0.5
Border value mismatch at (6,16)
]]></failure>
      <failure message="/home/cjxu/npp/test/unit/nppi/nppi_geometry_transforms/test_nppi_copyConstBorder.cpp:67&#x0A;Expected equality of these values:&#x0A;  dstData[dstIdx]&#x0A;    Which is: 0&#x0A;  borderValue&#x0A;    Which is: -0.5&#x0A;Border value mismatch at (7,16)&#x0A;" type=""><![CDATA[/home/cjxu/npp/test/unit/nppi/nppi_geometry_transforms/test_nppi_copyConstBorder.cpp:67
Expected equality of these values:
  dstData[dstIdx]
    Which is: 0
  borderValue
    Which is: -0.5
Border value mismatch at (7,16)
]]></failure>
      <failure message="/home/cjxu/npp/test/unit/nppi/nppi_geometry_transforms/test_nppi_copyConstBorder.cpp:67&#x0A;Expected equality of these values:&#x0A;  dstData[dstIdx]&#x0A;    Which is: 0&#x0A;  borderValue&#x0A;    Which is: -0.5&#x0A;Border value mismatch at (8,16)&#x0A;" type=""><![CDATA[/home/cjxu/npp/test/unit/nppi/nppi_geometry_transforms/test_nppi_copyConstBorder.cpp:67
Expected equality of these values:
  dstData[dstIdx]
    Which is: 0
  borderValue
    Which is: -0.5
Border value mismatch at (8,16)
]]></failure>
      <failure message="/home/cjxu/npp/test/unit/nppi/nppi_geometry_transforms/test_nppi_copyConstBorder.cpp:67&#x0A;Expected equality of these values:&#x0A;  dstData[dstIdx]&#x0A;    Which is: 0&#x0A;  borderValue&#x0A;    Which is: -0.5&#x0A;Border value mismatch at (9,16)&#x0A;" type=""><![CDATA[/home/cjxu/npp/test/unit/nppi/nppi_geometry_transforms/test_nppi_copyConstBorder.cpp:67
Expected equality of these values:
  dstData[dstIdx]
    Which is: 0
  borderValue
    Which is: -0.5
Border value mismatch at (9,16)
]]></failure>
      <failure message="/home/cjxu/npp/test/unit/nppi/nppi_geometry_transforms/test_nppi_copyConstBorder.cpp:67&#x0A;Expected equality of these values:&#x0A;  dstData[dstIdx]&#x0A;    Which is: 0&#x0A;  borderValue&#x0A;    Which is: -0.5&#x0A;Border value mismatch at (10,16)&#x0A;" type=""><![CDATA[/home/cjxu/npp/test/unit/nppi/nppi_geometry_transforms/test_nppi_copyConstBorder.cpp:67
Expected equality of these values:
  dstData[dstIdx]
    Which is: 0
  borderValue
    Which is: -0.5
Border value mismatch at (10,16)
]]></failure>
      <failure message="/home/cjxu/npp/test/unit/nppi/nppi_geometry_transforms/test_nppi_copyConstBorder.cpp:67&#x0A;Expected equality of these values:&#x0A;  dstData[dstIdx]&#x0A;    Which is: 0&#x0A;  borderValue&#x0A;    Which is: -0.5&#x0A;Border value mismatch at (11,16)&#x0A;" type=""><![CDATA[/home/cjxu/npp/test/unit/nppi/nppi_geometry_transforms/test_nppi_copyConstBorder.cpp:67
Expected equality of these values:
  dstData[dstIdx]
    Which is: 0
  borderValue
    Which is: -0.5
Border value mismatch at (11,16)
]]></failure>
      <failure message="/home/cjxu/npp/test/unit/nppi/nppi_geometry_transforms/test_nppi_copyConstBorder.cpp:67&#x0A;Expected equality of these values:&#x0A;  dstData[dstIdx]&#x0A;    Which is: 0&#x0A;  borderValue&#x0A;    Which is: -0.5&#x0A;Border value mismatch at (12,16)&#x0A;" type=""><![CDATA[/home/cjxu/npp/test/unit/nppi/nppi_geometry_transforms/test_nppi_copyConstBorder.cpp:67
Expected equality of these values:
  dstData[dstIdx]
    Which is: 0
  borderValue
    Which is: -0.5
Border value mismatch at (12,16)
]]></failure>
      <failure message="/home/cjxu/npp/test/unit/nppi/nppi_geometry_transforms/test_nppi_copyConstBorder.cpp:67&#x0A;Expected equality of these values:&#x0A;  dstData[dstIdx]&#x0A;    Which is: 0&#x0A;  borderValue&#x0A;    Which is: -0.5&#x0A;Border value mismatch at (13,16)&#x0A;" type=""><![CDATA[/home/cjxu/npp/test/unit/nppi/nppi_geometry_transforms/test_nppi_copyConstBorder.cpp:67
Expected equality of these values:
  dstData[dstIdx]
    Which is: 0
  borderValue
    Which is: -0.5
Border value mismatch at (13,16)
]]></failure>
      <failure message="/home/cjxu/npp/test/unit/nppi/nppi_geometry_transforms/test_nppi_copyConstBorder.cpp:67&#x0A;Expected equality of these values:&#x0A;  dstData[dstIdx]&#x0A;    Which is: 0&#x0A;  borderValue&#x0A;    Which is: -0.5&#x0A;Border value mismatch at (14,16)&#x0A;" type=""><![CDATA[/home/cjxu/npp/test/unit/nppi/nppi_geometry_transforms/test_nppi_copyConstBorder.cpp:67
Expected equality of these values:
  dstData[dstIdx]
    Which is: 0
  borderValue
    Which is: -0.5
Border value mismatch at (14,16)
]]></failure>
      <failure message="/home/cjxu/npp/test/unit/nppi/nppi_geometry_transforms/test_nppi_copyConstBorder.cpp:67&#x0A;Expected equality of these values:&#x0A;  dstData[dstIdx]&#x0A;    Which is: 0&#x0A;  borderValue&#x0A;    Which is: -0.5&#x0A;Border value mismatch at (15,16)&#x0A;" type=""><![CDATA[/home/cjxu/npp/test/unit/nppi/nppi_geometry_transforms/test_nppi_copyConstBorder.cpp:67
Expected equality of these values:
  dstData[dstIdx]
    Which is: 0
  borderValue
    Which is: -0.5
Border value mismatch at (15,16)
]]></failure>
      <failure message="/home/cjxu/npp/test/unit/nppi/nppi_geometry_transforms/test_nppi_copyConstBorder.cpp:67&#x0A;Expected equality of these values:&#x0A;  dstData[dstIdx]&#x0A;    Which is: 0&#x0A;  borderValue&#x0A;    Which is: -0.5&#x0A;Border value mismatch at (16,16)&#x0A;" type=""><![CDATA[/home/cjxu/npp/test/unit/nppi/nppi_geometry_transforms/test_nppi_copyConstBorder.cpp:67
Expected equality of these values:
  dstData[dstIdx]
    Which is: 0
  borderValue
    Which is: -0.5
Border value mismatch at (16,16)
]]></failure>
      <failure message="/home/cjxu/npp/test/unit/nppi/nppi_geometry_transforms/test_nppi_copyConstBorder.cpp:67&#x0A;Expected equality of these values:&#x0A;  dstData[dstIdx]&#x0A;    Which is: 0&#x0A;  borderValue&#x0A;    Which is: -0.5&#x0A;Border value mismatch at (17,16)&#x0A;" type=""><![CDATA[/home/cjxu/npp/test/unit/nppi/nppi_geometry_transforms/test_nppi_copyConstBorder.cpp:67
Expected equality of these values:
  dstData[dstIdx]
    Which is: 0
  borderValue
    Which is: -0.5
Border value mismatch at (17,16)
]]></failure>
      <failure message="/home/cjxu/npp/test/unit/nppi/nppi_geometry_transforms/test_nppi_copyConstBorder.cpp:67&#x0A;Expected equality of these values:&#x0A;  dstData[dstIdx]&#x0A;    Which is: 0&#x0A;  borderValue&#x0A;    Which is: -0.5&#x0A;Border value mismatch at (18,16)&#x0A;" type=""><![CDATA[/home/cjxu/npp/test/unit/nppi/nppi_geometry_transforms/test_nppi_copyConstBorder.cpp:67
Expected equality of these values:
  dstData[dstIdx]
    Which is: 0
  borderValue
    Which is: -0.5
Border value mismatch at (18,16)
]]></failure>
      <failure message="/home/cjxu/npp/test/unit/nppi/nppi_geometry_transforms/test_nppi_copyConstBorder.cpp:67&#x0A;Expected equality of these values:&#x0A;  dstData[dstIdx]&#x0A;    Which is: 0&#x0A;  borderValue&#x0A;    Which is: -0.5&#x0A;Border value mismatch at (19,16)&#x0A;" type=""><![CDATA[/home/cjxu/npp/test/unit/nppi/nppi_geometry_transforms/test_nppi_copyConstBorder.cpp:67
Expected equality of these values:
  dstData[dstIdx]
    Which is: 0
  borderValue
    Which is: -0.5
Border value mismatch at (19,16)
]]></failure>
      <failure message="/home/cjxu/npp/test/unit/nppi/nppi_geometry_transforms/test_nppi_copyConstBorder.cpp:67&#x0A;Expected equality of these values:&#x0A;  dstData[dstIdx]&#x0A;    Which is: 0&#x0A;  borderValue&#x0A;    Which is: -0.5&#x0A;Border value mismatch at (20,16)&#x0A;" type=""><![CDATA[/home/cjxu/npp/test/unit/nppi/nppi_geometry_transforms/test_nppi_copyConstBorder.cpp:67
Expected equality of these values:
  dstData[dstIdx]
    Which is: 0
  borderValue
    Which is: -0.5
Border value mismatch at (20,16)
]]></failure>
      <failure message="/home/cjxu/npp/test/unit/nppi/nppi_geometry_transforms/test_nppi_copyConstBorder.cpp:67&#x0A;Expected equality of these values:&#x0A;  dstData[dstIdx]&#x0A;    Which is: 0&#x0A;  borderValue&#x0A;    Which is: -0.5&#x0A;Border value mismatch at (21,16)&#x0A;" type=""><![CDATA[/home/cjxu/npp/test/unit/nppi/nppi_geometry_transforms/test_nppi_copyConstBorder.cpp:67
Expected equality of these values:
  dstData[dstIdx]
    Which is: 0
  borderValue
    Which is: -0.5
Border value mismatch at (21,16)
]]></failure>
      <failure message="/home/cjxu/npp/test/unit/nppi/nppi_geometry_transforms/test_nppi_copyConstBorder.cpp:67&#x0A;Expected equality of these values:&#x0A;  dstData[dstIdx]&#x0A;    Which is: 0&#x0A;  borderValue&#x0A;    Which is: -0.5&#x0A;Border value mismatch at (22,16)&#x0A;" type=""><![CDATA[/home/cjxu/npp/test/unit/nppi/nppi_geometry_transforms/test_nppi_copyConstBorder.cpp:67
Expected equality of these values:
  dstData[dstIdx]
    Which is: 0
  borderValue
    Which is: -0.5
Border value mismatch at (22,16)
]]></failure>
      <failure message="/home/cjxu/npp/test/unit/nppi/nppi_geometry_transforms/test_nppi_copyConstBorder.cpp:67&#x0A;Expected equality of these values:&#x0A;  dstData[dstIdx]&#x0A;    Which is: 0&#x0A;  borderValue&#x0A;    Which is: -0.5&#x0A;Border value mismatch at (23,16)&#x0A;" type=""><![CDATA[/home/cjxu/npp/test/unit/nppi/nppi_geometry_transforms/test_nppi_copyConstBorder.cpp:67
Expected equality of these values:
  dstData[dstIdx]
    Which is: 0
  borderValue
    Which is: -0.5
Border value mismatch at (23,16)
]]></failure>
      <failure message="/home/cjxu/npp/test/unit/nppi/nppi_geometry_transforms/test_nppi_copyConstBorder.cpp:67&#x0A;Expected equality of these values:&#x0A;  dstData[dstIdx]&#x0A;    Which is: 0&#x0A;  borderValue&#x0A;    Which is: -0.5&#x0A;Border value mismatch at (0,17)&#x0A;" type=""><![CDATA[/home/cjxu/npp/test/unit/nppi/nppi_geometry_transforms/test_nppi_copyConstBorder.cpp:67
Expected equality of these values:
  dstData[dstIdx]
    Which is: 0
  borderValue
    Which is: -0.5
Border value mismatch at (0,17)
]]></failure>
      <failure message="/home/cjxu/npp/test/unit/nppi/nppi_geometry_transforms/test_nppi_copyConstBorder.cpp:67&#x0A;Expected equality of these values:&#x0A;  dstData[dstIdx]&#x0A;    Which is: 0&#x0A;  borderValue&#x0A;    Which is: -0.5&#x0A;Border value mismatch at (1,17)&#x0A;" type=""><![CDATA[/home/cjxu/npp/test/unit/nppi/nppi_geometry_transforms/test_nppi_copyConstBorder.cpp:67
Expected equality of these values:
  dstData[dstIdx]
    Which is: 0
  borderValue
    Which is: -0.5
Border value mismatch at (1,17)
]]></failure>
      <failure message="/home/cjxu/npp/test/unit/nppi/nppi_geometry_transforms/test_nppi_copyConstBorder.cpp:67&#x0A;Expected equality of these values:&#x0A;  dstData[dstIdx]&#x0A;    Which is: 0&#x0A;  borderValue&#x0A;    Which is: -0.5&#x0A;Border value mismatch at (2,17)&#x0A;" type=""><![CDATA[/home/cjxu/npp/test/unit/nppi/nppi_geometry_transforms/test_nppi_copyConstBorder.cpp:67
Expected equality of these values:
  dstData[dstIdx]
    Which is: 0
  borderValue
    Which is: -0.5
Border value mismatch at (2,17)
]]></failure>
      <failure message="/home/cjxu/npp/test/unit/nppi/nppi_geometry_transforms/test_nppi_copyConstBorder.cpp:67&#x0A;Expected equality of these values:&#x0A;  dstData[dstIdx]&#x0A;    Which is: 0&#x0A;  borderValue&#x0A;    Which is: -0.5&#x0A;Border value mismatch at (3,17)&#x0A;" type=""><![CDATA[/home/cjxu/npp/test/unit/nppi/nppi_geometry_transforms/test_nppi_copyConstBorder.cpp:67
Expected equality of these values:
  dstData[dstIdx]
    Which is: 0
  borderValue
    Which is: -0.5
Border value mismatch at (3,17)
]]></failure>
      <failure message="/home/cjxu/npp/test/unit/nppi/nppi_geometry_transforms/test_nppi_copyConstBorder.cpp:67&#x0A;Expected equality of these values:&#x0A;  dstData[dstIdx]&#x0A;    Which is: 0&#x0A;  borderValue&#x0A;    Which is: -0.5&#x0A;Border value mismatch at (4,17)&#x0A;" type=""><![CDATA[/home/cjxu/npp/test/unit/nppi/nppi_geometry_transforms/test_nppi_copyConstBorder.cpp:67
Expected equality of these values:
  dstData[dstIdx]
    Which is: 0
  borderValue
    Which is: -0.5
Border value mismatch at (4,17)
]]></failure>
      <failure message="/home/cjxu/npp/test/unit/nppi/nppi_geometry_transforms/test_nppi_copyConstBorder.cpp:67&#x0A;Expected equality of these values:&#x0A;  dstData[dstIdx]&#x0A;    Which is: 0&#x0A;  borderValue&#x0A;    Which is: -0.5&#x0A;Border value mismatch at (5,17)&#x0A;" type=""><![CDATA[/home/cjxu/npp/test/unit/nppi/nppi_geometry_transforms/test_nppi_copyConstBorder.cpp:67
Expected equality of these values:
  dstData[dstIdx]
    Which is: 0
  borderValue
    Which is: -0.5
Border value mismatch at (5,17)
]]></failure>
      <failure message="/home/cjxu/npp/test/unit/nppi/nppi_geometry_transforms/test_nppi_copyConstBorder.cpp:67&#x0A;Expected equality of these values:&#x0A;  dstData[dstIdx]&#x0A;    Which is: 0&#x0A;  borderValue&#x0A;    Which is: -0.5&#x0A;Border value mismatch at (6,17)&#x0A;" type=""><![CDATA[/home/cjxu/npp/test/unit/nppi/nppi_geometry_transforms/test_nppi_copyConstBorder.cpp:67
Expected equality of these values:
  dstData[dstIdx]
    Which is: 0
  borderValue
    Which is: -0.5
Border value mismatch at (6,17)
]]></failure>
      <failure message="/home/cjxu/npp/test/unit/nppi/nppi_geometry_transforms/test_nppi_copyConstBorder.cpp:67&#x0A;Expected equality of these values:&#x0A;  dstData[dstIdx]&#x0A;    Which is: 0&#x0A;  borderValue&#x0A;    Which is: -0.5&#x0A;Border value mismatch at (7,17)&#x0A;" type=""><![CDATA[/home/cjxu/npp/test/unit/nppi/nppi_geometry_transforms/test_nppi_copyConstBorder.cpp:67
Expected equality of these values:
  dstData[dstIdx]
    Which is: 0
  borderValue
    Which is: -0.5
Border value mismatch at (7,17)
]]></failure>
      <failure message="/home/cjxu/npp/test/unit/nppi/nppi_geometry_transforms/test_nppi_copyConstBorder.cpp:67&#x0A;Expected equality of these values:&#x0A;  dstData[dstIdx]&#x0A;    Which is: 0&#x0A;  borderValue&#x0A;    Which is: -0.5&#x0A;Border value mismatch at (8,17)&#x0A;" type=""><![CDATA[/home/cjxu/npp/test/unit/nppi/nppi_geometry_transforms/test_nppi_copyConstBorder.cpp:67
Expected equality of these values:
  dstData[dstIdx]
    Which is: 0
  borderValue
    Which is: -0.5
Border value mismatch at (8,17)
]]></failure>
      <failure message="/home/cjxu/npp/test/unit/nppi/nppi_geometry_transforms/test_nppi_copyConstBorder.cpp:67&#x0A;Expected equality of these values:&#x0A;  dstData[dstIdx]&#x0A;    Which is: 0&#x0A;  borderValue&#x0A;    Which is: -0.5&#x0A;Border value mismatch at (9,17)&#x0A;" type=""><![CDATA[/home/cjxu/npp/test/unit/nppi/nppi_geometry_transforms/test_nppi_copyConstBorder.cpp:67
Expected equality of these values:
  dstData[dstIdx]
    Which is: 0
  borderValue
    Which is: -0.5
Border value mismatch at (9,17)
]]></failure>
      <failure message="/home/cjxu/npp/test/unit/nppi/nppi_geometry_transforms/test_nppi_copyConstBorder.cpp:67&#x0A;Expected equality of these values:&#x0A;  dstData[dstIdx]&#x0A;    Which is: 0&#x0A;  borderValue&#x0A;    Which is: -0.5&#x0A;Border value mismatch at (10,17)&#x0A;" type=""><![CDATA[/home/cjxu/npp/test/unit/nppi/nppi_geometry_transforms/test_nppi_copyConstBorder.cpp:67
Expected equality of these values:
  dstData[dstIdx]
    Which is: 0
  borderValue
    Which is: -0.5
Border value mismatch at (10,17)
]]></failure>
      <failure message="/home/cjxu/npp/test/unit/nppi/nppi_geometry_transforms/test_nppi_copyConstBorder.cpp:67&#x0A;Expected equality of these values:&#x0A;  dstData[dstIdx]&#x0A;    Which is: 0&#x0A;  borderValue&#x0A;    Which is: -0.5&#x0A;Border value mismatch at (11,17)&#x0A;" type=""><![CDATA[/home/cjxu/npp/test/unit/nppi/nppi_geometry_transforms/test_nppi_copyConstBorder.cpp:67
Expected equality of these values:
  dstData[dstIdx]
    Which is: 0
  borderValue
    Which is: -0.5
Border value mismatch at (11,17)
]]></failure>
      <failure message="/home/cjxu/npp/test/unit/nppi/nppi_geometry_transforms/test_nppi_copyConstBorder.cpp:67&#x0A;Expected equality of these values:&#x0A;  dstData[dstIdx]&#x0A;    Which is: 0&#x0A;  borderValue&#x0A;    Which is: -0.5&#x0A;Border value mismatch at (12,17)&#x0A;" type=""><![CDATA[/home/cjxu/npp/test/unit/nppi/nppi_geometry_transforms/test_nppi_copyConstBorder.cpp:67
Expected equality of these values:
  dstData[dstIdx]
    Which is: 0
  borderValue
    Which is: -0.5
Border value mismatch at (12,17)
]]></failure>
      <failure message="/home/cjxu/npp/test/unit/nppi/nppi_geometry_transforms/test_nppi_copyConstBorder.cpp:67&#x0A;Expected equality of these values:&#x0A;  dstData[dstIdx]&#x0A;    Which is: 0&#x0A;  borderValue&#x0A;    Which is: -0.5&#x0A;Border value mismatch at (13,17)&#x0A;" type=""><![CDATA[/home/cjxu/npp/test/unit/nppi/nppi_geometry_transforms/test_nppi_copyConstBorder.cpp:67
Expected equality of these values:
  dstData[dstIdx]
    Which is: 0
  borderValue
    Which is: -0.5
Border value mismatch at (13,17)
]]></failure>
      <failure message="/home/cjxu/npp/test/unit/nppi/nppi_geometry_transforms/test_nppi_copyConstBorder.cpp:67&#x0A;Expected equality of these values:&#x0A;  dstData[dstIdx]&#x0A;    Which is: 0&#x0A;  borderValue&#x0A;    Which is: -0.5&#x0A;Border value mismatch at (14,17)&#x0A;" type=""><![CDATA[/home/cjxu/npp/test/unit/nppi/nppi_geometry_transforms/test_nppi_copyConstBorder.cpp:67
Expected equality of these values:
  dstData[dstIdx]
    Which is: 0
  borderValue
    Which is: -0.5
Border value mismatch at (14,17)
]]></failure>
      <failure message="/home/cjxu/npp/test/unit/nppi/nppi_geometry_transforms/test_nppi_copyConstBorder.cpp:67&#x0A;Expected equality of these values:&#x0A;  dstData[dstIdx]&#x0A;    Which is: 0&#x0A;  borderValue&#x0A;    Which is: -0.5&#x0A;Border value mismatch at (15,17)&#x0A;" type=""><![CDATA[/home/cjxu/npp/test/unit/nppi/nppi_geometry_transforms/test_nppi_copyConstBorder.cpp:67
Expected equality of these values:
  dstData[dstIdx]
    Which is: 0
  borderValue
    Which is: -0.5
Border value mismatch at (15,17)
]]></failure>
      <failure message="/home/cjxu/npp/test/unit/nppi/nppi_geometry_transforms/test_nppi_copyConstBorder.cpp:67&#x0A;Expected equality of these values:&#x0A;  dstData[dstIdx]&#x0A;    Which is: 0&#x0A;  borderValue&#x0A;    Which is: -0.5&#x0A;Border value mismatch at (16,17)&#x0A;" type=""><![CDATA[/home/cjxu/npp/test/unit/nppi/nppi_geometry_transforms/test_nppi_copyConstBorder.cpp:67
Expected equality of these values:
  dstData[dstIdx]
    Which is: 0
  borderValue
    Which is: -0.5
Border value mismatch at (16,17)
]]></failure>
      <failure message="/home/cjxu/npp/test/unit/nppi/nppi_geometry_transforms/test_nppi_copyConstBorder.cpp:67&#x0A;Expected equality of these values:&#x0A;  dstData[dstIdx]&#x0A;    Which is: 0&#x0A;  borderValue&#x0A;    Which is: -0.5&#x0A;Border value mismatch at (17,17)&#x0A;" type=""><![CDATA[/home/cjxu/npp/test/unit/nppi/nppi_geometry_transforms/test_nppi_copyConstBorder.cpp:67
Expected equality of these values:
  dstData[dstIdx]
    Which is: 0
  borderValue
    Which is: -0.5
Border value mismatch at (17,17)
]]></failure>
      <failure message="/home/cjxu/npp/test/unit/nppi/nppi_geometry_transforms/test_nppi_copyConstBorder.cpp:67&#x0A;Expected equality of these values:&#x0A;  dstData[dstIdx]&#x0A;    Which is: 0&#x0A;  borderValue&#x0A;    Which is: -0.5&#x0A;Border value mismatch at (18,17)&#x0A;" type=""><![CDATA[/home/cjxu/npp/test/unit/nppi/nppi_geometry_transforms/test_nppi_copyConstBorder.cpp:67
Expected equality of these values:
  dstData[dstIdx]
    Which is: 0
  borderValue
    Which is: -0.5
Border value mismatch at (18,17)
]]></failure>
      <failure message="/home/cjxu/npp/test/unit/nppi/nppi_geometry_transforms/test_nppi_copyConstBorder.cpp:67&#x0A;Expected equality of these values:&#x0A;  dstData[dstIdx]&#x0A;    Which is: 0&#x0A;  borderValue&#x0A;    Which is: -0.5&#x0A;Border value mismatch at (19,17)&#x0A;" type=""><![CDATA[/home/cjxu/npp/test/unit/nppi/nppi_geometry_transforms/test_nppi_copyConstBorder.cpp:67
Expected equality of these values:
  dstData[dstIdx]
    Which is: 0
  borderValue
    Which is: -0.5
Border value mismatch at (19,17)
]]></failure>
      <failure message="/home/cjxu/npp/test/unit/nppi/nppi_geometry_transforms/test_nppi_copyConstBorder.cpp:67&#x0A;Expected equality of these values:&#x0A;  dstData[dstIdx]&#x0A;    Which is: 0&#x0A;  borderValue&#x0A;    Which is: -0.5&#x0A;Border value mismatch at (20,17)&#x0A;" type=""><![CDATA[/home/cjxu/npp/test/unit/nppi/nppi_geometry_transforms/test_nppi_copyConstBorder.cpp:67
Expected equality of these values:
  dstData[dstIdx]
    Which is: 0
  borderValue
    Which is: -0.5
Border value mismatch at (20,17)
]]></failure>
      <failure message="/home/cjxu/npp/test/unit/nppi/nppi_geometry_transforms/test_nppi_copyConstBorder.cpp:67&#x0A;Expected equality of these values:&#x0A;  dstData[dstIdx]&#x0A;    Which is: 0&#x0A;  borderValue&#x0A;    Which is: -0.5&#x0A;Border value mismatch at (21,17)&#x0A;" type=""><![CDATA[/home/cjxu/npp/test/unit/nppi/nppi_geometry_transforms/test_nppi_copyConstBorder.cpp:67
Expected equality of these values:
  dstData[dstIdx]
    Which is: 0
  borderValue
    Which is: -0.5
Border value mismatch at (21,17)
]]></failure>
      <failure message="/home/cjxu/npp/test/unit/nppi/nppi_geometry_transforms/test_nppi_copyConstBorder.cpp:67&#x0A;Expected equality of these values:&#x0A;  dstData[dstIdx]&#x0A;    Which is: 0&#x0A;  borderValue&#x0A;    Which is: -0.5&#x0A;Border value mismatch at (22,17)&#x0A;" type=""><![CDATA[/home/cjxu/npp/test/unit/nppi/nppi_geometry_transforms/test_nppi_copyConstBorder.cpp:67
Expected equality of these values:
  dstData[dstIdx]
    Which is: 0
  borderValue
    Which is: -0.5
Border value mismatch at (22,17)
]]></failure>
      <failure message="/home/cjxu/npp/test/unit/nppi/nppi_geometry_transforms/test_nppi_copyConstBorder.cpp:67&#x0A;Expected equality of these values:&#x0A;  dstData[dstIdx]&#x0A;    Which is: 0&#x0A;  borderValue&#x0A;    Which is: -0.5&#x0A;Border value mismatch at (23,17)&#x0A;" type=""><![CDATA[/home/cjxu/npp/test/unit/nppi/nppi_geometry_transforms/test_nppi_copyConstBorder.cpp:67
Expected equality of these values:
  dstData[dstIdx]
    Which is: 0
  borderValue
    Which is: -0.5
Border value mismatch at (23,17)
]]></failure>
      <failure message="/home/cjxu/npp/test/unit/nppi/nppi_geometry_transforms/test_nppi_copyConstBorder.cpp:67&#x0A;Expected equality of these values:&#x0A;  dstData[dstIdx]&#x0A;    Which is: 0&#x0A;  borderValue&#x0A;    Which is: -0.5&#x0A;Border value mismatch at (0,18)&#x0A;" type=""><![CDATA[/home/cjxu/npp/test/unit/nppi/nppi_geometry_transforms/test_nppi_copyConstBorder.cpp:67
Expected equality of these values:
  dstData[dstIdx]
    Which is: 0
  borderValue
    Which is: -0.5
Border value mismatch at (0,18)
]]></failure>
      <failure message="/home/cjxu/npp/test/unit/nppi/nppi_geometry_transforms/test_nppi_copyConstBorder.cpp:67&#x0A;Expected equality of these values:&#x0A;  dstData[dstIdx]&#x0A;    Which is: 0&#x0A;  borderValue&#x0A;    Which is: -0.5&#x0A;Border value mismatch at (1,18)&#x0A;" type=""><![CDATA[/home/cjxu/npp/test/unit/nppi/nppi_geometry_transforms/test_nppi_copyConstBorder.cpp:67
Expected equality of these values:
  dstData[dstIdx]
    Which is: 0
  borderValue
    Which is: -0.5
Border value mismatch at (1,18)
]]></failure>
      <failure message="/home/cjxu/npp/test/unit/nppi/nppi_geometry_transforms/test_nppi_copyConstBorder.cpp:67&#x0A;Expected equality of these values:&#x0A;  dstData[dstIdx]&#x0A;    Which is: 0&#x0A;  borderValue&#x0A;    Which is: -0.5&#x0A;Border value mismatch at (2,18)&#x0A;" type=""><![CDATA[/home/cjxu/npp/test/unit/nppi/nppi_geometry_transforms/test_nppi_copyConstBorder.cpp:67
Expected equality of these values:
  dstData[dstIdx]
    Which is: 0
  borderValue
    Which is: -0.5
Border value mismatch at (2,18)
]]></failure>
      <failure message="/home/cjxu/npp/test/unit/nppi/nppi_geometry_transforms/test_nppi_copyConstBorder.cpp:67&#x0A;Expected equality of these values:&#x0A;  dstData[dstIdx]&#x0A;    Which is: 0&#x0A;  borderValue&#x0A;    Which is: -0.5&#x0A;Border value mismatch at (3,18)&#x0A;" type=""><![CDATA[/home/cjxu/npp/test/unit/nppi/nppi_geometry_transforms/test_nppi_copyConstBorder.cpp:67
Expected equality of these values:
  dstData[dstIdx]
    Which is: 0
  borderValue
    Which is: -0.5
Border value mismatch at (3,18)
]]></failure>
      <failure message="/home/cjxu/npp/test/unit/nppi/nppi_geometry_transforms/test_nppi_copyConstBorder.cpp:67&#x0A;Expected equality of these values:&#x0A;  dstData[dstIdx]&#x0A;    Which is: 0&#x0A;  borderValue&#x0A;    Which is: -0.5&#x0A;Border value mismatch at (4,18)&#x0A;" type=""><![CDATA[/home/cjxu/npp/test/unit/nppi/nppi_geometry_transforms/test_nppi_copyConstBorder.cpp:67
Expected equality of these values:
  dstData[dstIdx]
    Which is: 0
  borderValue
    Which is: -0.5
Border value mismatch at (4,18)
]]></failure>
      <failure message="/home/cjxu/npp/test/unit/nppi/nppi_geometry_transforms/test_nppi_copyConstBorder.cpp:67&#x0A;Expected equality of these values:&#x0A;  dstData[dstIdx]&#x0A;    Which is: 0&#x0A;  borderValue&#x0A;    Which is: -0.5&#x0A;Border value mismatch at (5,18)&#x0A;" type=""><![CDATA[/home/cjxu/npp/test/unit/nppi/nppi_geometry_transforms/test_nppi_copyConstBorder.cpp:67
Expected equality of these values:
  dstData[dstIdx]
    Which is: 0
  borderValue
    Which is: -0.5
Border value mismatch at (5,18)
]]></failure>
      <failure message="/home/cjxu/npp/test/unit/nppi/nppi_geometry_transforms/test_nppi_copyConstBorder.cpp:67&#x0A;Expected equality of these values:&#x0A;  dstData[dstIdx]&#x0A;    Which is: 0&#x0A;  borderValue&#x0A;    Which is: -0.5&#x0A;Border value mismatch at (6,18)&#x0A;" type=""><![CDATA[/home/cjxu/npp/test/unit/nppi/nppi_geometry_transforms/test_nppi_copyConstBorder.cpp:67
Expected equality of these values:
  dstData[dstIdx]
    Which is: 0
  borderValue
    Which is: -0.5
Border value mismatch at (6,18)
]]></failure>
      <failure message="/home/cjxu/npp/test/unit/nppi/nppi_geometry_transforms/test_nppi_copyConstBorder.cpp:67&#x0A;Expected equality of these values:&#x0A;  dstData[dstIdx]&#x0A;    Which is: 0&#x0A;  borderValue&#x0A;    Which is: -0.5&#x0A;Border value mismatch at (7,18)&#x0A;" type=""><![CDATA[/home/cjxu/npp/test/unit/nppi/nppi_geometry_transforms/test_nppi_copyConstBorder.cpp:67
Expected equality of these values:
  dstData[dstIdx]
    Which is: 0
  borderValue
    Which is: -0.5
Border value mismatch at (7,18)
]]></failure>
      <failure message="/home/cjxu/npp/test/unit/nppi/nppi_geometry_transforms/test_nppi_copyConstBorder.cpp:67&#x0A;Expected equality of these values:&#x0A;  dstData[dstIdx]&#x0A;    Which is: 0&#x0A;  borderValue&#x0A;    Which is: -0.5&#x0A;Border value mismatch at (8,18)&#x0A;" type=""><![CDATA[/home/cjxu/npp/test/unit/nppi/nppi_geometry_transforms/test_nppi_copyConstBorder.cpp:67
Expected equality of these values:
  dstData[dstIdx]
    Which is: 0
  borderValue
    Which is: -0.5
Border value mismatch at (8,18)
]]></failure>
      <failure message="/home/cjxu/npp/test/unit/nppi/nppi_geometry_transforms/test_nppi_copyConstBorder.cpp:67&#x0A;Expected equality of these values:&#x0A;  dstData[dstIdx]&#x0A;    Which is: 0&#x0A;  borderValue&#x0A;    Which is: -0.5&#x0A;Border value mismatch at (9,18)&#x0A;" type=""><![CDATA[/home/cjxu/npp/test/unit/nppi/nppi_geometry_transforms/test_nppi_copyConstBorder.cpp:67
Expected equality of these values:
  dstData[dstIdx]
    Which is: 0
  borderValue
    Which is: -0.5
Border value mismatch at (9,18)
]]></failure>
      <failure message="/home/cjxu/npp/test/unit/nppi/nppi_geometry_transforms/test_nppi_copyConstBorder.cpp:67&#x0A;Expected equality of these values:&#x0A;  dstData[dstIdx]&#x0A;    Which is: 0&#x0A;  borderValue&#x0A;    Which is: -0.5&#x0A;Border value mismatch at (10,18)&#x0A;" type=""><![CDATA[/home/cjxu/npp/test/unit/nppi/nppi_geometry_transforms/test_nppi_copyConstBorder.cpp:67
Expected equality of these values:
  dstData[dstIdx]
    Which is: 0
  borderValue
    Which is: -0.5
Border value mismatch at (10,18)
]]></failure>
      <failure message="/home/cjxu/npp/test/unit/nppi/nppi_geometry_transforms/test_nppi_copyConstBorder.cpp:67&#x0A;Expected equality of these values:&#x0A;  dstData[dstIdx]&#x0A;    Which is: 0&#x0A;  borderValue&#x0A;    Which is: -0.5&#x0A;Border value mismatch at (11,18)&#x0A;" type=""><![CDATA[/home/cjxu/npp/test/unit/nppi/nppi_geometry_transforms/test_nppi_copyConstBorder.cpp:67
Expected equality of these values:
  dstData[dstIdx]
    Which is: 0
  borderValue
    Which is: -0.5
Border value mismatch at (11,18)
]]></failure>
      <failure message="/home/cjxu/npp/test/unit/nppi/nppi_geometry_transforms/test_nppi_copyConstBorder.cpp:67&#x0A;Expected equality of these values:&#x0A;  dstData[dstIdx]&#x0A;    Which is: 0&#x0A;  borderValue&#x0A;    Which is: -0.5&#x0A;Border value mismatch at (12,18)&#x0A;" type=""><![CDATA[/home/cjxu/npp/test/unit/nppi/nppi_geometry_transforms/test_nppi_copyConstBorder.cpp:67
Expected equality of these values:
  dstData[dstIdx]
    Which is: 0
  borderValue
    Which is: -0.5
Border value mismatch at (12,18)
]]></failure>
      <failure message="/home/cjxu/npp/test/unit/nppi/nppi_geometry_transforms/test_nppi_copyConstBorder.cpp:67&#x0A;Expected equality of these values:&#x0A;  dstData[dstIdx]&#x0A;    Which is: 0&#x0A;  borderValue&#x0A;    Which is: -0.5&#x0A;Border value mismatch at (13,18)&#x0A;" type=""><![CDATA[/home/cjxu/npp/test/unit/nppi/nppi_geometry_transforms/test_nppi_copyConstBorder.cpp:67
Expected equality of these values:
  dstData[dstIdx]
    Which is: 0
  borderValue
    Which is: -0.5
Border value mismatch at (13,18)
]]></failure>
      <failure message="/home/cjxu/npp/test/unit/nppi/nppi_geometry_transforms/test_nppi_copyConstBorder.cpp:67&#x0A;Expected equality of these values:&#x0A;  dstData[dstIdx]&#x0A;    Which is: 0&#x0A;  borderValue&#x0A;    Which is: -0.5&#x0A;Border value mismatch at (14,18)&#x0A;" type=""><![CDATA[/home/cjxu/npp/test/unit/nppi/nppi_geometry_transforms/test_nppi_copyConstBorder.cpp:67
Expected equality of these values:
  dstData[dstIdx]
    Which is: 0
  borderValue
    Which is: -0.5
Border value mismatch at (14,18)
]]></failure>
      <failure message="/home/cjxu/npp/test/unit/nppi/nppi_geometry_transforms/test_nppi_copyConstBorder.cpp:67&#x0A;Expected equality of these values:&#x0A;  dstData[dstIdx]&#x0A;    Which is: 0&#x0A;  borderValue&#x0A;    Which is: -0.5&#x0A;Border value mismatch at (15,18)&#x0A;" type=""><![CDATA[/home/cjxu/npp/test/unit/nppi/nppi_geometry_transforms/test_nppi_copyConstBorder.cpp:67
Expected equality of these values:
  dstData[dstIdx]
    Which is: 0
  borderValue
    Which is: -0.5
Border value mismatch at (15,18)
]]></failure>
      <failure message="/home/cjxu/npp/test/unit/nppi/nppi_geometry_transforms/test_nppi_copyConstBorder.cpp:67&#x0A;Expected equality of these values:&#x0A;  dstData[dstIdx]&#x0A;    Which is: 0&#x0A;  borderValue&#x0A;    Which is: -0.5&#x0A;Border value mismatch at (16,18)&#x0A;" type=""><![CDATA[/home/cjxu/npp/test/unit/nppi/nppi_geometry_transforms/test_nppi_copyConstBorder.cpp:67
Expected equality of these values:
  dstData[dstIdx]
    Which is: 0
  borderValue
    Which is: -0.5
Border value mismatch at (16,18)
]]></failure>
      <failure message="/home/cjxu/npp/test/unit/nppi/nppi_geometry_transforms/test_nppi_copyConstBorder.cpp:67&#x0A;Expected equality of these values:&#x0A;  dstData[dstIdx]&#x0A;    Which is: 0&#x0A;  borderValue&#x0A;    Which is: -0.5&#x0A;Border value mismatch at (17,18)&#x0A;" type=""><![CDATA[/home/cjxu/npp/test/unit/nppi/nppi_geometry_transforms/test_nppi_copyConstBorder.cpp:67
Expected equality of these values:
  dstData[dstIdx]
    Which is: 0
  borderValue
    Which is: -0.5
Border value mismatch at (17,18)
]]></failure>
      <failure message="/home/cjxu/npp/test/unit/nppi/nppi_geometry_transforms/test_nppi_copyConstBorder.cpp:67&#x0A;Expected equality of these values:&#x0A;  dstData[dstIdx]&#x0A;    Which is: 0&#x0A;  borderValue&#x0A;    Which is: -0.5&#x0A;Border value mismatch at (18,18)&#x0A;" type=""><![CDATA[/home/cjxu/npp/test/unit/nppi/nppi_geometry_transforms/test_nppi_copyConstBorder.cpp:67
Expected equality of these values:
  dstData[dstIdx]
    Which is: 0
  borderValue
    Which is: -0.5
Border value mismatch at (18,18)
]]></failure>
      <failure message="/home/cjxu/npp/test/unit/nppi/nppi_geometry_transforms/test_nppi_copyConstBorder.cpp:67&#x0A;Expected equality of these values:&#x0A;  dstData[dstIdx]&#x0A;    Which is: 0&#x0A;  borderValue&#x0A;    Which is: -0.5&#x0A;Border value mismatch at (19,18)&#x0A;" type=""><![CDATA[/home/cjxu/npp/test/unit/nppi/nppi_geometry_transforms/test_nppi_copyConstBorder.cpp:67
Expected equality of these values:
  dstData[dstIdx]
    Which is: 0
  borderValue
    Which is: -0.5
Border value mismatch at (19,18)
]]></failure>
      <failure message="/home/cjxu/npp/test/unit/nppi/nppi_geometry_transforms/test_nppi_copyConstBorder.cpp:67&#x0A;Expected equality of these values:&#x0A;  dstData[dstIdx]&#x0A;    Which is: 0&#x0A;  borderValue&#x0A;    Which is: -0.5&#x0A;Border value mismatch at (20,18)&#x0A;" type=""><![CDATA[/home/cjxu/npp/test/unit/nppi/nppi_geometry_transforms/test_nppi_copyConstBorder.cpp:67
Expected equality of these values:
  dstData[dstIdx]
    Which is: 0
  borderValue
    Which is: -0.5
Border value mismatch at (20,18)
]]></failure>
      <failure message="/home/cjxu/npp/test/unit/nppi/nppi_geometry_transforms/test_nppi_copyConstBorder.cpp:67&#x0A;Expected equality of these values:&#x0A;  dstData[dstIdx]&#x0A;    Which is: 0&#x0A;  borderValue&#x0A;    Which is: -0.5&#x0A;Border value mismatch at (21,18)&#x0A;" type=""><![CDATA[/home/cjxu/npp/test/unit/nppi/nppi_geometry_transforms/test_nppi_copyConstBorder.cpp:67
Expected equality of these values:
  dstData[dstIdx]
    Which is: 0
  borderValue
    Which is: -0.5
Border value mismatch at (21,18)
]]></failure>
      <failure message="/home/cjxu/npp/test/unit/nppi/nppi_geometry_transforms/test_nppi_copyConstBorder.cpp:67&#x0A;Expected equality of these values:&#x0A;  dstData[dstIdx]&#x0A;    Which is: 0&#x0A;  borderValue&#x0A;    Which is: -0.5&#x0A;Border value mismatch at (22,18)&#x0A;" type=""><![CDATA[/home/cjxu/npp/test/unit/nppi/nppi_geometry_transforms/test_nppi_copyConstBorder.cpp:67
Expected equality of these values:
  dstData[dstIdx]
    Which is: 0
  borderValue
    Which is: -0.5
Border value mismatch at (22,18)
]]></failure>
      <failure message="/home/cjxu/npp/test/unit/nppi/nppi_geometry_transforms/test_nppi_copyConstBorder.cpp:67&#x0A;Expected equality of these values:&#x0A;  dstData[dstIdx]&#x0A;    Which is: 0&#x0A;  borderValue&#x0A;    Which is: -0.5&#x0A;Border value mismatch at (23,18)&#x0A;" type=""><![CDATA[/home/cjxu/npp/test/unit/nppi/nppi_geometry_transforms/test_nppi_copyConstBorder.cpp:67
Expected equality of these values:
  dstData[dstIdx]
    Which is: 0
  borderValue
    Which is: -0.5
Border value mismatch at (23,18)
]]></failure>
      <failure message="/home/cjxu/npp/test/unit/nppi/nppi_geometry_transforms/test_nppi_copyConstBorder.cpp:67&#x0A;Expected equality of these values:&#x0A;  dstData[dstIdx]&#x0A;    Which is: 0&#x0A;  borderValue&#x0A;    Which is: -0.5&#x0A;Border value mismatch at (0,19)&#x0A;" type=""><![CDATA[/home/cjxu/npp/test/unit/nppi/nppi_geometry_transforms/test_nppi_copyConstBorder.cpp:67
Expected equality of these values:
  dstData[dstIdx]
    Which is: 0
  borderValue
    Which is: -0.5
Border value mismatch at (0,19)
]]></failure>
      <failure message="/home/cjxu/npp/test/unit/nppi/nppi_geometry_transforms/test_nppi_copyConstBorder.cpp:67&#x0A;Expected equality of these values:&#x0A;  dstData[dstIdx]&#x0A;    Which is: 0&#x0A;  borderValue&#x0A;    Which is: -0.5&#x0A;Border value mismatch at (1,19)&#x0A;" type=""><![CDATA[/home/cjxu/npp/test/unit/nppi/nppi_geometry_transforms/test_nppi_copyConstBorder.cpp:67
Expected equality of these values:
  dstData[dstIdx]
    Which is: 0
  borderValue
    Which is: -0.5
Border value mismatch at (1,19)
]]></failure>
      <failure message="/home/cjxu/npp/test/unit/nppi/nppi_geometry_transforms/test_nppi_copyConstBorder.cpp:67&#x0A;Expected equality of these values:&#x0A;  dstData[dstIdx]&#x0A;    Which is: 0&#x0A;  borderValue&#x0A;    Which is: -0.5&#x0A;Border value mismatch at (2,19)&#x0A;" type=""><![CDATA[/home/cjxu/npp/test/unit/nppi/nppi_geometry_transforms/test_nppi_copyConstBorder.cpp:67
Expected equality of these values:
  dstData[dstIdx]
    Which is: 0
  borderValue
    Which is: -0.5
Border value mismatch at (2,19)
]]></failure>
      <failure message="/home/cjxu/npp/test/unit/nppi/nppi_geometry_transforms/test_nppi_copyConstBorder.cpp:67&#x0A;Expected equality of these values:&#x0A;  dstData[dstIdx]&#x0A;    Which is: 0&#x0A;  borderValue&#x0A;    Which is: -0.5&#x0A;Border value mismatch at (3,19)&#x0A;" type=""><![CDATA[/home/cjxu/npp/test/unit/nppi/nppi_geometry_transforms/test_nppi_copyConstBorder.cpp:67
Expected equality of these values:
  dstData[dstIdx]
    Which is: 0
  borderValue
    Which is: -0.5
Border value mismatch at (3,19)
]]></failure>
      <failure message="/home/cjxu/npp/test/unit/nppi/nppi_geometry_transforms/test_nppi_copyConstBorder.cpp:67&#x0A;Expected equality of these values:&#x0A;  dstData[dstIdx]&#x0A;    Which is: 0&#x0A;  borderValue&#x0A;    Which is: -0.5&#x0A;Border value mismatch at (4,19)&#x0A;" type=""><![CDATA[/home/cjxu/npp/test/unit/nppi/nppi_geometry_transforms/test_nppi_copyConstBorder.cpp:67
Expected equality of these values:
  dstData[dstIdx]
    Which is: 0
  borderValue
    Which is: -0.5
Border value mismatch at (4,19)
]]></failure>
      <failure message="/home/cjxu/npp/test/unit/nppi/nppi_geometry_transforms/test_nppi_copyConstBorder.cpp:67&#x0A;Expected equality of these values:&#x0A;  dstData[dstIdx]&#x0A;    Which is: 0&#x0A;  borderValue&#x0A;    Which is: -0.5&#x0A;Border value mismatch at (5,19)&#x0A;" type=""><![CDATA[/home/cjxu/npp/test/unit/nppi/nppi_geometry_transforms/test_nppi_copyConstBorder.cpp:67
Expected equality of these values:
  dstData[dstIdx]
    Which is: 0
  borderValue
    Which is: -0.5
Border value mismatch at (5,19)
]]></failure>
      <failure message="/home/cjxu/npp/test/unit/nppi/nppi_geometry_transforms/test_nppi_copyConstBorder.cpp:67&#x0A;Expected equality of these values:&#x0A;  dstData[dstIdx]&#x0A;    Which is: 0&#x0A;  borderValue&#x0A;    Which is: -0.5&#x0A;Border value mismatch at (6,19)&#x0A;" type=""><![CDATA[/home/cjxu/npp/test/unit/nppi/nppi_geometry_transforms/test_nppi_copyConstBorder.cpp:67
Expected equality of these values:
  dstData[dstIdx]
    Which is: 0
  borderValue
    Which is: -0.5
Border value mismatch at (6,19)
]]></failure>
      <failure message="/home/cjxu/npp/test/unit/nppi/nppi_geometry_transforms/test_nppi_copyConstBorder.cpp:67&#x0A;Expected equality of these values:&#x0A;  dstData[dstIdx]&#x0A;    Which is: 0&#x0A;  borderValue&#x0A;    Which is: -0.5&#x0A;Border value mismatch at (7,19)&#x0A;" type=""><![CDATA[/home/cjxu/npp/test/unit/nppi/nppi_geometry_transforms/test_nppi_copyConstBorder.cpp:67
Expected equality of these values:
  dstData[dstIdx]
    Which is: 0
  borderValue
    Which is: -0.5
Border value mismatch at (7,19)
]]></failure>
      <failure message="/home/cjxu/npp/test/unit/nppi/nppi_geometry_transforms/test_nppi_copyConstBorder.cpp:67&#x0A;Expected equality of these values:&#x0A;  dstData[dstIdx]&#x0A;    Which is: 0&#x0A;  borderValue&#x0A;    Which is: -0.5&#x0A;Border value mismatch at (8,19)&#x0A;" type=""><![CDATA[/home/cjxu/npp/test/unit/nppi/nppi_geometry_transforms/test_nppi_copyConstBorder.cpp:67
Expected equality of these values:
  dstData[dstIdx]
    Which is: 0
  borderValue
    Which is: -0.5
Border value mismatch at (8,19)
]]></failure>
      <failure message="/home/cjxu/npp/test/unit/nppi/nppi_geometry_transforms/test_nppi_copyConstBorder.cpp:67&#x0A;Expected equality of these values:&#x0A;  dstData[dstIdx]&#x0A;    Which is: 0&#x0A;  borderValue&#x0A;    Which is: -0.5&#x0A;Border value mismatch at (9,19)&#x0A;" type=""><![CDATA[/home/cjxu/npp/test/unit/nppi/nppi_geometry_transforms/test_nppi_copyConstBorder.cpp:67
Expected equality of these values:
  dstData[dstIdx]
    Which is: 0
  borderValue
    Which is: -0.5
Border value mismatch at (9,19)
]]></failure>
      <failure message="/home/cjxu/npp/test/unit/nppi/nppi_geometry_transforms/test_nppi_copyConstBorder.cpp:67&#x0A;Expected equality of these values:&#x0A;  dstData[dstIdx]&#x0A;    Which is: 0&#x0A;  borderValue&#x0A;    Which is: -0.5&#x0A;Border value mismatch at (10,19)&#x0A;" type=""><![CDATA[/home/cjxu/npp/test/unit/nppi/nppi_geometry_transforms/test_nppi_copyConstBorder.cpp:67
Expected equality of these values:
  dstData[dstIdx]
    Which is: 0
  borderValue
    Which is: -0.5
Border value mismatch at (10,19)
]]></failure>
      <failure message="/home/cjxu/npp/test/unit/nppi/nppi_geometry_transforms/test_nppi_copyConstBorder.cpp:67&#x0A;Expected equality of these values:&#x0A;  dstData[dstIdx]&#x0A;    Which is: 0&#x0A;  borderValue&#x0A;    Which is: -0.5&#x0A;Border value mismatch at (11,19)&#x0A;" type=""><![CDATA[/home/cjxu/npp/test/unit/nppi/nppi_geometry_transforms/test_nppi_copyConstBorder.cpp:67
Expected equality of these values:
  dstData[dstIdx]
    Which is: 0
  borderValue
    Which is: -0.5
Border value mismatch at (11,19)
]]></failure>
      <failure message="/home/cjxu/npp/test/unit/nppi/nppi_geometry_transforms/test_nppi_copyConstBorder.cpp:67&#x0A;Expected equality of these values:&#x0A;  dstData[dstIdx]&#x0A;    Which is: 0&#x0A;  borderValue&#x0A;    Which is: -0.5&#x0A;Border value mismatch at (12,19)&#x0A;" type=""><![CDATA[/home/cjxu/npp/test/unit/nppi/nppi_geometry_transforms/test_nppi_copyConstBorder.cpp:67
Expected equality of these values:
  dstData[dstIdx]
    Which is: 0
  borderValue
    Which is: -0.5
Border value mismatch at (12,19)
]]></failure>
      <failure message="/home/cjxu/npp/test/unit/nppi/nppi_geometry_transforms/test_nppi_copyConstBorder.cpp:67&#x0A;Expected equality of these values:&#x0A;  dstData[dstIdx]&#x0A;    Which is: 0&#x0A;  borderValue&#x0A;    Which is: -0.5&#x0A;Border value mismatch at (13,19)&#x0A;" type=""><![CDATA[/home/cjxu/npp/test/unit/nppi/nppi_geometry_transforms/test_nppi_copyConstBorder.cpp:67
Expected equality of these values:
  dstData[dstIdx]
    Which is: 0
  borderValue
    Which is: -0.5
Border value mismatch at (13,19)
]]></failure>
      <failure message="/home/cjxu/npp/test/unit/nppi/nppi_geometry_transforms/test_nppi_copyConstBorder.cpp:67&#x0A;Expected equality of these values:&#x0A;  dstData[dstIdx]&#x0A;    Which is: 0&#x0A;  borderValue&#x0A;    Which is: -0.5&#x0A;Border value mismatch at (14,19)&#x0A;" type=""><![CDATA[/home/cjxu/npp/test/unit/nppi/nppi_geometry_transforms/test_nppi_copyConstBorder.cpp:67
Expected equality of these values:
  dstData[dstIdx]
    Which is: 0
  borderValue
    Which is: -0.5
Border value mismatch at (14,19)
]]></failure>
      <failure message="/home/cjxu/npp/test/unit/nppi/nppi_geometry_transforms/test_nppi_copyConstBorder.cpp:67&#x0A;Expected equality of these values:&#x0A;  dstData[dstIdx]&#x0A;    Which is: 0&#x0A;  borderValue&#x0A;    Which is: -0.5&#x0A;Border value mismatch at (15,19)&#x0A;" type=""><![CDATA[/home/cjxu/npp/test/unit/nppi/nppi_geometry_transforms/test_nppi_copyConstBorder.cpp:67
Expected equality of these values:
  dstData[dstIdx]
    Which is: 0
  borderValue
    Which is: -0.5
Border value mismatch at (15,19)
]]></failure>
      <failure message="/home/cjxu/npp/test/unit/nppi/nppi_geometry_transforms/test_nppi_copyConstBorder.cpp:67&#x0A;Expected equality of these values:&#x0A;  dstData[dstIdx]&#x0A;    Which is: 0&#x0A;  borderValue&#x0A;    Which is: -0.5&#x0A;Border value mismatch at (16,19)&#x0A;" type=""><![CDATA[/home/cjxu/npp/test/unit/nppi/nppi_geometry_transforms/test_nppi_copyConstBorder.cpp:67
Expected equality of these values:
  dstData[dstIdx]
    Which is: 0
  borderValue
    Which is: -0.5
Border value mismatch at (16,19)
]]></failure>
      <failure message="/home/cjxu/npp/test/unit/nppi/nppi_geometry_transforms/test_nppi_copyConstBorder.cpp:67&#x0A;Expected equality of these values:&#x0A;  dstData[dstIdx]&#x0A;    Which is: 0&#x0A;  borderValue&#x0A;    Which is: -0.5&#x0A;Border value mismatch at (17,19)&#x0A;" type=""><![CDATA[/home/cjxu/npp/test/unit/nppi/nppi_geometry_transforms/test_nppi_copyConstBorder.cpp:67
Expected equality of these values:
  dstData[dstIdx]
    Which is: 0
  borderValue
    Which is: -0.5
Border value mismatch at (17,19)
]]></failure>
      <failure message="/home/cjxu/npp/test/unit/nppi/nppi_geometry_transforms/test_nppi_copyConstBorder.cpp:67&#x0A;Expected equality of these values:&#x0A;  dstData[dstIdx]&#x0A;    Which is: 0&#x0A;  borderValue&#x0A;    Which is: -0.5&#x0A;Border value mismatch at (18,19)&#x0A;" type=""><![CDATA[/home/cjxu/npp/test/unit/nppi/nppi_geometry_transforms/test_nppi_copyConstBorder.cpp:67
Expected equality of these values:
  dstData[dstIdx]
    Which is: 0
  borderValue
    Which is: -0.5
Border value mismatch at (18,19)
]]></failure>
      <failure message="/home/cjxu/npp/test/unit/nppi/nppi_geometry_transforms/test_nppi_copyConstBorder.cpp:67&#x0A;Expected equality of these values:&#x0A;  dstData[dstIdx]&#x0A;    Which is: 0&#x0A;  borderValue&#x0A;    Which is: -0.5&#x0A;Border value mismatch at (19,19)&#x0A;" type=""><![CDATA[/home/cjxu/npp/test/unit/nppi/nppi_geometry_transforms/test_nppi_copyConstBorder.cpp:67
Expected equality of these values:
  dstData[dstIdx]
    Which is: 0
  borderValue
    Which is: -0.5
Border value mismatch at (19,19)
]]></failure>
      <failure message="/home/cjxu/npp/test/unit/nppi/nppi_geometry_transforms/test_nppi_copyConstBorder.cpp:67&#x0A;Expected equality of these values:&#x0A;  dstData[dstIdx]&#x0A;    Which is: 0&#x0A;  borderValue&#x0A;    Which is: -0.5&#x0A;Border value mismatch at (20,19)&#x0A;" type=""><![CDATA[/home/cjxu/npp/test/unit/nppi/nppi_geometry_transforms/test_nppi_copyConstBorder.cpp:67
Expected equality of these values:
  dstData[dstIdx]
    Which is: 0
  borderValue
    Which is: -0.5
Border value mismatch at (20,19)
]]></failure>
      <failure message="/home/cjxu/npp/test/unit/nppi/nppi_geometry_transforms/test_nppi_copyConstBorder.cpp:67&#x0A;Expected equality of these values:&#x0A;  dstData[dstIdx]&#x0A;    Which is: 0&#x0A;  borderValue&#x0A;    Which is: -0.5&#x0A;Border value mismatch at (21,19)&#x0A;" type=""><![CDATA[/home/cjxu/npp/test/unit/nppi/nppi_geometry_transforms/test_nppi_copyConstBorder.cpp:67
Expected equality of these values:
  dstData[dstIdx]
    Which is: 0
  borderValue
    Which is: -0.5
Border value mismatch at (21,19)
]]></failure>
      <failure message="/home/cjxu/npp/test/unit/nppi/nppi_geometry_transforms/test_nppi_copyConstBorder.cpp:67&#x0A;Expected equality of these values:&#x0A;  dstData[dstIdx]&#x0A;    Which is: 0&#x0A;  borderValue&#x0A;    Which is: -0.5&#x0A;Border value mismatch at (22,19)&#x0A;" type=""><![CDATA[/home/cjxu/npp/test/unit/nppi/nppi_geometry_transforms/test_nppi_copyConstBorder.cpp:67
Expected equality of these values:
  dstData[dstIdx]
    Which is: 0
  borderValue
    Which is: -0.5
Border value mismatch at (22,19)
]]></failure>
      <failure message="/home/cjxu/npp/test/unit/nppi/nppi_geometry_transforms/test_nppi_copyConstBorder.cpp:67&#x0A;Expected equality of these values:&#x0A;  dstData[dstIdx]&#x0A;    Which is: 0&#x0A;  borderValue&#x0A;    Which is: -0.5&#x0A;Border value mismatch at (23,19)&#x0A;" type=""><![CDATA[/home/cjxu/npp/test/unit/nppi/nppi_geometry_transforms/test_nppi_copyConstBorder.cpp:67
Expected equality of these values:
  dstData[dstIdx]
    Which is: 0
  borderValue
    Which is: -0.5
Border value mismatch at (23,19)
]]></failure>
      <failure message="/home/cjxu/npp/test/unit/nppi/nppi_geometry_transforms/test_nppi_copyConstBorder.cpp:67&#x0A;Expected equality of these values:&#x0A;  dstData[dstIdx]&#x0A;    Which is: 0&#x0A;  borderValue&#x0A;    Which is: -0.5&#x0A;Border value mismatch at (0,20)&#x0A;" type=""><![CDATA[/home/cjxu/npp/test/unit/nppi/nppi_geometry_transforms/test_nppi_copyConstBorder.cpp:67
Expected equality of these values:
  dstData[dstIdx]
    Which is: 0
  borderValue
    Which is: -0.5
Border value mismatch at (0,20)
]]></failure>
      <failure message="/home/cjxu/npp/test/unit/nppi/nppi_geometry_transforms/test_nppi_copyConstBorder.cpp:67&#x0A;Expected equality of these values:&#x0A;  dstData[dstIdx]&#x0A;    Which is: 0&#x0A;  borderValue&#x0A;    Which is: -0.5&#x0A;Border value mismatch at (1,20)&#x0A;" type=""><![CDATA[/home/cjxu/npp/test/unit/nppi/nppi_geometry_transforms/test_nppi_copyConstBorder.cpp:67
Expected equality of these values:
  dstData[dstIdx]
    Which is: 0
  borderValue
    Which is: -0.5
Border value mismatch at (1,20)
]]></failure>
      <failure message="/home/cjxu/npp/test/unit/nppi/nppi_geometry_transforms/test_nppi_copyConstBorder.cpp:67&#x0A;Expected equality of these values:&#x0A;  dstData[dstIdx]&#x0A;    Which is: 0&#x0A;  borderValue&#x0A;    Which is: -0.5&#x0A;Border value mismatch at (2,20)&#x0A;" type=""><![CDATA[/home/cjxu/npp/test/unit/nppi/nppi_geometry_transforms/test_nppi_copyConstBorder.cpp:67
Expected equality of these values:
  dstData[dstIdx]
    Which is: 0
  borderValue
    Which is: -0.5
Border value mismatch at (2,20)
]]></failure>
      <failure message="/home/cjxu/npp/test/unit/nppi/nppi_geometry_transforms/test_nppi_copyConstBorder.cpp:67&#x0A;Expected equality of these values:&#x0A;  dstData[dstIdx]&#x0A;    Which is: 0&#x0A;  borderValue&#x0A;    Which is: -0.5&#x0A;Border value mismatch at (3,20)&#x0A;" type=""><![CDATA[/home/cjxu/npp/test/unit/nppi/nppi_geometry_transforms/test_nppi_copyConstBorder.cpp:67
Expected equality of these values:
  dstData[dstIdx]
    Which is: 0
  borderValue
    Which is: -0.5
Border value mismatch at (3,20)
]]></failure>
      <failure message="/home/cjxu/npp/test/unit/nppi/nppi_geometry_transforms/test_nppi_copyConstBorder.cpp:67&#x0A;Expected equality of these values:&#x0A;  dstData[dstIdx]&#x0A;    Which is: 0&#x0A;  borderValue&#x0A;    Which is: -0.5&#x0A;Border value mismatch at (4,20)&#x0A;" type=""><![CDATA[/home/cjxu/npp/test/unit/nppi/nppi_geometry_transforms/test_nppi_copyConstBorder.cpp:67
Expected equality of these values:
  dstData[dstIdx]
    Which is: 0
  borderValue
    Which is: -0.5
Border value mismatch at (4,20)
]]></failure>
      <failure message="/home/cjxu/npp/test/unit/nppi/nppi_geometry_transforms/test_nppi_copyConstBorder.cpp:67&#x0A;Expected equality of these values:&#x0A;  dstData[dstIdx]&#x0A;    Which is: 0&#x0A;  borderValue&#x0A;    Which is: -0.5&#x0A;Border value mismatch at (5,20)&#x0A;" type=""><![CDATA[/home/cjxu/npp/test/unit/nppi/nppi_geometry_transforms/test_nppi_copyConstBorder.cpp:67
Expected equality of these values:
  dstData[dstIdx]
    Which is: 0
  borderValue
    Which is: -0.5
Border value mismatch at (5,20)
]]></failure>
      <failure message="/home/cjxu/npp/test/unit/nppi/nppi_geometry_transforms/test_nppi_copyConstBorder.cpp:67&#x0A;Expected equality of these values:&#x0A;  dstData[dstIdx]&#x0A;    Which is: 0&#x0A;  borderValue&#x0A;    Which is: -0.5&#x0A;Border value mismatch at (6,20)&#x0A;" type=""><![CDATA[/home/cjxu/npp/test/unit/nppi/nppi_geometry_transforms/test_nppi_copyConstBorder.cpp:67
Expected equality of these values:
  dstData[dstIdx]
    Which is: 0
  borderValue
    Which is: -0.5
Border value mismatch at (6,20)
]]></failure>
      <failure message="/home/cjxu/npp/test/unit/nppi/nppi_geometry_transforms/test_nppi_copyConstBorder.cpp:67&#x0A;Expected equality of these values:&#x0A;  dstData[dstIdx]&#x0A;    Which is: 0&#x0A;  borderValue&#x0A;    Which is: -0.5&#x0A;Border value mismatch at (7,20)&#x0A;" type=""><![CDATA[/home/cjxu/npp/test/unit/nppi/nppi_geometry_transforms/test_nppi_copyConstBorder.cpp:67
Expected equality of these values:
  dstData[dstIdx]
    Which is: 0
  borderValue
    Which is: -0.5
Border value mismatch at (7,20)
]]></failure>
      <failure message="/home/cjxu/npp/test/unit/nppi/nppi_geometry_transforms/test_nppi_copyConstBorder.cpp:67&#x0A;Expected equality of these values:&#x0A;  dstData[dstIdx]&#x0A;    Which is: 0&#x0A;  borderValue&#x0A;    Which is: -0.5&#x0A;Border value mismatch at (8,20)&#x0A;" type=""><![CDATA[/home/cjxu/npp/test/unit/nppi/nppi_geometry_transforms/test_nppi_copyConstBorder.cpp:67
Expected equality of these values:
  dstData[dstIdx]
    Which is: 0
  borderValue
    Which is: -0.5
Border value mismatch at (8,20)
]]></failure>
      <failure message="/home/cjxu/npp/test/unit/nppi/nppi_geometry_transforms/test_nppi_copyConstBorder.cpp:67&#x0A;Expected equality of these values:&#x0A;  dstData[dstIdx]&#x0A;    Which is: 0&#x0A;  borderValue&#x0A;    Which is: -0.5&#x0A;Border value mismatch at (9,20)&#x0A;" type=""><![CDATA[/home/cjxu/npp/test/unit/nppi/nppi_geometry_transforms/test_nppi_copyConstBorder.cpp:67
Expected equality of these values:
  dstData[dstIdx]
    Which is: 0
  borderValue
    Which is: -0.5
Border value mismatch at (9,20)
]]></failure>
      <failure message="/home/cjxu/npp/test/unit/nppi/nppi_geometry_transforms/test_nppi_copyConstBorder.cpp:67&#x0A;Expected equality of these values:&#x0A;  dstData[dstIdx]&#x0A;    Which is: 0&#x0A;  borderValue&#x0A;    Which is: -0.5&#x0A;Border value mismatch at (10,20)&#x0A;" type=""><![CDATA[/home/cjxu/npp/test/unit/nppi/nppi_geometry_transforms/test_nppi_copyConstBorder.cpp:67
Expected equality of these values:
  dstData[dstIdx]
    Which is: 0
  borderValue
    Which is: -0.5
Border value mismatch at (10,20)
]]></failure>
      <failure message="/home/cjxu/npp/test/unit/nppi/nppi_geometry_transforms/test_nppi_copyConstBorder.cpp:67&#x0A;Expected equality of these values:&#x0A;  dstData[dstIdx]&#x0A;    Which is: 0&#x0A;  borderValue&#x0A;    Which is: -0.5&#x0A;Border value mismatch at (11,20)&#x0A;" type=""><![CDATA[/home/cjxu/npp/test/unit/nppi/nppi_geometry_transforms/test_nppi_copyConstBorder.cpp:67
Expected equality of these values:
  dstData[dstIdx]
    Which is: 0
  borderValue
    Which is: -0.5
Border value mismatch at (11,20)
]]></failure>
      <failure message="/home/cjxu/npp/test/unit/nppi/nppi_geometry_transforms/test_nppi_copyConstBorder.cpp:67&#x0A;Expected equality of these values:&#x0A;  dstData[dstIdx]&#x0A;    Which is: 0&#x0A;  borderValue&#x0A;    Which is: -0.5&#x0A;Border value mismatch at (12,20)&#x0A;" type=""><![CDATA[/home/cjxu/npp/test/unit/nppi/nppi_geometry_transforms/test_nppi_copyConstBorder.cpp:67
Expected equality of these values:
  dstData[dstIdx]
    Which is: 0
  borderValue
    Which is: -0.5
Border value mismatch at (12,20)
]]></failure>
      <failure message="/home/cjxu/npp/test/unit/nppi/nppi_geometry_transforms/test_nppi_copyConstBorder.cpp:67&#x0A;Expected equality of these values:&#x0A;  dstData[dstIdx]&#x0A;    Which is: 0&#x0A;  borderValue&#x0A;    Which is: -0.5&#x0A;Border value mismatch at (13,20)&#x0A;" type=""><![CDATA[/home/cjxu/npp/test/unit/nppi/nppi_geometry_transforms/test_nppi_copyConstBorder.cpp:67
Expected equality of these values:
  dstData[dstIdx]
    Which is: 0
  borderValue
    Which is: -0.5
Border value mismatch at (13,20)
]]></failure>
      <failure message="/home/cjxu/npp/test/unit/nppi/nppi_geometry_transforms/test_nppi_copyConstBorder.cpp:67&#x0A;Expected equality of these values:&#x0A;  dstData[dstIdx]&#x0A;    Which is: 0&#x0A;  borderValue&#x0A;    Which is: -0.5&#x0A;Border value mismatch at (14,20)&#x0A;" type=""><![CDATA[/home/cjxu/npp/test/unit/nppi/nppi_geometry_transforms/test_nppi_copyConstBorder.cpp:67
Expected equality of these values:
  dstData[dstIdx]
    Which is: 0
  borderValue
    Which is: -0.5
Border value mismatch at (14,20)
]]></failure>
      <failure message="/home/cjxu/npp/test/unit/nppi/nppi_geometry_transforms/test_nppi_copyConstBorder.cpp:67&#x0A;Expected equality of these values:&#x0A;  dstData[dstIdx]&#x0A;    Which is: 0&#x0A;  borderValue&#x0A;    Which is: -0.5&#x0A;Border value mismatch at (15,20)&#x0A;" type=""><![CDATA[/home/cjxu/npp/test/unit/nppi/nppi_geometry_transforms/test_nppi_copyConstBorder.cpp:67
Expected equality of these values:
  dstData[dstIdx]
    Which is: 0
  borderValue
    Which is: -0.5
Border value mismatch at (15,20)
]]></failure>
      <failure message="/home/cjxu/npp/test/unit/nppi/nppi_geometry_transforms/test_nppi_copyConstBorder.cpp:67&#x0A;Expected equality of these values:&#x0A;  dstData[dstIdx]&#x0A;    Which is: 0&#x0A;  borderValue&#x0A;    Which is: -0.5&#x0A;Border value mismatch at (16,20)&#x0A;" type=""><![CDATA[/home/cjxu/npp/test/unit/nppi/nppi_geometry_transforms/test_nppi_copyConstBorder.cpp:67
Expected equality of these values:
  dstData[dstIdx]
    Which is: 0
  borderValue
    Which is: -0.5
Border value mismatch at (16,20)
]]></failure>
      <failure message="/home/cjxu/npp/test/unit/nppi/nppi_geometry_transforms/test_nppi_copyConstBorder.cpp:67&#x0A;Expected equality of these values:&#x0A;  dstData[dstIdx]&#x0A;    Which is: 0&#x0A;  borderValue&#x0A;    Which is: -0.5&#x0A;Border value mismatch at (17,20)&#x0A;" type=""><![CDATA[/home/cjxu/npp/test/unit/nppi/nppi_geometry_transforms/test_nppi_copyConstBorder.cpp:67
Expected equality of these values:
  dstData[dstIdx]
    Which is: 0
  borderValue
    Which is: -0.5
Border value mismatch at (17,20)
]]></failure>
      <failure message="/home/cjxu/npp/test/unit/nppi/nppi_geometry_transforms/test_nppi_copyConstBorder.cpp:67&#x0A;Expected equality of these values:&#x0A;  dstData[dstIdx]&#x0A;    Which is: 0&#x0A;  borderValue&#x0A;    Which is: -0.5&#x0A;Border value mismatch at (18,20)&#x0A;" type=""><![CDATA[/home/cjxu/npp/test/unit/nppi/nppi_geometry_transforms/test_nppi_copyConstBorder.cpp:67
Expected equality of these values:
  dstData[dstIdx]
    Which is: 0
  borderValue
    Which is: -0.5
Border value mismatch at (18,20)
]]></failure>
      <failure message="/home/cjxu/npp/test/unit/nppi/nppi_geometry_transforms/test_nppi_copyConstBorder.cpp:67&#x0A;Expected equality of these values:&#x0A;  dstData[dstIdx]&#x0A;    Which is: 0&#x0A;  borderValue&#x0A;    Which is: -0.5&#x0A;Border value mismatch at (19,20)&#x0A;" type=""><![CDATA[/home/cjxu/npp/test/unit/nppi/nppi_geometry_transforms/test_nppi_copyConstBorder.cpp:67
Expected equality of these values:
  dstData[dstIdx]
    Which is: 0
  borderValue
    Which is: -0.5
Border value mismatch at (19,20)
]]></failure>
      <failure message="/home/cjxu/npp/test/unit/nppi/nppi_geometry_transforms/test_nppi_copyConstBorder.cpp:67&#x0A;Expected equality of these values:&#x0A;  dstData[dstIdx]&#x0A;    Which is: 0&#x0A;  borderValue&#x0A;    Which is: -0.5&#x0A;Border value mismatch at (20,20)&#x0A;" type=""><![CDATA[/home/cjxu/npp/test/unit/nppi/nppi_geometry_transforms/test_nppi_copyConstBorder.cpp:67
Expected equality of these values:
  dstData[dstIdx]
    Which is: 0
  borderValue
    Which is: -0.5
Border value mismatch at (20,20)
]]></failure>
      <failure message="/home/cjxu/npp/test/unit/nppi/nppi_geometry_transforms/test_nppi_copyConstBorder.cpp:67&#x0A;Expected equality of these values:&#x0A;  dstData[dstIdx]&#x0A;    Which is: 0&#x0A;  borderValue&#x0A;    Which is: -0.5&#x0A;Border value mismatch at (21,20)&#x0A;" type=""><![CDATA[/home/cjxu/npp/test/unit/nppi/nppi_geometry_transforms/test_nppi_copyConstBorder.cpp:67
Expected equality of these values:
  dstData[dstIdx]
    Which is: 0
  borderValue
    Which is: -0.5
Border value mismatch at (21,20)
]]></failure>
      <failure message="/home/cjxu/npp/test/unit/nppi/nppi_geometry_transforms/test_nppi_copyConstBorder.cpp:67&#x0A;Expected equality of these values:&#x0A;  dstData[dstIdx]&#x0A;    Which is: 0&#x0A;  borderValue&#x0A;    Which is: -0.5&#x0A;Border value mismatch at (22,20)&#x0A;" type=""><![CDATA[/home/cjxu/npp/test/unit/nppi/nppi_geometry_transforms/test_nppi_copyConstBorder.cpp:67
Expected equality of these values:
  dstData[dstIdx]
    Which is: 0
  borderValue
    Which is: -0.5
Border value mismatch at (22,20)
]]></failure>
      <failure message="/home/cjxu/npp/test/unit/nppi/nppi_geometry_transforms/test_nppi_copyConstBorder.cpp:67&#x0A;Expected equality of these values:&#x0A;  dstData[dstIdx]&#x0A;    Which is: 0&#x0A;  borderValue&#x0A;    Which is: -0.5&#x0A;Border value mismatch at (23,20)&#x0A;" type=""><![CDATA[/home/cjxu/npp/test/unit/nppi/nppi_geometry_transforms/test_nppi_copyConstBorder.cpp:67
Expected equality of these values:
  dstData[dstIdx]
    Which is: 0
  borderValue
    Which is: -0.5
Border value mismatch at (23,20)
]]></failure>
      <failure message="/home/cjxu/npp/test/unit/nppi/nppi_geometry_transforms/test_nppi_copyConstBorder.cpp:67&#x0A;Expected equality of these values:&#x0A;  dstData[dstIdx]&#x0A;    Which is: 0&#x0A;  borderValue&#x0A;    Which is: -0.5&#x0A;Border value mismatch at (0,21)&#x0A;" type=""><![CDATA[/home/cjxu/npp/test/unit/nppi/nppi_geometry_transforms/test_nppi_copyConstBorder.cpp:67
Expected equality of these values:
  dstData[dstIdx]
    Which is: 0
  borderValue
    Which is: -0.5
Border value mismatch at (0,21)
]]></failure>
      <failure message="/home/cjxu/npp/test/unit/nppi/nppi_geometry_transforms/test_nppi_copyConstBorder.cpp:67&#x0A;Expected equality of these values:&#x0A;  dstData[dstIdx]&#x0A;    Which is: 0&#x0A;  borderValue&#x0A;    Which is: -0.5&#x0A;Border value mismatch at (1,21)&#x0A;" type=""><![CDATA[/home/cjxu/npp/test/unit/nppi/nppi_geometry_transforms/test_nppi_copyConstBorder.cpp:67
Expected equality of these values:
  dstData[dstIdx]
    Which is: 0
  borderValue
    Which is: -0.5
Border value mismatch at (1,21)
]]></failure>
      <failure message="/home/cjxu/npp/test/unit/nppi/nppi_geometry_transforms/test_nppi_copyConstBorder.cpp:67&#x0A;Expected equality of these values:&#x0A;  dstData[dstIdx]&#x0A;    Which is: 0&#x0A;  borderValue&#x0A;    Which is: -0.5&#x0A;Border value mismatch at (2,21)&#x0A;" type=""><![CDATA[/home/cjxu/npp/test/unit/nppi/nppi_geometry_transforms/test_nppi_copyConstBorder.cpp:67
Expected equality of these values:
  dstData[dstIdx]
    Which is: 0
  borderValue
    Which is: -0.5
Border value mismatch at (2,21)
]]></failure>
      <failure message="/home/cjxu/npp/test/unit/nppi/nppi_geometry_transforms/test_nppi_copyConstBorder.cpp:67&#x0A;Expected equality of these values:&#x0A;  dstData[dstIdx]&#x0A;    Which is: 0&#x0A;  borderValue&#x0A;    Which is: -0.5&#x0A;Border value mismatch at (3,21)&#x0A;" type=""><![CDATA[/home/cjxu/npp/test/unit/nppi/nppi_geometry_transforms/test_nppi_copyConstBorder.cpp:67
Expected equality of these values:
  dstData[dstIdx]
    Which is: 0
  borderValue
    Which is: -0.5
Border value mismatch at (3,21)
]]></failure>
      <failure message="/home/cjxu/npp/test/unit/nppi/nppi_geometry_transforms/test_nppi_copyConstBorder.cpp:67&#x0A;Expected equality of these values:&#x0A;  dstData[dstIdx]&#x0A;    Which is: 0&#x0A;  borderValue&#x0A;    Which is: -0.5&#x0A;Border value mismatch at (4,21)&#x0A;" type=""><![CDATA[/home/cjxu/npp/test/unit/nppi/nppi_geometry_transforms/test_nppi_copyConstBorder.cpp:67
Expected equality of these values:
  dstData[dstIdx]
    Which is: 0
  borderValue
    Which is: -0.5
Border value mismatch at (4,21)
]]></failure>
      <failure message="/home/cjxu/npp/test/unit/nppi/nppi_geometry_transforms/test_nppi_copyConstBorder.cpp:67&#x0A;Expected equality of these values:&#x0A;  dstData[dstIdx]&#x0A;    Which is: 0&#x0A;  borderValue&#x0A;    Which is: -0.5&#x0A;Border value mismatch at (5,21)&#x0A;" type=""><![CDATA[/home/cjxu/npp/test/unit/nppi/nppi_geometry_transforms/test_nppi_copyConstBorder.cpp:67
Expected equality of these values:
  dstData[dstIdx]
    Which is: 0
  borderValue
    Which is: -0.5
Border value mismatch at (5,21)
]]></failure>
      <failure message="/home/cjxu/npp/test/unit/nppi/nppi_geometry_transforms/test_nppi_copyConstBorder.cpp:67&#x0A;Expected equality of these values:&#x0A;  dstData[dstIdx]&#x0A;    Which is: 0&#x0A;  borderValue&#x0A;    Which is: -0.5&#x0A;Border value mismatch at (6,21)&#x0A;" type=""><![CDATA[/home/cjxu/npp/test/unit/nppi/nppi_geometry_transforms/test_nppi_copyConstBorder.cpp:67
Expected equality of these values:
  dstData[dstIdx]
    Which is: 0
  borderValue
    Which is: -0.5
Border value mismatch at (6,21)
]]></failure>
      <failure message="/home/cjxu/npp/test/unit/nppi/nppi_geometry_transforms/test_nppi_copyConstBorder.cpp:67&#x0A;Expected equality of these values:&#x0A;  dstData[dstIdx]&#x0A;    Which is: 0&#x0A;  borderValue&#x0A;    Which is: -0.5&#x0A;Border value mismatch at (7,21)&#x0A;" type=""><![CDATA[/home/cjxu/npp/test/unit/nppi/nppi_geometry_transforms/test_nppi_copyConstBorder.cpp:67
Expected equality of these values:
  dstData[dstIdx]
    Which is: 0
  borderValue
    Which is: -0.5
Border value mismatch at (7,21)
]]></failure>
      <failure message="/home/cjxu/npp/test/unit/nppi/nppi_geometry_transforms/test_nppi_copyConstBorder.cpp:67&#x0A;Expected equality of these values:&#x0A;  dstData[dstIdx]&#x0A;    Which is: 0&#x0A;  borderValue&#x0A;    Which is: -0.5&#x0A;Border value mismatch at (8,21)&#x0A;" type=""><![CDATA[/home/cjxu/npp/test/unit/nppi/nppi_geometry_transforms/test_nppi_copyConstBorder.cpp:67
Expected equality of these values:
  dstData[dstIdx]
    Which is: 0
  borderValue
    Which is: -0.5
Border value mismatch at (8,21)
]]></failure>
      <failure message="/home/cjxu/npp/test/unit/nppi/nppi_geometry_transforms/test_nppi_copyConstBorder.cpp:67&#x0A;Expected equality of these values:&#x0A;  dstData[dstIdx]&#x0A;    Which is: 0&#x0A;  borderValue&#x0A;    Which is: -0.5&#x0A;Border value mismatch at (9,21)&#x0A;" type=""><![CDATA[/home/cjxu/npp/test/unit/nppi/nppi_geometry_transforms/test_nppi_copyConstBorder.cpp:67
Expected equality of these values:
  dstData[dstIdx]
    Which is: 0
  borderValue
    Which is: -0.5
Border value mismatch at (9,21)
]]></failure>
      <failure message="/home/cjxu/npp/test/unit/nppi/nppi_geometry_transforms/test_nppi_copyConstBorder.cpp:67&#x0A;Expected equality of these values:&#x0A;  dstData[dstIdx]&#x0A;    Which is: 0&#x0A;  borderValue&#x0A;    Which is: -0.5&#x0A;Border value mismatch at (10,21)&#x0A;" type=""><![CDATA[/home/cjxu/npp/test/unit/nppi/nppi_geometry_transforms/test_nppi_copyConstBorder.cpp:67
Expected equality of these values:
  dstData[dstIdx]
    Which is: 0
  borderValue
    Which is: -0.5
Border value mismatch at (10,21)
]]></failure>
      <failure message="/home/cjxu/npp/test/unit/nppi/nppi_geometry_transforms/test_nppi_copyConstBorder.cpp:67&#x0A;Expected equality of these values:&#x0A;  dstData[dstIdx]&#x0A;    Which is: 0&#x0A;  borderValue&#x0A;    Which is: -0.5&#x0A;Border value mismatch at (11,21)&#x0A;" type=""><![CDATA[/home/cjxu/npp/test/unit/nppi/nppi_geometry_transforms/test_nppi_copyConstBorder.cpp:67
Expected equality of these values:
  dstData[dstIdx]
    Which is: 0
  borderValue
    Which is: -0.5
Border value mismatch at (11,21)
]]></failure>
      <failure message="/home/cjxu/npp/test/unit/nppi/nppi_geometry_transforms/test_nppi_copyConstBorder.cpp:67&#x0A;Expected equality of these values:&#x0A;  dstData[dstIdx]&#x0A;    Which is: 0&#x0A;  borderValue&#x0A;    Which is: -0.5&#x0A;Border value mismatch at (12,21)&#x0A;" type=""><![CDATA[/home/cjxu/npp/test/unit/nppi/nppi_geometry_transforms/test_nppi_copyConstBorder.cpp:67
Expected equality of these values:
  dstData[dstIdx]
    Which is: 0
  borderValue
    Which is: -0.5
Border value mismatch at (12,21)
]]></failure>
      <failure message="/home/cjxu/npp/test/unit/nppi/nppi_geometry_transforms/test_nppi_copyConstBorder.cpp:67&#x0A;Expected equality of these values:&#x0A;  dstData[dstIdx]&#x0A;    Which is: 0&#x0A;  borderValue&#x0A;    Which is: -0.5&#x0A;Border value mismatch at (13,21)&#x0A;" type=""><![CDATA[/home/cjxu/npp/test/unit/nppi/nppi_geometry_transforms/test_nppi_copyConstBorder.cpp:67
Expected equality of these values:
  dstData[dstIdx]
    Which is: 0
  borderValue
    Which is: -0.5
Border value mismatch at (13,21)
]]></failure>
      <failure message="/home/cjxu/npp/test/unit/nppi/nppi_geometry_transforms/test_nppi_copyConstBorder.cpp:67&#x0A;Expected equality of these values:&#x0A;  dstData[dstIdx]&#x0A;    Which is: 0&#x0A;  borderValue&#x0A;    Which is: -0.5&#x0A;Border value mismatch at (14,21)&#x0A;" type=""><![CDATA[/home/cjxu/npp/test/unit/nppi/nppi_geometry_transforms/test_nppi_copyConstBorder.cpp:67
Expected equality of these values:
  dstData[dstIdx]
    Which is: 0
  borderValue
    Which is: -0.5
Border value mismatch at (14,21)
]]></failure>
      <failure message="/home/cjxu/npp/test/unit/nppi/nppi_geometry_transforms/test_nppi_copyConstBorder.cpp:67&#x0A;Expected equality of these values:&#x0A;  dstData[dstIdx]&#x0A;    Which is: 0&#x0A;  borderValue&#x0A;    Which is: -0.5&#x0A;Border value mismatch at (15,21)&#x0A;" type=""><![CDATA[/home/cjxu/npp/test/unit/nppi/nppi_geometry_transforms/test_nppi_copyConstBorder.cpp:67
Expected equality of these values:
  dstData[dstIdx]
    Which is: 0
  borderValue
    Which is: -0.5
Border value mismatch at (15,21)
]]></failure>
      <failure message="/home/cjxu/npp/test/unit/nppi/nppi_geometry_transforms/test_nppi_copyConstBorder.cpp:67&#x0A;Expected equality of these values:&#x0A;  dstData[dstIdx]&#x0A;    Which is: 0&#x0A;  borderValue&#x0A;    Which is: -0.5&#x0A;Border value mismatch at (16,21)&#x0A;" type=""><![CDATA[/home/cjxu/npp/test/unit/nppi/nppi_geometry_transforms/test_nppi_copyConstBorder.cpp:67
Expected equality of these values:
  dstData[dstIdx]
    Which is: 0
  borderValue
    Which is: -0.5
Border value mismatch at (16,21)
]]></failure>
      <failure message="/home/cjxu/npp/test/unit/nppi/nppi_geometry_transforms/test_nppi_copyConstBorder.cpp:67&#x0A;Expected equality of these values:&#x0A;  dstData[dstIdx]&#x0A;    Which is: 0&#x0A;  borderValue&#x0A;    Which is: -0.5&#x0A;Border value mismatch at (17,21)&#x0A;" type=""><![CDATA[/home/cjxu/npp/test/unit/nppi/nppi_geometry_transforms/test_nppi_copyConstBorder.cpp:67
Expected equality of these values:
  dstData[dstIdx]
    Which is: 0
  borderValue
    Which is: -0.5
Border value mismatch at (17,21)
]]></failure>
      <failure message="/home/cjxu/npp/test/unit/nppi/nppi_geometry_transforms/test_nppi_copyConstBorder.cpp:67&#x0A;Expected equality of these values:&#x0A;  dstData[dstIdx]&#x0A;    Which is: 0&#x0A;  borderValue&#x0A;    Which is: -0.5&#x0A;Border value mismatch at (18,21)&#x0A;" type=""><![CDATA[/home/cjxu/npp/test/unit/nppi/nppi_geometry_transforms/test_nppi_copyConstBorder.cpp:67
Expected equality of these values:
  dstData[dstIdx]
    Which is: 0
  borderValue
    Which is: -0.5
Border value mismatch at (18,21)
]]></failure>
      <failure message="/home/cjxu/npp/test/unit/nppi/nppi_geometry_transforms/test_nppi_copyConstBorder.cpp:67&#x0A;Expected equality of these values:&#x0A;  dstData[dstIdx]&#x0A;    Which is: 0&#x0A;  borderValue&#x0A;    Which is: -0.5&#x0A;Border value mismatch at (19,21)&#x0A;" type=""><![CDATA[/home/cjxu/npp/test/unit/nppi/nppi_geometry_transforms/test_nppi_copyConstBorder.cpp:67
Expected equality of these values:
  dstData[dstIdx]
    Which is: 0
  borderValue
    Which is: -0.5
Border value mismatch at (19,21)
]]></failure>
      <failure message="/home/cjxu/npp/test/unit/nppi/nppi_geometry_transforms/test_nppi_copyConstBorder.cpp:67&#x0A;Expected equality of these values:&#x0A;  dstData[dstIdx]&#x0A;    Which is: 0&#x0A;  borderValue&#x0A;    Which is: -0.5&#x0A;Border value mismatch at (20,21)&#x0A;" type=""><![CDATA[/home/cjxu/npp/test/unit/nppi/nppi_geometry_transforms/test_nppi_copyConstBorder.cpp:67
Expected equality of these values:
  dstData[dstIdx]
    Which is: 0
  borderValue
    Which is: -0.5
Border value mismatch at (20,21)
]]></failure>
      <failure message="/home/cjxu/npp/test/unit/nppi/nppi_geometry_transforms/test_nppi_copyConstBorder.cpp:67&#x0A;Expected equality of these values:&#x0A;  dstData[dstIdx]&#x0A;    Which is: 0&#x0A;  borderValue&#x0A;    Which is: -0.5&#x0A;Border value mismatch at (21,21)&#x0A;" type=""><![CDATA[/home/cjxu/npp/test/unit/nppi/nppi_geometry_transforms/test_nppi_copyConstBorder.cpp:67
Expected equality of these values:
  dstData[dstIdx]
    Which is: 0
  borderValue
    Which is: -0.5
Border value mismatch at (21,21)
]]></failure>
      <failure message="/home/cjxu/npp/test/unit/nppi/nppi_geometry_transforms/test_nppi_copyConstBorder.cpp:67&#x0A;Expected equality of these values:&#x0A;  dstData[dstIdx]&#x0A;    Which is: 0&#x0A;  borderValue&#x0A;    Which is: -0.5&#x0A;Border value mismatch at (22,21)&#x0A;" type=""><![CDATA[/home/cjxu/npp/test/unit/nppi/nppi_geometry_transforms/test_nppi_copyConstBorder.cpp:67
Expected equality of these values:
  dstData[dstIdx]
    Which is: 0
  borderValue
    Which is: -0.5
Border value mismatch at (22,21)
]]></failure>
      <failure message="/home/cjxu/npp/test/unit/nppi/nppi_geometry_transforms/test_nppi_copyConstBorder.cpp:67&#x0A;Expected equality of these values:&#x0A;  dstData[dstIdx]&#x0A;    Which is: 0&#x0A;  borderValue&#x0A;    Which is: -0.5&#x0A;Border value mismatch at (23,21)&#x0A;" type=""><![CDATA[/home/cjxu/npp/test/unit/nppi/nppi_geometry_transforms/test_nppi_copyConstBorder.cpp:67
Expected equality of these values:
  dstData[dstIdx]
    Which is: 0
  borderValue
    Which is: -0.5
Border value mismatch at (23,21)
]]></failure>
    </testcase>
    <testcase name="CopyConstBorder_8u_C1R_Ctx" file="/home/cjxu/npp/test/unit/nppi/nppi_geometry_transforms/test_nppi_copyConstBorder.cpp" line="259" status="run" result="completed" time="0.003" timestamp="2025-09-13T22:25:51.647" classname="NPPICopyConstBorderTest">
      <failure message="/home/cjxu/npp/test/unit/nppi/nppi_geometry_transforms/test_nppi_copyConstBorder.cpp:287&#x0A;Expected equality of these values:&#x0A;  status&#x0A;    Which is: -8&#x0A;  NPP_SUCCESS&#x0A;    Which is: 0&#x0A;" type=""><![CDATA[/home/cjxu/npp/test/unit/nppi/nppi_geometry_transforms/test_nppi_copyConstBorder.cpp:287
Expected equality of these values:
  status
    Which is: -8
  NPP_SUCCESS
    Which is: 0
]]></failure>
      <failure message="/home/cjxu/npp/test/unit/nppi/nppi_geometry_transforms/test_nppi_copyConstBorder.cpp:67&#x0A;Expected equality of these values:&#x0A;  dstData[dstIdx]&#x0A;    Which is: &apos;\0&apos;&#x0A;  borderValue&#x0A;    Which is: &apos;@&apos; (64, 0x40)&#x0A;Border value mismatch at (0,0)&#x0A;" type=""><![CDATA[/home/cjxu/npp/test/unit/nppi/nppi_geometry_transforms/test_nppi_copyConstBorder.cpp:67
Expected equality of these values:
  dstData[dstIdx]
    Which is: '\0'
  borderValue
    Which is: '@' (64, 0x40)
Border value mismatch at (0,0)
]]></failure>
      <failure message="/home/cjxu/npp/test/unit/nppi/nppi_geometry_transforms/test_nppi_copyConstBorder.cpp:67&#x0A;Expected equality of these values:&#x0A;  dstData[dstIdx]&#x0A;    Which is: &apos;\0&apos;&#x0A;  borderValue&#x0A;    Which is: &apos;@&apos; (64, 0x40)&#x0A;Border value mismatch at (1,0)&#x0A;" type=""><![CDATA[/home/cjxu/npp/test/unit/nppi/nppi_geometry_transforms/test_nppi_copyConstBorder.cpp:67
Expected equality of these values:
  dstData[dstIdx]
    Which is: '\0'
  borderValue
    Which is: '@' (64, 0x40)
Border value mismatch at (1,0)
]]></failure>
      <failure message="/home/cjxu/npp/test/unit/nppi/nppi_geometry_transforms/test_nppi_copyConstBorder.cpp:67&#x0A;Expected equality of these values:&#x0A;  dstData[dstIdx]&#x0A;    Which is: &apos;\0&apos;&#x0A;  borderValue&#x0A;    Which is: &apos;@&apos; (64, 0x40)&#x0A;Border value mismatch at (2,0)&#x0A;" type=""><![CDATA[/home/cjxu/npp/test/unit/nppi/nppi_geometry_transforms/test_nppi_copyConstBorder.cpp:67
Expected equality of these values:
  dstData[dstIdx]
    Which is: '\0'
  borderValue
    Which is: '@' (64, 0x40)
Border value mismatch at (2,0)
]]></failure>
      <failure message="/home/cjxu/npp/test/unit/nppi/nppi_geometry_transforms/test_nppi_copyConstBorder.cpp:67&#x0A;Expected equality of these values:&#x0A;  dstData[dstIdx]&#x0A;    Which is: &apos;\0&apos;&#x0A;  borderValue&#x0A;    Which is: &apos;@&apos; (64, 0x40)&#x0A;Border value mismatch at (3,0)&#x0A;" type=""><![CDATA[/home/cjxu/npp/test/unit/nppi/nppi_geometry_transforms/test_nppi_copyConstBorder.cpp:67
Expected equality of these values:
  dstData[dstIdx]
    Which is: '\0'
  borderValue
    Which is: '@' (64, 0x40)
Border value mismatch at (3,0)
]]></failure>
      <failure message="/home/cjxu/npp/test/unit/nppi/nppi_geometry_transforms/test_nppi_copyConstBorder.cpp:67&#x0A;Expected equality of these values:&#x0A;  dstData[dstIdx]&#x0A;    Which is: &apos;\0&apos;&#x0A;  borderValue&#x0A;    Which is: &apos;@&apos; (64, 0x40)&#x0A;Border value mismatch at (4,0)&#x0A;" type=""><![CDATA[/home/cjxu/npp/test/unit/nppi/nppi_geometry_transforms/test_nppi_copyConstBorder.cpp:67
Expected equality of these values:
  dstData[dstIdx]
    Which is: '\0'
  borderValue
    Which is: '@' (64, 0x40)
Border value mismatch at (4,0)
]]></failure>
      <failure message="/home/cjxu/npp/test/unit/nppi/nppi_geometry_transforms/test_nppi_copyConstBorder.cpp:67&#x0A;Expected equality of these values:&#x0A;  dstData[dstIdx]&#x0A;    Which is: &apos;\0&apos;&#x0A;  borderValue&#x0A;    Which is: &apos;@&apos; (64, 0x40)&#x0A;Border value mismatch at (5,0)&#x0A;" type=""><![CDATA[/home/cjxu/npp/test/unit/nppi/nppi_geometry_transforms/test_nppi_copyConstBorder.cpp:67
Expected equality of these values:
  dstData[dstIdx]
    Which is: '\0'
  borderValue
    Which is: '@' (64, 0x40)
Border value mismatch at (5,0)
]]></failure>
      <failure message="/home/cjxu/npp/test/unit/nppi/nppi_geometry_transforms/test_nppi_copyConstBorder.cpp:67&#x0A;Expected equality of these values:&#x0A;  dstData[dstIdx]&#x0A;    Which is: &apos;\0&apos;&#x0A;  borderValue&#x0A;    Which is: &apos;@&apos; (64, 0x40)&#x0A;Border value mismatch at (6,0)&#x0A;" type=""><![CDATA[/home/cjxu/npp/test/unit/nppi/nppi_geometry_transforms/test_nppi_copyConstBorder.cpp:67
Expected equality of these values:
  dstData[dstIdx]
    Which is: '\0'
  borderValue
    Which is: '@' (64, 0x40)
Border value mismatch at (6,0)
]]></failure>
      <failure message="/home/cjxu/npp/test/unit/nppi/nppi_geometry_transforms/test_nppi_copyConstBorder.cpp:67&#x0A;Expected equality of these values:&#x0A;  dstData[dstIdx]&#x0A;    Which is: &apos;\0&apos;&#x0A;  borderValue&#x0A;    Which is: &apos;@&apos; (64, 0x40)&#x0A;Border value mismatch at (7,0)&#x0A;" type=""><![CDATA[/home/cjxu/npp/test/unit/nppi/nppi_geometry_transforms/test_nppi_copyConstBorder.cpp:67
Expected equality of these values:
  dstData[dstIdx]
    Which is: '\0'
  borderValue
    Which is: '@' (64, 0x40)
Border value mismatch at (7,0)
]]></failure>
      <failure message="/home/cjxu/npp/test/unit/nppi/nppi_geometry_transforms/test_nppi_copyConstBorder.cpp:67&#x0A;Expected equality of these values:&#x0A;  dstData[dstIdx]&#x0A;    Which is: &apos;\0&apos;&#x0A;  borderValue&#x0A;    Which is: &apos;@&apos; (64, 0x40)&#x0A;Border value mismatch at (8,0)&#x0A;" type=""><![CDATA[/home/cjxu/npp/test/unit/nppi/nppi_geometry_transforms/test_nppi_copyConstBorder.cpp:67
Expected equality of these values:
  dstData[dstIdx]
    Which is: '\0'
  borderValue
    Which is: '@' (64, 0x40)
Border value mismatch at (8,0)
]]></failure>
      <failure message="/home/cjxu/npp/test/unit/nppi/nppi_geometry_transforms/test_nppi_copyConstBorder.cpp:67&#x0A;Expected equality of these values:&#x0A;  dstData[dstIdx]&#x0A;    Which is: &apos;\0&apos;&#x0A;  borderValue&#x0A;    Which is: &apos;@&apos; (64, 0x40)&#x0A;Border value mismatch at (9,0)&#x0A;" type=""><![CDATA[/home/cjxu/npp/test/unit/nppi/nppi_geometry_transforms/test_nppi_copyConstBorder.cpp:67
Expected equality of these values:
  dstData[dstIdx]
    Which is: '\0'
  borderValue
    Which is: '@' (64, 0x40)
Border value mismatch at (9,0)
]]></failure>
      <failure message="/home/cjxu/npp/test/unit/nppi/nppi_geometry_transforms/test_nppi_copyConstBorder.cpp:67&#x0A;Expected equality of these values:&#x0A;  dstData[dstIdx]&#x0A;    Which is: &apos;\0&apos;&#x0A;  borderValue&#x0A;    Which is: &apos;@&apos; (64, 0x40)&#x0A;Border value mismatch at (10,0)&#x0A;" type=""><![CDATA[/home/cjxu/npp/test/unit/nppi/nppi_geometry_transforms/test_nppi_copyConstBorder.cpp:67
Expected equality of these values:
  dstData[dstIdx]
    Which is: '\0'
  borderValue
    Which is: '@' (64, 0x40)
Border value mismatch at (10,0)
]]></failure>
      <failure message="/home/cjxu/npp/test/unit/nppi/nppi_geometry_transforms/test_nppi_copyConstBorder.cpp:67&#x0A;Expected equality of these values:&#x0A;  dstData[dstIdx]&#x0A;    Which is: &apos;\0&apos;&#x0A;  borderValue&#x0A;    Which is: &apos;@&apos; (64, 0x40)&#x0A;Border value mismatch at (11,0)&#x0A;" type=""><![CDATA[/home/cjxu/npp/test/unit/nppi/nppi_geometry_transforms/test_nppi_copyConstBorder.cpp:67
Expected equality of these values:
  dstData[dstIdx]
    Which is: '\0'
  borderValue
    Which is: '@' (64, 0x40)
Border value mismatch at (11,0)
]]></failure>
      <failure message="/home/cjxu/npp/test/unit/nppi/nppi_geometry_transforms/test_nppi_copyConstBorder.cpp:67&#x0A;Expected equality of these values:&#x0A;  dstData[dstIdx]&#x0A;    Which is: &apos;\0&apos;&#x0A;  borderValue&#x0A;    Which is: &apos;@&apos; (64, 0x40)&#x0A;Border value mismatch at (12,0)&#x0A;" type=""><![CDATA[/home/cjxu/npp/test/unit/nppi/nppi_geometry_transforms/test_nppi_copyConstBorder.cpp:67
Expected equality of these values:
  dstData[dstIdx]
    Which is: '\0'
  borderValue
    Which is: '@' (64, 0x40)
Border value mismatch at (12,0)
]]></failure>
      <failure message="/home/cjxu/npp/test/unit/nppi/nppi_geometry_transforms/test_nppi_copyConstBorder.cpp:67&#x0A;Expected equality of these values:&#x0A;  dstData[dstIdx]&#x0A;    Which is: &apos;\0&apos;&#x0A;  borderValue&#x0A;    Which is: &apos;@&apos; (64, 0x40)&#x0A;Border value mismatch at (13,0)&#x0A;" type=""><![CDATA[/home/cjxu/npp/test/unit/nppi/nppi_geometry_transforms/test_nppi_copyConstBorder.cpp:67
Expected equality of these values:
  dstData[dstIdx]
    Which is: '\0'
  borderValue
    Which is: '@' (64, 0x40)
Border value mismatch at (13,0)
]]></failure>
      <failure message="/home/cjxu/npp/test/unit/nppi/nppi_geometry_transforms/test_nppi_copyConstBorder.cpp:67&#x0A;Expected equality of these values:&#x0A;  dstData[dstIdx]&#x0A;    Which is: &apos;\0&apos;&#x0A;  borderValue&#x0A;    Which is: &apos;@&apos; (64, 0x40)&#x0A;Border value mismatch at (14,0)&#x0A;" type=""><![CDATA[/home/cjxu/npp/test/unit/nppi/nppi_geometry_transforms/test_nppi_copyConstBorder.cpp:67
Expected equality of these values:
  dstData[dstIdx]
    Which is: '\0'
  borderValue
    Which is: '@' (64, 0x40)
Border value mismatch at (14,0)
]]></failure>
      <failure message="/home/cjxu/npp/test/unit/nppi/nppi_geometry_transforms/test_nppi_copyConstBorder.cpp:67&#x0A;Expected equality of these values:&#x0A;  dstData[dstIdx]&#x0A;    Which is: &apos;\0&apos;&#x0A;  borderValue&#x0A;    Which is: &apos;@&apos; (64, 0x40)&#x0A;Border value mismatch at (15,0)&#x0A;" type=""><![CDATA[/home/cjxu/npp/test/unit/nppi/nppi_geometry_transforms/test_nppi_copyConstBorder.cpp:67
Expected equality of these values:
  dstData[dstIdx]
    Which is: '\0'
  borderValue
    Which is: '@' (64, 0x40)
Border value mismatch at (15,0)
]]></failure>
      <failure message="/home/cjxu/npp/test/unit/nppi/nppi_geometry_transforms/test_nppi_copyConstBorder.cpp:67&#x0A;Expected equality of these values:&#x0A;  dstData[dstIdx]&#x0A;    Which is: &apos;\0&apos;&#x0A;  borderValue&#x0A;    Which is: &apos;@&apos; (64, 0x40)&#x0A;Border value mismatch at (16,0)&#x0A;" type=""><![CDATA[/home/cjxu/npp/test/unit/nppi/nppi_geometry_transforms/test_nppi_copyConstBorder.cpp:67
Expected equality of these values:
  dstData[dstIdx]
    Which is: '\0'
  borderValue
    Which is: '@' (64, 0x40)
Border value mismatch at (16,0)
]]></failure>
      <failure message="/home/cjxu/npp/test/unit/nppi/nppi_geometry_transforms/test_nppi_copyConstBorder.cpp:67&#x0A;Expected equality of these values:&#x0A;  dstData[dstIdx]&#x0A;    Which is: &apos;\0&apos;&#x0A;  borderValue&#x0A;    Which is: &apos;@&apos; (64, 0x40)&#x0A;Border value mismatch at (17,0)&#x0A;" type=""><![CDATA[/home/cjxu/npp/test/unit/nppi/nppi_geometry_transforms/test_nppi_copyConstBorder.cpp:67
Expected equality of these values:
  dstData[dstIdx]
    Which is: '\0'
  borderValue
    Which is: '@' (64, 0x40)
Border value mismatch at (17,0)
]]></failure>
      <failure message="/home/cjxu/npp/test/unit/nppi/nppi_geometry_transforms/test_nppi_copyConstBorder.cpp:67&#x0A;Expected equality of these values:&#x0A;  dstData[dstIdx]&#x0A;    Which is: &apos;\0&apos;&#x0A;  borderValue&#x0A;    Which is: &apos;@&apos; (64, 0x40)&#x0A;Border value mismatch at (18,0)&#x0A;" type=""><![CDATA[/home/cjxu/npp/test/unit/nppi/nppi_geometry_transforms/test_nppi_copyConstBorder.cpp:67
Expected equality of these values:
  dstData[dstIdx]
    Which is: '\0'
  borderValue
    Which is: '@' (64, 0x40)
Border value mismatch at (18,0)
]]></failure>
      <failure message="/home/cjxu/npp/test/unit/nppi/nppi_geometry_transforms/test_nppi_copyConstBorder.cpp:67&#x0A;Expected equality of these values:&#x0A;  dstData[dstIdx]&#x0A;    Which is: &apos;\0&apos;&#x0A;  borderValue&#x0A;    Which is: &apos;@&apos; (64, 0x40)&#x0A;Border value mismatch at (19,0)&#x0A;" type=""><![CDATA[/home/cjxu/npp/test/unit/nppi/nppi_geometry_transforms/test_nppi_copyConstBorder.cpp:67
Expected equality of these values:
  dstData[dstIdx]
    Which is: '\0'
  borderValue
    Which is: '@' (64, 0x40)
Border value mismatch at (19,0)
]]></failure>
      <failure message="/home/cjxu/npp/test/unit/nppi/nppi_geometry_transforms/test_nppi_copyConstBorder.cpp:67&#x0A;Expected equality of these values:&#x0A;  dstData[dstIdx]&#x0A;    Which is: &apos;\0&apos;&#x0A;  borderValue&#x0A;    Which is: &apos;@&apos; (64, 0x40)&#x0A;Border value mismatch at (20,0)&#x0A;" type=""><![CDATA[/home/cjxu/npp/test/unit/nppi/nppi_geometry_transforms/test_nppi_copyConstBorder.cpp:67
Expected equality of these values:
  dstData[dstIdx]
    Which is: '\0'
  borderValue
    Which is: '@' (64, 0x40)
Border value mismatch at (20,0)
]]></failure>
      <failure message="/home/cjxu/npp/test/unit/nppi/nppi_geometry_transforms/test_nppi_copyConstBorder.cpp:67&#x0A;Expected equality of these values:&#x0A;  dstData[dstIdx]&#x0A;    Which is: &apos;\0&apos;&#x0A;  borderValue&#x0A;    Which is: &apos;@&apos; (64, 0x40)&#x0A;Border value mismatch at (21,0)&#x0A;" type=""><![CDATA[/home/cjxu/npp/test/unit/nppi/nppi_geometry_transforms/test_nppi_copyConstBorder.cpp:67
Expected equality of these values:
  dstData[dstIdx]
    Which is: '\0'
  borderValue
    Which is: '@' (64, 0x40)
Border value mismatch at (21,0)
]]></failure>
      <failure message="/home/cjxu/npp/test/unit/nppi/nppi_geometry_transforms/test_nppi_copyConstBorder.cpp:67&#x0A;Expected equality of these values:&#x0A;  dstData[dstIdx]&#x0A;    Which is: &apos;\0&apos;&#x0A;  borderValue&#x0A;    Which is: &apos;@&apos; (64, 0x40)&#x0A;Border value mismatch at (22,0)&#x0A;" type=""><![CDATA[/home/cjxu/npp/test/unit/nppi/nppi_geometry_transforms/test_nppi_copyConstBorder.cpp:67
Expected equality of these values:
  dstData[dstIdx]
    Which is: '\0'
  borderValue
    Which is: '@' (64, 0x40)
Border value mismatch at (22,0)
]]></failure>
      <failure message="/home/cjxu/npp/test/unit/nppi/nppi_geometry_transforms/test_nppi_copyConstBorder.cpp:67&#x0A;Expected equality of these values:&#x0A;  dstData[dstIdx]&#x0A;    Which is: &apos;\0&apos;&#x0A;  borderValue&#x0A;    Which is: &apos;@&apos; (64, 0x40)&#x0A;Border value mismatch at (23,0)&#x0A;" type=""><![CDATA[/home/cjxu/npp/test/unit/nppi/nppi_geometry_transforms/test_nppi_copyConstBorder.cpp:67
Expected equality of these values:
  dstData[dstIdx]
    Which is: '\0'
  borderValue
    Which is: '@' (64, 0x40)
Border value mismatch at (23,0)
]]></failure>
      <failure message="/home/cjxu/npp/test/unit/nppi/nppi_geometry_transforms/test_nppi_copyConstBorder.cpp:67&#x0A;Expected equality of these values:&#x0A;  dstData[dstIdx]&#x0A;    Which is: &apos;\0&apos;&#x0A;  borderValue&#x0A;    Which is: &apos;@&apos; (64, 0x40)&#x0A;Border value mismatch at (0,1)&#x0A;" type=""><![CDATA[/home/cjxu/npp/test/unit/nppi/nppi_geometry_transforms/test_nppi_copyConstBorder.cpp:67
Expected equality of these values:
  dstData[dstIdx]
    Which is: '\0'
  borderValue
    Which is: '@' (64, 0x40)
Border value mismatch at (0,1)
]]></failure>
      <failure message="/home/cjxu/npp/test/unit/nppi/nppi_geometry_transforms/test_nppi_copyConstBorder.cpp:67&#x0A;Expected equality of these values:&#x0A;  dstData[dstIdx]&#x0A;    Which is: &apos;\0&apos;&#x0A;  borderValue&#x0A;    Which is: &apos;@&apos; (64, 0x40)&#x0A;Border value mismatch at (1,1)&#x0A;" type=""><![CDATA[/home/cjxu/npp/test/unit/nppi/nppi_geometry_transforms/test_nppi_copyConstBorder.cpp:67
Expected equality of these values:
  dstData[dstIdx]
    Which is: '\0'
  borderValue
    Which is: '@' (64, 0x40)
Border value mismatch at (1,1)
]]></failure>
      <failure message="/home/cjxu/npp/test/unit/nppi/nppi_geometry_transforms/test_nppi_copyConstBorder.cpp:67&#x0A;Expected equality of these values:&#x0A;  dstData[dstIdx]&#x0A;    Which is: &apos;\0&apos;&#x0A;  borderValue&#x0A;    Which is: &apos;@&apos; (64, 0x40)&#x0A;Border value mismatch at (2,1)&#x0A;" type=""><![CDATA[/home/cjxu/npp/test/unit/nppi/nppi_geometry_transforms/test_nppi_copyConstBorder.cpp:67
Expected equality of these values:
  dstData[dstIdx]
    Which is: '\0'
  borderValue
    Which is: '@' (64, 0x40)
Border value mismatch at (2,1)
]]></failure>
      <failure message="/home/cjxu/npp/test/unit/nppi/nppi_geometry_transforms/test_nppi_copyConstBorder.cpp:67&#x0A;Expected equality of these values:&#x0A;  dstData[dstIdx]&#x0A;    Which is: &apos;\0&apos;&#x0A;  borderValue&#x0A;    Which is: &apos;@&apos; (64, 0x40)&#x0A;Border value mismatch at (3,1)&#x0A;" type=""><![CDATA[/home/cjxu/npp/test/unit/nppi/nppi_geometry_transforms/test_nppi_copyConstBorder.cpp:67
Expected equality of these values:
  dstData[dstIdx]
    Which is: '\0'
  borderValue
    Which is: '@' (64, 0x40)
Border value mismatch at (3,1)
]]></failure>
      <failure message="/home/cjxu/npp/test/unit/nppi/nppi_geometry_transforms/test_nppi_copyConstBorder.cpp:67&#x0A;Expected equality of these values:&#x0A;  dstData[dstIdx]&#x0A;    Which is: &apos;\0&apos;&#x0A;  borderValue&#x0A;    Which is: &apos;@&apos; (64, 0x40)&#x0A;Border value mismatch at (4,1)&#x0A;" type=""><![CDATA[/home/cjxu/npp/test/unit/nppi/nppi_geometry_transforms/test_nppi_copyConstBorder.cpp:67
Expected equality of these values:
  dstData[dstIdx]
    Which is: '\0'
  borderValue
    Which is: '@' (64, 0x40)
Border value mismatch at (4,1)
]]></failure>
      <failure message="/home/cjxu/npp/test/unit/nppi/nppi_geometry_transforms/test_nppi_copyConstBorder.cpp:67&#x0A;Expected equality of these values:&#x0A;  dstData[dstIdx]&#x0A;    Which is: &apos;\0&apos;&#x0A;  borderValue&#x0A;    Which is: &apos;@&apos; (64, 0x40)&#x0A;Border value mismatch at (5,1)&#x0A;" type=""><![CDATA[/home/cjxu/npp/test/unit/nppi/nppi_geometry_transforms/test_nppi_copyConstBorder.cpp:67
Expected equality of these values:
  dstData[dstIdx]
    Which is: '\0'
  borderValue
    Which is: '@' (64, 0x40)
Border value mismatch at (5,1)
]]></failure>
      <failure message="/home/cjxu/npp/test/unit/nppi/nppi_geometry_transforms/test_nppi_copyConstBorder.cpp:67&#x0A;Expected equality of these values:&#x0A;  dstData[dstIdx]&#x0A;    Which is: &apos;\0&apos;&#x0A;  borderValue&#x0A;    Which is: &apos;@&apos; (64, 0x40)&#x0A;Border value mismatch at (6,1)&#x0A;" type=""><![CDATA[/home/cjxu/npp/test/unit/nppi/nppi_geometry_transforms/test_nppi_copyConstBorder.cpp:67
Expected equality of these values:
  dstData[dstIdx]
    Which is: '\0'
  borderValue
    Which is: '@' (64, 0x40)
Border value mismatch at (6,1)
]]></failure>
      <failure message="/home/cjxu/npp/test/unit/nppi/nppi_geometry_transforms/test_nppi_copyConstBorder.cpp:67&#x0A;Expected equality of these values:&#x0A;  dstData[dstIdx]&#x0A;    Which is: &apos;\0&apos;&#x0A;  borderValue&#x0A;    Which is: &apos;@&apos; (64, 0x40)&#x0A;Border value mismatch at (7,1)&#x0A;" type=""><![CDATA[/home/cjxu/npp/test/unit/nppi/nppi_geometry_transforms/test_nppi_copyConstBorder.cpp:67
Expected equality of these values:
  dstData[dstIdx]
    Which is: '\0'
  borderValue
    Which is: '@' (64, 0x40)
Border value mismatch at (7,1)
]]></failure>
      <failure message="/home/cjxu/npp/test/unit/nppi/nppi_geometry_transforms/test_nppi_copyConstBorder.cpp:67&#x0A;Expected equality of these values:&#x0A;  dstData[dstIdx]&#x0A;    Which is: &apos;\0&apos;&#x0A;  borderValue&#x0A;    Which is: &apos;@&apos; (64, 0x40)&#x0A;Border value mismatch at (8,1)&#x0A;" type=""><![CDATA[/home/cjxu/npp/test/unit/nppi/nppi_geometry_transforms/test_nppi_copyConstBorder.cpp:67
Expected equality of these values:
  dstData[dstIdx]
    Which is: '\0'
  borderValue
    Which is: '@' (64, 0x40)
Border value mismatch at (8,1)
]]></failure>
      <failure message="/home/cjxu/npp/test/unit/nppi/nppi_geometry_transforms/test_nppi_copyConstBorder.cpp:67&#x0A;Expected equality of these values:&#x0A;  dstData[dstIdx]&#x0A;    Which is: &apos;\0&apos;&#x0A;  borderValue&#x0A;    Which is: &apos;@&apos; (64, 0x40)&#x0A;Border value mismatch at (9,1)&#x0A;" type=""><![CDATA[/home/cjxu/npp/test/unit/nppi/nppi_geometry_transforms/test_nppi_copyConstBorder.cpp:67
Expected equality of these values:
  dstData[dstIdx]
    Which is: '\0'
  borderValue
    Which is: '@' (64, 0x40)
Border value mismatch at (9,1)
]]></failure>
      <failure message="/home/cjxu/npp/test/unit/nppi/nppi_geometry_transforms/test_nppi_copyConstBorder.cpp:67&#x0A;Expected equality of these values:&#x0A;  dstData[dstIdx]&#x0A;    Which is: &apos;\0&apos;&#x0A;  borderValue&#x0A;    Which is: &apos;@&apos; (64, 0x40)&#x0A;Border value mismatch at (10,1)&#x0A;" type=""><![CDATA[/home/cjxu/npp/test/unit/nppi/nppi_geometry_transforms/test_nppi_copyConstBorder.cpp:67
Expected equality of these values:
  dstData[dstIdx]
    Which is: '\0'
  borderValue
    Which is: '@' (64, 0x40)
Border value mismatch at (10,1)
]]></failure>
      <failure message="/home/cjxu/npp/test/unit/nppi/nppi_geometry_transforms/test_nppi_copyConstBorder.cpp:67&#x0A;Expected equality of these values:&#x0A;  dstData[dstIdx]&#x0A;    Which is: &apos;\0&apos;&#x0A;  borderValue&#x0A;    Which is: &apos;@&apos; (64, 0x40)&#x0A;Border value mismatch at (11,1)&#x0A;" type=""><![CDATA[/home/cjxu/npp/test/unit/nppi/nppi_geometry_transforms/test_nppi_copyConstBorder.cpp:67
Expected equality of these values:
  dstData[dstIdx]
    Which is: '\0'
  borderValue
    Which is: '@' (64, 0x40)
Border value mismatch at (11,1)
]]></failure>
      <failure message="/home/cjxu/npp/test/unit/nppi/nppi_geometry_transforms/test_nppi_copyConstBorder.cpp:67&#x0A;Expected equality of these values:&#x0A;  dstData[dstIdx]&#x0A;    Which is: &apos;\0&apos;&#x0A;  borderValue&#x0A;    Which is: &apos;@&apos; (64, 0x40)&#x0A;Border value mismatch at (12,1)&#x0A;" type=""><![CDATA[/home/cjxu/npp/test/unit/nppi/nppi_geometry_transforms/test_nppi_copyConstBorder.cpp:67
Expected equality of these values:
  dstData[dstIdx]
    Which is: '\0'
  borderValue
    Which is: '@' (64, 0x40)
Border value mismatch at (12,1)
]]></failure>
      <failure message="/home/cjxu/npp/test/unit/nppi/nppi_geometry_transforms/test_nppi_copyConstBorder.cpp:67&#x0A;Expected equality of these values:&#x0A;  dstData[dstIdx]&#x0A;    Which is: &apos;\0&apos;&#x0A;  borderValue&#x0A;    Which is: &apos;@&apos; (64, 0x40)&#x0A;Border value mismatch at (13,1)&#x0A;" type=""><![CDATA[/home/cjxu/npp/test/unit/nppi/nppi_geometry_transforms/test_nppi_copyConstBorder.cpp:67
Expected equality of these values:
  dstData[dstIdx]
    Which is: '\0'
  borderValue
    Which is: '@' (64, 0x40)
Border value mismatch at (13,1)
]]></failure>
      <failure message="/home/cjxu/npp/test/unit/nppi/nppi_geometry_transforms/test_nppi_copyConstBorder.cpp:67&#x0A;Expected equality of these values:&#x0A;  dstData[dstIdx]&#x0A;    Which is: &apos;\0&apos;&#x0A;  borderValue&#x0A;    Which is: &apos;@&apos; (64, 0x40)&#x0A;Border value mismatch at (14,1)&#x0A;" type=""><![CDATA[/home/cjxu/npp/test/unit/nppi/nppi_geometry_transforms/test_nppi_copyConstBorder.cpp:67
Expected equality of these values:
  dstData[dstIdx]
    Which is: '\0'
  borderValue
    Which is: '@' (64, 0x40)
Border value mismatch at (14,1)
]]></failure>
      <failure message="/home/cjxu/npp/test/unit/nppi/nppi_geometry_transforms/test_nppi_copyConstBorder.cpp:67&#x0A;Expected equality of these values:&#x0A;  dstData[dstIdx]&#x0A;    Which is: &apos;\0&apos;&#x0A;  borderValue&#x0A;    Which is: &apos;@&apos; (64, 0x40)&#x0A;Border value mismatch at (15,1)&#x0A;" type=""><![CDATA[/home/cjxu/npp/test/unit/nppi/nppi_geometry_transforms/test_nppi_copyConstBorder.cpp:67
Expected equality of these values:
  dstData[dstIdx]
    Which is: '\0'
  borderValue
    Which is: '@' (64, 0x40)
Border value mismatch at (15,1)
]]></failure>
      <failure message="/home/cjxu/npp/test/unit/nppi/nppi_geometry_transforms/test_nppi_copyConstBorder.cpp:67&#x0A;Expected equality of these values:&#x0A;  dstData[dstIdx]&#x0A;    Which is: &apos;\0&apos;&#x0A;  borderValue&#x0A;    Which is: &apos;@&apos; (64, 0x40)&#x0A;Border value mismatch at (16,1)&#x0A;" type=""><![CDATA[/home/cjxu/npp/test/unit/nppi/nppi_geometry_transforms/test_nppi_copyConstBorder.cpp:67
Expected equality of these values:
  dstData[dstIdx]
    Which is: '\0'
  borderValue
    Which is: '@' (64, 0x40)
Border value mismatch at (16,1)
]]></failure>
      <failure message="/home/cjxu/npp/test/unit/nppi/nppi_geometry_transforms/test_nppi_copyConstBorder.cpp:67&#x0A;Expected equality of these values:&#x0A;  dstData[dstIdx]&#x0A;    Which is: &apos;\0&apos;&#x0A;  borderValue&#x0A;    Which is: &apos;@&apos; (64, 0x40)&#x0A;Border value mismatch at (17,1)&#x0A;" type=""><![CDATA[/home/cjxu/npp/test/unit/nppi/nppi_geometry_transforms/test_nppi_copyConstBorder.cpp:67
Expected equality of these values:
  dstData[dstIdx]
    Which is: '\0'
  borderValue
    Which is: '@' (64, 0x40)
Border value mismatch at (17,1)
]]></failure>
      <failure message="/home/cjxu/npp/test/unit/nppi/nppi_geometry_transforms/test_nppi_copyConstBorder.cpp:67&#x0A;Expected equality of these values:&#x0A;  dstData[dstIdx]&#x0A;    Which is: &apos;\0&apos;&#x0A;  borderValue&#x0A;    Which is: &apos;@&apos; (64, 0x40)&#x0A;Border value mismatch at (18,1)&#x0A;" type=""><![CDATA[/home/cjxu/npp/test/unit/nppi/nppi_geometry_transforms/test_nppi_copyConstBorder.cpp:67
Expected equality of these values:
  dstData[dstIdx]
    Which is: '\0'
  borderValue
    Which is: '@' (64, 0x40)
Border value mismatch at (18,1)
]]></failure>
      <failure message="/home/cjxu/npp/test/unit/nppi/nppi_geometry_transforms/test_nppi_copyConstBorder.cpp:67&#x0A;Expected equality of these values:&#x0A;  dstData[dstIdx]&#x0A;    Which is: &apos;\0&apos;&#x0A;  borderValue&#x0A;    Which is: &apos;@&apos; (64, 0x40)&#x0A;Border value mismatch at (19,1)&#x0A;" type=""><![CDATA[/home/cjxu/npp/test/unit/nppi/nppi_geometry_transforms/test_nppi_copyConstBorder.cpp:67
Expected equality of these values:
  dstData[dstIdx]
    Which is: '\0'
  borderValue
    Which is: '@' (64, 0x40)
Border value mismatch at (19,1)
]]></failure>
      <failure message="/home/cjxu/npp/test/unit/nppi/nppi_geometry_transforms/test_nppi_copyConstBorder.cpp:67&#x0A;Expected equality of these values:&#x0A;  dstData[dstIdx]&#x0A;    Which is: &apos;\0&apos;&#x0A;  borderValue&#x0A;    Which is: &apos;@&apos; (64, 0x40)&#x0A;Border value mismatch at (20,1)&#x0A;" type=""><![CDATA[/home/cjxu/npp/test/unit/nppi/nppi_geometry_transforms/test_nppi_copyConstBorder.cpp:67
Expected equality of these values:
  dstData[dstIdx]
    Which is: '\0'
  borderValue
    Which is: '@' (64, 0x40)
Border value mismatch at (20,1)
]]></failure>
      <failure message="/home/cjxu/npp/test/unit/nppi/nppi_geometry_transforms/test_nppi_copyConstBorder.cpp:67&#x0A;Expected equality of these values:&#x0A;  dstData[dstIdx]&#x0A;    Which is: &apos;\0&apos;&#x0A;  borderValue&#x0A;    Which is: &apos;@&apos; (64, 0x40)&#x0A;Border value mismatch at (21,1)&#x0A;" type=""><![CDATA[/home/cjxu/npp/test/unit/nppi/nppi_geometry_transforms/test_nppi_copyConstBorder.cpp:67
Expected equality of these values:
  dstData[dstIdx]
    Which is: '\0'
  borderValue
    Which is: '@' (64, 0x40)
Border value mismatch at (21,1)
]]></failure>
      <failure message="/home/cjxu/npp/test/unit/nppi/nppi_geometry_transforms/test_nppi_copyConstBorder.cpp:67&#x0A;Expected equality of these values:&#x0A;  dstData[dstIdx]&#x0A;    Which is: &apos;\0&apos;&#x0A;  borderValue&#x0A;    Which is: &apos;@&apos; (64, 0x40)&#x0A;Border value mismatch at (22,1)&#x0A;" type=""><![CDATA[/home/cjxu/npp/test/unit/nppi/nppi_geometry_transforms/test_nppi_copyConstBorder.cpp:67
Expected equality of these values:
  dstData[dstIdx]
    Which is: '\0'
  borderValue
    Which is: '@' (64, 0x40)
Border value mismatch at (22,1)
]]></failure>
      <failure message="/home/cjxu/npp/test/unit/nppi/nppi_geometry_transforms/test_nppi_copyConstBorder.cpp:67&#x0A;Expected equality of these values:&#x0A;  dstData[dstIdx]&#x0A;    Which is: &apos;\0&apos;&#x0A;  borderValue&#x0A;    Which is: &apos;@&apos; (64, 0x40)&#x0A;Border value mismatch at (23,1)&#x0A;" type=""><![CDATA[/home/cjxu/npp/test/unit/nppi/nppi_geometry_transforms/test_nppi_copyConstBorder.cpp:67
Expected equality of these values:
  dstData[dstIdx]
    Which is: '\0'
  borderValue
    Which is: '@' (64, 0x40)
Border value mismatch at (23,1)
]]></failure>
      <failure message="/home/cjxu/npp/test/unit/nppi/nppi_geometry_transforms/test_nppi_copyConstBorder.cpp:67&#x0A;Expected equality of these values:&#x0A;  dstData[dstIdx]&#x0A;    Which is: &apos;\0&apos;&#x0A;  borderValue&#x0A;    Which is: &apos;@&apos; (64, 0x40)&#x0A;Border value mismatch at (0,2)&#x0A;" type=""><![CDATA[/home/cjxu/npp/test/unit/nppi/nppi_geometry_transforms/test_nppi_copyConstBorder.cpp:67
Expected equality of these values:
  dstData[dstIdx]
    Which is: '\0'
  borderValue
    Which is: '@' (64, 0x40)
Border value mismatch at (0,2)
]]></failure>
      <failure message="/home/cjxu/npp/test/unit/nppi/nppi_geometry_transforms/test_nppi_copyConstBorder.cpp:67&#x0A;Expected equality of these values:&#x0A;  dstData[dstIdx]&#x0A;    Which is: &apos;\0&apos;&#x0A;  borderValue&#x0A;    Which is: &apos;@&apos; (64, 0x40)&#x0A;Border value mismatch at (1,2)&#x0A;" type=""><![CDATA[/home/cjxu/npp/test/unit/nppi/nppi_geometry_transforms/test_nppi_copyConstBorder.cpp:67
Expected equality of these values:
  dstData[dstIdx]
    Which is: '\0'
  borderValue
    Which is: '@' (64, 0x40)
Border value mismatch at (1,2)
]]></failure>
      <failure message="/home/cjxu/npp/test/unit/nppi/nppi_geometry_transforms/test_nppi_copyConstBorder.cpp:67&#x0A;Expected equality of these values:&#x0A;  dstData[dstIdx]&#x0A;    Which is: &apos;\0&apos;&#x0A;  borderValue&#x0A;    Which is: &apos;@&apos; (64, 0x40)&#x0A;Border value mismatch at (2,2)&#x0A;" type=""><![CDATA[/home/cjxu/npp/test/unit/nppi/nppi_geometry_transforms/test_nppi_copyConstBorder.cpp:67
Expected equality of these values:
  dstData[dstIdx]
    Which is: '\0'
  borderValue
    Which is: '@' (64, 0x40)
Border value mismatch at (2,2)
]]></failure>
      <failure message="/home/cjxu/npp/test/unit/nppi/nppi_geometry_transforms/test_nppi_copyConstBorder.cpp:67&#x0A;Expected equality of these values:&#x0A;  dstData[dstIdx]&#x0A;    Which is: &apos;\0&apos;&#x0A;  borderValue&#x0A;    Which is: &apos;@&apos; (64, 0x40)&#x0A;Border value mismatch at (3,2)&#x0A;" type=""><![CDATA[/home/cjxu/npp/test/unit/nppi/nppi_geometry_transforms/test_nppi_copyConstBorder.cpp:67
Expected equality of these values:
  dstData[dstIdx]
    Which is: '\0'
  borderValue
    Which is: '@' (64, 0x40)
Border value mismatch at (3,2)
]]></failure>
      <failure message="/home/cjxu/npp/test/unit/nppi/nppi_geometry_transforms/test_nppi_copyConstBorder.cpp:67&#x0A;Expected equality of these values:&#x0A;  dstData[dstIdx]&#x0A;    Which is: &apos;\0&apos;&#x0A;  borderValue&#x0A;    Which is: &apos;@&apos; (64, 0x40)&#x0A;Border value mismatch at (4,2)&#x0A;" type=""><![CDATA[/home/cjxu/npp/test/unit/nppi/nppi_geometry_transforms/test_nppi_copyConstBorder.cpp:67
Expected equality of these values:
  dstData[dstIdx]
    Which is: '\0'
  borderValue
    Which is: '@' (64, 0x40)
Border value mismatch at (4,2)
]]></failure>
      <failure message="/home/cjxu/npp/test/unit/nppi/nppi_geometry_transforms/test_nppi_copyConstBorder.cpp:67&#x0A;Expected equality of these values:&#x0A;  dstData[dstIdx]&#x0A;    Which is: &apos;\0&apos;&#x0A;  borderValue&#x0A;    Which is: &apos;@&apos; (64, 0x40)&#x0A;Border value mismatch at (5,2)&#x0A;" type=""><![CDATA[/home/cjxu/npp/test/unit/nppi/nppi_geometry_transforms/test_nppi_copyConstBorder.cpp:67
Expected equality of these values:
  dstData[dstIdx]
    Which is: '\0'
  borderValue
    Which is: '@' (64, 0x40)
Border value mismatch at (5,2)
]]></failure>
      <failure message="/home/cjxu/npp/test/unit/nppi/nppi_geometry_transforms/test_nppi_copyConstBorder.cpp:67&#x0A;Expected equality of these values:&#x0A;  dstData[dstIdx]&#x0A;    Which is: &apos;\0&apos;&#x0A;  borderValue&#x0A;    Which is: &apos;@&apos; (64, 0x40)&#x0A;Border value mismatch at (6,2)&#x0A;" type=""><![CDATA[/home/cjxu/npp/test/unit/nppi/nppi_geometry_transforms/test_nppi_copyConstBorder.cpp:67
Expected equality of these values:
  dstData[dstIdx]
    Which is: '\0'
  borderValue
    Which is: '@' (64, 0x40)
Border value mismatch at (6,2)
]]></failure>
      <failure message="/home/cjxu/npp/test/unit/nppi/nppi_geometry_transforms/test_nppi_copyConstBorder.cpp:67&#x0A;Expected equality of these values:&#x0A;  dstData[dstIdx]&#x0A;    Which is: &apos;\0&apos;&#x0A;  borderValue&#x0A;    Which is: &apos;@&apos; (64, 0x40)&#x0A;Border value mismatch at (7,2)&#x0A;" type=""><![CDATA[/home/cjxu/npp/test/unit/nppi/nppi_geometry_transforms/test_nppi_copyConstBorder.cpp:67
Expected equality of these values:
  dstData[dstIdx]
    Which is: '\0'
  borderValue
    Which is: '@' (64, 0x40)
Border value mismatch at (7,2)
]]></failure>
      <failure message="/home/cjxu/npp/test/unit/nppi/nppi_geometry_transforms/test_nppi_copyConstBorder.cpp:67&#x0A;Expected equality of these values:&#x0A;  dstData[dstIdx]&#x0A;    Which is: &apos;\0&apos;&#x0A;  borderValue&#x0A;    Which is: &apos;@&apos; (64, 0x40)&#x0A;Border value mismatch at (8,2)&#x0A;" type=""><![CDATA[/home/cjxu/npp/test/unit/nppi/nppi_geometry_transforms/test_nppi_copyConstBorder.cpp:67
Expected equality of these values:
  dstData[dstIdx]
    Which is: '\0'
  borderValue
    Which is: '@' (64, 0x40)
Border value mismatch at (8,2)
]]></failure>
      <failure message="/home/cjxu/npp/test/unit/nppi/nppi_geometry_transforms/test_nppi_copyConstBorder.cpp:67&#x0A;Expected equality of these values:&#x0A;  dstData[dstIdx]&#x0A;    Which is: &apos;\0&apos;&#x0A;  borderValue&#x0A;    Which is: &apos;@&apos; (64, 0x40)&#x0A;Border value mismatch at (9,2)&#x0A;" type=""><![CDATA[/home/cjxu/npp/test/unit/nppi/nppi_geometry_transforms/test_nppi_copyConstBorder.cpp:67
Expected equality of these values:
  dstData[dstIdx]
    Which is: '\0'
  borderValue
    Which is: '@' (64, 0x40)
Border value mismatch at (9,2)
]]></failure>
      <failure message="/home/cjxu/npp/test/unit/nppi/nppi_geometry_transforms/test_nppi_copyConstBorder.cpp:67&#x0A;Expected equality of these values:&#x0A;  dstData[dstIdx]&#x0A;    Which is: &apos;\0&apos;&#x0A;  borderValue&#x0A;    Which is: &apos;@&apos; (64, 0x40)&#x0A;Border value mismatch at (10,2)&#x0A;" type=""><![CDATA[/home/cjxu/npp/test/unit/nppi/nppi_geometry_transforms/test_nppi_copyConstBorder.cpp:67
Expected equality of these values:
  dstData[dstIdx]
    Which is: '\0'
  borderValue
    Which is: '@' (64, 0x40)
Border value mismatch at (10,2)
]]></failure>
      <failure message="/home/cjxu/npp/test/unit/nppi/nppi_geometry_transforms/test_nppi_copyConstBorder.cpp:67&#x0A;Expected equality of these values:&#x0A;  dstData[dstIdx]&#x0A;    Which is: &apos;\0&apos;&#x0A;  borderValue&#x0A;    Which is: &apos;@&apos; (64, 0x40)&#x0A;Border value mismatch at (11,2)&#x0A;" type=""><![CDATA[/home/cjxu/npp/test/unit/nppi/nppi_geometry_transforms/test_nppi_copyConstBorder.cpp:67
Expected equality of these values:
  dstData[dstIdx]
    Which is: '\0'
  borderValue
    Which is: '@' (64, 0x40)
Border value mismatch at (11,2)
]]></failure>
      <failure message="/home/cjxu/npp/test/unit/nppi/nppi_geometry_transforms/test_nppi_copyConstBorder.cpp:67&#x0A;Expected equality of these values:&#x0A;  dstData[dstIdx]&#x0A;    Which is: &apos;\0&apos;&#x0A;  borderValue&#x0A;    Which is: &apos;@&apos; (64, 0x40)&#x0A;Border value mismatch at (12,2)&#x0A;" type=""><![CDATA[/home/cjxu/npp/test/unit/nppi/nppi_geometry_transforms/test_nppi_copyConstBorder.cpp:67
Expected equality of these values:
  dstData[dstIdx]
    Which is: '\0'
  borderValue
    Which is: '@' (64, 0x40)
Border value mismatch at (12,2)
]]></failure>
      <failure message="/home/cjxu/npp/test/unit/nppi/nppi_geometry_transforms/test_nppi_copyConstBorder.cpp:67&#x0A;Expected equality of these values:&#x0A;  dstData[dstIdx]&#x0A;    Which is: &apos;\0&apos;&#x0A;  borderValue&#x0A;    Which is: &apos;@&apos; (64, 0x40)&#x0A;Border value mismatch at (13,2)&#x0A;" type=""><![CDATA[/home/cjxu/npp/test/unit/nppi/nppi_geometry_transforms/test_nppi_copyConstBorder.cpp:67
Expected equality of these values:
  dstData[dstIdx]
    Which is: '\0'
  borderValue
    Which is: '@' (64, 0x40)
Border value mismatch at (13,2)
]]></failure>
      <failure message="/home/cjxu/npp/test/unit/nppi/nppi_geometry_transforms/test_nppi_copyConstBorder.cpp:67&#x0A;Expected equality of these values:&#x0A;  dstData[dstIdx]&#x0A;    Which is: &apos;\0&apos;&#x0A;  borderValue&#x0A;    Which is: &apos;@&apos; (64, 0x40)&#x0A;Border value mismatch at (14,2)&#x0A;" type=""><![CDATA[/home/cjxu/npp/test/unit/nppi/nppi_geometry_transforms/test_nppi_copyConstBorder.cpp:67
Expected equality of these values:
  dstData[dstIdx]
    Which is: '\0'
  borderValue
    Which is: '@' (64, 0x40)
Border value mismatch at (14,2)
]]></failure>
      <failure message="/home/cjxu/npp/test/unit/nppi/nppi_geometry_transforms/test_nppi_copyConstBorder.cpp:67&#x0A;Expected equality of these values:&#x0A;  dstData[dstIdx]&#x0A;    Which is: &apos;\0&apos;&#x0A;  borderValue&#x0A;    Which is: &apos;@&apos; (64, 0x40)&#x0A;Border value mismatch at (15,2)&#x0A;" type=""><![CDATA[/home/cjxu/npp/test/unit/nppi/nppi_geometry_transforms/test_nppi_copyConstBorder.cpp:67
Expected equality of these values:
  dstData[dstIdx]
    Which is: '\0'
  borderValue
    Which is: '@' (64, 0x40)
Border value mismatch at (15,2)
]]></failure>
      <failure message="/home/cjxu/npp/test/unit/nppi/nppi_geometry_transforms/test_nppi_copyConstBorder.cpp:67&#x0A;Expected equality of these values:&#x0A;  dstData[dstIdx]&#x0A;    Which is: &apos;\0&apos;&#x0A;  borderValue&#x0A;    Which is: &apos;@&apos; (64, 0x40)&#x0A;Border value mismatch at (16,2)&#x0A;" type=""><![CDATA[/home/cjxu/npp/test/unit/nppi/nppi_geometry_transforms/test_nppi_copyConstBorder.cpp:67
Expected equality of these values:
  dstData[dstIdx]
    Which is: '\0'
  borderValue
    Which is: '@' (64, 0x40)
Border value mismatch at (16,2)
]]></failure>
      <failure message="/home/cjxu/npp/test/unit/nppi/nppi_geometry_transforms/test_nppi_copyConstBorder.cpp:67&#x0A;Expected equality of these values:&#x0A;  dstData[dstIdx]&#x0A;    Which is: &apos;\0&apos;&#x0A;  borderValue&#x0A;    Which is: &apos;@&apos; (64, 0x40)&#x0A;Border value mismatch at (17,2)&#x0A;" type=""><![CDATA[/home/cjxu/npp/test/unit/nppi/nppi_geometry_transforms/test_nppi_copyConstBorder.cpp:67
Expected equality of these values:
  dstData[dstIdx]
    Which is: '\0'
  borderValue
    Which is: '@' (64, 0x40)
Border value mismatch at (17,2)
]]></failure>
      <failure message="/home/cjxu/npp/test/unit/nppi/nppi_geometry_transforms/test_nppi_copyConstBorder.cpp:67&#x0A;Expected equality of these values:&#x0A;  dstData[dstIdx]&#x0A;    Which is: &apos;\0&apos;&#x0A;  borderValue&#x0A;    Which is: &apos;@&apos; (64, 0x40)&#x0A;Border value mismatch at (18,2)&#x0A;" type=""><![CDATA[/home/cjxu/npp/test/unit/nppi/nppi_geometry_transforms/test_nppi_copyConstBorder.cpp:67
Expected equality of these values:
  dstData[dstIdx]
    Which is: '\0'
  borderValue
    Which is: '@' (64, 0x40)
Border value mismatch at (18,2)
]]></failure>
      <failure message="/home/cjxu/npp/test/unit/nppi/nppi_geometry_transforms/test_nppi_copyConstBorder.cpp:67&#x0A;Expected equality of these values:&#x0A;  dstData[dstIdx]&#x0A;    Which is: &apos;\0&apos;&#x0A;  borderValue&#x0A;    Which is: &apos;@&apos; (64, 0x40)&#x0A;Border value mismatch at (19,2)&#x0A;" type=""><![CDATA[/home/cjxu/npp/test/unit/nppi/nppi_geometry_transforms/test_nppi_copyConstBorder.cpp:67
Expected equality of these values:
  dstData[dstIdx]
    Which is: '\0'
  borderValue
    Which is: '@' (64, 0x40)
Border value mismatch at (19,2)
]]></failure>
      <failure message="/home/cjxu/npp/test/unit/nppi/nppi_geometry_transforms/test_nppi_copyConstBorder.cpp:67&#x0A;Expected equality of these values:&#x0A;  dstData[dstIdx]&#x0A;    Which is: &apos;\0&apos;&#x0A;  borderValue&#x0A;    Which is: &apos;@&apos; (64, 0x40)&#x0A;Border value mismatch at (20,2)&#x0A;" type=""><![CDATA[/home/cjxu/npp/test/unit/nppi/nppi_geometry_transforms/test_nppi_copyConstBorder.cpp:67
Expected equality of these values:
  dstData[dstIdx]
    Which is: '\0'
  borderValue
    Which is: '@' (64, 0x40)
Border value mismatch at (20,2)
]]></failure>
      <failure message="/home/cjxu/npp/test/unit/nppi/nppi_geometry_transforms/test_nppi_copyConstBorder.cpp:67&#x0A;Expected equality of these values:&#x0A;  dstData[dstIdx]&#x0A;    Which is: &apos;\0&apos;&#x0A;  borderValue&#x0A;    Which is: &apos;@&apos; (64, 0x40)&#x0A;Border value mismatch at (21,2)&#x0A;" type=""><![CDATA[/home/cjxu/npp/test/unit/nppi/nppi_geometry_transforms/test_nppi_copyConstBorder.cpp:67
Expected equality of these values:
  dstData[dstIdx]
    Which is: '\0'
  borderValue
    Which is: '@' (64, 0x40)
Border value mismatch at (21,2)
]]></failure>
      <failure message="/home/cjxu/npp/test/unit/nppi/nppi_geometry_transforms/test_nppi_copyConstBorder.cpp:67&#x0A;Expected equality of these values:&#x0A;  dstData[dstIdx]&#x0A;    Which is: &apos;\0&apos;&#x0A;  borderValue&#x0A;    Which is: &apos;@&apos; (64, 0x40)&#x0A;Border value mismatch at (22,2)&#x0A;" type=""><![CDATA[/home/cjxu/npp/test/unit/nppi/nppi_geometry_transforms/test_nppi_copyConstBorder.cpp:67
Expected equality of these values:
  dstData[dstIdx]
    Which is: '\0'
  borderValue
    Which is: '@' (64, 0x40)
Border value mismatch at (22,2)
]]></failure>
      <failure message="/home/cjxu/npp/test/unit/nppi/nppi_geometry_transforms/test_nppi_copyConstBorder.cpp:67&#x0A;Expected equality of these values:&#x0A;  dstData[dstIdx]&#x0A;    Which is: &apos;\0&apos;&#x0A;  borderValue&#x0A;    Which is: &apos;@&apos; (64, 0x40)&#x0A;Border value mismatch at (23,2)&#x0A;" type=""><![CDATA[/home/cjxu/npp/test/unit/nppi/nppi_geometry_transforms/test_nppi_copyConstBorder.cpp:67
Expected equality of these values:
  dstData[dstIdx]
    Which is: '\0'
  borderValue
    Which is: '@' (64, 0x40)
Border value mismatch at (23,2)
]]></failure>
      <failure message="/home/cjxu/npp/test/unit/nppi/nppi_geometry_transforms/test_nppi_copyConstBorder.cpp:67&#x0A;Expected equality of these values:&#x0A;  dstData[dstIdx]&#x0A;    Which is: &apos;\0&apos;&#x0A;  borderValue&#x0A;    Which is: &apos;@&apos; (64, 0x40)&#x0A;Border value mismatch at (0,3)&#x0A;" type=""><![CDATA[/home/cjxu/npp/test/unit/nppi/nppi_geometry_transforms/test_nppi_copyConstBorder.cpp:67
Expected equality of these values:
  dstData[dstIdx]
    Which is: '\0'
  borderValue
    Which is: '@' (64, 0x40)
Border value mismatch at (0,3)
]]></failure>
      <failure message="/home/cjxu/npp/test/unit/nppi/nppi_geometry_transforms/test_nppi_copyConstBorder.cpp:67&#x0A;Expected equality of these values:&#x0A;  dstData[dstIdx]&#x0A;    Which is: &apos;\0&apos;&#x0A;  borderValue&#x0A;    Which is: &apos;@&apos; (64, 0x40)&#x0A;Border value mismatch at (1,3)&#x0A;" type=""><![CDATA[/home/cjxu/npp/test/unit/nppi/nppi_geometry_transforms/test_nppi_copyConstBorder.cpp:67
Expected equality of these values:
  dstData[dstIdx]
    Which is: '\0'
  borderValue
    Which is: '@' (64, 0x40)
Border value mismatch at (1,3)
]]></failure>
      <failure message="/home/cjxu/npp/test/unit/nppi/nppi_geometry_transforms/test_nppi_copyConstBorder.cpp:67&#x0A;Expected equality of these values:&#x0A;  dstData[dstIdx]&#x0A;    Which is: &apos;\0&apos;&#x0A;  borderValue&#x0A;    Which is: &apos;@&apos; (64, 0x40)&#x0A;Border value mismatch at (2,3)&#x0A;" type=""><![CDATA[/home/cjxu/npp/test/unit/nppi/nppi_geometry_transforms/test_nppi_copyConstBorder.cpp:67
Expected equality of these values:
  dstData[dstIdx]
    Which is: '\0'
  borderValue
    Which is: '@' (64, 0x40)
Border value mismatch at (2,3)
]]></failure>
      <failure message="/home/cjxu/npp/test/unit/nppi/nppi_geometry_transforms/test_nppi_copyConstBorder.cpp:67&#x0A;Expected equality of these values:&#x0A;  dstData[dstIdx]&#x0A;    Which is: &apos;\0&apos;&#x0A;  borderValue&#x0A;    Which is: &apos;@&apos; (64, 0x40)&#x0A;Border value mismatch at (3,3)&#x0A;" type=""><![CDATA[/home/cjxu/npp/test/unit/nppi/nppi_geometry_transforms/test_nppi_copyConstBorder.cpp:67
Expected equality of these values:
  dstData[dstIdx]
    Which is: '\0'
  borderValue
    Which is: '@' (64, 0x40)
Border value mismatch at (3,3)
]]></failure>
      <failure message="/home/cjxu/npp/test/unit/nppi/nppi_geometry_transforms/test_nppi_copyConstBorder.cpp:67&#x0A;Expected equality of these values:&#x0A;  dstData[dstIdx]&#x0A;    Which is: &apos;\0&apos;&#x0A;  borderValue&#x0A;    Which is: &apos;@&apos; (64, 0x40)&#x0A;Border value mismatch at (4,3)&#x0A;" type=""><![CDATA[/home/cjxu/npp/test/unit/nppi/nppi_geometry_transforms/test_nppi_copyConstBorder.cpp:67
Expected equality of these values:
  dstData[dstIdx]
    Which is: '\0'
  borderValue
    Which is: '@' (64, 0x40)
Border value mismatch at (4,3)
]]></failure>
      <failure message="/home/cjxu/npp/test/unit/nppi/nppi_geometry_transforms/test_nppi_copyConstBorder.cpp:67&#x0A;Expected equality of these values:&#x0A;  dstData[dstIdx]&#x0A;    Which is: &apos;\0&apos;&#x0A;  borderValue&#x0A;    Which is: &apos;@&apos; (64, 0x40)&#x0A;Border value mismatch at (5,3)&#x0A;" type=""><![CDATA[/home/cjxu/npp/test/unit/nppi/nppi_geometry_transforms/test_nppi_copyConstBorder.cpp:67
Expected equality of these values:
  dstData[dstIdx]
    Which is: '\0'
  borderValue
    Which is: '@' (64, 0x40)
Border value mismatch at (5,3)
]]></failure>
      <failure message="/home/cjxu/npp/test/unit/nppi/nppi_geometry_transforms/test_nppi_copyConstBorder.cpp:67&#x0A;Expected equality of these values:&#x0A;  dstData[dstIdx]&#x0A;    Which is: &apos;\0&apos;&#x0A;  borderValue&#x0A;    Which is: &apos;@&apos; (64, 0x40)&#x0A;Border value mismatch at (6,3)&#x0A;" type=""><![CDATA[/home/cjxu/npp/test/unit/nppi/nppi_geometry_transforms/test_nppi_copyConstBorder.cpp:67
Expected equality of these values:
  dstData[dstIdx]
    Which is: '\0'
  borderValue
    Which is: '@' (64, 0x40)
Border value mismatch at (6,3)
]]></failure>
      <failure message="/home/cjxu/npp/test/unit/nppi/nppi_geometry_transforms/test_nppi_copyConstBorder.cpp:67&#x0A;Expected equality of these values:&#x0A;  dstData[dstIdx]&#x0A;    Which is: &apos;\0&apos;&#x0A;  borderValue&#x0A;    Which is: &apos;@&apos; (64, 0x40)&#x0A;Border value mismatch at (7,3)&#x0A;" type=""><![CDATA[/home/cjxu/npp/test/unit/nppi/nppi_geometry_transforms/test_nppi_copyConstBorder.cpp:67
Expected equality of these values:
  dstData[dstIdx]
    Which is: '\0'
  borderValue
    Which is: '@' (64, 0x40)
Border value mismatch at (7,3)
]]></failure>
      <failure message="/home/cjxu/npp/test/unit/nppi/nppi_geometry_transforms/test_nppi_copyConstBorder.cpp:67&#x0A;Expected equality of these values:&#x0A;  dstData[dstIdx]&#x0A;    Which is: &apos;\0&apos;&#x0A;  borderValue&#x0A;    Which is: &apos;@&apos; (64, 0x40)&#x0A;Border value mismatch at (8,3)&#x0A;" type=""><![CDATA[/home/cjxu/npp/test/unit/nppi/nppi_geometry_transforms/test_nppi_copyConstBorder.cpp:67
Expected equality of these values:
  dstData[dstIdx]
    Which is: '\0'
  borderValue
    Which is: '@' (64, 0x40)
Border value mismatch at (8,3)
]]></failure>
      <failure message="/home/cjxu/npp/test/unit/nppi/nppi_geometry_transforms/test_nppi_copyConstBorder.cpp:67&#x0A;Expected equality of these values:&#x0A;  dstData[dstIdx]&#x0A;    Which is: &apos;\0&apos;&#x0A;  borderValue&#x0A;    Which is: &apos;@&apos; (64, 0x40)&#x0A;Border value mismatch at (9,3)&#x0A;" type=""><![CDATA[/home/cjxu/npp/test/unit/nppi/nppi_geometry_transforms/test_nppi_copyConstBorder.cpp:67
Expected equality of these values:
  dstData[dstIdx]
    Which is: '\0'
  borderValue
    Which is: '@' (64, 0x40)
Border value mismatch at (9,3)
]]></failure>
      <failure message="/home/cjxu/npp/test/unit/nppi/nppi_geometry_transforms/test_nppi_copyConstBorder.cpp:67&#x0A;Expected equality of these values:&#x0A;  dstData[dstIdx]&#x0A;    Which is: &apos;\0&apos;&#x0A;  borderValue&#x0A;    Which is: &apos;@&apos; (64, 0x40)&#x0A;Border value mismatch at (10,3)&#x0A;" type=""><![CDATA[/home/cjxu/npp/test/unit/nppi/nppi_geometry_transforms/test_nppi_copyConstBorder.cpp:67
Expected equality of these values:
  dstData[dstIdx]
    Which is: '\0'
  borderValue
    Which is: '@' (64, 0x40)
Border value mismatch at (10,3)
]]></failure>
      <failure message="/home/cjxu/npp/test/unit/nppi/nppi_geometry_transforms/test_nppi_copyConstBorder.cpp:67&#x0A;Expected equality of these values:&#x0A;  dstData[dstIdx]&#x0A;    Which is: &apos;\0&apos;&#x0A;  borderValue&#x0A;    Which is: &apos;@&apos; (64, 0x40)&#x0A;Border value mismatch at (11,3)&#x0A;" type=""><![CDATA[/home/cjxu/npp/test/unit/nppi/nppi_geometry_transforms/test_nppi_copyConstBorder.cpp:67
Expected equality of these values:
  dstData[dstIdx]
    Which is: '\0'
  borderValue
    Which is: '@' (64, 0x40)
Border value mismatch at (11,3)
]]></failure>
      <failure message="/home/cjxu/npp/test/unit/nppi/nppi_geometry_transforms/test_nppi_copyConstBorder.cpp:67&#x0A;Expected equality of these values:&#x0A;  dstData[dstIdx]&#x0A;    Which is: &apos;\0&apos;&#x0A;  borderValue&#x0A;    Which is: &apos;@&apos; (64, 0x40)&#x0A;Border value mismatch at (12,3)&#x0A;" type=""><![CDATA[/home/cjxu/npp/test/unit/nppi/nppi_geometry_transforms/test_nppi_copyConstBorder.cpp:67
Expected equality of these values:
  dstData[dstIdx]
    Which is: '\0'
  borderValue
    Which is: '@' (64, 0x40)
Border value mismatch at (12,3)
]]></failure>
      <failure message="/home/cjxu/npp/test/unit/nppi/nppi_geometry_transforms/test_nppi_copyConstBorder.cpp:67&#x0A;Expected equality of these values:&#x0A;  dstData[dstIdx]&#x0A;    Which is: &apos;\0&apos;&#x0A;  borderValue&#x0A;    Which is: &apos;@&apos; (64, 0x40)&#x0A;Border value mismatch at (13,3)&#x0A;" type=""><![CDATA[/home/cjxu/npp/test/unit/nppi/nppi_geometry_transforms/test_nppi_copyConstBorder.cpp:67
Expected equality of these values:
  dstData[dstIdx]
    Which is: '\0'
  borderValue
    Which is: '@' (64, 0x40)
Border value mismatch at (13,3)
]]></failure>
      <failure message="/home/cjxu/npp/test/unit/nppi/nppi_geometry_transforms/test_nppi_copyConstBorder.cpp:67&#x0A;Expected equality of these values:&#x0A;  dstData[dstIdx]&#x0A;    Which is: &apos;\0&apos;&#x0A;  borderValue&#x0A;    Which is: &apos;@&apos; (64, 0x40)&#x0A;Border value mismatch at (14,3)&#x0A;" type=""><![CDATA[/home/cjxu/npp/test/unit/nppi/nppi_geometry_transforms/test_nppi_copyConstBorder.cpp:67
Expected equality of these values:
  dstData[dstIdx]
    Which is: '\0'
  borderValue
    Which is: '@' (64, 0x40)
Border value mismatch at (14,3)
]]></failure>
      <failure message="/home/cjxu/npp/test/unit/nppi/nppi_geometry_transforms/test_nppi_copyConstBorder.cpp:67&#x0A;Expected equality of these values:&#x0A;  dstData[dstIdx]&#x0A;    Which is: &apos;\0&apos;&#x0A;  borderValue&#x0A;    Which is: &apos;@&apos; (64, 0x40)&#x0A;Border value mismatch at (15,3)&#x0A;" type=""><![CDATA[/home/cjxu/npp/test/unit/nppi/nppi_geometry_transforms/test_nppi_copyConstBorder.cpp:67
Expected equality of these values:
  dstData[dstIdx]
    Which is: '\0'
  borderValue
    Which is: '@' (64, 0x40)
Border value mismatch at (15,3)
]]></failure>
      <failure message="/home/cjxu/npp/test/unit/nppi/nppi_geometry_transforms/test_nppi_copyConstBorder.cpp:67&#x0A;Expected equality of these values:&#x0A;  dstData[dstIdx]&#x0A;    Which is: &apos;\0&apos;&#x0A;  borderValue&#x0A;    Which is: &apos;@&apos; (64, 0x40)&#x0A;Border value mismatch at (16,3)&#x0A;" type=""><![CDATA[/home/cjxu/npp/test/unit/nppi/nppi_geometry_transforms/test_nppi_copyConstBorder.cpp:67
Expected equality of these values:
  dstData[dstIdx]
    Which is: '\0'
  borderValue
    Which is: '@' (64, 0x40)
Border value mismatch at (16,3)
]]></failure>
      <failure message="/home/cjxu/npp/test/unit/nppi/nppi_geometry_transforms/test_nppi_copyConstBorder.cpp:67&#x0A;Expected equality of these values:&#x0A;  dstData[dstIdx]&#x0A;    Which is: &apos;\0&apos;&#x0A;  borderValue&#x0A;    Which is: &apos;@&apos; (64, 0x40)&#x0A;Border value mismatch at (17,3)&#x0A;" type=""><![CDATA[/home/cjxu/npp/test/unit/nppi/nppi_geometry_transforms/test_nppi_copyConstBorder.cpp:67
Expected equality of these values:
  dstData[dstIdx]
    Which is: '\0'
  borderValue
    Which is: '@' (64, 0x40)
Border value mismatch at (17,3)
]]></failure>
      <failure message="/home/cjxu/npp/test/unit/nppi/nppi_geometry_transforms/test_nppi_copyConstBorder.cpp:67&#x0A;Expected equality of these values:&#x0A;  dstData[dstIdx]&#x0A;    Which is: &apos;\0&apos;&#x0A;  borderValue&#x0A;    Which is: &apos;@&apos; (64, 0x40)&#x0A;Border value mismatch at (18,3)&#x0A;" type=""><![CDATA[/home/cjxu/npp/test/unit/nppi/nppi_geometry_transforms/test_nppi_copyConstBorder.cpp:67
Expected equality of these values:
  dstData[dstIdx]
    Which is: '\0'
  borderValue
    Which is: '@' (64, 0x40)
Border value mismatch at (18,3)
]]></failure>
      <failure message="/home/cjxu/npp/test/unit/nppi/nppi_geometry_transforms/test_nppi_copyConstBorder.cpp:67&#x0A;Expected equality of these values:&#x0A;  dstData[dstIdx]&#x0A;    Which is: &apos;\0&apos;&#x0A;  borderValue&#x0A;    Which is: &apos;@&apos; (64, 0x40)&#x0A;Border value mismatch at (19,3)&#x0A;" type=""><![CDATA[/home/cjxu/npp/test/unit/nppi/nppi_geometry_transforms/test_nppi_copyConstBorder.cpp:67
Expected equality of these values:
  dstData[dstIdx]
    Which is: '\0'
  borderValue
    Which is: '@' (64, 0x40)
Border value mismatch at (19,3)
]]></failure>
      <failure message="/home/cjxu/npp/test/unit/nppi/nppi_geometry_transforms/test_nppi_copyConstBorder.cpp:67&#x0A;Expected equality of these values:&#x0A;  dstData[dstIdx]&#x0A;    Which is: &apos;\0&apos;&#x0A;  borderValue&#x0A;    Which is: &apos;@&apos; (64, 0x40)&#x0A;Border value mismatch at (20,3)&#x0A;" type=""><![CDATA[/home/cjxu/npp/test/unit/nppi/nppi_geometry_transforms/test_nppi_copyConstBorder.cpp:67
Expected equality of these values:
  dstData[dstIdx]
    Which is: '\0'
  borderValue
    Which is: '@' (64, 0x40)
Border value mismatch at (20,3)
]]></failure>
      <failure message="/home/cjxu/npp/test/unit/nppi/nppi_geometry_transforms/test_nppi_copyConstBorder.cpp:67&#x0A;Expected equality of these values:&#x0A;  dstData[dstIdx]&#x0A;    Which is: &apos;\0&apos;&#x0A;  borderValue&#x0A;    Which is: &apos;@&apos; (64, 0x40)&#x0A;Border value mismatch at (21,3)&#x0A;" type=""><![CDATA[/home/cjxu/npp/test/unit/nppi/nppi_geometry_transforms/test_nppi_copyConstBorder.cpp:67
Expected equality of these values:
  dstData[dstIdx]
    Which is: '\0'
  borderValue
    Which is: '@' (64, 0x40)
Border value mismatch at (21,3)
]]></failure>
      <failure message="/home/cjxu/npp/test/unit/nppi/nppi_geometry_transforms/test_nppi_copyConstBorder.cpp:67&#x0A;Expected equality of these values:&#x0A;  dstData[dstIdx]&#x0A;    Which is: &apos;\0&apos;&#x0A;  borderValue&#x0A;    Which is: &apos;@&apos; (64, 0x40)&#x0A;Border value mismatch at (22,3)&#x0A;" type=""><![CDATA[/home/cjxu/npp/test/unit/nppi/nppi_geometry_transforms/test_nppi_copyConstBorder.cpp:67
Expected equality of these values:
  dstData[dstIdx]
    Which is: '\0'
  borderValue
    Which is: '@' (64, 0x40)
Border value mismatch at (22,3)
]]></failure>
      <failure message="/home/cjxu/npp/test/unit/nppi/nppi_geometry_transforms/test_nppi_copyConstBorder.cpp:67&#x0A;Expected equality of these values:&#x0A;  dstData[dstIdx]&#x0A;    Which is: &apos;\0&apos;&#x0A;  borderValue&#x0A;    Which is: &apos;@&apos; (64, 0x40)&#x0A;Border value mismatch at (23,3)&#x0A;" type=""><![CDATA[/home/cjxu/npp/test/unit/nppi/nppi_geometry_transforms/test_nppi_copyConstBorder.cpp:67
Expected equality of these values:
  dstData[dstIdx]
    Which is: '\0'
  borderValue
    Which is: '@' (64, 0x40)
Border value mismatch at (23,3)
]]></failure>
      <failure message="/home/cjxu/npp/test/unit/nppi/nppi_geometry_transforms/test_nppi_copyConstBorder.cpp:67&#x0A;Expected equality of these values:&#x0A;  dstData[dstIdx]&#x0A;    Which is: &apos;\0&apos;&#x0A;  borderValue&#x0A;    Which is: &apos;@&apos; (64, 0x40)&#x0A;Border value mismatch at (0,4)&#x0A;" type=""><![CDATA[/home/cjxu/npp/test/unit/nppi/nppi_geometry_transforms/test_nppi_copyConstBorder.cpp:67
Expected equality of these values:
  dstData[dstIdx]
    Which is: '\0'
  borderValue
    Which is: '@' (64, 0x40)
Border value mismatch at (0,4)
]]></failure>
      <failure message="/home/cjxu/npp/test/unit/nppi/nppi_geometry_transforms/test_nppi_copyConstBorder.cpp:67&#x0A;Expected equality of these values:&#x0A;  dstData[dstIdx]&#x0A;    Which is: &apos;\0&apos;&#x0A;  borderValue&#x0A;    Which is: &apos;@&apos; (64, 0x40)&#x0A;Border value mismatch at (1,4)&#x0A;" type=""><![CDATA[/home/cjxu/npp/test/unit/nppi/nppi_geometry_transforms/test_nppi_copyConstBorder.cpp:67
Expected equality of these values:
  dstData[dstIdx]
    Which is: '\0'
  borderValue
    Which is: '@' (64, 0x40)
Border value mismatch at (1,4)
]]></failure>
      <failure message="/home/cjxu/npp/test/unit/nppi/nppi_geometry_transforms/test_nppi_copyConstBorder.cpp:67&#x0A;Expected equality of these values:&#x0A;  dstData[dstIdx]&#x0A;    Which is: &apos;\0&apos;&#x0A;  borderValue&#x0A;    Which is: &apos;@&apos; (64, 0x40)&#x0A;Border value mismatch at (2,4)&#x0A;" type=""><![CDATA[/home/cjxu/npp/test/unit/nppi/nppi_geometry_transforms/test_nppi_copyConstBorder.cpp:67
Expected equality of these values:
  dstData[dstIdx]
    Which is: '\0'
  borderValue
    Which is: '@' (64, 0x40)
Border value mismatch at (2,4)
]]></failure>
      <failure message="/home/cjxu/npp/test/unit/nppi/nppi_geometry_transforms/test_nppi_copyConstBorder.cpp:63&#x0A;Expected equality of these values:&#x0A;  dstData[dstIdx]&#x0A;    Which is: &apos;\0&apos;&#x0A;  srcData[srcIdx]&#x0A;    Which is: &apos;\xBB&apos; (187)&#x0A;Source copy mismatch at dst(3,4) src(0,0)&#x0A;" type=""><![CDATA[/home/cjxu/npp/test/unit/nppi/nppi_geometry_transforms/test_nppi_copyConstBorder.cpp:63
Expected equality of these values:
  dstData[dstIdx]
    Which is: '\0'
  srcData[srcIdx]
    Which is: '\xBB' (187)
Source copy mismatch at dst(3,4) src(0,0)
]]></failure>
      <failure message="/home/cjxu/npp/test/unit/nppi/nppi_geometry_transforms/test_nppi_copyConstBorder.cpp:63&#x0A;Expected equality of these values:&#x0A;  dstData[dstIdx]&#x0A;    Which is: &apos;\0&apos;&#x0A;  srcData[srcIdx]&#x0A;    Which is: &apos;\xC7&apos; (199)&#x0A;Source copy mismatch at dst(4,4) src(1,0)&#x0A;" type=""><![CDATA[/home/cjxu/npp/test/unit/nppi/nppi_geometry_transforms/test_nppi_copyConstBorder.cpp:63
Expected equality of these values:
  dstData[dstIdx]
    Which is: '\0'
  srcData[srcIdx]
    Which is: '\xC7' (199)
Source copy mismatch at dst(4,4) src(1,0)
]]></failure>
      <failure message="/home/cjxu/npp/test/unit/nppi/nppi_geometry_transforms/test_nppi_copyConstBorder.cpp:63&#x0A;Expected equality of these values:&#x0A;  dstData[dstIdx]&#x0A;    Which is: &apos;\0&apos;&#x0A;  srcData[srcIdx]&#x0A;    Which is: &apos;A&apos; (65, 0x41)&#x0A;Source copy mismatch at dst(5,4) src(2,0)&#x0A;" type=""><![CDATA[/home/cjxu/npp/test/unit/nppi/nppi_geometry_transforms/test_nppi_copyConstBorder.cpp:63
Expected equality of these values:
  dstData[dstIdx]
    Which is: '\0'
  srcData[srcIdx]
    Which is: 'A' (65, 0x41)
Source copy mismatch at dst(5,4) src(2,0)
]]></failure>
      <failure message="/home/cjxu/npp/test/unit/nppi/nppi_geometry_transforms/test_nppi_copyConstBorder.cpp:63&#x0A;Expected equality of these values:&#x0A;  dstData[dstIdx]&#x0A;    Which is: &apos;\0&apos;&#x0A;  srcData[srcIdx]&#x0A;    Which is: &apos;\xCA&apos; (202)&#x0A;Source copy mismatch at dst(6,4) src(3,0)&#x0A;" type=""><![CDATA[/home/cjxu/npp/test/unit/nppi/nppi_geometry_transforms/test_nppi_copyConstBorder.cpp:63
Expected equality of these values:
  dstData[dstIdx]
    Which is: '\0'
  srcData[srcIdx]
    Which is: '\xCA' (202)
Source copy mismatch at dst(6,4) src(3,0)
]]></failure>
      <failure message="/home/cjxu/npp/test/unit/nppi/nppi_geometry_transforms/test_nppi_copyConstBorder.cpp:63&#x0A;Expected equality of these values:&#x0A;  dstData[dstIdx]&#x0A;    Which is: &apos;\0&apos;&#x0A;  srcData[srcIdx]&#x0A;    Which is: &apos;\x96&apos; (150)&#x0A;Source copy mismatch at dst(7,4) src(4,0)&#x0A;" type=""><![CDATA[/home/cjxu/npp/test/unit/nppi/nppi_geometry_transforms/test_nppi_copyConstBorder.cpp:63
Expected equality of these values:
  dstData[dstIdx]
    Which is: '\0'
  srcData[srcIdx]
    Which is: '\x96' (150)
Source copy mismatch at dst(7,4) src(4,0)
]]></failure>
      <failure message="/home/cjxu/npp/test/unit/nppi/nppi_geometry_transforms/test_nppi_copyConstBorder.cpp:63&#x0A;Expected equality of these values:&#x0A;  dstData[dstIdx]&#x0A;    Which is: &apos;\0&apos;&#x0A;  srcData[srcIdx]&#x0A;    Which is: &apos;\x94&apos; (148)&#x0A;Source copy mismatch at dst(8,4) src(5,0)&#x0A;" type=""><![CDATA[/home/cjxu/npp/test/unit/nppi/nppi_geometry_transforms/test_nppi_copyConstBorder.cpp:63
Expected equality of these values:
  dstData[dstIdx]
    Which is: '\0'
  srcData[srcIdx]
    Which is: '\x94' (148)
Source copy mismatch at dst(8,4) src(5,0)
]]></failure>
      <failure message="/home/cjxu/npp/test/unit/nppi/nppi_geometry_transforms/test_nppi_copyConstBorder.cpp:63&#x0A;Expected equality of these values:&#x0A;  dstData[dstIdx]&#x0A;    Which is: &apos;\0&apos;&#x0A;  srcData[srcIdx]&#x0A;    Which is: &apos;\x85&apos; (133)&#x0A;Source copy mismatch at dst(9,4) src(6,0)&#x0A;" type=""><![CDATA[/home/cjxu/npp/test/unit/nppi/nppi_geometry_transforms/test_nppi_copyConstBorder.cpp:63
Expected equality of these values:
  dstData[dstIdx]
    Which is: '\0'
  srcData[srcIdx]
    Which is: '\x85' (133)
Source copy mismatch at dst(9,4) src(6,0)
]]></failure>
      <failure message="/home/cjxu/npp/test/unit/nppi/nppi_geometry_transforms/test_nppi_copyConstBorder.cpp:63&#x0A;Expected equality of these values:&#x0A;  dstData[dstIdx]&#x0A;    Which is: &apos;\0&apos;&#x0A;  srcData[srcIdx]&#x0A;    Which is: &apos;\\&apos; (92, 0x5C)&#x0A;Source copy mismatch at dst(10,4) src(7,0)&#x0A;" type=""><![CDATA[/home/cjxu/npp/test/unit/nppi/nppi_geometry_transforms/test_nppi_copyConstBorder.cpp:63
Expected equality of these values:
  dstData[dstIdx]
    Which is: '\0'
  srcData[srcIdx]
    Which is: '\\' (92, 0x5C)
Source copy mismatch at dst(10,4) src(7,0)
]]></failure>
      <failure message="/home/cjxu/npp/test/unit/nppi/nppi_geometry_transforms/test_nppi_copyConstBorder.cpp:63&#x0A;Expected equality of these values:&#x0A;  dstData[dstIdx]&#x0A;    Which is: &apos;\0&apos;&#x0A;  srcData[srcIdx]&#x0A;    Which is: &apos;\x1F&apos; (31)&#x0A;Source copy mismatch at dst(11,4) src(8,0)&#x0A;" type=""><![CDATA[/home/cjxu/npp/test/unit/nppi/nppi_geometry_transforms/test_nppi_copyConstBorder.cpp:63
Expected equality of these values:
  dstData[dstIdx]
    Which is: '\0'
  srcData[srcIdx]
    Which is: '\x1F' (31)
Source copy mismatch at dst(11,4) src(8,0)
]]></failure>
      <failure message="/home/cjxu/npp/test/unit/nppi/nppi_geometry_transforms/test_nppi_copyConstBorder.cpp:63&#x0A;Expected equality of these values:&#x0A;  dstData[dstIdx]&#x0A;    Which is: &apos;\0&apos;&#x0A;  srcData[srcIdx]&#x0A;    Which is: &apos;\xEE&apos; (238)&#x0A;Source copy mismatch at dst(12,4) src(9,0)&#x0A;" type=""><![CDATA[/home/cjxu/npp/test/unit/nppi/nppi_geometry_transforms/test_nppi_copyConstBorder.cpp:63
Expected equality of these values:
  dstData[dstIdx]
    Which is: '\0'
  srcData[srcIdx]
    Which is: '\xEE' (238)
Source copy mismatch at dst(12,4) src(9,0)
]]></failure>
      <failure message="/home/cjxu/npp/test/unit/nppi/nppi_geometry_transforms/test_nppi_copyConstBorder.cpp:63&#x0A;Expected equality of these values:&#x0A;  dstData[dstIdx]&#x0A;    Which is: &apos;\0&apos;&#x0A;  srcData[srcIdx]&#x0A;    Which is: &apos;\x98&apos; (152)&#x0A;Source copy mismatch at dst(13,4) src(10,0)&#x0A;" type=""><![CDATA[/home/cjxu/npp/test/unit/nppi/nppi_geometry_transforms/test_nppi_copyConstBorder.cpp:63
Expected equality of these values:
  dstData[dstIdx]
    Which is: '\0'
  srcData[srcIdx]
    Which is: '\x98' (152)
Source copy mismatch at dst(13,4) src(10,0)
]]></failure>
      <failure message="/home/cjxu/npp/test/unit/nppi/nppi_geometry_transforms/test_nppi_copyConstBorder.cpp:63&#x0A;Expected equality of these values:&#x0A;  dstData[dstIdx]&#x0A;    Which is: &apos;\0&apos;&#x0A;  srcData[srcIdx]&#x0A;    Which is: &apos;\xE8&apos; (232)&#x0A;Source copy mismatch at dst(14,4) src(11,0)&#x0A;" type=""><![CDATA[/home/cjxu/npp/test/unit/nppi/nppi_geometry_transforms/test_nppi_copyConstBorder.cpp:63
Expected equality of these values:
  dstData[dstIdx]
    Which is: '\0'
  srcData[srcIdx]
    Which is: '\xE8' (232)
Source copy mismatch at dst(14,4) src(11,0)
]]></failure>
      <failure message="/home/cjxu/npp/test/unit/nppi/nppi_geometry_transforms/test_nppi_copyConstBorder.cpp:63&#x0A;Expected equality of these values:&#x0A;  dstData[dstIdx]&#x0A;    Which is: &apos;\0&apos;&#x0A;  srcData[srcIdx]&#x0A;    Which is: &apos;\x15&apos; (21)&#x0A;Source copy mismatch at dst(15,4) src(12,0)&#x0A;" type=""><![CDATA[/home/cjxu/npp/test/unit/nppi/nppi_geometry_transforms/test_nppi_copyConstBorder.cpp:63
Expected equality of these values:
  dstData[dstIdx]
    Which is: '\0'
  srcData[srcIdx]
    Which is: '\x15' (21)
Source copy mismatch at dst(15,4) src(12,0)
]]></failure>
      <failure message="/home/cjxu/npp/test/unit/nppi/nppi_geometry_transforms/test_nppi_copyConstBorder.cpp:63&#x0A;Expected equality of these values:&#x0A;  dstData[dstIdx]&#x0A;    Which is: &apos;\0&apos;&#x0A;  srcData[srcIdx]&#x0A;    Which is: &apos;\x86&apos; (134)&#x0A;Source copy mismatch at dst(16,4) src(13,0)&#x0A;" type=""><![CDATA[/home/cjxu/npp/test/unit/nppi/nppi_geometry_transforms/test_nppi_copyConstBorder.cpp:63
Expected equality of these values:
  dstData[dstIdx]
    Which is: '\0'
  srcData[srcIdx]
    Which is: '\x86' (134)
Source copy mismatch at dst(16,4) src(13,0)
]]></failure>
      <failure message="/home/cjxu/npp/test/unit/nppi/nppi_geometry_transforms/test_nppi_copyConstBorder.cpp:63&#x0A;Expected equality of these values:&#x0A;  dstData[dstIdx]&#x0A;    Which is: &apos;\0&apos;&#x0A;  srcData[srcIdx]&#x0A;    Which is: &apos;\x9F&apos; (159)&#x0A;Source copy mismatch at dst(18,4) src(15,0)&#x0A;" type=""><![CDATA[/home/cjxu/npp/test/unit/nppi/nppi_geometry_transforms/test_nppi_copyConstBorder.cpp:63
Expected equality of these values:
  dstData[dstIdx]
    Which is: '\0'
  srcData[srcIdx]
    Which is: '\x9F' (159)
Source copy mismatch at dst(18,4) src(15,0)
]]></failure>
      <failure message="/home/cjxu/npp/test/unit/nppi/nppi_geometry_transforms/test_nppi_copyConstBorder.cpp:67&#x0A;Expected equality of these values:&#x0A;  dstData[dstIdx]&#x0A;    Which is: &apos;\0&apos;&#x0A;  borderValue&#x0A;    Which is: &apos;@&apos; (64, 0x40)&#x0A;Border value mismatch at (19,4)&#x0A;" type=""><![CDATA[/home/cjxu/npp/test/unit/nppi/nppi_geometry_transforms/test_nppi_copyConstBorder.cpp:67
Expected equality of these values:
  dstData[dstIdx]
    Which is: '\0'
  borderValue
    Which is: '@' (64, 0x40)
Border value mismatch at (19,4)
]]></failure>
      <failure message="/home/cjxu/npp/test/unit/nppi/nppi_geometry_transforms/test_nppi_copyConstBorder.cpp:67&#x0A;Expected equality of these values:&#x0A;  dstData[dstIdx]&#x0A;    Which is: &apos;\0&apos;&#x0A;  borderValue&#x0A;    Which is: &apos;@&apos; (64, 0x40)&#x0A;Border value mismatch at (20,4)&#x0A;" type=""><![CDATA[/home/cjxu/npp/test/unit/nppi/nppi_geometry_transforms/test_nppi_copyConstBorder.cpp:67
Expected equality of these values:
  dstData[dstIdx]
    Which is: '\0'
  borderValue
    Which is: '@' (64, 0x40)
Border value mismatch at (20,4)
]]></failure>
      <failure message="/home/cjxu/npp/test/unit/nppi/nppi_geometry_transforms/test_nppi_copyConstBorder.cpp:67&#x0A;Expected equality of these values:&#x0A;  dstData[dstIdx]&#x0A;    Which is: &apos;\0&apos;&#x0A;  borderValue&#x0A;    Which is: &apos;@&apos; (64, 0x40)&#x0A;Border value mismatch at (21,4)&#x0A;" type=""><![CDATA[/home/cjxu/npp/test/unit/nppi/nppi_geometry_transforms/test_nppi_copyConstBorder.cpp:67
Expected equality of these values:
  dstData[dstIdx]
    Which is: '\0'
  borderValue
    Which is: '@' (64, 0x40)
Border value mismatch at (21,4)
]]></failure>
      <failure message="/home/cjxu/npp/test/unit/nppi/nppi_geometry_transforms/test_nppi_copyConstBorder.cpp:67&#x0A;Expected equality of these values:&#x0A;  dstData[dstIdx]&#x0A;    Which is: &apos;\0&apos;&#x0A;  borderValue&#x0A;    Which is: &apos;@&apos; (64, 0x40)&#x0A;Border value mismatch at (22,4)&#x0A;" type=""><![CDATA[/home/cjxu/npp/test/unit/nppi/nppi_geometry_transforms/test_nppi_copyConstBorder.cpp:67
Expected equality of these values:
  dstData[dstIdx]
    Which is: '\0'
  borderValue
    Which is: '@' (64, 0x40)
Border value mismatch at (22,4)
]]></failure>
      <failure message="/home/cjxu/npp/test/unit/nppi/nppi_geometry_transforms/test_nppi_copyConstBorder.cpp:67&#x0A;Expected equality of these values:&#x0A;  dstData[dstIdx]&#x0A;    Which is: &apos;\0&apos;&#x0A;  borderValue&#x0A;    Which is: &apos;@&apos; (64, 0x40)&#x0A;Border value mismatch at (23,4)&#x0A;" type=""><![CDATA[/home/cjxu/npp/test/unit/nppi/nppi_geometry_transforms/test_nppi_copyConstBorder.cpp:67
Expected equality of these values:
  dstData[dstIdx]
    Which is: '\0'
  borderValue
    Which is: '@' (64, 0x40)
Border value mismatch at (23,4)
]]></failure>
      <failure message="/home/cjxu/npp/test/unit/nppi/nppi_geometry_transforms/test_nppi_copyConstBorder.cpp:67&#x0A;Expected equality of these values:&#x0A;  dstData[dstIdx]&#x0A;    Which is: &apos;\0&apos;&#x0A;  borderValue&#x0A;    Which is: &apos;@&apos; (64, 0x40)&#x0A;Border value mismatch at (0,5)&#x0A;" type=""><![CDATA[/home/cjxu/npp/test/unit/nppi/nppi_geometry_transforms/test_nppi_copyConstBorder.cpp:67
Expected equality of these values:
  dstData[dstIdx]
    Which is: '\0'
  borderValue
    Which is: '@' (64, 0x40)
Border value mismatch at (0,5)
]]></failure>
      <failure message="/home/cjxu/npp/test/unit/nppi/nppi_geometry_transforms/test_nppi_copyConstBorder.cpp:67&#x0A;Expected equality of these values:&#x0A;  dstData[dstIdx]&#x0A;    Which is: &apos;\0&apos;&#x0A;  borderValue&#x0A;    Which is: &apos;@&apos; (64, 0x40)&#x0A;Border value mismatch at (1,5)&#x0A;" type=""><![CDATA[/home/cjxu/npp/test/unit/nppi/nppi_geometry_transforms/test_nppi_copyConstBorder.cpp:67
Expected equality of these values:
  dstData[dstIdx]
    Which is: '\0'
  borderValue
    Which is: '@' (64, 0x40)
Border value mismatch at (1,5)
]]></failure>
      <failure message="/home/cjxu/npp/test/unit/nppi/nppi_geometry_transforms/test_nppi_copyConstBorder.cpp:67&#x0A;Expected equality of these values:&#x0A;  dstData[dstIdx]&#x0A;    Which is: &apos;\0&apos;&#x0A;  borderValue&#x0A;    Which is: &apos;@&apos; (64, 0x40)&#x0A;Border value mismatch at (2,5)&#x0A;" type=""><![CDATA[/home/cjxu/npp/test/unit/nppi/nppi_geometry_transforms/test_nppi_copyConstBorder.cpp:67
Expected equality of these values:
  dstData[dstIdx]
    Which is: '\0'
  borderValue
    Which is: '@' (64, 0x40)
Border value mismatch at (2,5)
]]></failure>
      <failure message="/home/cjxu/npp/test/unit/nppi/nppi_geometry_transforms/test_nppi_copyConstBorder.cpp:63&#x0A;Expected equality of these values:&#x0A;  dstData[dstIdx]&#x0A;    Which is: &apos;\0&apos;&#x0A;  srcData[srcIdx]&#x0A;    Which is: &apos;K&apos; (75, 0x4B)&#x0A;Source copy mismatch at dst(3,5) src(0,1)&#x0A;" type=""><![CDATA[/home/cjxu/npp/test/unit/nppi/nppi_geometry_transforms/test_nppi_copyConstBorder.cpp:63
Expected equality of these values:
  dstData[dstIdx]
    Which is: '\0'
  srcData[srcIdx]
    Which is: 'K' (75, 0x4B)
Source copy mismatch at dst(3,5) src(0,1)
]]></failure>
      <failure message="/home/cjxu/npp/test/unit/nppi/nppi_geometry_transforms/test_nppi_copyConstBorder.cpp:63&#x0A;Expected equality of these values:&#x0A;  dstData[dstIdx]&#x0A;    Which is: &apos;\0&apos;&#x0A;  srcData[srcIdx]&#x0A;    Which is: &apos;E&apos; (69, 0x45)&#x0A;Source copy mismatch at dst(4,5) src(1,1)&#x0A;" type=""><![CDATA[/home/cjxu/npp/test/unit/nppi/nppi_geometry_transforms/test_nppi_copyConstBorder.cpp:63
Expected equality of these values:
  dstData[dstIdx]
    Which is: '\0'
  srcData[srcIdx]
    Which is: 'E' (69, 0x45)
Source copy mismatch at dst(4,5) src(1,1)
]]></failure>
      <failure message="/home/cjxu/npp/test/unit/nppi/nppi_geometry_transforms/test_nppi_copyConstBorder.cpp:63&#x0A;Expected equality of these values:&#x0A;  dstData[dstIdx]&#x0A;    Which is: &apos;\0&apos;&#x0A;  srcData[srcIdx]&#x0A;    Which is: &apos;\x18&apos; (24)&#x0A;Source copy mismatch at dst(5,5) src(2,1)&#x0A;" type=""><![CDATA[/home/cjxu/npp/test/unit/nppi/nppi_geometry_transforms/test_nppi_copyConstBorder.cpp:63
Expected equality of these values:
  dstData[dstIdx]
    Which is: '\0'
  srcData[srcIdx]
    Which is: '\x18' (24)
Source copy mismatch at dst(5,5) src(2,1)
]]></failure>
      <failure message="/home/cjxu/npp/test/unit/nppi/nppi_geometry_transforms/test_nppi_copyConstBorder.cpp:63&#x0A;Expected equality of these values:&#x0A;  dstData[dstIdx]&#x0A;    Which is: &apos;\0&apos;&#x0A;  srcData[srcIdx]&#x0A;    Which is: &apos;\xFB&apos; (251)&#x0A;Source copy mismatch at dst(6,5) src(3,1)&#x0A;" type=""><![CDATA[/home/cjxu/npp/test/unit/nppi/nppi_geometry_transforms/test_nppi_copyConstBorder.cpp:63
Expected equality of these values:
  dstData[dstIdx]
    Which is: '\0'
  srcData[srcIdx]
    Which is: '\xFB' (251)
Source copy mismatch at dst(6,5) src(3,1)
]]></failure>
      <failure message="/home/cjxu/npp/test/unit/nppi/nppi_geometry_transforms/test_nppi_copyConstBorder.cpp:63&#x0A;Expected equality of these values:&#x0A;  dstData[dstIdx]&#x0A;    Which is: &apos;\0&apos;&#x0A;  srcData[srcIdx]&#x0A;    Which is: &apos;1&apos; (49, 0x31)&#x0A;Source copy mismatch at dst(7,5) src(4,1)&#x0A;" type=""><![CDATA[/home/cjxu/npp/test/unit/nppi/nppi_geometry_transforms/test_nppi_copyConstBorder.cpp:63
Expected equality of these values:
  dstData[dstIdx]
    Which is: '\0'
  srcData[srcIdx]
    Which is: '1' (49, 0x31)
Source copy mismatch at dst(7,5) src(4,1)
]]></failure>
      <failure message="/home/cjxu/npp/test/unit/nppi/nppi_geometry_transforms/test_nppi_copyConstBorder.cpp:63&#x0A;Expected equality of these values:&#x0A;  dstData[dstIdx]&#x0A;    Which is: &apos;\0&apos;&#x0A;  srcData[srcIdx]&#x0A;    Which is: &apos;\xE1&apos; (225)&#x0A;Source copy mismatch at dst(8,5) src(5,1)&#x0A;" type=""><![CDATA[/home/cjxu/npp/test/unit/nppi/nppi_geometry_transforms/test_nppi_copyConstBorder.cpp:63
Expected equality of these values:
  dstData[dstIdx]
    Which is: '\0'
  srcData[srcIdx]
    Which is: '\xE1' (225)
Source copy mismatch at dst(8,5) src(5,1)
]]></failure>
      <failure message="/home/cjxu/npp/test/unit/nppi/nppi_geometry_transforms/test_nppi_copyConstBorder.cpp:63&#x0A;Expected equality of these values:&#x0A;  dstData[dstIdx]&#x0A;    Which is: &apos;\0&apos;&#x0A;  srcData[srcIdx]&#x0A;    Which is: &apos;\x13&apos; (19)&#x0A;Source copy mismatch at dst(9,5) src(6,1)&#x0A;" type=""><![CDATA[/home/cjxu/npp/test/unit/nppi/nppi_geometry_transforms/test_nppi_copyConstBorder.cpp:63
Expected equality of these values:
  dstData[dstIdx]
    Which is: '\0'
  srcData[srcIdx]
    Which is: '\x13' (19)
Source copy mismatch at dst(9,5) src(6,1)
]]></failure>
      <failure message="/home/cjxu/npp/test/unit/nppi/nppi_geometry_transforms/test_nppi_copyConstBorder.cpp:63&#x0A;Expected equality of these values:&#x0A;  dstData[dstIdx]&#x0A;    Which is: &apos;\0&apos;&#x0A;  srcData[srcIdx]&#x0A;    Which is: &apos;-&apos; (45, 0x2D)&#x0A;Source copy mismatch at dst(10,5) src(7,1)&#x0A;" type=""><![CDATA[/home/cjxu/npp/test/unit/nppi/nppi_geometry_transforms/test_nppi_copyConstBorder.cpp:63
Expected equality of these values:
  dstData[dstIdx]
    Which is: '\0'
  srcData[srcIdx]
    Which is: '-' (45, 0x2D)
Source copy mismatch at dst(10,5) src(7,1)
]]></failure>
      <failure message="/home/cjxu/npp/test/unit/nppi/nppi_geometry_transforms/test_nppi_copyConstBorder.cpp:63&#x0A;Expected equality of these values:&#x0A;  dstData[dstIdx]&#x0A;    Which is: &apos;\0&apos;&#x0A;  srcData[srcIdx]&#x0A;    Which is: &apos;]&apos; (93, 0x5D)&#x0A;Source copy mismatch at dst(11,5) src(8,1)&#x0A;" type=""><![CDATA[/home/cjxu/npp/test/unit/nppi/nppi_geometry_transforms/test_nppi_copyConstBorder.cpp:63
Expected equality of these values:
  dstData[dstIdx]
    Which is: '\0'
  srcData[srcIdx]
    Which is: ']' (93, 0x5D)
Source copy mismatch at dst(11,5) src(8,1)
]]></failure>
      <failure message="/home/cjxu/npp/test/unit/nppi/nppi_geometry_transforms/test_nppi_copyConstBorder.cpp:63&#x0A;Expected equality of these values:&#x0A;  dstData[dstIdx]&#x0A;    Which is: &apos;\0&apos;&#x0A;  srcData[srcIdx]&#x0A;    Which is: &apos;\xFD&apos; (253)&#x0A;Source copy mismatch at dst(12,5) src(9,1)&#x0A;" type=""><![CDATA[/home/cjxu/npp/test/unit/nppi/nppi_geometry_transforms/test_nppi_copyConstBorder.cpp:63
Expected equality of these values:
  dstData[dstIdx]
    Which is: '\0'
  srcData[srcIdx]
    Which is: '\xFD' (253)
Source copy mismatch at dst(12,5) src(9,1)
]]></failure>
      <failure message="/home/cjxu/npp/test/unit/nppi/nppi_geometry_transforms/test_nppi_copyConstBorder.cpp:63&#x0A;Expected equality of these values:&#x0A;  dstData[dstIdx]&#x0A;    Which is: &apos;\0&apos;&#x0A;  srcData[srcIdx]&#x0A;    Which is: &apos;\x3&apos; (3)&#x0A;Source copy mismatch at dst(13,5) src(10,1)&#x0A;" type=""><![CDATA[/home/cjxu/npp/test/unit/nppi/nppi_geometry_transforms/test_nppi_copyConstBorder.cpp:63
Expected equality of these values:
  dstData[dstIdx]
    Which is: '\0'
  srcData[srcIdx]
    Which is: '\x3' (3)
Source copy mismatch at dst(13,5) src(10,1)
]]></failure>
      <failure message="/home/cjxu/npp/test/unit/nppi/nppi_geometry_transforms/test_nppi_copyConstBorder.cpp:63&#x0A;Expected equality of these values:&#x0A;  dstData[dstIdx]&#x0A;    Which is: &apos;\0&apos;&#x0A;  srcData[srcIdx]&#x0A;    Which is: &apos;n&apos; (110, 0x6E)&#x0A;Source copy mismatch at dst(14,5) src(11,1)&#x0A;" type=""><![CDATA[/home/cjxu/npp/test/unit/nppi/nppi_geometry_transforms/test_nppi_copyConstBorder.cpp:63
Expected equality of these values:
  dstData[dstIdx]
    Which is: '\0'
  srcData[srcIdx]
    Which is: 'n' (110, 0x6E)
Source copy mismatch at dst(14,5) src(11,1)
]]></failure>
      <failure message="/home/cjxu/npp/test/unit/nppi/nppi_geometry_transforms/test_nppi_copyConstBorder.cpp:63&#x0A;Expected equality of these values:&#x0A;  dstData[dstIdx]&#x0A;    Which is: &apos;\0&apos;&#x0A;  srcData[srcIdx]&#x0A;    Which is: &apos;\xE0&apos; (224)&#x0A;Source copy mismatch at dst(15,5) src(12,1)&#x0A;" type=""><![CDATA[/home/cjxu/npp/test/unit/nppi/nppi_geometry_transforms/test_nppi_copyConstBorder.cpp:63
Expected equality of these values:
  dstData[dstIdx]
    Which is: '\0'
  srcData[srcIdx]
    Which is: '\xE0' (224)
Source copy mismatch at dst(15,5) src(12,1)
]]></failure>
      <failure message="/home/cjxu/npp/test/unit/nppi/nppi_geometry_transforms/test_nppi_copyConstBorder.cpp:63&#x0A;Expected equality of these values:&#x0A;  dstData[dstIdx]&#x0A;    Which is: &apos;\0&apos;&#x0A;  srcData[srcIdx]&#x0A;    Which is: &apos;\xF8&apos; (248)&#x0A;Source copy mismatch at dst(16,5) src(13,1)&#x0A;" type=""><![CDATA[/home/cjxu/npp/test/unit/nppi/nppi_geometry_transforms/test_nppi_copyConstBorder.cpp:63
Expected equality of these values:
  dstData[dstIdx]
    Which is: '\0'
  srcData[srcIdx]
    Which is: '\xF8' (248)
Source copy mismatch at dst(16,5) src(13,1)
]]></failure>
      <failure message="/home/cjxu/npp/test/unit/nppi/nppi_geometry_transforms/test_nppi_copyConstBorder.cpp:63&#x0A;Expected equality of these values:&#x0A;  dstData[dstIdx]&#x0A;    Which is: &apos;\0&apos;&#x0A;  srcData[srcIdx]&#x0A;    Which is: &apos;\x80&apos; (128)&#x0A;Source copy mismatch at dst(17,5) src(14,1)&#x0A;" type=""><![CDATA[/home/cjxu/npp/test/unit/nppi/nppi_geometry_transforms/test_nppi_copyConstBorder.cpp:63
Expected equality of these values:
  dstData[dstIdx]
    Which is: '\0'
  srcData[srcIdx]
    Which is: '\x80' (128)
Source copy mismatch at dst(17,5) src(14,1)
]]></failure>
      <failure message="/home/cjxu/npp/test/unit/nppi/nppi_geometry_transforms/test_nppi_copyConstBorder.cpp:63&#x0A;Expected equality of these values:&#x0A;  dstData[dstIdx]&#x0A;    Which is: &apos;\0&apos;&#x0A;  srcData[srcIdx]&#x0A;    Which is: &apos;\x9C&apos; (156)&#x0A;Source copy mismatch at dst(18,5) src(15,1)&#x0A;" type=""><![CDATA[/home/cjxu/npp/test/unit/nppi/nppi_geometry_transforms/test_nppi_copyConstBorder.cpp:63
Expected equality of these values:
  dstData[dstIdx]
    Which is: '\0'
  srcData[srcIdx]
    Which is: '\x9C' (156)
Source copy mismatch at dst(18,5) src(15,1)
]]></failure>
      <failure message="/home/cjxu/npp/test/unit/nppi/nppi_geometry_transforms/test_nppi_copyConstBorder.cpp:67&#x0A;Expected equality of these values:&#x0A;  dstData[dstIdx]&#x0A;    Which is: &apos;\0&apos;&#x0A;  borderValue&#x0A;    Which is: &apos;@&apos; (64, 0x40)&#x0A;Border value mismatch at (19,5)&#x0A;" type=""><![CDATA[/home/cjxu/npp/test/unit/nppi/nppi_geometry_transforms/test_nppi_copyConstBorder.cpp:67
Expected equality of these values:
  dstData[dstIdx]
    Which is: '\0'
  borderValue
    Which is: '@' (64, 0x40)
Border value mismatch at (19,5)
]]></failure>
      <failure message="/home/cjxu/npp/test/unit/nppi/nppi_geometry_transforms/test_nppi_copyConstBorder.cpp:67&#x0A;Expected equality of these values:&#x0A;  dstData[dstIdx]&#x0A;    Which is: &apos;\0&apos;&#x0A;  borderValue&#x0A;    Which is: &apos;@&apos; (64, 0x40)&#x0A;Border value mismatch at (20,5)&#x0A;" type=""><![CDATA[/home/cjxu/npp/test/unit/nppi/nppi_geometry_transforms/test_nppi_copyConstBorder.cpp:67
Expected equality of these values:
  dstData[dstIdx]
    Which is: '\0'
  borderValue
    Which is: '@' (64, 0x40)
Border value mismatch at (20,5)
]]></failure>
      <failure message="/home/cjxu/npp/test/unit/nppi/nppi_geometry_transforms/test_nppi_copyConstBorder.cpp:67&#x0A;Expected equality of these values:&#x0A;  dstData[dstIdx]&#x0A;    Which is: &apos;\0&apos;&#x0A;  borderValue&#x0A;    Which is: &apos;@&apos; (64, 0x40)&#x0A;Border value mismatch at (21,5)&#x0A;" type=""><![CDATA[/home/cjxu/npp/test/unit/nppi/nppi_geometry_transforms/test_nppi_copyConstBorder.cpp:67
Expected equality of these values:
  dstData[dstIdx]
    Which is: '\0'
  borderValue
    Which is: '@' (64, 0x40)
Border value mismatch at (21,5)
]]></failure>
      <failure message="/home/cjxu/npp/test/unit/nppi/nppi_geometry_transforms/test_nppi_copyConstBorder.cpp:67&#x0A;Expected equality of these values:&#x0A;  dstData[dstIdx]&#x0A;    Which is: &apos;\0&apos;&#x0A;  borderValue&#x0A;    Which is: &apos;@&apos; (64, 0x40)&#x0A;Border value mismatch at (22,5)&#x0A;" type=""><![CDATA[/home/cjxu/npp/test/unit/nppi/nppi_geometry_transforms/test_nppi_copyConstBorder.cpp:67
Expected equality of these values:
  dstData[dstIdx]
    Which is: '\0'
  borderValue
    Which is: '@' (64, 0x40)
Border value mismatch at (22,5)
]]></failure>
      <failure message="/home/cjxu/npp/test/unit/nppi/nppi_geometry_transforms/test_nppi_copyConstBorder.cpp:67&#x0A;Expected equality of these values:&#x0A;  dstData[dstIdx]&#x0A;    Which is: &apos;\0&apos;&#x0A;  borderValue&#x0A;    Which is: &apos;@&apos; (64, 0x40)&#x0A;Border value mismatch at (23,5)&#x0A;" type=""><![CDATA[/home/cjxu/npp/test/unit/nppi/nppi_geometry_transforms/test_nppi_copyConstBorder.cpp:67
Expected equality of these values:
  dstData[dstIdx]
    Which is: '\0'
  borderValue
    Which is: '@' (64, 0x40)
Border value mismatch at (23,5)
]]></failure>
      <failure message="/home/cjxu/npp/test/unit/nppi/nppi_geometry_transforms/test_nppi_copyConstBorder.cpp:67&#x0A;Expected equality of these values:&#x0A;  dstData[dstIdx]&#x0A;    Which is: &apos;\0&apos;&#x0A;  borderValue&#x0A;    Which is: &apos;@&apos; (64, 0x40)&#x0A;Border value mismatch at (0,6)&#x0A;" type=""><![CDATA[/home/cjxu/npp/test/unit/nppi/nppi_geometry_transforms/test_nppi_copyConstBorder.cpp:67
Expected equality of these values:
  dstData[dstIdx]
    Which is: '\0'
  borderValue
    Which is: '@' (64, 0x40)
Border value mismatch at (0,6)
]]></failure>
      <failure message="/home/cjxu/npp/test/unit/nppi/nppi_geometry_transforms/test_nppi_copyConstBorder.cpp:67&#x0A;Expected equality of these values:&#x0A;  dstData[dstIdx]&#x0A;    Which is: &apos;\0&apos;&#x0A;  borderValue&#x0A;    Which is: &apos;@&apos; (64, 0x40)&#x0A;Border value mismatch at (1,6)&#x0A;" type=""><![CDATA[/home/cjxu/npp/test/unit/nppi/nppi_geometry_transforms/test_nppi_copyConstBorder.cpp:67
Expected equality of these values:
  dstData[dstIdx]
    Which is: '\0'
  borderValue
    Which is: '@' (64, 0x40)
Border value mismatch at (1,6)
]]></failure>
      <failure message="/home/cjxu/npp/test/unit/nppi/nppi_geometry_transforms/test_nppi_copyConstBorder.cpp:67&#x0A;Expected equality of these values:&#x0A;  dstData[dstIdx]&#x0A;    Which is: &apos;\0&apos;&#x0A;  borderValue&#x0A;    Which is: &apos;@&apos; (64, 0x40)&#x0A;Border value mismatch at (2,6)&#x0A;" type=""><![CDATA[/home/cjxu/npp/test/unit/nppi/nppi_geometry_transforms/test_nppi_copyConstBorder.cpp:67
Expected equality of these values:
  dstData[dstIdx]
    Which is: '\0'
  borderValue
    Which is: '@' (64, 0x40)
Border value mismatch at (2,6)
]]></failure>
      <failure message="/home/cjxu/npp/test/unit/nppi/nppi_geometry_transforms/test_nppi_copyConstBorder.cpp:63&#x0A;Expected equality of these values:&#x0A;  dstData[dstIdx]&#x0A;    Which is: &apos;\0&apos;&#x0A;  srcData[srcIdx]&#x0A;    Which is: &apos;\xBF&apos; (191)&#x0A;Source copy mismatch at dst(3,6) src(0,2)&#x0A;" type=""><![CDATA[/home/cjxu/npp/test/unit/nppi/nppi_geometry_transforms/test_nppi_copyConstBorder.cpp:63
Expected equality of these values:
  dstData[dstIdx]
    Which is: '\0'
  srcData[srcIdx]
    Which is: '\xBF' (191)
Source copy mismatch at dst(3,6) src(0,2)
]]></failure>
      <failure message="/home/cjxu/npp/test/unit/nppi/nppi_geometry_transforms/test_nppi_copyConstBorder.cpp:63&#x0A;Expected equality of these values:&#x0A;  dstData[dstIdx]&#x0A;    Which is: &apos;\0&apos;&#x0A;  srcData[srcIdx]&#x0A;    Which is: &apos;\xC2&apos; (194)&#x0A;Source copy mismatch at dst(4,6) src(1,2)&#x0A;" type=""><![CDATA[/home/cjxu/npp/test/unit/nppi/nppi_geometry_transforms/test_nppi_copyConstBorder.cpp:63
Expected equality of these values:
  dstData[dstIdx]
    Which is: '\0'
  srcData[srcIdx]
    Which is: '\xC2' (194)
Source copy mismatch at dst(4,6) src(1,2)
]]></failure>
      <failure message="/home/cjxu/npp/test/unit/nppi/nppi_geometry_transforms/test_nppi_copyConstBorder.cpp:63&#x0A;Expected equality of these values:&#x0A;  dstData[dstIdx]&#x0A;    Which is: &apos;\0&apos;&#x0A;  srcData[srcIdx]&#x0A;    Which is: &apos;f&apos; (102, 0x66)&#x0A;Source copy mismatch at dst(5,6) src(2,2)&#x0A;" type=""><![CDATA[/home/cjxu/npp/test/unit/nppi/nppi_geometry_transforms/test_nppi_copyConstBorder.cpp:63
Expected equality of these values:
  dstData[dstIdx]
    Which is: '\0'
  srcData[srcIdx]
    Which is: 'f' (102, 0x66)
Source copy mismatch at dst(5,6) src(2,2)
]]></failure>
      <failure message="/home/cjxu/npp/test/unit/nppi/nppi_geometry_transforms/test_nppi_copyConstBorder.cpp:63&#x0A;Expected equality of these values:&#x0A;  dstData[dstIdx]&#x0A;    Which is: &apos;\0&apos;&#x0A;  srcData[srcIdx]&#x0A;    Which is: &apos;U&apos; (85, 0x55)&#x0A;Source copy mismatch at dst(6,6) src(3,2)&#x0A;" type=""><![CDATA[/home/cjxu/npp/test/unit/nppi/nppi_geometry_transforms/test_nppi_copyConstBorder.cpp:63
Expected equality of these values:
  dstData[dstIdx]
    Which is: '\0'
  srcData[srcIdx]
    Which is: 'U' (85, 0x55)
Source copy mismatch at dst(6,6) src(3,2)
]]></failure>
      <failure message="/home/cjxu/npp/test/unit/nppi/nppi_geometry_transforms/test_nppi_copyConstBorder.cpp:63&#x0A;Expected equality of these values:&#x0A;  dstData[dstIdx]&#x0A;    Which is: &apos;\0&apos;&#x0A;  srcData[srcIdx]&#x0A;    Which is: &apos;V&apos; (86, 0x56)&#x0A;Source copy mismatch at dst(7,6) src(4,2)&#x0A;" type=""><![CDATA[/home/cjxu/npp/test/unit/nppi/nppi_geometry_transforms/test_nppi_copyConstBorder.cpp:63
Expected equality of these values:
  dstData[dstIdx]
    Which is: '\0'
  srcData[srcIdx]
    Which is: 'V' (86, 0x56)
Source copy mismatch at dst(7,6) src(4,2)
]]></failure>
      <failure message="/home/cjxu/npp/test/unit/nppi/nppi_geometry_transforms/test_nppi_copyConstBorder.cpp:63&#x0A;Expected equality of these values:&#x0A;  dstData[dstIdx]&#x0A;    Which is: &apos;\0&apos;&#x0A;  srcData[srcIdx]&#x0A;    Which is: &apos;\xEB&apos; (235)&#x0A;Source copy mismatch at dst(8,6) src(5,2)&#x0A;" type=""><![CDATA[/home/cjxu/npp/test/unit/nppi/nppi_geometry_transforms/test_nppi_copyConstBorder.cpp:63
Expected equality of these values:
  dstData[dstIdx]
    Which is: '\0'
  srcData[srcIdx]
    Which is: '\xEB' (235)
Source copy mismatch at dst(8,6) src(5,2)
]]></failure>
      <failure message="/home/cjxu/npp/test/unit/nppi/nppi_geometry_transforms/test_nppi_copyConstBorder.cpp:63&#x0A;Expected equality of these values:&#x0A;  dstData[dstIdx]&#x0A;    Which is: &apos;\0&apos;&#x0A;  srcData[srcIdx]&#x0A;    Which is: &apos;\xB2&apos; (178)&#x0A;Source copy mismatch at dst(9,6) src(6,2)&#x0A;" type=""><![CDATA[/home/cjxu/npp/test/unit/nppi/nppi_geometry_transforms/test_nppi_copyConstBorder.cpp:63
Expected equality of these values:
  dstData[dstIdx]
    Which is: '\0'
  srcData[srcIdx]
    Which is: '\xB2' (178)
Source copy mismatch at dst(9,6) src(6,2)
]]></failure>
      <failure message="/home/cjxu/npp/test/unit/nppi/nppi_geometry_transforms/test_nppi_copyConstBorder.cpp:63&#x0A;Expected equality of these values:&#x0A;  dstData[dstIdx]&#x0A;    Which is: &apos;\0&apos;&#x0A;  srcData[srcIdx]&#x0A;    Which is: &apos;u&apos; (117, 0x75)&#x0A;Source copy mismatch at dst(10,6) src(7,2)&#x0A;" type=""><![CDATA[/home/cjxu/npp/test/unit/nppi/nppi_geometry_transforms/test_nppi_copyConstBorder.cpp:63
Expected equality of these values:
  dstData[dstIdx]
    Which is: '\0'
  srcData[srcIdx]
    Which is: 'u' (117, 0x75)
Source copy mismatch at dst(10,6) src(7,2)
]]></failure>
      <failure message="/home/cjxu/npp/test/unit/nppi/nppi_geometry_transforms/test_nppi_copyConstBorder.cpp:63&#x0A;Expected equality of these values:&#x0A;  dstData[dstIdx]&#x0A;    Which is: &apos;\0&apos;&#x0A;  srcData[srcIdx]&#x0A;    Which is: &apos;\xD9&apos; (217)&#x0A;Source copy mismatch at dst(11,6) src(8,2)&#x0A;" type=""><![CDATA[/home/cjxu/npp/test/unit/nppi/nppi_geometry_transforms/test_nppi_copyConstBorder.cpp:63
Expected equality of these values:
  dstData[dstIdx]
    Which is: '\0'
  srcData[srcIdx]
    Which is: '\xD9' (217)
Source copy mismatch at dst(11,6) src(8,2)
]]></failure>
      <failure message="/home/cjxu/npp/test/unit/nppi/nppi_geometry_transforms/test_nppi_copyConstBorder.cpp:63&#x0A;Expected equality of these values:&#x0A;  dstData[dstIdx]&#x0A;    Which is: &apos;\0&apos;&#x0A;  srcData[srcIdx]&#x0A;    Which is: &apos;J&apos; (74, 0x4A)&#x0A;Source copy mismatch at dst(12,6) src(9,2)&#x0A;" type=""><![CDATA[/home/cjxu/npp/test/unit/nppi/nppi_geometry_transforms/test_nppi_copyConstBorder.cpp:63
Expected equality of these values:
  dstData[dstIdx]
    Which is: '\0'
  srcData[srcIdx]
    Which is: 'J' (74, 0x4A)
Source copy mismatch at dst(12,6) src(9,2)
]]></failure>
      <failure message="/home/cjxu/npp/test/unit/nppi/nppi_geometry_transforms/test_nppi_copyConstBorder.cpp:63&#x0A;Expected equality of these values:&#x0A;  dstData[dstIdx]&#x0A;    Which is: &apos;\0&apos;&#x0A;  srcData[srcIdx]&#x0A;    Which is: &apos;]&apos; (93, 0x5D)&#x0A;Source copy mismatch at dst(13,6) src(10,2)&#x0A;" type=""><![CDATA[/home/cjxu/npp/test/unit/nppi/nppi_geometry_transforms/test_nppi_copyConstBorder.cpp:63
Expected equality of these values:
  dstData[dstIdx]
    Which is: '\0'
  srcData[srcIdx]
    Which is: ']' (93, 0x5D)
Source copy mismatch at dst(13,6) src(10,2)
]]></failure>
      <failure message="/home/cjxu/npp/test/unit/nppi/nppi_geometry_transforms/test_nppi_copyConstBorder.cpp:63&#x0A;Expected equality of these values:&#x0A;  dstData[dstIdx]&#x0A;    Which is: &apos;\0&apos;&#x0A;  srcData[srcIdx]&#x0A;    Which is: &apos;\xEF&apos; (239)&#x0A;Source copy mismatch at dst(14,6) src(11,2)&#x0A;" type=""><![CDATA[/home/cjxu/npp/test/unit/nppi/nppi_geometry_transforms/test_nppi_copyConstBorder.cpp:63
Expected equality of these values:
  dstData[dstIdx]
    Which is: '\0'
  srcData[srcIdx]
    Which is: '\xEF' (239)
Source copy mismatch at dst(14,6) src(11,2)
]]></failure>
      <failure message="/home/cjxu/npp/test/unit/nppi/nppi_geometry_transforms/test_nppi_copyConstBorder.cpp:63&#x0A;Expected equality of these values:&#x0A;  dstData[dstIdx]&#x0A;    Which is: &apos;\0&apos;&#x0A;  srcData[srcIdx]&#x0A;    Which is: &apos;\xD0&apos; (208)&#x0A;Source copy mismatch at dst(15,6) src(12,2)&#x0A;" type=""><![CDATA[/home/cjxu/npp/test/unit/nppi/nppi_geometry_transforms/test_nppi_copyConstBorder.cpp:63
Expected equality of these values:
  dstData[dstIdx]
    Which is: '\0'
  srcData[srcIdx]
    Which is: '\xD0' (208)
Source copy mismatch at dst(15,6) src(12,2)
]]></failure>
      <failure message="/home/cjxu/npp/test/unit/nppi/nppi_geometry_transforms/test_nppi_copyConstBorder.cpp:63&#x0A;Expected equality of these values:&#x0A;  dstData[dstIdx]&#x0A;    Which is: &apos;\0&apos;&#x0A;  srcData[srcIdx]&#x0A;    Which is: &apos;]&apos; (93, 0x5D)&#x0A;Source copy mismatch at dst(16,6) src(13,2)&#x0A;" type=""><![CDATA[/home/cjxu/npp/test/unit/nppi/nppi_geometry_transforms/test_nppi_copyConstBorder.cpp:63
Expected equality of these values:
  dstData[dstIdx]
    Which is: '\0'
  srcData[srcIdx]
    Which is: ']' (93, 0x5D)
Source copy mismatch at dst(16,6) src(13,2)
]]></failure>
      <failure message="/home/cjxu/npp/test/unit/nppi/nppi_geometry_transforms/test_nppi_copyConstBorder.cpp:63&#x0A;Expected equality of these values:&#x0A;  dstData[dstIdx]&#x0A;    Which is: &apos;\0&apos;&#x0A;  srcData[srcIdx]&#x0A;    Which is: &apos;\x8E&apos; (142)&#x0A;Source copy mismatch at dst(17,6) src(14,2)&#x0A;" type=""><![CDATA[/home/cjxu/npp/test/unit/nppi/nppi_geometry_transforms/test_nppi_copyConstBorder.cpp:63
Expected equality of these values:
  dstData[dstIdx]
    Which is: '\0'
  srcData[srcIdx]
    Which is: '\x8E' (142)
Source copy mismatch at dst(17,6) src(14,2)
]]></failure>
      <failure message="/home/cjxu/npp/test/unit/nppi/nppi_geometry_transforms/test_nppi_copyConstBorder.cpp:63&#x0A;Expected equality of these values:&#x0A;  dstData[dstIdx]&#x0A;    Which is: &apos;\0&apos;&#x0A;  srcData[srcIdx]&#x0A;    Which is: &apos;\x1C&apos; (28)&#x0A;Source copy mismatch at dst(18,6) src(15,2)&#x0A;" type=""><![CDATA[/home/cjxu/npp/test/unit/nppi/nppi_geometry_transforms/test_nppi_copyConstBorder.cpp:63
Expected equality of these values:
  dstData[dstIdx]
    Which is: '\0'
  srcData[srcIdx]
    Which is: '\x1C' (28)
Source copy mismatch at dst(18,6) src(15,2)
]]></failure>
      <failure message="/home/cjxu/npp/test/unit/nppi/nppi_geometry_transforms/test_nppi_copyConstBorder.cpp:67&#x0A;Expected equality of these values:&#x0A;  dstData[dstIdx]&#x0A;    Which is: &apos;\0&apos;&#x0A;  borderValue&#x0A;    Which is: &apos;@&apos; (64, 0x40)&#x0A;Border value mismatch at (19,6)&#x0A;" type=""><![CDATA[/home/cjxu/npp/test/unit/nppi/nppi_geometry_transforms/test_nppi_copyConstBorder.cpp:67
Expected equality of these values:
  dstData[dstIdx]
    Which is: '\0'
  borderValue
    Which is: '@' (64, 0x40)
Border value mismatch at (19,6)
]]></failure>
      <failure message="/home/cjxu/npp/test/unit/nppi/nppi_geometry_transforms/test_nppi_copyConstBorder.cpp:67&#x0A;Expected equality of these values:&#x0A;  dstData[dstIdx]&#x0A;    Which is: &apos;\0&apos;&#x0A;  borderValue&#x0A;    Which is: &apos;@&apos; (64, 0x40)&#x0A;Border value mismatch at (20,6)&#x0A;" type=""><![CDATA[/home/cjxu/npp/test/unit/nppi/nppi_geometry_transforms/test_nppi_copyConstBorder.cpp:67
Expected equality of these values:
  dstData[dstIdx]
    Which is: '\0'
  borderValue
    Which is: '@' (64, 0x40)
Border value mismatch at (20,6)
]]></failure>
      <failure message="/home/cjxu/npp/test/unit/nppi/nppi_geometry_transforms/test_nppi_copyConstBorder.cpp:67&#x0A;Expected equality of these values:&#x0A;  dstData[dstIdx]&#x0A;    Which is: &apos;\0&apos;&#x0A;  borderValue&#x0A;    Which is: &apos;@&apos; (64, 0x40)&#x0A;Border value mismatch at (21,6)&#x0A;" type=""><![CDATA[/home/cjxu/npp/test/unit/nppi/nppi_geometry_transforms/test_nppi_copyConstBorder.cpp:67
Expected equality of these values:
  dstData[dstIdx]
    Which is: '\0'
  borderValue
    Which is: '@' (64, 0x40)
Border value mismatch at (21,6)
]]></failure>
      <failure message="/home/cjxu/npp/test/unit/nppi/nppi_geometry_transforms/test_nppi_copyConstBorder.cpp:67&#x0A;Expected equality of these values:&#x0A;  dstData[dstIdx]&#x0A;    Which is: &apos;\0&apos;&#x0A;  borderValue&#x0A;    Which is: &apos;@&apos; (64, 0x40)&#x0A;Border value mismatch at (22,6)&#x0A;" type=""><![CDATA[/home/cjxu/npp/test/unit/nppi/nppi_geometry_transforms/test_nppi_copyConstBorder.cpp:67
Expected equality of these values:
  dstData[dstIdx]
    Which is: '\0'
  borderValue
    Which is: '@' (64, 0x40)
Border value mismatch at (22,6)
]]></failure>
      <failure message="/home/cjxu/npp/test/unit/nppi/nppi_geometry_transforms/test_nppi_copyConstBorder.cpp:67&#x0A;Expected equality of these values:&#x0A;  dstData[dstIdx]&#x0A;    Which is: &apos;\0&apos;&#x0A;  borderValue&#x0A;    Which is: &apos;@&apos; (64, 0x40)&#x0A;Border value mismatch at (23,6)&#x0A;" type=""><![CDATA[/home/cjxu/npp/test/unit/nppi/nppi_geometry_transforms/test_nppi_copyConstBorder.cpp:67
Expected equality of these values:
  dstData[dstIdx]
    Which is: '\0'
  borderValue
    Which is: '@' (64, 0x40)
Border value mismatch at (23,6)
]]></failure>
      <failure message="/home/cjxu/npp/test/unit/nppi/nppi_geometry_transforms/test_nppi_copyConstBorder.cpp:67&#x0A;Expected equality of these values:&#x0A;  dstData[dstIdx]&#x0A;    Which is: &apos;\0&apos;&#x0A;  borderValue&#x0A;    Which is: &apos;@&apos; (64, 0x40)&#x0A;Border value mismatch at (0,7)&#x0A;" type=""><![CDATA[/home/cjxu/npp/test/unit/nppi/nppi_geometry_transforms/test_nppi_copyConstBorder.cpp:67
Expected equality of these values:
  dstData[dstIdx]
    Which is: '\0'
  borderValue
    Which is: '@' (64, 0x40)
Border value mismatch at (0,7)
]]></failure>
      <failure message="/home/cjxu/npp/test/unit/nppi/nppi_geometry_transforms/test_nppi_copyConstBorder.cpp:67&#x0A;Expected equality of these values:&#x0A;  dstData[dstIdx]&#x0A;    Which is: &apos;\0&apos;&#x0A;  borderValue&#x0A;    Which is: &apos;@&apos; (64, 0x40)&#x0A;Border value mismatch at (1,7)&#x0A;" type=""><![CDATA[/home/cjxu/npp/test/unit/nppi/nppi_geometry_transforms/test_nppi_copyConstBorder.cpp:67
Expected equality of these values:
  dstData[dstIdx]
    Which is: '\0'
  borderValue
    Which is: '@' (64, 0x40)
Border value mismatch at (1,7)
]]></failure>
      <failure message="/home/cjxu/npp/test/unit/nppi/nppi_geometry_transforms/test_nppi_copyConstBorder.cpp:67&#x0A;Expected equality of these values:&#x0A;  dstData[dstIdx]&#x0A;    Which is: &apos;\0&apos;&#x0A;  borderValue&#x0A;    Which is: &apos;@&apos; (64, 0x40)&#x0A;Border value mismatch at (2,7)&#x0A;" type=""><![CDATA[/home/cjxu/npp/test/unit/nppi/nppi_geometry_transforms/test_nppi_copyConstBorder.cpp:67
Expected equality of these values:
  dstData[dstIdx]
    Which is: '\0'
  borderValue
    Which is: '@' (64, 0x40)
Border value mismatch at (2,7)
]]></failure>
      <failure message="/home/cjxu/npp/test/unit/nppi/nppi_geometry_transforms/test_nppi_copyConstBorder.cpp:63&#x0A;Expected equality of these values:&#x0A;  dstData[dstIdx]&#x0A;    Which is: &apos;\0&apos;&#x0A;  srcData[srcIdx]&#x0A;    Which is: &apos;\xA3&apos; (163)&#x0A;Source copy mismatch at dst(3,7) src(0,3)&#x0A;" type=""><![CDATA[/home/cjxu/npp/test/unit/nppi/nppi_geometry_transforms/test_nppi_copyConstBorder.cpp:63
Expected equality of these values:
  dstData[dstIdx]
    Which is: '\0'
  srcData[srcIdx]
    Which is: '\xA3' (163)
Source copy mismatch at dst(3,7) src(0,3)
]]></failure>
      <failure message="/home/cjxu/npp/test/unit/nppi/nppi_geometry_transforms/test_nppi_copyConstBorder.cpp:63&#x0A;Expected equality of these values:&#x0A;  dstData[dstIdx]&#x0A;    Which is: &apos;\0&apos;&#x0A;  srcData[srcIdx]&#x0A;    Which is: &apos;\xA6&apos; (166)&#x0A;Source copy mismatch at dst(4,7) src(1,3)&#x0A;" type=""><![CDATA[/home/cjxu/npp/test/unit/nppi/nppi_geometry_transforms/test_nppi_copyConstBorder.cpp:63
Expected equality of these values:
  dstData[dstIdx]
    Which is: '\0'
  srcData[srcIdx]
    Which is: '\xA6' (166)
Source copy mismatch at dst(4,7) src(1,3)
]]></failure>
      <failure message="/home/cjxu/npp/test/unit/nppi/nppi_geometry_transforms/test_nppi_copyConstBorder.cpp:63&#x0A;Expected equality of these values:&#x0A;  dstData[dstIdx]&#x0A;    Which is: &apos;\0&apos;&#x0A;  srcData[srcIdx]&#x0A;    Which is: &apos;\x17&apos; (23)&#x0A;Source copy mismatch at dst(5,7) src(2,3)&#x0A;" type=""><![CDATA[/home/cjxu/npp/test/unit/nppi/nppi_geometry_transforms/test_nppi_copyConstBorder.cpp:63
Expected equality of these values:
  dstData[dstIdx]
    Which is: '\0'
  srcData[srcIdx]
    Which is: '\x17' (23)
Source copy mismatch at dst(5,7) src(2,3)
]]></failure>
      <failure message="/home/cjxu/npp/test/unit/nppi/nppi_geometry_transforms/test_nppi_copyConstBorder.cpp:63&#x0A;Expected equality of these values:&#x0A;  dstData[dstIdx]&#x0A;    Which is: &apos;\0&apos;&#x0A;  srcData[srcIdx]&#x0A;    Which is: &apos;\xD4&apos; (212)&#x0A;Source copy mismatch at dst(6,7) src(3,3)&#x0A;" type=""><![CDATA[/home/cjxu/npp/test/unit/nppi/nppi_geometry_transforms/test_nppi_copyConstBorder.cpp:63
Expected equality of these values:
  dstData[dstIdx]
    Which is: '\0'
  srcData[srcIdx]
    Which is: '\xD4' (212)
Source copy mismatch at dst(6,7) src(3,3)
]]></failure>
      <failure message="/home/cjxu/npp/test/unit/nppi/nppi_geometry_transforms/test_nppi_copyConstBorder.cpp:63&#x0A;Expected equality of these values:&#x0A;  dstData[dstIdx]&#x0A;    Which is: &apos;\0&apos;&#x0A;  srcData[srcIdx]&#x0A;    Which is: &apos;\x87&apos; (135)&#x0A;Source copy mismatch at dst(7,7) src(4,3)&#x0A;" type=""><![CDATA[/home/cjxu/npp/test/unit/nppi/nppi_geometry_transforms/test_nppi_copyConstBorder.cpp:63
Expected equality of these values:
  dstData[dstIdx]
    Which is: '\0'
  srcData[srcIdx]
    Which is: '\x87' (135)
Source copy mismatch at dst(7,7) src(4,3)
]]></failure>
      <failure message="/home/cjxu/npp/test/unit/nppi/nppi_geometry_transforms/test_nppi_copyConstBorder.cpp:63&#x0A;Expected equality of these values:&#x0A;  dstData[dstIdx]&#x0A;    Which is: &apos;\0&apos;&#x0A;  srcData[srcIdx]&#x0A;    Which is: &apos;*&apos; (42, 0x2A)&#x0A;Source copy mismatch at dst(8,7) src(5,3)&#x0A;" type=""><![CDATA[/home/cjxu/npp/test/unit/nppi/nppi_geometry_transforms/test_nppi_copyConstBorder.cpp:63
Expected equality of these values:
  dstData[dstIdx]
    Which is: '\0'
  srcData[srcIdx]
    Which is: '*' (42, 0x2A)
Source copy mismatch at dst(8,7) src(5,3)
]]></failure>
      <failure message="/home/cjxu/npp/test/unit/nppi/nppi_geometry_transforms/test_nppi_copyConstBorder.cpp:63&#x0A;Expected equality of these values:&#x0A;  dstData[dstIdx]&#x0A;    Which is: &apos;\0&apos;&#x0A;  srcData[srcIdx]&#x0A;    Which is: &apos;\x1&apos; (1)&#x0A;Source copy mismatch at dst(9,7) src(6,3)&#x0A;" type=""><![CDATA[/home/cjxu/npp/test/unit/nppi/nppi_geometry_transforms/test_nppi_copyConstBorder.cpp:63
Expected equality of these values:
  dstData[dstIdx]
    Which is: '\0'
  srcData[srcIdx]
    Which is: '\x1' (1)
Source copy mismatch at dst(9,7) src(6,3)
]]></failure>
      <failure message="/home/cjxu/npp/test/unit/nppi/nppi_geometry_transforms/test_nppi_copyConstBorder.cpp:63&#x0A;Expected equality of these values:&#x0A;  dstData[dstIdx]&#x0A;    Which is: &apos;\0&apos;&#x0A;  srcData[srcIdx]&#x0A;    Which is: &apos;\xE4&apos; (228)&#x0A;Source copy mismatch at dst(10,7) src(7,3)&#x0A;" type=""><![CDATA[/home/cjxu/npp/test/unit/nppi/nppi_geometry_transforms/test_nppi_copyConstBorder.cpp:63
Expected equality of these values:
  dstData[dstIdx]
    Which is: '\0'
  srcData[srcIdx]
    Which is: '\xE4' (228)
Source copy mismatch at dst(10,7) src(7,3)
]]></failure>
      <failure message="/home/cjxu/npp/test/unit/nppi/nppi_geometry_transforms/test_nppi_copyConstBorder.cpp:63&#x0A;Expected equality of these values:&#x0A;  dstData[dstIdx]&#x0A;    Which is: &apos;\0&apos;&#x0A;  srcData[srcIdx]&#x0A;    Which is: &apos;\&apos;&apos; (39, 0x27)&#x0A;Source copy mismatch at dst(11,7) src(8,3)&#x0A;" type=""><![CDATA[/home/cjxu/npp/test/unit/nppi/nppi_geometry_transforms/test_nppi_copyConstBorder.cpp:63
Expected equality of these values:
  dstData[dstIdx]
    Which is: '\0'
  srcData[srcIdx]
    Which is: '\'' (39, 0x27)
Source copy mismatch at dst(11,7) src(8,3)
]]></failure>
      <failure message="/home/cjxu/npp/test/unit/nppi/nppi_geometry_transforms/test_nppi_copyConstBorder.cpp:63&#x0A;Expected equality of these values:&#x0A;  dstData[dstIdx]&#x0A;    Which is: &apos;\0&apos;&#x0A;  srcData[srcIdx]&#x0A;    Which is: &apos;\x4&apos; (4)&#x0A;Source copy mismatch at dst(12,7) src(9,3)&#x0A;" type=""><![CDATA[/home/cjxu/npp/test/unit/nppi/nppi_geometry_transforms/test_nppi_copyConstBorder.cpp:63
Expected equality of these values:
  dstData[dstIdx]
    Which is: '\0'
  srcData[srcIdx]
    Which is: '\x4' (4)
Source copy mismatch at dst(12,7) src(9,3)
]]></failure>
      <failure message="/home/cjxu/npp/test/unit/nppi/nppi_geometry_transforms/test_nppi_copyConstBorder.cpp:63&#x0A;Expected equality of these values:&#x0A;  dstData[dstIdx]&#x0A;    Which is: &apos;\0&apos;&#x0A;  srcData[srcIdx]&#x0A;    Which is: &apos;R&apos; (82, 0x52)&#x0A;Source copy mismatch at dst(13,7) src(10,3)&#x0A;" type=""><![CDATA[/home/cjxu/npp/test/unit/nppi/nppi_geometry_transforms/test_nppi_copyConstBorder.cpp:63
Expected equality of these values:
  dstData[dstIdx]
    Which is: '\0'
  srcData[srcIdx]
    Which is: 'R' (82, 0x52)
Source copy mismatch at dst(13,7) src(10,3)
]]></failure>
      <failure message="/home/cjxu/npp/test/unit/nppi/nppi_geometry_transforms/test_nppi_copyConstBorder.cpp:63&#x0A;Expected equality of these values:&#x0A;  dstData[dstIdx]&#x0A;    Which is: &apos;\0&apos;&#x0A;  srcData[srcIdx]&#x0A;    Which is: &apos;\b&apos; (8)&#x0A;Source copy mismatch at dst(14,7) src(11,3)&#x0A;" type=""><![CDATA[/home/cjxu/npp/test/unit/nppi/nppi_geometry_transforms/test_nppi_copyConstBorder.cpp:63
Expected equality of these values:
  dstData[dstIdx]
    Which is: '\0'
  srcData[srcIdx]
    Which is: '\b' (8)
Source copy mismatch at dst(14,7) src(11,3)
]]></failure>
      <failure message="/home/cjxu/npp/test/unit/nppi/nppi_geometry_transforms/test_nppi_copyConstBorder.cpp:63&#x0A;Expected equality of these values:&#x0A;  dstData[dstIdx]&#x0A;    Which is: &apos;\0&apos;&#x0A;  srcData[srcIdx]&#x0A;    Which is: &apos;\xFC&apos; (252)&#x0A;Source copy mismatch at dst(15,7) src(12,3)&#x0A;" type=""><![CDATA[/home/cjxu/npp/test/unit/nppi/nppi_geometry_transforms/test_nppi_copyConstBorder.cpp:63
Expected equality of these values:
  dstData[dstIdx]
    Which is: '\0'
  srcData[srcIdx]
    Which is: '\xFC' (252)
Source copy mismatch at dst(15,7) src(12,3)
]]></failure>
      <failure message="/home/cjxu/npp/test/unit/nppi/nppi_geometry_transforms/test_nppi_copyConstBorder.cpp:63&#x0A;Expected equality of these values:&#x0A;  dstData[dstIdx]&#x0A;    Which is: &apos;\0&apos;&#x0A;  srcData[srcIdx]&#x0A;    Which is: &apos;\xD3&apos; (211)&#x0A;Source copy mismatch at dst(16,7) src(13,3)&#x0A;" type=""><![CDATA[/home/cjxu/npp/test/unit/nppi/nppi_geometry_transforms/test_nppi_copyConstBorder.cpp:63
Expected equality of these values:
  dstData[dstIdx]
    Which is: '\0'
  srcData[srcIdx]
    Which is: '\xD3' (211)
Source copy mismatch at dst(16,7) src(13,3)
]]></failure>
      <failure message="/home/cjxu/npp/test/unit/nppi/nppi_geometry_transforms/test_nppi_copyConstBorder.cpp:63&#x0A;Expected equality of these values:&#x0A;  dstData[dstIdx]&#x0A;    Which is: &apos;\0&apos;&#x0A;  srcData[srcIdx]&#x0A;    Which is: &apos;\xA4&apos; (164)&#x0A;Source copy mismatch at dst(17,7) src(14,3)&#x0A;" type=""><![CDATA[/home/cjxu/npp/test/unit/nppi/nppi_geometry_transforms/test_nppi_copyConstBorder.cpp:63
Expected equality of these values:
  dstData[dstIdx]
    Which is: '\0'
  srcData[srcIdx]
    Which is: '\xA4' (164)
Source copy mismatch at dst(17,7) src(14,3)
]]></failure>
      <failure message="/home/cjxu/npp/test/unit/nppi/nppi_geometry_transforms/test_nppi_copyConstBorder.cpp:63&#x0A;Expected equality of these values:&#x0A;  dstData[dstIdx]&#x0A;    Which is: &apos;\0&apos;&#x0A;  srcData[srcIdx]&#x0A;    Which is: &apos;\xBC&apos; (188)&#x0A;Source copy mismatch at dst(18,7) src(15,3)&#x0A;" type=""><![CDATA[/home/cjxu/npp/test/unit/nppi/nppi_geometry_transforms/test_nppi_copyConstBorder.cpp:63
Expected equality of these values:
  dstData[dstIdx]
    Which is: '\0'
  srcData[srcIdx]
    Which is: '\xBC' (188)
Source copy mismatch at dst(18,7) src(15,3)
]]></failure>
      <failure message="/home/cjxu/npp/test/unit/nppi/nppi_geometry_transforms/test_nppi_copyConstBorder.cpp:67&#x0A;Expected equality of these values:&#x0A;  dstData[dstIdx]&#x0A;    Which is: &apos;\0&apos;&#x0A;  borderValue&#x0A;    Which is: &apos;@&apos; (64, 0x40)&#x0A;Border value mismatch at (19,7)&#x0A;" type=""><![CDATA[/home/cjxu/npp/test/unit/nppi/nppi_geometry_transforms/test_nppi_copyConstBorder.cpp:67
Expected equality of these values:
  dstData[dstIdx]
    Which is: '\0'
  borderValue
    Which is: '@' (64, 0x40)
Border value mismatch at (19,7)
]]></failure>
      <failure message="/home/cjxu/npp/test/unit/nppi/nppi_geometry_transforms/test_nppi_copyConstBorder.cpp:67&#x0A;Expected equality of these values:&#x0A;  dstData[dstIdx]&#x0A;    Which is: &apos;\0&apos;&#x0A;  borderValue&#x0A;    Which is: &apos;@&apos; (64, 0x40)&#x0A;Border value mismatch at (20,7)&#x0A;" type=""><![CDATA[/home/cjxu/npp/test/unit/nppi/nppi_geometry_transforms/test_nppi_copyConstBorder.cpp:67
Expected equality of these values:
  dstData[dstIdx]
    Which is: '\0'
  borderValue
    Which is: '@' (64, 0x40)
Border value mismatch at (20,7)
]]></failure>
      <failure message="/home/cjxu/npp/test/unit/nppi/nppi_geometry_transforms/test_nppi_copyConstBorder.cpp:67&#x0A;Expected equality of these values:&#x0A;  dstData[dstIdx]&#x0A;    Which is: &apos;\0&apos;&#x0A;  borderValue&#x0A;    Which is: &apos;@&apos; (64, 0x40)&#x0A;Border value mismatch at (21,7)&#x0A;" type=""><![CDATA[/home/cjxu/npp/test/unit/nppi/nppi_geometry_transforms/test_nppi_copyConstBorder.cpp:67
Expected equality of these values:
  dstData[dstIdx]
    Which is: '\0'
  borderValue
    Which is: '@' (64, 0x40)
Border value mismatch at (21,7)
]]></failure>
      <failure message="/home/cjxu/npp/test/unit/nppi/nppi_geometry_transforms/test_nppi_copyConstBorder.cpp:67&#x0A;Expected equality of these values:&#x0A;  dstData[dstIdx]&#x0A;    Which is: &apos;\0&apos;&#x0A;  borderValue&#x0A;    Which is: &apos;@&apos; (64, 0x40)&#x0A;Border value mismatch at (22,7)&#x0A;" type=""><![CDATA[/home/cjxu/npp/test/unit/nppi/nppi_geometry_transforms/test_nppi_copyConstBorder.cpp:67
Expected equality of these values:
  dstData[dstIdx]
    Which is: '\0'
  borderValue
    Which is: '@' (64, 0x40)
Border value mismatch at (22,7)
]]></failure>
      <failure message="/home/cjxu/npp/test/unit/nppi/nppi_geometry_transforms/test_nppi_copyConstBorder.cpp:67&#x0A;Expected equality of these values:&#x0A;  dstData[dstIdx]&#x0A;    Which is: &apos;\0&apos;&#x0A;  borderValue&#x0A;    Which is: &apos;@&apos; (64, 0x40)&#x0A;Border value mismatch at (23,7)&#x0A;" type=""><![CDATA[/home/cjxu/npp/test/unit/nppi/nppi_geometry_transforms/test_nppi_copyConstBorder.cpp:67
Expected equality of these values:
  dstData[dstIdx]
    Which is: '\0'
  borderValue
    Which is: '@' (64, 0x40)
Border value mismatch at (23,7)
]]></failure>
      <failure message="/home/cjxu/npp/test/unit/nppi/nppi_geometry_transforms/test_nppi_copyConstBorder.cpp:67&#x0A;Expected equality of these values:&#x0A;  dstData[dstIdx]&#x0A;    Which is: &apos;\0&apos;&#x0A;  borderValue&#x0A;    Which is: &apos;@&apos; (64, 0x40)&#x0A;Border value mismatch at (0,8)&#x0A;" type=""><![CDATA[/home/cjxu/npp/test/unit/nppi/nppi_geometry_transforms/test_nppi_copyConstBorder.cpp:67
Expected equality of these values:
  dstData[dstIdx]
    Which is: '\0'
  borderValue
    Which is: '@' (64, 0x40)
Border value mismatch at (0,8)
]]></failure>
      <failure message="/home/cjxu/npp/test/unit/nppi/nppi_geometry_transforms/test_nppi_copyConstBorder.cpp:67&#x0A;Expected equality of these values:&#x0A;  dstData[dstIdx]&#x0A;    Which is: &apos;\0&apos;&#x0A;  borderValue&#x0A;    Which is: &apos;@&apos; (64, 0x40)&#x0A;Border value mismatch at (1,8)&#x0A;" type=""><![CDATA[/home/cjxu/npp/test/unit/nppi/nppi_geometry_transforms/test_nppi_copyConstBorder.cpp:67
Expected equality of these values:
  dstData[dstIdx]
    Which is: '\0'
  borderValue
    Which is: '@' (64, 0x40)
Border value mismatch at (1,8)
]]></failure>
      <failure message="/home/cjxu/npp/test/unit/nppi/nppi_geometry_transforms/test_nppi_copyConstBorder.cpp:67&#x0A;Expected equality of these values:&#x0A;  dstData[dstIdx]&#x0A;    Which is: &apos;\0&apos;&#x0A;  borderValue&#x0A;    Which is: &apos;@&apos; (64, 0x40)&#x0A;Border value mismatch at (2,8)&#x0A;" type=""><![CDATA[/home/cjxu/npp/test/unit/nppi/nppi_geometry_transforms/test_nppi_copyConstBorder.cpp:67
Expected equality of these values:
  dstData[dstIdx]
    Which is: '\0'
  borderValue
    Which is: '@' (64, 0x40)
Border value mismatch at (2,8)
]]></failure>
      <failure message="/home/cjxu/npp/test/unit/nppi/nppi_geometry_transforms/test_nppi_copyConstBorder.cpp:63&#x0A;Expected equality of these values:&#x0A;  dstData[dstIdx]&#x0A;    Which is: &apos;\0&apos;&#x0A;  srcData[srcIdx]&#x0A;    Which is: &apos;\x95&apos; (149)&#x0A;Source copy mismatch at dst(3,8) src(0,4)&#x0A;" type=""><![CDATA[/home/cjxu/npp/test/unit/nppi/nppi_geometry_transforms/test_nppi_copyConstBorder.cpp:63
Expected equality of these values:
  dstData[dstIdx]
    Which is: '\0'
  srcData[srcIdx]
    Which is: '\x95' (149)
Source copy mismatch at dst(3,8) src(0,4)
]]></failure>
      <failure message="/home/cjxu/npp/test/unit/nppi/nppi_geometry_transforms/test_nppi_copyConstBorder.cpp:63&#x0A;Expected equality of these values:&#x0A;  dstData[dstIdx]&#x0A;    Which is: &apos;\0&apos;&#x0A;  srcData[srcIdx]&#x0A;    Which is: &apos;\n&apos; (10, 0xA)&#x0A;With diff:&#x0A;@@ -1,1 +1,2 @@&#x0A;-&apos;\0&apos;&#x0A;+&apos;&#x0A;+&apos; (10, 0xA)&#x0A;&#x0A;Source copy mismatch at dst(4,8) src(1,4)&#x0A;" type=""><![CDATA[/home/cjxu/npp/test/unit/nppi/nppi_geometry_transforms/test_nppi_copyConstBorder.cpp:63
Expected equality of these values:
  dstData[dstIdx]
    Which is: '\0'
  srcData[srcIdx]
    Which is: '\n' (10, 0xA)
With diff:
@@ -1,1 +1,2 @@
-'\0'
+'
+' (10, 0xA)

Source copy mismatch at dst(4,8) src(1,4)
]]></failure>
      <failure message="/home/cjxu/npp/test/unit/nppi/nppi_geometry_transforms/test_nppi_copyConstBorder.cpp:63&#x0A;Expected equality of these values:&#x0A;  dstData[dstIdx]&#x0A;    Which is: &apos;\0&apos;&#x0A;  srcData[srcIdx]&#x0A;    Which is: &apos;\x11&apos; (17)&#x0A;Source copy mismatch at dst(5,8) src(2,4)&#x0A;" type=""><![CDATA[/home/cjxu/npp/test/unit/nppi/nppi_geometry_transforms/test_nppi_copyConstBorder.cpp:63
Expected equality of these values:
  dstData[dstIdx]
    Which is: '\0'
  srcData[srcIdx]
    Which is: '\x11' (17)
Source copy mismatch at dst(5,8) src(2,4)
]]></failure>
      <failure message="/home/cjxu/npp/test/unit/nppi/nppi_geometry_transforms/test_nppi_copyConstBorder.cpp:63&#x0A;Expected equality of these values:&#x0A;  dstData[dstIdx]&#x0A;    Which is: &apos;\0&apos;&#x0A;  srcData[srcIdx]&#x0A;    Which is: &apos;\xEB&apos; (235)&#x0A;Source copy mismatch at dst(6,8) src(3,4)&#x0A;" type=""><![CDATA[/home/cjxu/npp/test/unit/nppi/nppi_geometry_transforms/test_nppi_copyConstBorder.cpp:63
Expected equality of these values:
  dstData[dstIdx]
    Which is: '\0'
  srcData[srcIdx]
    Which is: '\xEB' (235)
Source copy mismatch at dst(6,8) src(3,4)
]]></failure>
      <failure message="/home/cjxu/npp/test/unit/nppi/nppi_geometry_transforms/test_nppi_copyConstBorder.cpp:63&#x0A;Expected equality of these values:&#x0A;  dstData[dstIdx]&#x0A;    Which is: &apos;\0&apos;&#x0A;  srcData[srcIdx]&#x0A;    Which is: &apos;\xF5&apos; (245)&#x0A;Source copy mismatch at dst(7,8) src(4,4)&#x0A;" type=""><![CDATA[/home/cjxu/npp/test/unit/nppi/nppi_geometry_transforms/test_nppi_copyConstBorder.cpp:63
Expected equality of these values:
  dstData[dstIdx]
    Which is: '\0'
  srcData[srcIdx]
    Which is: '\xF5' (245)
Source copy mismatch at dst(7,8) src(4,4)
]]></failure>
      <failure message="/home/cjxu/npp/test/unit/nppi/nppi_geometry_transforms/test_nppi_copyConstBorder.cpp:63&#x0A;Expected equality of these values:&#x0A;  dstData[dstIdx]&#x0A;    Which is: &apos;\0&apos;&#x0A;  srcData[srcIdx]&#x0A;    Which is: &apos;\xC3&apos; (195)&#x0A;Source copy mismatch at dst(8,8) src(5,4)&#x0A;" type=""><![CDATA[/home/cjxu/npp/test/unit/nppi/nppi_geometry_transforms/test_nppi_copyConstBorder.cpp:63
Expected equality of these values:
  dstData[dstIdx]
    Which is: '\0'
  srcData[srcIdx]
    Which is: '\xC3' (195)
Source copy mismatch at dst(8,8) src(5,4)
]]></failure>
      <failure message="/home/cjxu/npp/test/unit/nppi/nppi_geometry_transforms/test_nppi_copyConstBorder.cpp:63&#x0A;Expected equality of these values:&#x0A;  dstData[dstIdx]&#x0A;    Which is: &apos;\0&apos;&#x0A;  srcData[srcIdx]&#x0A;    Which is: &apos;`&apos; (96, 0x60)&#x0A;Source copy mismatch at dst(9,8) src(6,4)&#x0A;" type=""><![CDATA[/home/cjxu/npp/test/unit/nppi/nppi_geometry_transforms/test_nppi_copyConstBorder.cpp:63
Expected equality of these values:
  dstData[dstIdx]
    Which is: '\0'
  srcData[srcIdx]
    Which is: '`' (96, 0x60)
Source copy mismatch at dst(9,8) src(6,4)
]]></failure>
      <failure message="/home/cjxu/npp/test/unit/nppi/nppi_geometry_transforms/test_nppi_copyConstBorder.cpp:63&#x0A;Expected equality of these values:&#x0A;  dstData[dstIdx]&#x0A;    Which is: &apos;\0&apos;&#x0A;  srcData[srcIdx]&#x0A;    Which is: &apos;\xCF&apos; (207)&#x0A;Source copy mismatch at dst(10,8) src(7,4)&#x0A;" type=""><![CDATA[/home/cjxu/npp/test/unit/nppi/nppi_geometry_transforms/test_nppi_copyConstBorder.cpp:63
Expected equality of these values:
  dstData[dstIdx]
    Which is: '\0'
  srcData[srcIdx]
    Which is: '\xCF' (207)
Source copy mismatch at dst(10,8) src(7,4)
]]></failure>
      <failure message="/home/cjxu/npp/test/unit/nppi/nppi_geometry_transforms/test_nppi_copyConstBorder.cpp:63&#x0A;Expected equality of these values:&#x0A;  dstData[dstIdx]&#x0A;    Which is: &apos;\0&apos;&#x0A;  srcData[srcIdx]&#x0A;    Which is: &apos;\r&apos; (13, 0xD)&#x0A;Source copy mismatch at dst(11,8) src(8,4)&#x0A;" type=""><![CDATA[/home/cjxu/npp/test/unit/nppi/nppi_geometry_transforms/test_nppi_copyConstBorder.cpp:63
Expected equality of these values:
  dstData[dstIdx]
    Which is: '\0'
  srcData[srcIdx]
    Which is: '\r' (13, 0xD)
Source copy mismatch at dst(11,8) src(8,4)
]]></failure>
      <failure message="/home/cjxu/npp/test/unit/nppi/nppi_geometry_transforms/test_nppi_copyConstBorder.cpp:63&#x0A;Expected equality of these values:&#x0A;  dstData[dstIdx]&#x0A;    Which is: &apos;\0&apos;&#x0A;  srcData[srcIdx]&#x0A;    Which is: &apos;\xBE&apos; (190)&#x0A;Source copy mismatch at dst(12,8) src(9,4)&#x0A;" type=""><![CDATA[/home/cjxu/npp/test/unit/nppi/nppi_geometry_transforms/test_nppi_copyConstBorder.cpp:63
Expected equality of these values:
  dstData[dstIdx]
    Which is: '\0'
  srcData[srcIdx]
    Which is: '\xBE' (190)
Source copy mismatch at dst(12,8) src(9,4)
]]></failure>
      <failure message="/home/cjxu/npp/test/unit/nppi/nppi_geometry_transforms/test_nppi_copyConstBorder.cpp:63&#x0A;Expected equality of these values:&#x0A;  dstData[dstIdx]&#x0A;    Which is: &apos;\0&apos;&#x0A;  srcData[srcIdx]&#x0A;    Which is: &apos;\xBE&apos; (190)&#x0A;Source copy mismatch at dst(13,8) src(10,4)&#x0A;" type=""><![CDATA[/home/cjxu/npp/test/unit/nppi/nppi_geometry_transforms/test_nppi_copyConstBorder.cpp:63
Expected equality of these values:
  dstData[dstIdx]
    Which is: '\0'
  srcData[srcIdx]
    Which is: '\xBE' (190)
Source copy mismatch at dst(13,8) src(10,4)
]]></failure>
      <failure message="/home/cjxu/npp/test/unit/nppi/nppi_geometry_transforms/test_nppi_copyConstBorder.cpp:63&#x0A;Expected equality of these values:&#x0A;  dstData[dstIdx]&#x0A;    Which is: &apos;\0&apos;&#x0A;  srcData[srcIdx]&#x0A;    Which is: &apos;\xDE&apos; (222)&#x0A;Source copy mismatch at dst(14,8) src(11,4)&#x0A;" type=""><![CDATA[/home/cjxu/npp/test/unit/nppi/nppi_geometry_transforms/test_nppi_copyConstBorder.cpp:63
Expected equality of these values:
  dstData[dstIdx]
    Which is: '\0'
  srcData[srcIdx]
    Which is: '\xDE' (222)
Source copy mismatch at dst(14,8) src(11,4)
]]></failure>
      <failure message="/home/cjxu/npp/test/unit/nppi/nppi_geometry_transforms/test_nppi_copyConstBorder.cpp:63&#x0A;Expected equality of these values:&#x0A;  dstData[dstIdx]&#x0A;    Which is: &apos;\0&apos;&#x0A;  srcData[srcIdx]&#x0A;    Which is: &apos;\x1B&apos; (27)&#x0A;Source copy mismatch at dst(15,8) src(12,4)&#x0A;" type=""><![CDATA[/home/cjxu/npp/test/unit/nppi/nppi_geometry_transforms/test_nppi_copyConstBorder.cpp:63
Expected equality of these values:
  dstData[dstIdx]
    Which is: '\0'
  srcData[srcIdx]
    Which is: '\x1B' (27)
Source copy mismatch at dst(15,8) src(12,4)
]]></failure>
      <failure message="/home/cjxu/npp/test/unit/nppi/nppi_geometry_transforms/test_nppi_copyConstBorder.cpp:63&#x0A;Expected equality of these values:&#x0A;  dstData[dstIdx]&#x0A;    Which is: &apos;\0&apos;&#x0A;  srcData[srcIdx]&#x0A;    Which is: &apos;L&apos; (76, 0x4C)&#x0A;Source copy mismatch at dst(16,8) src(13,4)&#x0A;" type=""><![CDATA[/home/cjxu/npp/test/unit/nppi/nppi_geometry_transforms/test_nppi_copyConstBorder.cpp:63
Expected equality of these values:
  dstData[dstIdx]
    Which is: '\0'
  srcData[srcIdx]
    Which is: 'L' (76, 0x4C)
Source copy mismatch at dst(16,8) src(13,4)
]]></failure>
      <failure message="/home/cjxu/npp/test/unit/nppi/nppi_geometry_transforms/test_nppi_copyConstBorder.cpp:63&#x0A;Expected equality of these values:&#x0A;  dstData[dstIdx]&#x0A;    Which is: &apos;\0&apos;&#x0A;  srcData[srcIdx]&#x0A;    Which is: &apos;\xFA&apos; (250)&#x0A;Source copy mismatch at dst(17,8) src(14,4)&#x0A;" type=""><![CDATA[/home/cjxu/npp/test/unit/nppi/nppi_geometry_transforms/test_nppi_copyConstBorder.cpp:63
Expected equality of these values:
  dstData[dstIdx]
    Which is: '\0'
  srcData[srcIdx]
    Which is: '\xFA' (250)
Source copy mismatch at dst(17,8) src(14,4)
]]></failure>
      <failure message="/home/cjxu/npp/test/unit/nppi/nppi_geometry_transforms/test_nppi_copyConstBorder.cpp:63&#x0A;Expected equality of these values:&#x0A;  dstData[dstIdx]&#x0A;    Which is: &apos;\0&apos;&#x0A;  srcData[srcIdx]&#x0A;    Which is: &apos;\xBE&apos; (190)&#x0A;Source copy mismatch at dst(18,8) src(15,4)&#x0A;" type=""><![CDATA[/home/cjxu/npp/test/unit/nppi/nppi_geometry_transforms/test_nppi_copyConstBorder.cpp:63
Expected equality of these values:
  dstData[dstIdx]
    Which is: '\0'
  srcData[srcIdx]
    Which is: '\xBE' (190)
Source copy mismatch at dst(18,8) src(15,4)
]]></failure>
      <failure message="/home/cjxu/npp/test/unit/nppi/nppi_geometry_transforms/test_nppi_copyConstBorder.cpp:67&#x0A;Expected equality of these values:&#x0A;  dstData[dstIdx]&#x0A;    Which is: &apos;\0&apos;&#x0A;  borderValue&#x0A;    Which is: &apos;@&apos; (64, 0x40)&#x0A;Border value mismatch at (19,8)&#x0A;" type=""><![CDATA[/home/cjxu/npp/test/unit/nppi/nppi_geometry_transforms/test_nppi_copyConstBorder.cpp:67
Expected equality of these values:
  dstData[dstIdx]
    Which is: '\0'
  borderValue
    Which is: '@' (64, 0x40)
Border value mismatch at (19,8)
]]></failure>
      <failure message="/home/cjxu/npp/test/unit/nppi/nppi_geometry_transforms/test_nppi_copyConstBorder.cpp:67&#x0A;Expected equality of these values:&#x0A;  dstData[dstIdx]&#x0A;    Which is: &apos;\0&apos;&#x0A;  borderValue&#x0A;    Which is: &apos;@&apos; (64, 0x40)&#x0A;Border value mismatch at (20,8)&#x0A;" type=""><![CDATA[/home/cjxu/npp/test/unit/nppi/nppi_geometry_transforms/test_nppi_copyConstBorder.cpp:67
Expected equality of these values:
  dstData[dstIdx]
    Which is: '\0'
  borderValue
    Which is: '@' (64, 0x40)
Border value mismatch at (20,8)
]]></failure>
      <failure message="/home/cjxu/npp/test/unit/nppi/nppi_geometry_transforms/test_nppi_copyConstBorder.cpp:67&#x0A;Expected equality of these values:&#x0A;  dstData[dstIdx]&#x0A;    Which is: &apos;\0&apos;&#x0A;  borderValue&#x0A;    Which is: &apos;@&apos; (64, 0x40)&#x0A;Border value mismatch at (21,8)&#x0A;" type=""><![CDATA[/home/cjxu/npp/test/unit/nppi/nppi_geometry_transforms/test_nppi_copyConstBorder.cpp:67
Expected equality of these values:
  dstData[dstIdx]
    Which is: '\0'
  borderValue
    Which is: '@' (64, 0x40)
Border value mismatch at (21,8)
]]></failure>
      <failure message="/home/cjxu/npp/test/unit/nppi/nppi_geometry_transforms/test_nppi_copyConstBorder.cpp:67&#x0A;Expected equality of these values:&#x0A;  dstData[dstIdx]&#x0A;    Which is: &apos;\0&apos;&#x0A;  borderValue&#x0A;    Which is: &apos;@&apos; (64, 0x40)&#x0A;Border value mismatch at (22,8)&#x0A;" type=""><![CDATA[/home/cjxu/npp/test/unit/nppi/nppi_geometry_transforms/test_nppi_copyConstBorder.cpp:67
Expected equality of these values:
  dstData[dstIdx]
    Which is: '\0'
  borderValue
    Which is: '@' (64, 0x40)
Border value mismatch at (22,8)
]]></failure>
      <failure message="/home/cjxu/npp/test/unit/nppi/nppi_geometry_transforms/test_nppi_copyConstBorder.cpp:67&#x0A;Expected equality of these values:&#x0A;  dstData[dstIdx]&#x0A;    Which is: &apos;\0&apos;&#x0A;  borderValue&#x0A;    Which is: &apos;@&apos; (64, 0x40)&#x0A;Border value mismatch at (23,8)&#x0A;" type=""><![CDATA[/home/cjxu/npp/test/unit/nppi/nppi_geometry_transforms/test_nppi_copyConstBorder.cpp:67
Expected equality of these values:
  dstData[dstIdx]
    Which is: '\0'
  borderValue
    Which is: '@' (64, 0x40)
Border value mismatch at (23,8)
]]></failure>
      <failure message="/home/cjxu/npp/test/unit/nppi/nppi_geometry_transforms/test_nppi_copyConstBorder.cpp:67&#x0A;Expected equality of these values:&#x0A;  dstData[dstIdx]&#x0A;    Which is: &apos;\0&apos;&#x0A;  borderValue&#x0A;    Which is: &apos;@&apos; (64, 0x40)&#x0A;Border value mismatch at (0,9)&#x0A;" type=""><![CDATA[/home/cjxu/npp/test/unit/nppi/nppi_geometry_transforms/test_nppi_copyConstBorder.cpp:67
Expected equality of these values:
  dstData[dstIdx]
    Which is: '\0'
  borderValue
    Which is: '@' (64, 0x40)
Border value mismatch at (0,9)
]]></failure>
      <failure message="/home/cjxu/npp/test/unit/nppi/nppi_geometry_transforms/test_nppi_copyConstBorder.cpp:67&#x0A;Expected equality of these values:&#x0A;  dstData[dstIdx]&#x0A;    Which is: &apos;\0&apos;&#x0A;  borderValue&#x0A;    Which is: &apos;@&apos; (64, 0x40)&#x0A;Border value mismatch at (1,9)&#x0A;" type=""><![CDATA[/home/cjxu/npp/test/unit/nppi/nppi_geometry_transforms/test_nppi_copyConstBorder.cpp:67
Expected equality of these values:
  dstData[dstIdx]
    Which is: '\0'
  borderValue
    Which is: '@' (64, 0x40)
Border value mismatch at (1,9)
]]></failure>
      <failure message="/home/cjxu/npp/test/unit/nppi/nppi_geometry_transforms/test_nppi_copyConstBorder.cpp:67&#x0A;Expected equality of these values:&#x0A;  dstData[dstIdx]&#x0A;    Which is: &apos;\0&apos;&#x0A;  borderValue&#x0A;    Which is: &apos;@&apos; (64, 0x40)&#x0A;Border value mismatch at (2,9)&#x0A;" type=""><![CDATA[/home/cjxu/npp/test/unit/nppi/nppi_geometry_transforms/test_nppi_copyConstBorder.cpp:67
Expected equality of these values:
  dstData[dstIdx]
    Which is: '\0'
  borderValue
    Which is: '@' (64, 0x40)
Border value mismatch at (2,9)
]]></failure>
      <failure message="/home/cjxu/npp/test/unit/nppi/nppi_geometry_transforms/test_nppi_copyConstBorder.cpp:63&#x0A;Expected equality of these values:&#x0A;  dstData[dstIdx]&#x0A;    Which is: &apos;\0&apos;&#x0A;  srcData[srcIdx]&#x0A;    Which is: &apos;\xF3&apos; (243)&#x0A;Source copy mismatch at dst(3,9) src(0,5)&#x0A;" type=""><![CDATA[/home/cjxu/npp/test/unit/nppi/nppi_geometry_transforms/test_nppi_copyConstBorder.cpp:63
Expected equality of these values:
  dstData[dstIdx]
    Which is: '\0'
  srcData[srcIdx]
    Which is: '\xF3' (243)
Source copy mismatch at dst(3,9) src(0,5)
]]></failure>
      <failure message="/home/cjxu/npp/test/unit/nppi/nppi_geometry_transforms/test_nppi_copyConstBorder.cpp:63&#x0A;Expected equality of these values:&#x0A;  dstData[dstIdx]&#x0A;    Which is: &apos;\0&apos;&#x0A;  srcData[srcIdx]&#x0A;    Which is: &apos;\x11&apos; (17)&#x0A;Source copy mismatch at dst(4,9) src(1,5)&#x0A;" type=""><![CDATA[/home/cjxu/npp/test/unit/nppi/nppi_geometry_transforms/test_nppi_copyConstBorder.cpp:63
Expected equality of these values:
  dstData[dstIdx]
    Which is: '\0'
  srcData[srcIdx]
    Which is: '\x11' (17)
Source copy mismatch at dst(4,9) src(1,5)
]]></failure>
      <failure message="/home/cjxu/npp/test/unit/nppi/nppi_geometry_transforms/test_nppi_copyConstBorder.cpp:63&#x0A;Expected equality of these values:&#x0A;  dstData[dstIdx]&#x0A;    Which is: &apos;\0&apos;&#x0A;  srcData[srcIdx]&#x0A;    Which is: &apos;\x93&apos; (147)&#x0A;Source copy mismatch at dst(5,9) src(2,5)&#x0A;" type=""><![CDATA[/home/cjxu/npp/test/unit/nppi/nppi_geometry_transforms/test_nppi_copyConstBorder.cpp:63
Expected equality of these values:
  dstData[dstIdx]
    Which is: '\0'
  srcData[srcIdx]
    Which is: '\x93' (147)
Source copy mismatch at dst(5,9) src(2,5)
]]></failure>
      <failure message="/home/cjxu/npp/test/unit/nppi/nppi_geometry_transforms/test_nppi_copyConstBorder.cpp:63&#x0A;Expected equality of these values:&#x0A;  dstData[dstIdx]&#x0A;    Which is: &apos;\0&apos;&#x0A;  srcData[srcIdx]&#x0A;    Which is: &apos;z&apos; (122, 0x7A)&#x0A;Source copy mismatch at dst(6,9) src(3,5)&#x0A;" type=""><![CDATA[/home/cjxu/npp/test/unit/nppi/nppi_geometry_transforms/test_nppi_copyConstBorder.cpp:63
Expected equality of these values:
  dstData[dstIdx]
    Which is: '\0'
  srcData[srcIdx]
    Which is: 'z' (122, 0x7A)
Source copy mismatch at dst(6,9) src(3,5)
]]></failure>
      <failure message="/home/cjxu/npp/test/unit/nppi/nppi_geometry_transforms/test_nppi_copyConstBorder.cpp:63&#x0A;Expected equality of these values:&#x0A;  dstData[dstIdx]&#x0A;    Which is: &apos;\0&apos;&#x0A;  srcData[srcIdx]&#x0A;    Which is: &apos;;&apos; (59, 0x3B)&#x0A;Source copy mismatch at dst(7,9) src(4,5)&#x0A;" type=""><![CDATA[/home/cjxu/npp/test/unit/nppi/nppi_geometry_transforms/test_nppi_copyConstBorder.cpp:63
Expected equality of these values:
  dstData[dstIdx]
    Which is: '\0'
  srcData[srcIdx]
    Which is: ';' (59, 0x3B)
Source copy mismatch at dst(7,9) src(4,5)
]]></failure>
      <failure message="/home/cjxu/npp/test/unit/nppi/nppi_geometry_transforms/test_nppi_copyConstBorder.cpp:63&#x0A;Expected equality of these values:&#x0A;  dstData[dstIdx]&#x0A;    Which is: &apos;\0&apos;&#x0A;  srcData[srcIdx]&#x0A;    Which is: &apos;\x94&apos; (148)&#x0A;Source copy mismatch at dst(8,9) src(5,5)&#x0A;" type=""><![CDATA[/home/cjxu/npp/test/unit/nppi/nppi_geometry_transforms/test_nppi_copyConstBorder.cpp:63
Expected equality of these values:
  dstData[dstIdx]
    Which is: '\0'
  srcData[srcIdx]
    Which is: '\x94' (148)
Source copy mismatch at dst(8,9) src(5,5)
]]></failure>
      <failure message="/home/cjxu/npp/test/unit/nppi/nppi_geometry_transforms/test_nppi_copyConstBorder.cpp:63&#x0A;Expected equality of these values:&#x0A;  dstData[dstIdx]&#x0A;    Which is: &apos;\0&apos;&#x0A;  srcData[srcIdx]&#x0A;    Which is: &apos;_&apos; (95, 0x5F)&#x0A;Source copy mismatch at dst(9,9) src(6,5)&#x0A;" type=""><![CDATA[/home/cjxu/npp/test/unit/nppi/nppi_geometry_transforms/test_nppi_copyConstBorder.cpp:63
Expected equality of these values:
  dstData[dstIdx]
    Which is: '\0'
  srcData[srcIdx]
    Which is: '_' (95, 0x5F)
Source copy mismatch at dst(9,9) src(6,5)
]]></failure>
      <failure message="/home/cjxu/npp/test/unit/nppi/nppi_geometry_transforms/test_nppi_copyConstBorder.cpp:63&#x0A;Expected equality of these values:&#x0A;  dstData[dstIdx]&#x0A;    Which is: &apos;\0&apos;&#x0A;  srcData[srcIdx]&#x0A;    Which is: &apos;b&apos; (98, 0x62)&#x0A;Source copy mismatch at dst(10,9) src(7,5)&#x0A;" type=""><![CDATA[/home/cjxu/npp/test/unit/nppi/nppi_geometry_transforms/test_nppi_copyConstBorder.cpp:63
Expected equality of these values:
  dstData[dstIdx]
    Which is: '\0'
  srcData[srcIdx]
    Which is: 'b' (98, 0x62)
Source copy mismatch at dst(10,9) src(7,5)
]]></failure>
      <failure message="/home/cjxu/npp/test/unit/nppi/nppi_geometry_transforms/test_nppi_copyConstBorder.cpp:63&#x0A;Expected equality of these values:&#x0A;  dstData[dstIdx]&#x0A;    Which is: &apos;\0&apos;&#x0A;  srcData[srcIdx]&#x0A;    Which is: &apos;\x99&apos; (153)&#x0A;Source copy mismatch at dst(11,9) src(8,5)&#x0A;" type=""><![CDATA[/home/cjxu/npp/test/unit/nppi/nppi_geometry_transforms/test_nppi_copyConstBorder.cpp:63
Expected equality of these values:
  dstData[dstIdx]
    Which is: '\0'
  srcData[srcIdx]
    Which is: '\x99' (153)
Source copy mismatch at dst(11,9) src(8,5)
]]></failure>
      <failure message="/home/cjxu/npp/test/unit/nppi/nppi_geometry_transforms/test_nppi_copyConstBorder.cpp:63&#x0A;Expected equality of these values:&#x0A;  dstData[dstIdx]&#x0A;    Which is: &apos;\0&apos;&#x0A;  srcData[srcIdx]&#x0A;    Which is: &apos;\xB1&apos; (177)&#x0A;Source copy mismatch at dst(12,9) src(9,5)&#x0A;" type=""><![CDATA[/home/cjxu/npp/test/unit/nppi/nppi_geometry_transforms/test_nppi_copyConstBorder.cpp:63
Expected equality of these values:
  dstData[dstIdx]
    Which is: '\0'
  srcData[srcIdx]
    Which is: '\xB1' (177)
Source copy mismatch at dst(12,9) src(9,5)
]]></failure>
      <failure message="/home/cjxu/npp/test/unit/nppi/nppi_geometry_transforms/test_nppi_copyConstBorder.cpp:63&#x0A;Expected equality of these values:&#x0A;  dstData[dstIdx]&#x0A;    Which is: &apos;\0&apos;&#x0A;  srcData[srcIdx]&#x0A;    Which is: &apos;j&apos; (106, 0x6A)&#x0A;Source copy mismatch at dst(13,9) src(10,5)&#x0A;" type=""><![CDATA[/home/cjxu/npp/test/unit/nppi/nppi_geometry_transforms/test_nppi_copyConstBorder.cpp:63
Expected equality of these values:
  dstData[dstIdx]
    Which is: '\0'
  srcData[srcIdx]
    Which is: 'j' (106, 0x6A)
Source copy mismatch at dst(13,9) src(10,5)
]]></failure>
      <failure message="/home/cjxu/npp/test/unit/nppi/nppi_geometry_transforms/test_nppi_copyConstBorder.cpp:63&#x0A;Expected equality of these values:&#x0A;  dstData[dstIdx]&#x0A;    Which is: &apos;\0&apos;&#x0A;  srcData[srcIdx]&#x0A;    Which is: &apos;\x95&apos; (149)&#x0A;Source copy mismatch at dst(14,9) src(11,5)&#x0A;" type=""><![CDATA[/home/cjxu/npp/test/unit/nppi/nppi_geometry_transforms/test_nppi_copyConstBorder.cpp:63
Expected equality of these values:
  dstData[dstIdx]
    Which is: '\0'
  srcData[srcIdx]
    Which is: '\x95' (149)
Source copy mismatch at dst(14,9) src(11,5)
]]></failure>
      <failure message="/home/cjxu/npp/test/unit/nppi/nppi_geometry_transforms/test_nppi_copyConstBorder.cpp:63&#x0A;Expected equality of these values:&#x0A;  dstData[dstIdx]&#x0A;    Which is: &apos;\0&apos;&#x0A;  srcData[srcIdx]&#x0A;    Which is: &apos;\x84&apos; (132)&#x0A;Source copy mismatch at dst(15,9) src(12,5)&#x0A;" type=""><![CDATA[/home/cjxu/npp/test/unit/nppi/nppi_geometry_transforms/test_nppi_copyConstBorder.cpp:63
Expected equality of these values:
  dstData[dstIdx]
    Which is: '\0'
  srcData[srcIdx]
    Which is: '\x84' (132)
Source copy mismatch at dst(15,9) src(12,5)
]]></failure>
      <failure message="/home/cjxu/npp/test/unit/nppi/nppi_geometry_transforms/test_nppi_copyConstBorder.cpp:63&#x0A;Expected equality of these values:&#x0A;  dstData[dstIdx]&#x0A;    Which is: &apos;\0&apos;&#x0A;  srcData[srcIdx]&#x0A;    Which is: &apos;\xE&apos; (14)&#x0A;Source copy mismatch at dst(16,9) src(13,5)&#x0A;" type=""><![CDATA[/home/cjxu/npp/test/unit/nppi/nppi_geometry_transforms/test_nppi_copyConstBorder.cpp:63
Expected equality of these values:
  dstData[dstIdx]
    Which is: '\0'
  srcData[srcIdx]
    Which is: '\xE' (14)
Source copy mismatch at dst(16,9) src(13,5)
]]></failure>
      <failure message="/home/cjxu/npp/test/unit/nppi/nppi_geometry_transforms/test_nppi_copyConstBorder.cpp:63&#x0A;Expected equality of these values:&#x0A;  dstData[dstIdx]&#x0A;    Which is: &apos;\0&apos;&#x0A;  srcData[srcIdx]&#x0A;    Which is: &apos;Q&apos; (81, 0x51)&#x0A;Source copy mismatch at dst(17,9) src(14,5)&#x0A;" type=""><![CDATA[/home/cjxu/npp/test/unit/nppi/nppi_geometry_transforms/test_nppi_copyConstBorder.cpp:63
Expected equality of these values:
  dstData[dstIdx]
    Which is: '\0'
  srcData[srcIdx]
    Which is: 'Q' (81, 0x51)
Source copy mismatch at dst(17,9) src(14,5)
]]></failure>
      <failure message="/home/cjxu/npp/test/unit/nppi/nppi_geometry_transforms/test_nppi_copyConstBorder.cpp:63&#x0A;Expected equality of these values:&#x0A;  dstData[dstIdx]&#x0A;    Which is: &apos;\0&apos;&#x0A;  srcData[srcIdx]&#x0A;    Which is: &apos;\x19&apos; (25)&#x0A;Source copy mismatch at dst(18,9) src(15,5)&#x0A;" type=""><![CDATA[/home/cjxu/npp/test/unit/nppi/nppi_geometry_transforms/test_nppi_copyConstBorder.cpp:63
Expected equality of these values:
  dstData[dstIdx]
    Which is: '\0'
  srcData[srcIdx]
    Which is: '\x19' (25)
Source copy mismatch at dst(18,9) src(15,5)
]]></failure>
      <failure message="/home/cjxu/npp/test/unit/nppi/nppi_geometry_transforms/test_nppi_copyConstBorder.cpp:67&#x0A;Expected equality of these values:&#x0A;  dstData[dstIdx]&#x0A;    Which is: &apos;\0&apos;&#x0A;  borderValue&#x0A;    Which is: &apos;@&apos; (64, 0x40)&#x0A;Border value mismatch at (19,9)&#x0A;" type=""><![CDATA[/home/cjxu/npp/test/unit/nppi/nppi_geometry_transforms/test_nppi_copyConstBorder.cpp:67
Expected equality of these values:
  dstData[dstIdx]
    Which is: '\0'
  borderValue
    Which is: '@' (64, 0x40)
Border value mismatch at (19,9)
]]></failure>
      <failure message="/home/cjxu/npp/test/unit/nppi/nppi_geometry_transforms/test_nppi_copyConstBorder.cpp:67&#x0A;Expected equality of these values:&#x0A;  dstData[dstIdx]&#x0A;    Which is: &apos;\0&apos;&#x0A;  borderValue&#x0A;    Which is: &apos;@&apos; (64, 0x40)&#x0A;Border value mismatch at (20,9)&#x0A;" type=""><![CDATA[/home/cjxu/npp/test/unit/nppi/nppi_geometry_transforms/test_nppi_copyConstBorder.cpp:67
Expected equality of these values:
  dstData[dstIdx]
    Which is: '\0'
  borderValue
    Which is: '@' (64, 0x40)
Border value mismatch at (20,9)
]]></failure>
      <failure message="/home/cjxu/npp/test/unit/nppi/nppi_geometry_transforms/test_nppi_copyConstBorder.cpp:67&#x0A;Expected equality of these values:&#x0A;  dstData[dstIdx]&#x0A;    Which is: &apos;\0&apos;&#x0A;  borderValue&#x0A;    Which is: &apos;@&apos; (64, 0x40)&#x0A;Border value mismatch at (21,9)&#x0A;" type=""><![CDATA[/home/cjxu/npp/test/unit/nppi/nppi_geometry_transforms/test_nppi_copyConstBorder.cpp:67
Expected equality of these values:
  dstData[dstIdx]
    Which is: '\0'
  borderValue
    Which is: '@' (64, 0x40)
Border value mismatch at (21,9)
]]></failure>
      <failure message="/home/cjxu/npp/test/unit/nppi/nppi_geometry_transforms/test_nppi_copyConstBorder.cpp:67&#x0A;Expected equality of these values:&#x0A;  dstData[dstIdx]&#x0A;    Which is: &apos;\0&apos;&#x0A;  borderValue&#x0A;    Which is: &apos;@&apos; (64, 0x40)&#x0A;Border value mismatch at (22,9)&#x0A;" type=""><![CDATA[/home/cjxu/npp/test/unit/nppi/nppi_geometry_transforms/test_nppi_copyConstBorder.cpp:67
Expected equality of these values:
  dstData[dstIdx]
    Which is: '\0'
  borderValue
    Which is: '@' (64, 0x40)
Border value mismatch at (22,9)
]]></failure>
      <failure message="/home/cjxu/npp/test/unit/nppi/nppi_geometry_transforms/test_nppi_copyConstBorder.cpp:67&#x0A;Expected equality of these values:&#x0A;  dstData[dstIdx]&#x0A;    Which is: &apos;\0&apos;&#x0A;  borderValue&#x0A;    Which is: &apos;@&apos; (64, 0x40)&#x0A;Border value mismatch at (23,9)&#x0A;" type=""><![CDATA[/home/cjxu/npp/test/unit/nppi/nppi_geometry_transforms/test_nppi_copyConstBorder.cpp:67
Expected equality of these values:
  dstData[dstIdx]
    Which is: '\0'
  borderValue
    Which is: '@' (64, 0x40)
Border value mismatch at (23,9)
]]></failure>
      <failure message="/home/cjxu/npp/test/unit/nppi/nppi_geometry_transforms/test_nppi_copyConstBorder.cpp:67&#x0A;Expected equality of these values:&#x0A;  dstData[dstIdx]&#x0A;    Which is: &apos;\0&apos;&#x0A;  borderValue&#x0A;    Which is: &apos;@&apos; (64, 0x40)&#x0A;Border value mismatch at (0,10)&#x0A;" type=""><![CDATA[/home/cjxu/npp/test/unit/nppi/nppi_geometry_transforms/test_nppi_copyConstBorder.cpp:67
Expected equality of these values:
  dstData[dstIdx]
    Which is: '\0'
  borderValue
    Which is: '@' (64, 0x40)
Border value mismatch at (0,10)
]]></failure>
      <failure message="/home/cjxu/npp/test/unit/nppi/nppi_geometry_transforms/test_nppi_copyConstBorder.cpp:67&#x0A;Expected equality of these values:&#x0A;  dstData[dstIdx]&#x0A;    Which is: &apos;\0&apos;&#x0A;  borderValue&#x0A;    Which is: &apos;@&apos; (64, 0x40)&#x0A;Border value mismatch at (1,10)&#x0A;" type=""><![CDATA[/home/cjxu/npp/test/unit/nppi/nppi_geometry_transforms/test_nppi_copyConstBorder.cpp:67
Expected equality of these values:
  dstData[dstIdx]
    Which is: '\0'
  borderValue
    Which is: '@' (64, 0x40)
Border value mismatch at (1,10)
]]></failure>
      <failure message="/home/cjxu/npp/test/unit/nppi/nppi_geometry_transforms/test_nppi_copyConstBorder.cpp:67&#x0A;Expected equality of these values:&#x0A;  dstData[dstIdx]&#x0A;    Which is: &apos;\0&apos;&#x0A;  borderValue&#x0A;    Which is: &apos;@&apos; (64, 0x40)&#x0A;Border value mismatch at (2,10)&#x0A;" type=""><![CDATA[/home/cjxu/npp/test/unit/nppi/nppi_geometry_transforms/test_nppi_copyConstBorder.cpp:67
Expected equality of these values:
  dstData[dstIdx]
    Which is: '\0'
  borderValue
    Which is: '@' (64, 0x40)
Border value mismatch at (2,10)
]]></failure>
      <failure message="/home/cjxu/npp/test/unit/nppi/nppi_geometry_transforms/test_nppi_copyConstBorder.cpp:63&#x0A;Expected equality of these values:&#x0A;  dstData[dstIdx]&#x0A;    Which is: &apos;\0&apos;&#x0A;  srcData[srcIdx]&#x0A;    Which is: &apos;\x18&apos; (24)&#x0A;Source copy mismatch at dst(3,10) src(0,6)&#x0A;" type=""><![CDATA[/home/cjxu/npp/test/unit/nppi/nppi_geometry_transforms/test_nppi_copyConstBorder.cpp:63
Expected equality of these values:
  dstData[dstIdx]
    Which is: '\0'
  srcData[srcIdx]
    Which is: '\x18' (24)
Source copy mismatch at dst(3,10) src(0,6)
]]></failure>
      <failure message="/home/cjxu/npp/test/unit/nppi/nppi_geometry_transforms/test_nppi_copyConstBorder.cpp:63&#x0A;Expected equality of these values:&#x0A;  dstData[dstIdx]&#x0A;    Which is: &apos;\0&apos;&#x0A;  srcData[srcIdx]&#x0A;    Which is: &apos;c&apos; (99, 0x63)&#x0A;Source copy mismatch at dst(4,10) src(1,6)&#x0A;" type=""><![CDATA[/home/cjxu/npp/test/unit/nppi/nppi_geometry_transforms/test_nppi_copyConstBorder.cpp:63
Expected equality of these values:
  dstData[dstIdx]
    Which is: '\0'
  srcData[srcIdx]
    Which is: 'c' (99, 0x63)
Source copy mismatch at dst(4,10) src(1,6)
]]></failure>
      <failure message="/home/cjxu/npp/test/unit/nppi/nppi_geometry_transforms/test_nppi_copyConstBorder.cpp:63&#x0A;Expected equality of these values:&#x0A;  dstData[dstIdx]&#x0A;    Which is: &apos;\0&apos;&#x0A;  srcData[srcIdx]&#x0A;    Which is: &apos;\x4&apos; (4)&#x0A;Source copy mismatch at dst(5,10) src(2,6)&#x0A;" type=""><![CDATA[/home/cjxu/npp/test/unit/nppi/nppi_geometry_transforms/test_nppi_copyConstBorder.cpp:63
Expected equality of these values:
  dstData[dstIdx]
    Which is: '\0'
  srcData[srcIdx]
    Which is: '\x4' (4)
Source copy mismatch at dst(5,10) src(2,6)
]]></failure>
      <failure message="/home/cjxu/npp/test/unit/nppi/nppi_geometry_transforms/test_nppi_copyConstBorder.cpp:63&#x0A;Expected equality of these values:&#x0A;  dstData[dstIdx]&#x0A;    Which is: &apos;\0&apos;&#x0A;  srcData[srcIdx]&#x0A;    Which is: &apos;\xE&apos; (14)&#x0A;Source copy mismatch at dst(6,10) src(3,6)&#x0A;" type=""><![CDATA[/home/cjxu/npp/test/unit/nppi/nppi_geometry_transforms/test_nppi_copyConstBorder.cpp:63
Expected equality of these values:
  dstData[dstIdx]
    Which is: '\0'
  srcData[srcIdx]
    Which is: '\xE' (14)
Source copy mismatch at dst(6,10) src(3,6)
]]></failure>
      <failure message="/home/cjxu/npp/test/unit/nppi/nppi_geometry_transforms/test_nppi_copyConstBorder.cpp:63&#x0A;Expected equality of these values:&#x0A;  dstData[dstIdx]&#x0A;    Which is: &apos;\0&apos;&#x0A;  srcData[srcIdx]&#x0A;    Which is: &apos;&amp;&apos; (38, 0x26)&#x0A;Source copy mismatch at dst(7,10) src(4,6)&#x0A;" type=""><![CDATA[/home/cjxu/npp/test/unit/nppi/nppi_geometry_transforms/test_nppi_copyConstBorder.cpp:63
Expected equality of these values:
  dstData[dstIdx]
    Which is: '\0'
  srcData[srcIdx]
    Which is: '&' (38, 0x26)
Source copy mismatch at dst(7,10) src(4,6)
]]></failure>
      <failure message="/home/cjxu/npp/test/unit/nppi/nppi_geometry_transforms/test_nppi_copyConstBorder.cpp:63&#x0A;Expected equality of these values:&#x0A;  dstData[dstIdx]&#x0A;    Which is: &apos;\0&apos;&#x0A;  srcData[srcIdx]&#x0A;    Which is: &apos;e&apos; (101, 0x65)&#x0A;Source copy mismatch at dst(8,10) src(5,6)&#x0A;" type=""><![CDATA[/home/cjxu/npp/test/unit/nppi/nppi_geometry_transforms/test_nppi_copyConstBorder.cpp:63
Expected equality of these values:
  dstData[dstIdx]
    Which is: '\0'
  srcData[srcIdx]
    Which is: 'e' (101, 0x65)
Source copy mismatch at dst(8,10) src(5,6)
]]></failure>
      <failure message="/home/cjxu/npp/test/unit/nppi/nppi_geometry_transforms/test_nppi_copyConstBorder.cpp:63&#x0A;Expected equality of these values:&#x0A;  dstData[dstIdx]&#x0A;    Which is: &apos;\0&apos;&#x0A;  srcData[srcIdx]&#x0A;    Which is: &apos;\xDD&apos; (221)&#x0A;Source copy mismatch at dst(9,10) src(6,6)&#x0A;" type=""><![CDATA[/home/cjxu/npp/test/unit/nppi/nppi_geometry_transforms/test_nppi_copyConstBorder.cpp:63
Expected equality of these values:
  dstData[dstIdx]
    Which is: '\0'
  srcData[srcIdx]
    Which is: '\xDD' (221)
Source copy mismatch at dst(9,10) src(6,6)
]]></failure>
      <failure message="/home/cjxu/npp/test/unit/nppi/nppi_geometry_transforms/test_nppi_copyConstBorder.cpp:63&#x0A;Expected equality of these values:&#x0A;  dstData[dstIdx]&#x0A;    Which is: &apos;\0&apos;&#x0A;  srcData[srcIdx]&#x0A;    Which is: &apos;4&apos; (52, 0x34)&#x0A;Source copy mismatch at dst(10,10) src(7,6)&#x0A;" type=""><![CDATA[/home/cjxu/npp/test/unit/nppi/nppi_geometry_transforms/test_nppi_copyConstBorder.cpp:63
Expected equality of these values:
  dstData[dstIdx]
    Which is: '\0'
  srcData[srcIdx]
    Which is: '4' (52, 0x34)
Source copy mismatch at dst(10,10) src(7,6)
]]></failure>
      <failure message="/home/cjxu/npp/test/unit/nppi/nppi_geometry_transforms/test_nppi_copyConstBorder.cpp:63&#x0A;Expected equality of these values:&#x0A;  dstData[dstIdx]&#x0A;    Which is: &apos;\0&apos;&#x0A;  srcData[srcIdx]&#x0A;    Which is: &apos;#&apos; (35, 0x23)&#x0A;Source copy mismatch at dst(11,10) src(8,6)&#x0A;" type=""><![CDATA[/home/cjxu/npp/test/unit/nppi/nppi_geometry_transforms/test_nppi_copyConstBorder.cpp:63
Expected equality of these values:
  dstData[dstIdx]
    Which is: '\0'
  srcData[srcIdx]
    Which is: '#' (35, 0x23)
Source copy mismatch at dst(11,10) src(8,6)
]]></failure>
      <failure message="/home/cjxu/npp/test/unit/nppi/nppi_geometry_transforms/test_nppi_copyConstBorder.cpp:63&#x0A;Expected equality of these values:&#x0A;  dstData[dstIdx]&#x0A;    Which is: &apos;\0&apos;&#x0A;  srcData[srcIdx]&#x0A;    Which is: &apos;\x9B&apos; (155)&#x0A;Source copy mismatch at dst(12,10) src(9,6)&#x0A;" type=""><![CDATA[/home/cjxu/npp/test/unit/nppi/nppi_geometry_transforms/test_nppi_copyConstBorder.cpp:63
Expected equality of these values:
  dstData[dstIdx]
    Which is: '\0'
  srcData[srcIdx]
    Which is: '\x9B' (155)
Source copy mismatch at dst(12,10) src(9,6)
]]></failure>
      <failure message="/home/cjxu/npp/test/unit/nppi/nppi_geometry_transforms/test_nppi_copyConstBorder.cpp:63&#x0A;Expected equality of these values:&#x0A;  dstData[dstIdx]&#x0A;    Which is: &apos;\0&apos;&#x0A;  srcData[srcIdx]&#x0A;    Which is: &apos;\x12&apos; (18)&#x0A;Source copy mismatch at dst(13,10) src(10,6)&#x0A;" type=""><![CDATA[/home/cjxu/npp/test/unit/nppi/nppi_geometry_transforms/test_nppi_copyConstBorder.cpp:63
Expected equality of these values:
  dstData[dstIdx]
    Which is: '\0'
  srcData[srcIdx]
    Which is: '\x12' (18)
Source copy mismatch at dst(13,10) src(10,6)
]]></failure>
      <failure message="/home/cjxu/npp/test/unit/nppi/nppi_geometry_transforms/test_nppi_copyConstBorder.cpp:63&#x0A;Expected equality of these values:&#x0A;  dstData[dstIdx]&#x0A;    Which is: &apos;\0&apos;&#x0A;  srcData[srcIdx]&#x0A;    Which is: &apos;&gt;&apos; (62, 0x3E)&#x0A;Source copy mismatch at dst(14,10) src(11,6)&#x0A;" type=""><![CDATA[/home/cjxu/npp/test/unit/nppi/nppi_geometry_transforms/test_nppi_copyConstBorder.cpp:63
Expected equality of these values:
  dstData[dstIdx]
    Which is: '\0'
  srcData[srcIdx]
    Which is: '>' (62, 0x3E)
Source copy mismatch at dst(14,10) src(11,6)
]]></failure>
      <failure message="/home/cjxu/npp/test/unit/nppi/nppi_geometry_transforms/test_nppi_copyConstBorder.cpp:63&#x0A;Expected equality of these values:&#x0A;  dstData[dstIdx]&#x0A;    Which is: &apos;\0&apos;&#x0A;  srcData[srcIdx]&#x0A;    Which is: &apos;\xE7&apos; (231)&#x0A;Source copy mismatch at dst(15,10) src(12,6)&#x0A;" type=""><![CDATA[/home/cjxu/npp/test/unit/nppi/nppi_geometry_transforms/test_nppi_copyConstBorder.cpp:63
Expected equality of these values:
  dstData[dstIdx]
    Which is: '\0'
  srcData[srcIdx]
    Which is: '\xE7' (231)
Source copy mismatch at dst(15,10) src(12,6)
]]></failure>
      <failure message="/home/cjxu/npp/test/unit/nppi/nppi_geometry_transforms/test_nppi_copyConstBorder.cpp:63&#x0A;Expected equality of these values:&#x0A;  dstData[dstIdx]&#x0A;    Which is: &apos;\0&apos;&#x0A;  srcData[srcIdx]&#x0A;    Which is: &apos;\f&apos; (12, 0xC)&#x0A;Source copy mismatch at dst(16,10) src(13,6)&#x0A;" type=""><![CDATA[/home/cjxu/npp/test/unit/nppi/nppi_geometry_transforms/test_nppi_copyConstBorder.cpp:63
Expected equality of these values:
  dstData[dstIdx]
    Which is: '\0'
  srcData[srcIdx]
    Which is: '\f' (12, 0xC)
Source copy mismatch at dst(16,10) src(13,6)
]]></failure>
      <failure message="/home/cjxu/npp/test/unit/nppi/nppi_geometry_transforms/test_nppi_copyConstBorder.cpp:63&#x0A;Expected equality of these values:&#x0A;  dstData[dstIdx]&#x0A;    Which is: &apos;\0&apos;&#x0A;  srcData[srcIdx]&#x0A;    Which is: &apos;\xFD&apos; (253)&#x0A;Source copy mismatch at dst(17,10) src(14,6)&#x0A;" type=""><![CDATA[/home/cjxu/npp/test/unit/nppi/nppi_geometry_transforms/test_nppi_copyConstBorder.cpp:63
Expected equality of these values:
  dstData[dstIdx]
    Which is: '\0'
  srcData[srcIdx]
    Which is: '\xFD' (253)
Source copy mismatch at dst(17,10) src(14,6)
]]></failure>
      <failure message="/home/cjxu/npp/test/unit/nppi/nppi_geometry_transforms/test_nppi_copyConstBorder.cpp:63&#x0A;Expected equality of these values:&#x0A;  dstData[dstIdx]&#x0A;    Which is: &apos;\0&apos;&#x0A;  srcData[srcIdx]&#x0A;    Which is: &apos;\xDA&apos; (218)&#x0A;Source copy mismatch at dst(18,10) src(15,6)&#x0A;" type=""><![CDATA[/home/cjxu/npp/test/unit/nppi/nppi_geometry_transforms/test_nppi_copyConstBorder.cpp:63
Expected equality of these values:
  dstData[dstIdx]
    Which is: '\0'
  srcData[srcIdx]
    Which is: '\xDA' (218)
Source copy mismatch at dst(18,10) src(15,6)
]]></failure>
      <failure message="/home/cjxu/npp/test/unit/nppi/nppi_geometry_transforms/test_nppi_copyConstBorder.cpp:67&#x0A;Expected equality of these values:&#x0A;  dstData[dstIdx]&#x0A;    Which is: &apos;\0&apos;&#x0A;  borderValue&#x0A;    Which is: &apos;@&apos; (64, 0x40)&#x0A;Border value mismatch at (19,10)&#x0A;" type=""><![CDATA[/home/cjxu/npp/test/unit/nppi/nppi_geometry_transforms/test_nppi_copyConstBorder.cpp:67
Expected equality of these values:
  dstData[dstIdx]
    Which is: '\0'
  borderValue
    Which is: '@' (64, 0x40)
Border value mismatch at (19,10)
]]></failure>
      <failure message="/home/cjxu/npp/test/unit/nppi/nppi_geometry_transforms/test_nppi_copyConstBorder.cpp:67&#x0A;Expected equality of these values:&#x0A;  dstData[dstIdx]&#x0A;    Which is: &apos;\0&apos;&#x0A;  borderValue&#x0A;    Which is: &apos;@&apos; (64, 0x40)&#x0A;Border value mismatch at (20,10)&#x0A;" type=""><![CDATA[/home/cjxu/npp/test/unit/nppi/nppi_geometry_transforms/test_nppi_copyConstBorder.cpp:67
Expected equality of these values:
  dstData[dstIdx]
    Which is: '\0'
  borderValue
    Which is: '@' (64, 0x40)
Border value mismatch at (20,10)
]]></failure>
      <failure message="/home/cjxu/npp/test/unit/nppi/nppi_geometry_transforms/test_nppi_copyConstBorder.cpp:67&#x0A;Expected equality of these values:&#x0A;  dstData[dstIdx]&#x0A;    Which is: &apos;\0&apos;&#x0A;  borderValue&#x0A;    Which is: &apos;@&apos; (64, 0x40)&#x0A;Border value mismatch at (21,10)&#x0A;" type=""><![CDATA[/home/cjxu/npp/test/unit/nppi/nppi_geometry_transforms/test_nppi_copyConstBorder.cpp:67
Expected equality of these values:
  dstData[dstIdx]
    Which is: '\0'
  borderValue
    Which is: '@' (64, 0x40)
Border value mismatch at (21,10)
]]></failure>
      <failure message="/home/cjxu/npp/test/unit/nppi/nppi_geometry_transforms/test_nppi_copyConstBorder.cpp:67&#x0A;Expected equality of these values:&#x0A;  dstData[dstIdx]&#x0A;    Which is: &apos;\0&apos;&#x0A;  borderValue&#x0A;    Which is: &apos;@&apos; (64, 0x40)&#x0A;Border value mismatch at (22,10)&#x0A;" type=""><![CDATA[/home/cjxu/npp/test/unit/nppi/nppi_geometry_transforms/test_nppi_copyConstBorder.cpp:67
Expected equality of these values:
  dstData[dstIdx]
    Which is: '\0'
  borderValue
    Which is: '@' (64, 0x40)
Border value mismatch at (22,10)
]]></failure>
      <failure message="/home/cjxu/npp/test/unit/nppi/nppi_geometry_transforms/test_nppi_copyConstBorder.cpp:67&#x0A;Expected equality of these values:&#x0A;  dstData[dstIdx]&#x0A;    Which is: &apos;\0&apos;&#x0A;  borderValue&#x0A;    Which is: &apos;@&apos; (64, 0x40)&#x0A;Border value mismatch at (23,10)&#x0A;" type=""><![CDATA[/home/cjxu/npp/test/unit/nppi/nppi_geometry_transforms/test_nppi_copyConstBorder.cpp:67
Expected equality of these values:
  dstData[dstIdx]
    Which is: '\0'
  borderValue
    Which is: '@' (64, 0x40)
Border value mismatch at (23,10)
]]></failure>
      <failure message="/home/cjxu/npp/test/unit/nppi/nppi_geometry_transforms/test_nppi_copyConstBorder.cpp:67&#x0A;Expected equality of these values:&#x0A;  dstData[dstIdx]&#x0A;    Which is: &apos;\0&apos;&#x0A;  borderValue&#x0A;    Which is: &apos;@&apos; (64, 0x40)&#x0A;Border value mismatch at (0,11)&#x0A;" type=""><![CDATA[/home/cjxu/npp/test/unit/nppi/nppi_geometry_transforms/test_nppi_copyConstBorder.cpp:67
Expected equality of these values:
  dstData[dstIdx]
    Which is: '\0'
  borderValue
    Which is: '@' (64, 0x40)
Border value mismatch at (0,11)
]]></failure>
      <failure message="/home/cjxu/npp/test/unit/nppi/nppi_geometry_transforms/test_nppi_copyConstBorder.cpp:67&#x0A;Expected equality of these values:&#x0A;  dstData[dstIdx]&#x0A;    Which is: &apos;\0&apos;&#x0A;  borderValue&#x0A;    Which is: &apos;@&apos; (64, 0x40)&#x0A;Border value mismatch at (1,11)&#x0A;" type=""><![CDATA[/home/cjxu/npp/test/unit/nppi/nppi_geometry_transforms/test_nppi_copyConstBorder.cpp:67
Expected equality of these values:
  dstData[dstIdx]
    Which is: '\0'
  borderValue
    Which is: '@' (64, 0x40)
Border value mismatch at (1,11)
]]></failure>
      <failure message="/home/cjxu/npp/test/unit/nppi/nppi_geometry_transforms/test_nppi_copyConstBorder.cpp:67&#x0A;Expected equality of these values:&#x0A;  dstData[dstIdx]&#x0A;    Which is: &apos;\0&apos;&#x0A;  borderValue&#x0A;    Which is: &apos;@&apos; (64, 0x40)&#x0A;Border value mismatch at (2,11)&#x0A;" type=""><![CDATA[/home/cjxu/npp/test/unit/nppi/nppi_geometry_transforms/test_nppi_copyConstBorder.cpp:67
Expected equality of these values:
  dstData[dstIdx]
    Which is: '\0'
  borderValue
    Which is: '@' (64, 0x40)
Border value mismatch at (2,11)
]]></failure>
      <failure message="/home/cjxu/npp/test/unit/nppi/nppi_geometry_transforms/test_nppi_copyConstBorder.cpp:63&#x0A;Expected equality of these values:&#x0A;  dstData[dstIdx]&#x0A;    Which is: &apos;\0&apos;&#x0A;  srcData[srcIdx]&#x0A;    Which is: &apos;\x1D&apos; (29)&#x0A;Source copy mismatch at dst(3,11) src(0,7)&#x0A;" type=""><![CDATA[/home/cjxu/npp/test/unit/nppi/nppi_geometry_transforms/test_nppi_copyConstBorder.cpp:63
Expected equality of these values:
  dstData[dstIdx]
    Which is: '\0'
  srcData[srcIdx]
    Which is: '\x1D' (29)
Source copy mismatch at dst(3,11) src(0,7)
]]></failure>
      <failure message="/home/cjxu/npp/test/unit/nppi/nppi_geometry_transforms/test_nppi_copyConstBorder.cpp:63&#x0A;Expected equality of these values:&#x0A;  dstData[dstIdx]&#x0A;    Which is: &apos;\0&apos;&#x0A;  srcData[srcIdx]&#x0A;    Which is: &apos;\x90&apos; (144)&#x0A;Source copy mismatch at dst(4,11) src(1,7)&#x0A;" type=""><![CDATA[/home/cjxu/npp/test/unit/nppi/nppi_geometry_transforms/test_nppi_copyConstBorder.cpp:63
Expected equality of these values:
  dstData[dstIdx]
    Which is: '\0'
  srcData[srcIdx]
    Which is: '\x90' (144)
Source copy mismatch at dst(4,11) src(1,7)
]]></failure>
      <failure message="/home/cjxu/npp/test/unit/nppi/nppi_geometry_transforms/test_nppi_copyConstBorder.cpp:63&#x0A;Expected equality of these values:&#x0A;  dstData[dstIdx]&#x0A;    Which is: &apos;\0&apos;&#x0A;  srcData[srcIdx]&#x0A;    Which is: &apos;U&apos; (85, 0x55)&#x0A;Source copy mismatch at dst(5,11) src(2,7)&#x0A;" type=""><![CDATA[/home/cjxu/npp/test/unit/nppi/nppi_geometry_transforms/test_nppi_copyConstBorder.cpp:63
Expected equality of these values:
  dstData[dstIdx]
    Which is: '\0'
  srcData[srcIdx]
    Which is: 'U' (85, 0x55)
Source copy mismatch at dst(5,11) src(2,7)
]]></failure>
      <failure message="/home/cjxu/npp/test/unit/nppi/nppi_geometry_transforms/test_nppi_copyConstBorder.cpp:63&#x0A;Expected equality of these values:&#x0A;  dstData[dstIdx]&#x0A;    Which is: &apos;\0&apos;&#x0A;  srcData[srcIdx]&#x0A;    Which is: &apos;X&apos; (88, 0x58)&#x0A;Source copy mismatch at dst(6,11) src(3,7)&#x0A;" type=""><![CDATA[/home/cjxu/npp/test/unit/nppi/nppi_geometry_transforms/test_nppi_copyConstBorder.cpp:63
Expected equality of these values:
  dstData[dstIdx]
    Which is: '\0'
  srcData[srcIdx]
    Which is: 'X' (88, 0x58)
Source copy mismatch at dst(6,11) src(3,7)
]]></failure>
      <failure message="/home/cjxu/npp/test/unit/nppi/nppi_geometry_transforms/test_nppi_copyConstBorder.cpp:63&#x0A;Expected equality of these values:&#x0A;  dstData[dstIdx]&#x0A;    Which is: &apos;\0&apos;&#x0A;  srcData[srcIdx]&#x0A;    Which is: &apos;$&apos; (36, 0x24)&#x0A;Source copy mismatch at dst(7,11) src(4,7)&#x0A;" type=""><![CDATA[/home/cjxu/npp/test/unit/nppi/nppi_geometry_transforms/test_nppi_copyConstBorder.cpp:63
Expected equality of these values:
  dstData[dstIdx]
    Which is: '\0'
  srcData[srcIdx]
    Which is: '$' (36, 0x24)
Source copy mismatch at dst(7,11) src(4,7)
]]></failure>
      <failure message="/home/cjxu/npp/test/unit/nppi/nppi_geometry_transforms/test_nppi_copyConstBorder.cpp:63&#x0A;Expected equality of these values:&#x0A;  dstData[dstIdx]&#x0A;    Which is: &apos;\0&apos;&#x0A;  srcData[srcIdx]&#x0A;    Which is: &apos;\xB4&apos; (180)&#x0A;Source copy mismatch at dst(8,11) src(5,7)&#x0A;" type=""><![CDATA[/home/cjxu/npp/test/unit/nppi/nppi_geometry_transforms/test_nppi_copyConstBorder.cpp:63
Expected equality of these values:
  dstData[dstIdx]
    Which is: '\0'
  srcData[srcIdx]
    Which is: '\xB4' (180)
Source copy mismatch at dst(8,11) src(5,7)
]]></failure>
      <failure message="/home/cjxu/npp/test/unit/nppi/nppi_geometry_transforms/test_nppi_copyConstBorder.cpp:63&#x0A;Expected equality of these values:&#x0A;  dstData[dstIdx]&#x0A;    Which is: &apos;\0&apos;&#x0A;  srcData[srcIdx]&#x0A;    Which is: &apos;\xBA&apos; (186)&#x0A;Source copy mismatch at dst(9,11) src(6,7)&#x0A;" type=""><![CDATA[/home/cjxu/npp/test/unit/nppi/nppi_geometry_transforms/test_nppi_copyConstBorder.cpp:63
Expected equality of these values:
  dstData[dstIdx]
    Which is: '\0'
  srcData[srcIdx]
    Which is: '\xBA' (186)
Source copy mismatch at dst(9,11) src(6,7)
]]></failure>
      <failure message="/home/cjxu/npp/test/unit/nppi/nppi_geometry_transforms/test_nppi_copyConstBorder.cpp:63&#x0A;Expected equality of these values:&#x0A;  dstData[dstIdx]&#x0A;    Which is: &apos;\0&apos;&#x0A;  srcData[srcIdx]&#x0A;    Which is: &apos;\xBD&apos; (189)&#x0A;Source copy mismatch at dst(10,11) src(7,7)&#x0A;" type=""><![CDATA[/home/cjxu/npp/test/unit/nppi/nppi_geometry_transforms/test_nppi_copyConstBorder.cpp:63
Expected equality of these values:
  dstData[dstIdx]
    Which is: '\0'
  srcData[srcIdx]
    Which is: '\xBD' (189)
Source copy mismatch at dst(10,11) src(7,7)
]]></failure>
      <failure message="/home/cjxu/npp/test/unit/nppi/nppi_geometry_transforms/test_nppi_copyConstBorder.cpp:63&#x0A;Expected equality of these values:&#x0A;  dstData[dstIdx]&#x0A;    Which is: &apos;\0&apos;&#x0A;  srcData[srcIdx]&#x0A;    Which is: &apos;e&apos; (101, 0x65)&#x0A;Source copy mismatch at dst(11,11) src(8,7)&#x0A;" type=""><![CDATA[/home/cjxu/npp/test/unit/nppi/nppi_geometry_transforms/test_nppi_copyConstBorder.cpp:63
Expected equality of these values:
  dstData[dstIdx]
    Which is: '\0'
  srcData[srcIdx]
    Which is: 'e' (101, 0x65)
Source copy mismatch at dst(11,11) src(8,7)
]]></failure>
      <failure message="/home/cjxu/npp/test/unit/nppi/nppi_geometry_transforms/test_nppi_copyConstBorder.cpp:63&#x0A;Expected equality of these values:&#x0A;  dstData[dstIdx]&#x0A;    Which is: &apos;\0&apos;&#x0A;  srcData[srcIdx]&#x0A;    Which is: &apos;%&apos; (37, 0x25)&#x0A;Source copy mismatch at dst(12,11) src(9,7)&#x0A;" type=""><![CDATA[/home/cjxu/npp/test/unit/nppi/nppi_geometry_transforms/test_nppi_copyConstBorder.cpp:63
Expected equality of these values:
  dstData[dstIdx]
    Which is: '\0'
  srcData[srcIdx]
    Which is: '%' (37, 0x25)
Source copy mismatch at dst(12,11) src(9,7)
]]></failure>
      <failure message="/home/cjxu/npp/test/unit/nppi/nppi_geometry_transforms/test_nppi_copyConstBorder.cpp:63&#x0A;Expected equality of these values:&#x0A;  dstData[dstIdx]&#x0A;    Which is: &apos;\0&apos;&#x0A;  srcData[srcIdx]&#x0A;    Which is: &apos;S&apos; (83, 0x53)&#x0A;Source copy mismatch at dst(13,11) src(10,7)&#x0A;" type=""><![CDATA[/home/cjxu/npp/test/unit/nppi/nppi_geometry_transforms/test_nppi_copyConstBorder.cpp:63
Expected equality of these values:
  dstData[dstIdx]
    Which is: '\0'
  srcData[srcIdx]
    Which is: 'S' (83, 0x53)
Source copy mismatch at dst(13,11) src(10,7)
]]></failure>
      <failure message="/home/cjxu/npp/test/unit/nppi/nppi_geometry_transforms/test_nppi_copyConstBorder.cpp:63&#x0A;Expected equality of these values:&#x0A;  dstData[dstIdx]&#x0A;    Which is: &apos;\0&apos;&#x0A;  srcData[srcIdx]&#x0A;    Which is: &apos;\xEA&apos; (234)&#x0A;Source copy mismatch at dst(14,11) src(11,7)&#x0A;" type=""><![CDATA[/home/cjxu/npp/test/unit/nppi/nppi_geometry_transforms/test_nppi_copyConstBorder.cpp:63
Expected equality of these values:
  dstData[dstIdx]
    Which is: '\0'
  srcData[srcIdx]
    Which is: '\xEA' (234)
Source copy mismatch at dst(14,11) src(11,7)
]]></failure>
      <failure message="/home/cjxu/npp/test/unit/nppi/nppi_geometry_transforms/test_nppi_copyConstBorder.cpp:63&#x0A;Expected equality of these values:&#x0A;  dstData[dstIdx]&#x0A;    Which is: &apos;\0&apos;&#x0A;  srcData[srcIdx]&#x0A;    Which is: &apos;3&apos; (51, 0x33)&#x0A;Source copy mismatch at dst(15,11) src(12,7)&#x0A;" type=""><![CDATA[/home/cjxu/npp/test/unit/nppi/nppi_geometry_transforms/test_nppi_copyConstBorder.cpp:63
Expected equality of these values:
  dstData[dstIdx]
    Which is: '\0'
  srcData[srcIdx]
    Which is: '3' (51, 0x33)
Source copy mismatch at dst(15,11) src(12,7)
]]></failure>
      <failure message="/home/cjxu/npp/test/unit/nppi/nppi_geometry_transforms/test_nppi_copyConstBorder.cpp:63&#x0A;Expected equality of these values:&#x0A;  dstData[dstIdx]&#x0A;    Which is: &apos;\0&apos;&#x0A;  srcData[srcIdx]&#x0A;    Which is: &apos;\xA4&apos; (164)&#x0A;Source copy mismatch at dst(16,11) src(13,7)&#x0A;" type=""><![CDATA[/home/cjxu/npp/test/unit/nppi/nppi_geometry_transforms/test_nppi_copyConstBorder.cpp:63
Expected equality of these values:
  dstData[dstIdx]
    Which is: '\0'
  srcData[srcIdx]
    Which is: '\xA4' (164)
Source copy mismatch at dst(16,11) src(13,7)
]]></failure>
      <failure message="/home/cjxu/npp/test/unit/nppi/nppi_geometry_transforms/test_nppi_copyConstBorder.cpp:63&#x0A;Expected equality of these values:&#x0A;  dstData[dstIdx]&#x0A;    Which is: &apos;\0&apos;&#x0A;  srcData[srcIdx]&#x0A;    Which is: &apos;\x3&apos; (3)&#x0A;Source copy mismatch at dst(17,11) src(14,7)&#x0A;" type=""><![CDATA[/home/cjxu/npp/test/unit/nppi/nppi_geometry_transforms/test_nppi_copyConstBorder.cpp:63
Expected equality of these values:
  dstData[dstIdx]
    Which is: '\0'
  srcData[srcIdx]
    Which is: '\x3' (3)
Source copy mismatch at dst(17,11) src(14,7)
]]></failure>
      <failure message="/home/cjxu/npp/test/unit/nppi/nppi_geometry_transforms/test_nppi_copyConstBorder.cpp:63&#x0A;Expected equality of these values:&#x0A;  dstData[dstIdx]&#x0A;    Which is: &apos;\0&apos;&#x0A;  srcData[srcIdx]&#x0A;    Which is: &apos;L&apos; (76, 0x4C)&#x0A;Source copy mismatch at dst(18,11) src(15,7)&#x0A;" type=""><![CDATA[/home/cjxu/npp/test/unit/nppi/nppi_geometry_transforms/test_nppi_copyConstBorder.cpp:63
Expected equality of these values:
  dstData[dstIdx]
    Which is: '\0'
  srcData[srcIdx]
    Which is: 'L' (76, 0x4C)
Source copy mismatch at dst(18,11) src(15,7)
]]></failure>
      <failure message="/home/cjxu/npp/test/unit/nppi/nppi_geometry_transforms/test_nppi_copyConstBorder.cpp:67&#x0A;Expected equality of these values:&#x0A;  dstData[dstIdx]&#x0A;    Which is: &apos;\0&apos;&#x0A;  borderValue&#x0A;    Which is: &apos;@&apos; (64, 0x40)&#x0A;Border value mismatch at (19,11)&#x0A;" type=""><![CDATA[/home/cjxu/npp/test/unit/nppi/nppi_geometry_transforms/test_nppi_copyConstBorder.cpp:67
Expected equality of these values:
  dstData[dstIdx]
    Which is: '\0'
  borderValue
    Which is: '@' (64, 0x40)
Border value mismatch at (19,11)
]]></failure>
      <failure message="/home/cjxu/npp/test/unit/nppi/nppi_geometry_transforms/test_nppi_copyConstBorder.cpp:67&#x0A;Expected equality of these values:&#x0A;  dstData[dstIdx]&#x0A;    Which is: &apos;\0&apos;&#x0A;  borderValue&#x0A;    Which is: &apos;@&apos; (64, 0x40)&#x0A;Border value mismatch at (20,11)&#x0A;" type=""><![CDATA[/home/cjxu/npp/test/unit/nppi/nppi_geometry_transforms/test_nppi_copyConstBorder.cpp:67
Expected equality of these values:
  dstData[dstIdx]
    Which is: '\0'
  borderValue
    Which is: '@' (64, 0x40)
Border value mismatch at (20,11)
]]></failure>
      <failure message="/home/cjxu/npp/test/unit/nppi/nppi_geometry_transforms/test_nppi_copyConstBorder.cpp:67&#x0A;Expected equality of these values:&#x0A;  dstData[dstIdx]&#x0A;    Which is: &apos;\0&apos;&#x0A;  borderValue&#x0A;    Which is: &apos;@&apos; (64, 0x40)&#x0A;Border value mismatch at (21,11)&#x0A;" type=""><![CDATA[/home/cjxu/npp/test/unit/nppi/nppi_geometry_transforms/test_nppi_copyConstBorder.cpp:67
Expected equality of these values:
  dstData[dstIdx]
    Which is: '\0'
  borderValue
    Which is: '@' (64, 0x40)
Border value mismatch at (21,11)
]]></failure>
      <failure message="/home/cjxu/npp/test/unit/nppi/nppi_geometry_transforms/test_nppi_copyConstBorder.cpp:67&#x0A;Expected equality of these values:&#x0A;  dstData[dstIdx]&#x0A;    Which is: &apos;\0&apos;&#x0A;  borderValue&#x0A;    Which is: &apos;@&apos; (64, 0x40)&#x0A;Border value mismatch at (22,11)&#x0A;" type=""><![CDATA[/home/cjxu/npp/test/unit/nppi/nppi_geometry_transforms/test_nppi_copyConstBorder.cpp:67
Expected equality of these values:
  dstData[dstIdx]
    Which is: '\0'
  borderValue
    Which is: '@' (64, 0x40)
Border value mismatch at (22,11)
]]></failure>
      <failure message="/home/cjxu/npp/test/unit/nppi/nppi_geometry_transforms/test_nppi_copyConstBorder.cpp:67&#x0A;Expected equality of these values:&#x0A;  dstData[dstIdx]&#x0A;    Which is: &apos;\0&apos;&#x0A;  borderValue&#x0A;    Which is: &apos;@&apos; (64, 0x40)&#x0A;Border value mismatch at (23,11)&#x0A;" type=""><![CDATA[/home/cjxu/npp/test/unit/nppi/nppi_geometry_transforms/test_nppi_copyConstBorder.cpp:67
Expected equality of these values:
  dstData[dstIdx]
    Which is: '\0'
  borderValue
    Which is: '@' (64, 0x40)
Border value mismatch at (23,11)
]]></failure>
      <failure message="/home/cjxu/npp/test/unit/nppi/nppi_geometry_transforms/test_nppi_copyConstBorder.cpp:67&#x0A;Expected equality of these values:&#x0A;  dstData[dstIdx]&#x0A;    Which is: &apos;\0&apos;&#x0A;  borderValue&#x0A;    Which is: &apos;@&apos; (64, 0x40)&#x0A;Border value mismatch at (0,12)&#x0A;" type=""><![CDATA[/home/cjxu/npp/test/unit/nppi/nppi_geometry_transforms/test_nppi_copyConstBorder.cpp:67
Expected equality of these values:
  dstData[dstIdx]
    Which is: '\0'
  borderValue
    Which is: '@' (64, 0x40)
Border value mismatch at (0,12)
]]></failure>
      <failure message="/home/cjxu/npp/test/unit/nppi/nppi_geometry_transforms/test_nppi_copyConstBorder.cpp:67&#x0A;Expected equality of these values:&#x0A;  dstData[dstIdx]&#x0A;    Which is: &apos;\0&apos;&#x0A;  borderValue&#x0A;    Which is: &apos;@&apos; (64, 0x40)&#x0A;Border value mismatch at (1,12)&#x0A;" type=""><![CDATA[/home/cjxu/npp/test/unit/nppi/nppi_geometry_transforms/test_nppi_copyConstBorder.cpp:67
Expected equality of these values:
  dstData[dstIdx]
    Which is: '\0'
  borderValue
    Which is: '@' (64, 0x40)
Border value mismatch at (1,12)
]]></failure>
      <failure message="/home/cjxu/npp/test/unit/nppi/nppi_geometry_transforms/test_nppi_copyConstBorder.cpp:67&#x0A;Expected equality of these values:&#x0A;  dstData[dstIdx]&#x0A;    Which is: &apos;\0&apos;&#x0A;  borderValue&#x0A;    Which is: &apos;@&apos; (64, 0x40)&#x0A;Border value mismatch at (2,12)&#x0A;" type=""><![CDATA[/home/cjxu/npp/test/unit/nppi/nppi_geometry_transforms/test_nppi_copyConstBorder.cpp:67
Expected equality of these values:
  dstData[dstIdx]
    Which is: '\0'
  borderValue
    Which is: '@' (64, 0x40)
Border value mismatch at (2,12)
]]></failure>
      <failure message="/home/cjxu/npp/test/unit/nppi/nppi_geometry_transforms/test_nppi_copyConstBorder.cpp:63&#x0A;Expected equality of these values:&#x0A;  dstData[dstIdx]&#x0A;    Which is: &apos;\0&apos;&#x0A;  srcData[srcIdx]&#x0A;    Which is: &apos;\a&apos; (7)&#x0A;Source copy mismatch at dst(3,12) src(0,8)&#x0A;" type=""><![CDATA[/home/cjxu/npp/test/unit/nppi/nppi_geometry_transforms/test_nppi_copyConstBorder.cpp:63
Expected equality of these values:
  dstData[dstIdx]
    Which is: '\0'
  srcData[srcIdx]
    Which is: '\a' (7)
Source copy mismatch at dst(3,12) src(0,8)
]]></failure>
      <failure message="/home/cjxu/npp/test/unit/nppi/nppi_geometry_transforms/test_nppi_copyConstBorder.cpp:63&#x0A;Expected equality of these values:&#x0A;  dstData[dstIdx]&#x0A;    Which is: &apos;\0&apos;&#x0A;  srcData[srcIdx]&#x0A;    Which is: &apos;\b&apos; (8)&#x0A;Source copy mismatch at dst(4,12) src(1,8)&#x0A;" type=""><![CDATA[/home/cjxu/npp/test/unit/nppi/nppi_geometry_transforms/test_nppi_copyConstBorder.cpp:63
Expected equality of these values:
  dstData[dstIdx]
    Which is: '\0'
  srcData[srcIdx]
    Which is: '\b' (8)
Source copy mismatch at dst(4,12) src(1,8)
]]></failure>
      <failure message="/home/cjxu/npp/test/unit/nppi/nppi_geometry_transforms/test_nppi_copyConstBorder.cpp:63&#x0A;Expected equality of these values:&#x0A;  dstData[dstIdx]&#x0A;    Which is: &apos;\0&apos;&#x0A;  srcData[srcIdx]&#x0A;    Which is: &apos;Z&apos; (90, 0x5A)&#x0A;Source copy mismatch at dst(5,12) src(2,8)&#x0A;" type=""><![CDATA[/home/cjxu/npp/test/unit/nppi/nppi_geometry_transforms/test_nppi_copyConstBorder.cpp:63
Expected equality of these values:
  dstData[dstIdx]
    Which is: '\0'
  srcData[srcIdx]
    Which is: 'Z' (90, 0x5A)
Source copy mismatch at dst(5,12) src(2,8)
]]></failure>
      <failure message="/home/cjxu/npp/test/unit/nppi/nppi_geometry_transforms/test_nppi_copyConstBorder.cpp:63&#x0A;Expected equality of these values:&#x0A;  dstData[dstIdx]&#x0A;    Which is: &apos;\0&apos;&#x0A;  srcData[srcIdx]&#x0A;    Which is: &apos;.&apos; (46, 0x2E)&#x0A;Source copy mismatch at dst(6,12) src(3,8)&#x0A;" type=""><![CDATA[/home/cjxu/npp/test/unit/nppi/nppi_geometry_transforms/test_nppi_copyConstBorder.cpp:63
Expected equality of these values:
  dstData[dstIdx]
    Which is: '\0'
  srcData[srcIdx]
    Which is: '.' (46, 0x2E)
Source copy mismatch at dst(6,12) src(3,8)
]]></failure>
      <failure message="/home/cjxu/npp/test/unit/nppi/nppi_geometry_transforms/test_nppi_copyConstBorder.cpp:63&#x0A;Expected equality of these values:&#x0A;  dstData[dstIdx]&#x0A;    Which is: &apos;\0&apos;&#x0A;  srcData[srcIdx]&#x0A;    Which is: &apos;m&apos; (109, 0x6D)&#x0A;Source copy mismatch at dst(7,12) src(4,8)&#x0A;" type=""><![CDATA[/home/cjxu/npp/test/unit/nppi/nppi_geometry_transforms/test_nppi_copyConstBorder.cpp:63
Expected equality of these values:
  dstData[dstIdx]
    Which is: '\0'
  srcData[srcIdx]
    Which is: 'm' (109, 0x6D)
Source copy mismatch at dst(7,12) src(4,8)
]]></failure>
      <failure message="/home/cjxu/npp/test/unit/nppi/nppi_geometry_transforms/test_nppi_copyConstBorder.cpp:63&#x0A;Expected equality of these values:&#x0A;  dstData[dstIdx]&#x0A;    Which is: &apos;\0&apos;&#x0A;  srcData[srcIdx]&#x0A;    Which is: &apos;7&apos; (55, 0x37)&#x0A;Source copy mismatch at dst(8,12) src(5,8)&#x0A;" type=""><![CDATA[/home/cjxu/npp/test/unit/nppi/nppi_geometry_transforms/test_nppi_copyConstBorder.cpp:63
Expected equality of these values:
  dstData[dstIdx]
    Which is: '\0'
  srcData[srcIdx]
    Which is: '7' (55, 0x37)
Source copy mismatch at dst(8,12) src(5,8)
]]></failure>
      <failure message="/home/cjxu/npp/test/unit/nppi/nppi_geometry_transforms/test_nppi_copyConstBorder.cpp:63&#x0A;Expected equality of these values:&#x0A;  dstData[dstIdx]&#x0A;    Which is: &apos;\0&apos;&#x0A;  srcData[srcIdx]&#x0A;    Which is: &apos;b&apos; (98, 0x62)&#x0A;Source copy mismatch at dst(9,12) src(6,8)&#x0A;" type=""><![CDATA[/home/cjxu/npp/test/unit/nppi/nppi_geometry_transforms/test_nppi_copyConstBorder.cpp:63
Expected equality of these values:
  dstData[dstIdx]
    Which is: '\0'
  srcData[srcIdx]
    Which is: 'b' (98, 0x62)
Source copy mismatch at dst(9,12) src(6,8)
]]></failure>
      <failure message="/home/cjxu/npp/test/unit/nppi/nppi_geometry_transforms/test_nppi_copyConstBorder.cpp:63&#x0A;Expected equality of these values:&#x0A;  dstData[dstIdx]&#x0A;    Which is: &apos;\0&apos;&#x0A;  srcData[srcIdx]&#x0A;    Which is: &apos;\x90&apos; (144)&#x0A;Source copy mismatch at dst(10,12) src(7,8)&#x0A;" type=""><![CDATA[/home/cjxu/npp/test/unit/nppi/nppi_geometry_transforms/test_nppi_copyConstBorder.cpp:63
Expected equality of these values:
  dstData[dstIdx]
    Which is: '\0'
  srcData[srcIdx]
    Which is: '\x90' (144)
Source copy mismatch at dst(10,12) src(7,8)
]]></failure>
      <failure message="/home/cjxu/npp/test/unit/nppi/nppi_geometry_transforms/test_nppi_copyConstBorder.cpp:63&#x0A;Expected equality of these values:&#x0A;  dstData[dstIdx]&#x0A;    Which is: &apos;\0&apos;&#x0A;  srcData[srcIdx]&#x0A;    Which is: &apos;\xD2&apos; (210)&#x0A;Source copy mismatch at dst(11,12) src(8,8)&#x0A;" type=""><![CDATA[/home/cjxu/npp/test/unit/nppi/nppi_geometry_transforms/test_nppi_copyConstBorder.cpp:63
Expected equality of these values:
  dstData[dstIdx]
    Which is: '\0'
  srcData[srcIdx]
    Which is: '\xD2' (210)
Source copy mismatch at dst(11,12) src(8,8)
]]></failure>
      <failure message="/home/cjxu/npp/test/unit/nppi/nppi_geometry_transforms/test_nppi_copyConstBorder.cpp:63&#x0A;Expected equality of these values:&#x0A;  dstData[dstIdx]&#x0A;    Which is: &apos;\0&apos;&#x0A;  srcData[srcIdx]&#x0A;    Which is: &apos;t&apos; (116, 0x74)&#x0A;Source copy mismatch at dst(12,12) src(9,8)&#x0A;" type=""><![CDATA[/home/cjxu/npp/test/unit/nppi/nppi_geometry_transforms/test_nppi_copyConstBorder.cpp:63
Expected equality of these values:
  dstData[dstIdx]
    Which is: '\0'
  srcData[srcIdx]
    Which is: 't' (116, 0x74)
Source copy mismatch at dst(12,12) src(9,8)
]]></failure>
      <failure message="/home/cjxu/npp/test/unit/nppi/nppi_geometry_transforms/test_nppi_copyConstBorder.cpp:63&#x0A;Expected equality of these values:&#x0A;  dstData[dstIdx]&#x0A;    Which is: &apos;\0&apos;&#x0A;  srcData[srcIdx]&#x0A;    Which is: &apos;\xCE&apos; (206)&#x0A;Source copy mismatch at dst(13,12) src(10,8)&#x0A;" type=""><![CDATA[/home/cjxu/npp/test/unit/nppi/nppi_geometry_transforms/test_nppi_copyConstBorder.cpp:63
Expected equality of these values:
  dstData[dstIdx]
    Which is: '\0'
  srcData[srcIdx]
    Which is: '\xCE' (206)
Source copy mismatch at dst(13,12) src(10,8)
]]></failure>
      <failure message="/home/cjxu/npp/test/unit/nppi/nppi_geometry_transforms/test_nppi_copyConstBorder.cpp:63&#x0A;Expected equality of these values:&#x0A;  dstData[dstIdx]&#x0A;    Which is: &apos;\0&apos;&#x0A;  srcData[srcIdx]&#x0A;    Which is: &apos;\xB9&apos; (185)&#x0A;Source copy mismatch at dst(14,12) src(11,8)&#x0A;" type=""><![CDATA[/home/cjxu/npp/test/unit/nppi/nppi_geometry_transforms/test_nppi_copyConstBorder.cpp:63
Expected equality of these values:
  dstData[dstIdx]
    Which is: '\0'
  srcData[srcIdx]
    Which is: '\xB9' (185)
Source copy mismatch at dst(14,12) src(11,8)
]]></failure>
      <failure message="/home/cjxu/npp/test/unit/nppi/nppi_geometry_transforms/test_nppi_copyConstBorder.cpp:63&#x0A;Expected equality of these values:&#x0A;  dstData[dstIdx]&#x0A;    Which is: &apos;\0&apos;&#x0A;  srcData[srcIdx]&#x0A;    Which is: &apos;\x80&apos; (128)&#x0A;Source copy mismatch at dst(15,12) src(12,8)&#x0A;" type=""><![CDATA[/home/cjxu/npp/test/unit/nppi/nppi_geometry_transforms/test_nppi_copyConstBorder.cpp:63
Expected equality of these values:
  dstData[dstIdx]
    Which is: '\0'
  srcData[srcIdx]
    Which is: '\x80' (128)
Source copy mismatch at dst(15,12) src(12,8)
]]></failure>
      <failure message="/home/cjxu/npp/test/unit/nppi/nppi_geometry_transforms/test_nppi_copyConstBorder.cpp:63&#x0A;Expected equality of these values:&#x0A;  dstData[dstIdx]&#x0A;    Which is: &apos;\0&apos;&#x0A;  srcData[srcIdx]&#x0A;    Which is: &apos;\xCB&apos; (203)&#x0A;Source copy mismatch at dst(16,12) src(13,8)&#x0A;" type=""><![CDATA[/home/cjxu/npp/test/unit/nppi/nppi_geometry_transforms/test_nppi_copyConstBorder.cpp:63
Expected equality of these values:
  dstData[dstIdx]
    Which is: '\0'
  srcData[srcIdx]
    Which is: '\xCB' (203)
Source copy mismatch at dst(16,12) src(13,8)
]]></failure>
      <failure message="/home/cjxu/npp/test/unit/nppi/nppi_geometry_transforms/test_nppi_copyConstBorder.cpp:63&#x0A;Expected equality of these values:&#x0A;  dstData[dstIdx]&#x0A;    Which is: &apos;\0&apos;&#x0A;  srcData[srcIdx]&#x0A;    Which is: &apos;\x94&apos; (148)&#x0A;Source copy mismatch at dst(17,12) src(14,8)&#x0A;" type=""><![CDATA[/home/cjxu/npp/test/unit/nppi/nppi_geometry_transforms/test_nppi_copyConstBorder.cpp:63
Expected equality of these values:
  dstData[dstIdx]
    Which is: '\0'
  srcData[srcIdx]
    Which is: '\x94' (148)
Source copy mismatch at dst(17,12) src(14,8)
]]></failure>
      <failure message="/home/cjxu/npp/test/unit/nppi/nppi_geometry_transforms/test_nppi_copyConstBorder.cpp:63&#x0A;Expected equality of these values:&#x0A;  dstData[dstIdx]&#x0A;    Which is: &apos;\0&apos;&#x0A;  srcData[srcIdx]&#x0A;    Which is: &apos;\x9D&apos; (157)&#x0A;Source copy mismatch at dst(18,12) src(15,8)&#x0A;" type=""><![CDATA[/home/cjxu/npp/test/unit/nppi/nppi_geometry_transforms/test_nppi_copyConstBorder.cpp:63
Expected equality of these values:
  dstData[dstIdx]
    Which is: '\0'
  srcData[srcIdx]
    Which is: '\x9D' (157)
Source copy mismatch at dst(18,12) src(15,8)
]]></failure>
      <failure message="/home/cjxu/npp/test/unit/nppi/nppi_geometry_transforms/test_nppi_copyConstBorder.cpp:67&#x0A;Expected equality of these values:&#x0A;  dstData[dstIdx]&#x0A;    Which is: &apos;\0&apos;&#x0A;  borderValue&#x0A;    Which is: &apos;@&apos; (64, 0x40)&#x0A;Border value mismatch at (19,12)&#x0A;" type=""><![CDATA[/home/cjxu/npp/test/unit/nppi/nppi_geometry_transforms/test_nppi_copyConstBorder.cpp:67
Expected equality of these values:
  dstData[dstIdx]
    Which is: '\0'
  borderValue
    Which is: '@' (64, 0x40)
Border value mismatch at (19,12)
]]></failure>
      <failure message="/home/cjxu/npp/test/unit/nppi/nppi_geometry_transforms/test_nppi_copyConstBorder.cpp:67&#x0A;Expected equality of these values:&#x0A;  dstData[dstIdx]&#x0A;    Which is: &apos;\0&apos;&#x0A;  borderValue&#x0A;    Which is: &apos;@&apos; (64, 0x40)&#x0A;Border value mismatch at (20,12)&#x0A;" type=""><![CDATA[/home/cjxu/npp/test/unit/nppi/nppi_geometry_transforms/test_nppi_copyConstBorder.cpp:67
Expected equality of these values:
  dstData[dstIdx]
    Which is: '\0'
  borderValue
    Which is: '@' (64, 0x40)
Border value mismatch at (20,12)
]]></failure>
      <failure message="/home/cjxu/npp/test/unit/nppi/nppi_geometry_transforms/test_nppi_copyConstBorder.cpp:67&#x0A;Expected equality of these values:&#x0A;  dstData[dstIdx]&#x0A;    Which is: &apos;\0&apos;&#x0A;  borderValue&#x0A;    Which is: &apos;@&apos; (64, 0x40)&#x0A;Border value mismatch at (21,12)&#x0A;" type=""><![CDATA[/home/cjxu/npp/test/unit/nppi/nppi_geometry_transforms/test_nppi_copyConstBorder.cpp:67
Expected equality of these values:
  dstData[dstIdx]
    Which is: '\0'
  borderValue
    Which is: '@' (64, 0x40)
Border value mismatch at (21,12)
]]></failure>
      <failure message="/home/cjxu/npp/test/unit/nppi/nppi_geometry_transforms/test_nppi_copyConstBorder.cpp:67&#x0A;Expected equality of these values:&#x0A;  dstData[dstIdx]&#x0A;    Which is: &apos;\0&apos;&#x0A;  borderValue&#x0A;    Which is: &apos;@&apos; (64, 0x40)&#x0A;Border value mismatch at (22,12)&#x0A;" type=""><![CDATA[/home/cjxu/npp/test/unit/nppi/nppi_geometry_transforms/test_nppi_copyConstBorder.cpp:67
Expected equality of these values:
  dstData[dstIdx]
    Which is: '\0'
  borderValue
    Which is: '@' (64, 0x40)
Border value mismatch at (22,12)
]]></failure>
      <failure message="/home/cjxu/npp/test/unit/nppi/nppi_geometry_transforms/test_nppi_copyConstBorder.cpp:67&#x0A;Expected equality of these values:&#x0A;  dstData[dstIdx]&#x0A;    Which is: &apos;\0&apos;&#x0A;  borderValue&#x0A;    Which is: &apos;@&apos; (64, 0x40)&#x0A;Border value mismatch at (23,12)&#x0A;" type=""><![CDATA[/home/cjxu/npp/test/unit/nppi/nppi_geometry_transforms/test_nppi_copyConstBorder.cpp:67
Expected equality of these values:
  dstData[dstIdx]
    Which is: '\0'
  borderValue
    Which is: '@' (64, 0x40)
Border value mismatch at (23,12)
]]></failure>
      <failure message="/home/cjxu/npp/test/unit/nppi/nppi_geometry_transforms/test_nppi_copyConstBorder.cpp:67&#x0A;Expected equality of these values:&#x0A;  dstData[dstIdx]&#x0A;    Which is: &apos;\0&apos;&#x0A;  borderValue&#x0A;    Which is: &apos;@&apos; (64, 0x40)&#x0A;Border value mismatch at (0,13)&#x0A;" type=""><![CDATA[/home/cjxu/npp/test/unit/nppi/nppi_geometry_transforms/test_nppi_copyConstBorder.cpp:67
Expected equality of these values:
  dstData[dstIdx]
    Which is: '\0'
  borderValue
    Which is: '@' (64, 0x40)
Border value mismatch at (0,13)
]]></failure>
      <failure message="/home/cjxu/npp/test/unit/nppi/nppi_geometry_transforms/test_nppi_copyConstBorder.cpp:67&#x0A;Expected equality of these values:&#x0A;  dstData[dstIdx]&#x0A;    Which is: &apos;\0&apos;&#x0A;  borderValue&#x0A;    Which is: &apos;@&apos; (64, 0x40)&#x0A;Border value mismatch at (1,13)&#x0A;" type=""><![CDATA[/home/cjxu/npp/test/unit/nppi/nppi_geometry_transforms/test_nppi_copyConstBorder.cpp:67
Expected equality of these values:
  dstData[dstIdx]
    Which is: '\0'
  borderValue
    Which is: '@' (64, 0x40)
Border value mismatch at (1,13)
]]></failure>
      <failure message="/home/cjxu/npp/test/unit/nppi/nppi_geometry_transforms/test_nppi_copyConstBorder.cpp:67&#x0A;Expected equality of these values:&#x0A;  dstData[dstIdx]&#x0A;    Which is: &apos;\0&apos;&#x0A;  borderValue&#x0A;    Which is: &apos;@&apos; (64, 0x40)&#x0A;Border value mismatch at (2,13)&#x0A;" type=""><![CDATA[/home/cjxu/npp/test/unit/nppi/nppi_geometry_transforms/test_nppi_copyConstBorder.cpp:67
Expected equality of these values:
  dstData[dstIdx]
    Which is: '\0'
  borderValue
    Which is: '@' (64, 0x40)
Border value mismatch at (2,13)
]]></failure>
      <failure message="/home/cjxu/npp/test/unit/nppi/nppi_geometry_transforms/test_nppi_copyConstBorder.cpp:63&#x0A;Expected equality of these values:&#x0A;  dstData[dstIdx]&#x0A;    Which is: &apos;\0&apos;&#x0A;  srcData[srcIdx]&#x0A;    Which is: &apos;[&apos; (91, 0x5B)&#x0A;Source copy mismatch at dst(3,13) src(0,9)&#x0A;" type=""><![CDATA[/home/cjxu/npp/test/unit/nppi/nppi_geometry_transforms/test_nppi_copyConstBorder.cpp:63
Expected equality of these values:
  dstData[dstIdx]
    Which is: '\0'
  srcData[srcIdx]
    Which is: '[' (91, 0x5B)
Source copy mismatch at dst(3,13) src(0,9)
]]></failure>
      <failure message="/home/cjxu/npp/test/unit/nppi/nppi_geometry_transforms/test_nppi_copyConstBorder.cpp:63&#x0A;Expected equality of these values:&#x0A;  dstData[dstIdx]&#x0A;    Which is: &apos;\0&apos;&#x0A;  srcData[srcIdx]&#x0A;    Which is: &apos;\xE9&apos; (233)&#x0A;Source copy mismatch at dst(4,13) src(1,9)&#x0A;" type=""><![CDATA[/home/cjxu/npp/test/unit/nppi/nppi_geometry_transforms/test_nppi_copyConstBorder.cpp:63
Expected equality of these values:
  dstData[dstIdx]
    Which is: '\0'
  srcData[srcIdx]
    Which is: '\xE9' (233)
Source copy mismatch at dst(4,13) src(1,9)
]]></failure>
      <failure message="/home/cjxu/npp/test/unit/nppi/nppi_geometry_transforms/test_nppi_copyConstBorder.cpp:63&#x0A;Expected equality of these values:&#x0A;  dstData[dstIdx]&#x0A;    Which is: &apos;\0&apos;&#x0A;  srcData[srcIdx]&#x0A;    Which is: &apos;\xF5&apos; (245)&#x0A;Source copy mismatch at dst(5,13) src(2,9)&#x0A;" type=""><![CDATA[/home/cjxu/npp/test/unit/nppi/nppi_geometry_transforms/test_nppi_copyConstBorder.cpp:63
Expected equality of these values:
  dstData[dstIdx]
    Which is: '\0'
  srcData[srcIdx]
    Which is: '\xF5' (245)
Source copy mismatch at dst(5,13) src(2,9)
]]></failure>
      <failure message="/home/cjxu/npp/test/unit/nppi/nppi_geometry_transforms/test_nppi_copyConstBorder.cpp:63&#x0A;Expected equality of these values:&#x0A;  dstData[dstIdx]&#x0A;    Which is: &apos;\0&apos;&#x0A;  srcData[srcIdx]&#x0A;    Which is: &apos;\x80&apos; (128)&#x0A;Source copy mismatch at dst(6,13) src(3,9)&#x0A;" type=""><![CDATA[/home/cjxu/npp/test/unit/nppi/nppi_geometry_transforms/test_nppi_copyConstBorder.cpp:63
Expected equality of these values:
  dstData[dstIdx]
    Which is: '\0'
  srcData[srcIdx]
    Which is: '\x80' (128)
Source copy mismatch at dst(6,13) src(3,9)
]]></failure>
      <failure message="/home/cjxu/npp/test/unit/nppi/nppi_geometry_transforms/test_nppi_copyConstBorder.cpp:63&#x0A;Expected equality of these values:&#x0A;  dstData[dstIdx]&#x0A;    Which is: &apos;\0&apos;&#x0A;  srcData[srcIdx]&#x0A;    Which is: &apos;\x9D&apos; (157)&#x0A;Source copy mismatch at dst(7,13) src(4,9)&#x0A;" type=""><![CDATA[/home/cjxu/npp/test/unit/nppi/nppi_geometry_transforms/test_nppi_copyConstBorder.cpp:63
Expected equality of these values:
  dstData[dstIdx]
    Which is: '\0'
  srcData[srcIdx]
    Which is: '\x9D' (157)
Source copy mismatch at dst(7,13) src(4,9)
]]></failure>
      <failure message="/home/cjxu/npp/test/unit/nppi/nppi_geometry_transforms/test_nppi_copyConstBorder.cpp:63&#x0A;Expected equality of these values:&#x0A;  dstData[dstIdx]&#x0A;    Which is: &apos;\0&apos;&#x0A;  srcData[srcIdx]&#x0A;    Which is: &apos;\xAF&apos; (175)&#x0A;Source copy mismatch at dst(8,13) src(5,9)&#x0A;" type=""><![CDATA[/home/cjxu/npp/test/unit/nppi/nppi_geometry_transforms/test_nppi_copyConstBorder.cpp:63
Expected equality of these values:
  dstData[dstIdx]
    Which is: '\0'
  srcData[srcIdx]
    Which is: '\xAF' (175)
Source copy mismatch at dst(8,13) src(5,9)
]]></failure>
      <failure message="/home/cjxu/npp/test/unit/nppi/nppi_geometry_transforms/test_nppi_copyConstBorder.cpp:63&#x0A;Expected equality of these values:&#x0A;  dstData[dstIdx]&#x0A;    Which is: &apos;\0&apos;&#x0A;  srcData[srcIdx]&#x0A;    Which is: &apos;=&apos; (61, 0x3D)&#x0A;Source copy mismatch at dst(9,13) src(6,9)&#x0A;" type=""><![CDATA[/home/cjxu/npp/test/unit/nppi/nppi_geometry_transforms/test_nppi_copyConstBorder.cpp:63
Expected equality of these values:
  dstData[dstIdx]
    Which is: '\0'
  srcData[srcIdx]
    Which is: '=' (61, 0x3D)
Source copy mismatch at dst(9,13) src(6,9)
]]></failure>
      <failure message="/home/cjxu/npp/test/unit/nppi/nppi_geometry_transforms/test_nppi_copyConstBorder.cpp:63&#x0A;Expected equality of these values:&#x0A;  dstData[dstIdx]&#x0A;    Which is: &apos;\0&apos;&#x0A;  srcData[srcIdx]&#x0A;    Which is: &apos;\x2&apos; (2)&#x0A;Source copy mismatch at dst(10,13) src(7,9)&#x0A;" type=""><![CDATA[/home/cjxu/npp/test/unit/nppi/nppi_geometry_transforms/test_nppi_copyConstBorder.cpp:63
Expected equality of these values:
  dstData[dstIdx]
    Which is: '\0'
  srcData[srcIdx]
    Which is: '\x2' (2)
Source copy mismatch at dst(10,13) src(7,9)
]]></failure>
      <failure message="/home/cjxu/npp/test/unit/nppi/nppi_geometry_transforms/test_nppi_copyConstBorder.cpp:63&#x0A;Expected equality of these values:&#x0A;  dstData[dstIdx]&#x0A;    Which is: &apos;\0&apos;&#x0A;  srcData[srcIdx]&#x0A;    Which is: &apos;\xD4&apos; (212)&#x0A;Source copy mismatch at dst(11,13) src(8,9)&#x0A;" type=""><![CDATA[/home/cjxu/npp/test/unit/nppi/nppi_geometry_transforms/test_nppi_copyConstBorder.cpp:63
Expected equality of these values:
  dstData[dstIdx]
    Which is: '\0'
  srcData[srcIdx]
    Which is: '\xD4' (212)
Source copy mismatch at dst(11,13) src(8,9)
]]></failure>
      <failure message="/home/cjxu/npp/test/unit/nppi/nppi_geometry_transforms/test_nppi_copyConstBorder.cpp:63&#x0A;Expected equality of these values:&#x0A;  dstData[dstIdx]&#x0A;    Which is: &apos;\0&apos;&#x0A;  srcData[srcIdx]&#x0A;    Which is: &apos;\x90&apos; (144)&#x0A;Source copy mismatch at dst(12,13) src(9,9)&#x0A;" type=""><![CDATA[/home/cjxu/npp/test/unit/nppi/nppi_geometry_transforms/test_nppi_copyConstBorder.cpp:63
Expected equality of these values:
  dstData[dstIdx]
    Which is: '\0'
  srcData[srcIdx]
    Which is: '\x90' (144)
Source copy mismatch at dst(12,13) src(9,9)
]]></failure>
      <failure message="/home/cjxu/npp/test/unit/nppi/nppi_geometry_transforms/test_nppi_copyConstBorder.cpp:63&#x0A;Expected equality of these values:&#x0A;  dstData[dstIdx]&#x0A;    Which is: &apos;\0&apos;&#x0A;  srcData[srcIdx]&#x0A;    Which is: &apos;\xEC&apos; (236)&#x0A;Source copy mismatch at dst(13,13) src(10,9)&#x0A;" type=""><![CDATA[/home/cjxu/npp/test/unit/nppi/nppi_geometry_transforms/test_nppi_copyConstBorder.cpp:63
Expected equality of these values:
  dstData[dstIdx]
    Which is: '\0'
  srcData[srcIdx]
    Which is: '\xEC' (236)
Source copy mismatch at dst(13,13) src(10,9)
]]></failure>
      <failure message="/home/cjxu/npp/test/unit/nppi/nppi_geometry_transforms/test_nppi_copyConstBorder.cpp:63&#x0A;Expected equality of these values:&#x0A;  dstData[dstIdx]&#x0A;    Which is: &apos;\0&apos;&#x0A;  srcData[srcIdx]&#x0A;    Which is: &apos;\b&apos; (8)&#x0A;Source copy mismatch at dst(14,13) src(11,9)&#x0A;" type=""><![CDATA[/home/cjxu/npp/test/unit/nppi/nppi_geometry_transforms/test_nppi_copyConstBorder.cpp:63
Expected equality of these values:
  dstData[dstIdx]
    Which is: '\0'
  srcData[srcIdx]
    Which is: '\b' (8)
Source copy mismatch at dst(14,13) src(11,9)
]]></failure>
      <failure message="/home/cjxu/npp/test/unit/nppi/nppi_geometry_transforms/test_nppi_copyConstBorder.cpp:63&#x0A;Expected equality of these values:&#x0A;  dstData[dstIdx]&#x0A;    Which is: &apos;\0&apos;&#x0A;  srcData[srcIdx]&#x0A;    Which is: &apos;5&apos; (53, 0x35)&#x0A;Source copy mismatch at dst(15,13) src(12,9)&#x0A;" type=""><![CDATA[/home/cjxu/npp/test/unit/nppi/nppi_geometry_transforms/test_nppi_copyConstBorder.cpp:63
Expected equality of these values:
  dstData[dstIdx]
    Which is: '\0'
  srcData[srcIdx]
    Which is: '5' (53, 0x35)
Source copy mismatch at dst(15,13) src(12,9)
]]></failure>
      <failure message="/home/cjxu/npp/test/unit/nppi/nppi_geometry_transforms/test_nppi_copyConstBorder.cpp:63&#x0A;Expected equality of these values:&#x0A;  dstData[dstIdx]&#x0A;    Which is: &apos;\0&apos;&#x0A;  srcData[srcIdx]&#x0A;    Which is: &apos;\xF0&apos; (240)&#x0A;Source copy mismatch at dst(16,13) src(13,9)&#x0A;" type=""><![CDATA[/home/cjxu/npp/test/unit/nppi/nppi_geometry_transforms/test_nppi_copyConstBorder.cpp:63
Expected equality of these values:
  dstData[dstIdx]
    Which is: '\0'
  srcData[srcIdx]
    Which is: '\xF0' (240)
Source copy mismatch at dst(16,13) src(13,9)
]]></failure>
      <failure message="/home/cjxu/npp/test/unit/nppi/nppi_geometry_transforms/test_nppi_copyConstBorder.cpp:63&#x0A;Expected equality of these values:&#x0A;  dstData[dstIdx]&#x0A;    Which is: &apos;\0&apos;&#x0A;  srcData[srcIdx]&#x0A;    Which is: &apos;T&apos; (84, 0x54)&#x0A;Source copy mismatch at dst(17,13) src(14,9)&#x0A;" type=""><![CDATA[/home/cjxu/npp/test/unit/nppi/nppi_geometry_transforms/test_nppi_copyConstBorder.cpp:63
Expected equality of these values:
  dstData[dstIdx]
    Which is: '\0'
  srcData[srcIdx]
    Which is: 'T' (84, 0x54)
Source copy mismatch at dst(17,13) src(14,9)
]]></failure>
      <failure message="/home/cjxu/npp/test/unit/nppi/nppi_geometry_transforms/test_nppi_copyConstBorder.cpp:63&#x0A;Expected equality of these values:&#x0A;  dstData[dstIdx]&#x0A;    Which is: &apos;\0&apos;&#x0A;  srcData[srcIdx]&#x0A;    Which is: &apos;&lt;&apos; (60, 0x3C)&#x0A;Source copy mismatch at dst(18,13) src(15,9)&#x0A;" type=""><![CDATA[/home/cjxu/npp/test/unit/nppi/nppi_geometry_transforms/test_nppi_copyConstBorder.cpp:63
Expected equality of these values:
  dstData[dstIdx]
    Which is: '\0'
  srcData[srcIdx]
    Which is: '<' (60, 0x3C)
Source copy mismatch at dst(18,13) src(15,9)
]]></failure>
      <failure message="/home/cjxu/npp/test/unit/nppi/nppi_geometry_transforms/test_nppi_copyConstBorder.cpp:67&#x0A;Expected equality of these values:&#x0A;  dstData[dstIdx]&#x0A;    Which is: &apos;\0&apos;&#x0A;  borderValue&#x0A;    Which is: &apos;@&apos; (64, 0x40)&#x0A;Border value mismatch at (19,13)&#x0A;" type=""><![CDATA[/home/cjxu/npp/test/unit/nppi/nppi_geometry_transforms/test_nppi_copyConstBorder.cpp:67
Expected equality of these values:
  dstData[dstIdx]
    Which is: '\0'
  borderValue
    Which is: '@' (64, 0x40)
Border value mismatch at (19,13)
]]></failure>
      <failure message="/home/cjxu/npp/test/unit/nppi/nppi_geometry_transforms/test_nppi_copyConstBorder.cpp:67&#x0A;Expected equality of these values:&#x0A;  dstData[dstIdx]&#x0A;    Which is: &apos;\0&apos;&#x0A;  borderValue&#x0A;    Which is: &apos;@&apos; (64, 0x40)&#x0A;Border value mismatch at (20,13)&#x0A;" type=""><![CDATA[/home/cjxu/npp/test/unit/nppi/nppi_geometry_transforms/test_nppi_copyConstBorder.cpp:67
Expected equality of these values:
  dstData[dstIdx]
    Which is: '\0'
  borderValue
    Which is: '@' (64, 0x40)
Border value mismatch at (20,13)
]]></failure>
      <failure message="/home/cjxu/npp/test/unit/nppi/nppi_geometry_transforms/test_nppi_copyConstBorder.cpp:67&#x0A;Expected equality of these values:&#x0A;  dstData[dstIdx]&#x0A;    Which is: &apos;\0&apos;&#x0A;  borderValue&#x0A;    Which is: &apos;@&apos; (64, 0x40)&#x0A;Border value mismatch at (21,13)&#x0A;" type=""><![CDATA[/home/cjxu/npp/test/unit/nppi/nppi_geometry_transforms/test_nppi_copyConstBorder.cpp:67
Expected equality of these values:
  dstData[dstIdx]
    Which is: '\0'
  borderValue
    Which is: '@' (64, 0x40)
Border value mismatch at (21,13)
]]></failure>
      <failure message="/home/cjxu/npp/test/unit/nppi/nppi_geometry_transforms/test_nppi_copyConstBorder.cpp:67&#x0A;Expected equality of these values:&#x0A;  dstData[dstIdx]&#x0A;    Which is: &apos;\0&apos;&#x0A;  borderValue&#x0A;    Which is: &apos;@&apos; (64, 0x40)&#x0A;Border value mismatch at (22,13)&#x0A;" type=""><![CDATA[/home/cjxu/npp/test/unit/nppi/nppi_geometry_transforms/test_nppi_copyConstBorder.cpp:67
Expected equality of these values:
  dstData[dstIdx]
    Which is: '\0'
  borderValue
    Which is: '@' (64, 0x40)
Border value mismatch at (22,13)
]]></failure>
      <failure message="/home/cjxu/npp/test/unit/nppi/nppi_geometry_transforms/test_nppi_copyConstBorder.cpp:67&#x0A;Expected equality of these values:&#x0A;  dstData[dstIdx]&#x0A;    Which is: &apos;\0&apos;&#x0A;  borderValue&#x0A;    Which is: &apos;@&apos; (64, 0x40)&#x0A;Border value mismatch at (23,13)&#x0A;" type=""><![CDATA[/home/cjxu/npp/test/unit/nppi/nppi_geometry_transforms/test_nppi_copyConstBorder.cpp:67
Expected equality of these values:
  dstData[dstIdx]
    Which is: '\0'
  borderValue
    Which is: '@' (64, 0x40)
Border value mismatch at (23,13)
]]></failure>
      <failure message="/home/cjxu/npp/test/unit/nppi/nppi_geometry_transforms/test_nppi_copyConstBorder.cpp:67&#x0A;Expected equality of these values:&#x0A;  dstData[dstIdx]&#x0A;    Which is: &apos;\0&apos;&#x0A;  borderValue&#x0A;    Which is: &apos;@&apos; (64, 0x40)&#x0A;Border value mismatch at (0,14)&#x0A;" type=""><![CDATA[/home/cjxu/npp/test/unit/nppi/nppi_geometry_transforms/test_nppi_copyConstBorder.cpp:67
Expected equality of these values:
  dstData[dstIdx]
    Which is: '\0'
  borderValue
    Which is: '@' (64, 0x40)
Border value mismatch at (0,14)
]]></failure>
      <failure message="/home/cjxu/npp/test/unit/nppi/nppi_geometry_transforms/test_nppi_copyConstBorder.cpp:67&#x0A;Expected equality of these values:&#x0A;  dstData[dstIdx]&#x0A;    Which is: &apos;\0&apos;&#x0A;  borderValue&#x0A;    Which is: &apos;@&apos; (64, 0x40)&#x0A;Border value mismatch at (1,14)&#x0A;" type=""><![CDATA[/home/cjxu/npp/test/unit/nppi/nppi_geometry_transforms/test_nppi_copyConstBorder.cpp:67
Expected equality of these values:
  dstData[dstIdx]
    Which is: '\0'
  borderValue
    Which is: '@' (64, 0x40)
Border value mismatch at (1,14)
]]></failure>
      <failure message="/home/cjxu/npp/test/unit/nppi/nppi_geometry_transforms/test_nppi_copyConstBorder.cpp:67&#x0A;Expected equality of these values:&#x0A;  dstData[dstIdx]&#x0A;    Which is: &apos;\0&apos;&#x0A;  borderValue&#x0A;    Which is: &apos;@&apos; (64, 0x40)&#x0A;Border value mismatch at (2,14)&#x0A;" type=""><![CDATA[/home/cjxu/npp/test/unit/nppi/nppi_geometry_transforms/test_nppi_copyConstBorder.cpp:67
Expected equality of these values:
  dstData[dstIdx]
    Which is: '\0'
  borderValue
    Which is: '@' (64, 0x40)
Border value mismatch at (2,14)
]]></failure>
      <failure message="/home/cjxu/npp/test/unit/nppi/nppi_geometry_transforms/test_nppi_copyConstBorder.cpp:63&#x0A;Expected equality of these values:&#x0A;  dstData[dstIdx]&#x0A;    Which is: &apos;\0&apos;&#x0A;  srcData[srcIdx]&#x0A;    Which is: &apos;\xF8&apos; (248)&#x0A;Source copy mismatch at dst(3,14) src(0,10)&#x0A;" type=""><![CDATA[/home/cjxu/npp/test/unit/nppi/nppi_geometry_transforms/test_nppi_copyConstBorder.cpp:63
Expected equality of these values:
  dstData[dstIdx]
    Which is: '\0'
  srcData[srcIdx]
    Which is: '\xF8' (248)
Source copy mismatch at dst(3,14) src(0,10)
]]></failure>
      <failure message="/home/cjxu/npp/test/unit/nppi/nppi_geometry_transforms/test_nppi_copyConstBorder.cpp:63&#x0A;Expected equality of these values:&#x0A;  dstData[dstIdx]&#x0A;    Which is: &apos;\0&apos;&#x0A;  srcData[srcIdx]&#x0A;    Which is: &apos;\xAE&apos; (174)&#x0A;Source copy mismatch at dst(4,14) src(1,10)&#x0A;" type=""><![CDATA[/home/cjxu/npp/test/unit/nppi/nppi_geometry_transforms/test_nppi_copyConstBorder.cpp:63
Expected equality of these values:
  dstData[dstIdx]
    Which is: '\0'
  srcData[srcIdx]
    Which is: '\xAE' (174)
Source copy mismatch at dst(4,14) src(1,10)
]]></failure>
      <failure message="/home/cjxu/npp/test/unit/nppi/nppi_geometry_transforms/test_nppi_copyConstBorder.cpp:63&#x0A;Expected equality of these values:&#x0A;  dstData[dstIdx]&#x0A;    Which is: &apos;\0&apos;&#x0A;  srcData[srcIdx]&#x0A;    Which is: &apos;j&apos; (106, 0x6A)&#x0A;Source copy mismatch at dst(5,14) src(2,10)&#x0A;" type=""><![CDATA[/home/cjxu/npp/test/unit/nppi/nppi_geometry_transforms/test_nppi_copyConstBorder.cpp:63
Expected equality of these values:
  dstData[dstIdx]
    Which is: '\0'
  srcData[srcIdx]
    Which is: 'j' (106, 0x6A)
Source copy mismatch at dst(5,14) src(2,10)
]]></failure>
      <failure message="/home/cjxu/npp/test/unit/nppi/nppi_geometry_transforms/test_nppi_copyConstBorder.cpp:63&#x0A;Expected equality of these values:&#x0A;  dstData[dstIdx]&#x0A;    Which is: &apos;\0&apos;&#x0A;  srcData[srcIdx]&#x0A;    Which is: &apos;e&apos; (101, 0x65)&#x0A;Source copy mismatch at dst(6,14) src(3,10)&#x0A;" type=""><![CDATA[/home/cjxu/npp/test/unit/nppi/nppi_geometry_transforms/test_nppi_copyConstBorder.cpp:63
Expected equality of these values:
  dstData[dstIdx]
    Which is: '\0'
  srcData[srcIdx]
    Which is: 'e' (101, 0x65)
Source copy mismatch at dst(6,14) src(3,10)
]]></failure>
      <failure message="/home/cjxu/npp/test/unit/nppi/nppi_geometry_transforms/test_nppi_copyConstBorder.cpp:63&#x0A;Expected equality of these values:&#x0A;  dstData[dstIdx]&#x0A;    Which is: &apos;\0&apos;&#x0A;  srcData[srcIdx]&#x0A;    Which is: &apos;\xE5&apos; (229)&#x0A;Source copy mismatch at dst(7,14) src(4,10)&#x0A;" type=""><![CDATA[/home/cjxu/npp/test/unit/nppi/nppi_geometry_transforms/test_nppi_copyConstBorder.cpp:63
Expected equality of these values:
  dstData[dstIdx]
    Which is: '\0'
  srcData[srcIdx]
    Which is: '\xE5' (229)
Source copy mismatch at dst(7,14) src(4,10)
]]></failure>
      <failure message="/home/cjxu/npp/test/unit/nppi/nppi_geometry_transforms/test_nppi_copyConstBorder.cpp:63&#x0A;Expected equality of these values:&#x0A;  dstData[dstIdx]&#x0A;    Which is: &apos;\0&apos;&#x0A;  srcData[srcIdx]&#x0A;    Which is: &apos;\xCC&apos; (204)&#x0A;Source copy mismatch at dst(8,14) src(5,10)&#x0A;" type=""><![CDATA[/home/cjxu/npp/test/unit/nppi/nppi_geometry_transforms/test_nppi_copyConstBorder.cpp:63
Expected equality of these values:
  dstData[dstIdx]
    Which is: '\0'
  srcData[srcIdx]
    Which is: '\xCC' (204)
Source copy mismatch at dst(8,14) src(5,10)
]]></failure>
      <failure message="/home/cjxu/npp/test/unit/nppi/nppi_geometry_transforms/test_nppi_copyConstBorder.cpp:63&#x0A;Expected equality of these values:&#x0A;  dstData[dstIdx]&#x0A;    Which is: &apos;\0&apos;&#x0A;  srcData[srcIdx]&#x0A;    Which is: &apos;\xF5&apos; (245)&#x0A;Source copy mismatch at dst(9,14) src(6,10)&#x0A;" type=""><![CDATA[/home/cjxu/npp/test/unit/nppi/nppi_geometry_transforms/test_nppi_copyConstBorder.cpp:63
Expected equality of these values:
  dstData[dstIdx]
    Which is: '\0'
  srcData[srcIdx]
    Which is: '\xF5' (245)
Source copy mismatch at dst(9,14) src(6,10)
]]></failure>
      <failure message="/home/cjxu/npp/test/unit/nppi/nppi_geometry_transforms/test_nppi_copyConstBorder.cpp:63&#x0A;Expected equality of these values:&#x0A;  dstData[dstIdx]&#x0A;    Which is: &apos;\0&apos;&#x0A;  srcData[srcIdx]&#x0A;    Which is: &apos;\xB7&apos; (183)&#x0A;Source copy mismatch at dst(10,14) src(7,10)&#x0A;" type=""><![CDATA[/home/cjxu/npp/test/unit/nppi/nppi_geometry_transforms/test_nppi_copyConstBorder.cpp:63
Expected equality of these values:
  dstData[dstIdx]
    Which is: '\0'
  srcData[srcIdx]
    Which is: '\xB7' (183)
Source copy mismatch at dst(10,14) src(7,10)
]]></failure>
      <failure message="/home/cjxu/npp/test/unit/nppi/nppi_geometry_transforms/test_nppi_copyConstBorder.cpp:63&#x0A;Expected equality of these values:&#x0A;  dstData[dstIdx]&#x0A;    Which is: &apos;\0&apos;&#x0A;  srcData[srcIdx]&#x0A;    Which is: &apos;@&apos; (64, 0x40)&#x0A;Source copy mismatch at dst(11,14) src(8,10)&#x0A;" type=""><![CDATA[/home/cjxu/npp/test/unit/nppi/nppi_geometry_transforms/test_nppi_copyConstBorder.cpp:63
Expected equality of these values:
  dstData[dstIdx]
    Which is: '\0'
  srcData[srcIdx]
    Which is: '@' (64, 0x40)
Source copy mismatch at dst(11,14) src(8,10)
]]></failure>
      <failure message="/home/cjxu/npp/test/unit/nppi/nppi_geometry_transforms/test_nppi_copyConstBorder.cpp:63&#x0A;Expected equality of these values:&#x0A;  dstData[dstIdx]&#x0A;    Which is: &apos;\0&apos;&#x0A;  srcData[srcIdx]&#x0A;    Which is: &apos;\xC3&apos; (195)&#x0A;Source copy mismatch at dst(12,14) src(9,10)&#x0A;" type=""><![CDATA[/home/cjxu/npp/test/unit/nppi/nppi_geometry_transforms/test_nppi_copyConstBorder.cpp:63
Expected equality of these values:
  dstData[dstIdx]
    Which is: '\0'
  srcData[srcIdx]
    Which is: '\xC3' (195)
Source copy mismatch at dst(12,14) src(9,10)
]]></failure>
      <failure message="/home/cjxu/npp/test/unit/nppi/nppi_geometry_transforms/test_nppi_copyConstBorder.cpp:63&#x0A;Expected equality of these values:&#x0A;  dstData[dstIdx]&#x0A;    Which is: &apos;\0&apos;&#x0A;  srcData[srcIdx]&#x0A;    Which is: &apos;p&apos; (112, 0x70)&#x0A;Source copy mismatch at dst(13,14) src(10,10)&#x0A;" type=""><![CDATA[/home/cjxu/npp/test/unit/nppi/nppi_geometry_transforms/test_nppi_copyConstBorder.cpp:63
Expected equality of these values:
  dstData[dstIdx]
    Which is: '\0'
  srcData[srcIdx]
    Which is: 'p' (112, 0x70)
Source copy mismatch at dst(13,14) src(10,10)
]]></failure>
      <failure message="/home/cjxu/npp/test/unit/nppi/nppi_geometry_transforms/test_nppi_copyConstBorder.cpp:63&#x0A;Expected equality of these values:&#x0A;  dstData[dstIdx]&#x0A;    Which is: &apos;\0&apos;&#x0A;  srcData[srcIdx]&#x0A;    Which is: &apos;\xC0&apos; (192)&#x0A;Source copy mismatch at dst(14,14) src(11,10)&#x0A;" type=""><![CDATA[/home/cjxu/npp/test/unit/nppi/nppi_geometry_transforms/test_nppi_copyConstBorder.cpp:63
Expected equality of these values:
  dstData[dstIdx]
    Which is: '\0'
  srcData[srcIdx]
    Which is: '\xC0' (192)
Source copy mismatch at dst(14,14) src(11,10)
]]></failure>
      <failure message="/home/cjxu/npp/test/unit/nppi/nppi_geometry_transforms/test_nppi_copyConstBorder.cpp:63&#x0A;Expected equality of these values:&#x0A;  dstData[dstIdx]&#x0A;    Which is: &apos;\0&apos;&#x0A;  srcData[srcIdx]&#x0A;    Which is: &apos;\x8F&apos; (143)&#x0A;Source copy mismatch at dst(15,14) src(12,10)&#x0A;" type=""><![CDATA[/home/cjxu/npp/test/unit/nppi/nppi_geometry_transforms/test_nppi_copyConstBorder.cpp:63
Expected equality of these values:
  dstData[dstIdx]
    Which is: '\0'
  srcData[srcIdx]
    Which is: '\x8F' (143)
Source copy mismatch at dst(15,14) src(12,10)
]]></failure>
      <failure message="/home/cjxu/npp/test/unit/nppi/nppi_geometry_transforms/test_nppi_copyConstBorder.cpp:63&#x0A;Expected equality of these values:&#x0A;  dstData[dstIdx]&#x0A;    Which is: &apos;\0&apos;&#x0A;  srcData[srcIdx]&#x0A;    Which is: &apos;\x4&apos; (4)&#x0A;Source copy mismatch at dst(16,14) src(13,10)&#x0A;" type=""><![CDATA[/home/cjxu/npp/test/unit/nppi/nppi_geometry_transforms/test_nppi_copyConstBorder.cpp:63
Expected equality of these values:
  dstData[dstIdx]
    Which is: '\0'
  srcData[srcIdx]
    Which is: '\x4' (4)
Source copy mismatch at dst(16,14) src(13,10)
]]></failure>
      <failure message="/home/cjxu/npp/test/unit/nppi/nppi_geometry_transforms/test_nppi_copyConstBorder.cpp:63&#x0A;Expected equality of these values:&#x0A;  dstData[dstIdx]&#x0A;    Which is: &apos;\0&apos;&#x0A;  srcData[srcIdx]&#x0A;    Which is: &apos;]&apos; (93, 0x5D)&#x0A;Source copy mismatch at dst(17,14) src(14,10)&#x0A;" type=""><![CDATA[/home/cjxu/npp/test/unit/nppi/nppi_geometry_transforms/test_nppi_copyConstBorder.cpp:63
Expected equality of these values:
  dstData[dstIdx]
    Which is: '\0'
  srcData[srcIdx]
    Which is: ']' (93, 0x5D)
Source copy mismatch at dst(17,14) src(14,10)
]]></failure>
      <failure message="/home/cjxu/npp/test/unit/nppi/nppi_geometry_transforms/test_nppi_copyConstBorder.cpp:63&#x0A;Expected equality of these values:&#x0A;  dstData[dstIdx]&#x0A;    Which is: &apos;\0&apos;&#x0A;  srcData[srcIdx]&#x0A;    Which is: &apos;\xEA&apos; (234)&#x0A;Source copy mismatch at dst(18,14) src(15,10)&#x0A;" type=""><![CDATA[/home/cjxu/npp/test/unit/nppi/nppi_geometry_transforms/test_nppi_copyConstBorder.cpp:63
Expected equality of these values:
  dstData[dstIdx]
    Which is: '\0'
  srcData[srcIdx]
    Which is: '\xEA' (234)
Source copy mismatch at dst(18,14) src(15,10)
]]></failure>
      <failure message="/home/cjxu/npp/test/unit/nppi/nppi_geometry_transforms/test_nppi_copyConstBorder.cpp:67&#x0A;Expected equality of these values:&#x0A;  dstData[dstIdx]&#x0A;    Which is: &apos;\0&apos;&#x0A;  borderValue&#x0A;    Which is: &apos;@&apos; (64, 0x40)&#x0A;Border value mismatch at (19,14)&#x0A;" type=""><![CDATA[/home/cjxu/npp/test/unit/nppi/nppi_geometry_transforms/test_nppi_copyConstBorder.cpp:67
Expected equality of these values:
  dstData[dstIdx]
    Which is: '\0'
  borderValue
    Which is: '@' (64, 0x40)
Border value mismatch at (19,14)
]]></failure>
      <failure message="/home/cjxu/npp/test/unit/nppi/nppi_geometry_transforms/test_nppi_copyConstBorder.cpp:67&#x0A;Expected equality of these values:&#x0A;  dstData[dstIdx]&#x0A;    Which is: &apos;\0&apos;&#x0A;  borderValue&#x0A;    Which is: &apos;@&apos; (64, 0x40)&#x0A;Border value mismatch at (20,14)&#x0A;" type=""><![CDATA[/home/cjxu/npp/test/unit/nppi/nppi_geometry_transforms/test_nppi_copyConstBorder.cpp:67
Expected equality of these values:
  dstData[dstIdx]
    Which is: '\0'
  borderValue
    Which is: '@' (64, 0x40)
Border value mismatch at (20,14)
]]></failure>
      <failure message="/home/cjxu/npp/test/unit/nppi/nppi_geometry_transforms/test_nppi_copyConstBorder.cpp:67&#x0A;Expected equality of these values:&#x0A;  dstData[dstIdx]&#x0A;    Which is: &apos;\0&apos;&#x0A;  borderValue&#x0A;    Which is: &apos;@&apos; (64, 0x40)&#x0A;Border value mismatch at (21,14)&#x0A;" type=""><![CDATA[/home/cjxu/npp/test/unit/nppi/nppi_geometry_transforms/test_nppi_copyConstBorder.cpp:67
Expected equality of these values:
  dstData[dstIdx]
    Which is: '\0'
  borderValue
    Which is: '@' (64, 0x40)
Border value mismatch at (21,14)
]]></failure>
      <failure message="/home/cjxu/npp/test/unit/nppi/nppi_geometry_transforms/test_nppi_copyConstBorder.cpp:67&#x0A;Expected equality of these values:&#x0A;  dstData[dstIdx]&#x0A;    Which is: &apos;\0&apos;&#x0A;  borderValue&#x0A;    Which is: &apos;@&apos; (64, 0x40)&#x0A;Border value mismatch at (22,14)&#x0A;" type=""><![CDATA[/home/cjxu/npp/test/unit/nppi/nppi_geometry_transforms/test_nppi_copyConstBorder.cpp:67
Expected equality of these values:
  dstData[dstIdx]
    Which is: '\0'
  borderValue
    Which is: '@' (64, 0x40)
Border value mismatch at (22,14)
]]></failure>
      <failure message="/home/cjxu/npp/test/unit/nppi/nppi_geometry_transforms/test_nppi_copyConstBorder.cpp:67&#x0A;Expected equality of these values:&#x0A;  dstData[dstIdx]&#x0A;    Which is: &apos;\0&apos;&#x0A;  borderValue&#x0A;    Which is: &apos;@&apos; (64, 0x40)&#x0A;Border value mismatch at (23,14)&#x0A;" type=""><![CDATA[/home/cjxu/npp/test/unit/nppi/nppi_geometry_transforms/test_nppi_copyConstBorder.cpp:67
Expected equality of these values:
  dstData[dstIdx]
    Which is: '\0'
  borderValue
    Which is: '@' (64, 0x40)
Border value mismatch at (23,14)
]]></failure>
      <failure message="/home/cjxu/npp/test/unit/nppi/nppi_geometry_transforms/test_nppi_copyConstBorder.cpp:67&#x0A;Expected equality of these values:&#x0A;  dstData[dstIdx]&#x0A;    Which is: &apos;\0&apos;&#x0A;  borderValue&#x0A;    Which is: &apos;@&apos; (64, 0x40)&#x0A;Border value mismatch at (0,15)&#x0A;" type=""><![CDATA[/home/cjxu/npp/test/unit/nppi/nppi_geometry_transforms/test_nppi_copyConstBorder.cpp:67
Expected equality of these values:
  dstData[dstIdx]
    Which is: '\0'
  borderValue
    Which is: '@' (64, 0x40)
Border value mismatch at (0,15)
]]></failure>
      <failure message="/home/cjxu/npp/test/unit/nppi/nppi_geometry_transforms/test_nppi_copyConstBorder.cpp:67&#x0A;Expected equality of these values:&#x0A;  dstData[dstIdx]&#x0A;    Which is: &apos;\0&apos;&#x0A;  borderValue&#x0A;    Which is: &apos;@&apos; (64, 0x40)&#x0A;Border value mismatch at (1,15)&#x0A;" type=""><![CDATA[/home/cjxu/npp/test/unit/nppi/nppi_geometry_transforms/test_nppi_copyConstBorder.cpp:67
Expected equality of these values:
  dstData[dstIdx]
    Which is: '\0'
  borderValue
    Which is: '@' (64, 0x40)
Border value mismatch at (1,15)
]]></failure>
      <failure message="/home/cjxu/npp/test/unit/nppi/nppi_geometry_transforms/test_nppi_copyConstBorder.cpp:67&#x0A;Expected equality of these values:&#x0A;  dstData[dstIdx]&#x0A;    Which is: &apos;\0&apos;&#x0A;  borderValue&#x0A;    Which is: &apos;@&apos; (64, 0x40)&#x0A;Border value mismatch at (2,15)&#x0A;" type=""><![CDATA[/home/cjxu/npp/test/unit/nppi/nppi_geometry_transforms/test_nppi_copyConstBorder.cpp:67
Expected equality of these values:
  dstData[dstIdx]
    Which is: '\0'
  borderValue
    Which is: '@' (64, 0x40)
Border value mismatch at (2,15)
]]></failure>
      <failure message="/home/cjxu/npp/test/unit/nppi/nppi_geometry_transforms/test_nppi_copyConstBorder.cpp:63&#x0A;Expected equality of these values:&#x0A;  dstData[dstIdx]&#x0A;    Which is: &apos;\0&apos;&#x0A;  srcData[srcIdx]&#x0A;    Which is: &apos;\xED&apos; (237)&#x0A;Source copy mismatch at dst(3,15) src(0,11)&#x0A;" type=""><![CDATA[/home/cjxu/npp/test/unit/nppi/nppi_geometry_transforms/test_nppi_copyConstBorder.cpp:63
Expected equality of these values:
  dstData[dstIdx]
    Which is: '\0'
  srcData[srcIdx]
    Which is: '\xED' (237)
Source copy mismatch at dst(3,15) src(0,11)
]]></failure>
      <failure message="/home/cjxu/npp/test/unit/nppi/nppi_geometry_transforms/test_nppi_copyConstBorder.cpp:63&#x0A;Expected equality of these values:&#x0A;  dstData[dstIdx]&#x0A;    Which is: &apos;\0&apos;&#x0A;  srcData[srcIdx]&#x0A;    Which is: &apos;R&apos; (82, 0x52)&#x0A;Source copy mismatch at dst(4,15) src(1,11)&#x0A;" type=""><![CDATA[/home/cjxu/npp/test/unit/nppi/nppi_geometry_transforms/test_nppi_copyConstBorder.cpp:63
Expected equality of these values:
  dstData[dstIdx]
    Which is: '\0'
  srcData[srcIdx]
    Which is: 'R' (82, 0x52)
Source copy mismatch at dst(4,15) src(1,11)
]]></failure>
      <failure message="/home/cjxu/npp/test/unit/nppi/nppi_geometry_transforms/test_nppi_copyConstBorder.cpp:63&#x0A;Expected equality of these values:&#x0A;  dstData[dstIdx]&#x0A;    Which is: &apos;\0&apos;&#x0A;  srcData[srcIdx]&#x0A;    Which is: &apos;j&apos; (106, 0x6A)&#x0A;Source copy mismatch at dst(5,15) src(2,11)&#x0A;" type=""><![CDATA[/home/cjxu/npp/test/unit/nppi/nppi_geometry_transforms/test_nppi_copyConstBorder.cpp:63
Expected equality of these values:
  dstData[dstIdx]
    Which is: '\0'
  srcData[srcIdx]
    Which is: 'j' (106, 0x6A)
Source copy mismatch at dst(5,15) src(2,11)
]]></failure>
      <failure message="/home/cjxu/npp/test/unit/nppi/nppi_geometry_transforms/test_nppi_copyConstBorder.cpp:63&#x0A;Expected equality of these values:&#x0A;  dstData[dstIdx]&#x0A;    Which is: &apos;\0&apos;&#x0A;  srcData[srcIdx]&#x0A;    Which is: &apos;\x8A&apos; (138)&#x0A;Source copy mismatch at dst(6,15) src(3,11)&#x0A;" type=""><![CDATA[/home/cjxu/npp/test/unit/nppi/nppi_geometry_transforms/test_nppi_copyConstBorder.cpp:63
Expected equality of these values:
  dstData[dstIdx]
    Which is: '\0'
  srcData[srcIdx]
    Which is: '\x8A' (138)
Source copy mismatch at dst(6,15) src(3,11)
]]></failure>
      <failure message="/home/cjxu/npp/test/unit/nppi/nppi_geometry_transforms/test_nppi_copyConstBorder.cpp:63&#x0A;Expected equality of these values:&#x0A;  dstData[dstIdx]&#x0A;    Which is: &apos;\0&apos;&#x0A;  srcData[srcIdx]&#x0A;    Which is: &apos;\x2&apos; (2)&#x0A;Source copy mismatch at dst(7,15) src(4,11)&#x0A;" type=""><![CDATA[/home/cjxu/npp/test/unit/nppi/nppi_geometry_transforms/test_nppi_copyConstBorder.cpp:63
Expected equality of these values:
  dstData[dstIdx]
    Which is: '\0'
  srcData[srcIdx]
    Which is: '\x2' (2)
Source copy mismatch at dst(7,15) src(4,11)
]]></failure>
      <failure message="/home/cjxu/npp/test/unit/nppi/nppi_geometry_transforms/test_nppi_copyConstBorder.cpp:63&#x0A;Expected equality of these values:&#x0A;  dstData[dstIdx]&#x0A;    Which is: &apos;\0&apos;&#x0A;  srcData[srcIdx]&#x0A;    Which is: &apos;\xA8&apos; (168)&#x0A;Source copy mismatch at dst(8,15) src(5,11)&#x0A;" type=""><![CDATA[/home/cjxu/npp/test/unit/nppi/nppi_geometry_transforms/test_nppi_copyConstBorder.cpp:63
Expected equality of these values:
  dstData[dstIdx]
    Which is: '\0'
  srcData[srcIdx]
    Which is: '\xA8' (168)
Source copy mismatch at dst(8,15) src(5,11)
]]></failure>
      <failure message="/home/cjxu/npp/test/unit/nppi/nppi_geometry_transforms/test_nppi_copyConstBorder.cpp:63&#x0A;Expected equality of these values:&#x0A;  dstData[dstIdx]&#x0A;    Which is: &apos;\0&apos;&#x0A;  srcData[srcIdx]&#x0A;    Which is: &apos;\x8D&apos; (141)&#x0A;Source copy mismatch at dst(9,15) src(6,11)&#x0A;" type=""><![CDATA[/home/cjxu/npp/test/unit/nppi/nppi_geometry_transforms/test_nppi_copyConstBorder.cpp:63
Expected equality of these values:
  dstData[dstIdx]
    Which is: '\0'
  srcData[srcIdx]
    Which is: '\x8D' (141)
Source copy mismatch at dst(9,15) src(6,11)
]]></failure>
      <failure message="/home/cjxu/npp/test/unit/nppi/nppi_geometry_transforms/test_nppi_copyConstBorder.cpp:63&#x0A;Expected equality of these values:&#x0A;  dstData[dstIdx]&#x0A;    Which is: &apos;\0&apos;&#x0A;  srcData[srcIdx]&#x0A;    Which is: &apos;\xD6&apos; (214)&#x0A;Source copy mismatch at dst(10,15) src(7,11)&#x0A;" type=""><![CDATA[/home/cjxu/npp/test/unit/nppi/nppi_geometry_transforms/test_nppi_copyConstBorder.cpp:63
Expected equality of these values:
  dstData[dstIdx]
    Which is: '\0'
  srcData[srcIdx]
    Which is: '\xD6' (214)
Source copy mismatch at dst(10,15) src(7,11)
]]></failure>
      <failure message="/home/cjxu/npp/test/unit/nppi/nppi_geometry_transforms/test_nppi_copyConstBorder.cpp:63&#x0A;Expected equality of these values:&#x0A;  dstData[dstIdx]&#x0A;    Which is: &apos;\0&apos;&#x0A;  srcData[srcIdx]&#x0A;    Which is: &apos;8&apos; (56, 0x38)&#x0A;Source copy mismatch at dst(11,15) src(8,11)&#x0A;" type=""><![CDATA[/home/cjxu/npp/test/unit/nppi/nppi_geometry_transforms/test_nppi_copyConstBorder.cpp:63
Expected equality of these values:
  dstData[dstIdx]
    Which is: '\0'
  srcData[srcIdx]
    Which is: '8' (56, 0x38)
Source copy mismatch at dst(11,15) src(8,11)
]]></failure>
      <failure message="/home/cjxu/npp/test/unit/nppi/nppi_geometry_transforms/test_nppi_copyConstBorder.cpp:63&#x0A;Expected equality of these values:&#x0A;  dstData[dstIdx]&#x0A;    Which is: &apos;\0&apos;&#x0A;  srcData[srcIdx]&#x0A;    Which is: &apos;y&apos; (121, 0x79)&#x0A;Source copy mismatch at dst(12,15) src(9,11)&#x0A;" type=""><![CDATA[/home/cjxu/npp/test/unit/nppi/nppi_geometry_transforms/test_nppi_copyConstBorder.cpp:63
Expected equality of these values:
  dstData[dstIdx]
    Which is: '\0'
  srcData[srcIdx]
    Which is: 'y' (121, 0x79)
Source copy mismatch at dst(12,15) src(9,11)
]]></failure>
      <failure message="/home/cjxu/npp/test/unit/nppi/nppi_geometry_transforms/test_nppi_copyConstBorder.cpp:63&#x0A;Expected equality of these values:&#x0A;  dstData[dstIdx]&#x0A;    Which is: &apos;\0&apos;&#x0A;  srcData[srcIdx]&#x0A;    Which is: &apos;\xDE&apos; (222)&#x0A;Source copy mismatch at dst(13,15) src(10,11)&#x0A;" type=""><![CDATA[/home/cjxu/npp/test/unit/nppi/nppi_geometry_transforms/test_nppi_copyConstBorder.cpp:63
Expected equality of these values:
  dstData[dstIdx]
    Which is: '\0'
  srcData[srcIdx]
    Which is: '\xDE' (222)
Source copy mismatch at dst(13,15) src(10,11)
]]></failure>
      <failure message="/home/cjxu/npp/test/unit/nppi/nppi_geometry_transforms/test_nppi_copyConstBorder.cpp:63&#x0A;Expected equality of these values:&#x0A;  dstData[dstIdx]&#x0A;    Which is: &apos;\0&apos;&#x0A;  srcData[srcIdx]&#x0A;    Which is: &apos;m&apos; (109, 0x6D)&#x0A;Source copy mismatch at dst(14,15) src(11,11)&#x0A;" type=""><![CDATA[/home/cjxu/npp/test/unit/nppi/nppi_geometry_transforms/test_nppi_copyConstBorder.cpp:63
Expected equality of these values:
  dstData[dstIdx]
    Which is: '\0'
  srcData[srcIdx]
    Which is: 'm' (109, 0x6D)
Source copy mismatch at dst(14,15) src(11,11)
]]></failure>
      <failure message="/home/cjxu/npp/test/unit/nppi/nppi_geometry_transforms/test_nppi_copyConstBorder.cpp:63&#x0A;Expected equality of these values:&#x0A;  dstData[dstIdx]&#x0A;    Which is: &apos;\0&apos;&#x0A;  srcData[srcIdx]&#x0A;    Which is: &apos;i&apos; (105, 0x69)&#x0A;Source copy mismatch at dst(15,15) src(12,11)&#x0A;" type=""><![CDATA[/home/cjxu/npp/test/unit/nppi/nppi_geometry_transforms/test_nppi_copyConstBorder.cpp:63
Expected equality of these values:
  dstData[dstIdx]
    Which is: '\0'
  srcData[srcIdx]
    Which is: 'i' (105, 0x69)
Source copy mismatch at dst(15,15) src(12,11)
]]></failure>
      <failure message="/home/cjxu/npp/test/unit/nppi/nppi_geometry_transforms/test_nppi_copyConstBorder.cpp:63&#x0A;Expected equality of these values:&#x0A;  dstData[dstIdx]&#x0A;    Which is: &apos;\0&apos;&#x0A;  srcData[srcIdx]&#x0A;    Which is: &apos;2&apos; (50, 0x32)&#x0A;Source copy mismatch at dst(16,15) src(13,11)&#x0A;" type=""><![CDATA[/home/cjxu/npp/test/unit/nppi/nppi_geometry_transforms/test_nppi_copyConstBorder.cpp:63
Expected equality of these values:
  dstData[dstIdx]
    Which is: '\0'
  srcData[srcIdx]
    Which is: '2' (50, 0x32)
Source copy mismatch at dst(16,15) src(13,11)
]]></failure>
      <failure message="/home/cjxu/npp/test/unit/nppi/nppi_geometry_transforms/test_nppi_copyConstBorder.cpp:63&#x0A;Expected equality of these values:&#x0A;  dstData[dstIdx]&#x0A;    Which is: &apos;\0&apos;&#x0A;  srcData[srcIdx]&#x0A;    Which is: &apos;\xAA&apos; (170)&#x0A;Source copy mismatch at dst(17,15) src(14,11)&#x0A;" type=""><![CDATA[/home/cjxu/npp/test/unit/nppi/nppi_geometry_transforms/test_nppi_copyConstBorder.cpp:63
Expected equality of these values:
  dstData[dstIdx]
    Which is: '\0'
  srcData[srcIdx]
    Which is: '\xAA' (170)
Source copy mismatch at dst(17,15) src(14,11)
]]></failure>
      <failure message="/home/cjxu/npp/test/unit/nppi/nppi_geometry_transforms/test_nppi_copyConstBorder.cpp:63&#x0A;Expected equality of these values:&#x0A;  dstData[dstIdx]&#x0A;    Which is: &apos;\0&apos;&#x0A;  srcData[srcIdx]&#x0A;    Which is: &apos;a&apos; (97, 0x61)&#x0A;Source copy mismatch at dst(18,15) src(15,11)&#x0A;" type=""><![CDATA[/home/cjxu/npp/test/unit/nppi/nppi_geometry_transforms/test_nppi_copyConstBorder.cpp:63
Expected equality of these values:
  dstData[dstIdx]
    Which is: '\0'
  srcData[srcIdx]
    Which is: 'a' (97, 0x61)
Source copy mismatch at dst(18,15) src(15,11)
]]></failure>
      <failure message="/home/cjxu/npp/test/unit/nppi/nppi_geometry_transforms/test_nppi_copyConstBorder.cpp:67&#x0A;Expected equality of these values:&#x0A;  dstData[dstIdx]&#x0A;    Which is: &apos;\0&apos;&#x0A;  borderValue&#x0A;    Which is: &apos;@&apos; (64, 0x40)&#x0A;Border value mismatch at (19,15)&#x0A;" type=""><![CDATA[/home/cjxu/npp/test/unit/nppi/nppi_geometry_transforms/test_nppi_copyConstBorder.cpp:67
Expected equality of these values:
  dstData[dstIdx]
    Which is: '\0'
  borderValue
    Which is: '@' (64, 0x40)
Border value mismatch at (19,15)
]]></failure>
      <failure message="/home/cjxu/npp/test/unit/nppi/nppi_geometry_transforms/test_nppi_copyConstBorder.cpp:67&#x0A;Expected equality of these values:&#x0A;  dstData[dstIdx]&#x0A;    Which is: &apos;\0&apos;&#x0A;  borderValue&#x0A;    Which is: &apos;@&apos; (64, 0x40)&#x0A;Border value mismatch at (20,15)&#x0A;" type=""><![CDATA[/home/cjxu/npp/test/unit/nppi/nppi_geometry_transforms/test_nppi_copyConstBorder.cpp:67
Expected equality of these values:
  dstData[dstIdx]
    Which is: '\0'
  borderValue
    Which is: '@' (64, 0x40)
Border value mismatch at (20,15)
]]></failure>
      <failure message="/home/cjxu/npp/test/unit/nppi/nppi_geometry_transforms/test_nppi_copyConstBorder.cpp:67&#x0A;Expected equality of these values:&#x0A;  dstData[dstIdx]&#x0A;    Which is: &apos;\0&apos;&#x0A;  borderValue&#x0A;    Which is: &apos;@&apos; (64, 0x40)&#x0A;Border value mismatch at (21,15)&#x0A;" type=""><![CDATA[/home/cjxu/npp/test/unit/nppi/nppi_geometry_transforms/test_nppi_copyConstBorder.cpp:67
Expected equality of these values:
  dstData[dstIdx]
    Which is: '\0'
  borderValue
    Which is: '@' (64, 0x40)
Border value mismatch at (21,15)
]]></failure>
      <failure message="/home/cjxu/npp/test/unit/nppi/nppi_geometry_transforms/test_nppi_copyConstBorder.cpp:67&#x0A;Expected equality of these values:&#x0A;  dstData[dstIdx]&#x0A;    Which is: &apos;\0&apos;&#x0A;  borderValue&#x0A;    Which is: &apos;@&apos; (64, 0x40)&#x0A;Border value mismatch at (22,15)&#x0A;" type=""><![CDATA[/home/cjxu/npp/test/unit/nppi/nppi_geometry_transforms/test_nppi_copyConstBorder.cpp:67
Expected equality of these values:
  dstData[dstIdx]
    Which is: '\0'
  borderValue
    Which is: '@' (64, 0x40)
Border value mismatch at (22,15)
]]></failure>
      <failure message="/home/cjxu/npp/test/unit/nppi/nppi_geometry_transforms/test_nppi_copyConstBorder.cpp:67&#x0A;Expected equality of these values:&#x0A;  dstData[dstIdx]&#x0A;    Which is: &apos;\0&apos;&#x0A;  borderValue&#x0A;    Which is: &apos;@&apos; (64, 0x40)&#x0A;Border value mismatch at (23,15)&#x0A;" type=""><![CDATA[/home/cjxu/npp/test/unit/nppi/nppi_geometry_transforms/test_nppi_copyConstBorder.cpp:67
Expected equality of these values:
  dstData[dstIdx]
    Which is: '\0'
  borderValue
    Which is: '@' (64, 0x40)
Border value mismatch at (23,15)
]]></failure>
      <failure message="/home/cjxu/npp/test/unit/nppi/nppi_geometry_transforms/test_nppi_copyConstBorder.cpp:67&#x0A;Expected equality of these values:&#x0A;  dstData[dstIdx]&#x0A;    Which is: &apos;\0&apos;&#x0A;  borderValue&#x0A;    Which is: &apos;@&apos; (64, 0x40)&#x0A;Border value mismatch at (0,16)&#x0A;" type=""><![CDATA[/home/cjxu/npp/test/unit/nppi/nppi_geometry_transforms/test_nppi_copyConstBorder.cpp:67
Expected equality of these values:
  dstData[dstIdx]
    Which is: '\0'
  borderValue
    Which is: '@' (64, 0x40)
Border value mismatch at (0,16)
]]></failure>
      <failure message="/home/cjxu/npp/test/unit/nppi/nppi_geometry_transforms/test_nppi_copyConstBorder.cpp:67&#x0A;Expected equality of these values:&#x0A;  dstData[dstIdx]&#x0A;    Which is: &apos;\0&apos;&#x0A;  borderValue&#x0A;    Which is: &apos;@&apos; (64, 0x40)&#x0A;Border value mismatch at (1,16)&#x0A;" type=""><![CDATA[/home/cjxu/npp/test/unit/nppi/nppi_geometry_transforms/test_nppi_copyConstBorder.cpp:67
Expected equality of these values:
  dstData[dstIdx]
    Which is: '\0'
  borderValue
    Which is: '@' (64, 0x40)
Border value mismatch at (1,16)
]]></failure>
      <failure message="/home/cjxu/npp/test/unit/nppi/nppi_geometry_transforms/test_nppi_copyConstBorder.cpp:67&#x0A;Expected equality of these values:&#x0A;  dstData[dstIdx]&#x0A;    Which is: &apos;\0&apos;&#x0A;  borderValue&#x0A;    Which is: &apos;@&apos; (64, 0x40)&#x0A;Border value mismatch at (2,16)&#x0A;" type=""><![CDATA[/home/cjxu/npp/test/unit/nppi/nppi_geometry_transforms/test_nppi_copyConstBorder.cpp:67
Expected equality of these values:
  dstData[dstIdx]
    Which is: '\0'
  borderValue
    Which is: '@' (64, 0x40)
Border value mismatch at (2,16)
]]></failure>
      <failure message="/home/cjxu/npp/test/unit/nppi/nppi_geometry_transforms/test_nppi_copyConstBorder.cpp:67&#x0A;Expected equality of these values:&#x0A;  dstData[dstIdx]&#x0A;    Which is: &apos;\0&apos;&#x0A;  borderValue&#x0A;    Which is: &apos;@&apos; (64, 0x40)&#x0A;Border value mismatch at (3,16)&#x0A;" type=""><![CDATA[/home/cjxu/npp/test/unit/nppi/nppi_geometry_transforms/test_nppi_copyConstBorder.cpp:67
Expected equality of these values:
  dstData[dstIdx]
    Which is: '\0'
  borderValue
    Which is: '@' (64, 0x40)
Border value mismatch at (3,16)
]]></failure>
      <failure message="/home/cjxu/npp/test/unit/nppi/nppi_geometry_transforms/test_nppi_copyConstBorder.cpp:67&#x0A;Expected equality of these values:&#x0A;  dstData[dstIdx]&#x0A;    Which is: &apos;\0&apos;&#x0A;  borderValue&#x0A;    Which is: &apos;@&apos; (64, 0x40)&#x0A;Border value mismatch at (4,16)&#x0A;" type=""><![CDATA[/home/cjxu/npp/test/unit/nppi/nppi_geometry_transforms/test_nppi_copyConstBorder.cpp:67
Expected equality of these values:
  dstData[dstIdx]
    Which is: '\0'
  borderValue
    Which is: '@' (64, 0x40)
Border value mismatch at (4,16)
]]></failure>
      <failure message="/home/cjxu/npp/test/unit/nppi/nppi_geometry_transforms/test_nppi_copyConstBorder.cpp:67&#x0A;Expected equality of these values:&#x0A;  dstData[dstIdx]&#x0A;    Which is: &apos;\0&apos;&#x0A;  borderValue&#x0A;    Which is: &apos;@&apos; (64, 0x40)&#x0A;Border value mismatch at (5,16)&#x0A;" type=""><![CDATA[/home/cjxu/npp/test/unit/nppi/nppi_geometry_transforms/test_nppi_copyConstBorder.cpp:67
Expected equality of these values:
  dstData[dstIdx]
    Which is: '\0'
  borderValue
    Which is: '@' (64, 0x40)
Border value mismatch at (5,16)
]]></failure>
      <failure message="/home/cjxu/npp/test/unit/nppi/nppi_geometry_transforms/test_nppi_copyConstBorder.cpp:67&#x0A;Expected equality of these values:&#x0A;  dstData[dstIdx]&#x0A;    Which is: &apos;\0&apos;&#x0A;  borderValue&#x0A;    Which is: &apos;@&apos; (64, 0x40)&#x0A;Border value mismatch at (6,16)&#x0A;" type=""><![CDATA[/home/cjxu/npp/test/unit/nppi/nppi_geometry_transforms/test_nppi_copyConstBorder.cpp:67
Expected equality of these values:
  dstData[dstIdx]
    Which is: '\0'
  borderValue
    Which is: '@' (64, 0x40)
Border value mismatch at (6,16)
]]></failure>
      <failure message="/home/cjxu/npp/test/unit/nppi/nppi_geometry_transforms/test_nppi_copyConstBorder.cpp:67&#x0A;Expected equality of these values:&#x0A;  dstData[dstIdx]&#x0A;    Which is: &apos;\0&apos;&#x0A;  borderValue&#x0A;    Which is: &apos;@&apos; (64, 0x40)&#x0A;Border value mismatch at (7,16)&#x0A;" type=""><![CDATA[/home/cjxu/npp/test/unit/nppi/nppi_geometry_transforms/test_nppi_copyConstBorder.cpp:67
Expected equality of these values:
  dstData[dstIdx]
    Which is: '\0'
  borderValue
    Which is: '@' (64, 0x40)
Border value mismatch at (7,16)
]]></failure>
      <failure message="/home/cjxu/npp/test/unit/nppi/nppi_geometry_transforms/test_nppi_copyConstBorder.cpp:67&#x0A;Expected equality of these values:&#x0A;  dstData[dstIdx]&#x0A;    Which is: &apos;\0&apos;&#x0A;  borderValue&#x0A;    Which is: &apos;@&apos; (64, 0x40)&#x0A;Border value mismatch at (8,16)&#x0A;" type=""><![CDATA[/home/cjxu/npp/test/unit/nppi/nppi_geometry_transforms/test_nppi_copyConstBorder.cpp:67
Expected equality of these values:
  dstData[dstIdx]
    Which is: '\0'
  borderValue
    Which is: '@' (64, 0x40)
Border value mismatch at (8,16)
]]></failure>
      <failure message="/home/cjxu/npp/test/unit/nppi/nppi_geometry_transforms/test_nppi_copyConstBorder.cpp:67&#x0A;Expected equality of these values:&#x0A;  dstData[dstIdx]&#x0A;    Which is: &apos;\0&apos;&#x0A;  borderValue&#x0A;    Which is: &apos;@&apos; (64, 0x40)&#x0A;Border value mismatch at (9,16)&#x0A;" type=""><![CDATA[/home/cjxu/npp/test/unit/nppi/nppi_geometry_transforms/test_nppi_copyConstBorder.cpp:67
Expected equality of these values:
  dstData[dstIdx]
    Which is: '\0'
  borderValue
    Which is: '@' (64, 0x40)
Border value mismatch at (9,16)
]]></failure>
      <failure message="/home/cjxu/npp/test/unit/nppi/nppi_geometry_transforms/test_nppi_copyConstBorder.cpp:67&#x0A;Expected equality of these values:&#x0A;  dstData[dstIdx]&#x0A;    Which is: &apos;\0&apos;&#x0A;  borderValue&#x0A;    Which is: &apos;@&apos; (64, 0x40)&#x0A;Border value mismatch at (10,16)&#x0A;" type=""><![CDATA[/home/cjxu/npp/test/unit/nppi/nppi_geometry_transforms/test_nppi_copyConstBorder.cpp:67
Expected equality of these values:
  dstData[dstIdx]
    Which is: '\0'
  borderValue
    Which is: '@' (64, 0x40)
Border value mismatch at (10,16)
]]></failure>
      <failure message="/home/cjxu/npp/test/unit/nppi/nppi_geometry_transforms/test_nppi_copyConstBorder.cpp:67&#x0A;Expected equality of these values:&#x0A;  dstData[dstIdx]&#x0A;    Which is: &apos;\0&apos;&#x0A;  borderValue&#x0A;    Which is: &apos;@&apos; (64, 0x40)&#x0A;Border value mismatch at (11,16)&#x0A;" type=""><![CDATA[/home/cjxu/npp/test/unit/nppi/nppi_geometry_transforms/test_nppi_copyConstBorder.cpp:67
Expected equality of these values:
  dstData[dstIdx]
    Which is: '\0'
  borderValue
    Which is: '@' (64, 0x40)
Border value mismatch at (11,16)
]]></failure>
      <failure message="/home/cjxu/npp/test/unit/nppi/nppi_geometry_transforms/test_nppi_copyConstBorder.cpp:67&#x0A;Expected equality of these values:&#x0A;  dstData[dstIdx]&#x0A;    Which is: &apos;\0&apos;&#x0A;  borderValue&#x0A;    Which is: &apos;@&apos; (64, 0x40)&#x0A;Border value mismatch at (12,16)&#x0A;" type=""><![CDATA[/home/cjxu/npp/test/unit/nppi/nppi_geometry_transforms/test_nppi_copyConstBorder.cpp:67
Expected equality of these values:
  dstData[dstIdx]
    Which is: '\0'
  borderValue
    Which is: '@' (64, 0x40)
Border value mismatch at (12,16)
]]></failure>
      <failure message="/home/cjxu/npp/test/unit/nppi/nppi_geometry_transforms/test_nppi_copyConstBorder.cpp:67&#x0A;Expected equality of these values:&#x0A;  dstData[dstIdx]&#x0A;    Which is: &apos;\0&apos;&#x0A;  borderValue&#x0A;    Which is: &apos;@&apos; (64, 0x40)&#x0A;Border value mismatch at (13,16)&#x0A;" type=""><![CDATA[/home/cjxu/npp/test/unit/nppi/nppi_geometry_transforms/test_nppi_copyConstBorder.cpp:67
Expected equality of these values:
  dstData[dstIdx]
    Which is: '\0'
  borderValue
    Which is: '@' (64, 0x40)
Border value mismatch at (13,16)
]]></failure>
      <failure message="/home/cjxu/npp/test/unit/nppi/nppi_geometry_transforms/test_nppi_copyConstBorder.cpp:67&#x0A;Expected equality of these values:&#x0A;  dstData[dstIdx]&#x0A;    Which is: &apos;\0&apos;&#x0A;  borderValue&#x0A;    Which is: &apos;@&apos; (64, 0x40)&#x0A;Border value mismatch at (14,16)&#x0A;" type=""><![CDATA[/home/cjxu/npp/test/unit/nppi/nppi_geometry_transforms/test_nppi_copyConstBorder.cpp:67
Expected equality of these values:
  dstData[dstIdx]
    Which is: '\0'
  borderValue
    Which is: '@' (64, 0x40)
Border value mismatch at (14,16)
]]></failure>
      <failure message="/home/cjxu/npp/test/unit/nppi/nppi_geometry_transforms/test_nppi_copyConstBorder.cpp:67&#x0A;Expected equality of these values:&#x0A;  dstData[dstIdx]&#x0A;    Which is: &apos;\0&apos;&#x0A;  borderValue&#x0A;    Which is: &apos;@&apos; (64, 0x40)&#x0A;Border value mismatch at (15,16)&#x0A;" type=""><![CDATA[/home/cjxu/npp/test/unit/nppi/nppi_geometry_transforms/test_nppi_copyConstBorder.cpp:67
Expected equality of these values:
  dstData[dstIdx]
    Which is: '\0'
  borderValue
    Which is: '@' (64, 0x40)
Border value mismatch at (15,16)
]]></failure>
      <failure message="/home/cjxu/npp/test/unit/nppi/nppi_geometry_transforms/test_nppi_copyConstBorder.cpp:67&#x0A;Expected equality of these values:&#x0A;  dstData[dstIdx]&#x0A;    Which is: &apos;\0&apos;&#x0A;  borderValue&#x0A;    Which is: &apos;@&apos; (64, 0x40)&#x0A;Border value mismatch at (16,16)&#x0A;" type=""><![CDATA[/home/cjxu/npp/test/unit/nppi/nppi_geometry_transforms/test_nppi_copyConstBorder.cpp:67
Expected equality of these values:
  dstData[dstIdx]
    Which is: '\0'
  borderValue
    Which is: '@' (64, 0x40)
Border value mismatch at (16,16)
]]></failure>
      <failure message="/home/cjxu/npp/test/unit/nppi/nppi_geometry_transforms/test_nppi_copyConstBorder.cpp:67&#x0A;Expected equality of these values:&#x0A;  dstData[dstIdx]&#x0A;    Which is: &apos;\0&apos;&#x0A;  borderValue&#x0A;    Which is: &apos;@&apos; (64, 0x40)&#x0A;Border value mismatch at (17,16)&#x0A;" type=""><![CDATA[/home/cjxu/npp/test/unit/nppi/nppi_geometry_transforms/test_nppi_copyConstBorder.cpp:67
Expected equality of these values:
  dstData[dstIdx]
    Which is: '\0'
  borderValue
    Which is: '@' (64, 0x40)
Border value mismatch at (17,16)
]]></failure>
      <failure message="/home/cjxu/npp/test/unit/nppi/nppi_geometry_transforms/test_nppi_copyConstBorder.cpp:67&#x0A;Expected equality of these values:&#x0A;  dstData[dstIdx]&#x0A;    Which is: &apos;\0&apos;&#x0A;  borderValue&#x0A;    Which is: &apos;@&apos; (64, 0x40)&#x0A;Border value mismatch at (18,16)&#x0A;" type=""><![CDATA[/home/cjxu/npp/test/unit/nppi/nppi_geometry_transforms/test_nppi_copyConstBorder.cpp:67
Expected equality of these values:
  dstData[dstIdx]
    Which is: '\0'
  borderValue
    Which is: '@' (64, 0x40)
Border value mismatch at (18,16)
]]></failure>
      <failure message="/home/cjxu/npp/test/unit/nppi/nppi_geometry_transforms/test_nppi_copyConstBorder.cpp:67&#x0A;Expected equality of these values:&#x0A;  dstData[dstIdx]&#x0A;    Which is: &apos;\0&apos;&#x0A;  borderValue&#x0A;    Which is: &apos;@&apos; (64, 0x40)&#x0A;Border value mismatch at (19,16)&#x0A;" type=""><![CDATA[/home/cjxu/npp/test/unit/nppi/nppi_geometry_transforms/test_nppi_copyConstBorder.cpp:67
Expected equality of these values:
  dstData[dstIdx]
    Which is: '\0'
  borderValue
    Which is: '@' (64, 0x40)
Border value mismatch at (19,16)
]]></failure>
      <failure message="/home/cjxu/npp/test/unit/nppi/nppi_geometry_transforms/test_nppi_copyConstBorder.cpp:67&#x0A;Expected equality of these values:&#x0A;  dstData[dstIdx]&#x0A;    Which is: &apos;\0&apos;&#x0A;  borderValue&#x0A;    Which is: &apos;@&apos; (64, 0x40)&#x0A;Border value mismatch at (20,16)&#x0A;" type=""><![CDATA[/home/cjxu/npp/test/unit/nppi/nppi_geometry_transforms/test_nppi_copyConstBorder.cpp:67
Expected equality of these values:
  dstData[dstIdx]
    Which is: '\0'
  borderValue
    Which is: '@' (64, 0x40)
Border value mismatch at (20,16)
]]></failure>
      <failure message="/home/cjxu/npp/test/unit/nppi/nppi_geometry_transforms/test_nppi_copyConstBorder.cpp:67&#x0A;Expected equality of these values:&#x0A;  dstData[dstIdx]&#x0A;    Which is: &apos;\0&apos;&#x0A;  borderValue&#x0A;    Which is: &apos;@&apos; (64, 0x40)&#x0A;Border value mismatch at (21,16)&#x0A;" type=""><![CDATA[/home/cjxu/npp/test/unit/nppi/nppi_geometry_transforms/test_nppi_copyConstBorder.cpp:67
Expected equality of these values:
  dstData[dstIdx]
    Which is: '\0'
  borderValue
    Which is: '@' (64, 0x40)
Border value mismatch at (21,16)
]]></failure>
      <failure message="/home/cjxu/npp/test/unit/nppi/nppi_geometry_transforms/test_nppi_copyConstBorder.cpp:67&#x0A;Expected equality of these values:&#x0A;  dstData[dstIdx]&#x0A;    Which is: &apos;\0&apos;&#x0A;  borderValue&#x0A;    Which is: &apos;@&apos; (64, 0x40)&#x0A;Border value mismatch at (22,16)&#x0A;" type=""><![CDATA[/home/cjxu/npp/test/unit/nppi/nppi_geometry_transforms/test_nppi_copyConstBorder.cpp:67
Expected equality of these values:
  dstData[dstIdx]
    Which is: '\0'
  borderValue
    Which is: '@' (64, 0x40)
Border value mismatch at (22,16)
]]></failure>
      <failure message="/home/cjxu/npp/test/unit/nppi/nppi_geometry_transforms/test_nppi_copyConstBorder.cpp:67&#x0A;Expected equality of these values:&#x0A;  dstData[dstIdx]&#x0A;    Which is: &apos;\0&apos;&#x0A;  borderValue&#x0A;    Which is: &apos;@&apos; (64, 0x40)&#x0A;Border value mismatch at (23,16)&#x0A;" type=""><![CDATA[/home/cjxu/npp/test/unit/nppi/nppi_geometry_transforms/test_nppi_copyConstBorder.cpp:67
Expected equality of these values:
  dstData[dstIdx]
    Which is: '\0'
  borderValue
    Which is: '@' (64, 0x40)
Border value mismatch at (23,16)
]]></failure>
      <failure message="/home/cjxu/npp/test/unit/nppi/nppi_geometry_transforms/test_nppi_copyConstBorder.cpp:67&#x0A;Expected equality of these values:&#x0A;  dstData[dstIdx]&#x0A;    Which is: &apos;\0&apos;&#x0A;  borderValue&#x0A;    Which is: &apos;@&apos; (64, 0x40)&#x0A;Border value mismatch at (0,17)&#x0A;" type=""><![CDATA[/home/cjxu/npp/test/unit/nppi/nppi_geometry_transforms/test_nppi_copyConstBorder.cpp:67
Expected equality of these values:
  dstData[dstIdx]
    Which is: '\0'
  borderValue
    Which is: '@' (64, 0x40)
Border value mismatch at (0,17)
]]></failure>
      <failure message="/home/cjxu/npp/test/unit/nppi/nppi_geometry_transforms/test_nppi_copyConstBorder.cpp:67&#x0A;Expected equality of these values:&#x0A;  dstData[dstIdx]&#x0A;    Which is: &apos;\0&apos;&#x0A;  borderValue&#x0A;    Which is: &apos;@&apos; (64, 0x40)&#x0A;Border value mismatch at (1,17)&#x0A;" type=""><![CDATA[/home/cjxu/npp/test/unit/nppi/nppi_geometry_transforms/test_nppi_copyConstBorder.cpp:67
Expected equality of these values:
  dstData[dstIdx]
    Which is: '\0'
  borderValue
    Which is: '@' (64, 0x40)
Border value mismatch at (1,17)
]]></failure>
      <failure message="/home/cjxu/npp/test/unit/nppi/nppi_geometry_transforms/test_nppi_copyConstBorder.cpp:67&#x0A;Expected equality of these values:&#x0A;  dstData[dstIdx]&#x0A;    Which is: &apos;\0&apos;&#x0A;  borderValue&#x0A;    Which is: &apos;@&apos; (64, 0x40)&#x0A;Border value mismatch at (2,17)&#x0A;" type=""><![CDATA[/home/cjxu/npp/test/unit/nppi/nppi_geometry_transforms/test_nppi_copyConstBorder.cpp:67
Expected equality of these values:
  dstData[dstIdx]
    Which is: '\0'
  borderValue
    Which is: '@' (64, 0x40)
Border value mismatch at (2,17)
]]></failure>
      <failure message="/home/cjxu/npp/test/unit/nppi/nppi_geometry_transforms/test_nppi_copyConstBorder.cpp:67&#x0A;Expected equality of these values:&#x0A;  dstData[dstIdx]&#x0A;    Which is: &apos;\0&apos;&#x0A;  borderValue&#x0A;    Which is: &apos;@&apos; (64, 0x40)&#x0A;Border value mismatch at (3,17)&#x0A;" type=""><![CDATA[/home/cjxu/npp/test/unit/nppi/nppi_geometry_transforms/test_nppi_copyConstBorder.cpp:67
Expected equality of these values:
  dstData[dstIdx]
    Which is: '\0'
  borderValue
    Which is: '@' (64, 0x40)
Border value mismatch at (3,17)
]]></failure>
      <failure message="/home/cjxu/npp/test/unit/nppi/nppi_geometry_transforms/test_nppi_copyConstBorder.cpp:67&#x0A;Expected equality of these values:&#x0A;  dstData[dstIdx]&#x0A;    Which is: &apos;\0&apos;&#x0A;  borderValue&#x0A;    Which is: &apos;@&apos; (64, 0x40)&#x0A;Border value mismatch at (4,17)&#x0A;" type=""><![CDATA[/home/cjxu/npp/test/unit/nppi/nppi_geometry_transforms/test_nppi_copyConstBorder.cpp:67
Expected equality of these values:
  dstData[dstIdx]
    Which is: '\0'
  borderValue
    Which is: '@' (64, 0x40)
Border value mismatch at (4,17)
]]></failure>
      <failure message="/home/cjxu/npp/test/unit/nppi/nppi_geometry_transforms/test_nppi_copyConstBorder.cpp:67&#x0A;Expected equality of these values:&#x0A;  dstData[dstIdx]&#x0A;    Which is: &apos;\0&apos;&#x0A;  borderValue&#x0A;    Which is: &apos;@&apos; (64, 0x40)&#x0A;Border value mismatch at (5,17)&#x0A;" type=""><![CDATA[/home/cjxu/npp/test/unit/nppi/nppi_geometry_transforms/test_nppi_copyConstBorder.cpp:67
Expected equality of these values:
  dstData[dstIdx]
    Which is: '\0'
  borderValue
    Which is: '@' (64, 0x40)
Border value mismatch at (5,17)
]]></failure>
      <failure message="/home/cjxu/npp/test/unit/nppi/nppi_geometry_transforms/test_nppi_copyConstBorder.cpp:67&#x0A;Expected equality of these values:&#x0A;  dstData[dstIdx]&#x0A;    Which is: &apos;\0&apos;&#x0A;  borderValue&#x0A;    Which is: &apos;@&apos; (64, 0x40)&#x0A;Border value mismatch at (6,17)&#x0A;" type=""><![CDATA[/home/cjxu/npp/test/unit/nppi/nppi_geometry_transforms/test_nppi_copyConstBorder.cpp:67
Expected equality of these values:
  dstData[dstIdx]
    Which is: '\0'
  borderValue
    Which is: '@' (64, 0x40)
Border value mismatch at (6,17)
]]></failure>
      <failure message="/home/cjxu/npp/test/unit/nppi/nppi_geometry_transforms/test_nppi_copyConstBorder.cpp:67&#x0A;Expected equality of these values:&#x0A;  dstData[dstIdx]&#x0A;    Which is: &apos;\0&apos;&#x0A;  borderValue&#x0A;    Which is: &apos;@&apos; (64, 0x40)&#x0A;Border value mismatch at (7,17)&#x0A;" type=""><![CDATA[/home/cjxu/npp/test/unit/nppi/nppi_geometry_transforms/test_nppi_copyConstBorder.cpp:67
Expected equality of these values:
  dstData[dstIdx]
    Which is: '\0'
  borderValue
    Which is: '@' (64, 0x40)
Border value mismatch at (7,17)
]]></failure>
      <failure message="/home/cjxu/npp/test/unit/nppi/nppi_geometry_transforms/test_nppi_copyConstBorder.cpp:67&#x0A;Expected equality of these values:&#x0A;  dstData[dstIdx]&#x0A;    Which is: &apos;\0&apos;&#x0A;  borderValue&#x0A;    Which is: &apos;@&apos; (64, 0x40)&#x0A;Border value mismatch at (8,17)&#x0A;" type=""><![CDATA[/home/cjxu/npp/test/unit/nppi/nppi_geometry_transforms/test_nppi_copyConstBorder.cpp:67
Expected equality of these values:
  dstData[dstIdx]
    Which is: '\0'
  borderValue
    Which is: '@' (64, 0x40)
Border value mismatch at (8,17)
]]></failure>
      <failure message="/home/cjxu/npp/test/unit/nppi/nppi_geometry_transforms/test_nppi_copyConstBorder.cpp:67&#x0A;Expected equality of these values:&#x0A;  dstData[dstIdx]&#x0A;    Which is: &apos;\0&apos;&#x0A;  borderValue&#x0A;    Which is: &apos;@&apos; (64, 0x40)&#x0A;Border value mismatch at (9,17)&#x0A;" type=""><![CDATA[/home/cjxu/npp/test/unit/nppi/nppi_geometry_transforms/test_nppi_copyConstBorder.cpp:67
Expected equality of these values:
  dstData[dstIdx]
    Which is: '\0'
  borderValue
    Which is: '@' (64, 0x40)
Border value mismatch at (9,17)
]]></failure>
      <failure message="/home/cjxu/npp/test/unit/nppi/nppi_geometry_transforms/test_nppi_copyConstBorder.cpp:67&#x0A;Expected equality of these values:&#x0A;  dstData[dstIdx]&#x0A;    Which is: &apos;\0&apos;&#x0A;  borderValue&#x0A;    Which is: &apos;@&apos; (64, 0x40)&#x0A;Border value mismatch at (10,17)&#x0A;" type=""><![CDATA[/home/cjxu/npp/test/unit/nppi/nppi_geometry_transforms/test_nppi_copyConstBorder.cpp:67
Expected equality of these values:
  dstData[dstIdx]
    Which is: '\0'
  borderValue
    Which is: '@' (64, 0x40)
Border value mismatch at (10,17)
]]></failure>
      <failure message="/home/cjxu/npp/test/unit/nppi/nppi_geometry_transforms/test_nppi_copyConstBorder.cpp:67&#x0A;Expected equality of these values:&#x0A;  dstData[dstIdx]&#x0A;    Which is: &apos;\0&apos;&#x0A;  borderValue&#x0A;    Which is: &apos;@&apos; (64, 0x40)&#x0A;Border value mismatch at (11,17)&#x0A;" type=""><![CDATA[/home/cjxu/npp/test/unit/nppi/nppi_geometry_transforms/test_nppi_copyConstBorder.cpp:67
Expected equality of these values:
  dstData[dstIdx]
    Which is: '\0'
  borderValue
    Which is: '@' (64, 0x40)
Border value mismatch at (11,17)
]]></failure>
      <failure message="/home/cjxu/npp/test/unit/nppi/nppi_geometry_transforms/test_nppi_copyConstBorder.cpp:67&#x0A;Expected equality of these values:&#x0A;  dstData[dstIdx]&#x0A;    Which is: &apos;\0&apos;&#x0A;  borderValue&#x0A;    Which is: &apos;@&apos; (64, 0x40)&#x0A;Border value mismatch at (12,17)&#x0A;" type=""><![CDATA[/home/cjxu/npp/test/unit/nppi/nppi_geometry_transforms/test_nppi_copyConstBorder.cpp:67
Expected equality of these values:
  dstData[dstIdx]
    Which is: '\0'
  borderValue
    Which is: '@' (64, 0x40)
Border value mismatch at (12,17)
]]></failure>
      <failure message="/home/cjxu/npp/test/unit/nppi/nppi_geometry_transforms/test_nppi_copyConstBorder.cpp:67&#x0A;Expected equality of these values:&#x0A;  dstData[dstIdx]&#x0A;    Which is: &apos;\0&apos;&#x0A;  borderValue&#x0A;    Which is: &apos;@&apos; (64, 0x40)&#x0A;Border value mismatch at (13,17)&#x0A;" type=""><![CDATA[/home/cjxu/npp/test/unit/nppi/nppi_geometry_transforms/test_nppi_copyConstBorder.cpp:67
Expected equality of these values:
  dstData[dstIdx]
    Which is: '\0'
  borderValue
    Which is: '@' (64, 0x40)
Border value mismatch at (13,17)
]]></failure>
      <failure message="/home/cjxu/npp/test/unit/nppi/nppi_geometry_transforms/test_nppi_copyConstBorder.cpp:67&#x0A;Expected equality of these values:&#x0A;  dstData[dstIdx]&#x0A;    Which is: &apos;\0&apos;&#x0A;  borderValue&#x0A;    Which is: &apos;@&apos; (64, 0x40)&#x0A;Border value mismatch at (14,17)&#x0A;" type=""><![CDATA[/home/cjxu/npp/test/unit/nppi/nppi_geometry_transforms/test_nppi_copyConstBorder.cpp:67
Expected equality of these values:
  dstData[dstIdx]
    Which is: '\0'
  borderValue
    Which is: '@' (64, 0x40)
Border value mismatch at (14,17)
]]></failure>
      <failure message="/home/cjxu/npp/test/unit/nppi/nppi_geometry_transforms/test_nppi_copyConstBorder.cpp:67&#x0A;Expected equality of these values:&#x0A;  dstData[dstIdx]&#x0A;    Which is: &apos;\0&apos;&#x0A;  borderValue&#x0A;    Which is: &apos;@&apos; (64, 0x40)&#x0A;Border value mismatch at (15,17)&#x0A;" type=""><![CDATA[/home/cjxu/npp/test/unit/nppi/nppi_geometry_transforms/test_nppi_copyConstBorder.cpp:67
Expected equality of these values:
  dstData[dstIdx]
    Which is: '\0'
  borderValue
    Which is: '@' (64, 0x40)
Border value mismatch at (15,17)
]]></failure>
      <failure message="/home/cjxu/npp/test/unit/nppi/nppi_geometry_transforms/test_nppi_copyConstBorder.cpp:67&#x0A;Expected equality of these values:&#x0A;  dstData[dstIdx]&#x0A;    Which is: &apos;\0&apos;&#x0A;  borderValue&#x0A;    Which is: &apos;@&apos; (64, 0x40)&#x0A;Border value mismatch at (16,17)&#x0A;" type=""><![CDATA[/home/cjxu/npp/test/unit/nppi/nppi_geometry_transforms/test_nppi_copyConstBorder.cpp:67
Expected equality of these values:
  dstData[dstIdx]
    Which is: '\0'
  borderValue
    Which is: '@' (64, 0x40)
Border value mismatch at (16,17)
]]></failure>
      <failure message="/home/cjxu/npp/test/unit/nppi/nppi_geometry_transforms/test_nppi_copyConstBorder.cpp:67&#x0A;Expected equality of these values:&#x0A;  dstData[dstIdx]&#x0A;    Which is: &apos;\0&apos;&#x0A;  borderValue&#x0A;    Which is: &apos;@&apos; (64, 0x40)&#x0A;Border value mismatch at (17,17)&#x0A;" type=""><![CDATA[/home/cjxu/npp/test/unit/nppi/nppi_geometry_transforms/test_nppi_copyConstBorder.cpp:67
Expected equality of these values:
  dstData[dstIdx]
    Which is: '\0'
  borderValue
    Which is: '@' (64, 0x40)
Border value mismatch at (17,17)
]]></failure>
      <failure message="/home/cjxu/npp/test/unit/nppi/nppi_geometry_transforms/test_nppi_copyConstBorder.cpp:67&#x0A;Expected equality of these values:&#x0A;  dstData[dstIdx]&#x0A;    Which is: &apos;\0&apos;&#x0A;  borderValue&#x0A;    Which is: &apos;@&apos; (64, 0x40)&#x0A;Border value mismatch at (18,17)&#x0A;" type=""><![CDATA[/home/cjxu/npp/test/unit/nppi/nppi_geometry_transforms/test_nppi_copyConstBorder.cpp:67
Expected equality of these values:
  dstData[dstIdx]
    Which is: '\0'
  borderValue
    Which is: '@' (64, 0x40)
Border value mismatch at (18,17)
]]></failure>
      <failure message="/home/cjxu/npp/test/unit/nppi/nppi_geometry_transforms/test_nppi_copyConstBorder.cpp:67&#x0A;Expected equality of these values:&#x0A;  dstData[dstIdx]&#x0A;    Which is: &apos;\0&apos;&#x0A;  borderValue&#x0A;    Which is: &apos;@&apos; (64, 0x40)&#x0A;Border value mismatch at (19,17)&#x0A;" type=""><![CDATA[/home/cjxu/npp/test/unit/nppi/nppi_geometry_transforms/test_nppi_copyConstBorder.cpp:67
Expected equality of these values:
  dstData[dstIdx]
    Which is: '\0'
  borderValue
    Which is: '@' (64, 0x40)
Border value mismatch at (19,17)
]]></failure>
      <failure message="/home/cjxu/npp/test/unit/nppi/nppi_geometry_transforms/test_nppi_copyConstBorder.cpp:67&#x0A;Expected equality of these values:&#x0A;  dstData[dstIdx]&#x0A;    Which is: &apos;\0&apos;&#x0A;  borderValue&#x0A;    Which is: &apos;@&apos; (64, 0x40)&#x0A;Border value mismatch at (20,17)&#x0A;" type=""><![CDATA[/home/cjxu/npp/test/unit/nppi/nppi_geometry_transforms/test_nppi_copyConstBorder.cpp:67
Expected equality of these values:
  dstData[dstIdx]
    Which is: '\0'
  borderValue
    Which is: '@' (64, 0x40)
Border value mismatch at (20,17)
]]></failure>
      <failure message="/home/cjxu/npp/test/unit/nppi/nppi_geometry_transforms/test_nppi_copyConstBorder.cpp:67&#x0A;Expected equality of these values:&#x0A;  dstData[dstIdx]&#x0A;    Which is: &apos;\0&apos;&#x0A;  borderValue&#x0A;    Which is: &apos;@&apos; (64, 0x40)&#x0A;Border value mismatch at (21,17)&#x0A;" type=""><![CDATA[/home/cjxu/npp/test/unit/nppi/nppi_geometry_transforms/test_nppi_copyConstBorder.cpp:67
Expected equality of these values:
  dstData[dstIdx]
    Which is: '\0'
  borderValue
    Which is: '@' (64, 0x40)
Border value mismatch at (21,17)
]]></failure>
      <failure message="/home/cjxu/npp/test/unit/nppi/nppi_geometry_transforms/test_nppi_copyConstBorder.cpp:67&#x0A;Expected equality of these values:&#x0A;  dstData[dstIdx]&#x0A;    Which is: &apos;\0&apos;&#x0A;  borderValue&#x0A;    Which is: &apos;@&apos; (64, 0x40)&#x0A;Border value mismatch at (22,17)&#x0A;" type=""><![CDATA[/home/cjxu/npp/test/unit/nppi/nppi_geometry_transforms/test_nppi_copyConstBorder.cpp:67
Expected equality of these values:
  dstData[dstIdx]
    Which is: '\0'
  borderValue
    Which is: '@' (64, 0x40)
Border value mismatch at (22,17)
]]></failure>
      <failure message="/home/cjxu/npp/test/unit/nppi/nppi_geometry_transforms/test_nppi_copyConstBorder.cpp:67&#x0A;Expected equality of these values:&#x0A;  dstData[dstIdx]&#x0A;    Which is: &apos;\0&apos;&#x0A;  borderValue&#x0A;    Which is: &apos;@&apos; (64, 0x40)&#x0A;Border value mismatch at (23,17)&#x0A;" type=""><![CDATA[/home/cjxu/npp/test/unit/nppi/nppi_geometry_transforms/test_nppi_copyConstBorder.cpp:67
Expected equality of these values:
  dstData[dstIdx]
    Which is: '\0'
  borderValue
    Which is: '@' (64, 0x40)
Border value mismatch at (23,17)
]]></failure>
      <failure message="/home/cjxu/npp/test/unit/nppi/nppi_geometry_transforms/test_nppi_copyConstBorder.cpp:67&#x0A;Expected equality of these values:&#x0A;  dstData[dstIdx]&#x0A;    Which is: &apos;\0&apos;&#x0A;  borderValue&#x0A;    Which is: &apos;@&apos; (64, 0x40)&#x0A;Border value mismatch at (0,18)&#x0A;" type=""><![CDATA[/home/cjxu/npp/test/unit/nppi/nppi_geometry_transforms/test_nppi_copyConstBorder.cpp:67
Expected equality of these values:
  dstData[dstIdx]
    Which is: '\0'
  borderValue
    Which is: '@' (64, 0x40)
Border value mismatch at (0,18)
]]></failure>
      <failure message="/home/cjxu/npp/test/unit/nppi/nppi_geometry_transforms/test_nppi_copyConstBorder.cpp:67&#x0A;Expected equality of these values:&#x0A;  dstData[dstIdx]&#x0A;    Which is: &apos;\0&apos;&#x0A;  borderValue&#x0A;    Which is: &apos;@&apos; (64, 0x40)&#x0A;Border value mismatch at (1,18)&#x0A;" type=""><![CDATA[/home/cjxu/npp/test/unit/nppi/nppi_geometry_transforms/test_nppi_copyConstBorder.cpp:67
Expected equality of these values:
  dstData[dstIdx]
    Which is: '\0'
  borderValue
    Which is: '@' (64, 0x40)
Border value mismatch at (1,18)
]]></failure>
      <failure message="/home/cjxu/npp/test/unit/nppi/nppi_geometry_transforms/test_nppi_copyConstBorder.cpp:67&#x0A;Expected equality of these values:&#x0A;  dstData[dstIdx]&#x0A;    Which is: &apos;\0&apos;&#x0A;  borderValue&#x0A;    Which is: &apos;@&apos; (64, 0x40)&#x0A;Border value mismatch at (2,18)&#x0A;" type=""><![CDATA[/home/cjxu/npp/test/unit/nppi/nppi_geometry_transforms/test_nppi_copyConstBorder.cpp:67
Expected equality of these values:
  dstData[dstIdx]
    Which is: '\0'
  borderValue
    Which is: '@' (64, 0x40)
Border value mismatch at (2,18)
]]></failure>
      <failure message="/home/cjxu/npp/test/unit/nppi/nppi_geometry_transforms/test_nppi_copyConstBorder.cpp:67&#x0A;Expected equality of these values:&#x0A;  dstData[dstIdx]&#x0A;    Which is: &apos;\0&apos;&#x0A;  borderValue&#x0A;    Which is: &apos;@&apos; (64, 0x40)&#x0A;Border value mismatch at (3,18)&#x0A;" type=""><![CDATA[/home/cjxu/npp/test/unit/nppi/nppi_geometry_transforms/test_nppi_copyConstBorder.cpp:67
Expected equality of these values:
  dstData[dstIdx]
    Which is: '\0'
  borderValue
    Which is: '@' (64, 0x40)
Border value mismatch at (3,18)
]]></failure>
      <failure message="/home/cjxu/npp/test/unit/nppi/nppi_geometry_transforms/test_nppi_copyConstBorder.cpp:67&#x0A;Expected equality of these values:&#x0A;  dstData[dstIdx]&#x0A;    Which is: &apos;\0&apos;&#x0A;  borderValue&#x0A;    Which is: &apos;@&apos; (64, 0x40)&#x0A;Border value mismatch at (4,18)&#x0A;" type=""><![CDATA[/home/cjxu/npp/test/unit/nppi/nppi_geometry_transforms/test_nppi_copyConstBorder.cpp:67
Expected equality of these values:
  dstData[dstIdx]
    Which is: '\0'
  borderValue
    Which is: '@' (64, 0x40)
Border value mismatch at (4,18)
]]></failure>
      <failure message="/home/cjxu/npp/test/unit/nppi/nppi_geometry_transforms/test_nppi_copyConstBorder.cpp:67&#x0A;Expected equality of these values:&#x0A;  dstData[dstIdx]&#x0A;    Which is: &apos;\0&apos;&#x0A;  borderValue&#x0A;    Which is: &apos;@&apos; (64, 0x40)&#x0A;Border value mismatch at (5,18)&#x0A;" type=""><![CDATA[/home/cjxu/npp/test/unit/nppi/nppi_geometry_transforms/test_nppi_copyConstBorder.cpp:67
Expected equality of these values:
  dstData[dstIdx]
    Which is: '\0'
  borderValue
    Which is: '@' (64, 0x40)
Border value mismatch at (5,18)
]]></failure>
      <failure message="/home/cjxu/npp/test/unit/nppi/nppi_geometry_transforms/test_nppi_copyConstBorder.cpp:67&#x0A;Expected equality of these values:&#x0A;  dstData[dstIdx]&#x0A;    Which is: &apos;\0&apos;&#x0A;  borderValue&#x0A;    Which is: &apos;@&apos; (64, 0x40)&#x0A;Border value mismatch at (6,18)&#x0A;" type=""><![CDATA[/home/cjxu/npp/test/unit/nppi/nppi_geometry_transforms/test_nppi_copyConstBorder.cpp:67
Expected equality of these values:
  dstData[dstIdx]
    Which is: '\0'
  borderValue
    Which is: '@' (64, 0x40)
Border value mismatch at (6,18)
]]></failure>
      <failure message="/home/cjxu/npp/test/unit/nppi/nppi_geometry_transforms/test_nppi_copyConstBorder.cpp:67&#x0A;Expected equality of these values:&#x0A;  dstData[dstIdx]&#x0A;    Which is: &apos;\0&apos;&#x0A;  borderValue&#x0A;    Which is: &apos;@&apos; (64, 0x40)&#x0A;Border value mismatch at (7,18)&#x0A;" type=""><![CDATA[/home/cjxu/npp/test/unit/nppi/nppi_geometry_transforms/test_nppi_copyConstBorder.cpp:67
Expected equality of these values:
  dstData[dstIdx]
    Which is: '\0'
  borderValue
    Which is: '@' (64, 0x40)
Border value mismatch at (7,18)
]]></failure>
      <failure message="/home/cjxu/npp/test/unit/nppi/nppi_geometry_transforms/test_nppi_copyConstBorder.cpp:67&#x0A;Expected equality of these values:&#x0A;  dstData[dstIdx]&#x0A;    Which is: &apos;\0&apos;&#x0A;  borderValue&#x0A;    Which is: &apos;@&apos; (64, 0x40)&#x0A;Border value mismatch at (8,18)&#x0A;" type=""><![CDATA[/home/cjxu/npp/test/unit/nppi/nppi_geometry_transforms/test_nppi_copyConstBorder.cpp:67
Expected equality of these values:
  dstData[dstIdx]
    Which is: '\0'
  borderValue
    Which is: '@' (64, 0x40)
Border value mismatch at (8,18)
]]></failure>
      <failure message="/home/cjxu/npp/test/unit/nppi/nppi_geometry_transforms/test_nppi_copyConstBorder.cpp:67&#x0A;Expected equality of these values:&#x0A;  dstData[dstIdx]&#x0A;    Which is: &apos;\0&apos;&#x0A;  borderValue&#x0A;    Which is: &apos;@&apos; (64, 0x40)&#x0A;Border value mismatch at (9,18)&#x0A;" type=""><![CDATA[/home/cjxu/npp/test/unit/nppi/nppi_geometry_transforms/test_nppi_copyConstBorder.cpp:67
Expected equality of these values:
  dstData[dstIdx]
    Which is: '\0'
  borderValue
    Which is: '@' (64, 0x40)
Border value mismatch at (9,18)
]]></failure>
      <failure message="/home/cjxu/npp/test/unit/nppi/nppi_geometry_transforms/test_nppi_copyConstBorder.cpp:67&#x0A;Expected equality of these values:&#x0A;  dstData[dstIdx]&#x0A;    Which is: &apos;\0&apos;&#x0A;  borderValue&#x0A;    Which is: &apos;@&apos; (64, 0x40)&#x0A;Border value mismatch at (10,18)&#x0A;" type=""><![CDATA[/home/cjxu/npp/test/unit/nppi/nppi_geometry_transforms/test_nppi_copyConstBorder.cpp:67
Expected equality of these values:
  dstData[dstIdx]
    Which is: '\0'
  borderValue
    Which is: '@' (64, 0x40)
Border value mismatch at (10,18)
]]></failure>
      <failure message="/home/cjxu/npp/test/unit/nppi/nppi_geometry_transforms/test_nppi_copyConstBorder.cpp:67&#x0A;Expected equality of these values:&#x0A;  dstData[dstIdx]&#x0A;    Which is: &apos;\0&apos;&#x0A;  borderValue&#x0A;    Which is: &apos;@&apos; (64, 0x40)&#x0A;Border value mismatch at (11,18)&#x0A;" type=""><![CDATA[/home/cjxu/npp/test/unit/nppi/nppi_geometry_transforms/test_nppi_copyConstBorder.cpp:67
Expected equality of these values:
  dstData[dstIdx]
    Which is: '\0'
  borderValue
    Which is: '@' (64, 0x40)
Border value mismatch at (11,18)
]]></failure>
      <failure message="/home/cjxu/npp/test/unit/nppi/nppi_geometry_transforms/test_nppi_copyConstBorder.cpp:67&#x0A;Expected equality of these values:&#x0A;  dstData[dstIdx]&#x0A;    Which is: &apos;\0&apos;&#x0A;  borderValue&#x0A;    Which is: &apos;@&apos; (64, 0x40)&#x0A;Border value mismatch at (12,18)&#x0A;" type=""><![CDATA[/home/cjxu/npp/test/unit/nppi/nppi_geometry_transforms/test_nppi_copyConstBorder.cpp:67
Expected equality of these values:
  dstData[dstIdx]
    Which is: '\0'
  borderValue
    Which is: '@' (64, 0x40)
Border value mismatch at (12,18)
]]></failure>
      <failure message="/home/cjxu/npp/test/unit/nppi/nppi_geometry_transforms/test_nppi_copyConstBorder.cpp:67&#x0A;Expected equality of these values:&#x0A;  dstData[dstIdx]&#x0A;    Which is: &apos;\0&apos;&#x0A;  borderValue&#x0A;    Which is: &apos;@&apos; (64, 0x40)&#x0A;Border value mismatch at (13,18)&#x0A;" type=""><![CDATA[/home/cjxu/npp/test/unit/nppi/nppi_geometry_transforms/test_nppi_copyConstBorder.cpp:67
Expected equality of these values:
  dstData[dstIdx]
    Which is: '\0'
  borderValue
    Which is: '@' (64, 0x40)
Border value mismatch at (13,18)
]]></failure>
      <failure message="/home/cjxu/npp/test/unit/nppi/nppi_geometry_transforms/test_nppi_copyConstBorder.cpp:67&#x0A;Expected equality of these values:&#x0A;  dstData[dstIdx]&#x0A;    Which is: &apos;\0&apos;&#x0A;  borderValue&#x0A;    Which is: &apos;@&apos; (64, 0x40)&#x0A;Border value mismatch at (14,18)&#x0A;" type=""><![CDATA[/home/cjxu/npp/test/unit/nppi/nppi_geometry_transforms/test_nppi_copyConstBorder.cpp:67
Expected equality of these values:
  dstData[dstIdx]
    Which is: '\0'
  borderValue
    Which is: '@' (64, 0x40)
Border value mismatch at (14,18)
]]></failure>
      <failure message="/home/cjxu/npp/test/unit/nppi/nppi_geometry_transforms/test_nppi_copyConstBorder.cpp:67&#x0A;Expected equality of these values:&#x0A;  dstData[dstIdx]&#x0A;    Which is: &apos;\0&apos;&#x0A;  borderValue&#x0A;    Which is: &apos;@&apos; (64, 0x40)&#x0A;Border value mismatch at (15,18)&#x0A;" type=""><![CDATA[/home/cjxu/npp/test/unit/nppi/nppi_geometry_transforms/test_nppi_copyConstBorder.cpp:67
Expected equality of these values:
  dstData[dstIdx]
    Which is: '\0'
  borderValue
    Which is: '@' (64, 0x40)
Border value mismatch at (15,18)
]]></failure>
      <failure message="/home/cjxu/npp/test/unit/nppi/nppi_geometry_transforms/test_nppi_copyConstBorder.cpp:67&#x0A;Expected equality of these values:&#x0A;  dstData[dstIdx]&#x0A;    Which is: &apos;\0&apos;&#x0A;  borderValue&#x0A;    Which is: &apos;@&apos; (64, 0x40)&#x0A;Border value mismatch at (16,18)&#x0A;" type=""><![CDATA[/home/cjxu/npp/test/unit/nppi/nppi_geometry_transforms/test_nppi_copyConstBorder.cpp:67
Expected equality of these values:
  dstData[dstIdx]
    Which is: '\0'
  borderValue
    Which is: '@' (64, 0x40)
Border value mismatch at (16,18)
]]></failure>
      <failure message="/home/cjxu/npp/test/unit/nppi/nppi_geometry_transforms/test_nppi_copyConstBorder.cpp:67&#x0A;Expected equality of these values:&#x0A;  dstData[dstIdx]&#x0A;    Which is: &apos;\0&apos;&#x0A;  borderValue&#x0A;    Which is: &apos;@&apos; (64, 0x40)&#x0A;Border value mismatch at (17,18)&#x0A;" type=""><![CDATA[/home/cjxu/npp/test/unit/nppi/nppi_geometry_transforms/test_nppi_copyConstBorder.cpp:67
Expected equality of these values:
  dstData[dstIdx]
    Which is: '\0'
  borderValue
    Which is: '@' (64, 0x40)
Border value mismatch at (17,18)
]]></failure>
      <failure message="/home/cjxu/npp/test/unit/nppi/nppi_geometry_transforms/test_nppi_copyConstBorder.cpp:67&#x0A;Expected equality of these values:&#x0A;  dstData[dstIdx]&#x0A;    Which is: &apos;\0&apos;&#x0A;  borderValue&#x0A;    Which is: &apos;@&apos; (64, 0x40)&#x0A;Border value mismatch at (18,18)&#x0A;" type=""><![CDATA[/home/cjxu/npp/test/unit/nppi/nppi_geometry_transforms/test_nppi_copyConstBorder.cpp:67
Expected equality of these values:
  dstData[dstIdx]
    Which is: '\0'
  borderValue
    Which is: '@' (64, 0x40)
Border value mismatch at (18,18)
]]></failure>
      <failure message="/home/cjxu/npp/test/unit/nppi/nppi_geometry_transforms/test_nppi_copyConstBorder.cpp:67&#x0A;Expected equality of these values:&#x0A;  dstData[dstIdx]&#x0A;    Which is: &apos;\0&apos;&#x0A;  borderValue&#x0A;    Which is: &apos;@&apos; (64, 0x40)&#x0A;Border value mismatch at (19,18)&#x0A;" type=""><![CDATA[/home/cjxu/npp/test/unit/nppi/nppi_geometry_transforms/test_nppi_copyConstBorder.cpp:67
Expected equality of these values:
  dstData[dstIdx]
    Which is: '\0'
  borderValue
    Which is: '@' (64, 0x40)
Border value mismatch at (19,18)
]]></failure>
      <failure message="/home/cjxu/npp/test/unit/nppi/nppi_geometry_transforms/test_nppi_copyConstBorder.cpp:67&#x0A;Expected equality of these values:&#x0A;  dstData[dstIdx]&#x0A;    Which is: &apos;\0&apos;&#x0A;  borderValue&#x0A;    Which is: &apos;@&apos; (64, 0x40)&#x0A;Border value mismatch at (20,18)&#x0A;" type=""><![CDATA[/home/cjxu/npp/test/unit/nppi/nppi_geometry_transforms/test_nppi_copyConstBorder.cpp:67
Expected equality of these values:
  dstData[dstIdx]
    Which is: '\0'
  borderValue
    Which is: '@' (64, 0x40)
Border value mismatch at (20,18)
]]></failure>
      <failure message="/home/cjxu/npp/test/unit/nppi/nppi_geometry_transforms/test_nppi_copyConstBorder.cpp:67&#x0A;Expected equality of these values:&#x0A;  dstData[dstIdx]&#x0A;    Which is: &apos;\0&apos;&#x0A;  borderValue&#x0A;    Which is: &apos;@&apos; (64, 0x40)&#x0A;Border value mismatch at (21,18)&#x0A;" type=""><![CDATA[/home/cjxu/npp/test/unit/nppi/nppi_geometry_transforms/test_nppi_copyConstBorder.cpp:67
Expected equality of these values:
  dstData[dstIdx]
    Which is: '\0'
  borderValue
    Which is: '@' (64, 0x40)
Border value mismatch at (21,18)
]]></failure>
      <failure message="/home/cjxu/npp/test/unit/nppi/nppi_geometry_transforms/test_nppi_copyConstBorder.cpp:67&#x0A;Expected equality of these values:&#x0A;  dstData[dstIdx]&#x0A;    Which is: &apos;\0&apos;&#x0A;  borderValue&#x0A;    Which is: &apos;@&apos; (64, 0x40)&#x0A;Border value mismatch at (22,18)&#x0A;" type=""><![CDATA[/home/cjxu/npp/test/unit/nppi/nppi_geometry_transforms/test_nppi_copyConstBorder.cpp:67
Expected equality of these values:
  dstData[dstIdx]
    Which is: '\0'
  borderValue
    Which is: '@' (64, 0x40)
Border value mismatch at (22,18)
]]></failure>
      <failure message="/home/cjxu/npp/test/unit/nppi/nppi_geometry_transforms/test_nppi_copyConstBorder.cpp:67&#x0A;Expected equality of these values:&#x0A;  dstData[dstIdx]&#x0A;    Which is: &apos;\0&apos;&#x0A;  borderValue&#x0A;    Which is: &apos;@&apos; (64, 0x40)&#x0A;Border value mismatch at (23,18)&#x0A;" type=""><![CDATA[/home/cjxu/npp/test/unit/nppi/nppi_geometry_transforms/test_nppi_copyConstBorder.cpp:67
Expected equality of these values:
  dstData[dstIdx]
    Which is: '\0'
  borderValue
    Which is: '@' (64, 0x40)
Border value mismatch at (23,18)
]]></failure>
      <failure message="/home/cjxu/npp/test/unit/nppi/nppi_geometry_transforms/test_nppi_copyConstBorder.cpp:67&#x0A;Expected equality of these values:&#x0A;  dstData[dstIdx]&#x0A;    Which is: &apos;\0&apos;&#x0A;  borderValue&#x0A;    Which is: &apos;@&apos; (64, 0x40)&#x0A;Border value mismatch at (0,19)&#x0A;" type=""><![CDATA[/home/cjxu/npp/test/unit/nppi/nppi_geometry_transforms/test_nppi_copyConstBorder.cpp:67
Expected equality of these values:
  dstData[dstIdx]
    Which is: '\0'
  borderValue
    Which is: '@' (64, 0x40)
Border value mismatch at (0,19)
]]></failure>
      <failure message="/home/cjxu/npp/test/unit/nppi/nppi_geometry_transforms/test_nppi_copyConstBorder.cpp:67&#x0A;Expected equality of these values:&#x0A;  dstData[dstIdx]&#x0A;    Which is: &apos;\0&apos;&#x0A;  borderValue&#x0A;    Which is: &apos;@&apos; (64, 0x40)&#x0A;Border value mismatch at (1,19)&#x0A;" type=""><![CDATA[/home/cjxu/npp/test/unit/nppi/nppi_geometry_transforms/test_nppi_copyConstBorder.cpp:67
Expected equality of these values:
  dstData[dstIdx]
    Which is: '\0'
  borderValue
    Which is: '@' (64, 0x40)
Border value mismatch at (1,19)
]]></failure>
      <failure message="/home/cjxu/npp/test/unit/nppi/nppi_geometry_transforms/test_nppi_copyConstBorder.cpp:67&#x0A;Expected equality of these values:&#x0A;  dstData[dstIdx]&#x0A;    Which is: &apos;\0&apos;&#x0A;  borderValue&#x0A;    Which is: &apos;@&apos; (64, 0x40)&#x0A;Border value mismatch at (2,19)&#x0A;" type=""><![CDATA[/home/cjxu/npp/test/unit/nppi/nppi_geometry_transforms/test_nppi_copyConstBorder.cpp:67
Expected equality of these values:
  dstData[dstIdx]
    Which is: '\0'
  borderValue
    Which is: '@' (64, 0x40)
Border value mismatch at (2,19)
]]></failure>
      <failure message="/home/cjxu/npp/test/unit/nppi/nppi_geometry_transforms/test_nppi_copyConstBorder.cpp:67&#x0A;Expected equality of these values:&#x0A;  dstData[dstIdx]&#x0A;    Which is: &apos;\0&apos;&#x0A;  borderValue&#x0A;    Which is: &apos;@&apos; (64, 0x40)&#x0A;Border value mismatch at (3,19)&#x0A;" type=""><![CDATA[/home/cjxu/npp/test/unit/nppi/nppi_geometry_transforms/test_nppi_copyConstBorder.cpp:67
Expected equality of these values:
  dstData[dstIdx]
    Which is: '\0'
  borderValue
    Which is: '@' (64, 0x40)
Border value mismatch at (3,19)
]]></failure>
      <failure message="/home/cjxu/npp/test/unit/nppi/nppi_geometry_transforms/test_nppi_copyConstBorder.cpp:67&#x0A;Expected equality of these values:&#x0A;  dstData[dstIdx]&#x0A;    Which is: &apos;\0&apos;&#x0A;  borderValue&#x0A;    Which is: &apos;@&apos; (64, 0x40)&#x0A;Border value mismatch at (4,19)&#x0A;" type=""><![CDATA[/home/cjxu/npp/test/unit/nppi/nppi_geometry_transforms/test_nppi_copyConstBorder.cpp:67
Expected equality of these values:
  dstData[dstIdx]
    Which is: '\0'
  borderValue
    Which is: '@' (64, 0x40)
Border value mismatch at (4,19)
]]></failure>
      <failure message="/home/cjxu/npp/test/unit/nppi/nppi_geometry_transforms/test_nppi_copyConstBorder.cpp:67&#x0A;Expected equality of these values:&#x0A;  dstData[dstIdx]&#x0A;    Which is: &apos;\0&apos;&#x0A;  borderValue&#x0A;    Which is: &apos;@&apos; (64, 0x40)&#x0A;Border value mismatch at (5,19)&#x0A;" type=""><![CDATA[/home/cjxu/npp/test/unit/nppi/nppi_geometry_transforms/test_nppi_copyConstBorder.cpp:67
Expected equality of these values:
  dstData[dstIdx]
    Which is: '\0'
  borderValue
    Which is: '@' (64, 0x40)
Border value mismatch at (5,19)
]]></failure>
      <failure message="/home/cjxu/npp/test/unit/nppi/nppi_geometry_transforms/test_nppi_copyConstBorder.cpp:67&#x0A;Expected equality of these values:&#x0A;  dstData[dstIdx]&#x0A;    Which is: &apos;\0&apos;&#x0A;  borderValue&#x0A;    Which is: &apos;@&apos; (64, 0x40)&#x0A;Border value mismatch at (6,19)&#x0A;" type=""><![CDATA[/home/cjxu/npp/test/unit/nppi/nppi_geometry_transforms/test_nppi_copyConstBorder.cpp:67
Expected equality of these values:
  dstData[dstIdx]
    Which is: '\0'
  borderValue
    Which is: '@' (64, 0x40)
Border value mismatch at (6,19)
]]></failure>
      <failure message="/home/cjxu/npp/test/unit/nppi/nppi_geometry_transforms/test_nppi_copyConstBorder.cpp:67&#x0A;Expected equality of these values:&#x0A;  dstData[dstIdx]&#x0A;    Which is: &apos;\0&apos;&#x0A;  borderValue&#x0A;    Which is: &apos;@&apos; (64, 0x40)&#x0A;Border value mismatch at (7,19)&#x0A;" type=""><![CDATA[/home/cjxu/npp/test/unit/nppi/nppi_geometry_transforms/test_nppi_copyConstBorder.cpp:67
Expected equality of these values:
  dstData[dstIdx]
    Which is: '\0'
  borderValue
    Which is: '@' (64, 0x40)
Border value mismatch at (7,19)
]]></failure>
      <failure message="/home/cjxu/npp/test/unit/nppi/nppi_geometry_transforms/test_nppi_copyConstBorder.cpp:67&#x0A;Expected equality of these values:&#x0A;  dstData[dstIdx]&#x0A;    Which is: &apos;\0&apos;&#x0A;  borderValue&#x0A;    Which is: &apos;@&apos; (64, 0x40)&#x0A;Border value mismatch at (8,19)&#x0A;" type=""><![CDATA[/home/cjxu/npp/test/unit/nppi/nppi_geometry_transforms/test_nppi_copyConstBorder.cpp:67
Expected equality of these values:
  dstData[dstIdx]
    Which is: '\0'
  borderValue
    Which is: '@' (64, 0x40)
Border value mismatch at (8,19)
]]></failure>
      <failure message="/home/cjxu/npp/test/unit/nppi/nppi_geometry_transforms/test_nppi_copyConstBorder.cpp:67&#x0A;Expected equality of these values:&#x0A;  dstData[dstIdx]&#x0A;    Which is: &apos;\0&apos;&#x0A;  borderValue&#x0A;    Which is: &apos;@&apos; (64, 0x40)&#x0A;Border value mismatch at (9,19)&#x0A;" type=""><![CDATA[/home/cjxu/npp/test/unit/nppi/nppi_geometry_transforms/test_nppi_copyConstBorder.cpp:67
Expected equality of these values:
  dstData[dstIdx]
    Which is: '\0'
  borderValue
    Which is: '@' (64, 0x40)
Border value mismatch at (9,19)
]]></failure>
      <failure message="/home/cjxu/npp/test/unit/nppi/nppi_geometry_transforms/test_nppi_copyConstBorder.cpp:67&#x0A;Expected equality of these values:&#x0A;  dstData[dstIdx]&#x0A;    Which is: &apos;\0&apos;&#x0A;  borderValue&#x0A;    Which is: &apos;@&apos; (64, 0x40)&#x0A;Border value mismatch at (10,19)&#x0A;" type=""><![CDATA[/home/cjxu/npp/test/unit/nppi/nppi_geometry_transforms/test_nppi_copyConstBorder.cpp:67
Expected equality of these values:
  dstData[dstIdx]
    Which is: '\0'
  borderValue
    Which is: '@' (64, 0x40)
Border value mismatch at (10,19)
]]></failure>
      <failure message="/home/cjxu/npp/test/unit/nppi/nppi_geometry_transforms/test_nppi_copyConstBorder.cpp:67&#x0A;Expected equality of these values:&#x0A;  dstData[dstIdx]&#x0A;    Which is: &apos;\0&apos;&#x0A;  borderValue&#x0A;    Which is: &apos;@&apos; (64, 0x40)&#x0A;Border value mismatch at (11,19)&#x0A;" type=""><![CDATA[/home/cjxu/npp/test/unit/nppi/nppi_geometry_transforms/test_nppi_copyConstBorder.cpp:67
Expected equality of these values:
  dstData[dstIdx]
    Which is: '\0'
  borderValue
    Which is: '@' (64, 0x40)
Border value mismatch at (11,19)
]]></failure>
      <failure message="/home/cjxu/npp/test/unit/nppi/nppi_geometry_transforms/test_nppi_copyConstBorder.cpp:67&#x0A;Expected equality of these values:&#x0A;  dstData[dstIdx]&#x0A;    Which is: &apos;\0&apos;&#x0A;  borderValue&#x0A;    Which is: &apos;@&apos; (64, 0x40)&#x0A;Border value mismatch at (12,19)&#x0A;" type=""><![CDATA[/home/cjxu/npp/test/unit/nppi/nppi_geometry_transforms/test_nppi_copyConstBorder.cpp:67
Expected equality of these values:
  dstData[dstIdx]
    Which is: '\0'
  borderValue
    Which is: '@' (64, 0x40)
Border value mismatch at (12,19)
]]></failure>
      <failure message="/home/cjxu/npp/test/unit/nppi/nppi_geometry_transforms/test_nppi_copyConstBorder.cpp:67&#x0A;Expected equality of these values:&#x0A;  dstData[dstIdx]&#x0A;    Which is: &apos;\0&apos;&#x0A;  borderValue&#x0A;    Which is: &apos;@&apos; (64, 0x40)&#x0A;Border value mismatch at (13,19)&#x0A;" type=""><![CDATA[/home/cjxu/npp/test/unit/nppi/nppi_geometry_transforms/test_nppi_copyConstBorder.cpp:67
Expected equality of these values:
  dstData[dstIdx]
    Which is: '\0'
  borderValue
    Which is: '@' (64, 0x40)
Border value mismatch at (13,19)
]]></failure>
      <failure message="/home/cjxu/npp/test/unit/nppi/nppi_geometry_transforms/test_nppi_copyConstBorder.cpp:67&#x0A;Expected equality of these values:&#x0A;  dstData[dstIdx]&#x0A;    Which is: &apos;\0&apos;&#x0A;  borderValue&#x0A;    Which is: &apos;@&apos; (64, 0x40)&#x0A;Border value mismatch at (14,19)&#x0A;" type=""><![CDATA[/home/cjxu/npp/test/unit/nppi/nppi_geometry_transforms/test_nppi_copyConstBorder.cpp:67
Expected equality of these values:
  dstData[dstIdx]
    Which is: '\0'
  borderValue
    Which is: '@' (64, 0x40)
Border value mismatch at (14,19)
]]></failure>
      <failure message="/home/cjxu/npp/test/unit/nppi/nppi_geometry_transforms/test_nppi_copyConstBorder.cpp:67&#x0A;Expected equality of these values:&#x0A;  dstData[dstIdx]&#x0A;    Which is: &apos;\0&apos;&#x0A;  borderValue&#x0A;    Which is: &apos;@&apos; (64, 0x40)&#x0A;Border value mismatch at (15,19)&#x0A;" type=""><![CDATA[/home/cjxu/npp/test/unit/nppi/nppi_geometry_transforms/test_nppi_copyConstBorder.cpp:67
Expected equality of these values:
  dstData[dstIdx]
    Which is: '\0'
  borderValue
    Which is: '@' (64, 0x40)
Border value mismatch at (15,19)
]]></failure>
      <failure message="/home/cjxu/npp/test/unit/nppi/nppi_geometry_transforms/test_nppi_copyConstBorder.cpp:67&#x0A;Expected equality of these values:&#x0A;  dstData[dstIdx]&#x0A;    Which is: &apos;\0&apos;&#x0A;  borderValue&#x0A;    Which is: &apos;@&apos; (64, 0x40)&#x0A;Border value mismatch at (16,19)&#x0A;" type=""><![CDATA[/home/cjxu/npp/test/unit/nppi/nppi_geometry_transforms/test_nppi_copyConstBorder.cpp:67
Expected equality of these values:
  dstData[dstIdx]
    Which is: '\0'
  borderValue
    Which is: '@' (64, 0x40)
Border value mismatch at (16,19)
]]></failure>
      <failure message="/home/cjxu/npp/test/unit/nppi/nppi_geometry_transforms/test_nppi_copyConstBorder.cpp:67&#x0A;Expected equality of these values:&#x0A;  dstData[dstIdx]&#x0A;    Which is: &apos;\0&apos;&#x0A;  borderValue&#x0A;    Which is: &apos;@&apos; (64, 0x40)&#x0A;Border value mismatch at (17,19)&#x0A;" type=""><![CDATA[/home/cjxu/npp/test/unit/nppi/nppi_geometry_transforms/test_nppi_copyConstBorder.cpp:67
Expected equality of these values:
  dstData[dstIdx]
    Which is: '\0'
  borderValue
    Which is: '@' (64, 0x40)
Border value mismatch at (17,19)
]]></failure>
      <failure message="/home/cjxu/npp/test/unit/nppi/nppi_geometry_transforms/test_nppi_copyConstBorder.cpp:67&#x0A;Expected equality of these values:&#x0A;  dstData[dstIdx]&#x0A;    Which is: &apos;\0&apos;&#x0A;  borderValue&#x0A;    Which is: &apos;@&apos; (64, 0x40)&#x0A;Border value mismatch at (18,19)&#x0A;" type=""><![CDATA[/home/cjxu/npp/test/unit/nppi/nppi_geometry_transforms/test_nppi_copyConstBorder.cpp:67
Expected equality of these values:
  dstData[dstIdx]
    Which is: '\0'
  borderValue
    Which is: '@' (64, 0x40)
Border value mismatch at (18,19)
]]></failure>
      <failure message="/home/cjxu/npp/test/unit/nppi/nppi_geometry_transforms/test_nppi_copyConstBorder.cpp:67&#x0A;Expected equality of these values:&#x0A;  dstData[dstIdx]&#x0A;    Which is: &apos;\0&apos;&#x0A;  borderValue&#x0A;    Which is: &apos;@&apos; (64, 0x40)&#x0A;Border value mismatch at (19,19)&#x0A;" type=""><![CDATA[/home/cjxu/npp/test/unit/nppi/nppi_geometry_transforms/test_nppi_copyConstBorder.cpp:67
Expected equality of these values:
  dstData[dstIdx]
    Which is: '\0'
  borderValue
    Which is: '@' (64, 0x40)
Border value mismatch at (19,19)
]]></failure>
      <failure message="/home/cjxu/npp/test/unit/nppi/nppi_geometry_transforms/test_nppi_copyConstBorder.cpp:67&#x0A;Expected equality of these values:&#x0A;  dstData[dstIdx]&#x0A;    Which is: &apos;\0&apos;&#x0A;  borderValue&#x0A;    Which is: &apos;@&apos; (64, 0x40)&#x0A;Border value mismatch at (20,19)&#x0A;" type=""><![CDATA[/home/cjxu/npp/test/unit/nppi/nppi_geometry_transforms/test_nppi_copyConstBorder.cpp:67
Expected equality of these values:
  dstData[dstIdx]
    Which is: '\0'
  borderValue
    Which is: '@' (64, 0x40)
Border value mismatch at (20,19)
]]></failure>
      <failure message="/home/cjxu/npp/test/unit/nppi/nppi_geometry_transforms/test_nppi_copyConstBorder.cpp:67&#x0A;Expected equality of these values:&#x0A;  dstData[dstIdx]&#x0A;    Which is: &apos;\0&apos;&#x0A;  borderValue&#x0A;    Which is: &apos;@&apos; (64, 0x40)&#x0A;Border value mismatch at (21,19)&#x0A;" type=""><![CDATA[/home/cjxu/npp/test/unit/nppi/nppi_geometry_transforms/test_nppi_copyConstBorder.cpp:67
Expected equality of these values:
  dstData[dstIdx]
    Which is: '\0'
  borderValue
    Which is: '@' (64, 0x40)
Border value mismatch at (21,19)
]]></failure>
      <failure message="/home/cjxu/npp/test/unit/nppi/nppi_geometry_transforms/test_nppi_copyConstBorder.cpp:67&#x0A;Expected equality of these values:&#x0A;  dstData[dstIdx]&#x0A;    Which is: &apos;\0&apos;&#x0A;  borderValue&#x0A;    Which is: &apos;@&apos; (64, 0x40)&#x0A;Border value mismatch at (22,19)&#x0A;" type=""><![CDATA[/home/cjxu/npp/test/unit/nppi/nppi_geometry_transforms/test_nppi_copyConstBorder.cpp:67
Expected equality of these values:
  dstData[dstIdx]
    Which is: '\0'
  borderValue
    Which is: '@' (64, 0x40)
Border value mismatch at (22,19)
]]></failure>
      <failure message="/home/cjxu/npp/test/unit/nppi/nppi_geometry_transforms/test_nppi_copyConstBorder.cpp:67&#x0A;Expected equality of these values:&#x0A;  dstData[dstIdx]&#x0A;    Which is: &apos;\0&apos;&#x0A;  borderValue&#x0A;    Which is: &apos;@&apos; (64, 0x40)&#x0A;Border value mismatch at (23,19)&#x0A;" type=""><![CDATA[/home/cjxu/npp/test/unit/nppi/nppi_geometry_transforms/test_nppi_copyConstBorder.cpp:67
Expected equality of these values:
  dstData[dstIdx]
    Which is: '\0'
  borderValue
    Which is: '@' (64, 0x40)
Border value mismatch at (23,19)
]]></failure>
      <failure message="/home/cjxu/npp/test/unit/nppi/nppi_geometry_transforms/test_nppi_copyConstBorder.cpp:67&#x0A;Expected equality of these values:&#x0A;  dstData[dstIdx]&#x0A;    Which is: &apos;\0&apos;&#x0A;  borderValue&#x0A;    Which is: &apos;@&apos; (64, 0x40)&#x0A;Border value mismatch at (0,20)&#x0A;" type=""><![CDATA[/home/cjxu/npp/test/unit/nppi/nppi_geometry_transforms/test_nppi_copyConstBorder.cpp:67
Expected equality of these values:
  dstData[dstIdx]
    Which is: '\0'
  borderValue
    Which is: '@' (64, 0x40)
Border value mismatch at (0,20)
]]></failure>
      <failure message="/home/cjxu/npp/test/unit/nppi/nppi_geometry_transforms/test_nppi_copyConstBorder.cpp:67&#x0A;Expected equality of these values:&#x0A;  dstData[dstIdx]&#x0A;    Which is: &apos;\0&apos;&#x0A;  borderValue&#x0A;    Which is: &apos;@&apos; (64, 0x40)&#x0A;Border value mismatch at (1,20)&#x0A;" type=""><![CDATA[/home/cjxu/npp/test/unit/nppi/nppi_geometry_transforms/test_nppi_copyConstBorder.cpp:67
Expected equality of these values:
  dstData[dstIdx]
    Which is: '\0'
  borderValue
    Which is: '@' (64, 0x40)
Border value mismatch at (1,20)
]]></failure>
      <failure message="/home/cjxu/npp/test/unit/nppi/nppi_geometry_transforms/test_nppi_copyConstBorder.cpp:67&#x0A;Expected equality of these values:&#x0A;  dstData[dstIdx]&#x0A;    Which is: &apos;\0&apos;&#x0A;  borderValue&#x0A;    Which is: &apos;@&apos; (64, 0x40)&#x0A;Border value mismatch at (2,20)&#x0A;" type=""><![CDATA[/home/cjxu/npp/test/unit/nppi/nppi_geometry_transforms/test_nppi_copyConstBorder.cpp:67
Expected equality of these values:
  dstData[dstIdx]
    Which is: '\0'
  borderValue
    Which is: '@' (64, 0x40)
Border value mismatch at (2,20)
]]></failure>
      <failure message="/home/cjxu/npp/test/unit/nppi/nppi_geometry_transforms/test_nppi_copyConstBorder.cpp:67&#x0A;Expected equality of these values:&#x0A;  dstData[dstIdx]&#x0A;    Which is: &apos;\0&apos;&#x0A;  borderValue&#x0A;    Which is: &apos;@&apos; (64, 0x40)&#x0A;Border value mismatch at (3,20)&#x0A;" type=""><![CDATA[/home/cjxu/npp/test/unit/nppi/nppi_geometry_transforms/test_nppi_copyConstBorder.cpp:67
Expected equality of these values:
  dstData[dstIdx]
    Which is: '\0'
  borderValue
    Which is: '@' (64, 0x40)
Border value mismatch at (3,20)
]]></failure>
      <failure message="/home/cjxu/npp/test/unit/nppi/nppi_geometry_transforms/test_nppi_copyConstBorder.cpp:67&#x0A;Expected equality of these values:&#x0A;  dstData[dstIdx]&#x0A;    Which is: &apos;\0&apos;&#x0A;  borderValue&#x0A;    Which is: &apos;@&apos; (64, 0x40)&#x0A;Border value mismatch at (4,20)&#x0A;" type=""><![CDATA[/home/cjxu/npp/test/unit/nppi/nppi_geometry_transforms/test_nppi_copyConstBorder.cpp:67
Expected equality of these values:
  dstData[dstIdx]
    Which is: '\0'
  borderValue
    Which is: '@' (64, 0x40)
Border value mismatch at (4,20)
]]></failure>
      <failure message="/home/cjxu/npp/test/unit/nppi/nppi_geometry_transforms/test_nppi_copyConstBorder.cpp:67&#x0A;Expected equality of these values:&#x0A;  dstData[dstIdx]&#x0A;    Which is: &apos;\0&apos;&#x0A;  borderValue&#x0A;    Which is: &apos;@&apos; (64, 0x40)&#x0A;Border value mismatch at (5,20)&#x0A;" type=""><![CDATA[/home/cjxu/npp/test/unit/nppi/nppi_geometry_transforms/test_nppi_copyConstBorder.cpp:67
Expected equality of these values:
  dstData[dstIdx]
    Which is: '\0'
  borderValue
    Which is: '@' (64, 0x40)
Border value mismatch at (5,20)
]]></failure>
      <failure message="/home/cjxu/npp/test/unit/nppi/nppi_geometry_transforms/test_nppi_copyConstBorder.cpp:67&#x0A;Expected equality of these values:&#x0A;  dstData[dstIdx]&#x0A;    Which is: &apos;\0&apos;&#x0A;  borderValue&#x0A;    Which is: &apos;@&apos; (64, 0x40)&#x0A;Border value mismatch at (6,20)&#x0A;" type=""><![CDATA[/home/cjxu/npp/test/unit/nppi/nppi_geometry_transforms/test_nppi_copyConstBorder.cpp:67
Expected equality of these values:
  dstData[dstIdx]
    Which is: '\0'
  borderValue
    Which is: '@' (64, 0x40)
Border value mismatch at (6,20)
]]></failure>
      <failure message="/home/cjxu/npp/test/unit/nppi/nppi_geometry_transforms/test_nppi_copyConstBorder.cpp:67&#x0A;Expected equality of these values:&#x0A;  dstData[dstIdx]&#x0A;    Which is: &apos;\0&apos;&#x0A;  borderValue&#x0A;    Which is: &apos;@&apos; (64, 0x40)&#x0A;Border value mismatch at (7,20)&#x0A;" type=""><![CDATA[/home/cjxu/npp/test/unit/nppi/nppi_geometry_transforms/test_nppi_copyConstBorder.cpp:67
Expected equality of these values:
  dstData[dstIdx]
    Which is: '\0'
  borderValue
    Which is: '@' (64, 0x40)
Border value mismatch at (7,20)
]]></failure>
      <failure message="/home/cjxu/npp/test/unit/nppi/nppi_geometry_transforms/test_nppi_copyConstBorder.cpp:67&#x0A;Expected equality of these values:&#x0A;  dstData[dstIdx]&#x0A;    Which is: &apos;\0&apos;&#x0A;  borderValue&#x0A;    Which is: &apos;@&apos; (64, 0x40)&#x0A;Border value mismatch at (8,20)&#x0A;" type=""><![CDATA[/home/cjxu/npp/test/unit/nppi/nppi_geometry_transforms/test_nppi_copyConstBorder.cpp:67
Expected equality of these values:
  dstData[dstIdx]
    Which is: '\0'
  borderValue
    Which is: '@' (64, 0x40)
Border value mismatch at (8,20)
]]></failure>
      <failure message="/home/cjxu/npp/test/unit/nppi/nppi_geometry_transforms/test_nppi_copyConstBorder.cpp:67&#x0A;Expected equality of these values:&#x0A;  dstData[dstIdx]&#x0A;    Which is: &apos;\0&apos;&#x0A;  borderValue&#x0A;    Which is: &apos;@&apos; (64, 0x40)&#x0A;Border value mismatch at (9,20)&#x0A;" type=""><![CDATA[/home/cjxu/npp/test/unit/nppi/nppi_geometry_transforms/test_nppi_copyConstBorder.cpp:67
Expected equality of these values:
  dstData[dstIdx]
    Which is: '\0'
  borderValue
    Which is: '@' (64, 0x40)
Border value mismatch at (9,20)
]]></failure>
      <failure message="/home/cjxu/npp/test/unit/nppi/nppi_geometry_transforms/test_nppi_copyConstBorder.cpp:67&#x0A;Expected equality of these values:&#x0A;  dstData[dstIdx]&#x0A;    Which is: &apos;\0&apos;&#x0A;  borderValue&#x0A;    Which is: &apos;@&apos; (64, 0x40)&#x0A;Border value mismatch at (10,20)&#x0A;" type=""><![CDATA[/home/cjxu/npp/test/unit/nppi/nppi_geometry_transforms/test_nppi_copyConstBorder.cpp:67
Expected equality of these values:
  dstData[dstIdx]
    Which is: '\0'
  borderValue
    Which is: '@' (64, 0x40)
Border value mismatch at (10,20)
]]></failure>
      <failure message="/home/cjxu/npp/test/unit/nppi/nppi_geometry_transforms/test_nppi_copyConstBorder.cpp:67&#x0A;Expected equality of these values:&#x0A;  dstData[dstIdx]&#x0A;    Which is: &apos;\0&apos;&#x0A;  borderValue&#x0A;    Which is: &apos;@&apos; (64, 0x40)&#x0A;Border value mismatch at (11,20)&#x0A;" type=""><![CDATA[/home/cjxu/npp/test/unit/nppi/nppi_geometry_transforms/test_nppi_copyConstBorder.cpp:67
Expected equality of these values:
  dstData[dstIdx]
    Which is: '\0'
  borderValue
    Which is: '@' (64, 0x40)
Border value mismatch at (11,20)
]]></failure>
      <failure message="/home/cjxu/npp/test/unit/nppi/nppi_geometry_transforms/test_nppi_copyConstBorder.cpp:67&#x0A;Expected equality of these values:&#x0A;  dstData[dstIdx]&#x0A;    Which is: &apos;\0&apos;&#x0A;  borderValue&#x0A;    Which is: &apos;@&apos; (64, 0x40)&#x0A;Border value mismatch at (12,20)&#x0A;" type=""><![CDATA[/home/cjxu/npp/test/unit/nppi/nppi_geometry_transforms/test_nppi_copyConstBorder.cpp:67
Expected equality of these values:
  dstData[dstIdx]
    Which is: '\0'
  borderValue
    Which is: '@' (64, 0x40)
Border value mismatch at (12,20)
]]></failure>
      <failure message="/home/cjxu/npp/test/unit/nppi/nppi_geometry_transforms/test_nppi_copyConstBorder.cpp:67&#x0A;Expected equality of these values:&#x0A;  dstData[dstIdx]&#x0A;    Which is: &apos;\0&apos;&#x0A;  borderValue&#x0A;    Which is: &apos;@&apos; (64, 0x40)&#x0A;Border value mismatch at (13,20)&#x0A;" type=""><![CDATA[/home/cjxu/npp/test/unit/nppi/nppi_geometry_transforms/test_nppi_copyConstBorder.cpp:67
Expected equality of these values:
  dstData[dstIdx]
    Which is: '\0'
  borderValue
    Which is: '@' (64, 0x40)
Border value mismatch at (13,20)
]]></failure>
      <failure message="/home/cjxu/npp/test/unit/nppi/nppi_geometry_transforms/test_nppi_copyConstBorder.cpp:67&#x0A;Expected equality of these values:&#x0A;  dstData[dstIdx]&#x0A;    Which is: &apos;\0&apos;&#x0A;  borderValue&#x0A;    Which is: &apos;@&apos; (64, 0x40)&#x0A;Border value mismatch at (14,20)&#x0A;" type=""><![CDATA[/home/cjxu/npp/test/unit/nppi/nppi_geometry_transforms/test_nppi_copyConstBorder.cpp:67
Expected equality of these values:
  dstData[dstIdx]
    Which is: '\0'
  borderValue
    Which is: '@' (64, 0x40)
Border value mismatch at (14,20)
]]></failure>
      <failure message="/home/cjxu/npp/test/unit/nppi/nppi_geometry_transforms/test_nppi_copyConstBorder.cpp:67&#x0A;Expected equality of these values:&#x0A;  dstData[dstIdx]&#x0A;    Which is: &apos;\0&apos;&#x0A;  borderValue&#x0A;    Which is: &apos;@&apos; (64, 0x40)&#x0A;Border value mismatch at (15,20)&#x0A;" type=""><![CDATA[/home/cjxu/npp/test/unit/nppi/nppi_geometry_transforms/test_nppi_copyConstBorder.cpp:67
Expected equality of these values:
  dstData[dstIdx]
    Which is: '\0'
  borderValue
    Which is: '@' (64, 0x40)
Border value mismatch at (15,20)
]]></failure>
      <failure message="/home/cjxu/npp/test/unit/nppi/nppi_geometry_transforms/test_nppi_copyConstBorder.cpp:67&#x0A;Expected equality of these values:&#x0A;  dstData[dstIdx]&#x0A;    Which is: &apos;\0&apos;&#x0A;  borderValue&#x0A;    Which is: &apos;@&apos; (64, 0x40)&#x0A;Border value mismatch at (16,20)&#x0A;" type=""><![CDATA[/home/cjxu/npp/test/unit/nppi/nppi_geometry_transforms/test_nppi_copyConstBorder.cpp:67
Expected equality of these values:
  dstData[dstIdx]
    Which is: '\0'
  borderValue
    Which is: '@' (64, 0x40)
Border value mismatch at (16,20)
]]></failure>
      <failure message="/home/cjxu/npp/test/unit/nppi/nppi_geometry_transforms/test_nppi_copyConstBorder.cpp:67&#x0A;Expected equality of these values:&#x0A;  dstData[dstIdx]&#x0A;    Which is: &apos;\0&apos;&#x0A;  borderValue&#x0A;    Which is: &apos;@&apos; (64, 0x40)&#x0A;Border value mismatch at (17,20)&#x0A;" type=""><![CDATA[/home/cjxu/npp/test/unit/nppi/nppi_geometry_transforms/test_nppi_copyConstBorder.cpp:67
Expected equality of these values:
  dstData[dstIdx]
    Which is: '\0'
  borderValue
    Which is: '@' (64, 0x40)
Border value mismatch at (17,20)
]]></failure>
      <failure message="/home/cjxu/npp/test/unit/nppi/nppi_geometry_transforms/test_nppi_copyConstBorder.cpp:67&#x0A;Expected equality of these values:&#x0A;  dstData[dstIdx]&#x0A;    Which is: &apos;\0&apos;&#x0A;  borderValue&#x0A;    Which is: &apos;@&apos; (64, 0x40)&#x0A;Border value mismatch at (18,20)&#x0A;" type=""><![CDATA[/home/cjxu/npp/test/unit/nppi/nppi_geometry_transforms/test_nppi_copyConstBorder.cpp:67
Expected equality of these values:
  dstData[dstIdx]
    Which is: '\0'
  borderValue
    Which is: '@' (64, 0x40)
Border value mismatch at (18,20)
]]></failure>
      <failure message="/home/cjxu/npp/test/unit/nppi/nppi_geometry_transforms/test_nppi_copyConstBorder.cpp:67&#x0A;Expected equality of these values:&#x0A;  dstData[dstIdx]&#x0A;    Which is: &apos;\0&apos;&#x0A;  borderValue&#x0A;    Which is: &apos;@&apos; (64, 0x40)&#x0A;Border value mismatch at (19,20)&#x0A;" type=""><![CDATA[/home/cjxu/npp/test/unit/nppi/nppi_geometry_transforms/test_nppi_copyConstBorder.cpp:67
Expected equality of these values:
  dstData[dstIdx]
    Which is: '\0'
  borderValue
    Which is: '@' (64, 0x40)
Border value mismatch at (19,20)
]]></failure>
      <failure message="/home/cjxu/npp/test/unit/nppi/nppi_geometry_transforms/test_nppi_copyConstBorder.cpp:67&#x0A;Expected equality of these values:&#x0A;  dstData[dstIdx]&#x0A;    Which is: &apos;\0&apos;&#x0A;  borderValue&#x0A;    Which is: &apos;@&apos; (64, 0x40)&#x0A;Border value mismatch at (20,20)&#x0A;" type=""><![CDATA[/home/cjxu/npp/test/unit/nppi/nppi_geometry_transforms/test_nppi_copyConstBorder.cpp:67
Expected equality of these values:
  dstData[dstIdx]
    Which is: '\0'
  borderValue
    Which is: '@' (64, 0x40)
Border value mismatch at (20,20)
]]></failure>
      <failure message="/home/cjxu/npp/test/unit/nppi/nppi_geometry_transforms/test_nppi_copyConstBorder.cpp:67&#x0A;Expected equality of these values:&#x0A;  dstData[dstIdx]&#x0A;    Which is: &apos;\0&apos;&#x0A;  borderValue&#x0A;    Which is: &apos;@&apos; (64, 0x40)&#x0A;Border value mismatch at (21,20)&#x0A;" type=""><![CDATA[/home/cjxu/npp/test/unit/nppi/nppi_geometry_transforms/test_nppi_copyConstBorder.cpp:67
Expected equality of these values:
  dstData[dstIdx]
    Which is: '\0'
  borderValue
    Which is: '@' (64, 0x40)
Border value mismatch at (21,20)
]]></failure>
      <failure message="/home/cjxu/npp/test/unit/nppi/nppi_geometry_transforms/test_nppi_copyConstBorder.cpp:67&#x0A;Expected equality of these values:&#x0A;  dstData[dstIdx]&#x0A;    Which is: &apos;\0&apos;&#x0A;  borderValue&#x0A;    Which is: &apos;@&apos; (64, 0x40)&#x0A;Border value mismatch at (22,20)&#x0A;" type=""><![CDATA[/home/cjxu/npp/test/unit/nppi/nppi_geometry_transforms/test_nppi_copyConstBorder.cpp:67
Expected equality of these values:
  dstData[dstIdx]
    Which is: '\0'
  borderValue
    Which is: '@' (64, 0x40)
Border value mismatch at (22,20)
]]></failure>
      <failure message="/home/cjxu/npp/test/unit/nppi/nppi_geometry_transforms/test_nppi_copyConstBorder.cpp:67&#x0A;Expected equality of these values:&#x0A;  dstData[dstIdx]&#x0A;    Which is: &apos;\0&apos;&#x0A;  borderValue&#x0A;    Which is: &apos;@&apos; (64, 0x40)&#x0A;Border value mismatch at (23,20)&#x0A;" type=""><![CDATA[/home/cjxu/npp/test/unit/nppi/nppi_geometry_transforms/test_nppi_copyConstBorder.cpp:67
Expected equality of these values:
  dstData[dstIdx]
    Which is: '\0'
  borderValue
    Which is: '@' (64, 0x40)
Border value mismatch at (23,20)
]]></failure>
      <failure message="/home/cjxu/npp/test/unit/nppi/nppi_geometry_transforms/test_nppi_copyConstBorder.cpp:67&#x0A;Expected equality of these values:&#x0A;  dstData[dstIdx]&#x0A;    Which is: &apos;\0&apos;&#x0A;  borderValue&#x0A;    Which is: &apos;@&apos; (64, 0x40)&#x0A;Border value mismatch at (0,21)&#x0A;" type=""><![CDATA[/home/cjxu/npp/test/unit/nppi/nppi_geometry_transforms/test_nppi_copyConstBorder.cpp:67
Expected equality of these values:
  dstData[dstIdx]
    Which is: '\0'
  borderValue
    Which is: '@' (64, 0x40)
Border value mismatch at (0,21)
]]></failure>
      <failure message="/home/cjxu/npp/test/unit/nppi/nppi_geometry_transforms/test_nppi_copyConstBorder.cpp:67&#x0A;Expected equality of these values:&#x0A;  dstData[dstIdx]&#x0A;    Which is: &apos;\0&apos;&#x0A;  borderValue&#x0A;    Which is: &apos;@&apos; (64, 0x40)&#x0A;Border value mismatch at (1,21)&#x0A;" type=""><![CDATA[/home/cjxu/npp/test/unit/nppi/nppi_geometry_transforms/test_nppi_copyConstBorder.cpp:67
Expected equality of these values:
  dstData[dstIdx]
    Which is: '\0'
  borderValue
    Which is: '@' (64, 0x40)
Border value mismatch at (1,21)
]]></failure>
      <failure message="/home/cjxu/npp/test/unit/nppi/nppi_geometry_transforms/test_nppi_copyConstBorder.cpp:67&#x0A;Expected equality of these values:&#x0A;  dstData[dstIdx]&#x0A;    Which is: &apos;\0&apos;&#x0A;  borderValue&#x0A;    Which is: &apos;@&apos; (64, 0x40)&#x0A;Border value mismatch at (2,21)&#x0A;" type=""><![CDATA[/home/cjxu/npp/test/unit/nppi/nppi_geometry_transforms/test_nppi_copyConstBorder.cpp:67
Expected equality of these values:
  dstData[dstIdx]
    Which is: '\0'
  borderValue
    Which is: '@' (64, 0x40)
Border value mismatch at (2,21)
]]></failure>
      <failure message="/home/cjxu/npp/test/unit/nppi/nppi_geometry_transforms/test_nppi_copyConstBorder.cpp:67&#x0A;Expected equality of these values:&#x0A;  dstData[dstIdx]&#x0A;    Which is: &apos;\0&apos;&#x0A;  borderValue&#x0A;    Which is: &apos;@&apos; (64, 0x40)&#x0A;Border value mismatch at (3,21)&#x0A;" type=""><![CDATA[/home/cjxu/npp/test/unit/nppi/nppi_geometry_transforms/test_nppi_copyConstBorder.cpp:67
Expected equality of these values:
  dstData[dstIdx]
    Which is: '\0'
  borderValue
    Which is: '@' (64, 0x40)
Border value mismatch at (3,21)
]]></failure>
      <failure message="/home/cjxu/npp/test/unit/nppi/nppi_geometry_transforms/test_nppi_copyConstBorder.cpp:67&#x0A;Expected equality of these values:&#x0A;  dstData[dstIdx]&#x0A;    Which is: &apos;\0&apos;&#x0A;  borderValue&#x0A;    Which is: &apos;@&apos; (64, 0x40)&#x0A;Border value mismatch at (4,21)&#x0A;" type=""><![CDATA[/home/cjxu/npp/test/unit/nppi/nppi_geometry_transforms/test_nppi_copyConstBorder.cpp:67
Expected equality of these values:
  dstData[dstIdx]
    Which is: '\0'
  borderValue
    Which is: '@' (64, 0x40)
Border value mismatch at (4,21)
]]></failure>
      <failure message="/home/cjxu/npp/test/unit/nppi/nppi_geometry_transforms/test_nppi_copyConstBorder.cpp:67&#x0A;Expected equality of these values:&#x0A;  dstData[dstIdx]&#x0A;    Which is: &apos;\0&apos;&#x0A;  borderValue&#x0A;    Which is: &apos;@&apos; (64, 0x40)&#x0A;Border value mismatch at (5,21)&#x0A;" type=""><![CDATA[/home/cjxu/npp/test/unit/nppi/nppi_geometry_transforms/test_nppi_copyConstBorder.cpp:67
Expected equality of these values:
  dstData[dstIdx]
    Which is: '\0'
  borderValue
    Which is: '@' (64, 0x40)
Border value mismatch at (5,21)
]]></failure>
      <failure message="/home/cjxu/npp/test/unit/nppi/nppi_geometry_transforms/test_nppi_copyConstBorder.cpp:67&#x0A;Expected equality of these values:&#x0A;  dstData[dstIdx]&#x0A;    Which is: &apos;\0&apos;&#x0A;  borderValue&#x0A;    Which is: &apos;@&apos; (64, 0x40)&#x0A;Border value mismatch at (6,21)&#x0A;" type=""><![CDATA[/home/cjxu/npp/test/unit/nppi/nppi_geometry_transforms/test_nppi_copyConstBorder.cpp:67
Expected equality of these values:
  dstData[dstIdx]
    Which is: '\0'
  borderValue
    Which is: '@' (64, 0x40)
Border value mismatch at (6,21)
]]></failure>
      <failure message="/home/cjxu/npp/test/unit/nppi/nppi_geometry_transforms/test_nppi_copyConstBorder.cpp:67&#x0A;Expected equality of these values:&#x0A;  dstData[dstIdx]&#x0A;    Which is: &apos;\0&apos;&#x0A;  borderValue&#x0A;    Which is: &apos;@&apos; (64, 0x40)&#x0A;Border value mismatch at (7,21)&#x0A;" type=""><![CDATA[/home/cjxu/npp/test/unit/nppi/nppi_geometry_transforms/test_nppi_copyConstBorder.cpp:67
Expected equality of these values:
  dstData[dstIdx]
    Which is: '\0'
  borderValue
    Which is: '@' (64, 0x40)
Border value mismatch at (7,21)
]]></failure>
      <failure message="/home/cjxu/npp/test/unit/nppi/nppi_geometry_transforms/test_nppi_copyConstBorder.cpp:67&#x0A;Expected equality of these values:&#x0A;  dstData[dstIdx]&#x0A;    Which is: &apos;\0&apos;&#x0A;  borderValue&#x0A;    Which is: &apos;@&apos; (64, 0x40)&#x0A;Border value mismatch at (8,21)&#x0A;" type=""><![CDATA[/home/cjxu/npp/test/unit/nppi/nppi_geometry_transforms/test_nppi_copyConstBorder.cpp:67
Expected equality of these values:
  dstData[dstIdx]
    Which is: '\0'
  borderValue
    Which is: '@' (64, 0x40)
Border value mismatch at (8,21)
]]></failure>
      <failure message="/home/cjxu/npp/test/unit/nppi/nppi_geometry_transforms/test_nppi_copyConstBorder.cpp:67&#x0A;Expected equality of these values:&#x0A;  dstData[dstIdx]&#x0A;    Which is: &apos;\0&apos;&#x0A;  borderValue&#x0A;    Which is: &apos;@&apos; (64, 0x40)&#x0A;Border value mismatch at (9,21)&#x0A;" type=""><![CDATA[/home/cjxu/npp/test/unit/nppi/nppi_geometry_transforms/test_nppi_copyConstBorder.cpp:67
Expected equality of these values:
  dstData[dstIdx]
    Which is: '\0'
  borderValue
    Which is: '@' (64, 0x40)
Border value mismatch at (9,21)
]]></failure>
      <failure message="/home/cjxu/npp/test/unit/nppi/nppi_geometry_transforms/test_nppi_copyConstBorder.cpp:67&#x0A;Expected equality of these values:&#x0A;  dstData[dstIdx]&#x0A;    Which is: &apos;\0&apos;&#x0A;  borderValue&#x0A;    Which is: &apos;@&apos; (64, 0x40)&#x0A;Border value mismatch at (10,21)&#x0A;" type=""><![CDATA[/home/cjxu/npp/test/unit/nppi/nppi_geometry_transforms/test_nppi_copyConstBorder.cpp:67
Expected equality of these values:
  dstData[dstIdx]
    Which is: '\0'
  borderValue
    Which is: '@' (64, 0x40)
Border value mismatch at (10,21)
]]></failure>
      <failure message="/home/cjxu/npp/test/unit/nppi/nppi_geometry_transforms/test_nppi_copyConstBorder.cpp:67&#x0A;Expected equality of these values:&#x0A;  dstData[dstIdx]&#x0A;    Which is: &apos;\0&apos;&#x0A;  borderValue&#x0A;    Which is: &apos;@&apos; (64, 0x40)&#x0A;Border value mismatch at (11,21)&#x0A;" type=""><![CDATA[/home/cjxu/npp/test/unit/nppi/nppi_geometry_transforms/test_nppi_copyConstBorder.cpp:67
Expected equality of these values:
  dstData[dstIdx]
    Which is: '\0'
  borderValue
    Which is: '@' (64, 0x40)
Border value mismatch at (11,21)
]]></failure>
      <failure message="/home/cjxu/npp/test/unit/nppi/nppi_geometry_transforms/test_nppi_copyConstBorder.cpp:67&#x0A;Expected equality of these values:&#x0A;  dstData[dstIdx]&#x0A;    Which is: &apos;\0&apos;&#x0A;  borderValue&#x0A;    Which is: &apos;@&apos; (64, 0x40)&#x0A;Border value mismatch at (12,21)&#x0A;" type=""><![CDATA[/home/cjxu/npp/test/unit/nppi/nppi_geometry_transforms/test_nppi_copyConstBorder.cpp:67
Expected equality of these values:
  dstData[dstIdx]
    Which is: '\0'
  borderValue
    Which is: '@' (64, 0x40)
Border value mismatch at (12,21)
]]></failure>
      <failure message="/home/cjxu/npp/test/unit/nppi/nppi_geometry_transforms/test_nppi_copyConstBorder.cpp:67&#x0A;Expected equality of these values:&#x0A;  dstData[dstIdx]&#x0A;    Which is: &apos;\0&apos;&#x0A;  borderValue&#x0A;    Which is: &apos;@&apos; (64, 0x40)&#x0A;Border value mismatch at (13,21)&#x0A;" type=""><![CDATA[/home/cjxu/npp/test/unit/nppi/nppi_geometry_transforms/test_nppi_copyConstBorder.cpp:67
Expected equality of these values:
  dstData[dstIdx]
    Which is: '\0'
  borderValue
    Which is: '@' (64, 0x40)
Border value mismatch at (13,21)
]]></failure>
      <failure message="/home/cjxu/npp/test/unit/nppi/nppi_geometry_transforms/test_nppi_copyConstBorder.cpp:67&#x0A;Expected equality of these values:&#x0A;  dstData[dstIdx]&#x0A;    Which is: &apos;\0&apos;&#x0A;  borderValue&#x0A;    Which is: &apos;@&apos; (64, 0x40)&#x0A;Border value mismatch at (14,21)&#x0A;" type=""><![CDATA[/home/cjxu/npp/test/unit/nppi/nppi_geometry_transforms/test_nppi_copyConstBorder.cpp:67
Expected equality of these values:
  dstData[dstIdx]
    Which is: '\0'
  borderValue
    Which is: '@' (64, 0x40)
Border value mismatch at (14,21)
]]></failure>
      <failure message="/home/cjxu/npp/test/unit/nppi/nppi_geometry_transforms/test_nppi_copyConstBorder.cpp:67&#x0A;Expected equality of these values:&#x0A;  dstData[dstIdx]&#x0A;    Which is: &apos;\0&apos;&#x0A;  borderValue&#x0A;    Which is: &apos;@&apos; (64, 0x40)&#x0A;Border value mismatch at (15,21)&#x0A;" type=""><![CDATA[/home/cjxu/npp/test/unit/nppi/nppi_geometry_transforms/test_nppi_copyConstBorder.cpp:67
Expected equality of these values:
  dstData[dstIdx]
    Which is: '\0'
  borderValue
    Which is: '@' (64, 0x40)
Border value mismatch at (15,21)
]]></failure>
      <failure message="/home/cjxu/npp/test/unit/nppi/nppi_geometry_transforms/test_nppi_copyConstBorder.cpp:67&#x0A;Expected equality of these values:&#x0A;  dstData[dstIdx]&#x0A;    Which is: &apos;\0&apos;&#x0A;  borderValue&#x0A;    Which is: &apos;@&apos; (64, 0x40)&#x0A;Border value mismatch at (16,21)&#x0A;" type=""><![CDATA[/home/cjxu/npp/test/unit/nppi/nppi_geometry_transforms/test_nppi_copyConstBorder.cpp:67
Expected equality of these values:
  dstData[dstIdx]
    Which is: '\0'
  borderValue
    Which is: '@' (64, 0x40)
Border value mismatch at (16,21)
]]></failure>
      <failure message="/home/cjxu/npp/test/unit/nppi/nppi_geometry_transforms/test_nppi_copyConstBorder.cpp:67&#x0A;Expected equality of these values:&#x0A;  dstData[dstIdx]&#x0A;    Which is: &apos;\0&apos;&#x0A;  borderValue&#x0A;    Which is: &apos;@&apos; (64, 0x40)&#x0A;Border value mismatch at (17,21)&#x0A;" type=""><![CDATA[/home/cjxu/npp/test/unit/nppi/nppi_geometry_transforms/test_nppi_copyConstBorder.cpp:67
Expected equality of these values:
  dstData[dstIdx]
    Which is: '\0'
  borderValue
    Which is: '@' (64, 0x40)
Border value mismatch at (17,21)
]]></failure>
      <failure message="/home/cjxu/npp/test/unit/nppi/nppi_geometry_transforms/test_nppi_copyConstBorder.cpp:67&#x0A;Expected equality of these values:&#x0A;  dstData[dstIdx]&#x0A;    Which is: &apos;\0&apos;&#x0A;  borderValue&#x0A;    Which is: &apos;@&apos; (64, 0x40)&#x0A;Border value mismatch at (18,21)&#x0A;" type=""><![CDATA[/home/cjxu/npp/test/unit/nppi/nppi_geometry_transforms/test_nppi_copyConstBorder.cpp:67
Expected equality of these values:
  dstData[dstIdx]
    Which is: '\0'
  borderValue
    Which is: '@' (64, 0x40)
Border value mismatch at (18,21)
]]></failure>
      <failure message="/home/cjxu/npp/test/unit/nppi/nppi_geometry_transforms/test_nppi_copyConstBorder.cpp:67&#x0A;Expected equality of these values:&#x0A;  dstData[dstIdx]&#x0A;    Which is: &apos;\0&apos;&#x0A;  borderValue&#x0A;    Which is: &apos;@&apos; (64, 0x40)&#x0A;Border value mismatch at (19,21)&#x0A;" type=""><![CDATA[/home/cjxu/npp/test/unit/nppi/nppi_geometry_transforms/test_nppi_copyConstBorder.cpp:67
Expected equality of these values:
  dstData[dstIdx]
    Which is: '\0'
  borderValue
    Which is: '@' (64, 0x40)
Border value mismatch at (19,21)
]]></failure>
      <failure message="/home/cjxu/npp/test/unit/nppi/nppi_geometry_transforms/test_nppi_copyConstBorder.cpp:67&#x0A;Expected equality of these values:&#x0A;  dstData[dstIdx]&#x0A;    Which is: &apos;\0&apos;&#x0A;  borderValue&#x0A;    Which is: &apos;@&apos; (64, 0x40)&#x0A;Border value mismatch at (20,21)&#x0A;" type=""><![CDATA[/home/cjxu/npp/test/unit/nppi/nppi_geometry_transforms/test_nppi_copyConstBorder.cpp:67
Expected equality of these values:
  dstData[dstIdx]
    Which is: '\0'
  borderValue
    Which is: '@' (64, 0x40)
Border value mismatch at (20,21)
]]></failure>
      <failure message="/home/cjxu/npp/test/unit/nppi/nppi_geometry_transforms/test_nppi_copyConstBorder.cpp:67&#x0A;Expected equality of these values:&#x0A;  dstData[dstIdx]&#x0A;    Which is: &apos;\0&apos;&#x0A;  borderValue&#x0A;    Which is: &apos;@&apos; (64, 0x40)&#x0A;Border value mismatch at (21,21)&#x0A;" type=""><![CDATA[/home/cjxu/npp/test/unit/nppi/nppi_geometry_transforms/test_nppi_copyConstBorder.cpp:67
Expected equality of these values:
  dstData[dstIdx]
    Which is: '\0'
  borderValue
    Which is: '@' (64, 0x40)
Border value mismatch at (21,21)
]]></failure>
      <failure message="/home/cjxu/npp/test/unit/nppi/nppi_geometry_transforms/test_nppi_copyConstBorder.cpp:67&#x0A;Expected equality of these values:&#x0A;  dstData[dstIdx]&#x0A;    Which is: &apos;\0&apos;&#x0A;  borderValue&#x0A;    Which is: &apos;@&apos; (64, 0x40)&#x0A;Border value mismatch at (22,21)&#x0A;" type=""><![CDATA[/home/cjxu/npp/test/unit/nppi/nppi_geometry_transforms/test_nppi_copyConstBorder.cpp:67
Expected equality of these values:
  dstData[dstIdx]
    Which is: '\0'
  borderValue
    Which is: '@' (64, 0x40)
Border value mismatch at (22,21)
]]></failure>
      <failure message="/home/cjxu/npp/test/unit/nppi/nppi_geometry_transforms/test_nppi_copyConstBorder.cpp:67&#x0A;Expected equality of these values:&#x0A;  dstData[dstIdx]&#x0A;    Which is: &apos;\0&apos;&#x0A;  borderValue&#x0A;    Which is: &apos;@&apos; (64, 0x40)&#x0A;Border value mismatch at (23,21)&#x0A;" type=""><![CDATA[/home/cjxu/npp/test/unit/nppi/nppi_geometry_transforms/test_nppi_copyConstBorder.cpp:67
Expected equality of these values:
  dstData[dstIdx]
    Which is: '\0'
  borderValue
    Which is: '@' (64, 0x40)
Border value mismatch at (23,21)
]]></failure>
    </testcase>
    <testcase name="CopyConstBorder_ZeroBorders" file="/home/cjxu/npp/test/unit/nppi/nppi_geometry_transforms/test_nppi_copyConstBorder.cpp" line="301" status="run" result="completed" time="0.001" timestamp="2025-09-13T22:25:51.651" classname="NPPICopyConstBorderTest">
      <failure message="/home/cjxu/npp/test/unit/nppi/nppi_geometry_transforms/test_nppi_copyConstBorder.cpp:332&#x0A;Expected equality of these values:&#x0A;  status&#x0A;    Which is: -8&#x0A;  NPP_SUCCESS&#x0A;    Which is: 0&#x0A;" type=""><![CDATA[/home/cjxu/npp/test/unit/nppi/nppi_geometry_transforms/test_nppi_copyConstBorder.cpp:332
Expected equality of these values:
  status
    Which is: -8
  NPP_SUCCESS
    Which is: 0
]]></failure>
      <failure message="/home/cjxu/npp/test/unit/nppi/nppi_geometry_transforms/test_nppi_copyConstBorder.cpp:339&#x0A;Expected equality of these values:&#x0A;  dstData[i]&#x0A;    Which is: &apos;\0&apos;&#x0A;  srcData[i]&#x0A;    Which is: &apos;\xBB&apos; (187)&#x0A;Data mismatch at index 0&#x0A;" type=""><![CDATA[/home/cjxu/npp/test/unit/nppi/nppi_geometry_transforms/test_nppi_copyConstBorder.cpp:339
Expected equality of these values:
  dstData[i]
    Which is: '\0'
  srcData[i]
    Which is: '\xBB' (187)
Data mismatch at index 0
]]></failure>
      <failure message="/home/cjxu/npp/test/unit/nppi/nppi_geometry_transforms/test_nppi_copyConstBorder.cpp:339&#x0A;Expected equality of these values:&#x0A;  dstData[i]&#x0A;    Which is: &apos;\0&apos;&#x0A;  srcData[i]&#x0A;    Which is: &apos;\xC7&apos; (199)&#x0A;Data mismatch at index 1&#x0A;" type=""><![CDATA[/home/cjxu/npp/test/unit/nppi/nppi_geometry_transforms/test_nppi_copyConstBorder.cpp:339
Expected equality of these values:
  dstData[i]
    Which is: '\0'
  srcData[i]
    Which is: '\xC7' (199)
Data mismatch at index 1
]]></failure>
      <failure message="/home/cjxu/npp/test/unit/nppi/nppi_geometry_transforms/test_nppi_copyConstBorder.cpp:339&#x0A;Expected equality of these values:&#x0A;  dstData[i]&#x0A;    Which is: &apos;\0&apos;&#x0A;  srcData[i]&#x0A;    Which is: &apos;A&apos; (65, 0x41)&#x0A;Data mismatch at index 2&#x0A;" type=""><![CDATA[/home/cjxu/npp/test/unit/nppi/nppi_geometry_transforms/test_nppi_copyConstBorder.cpp:339
Expected equality of these values:
  dstData[i]
    Which is: '\0'
  srcData[i]
    Which is: 'A' (65, 0x41)
Data mismatch at index 2
]]></failure>
      <failure message="/home/cjxu/npp/test/unit/nppi/nppi_geometry_transforms/test_nppi_copyConstBorder.cpp:339&#x0A;Expected equality of these values:&#x0A;  dstData[i]&#x0A;    Which is: &apos;\0&apos;&#x0A;  srcData[i]&#x0A;    Which is: &apos;\xCA&apos; (202)&#x0A;Data mismatch at index 3&#x0A;" type=""><![CDATA[/home/cjxu/npp/test/unit/nppi/nppi_geometry_transforms/test_nppi_copyConstBorder.cpp:339
Expected equality of these values:
  dstData[i]
    Which is: '\0'
  srcData[i]
    Which is: '\xCA' (202)
Data mismatch at index 3
]]></failure>
      <failure message="/home/cjxu/npp/test/unit/nppi/nppi_geometry_transforms/test_nppi_copyConstBorder.cpp:339&#x0A;Expected equality of these values:&#x0A;  dstData[i]&#x0A;    Which is: &apos;\0&apos;&#x0A;  srcData[i]&#x0A;    Which is: &apos;\x96&apos; (150)&#x0A;Data mismatch at index 4&#x0A;" type=""><![CDATA[/home/cjxu/npp/test/unit/nppi/nppi_geometry_transforms/test_nppi_copyConstBorder.cpp:339
Expected equality of these values:
  dstData[i]
    Which is: '\0'
  srcData[i]
    Which is: '\x96' (150)
Data mismatch at index 4
]]></failure>
      <failure message="/home/cjxu/npp/test/unit/nppi/nppi_geometry_transforms/test_nppi_copyConstBorder.cpp:339&#x0A;Expected equality of these values:&#x0A;  dstData[i]&#x0A;    Which is: &apos;\0&apos;&#x0A;  srcData[i]&#x0A;    Which is: &apos;\x94&apos; (148)&#x0A;Data mismatch at index 5&#x0A;" type=""><![CDATA[/home/cjxu/npp/test/unit/nppi/nppi_geometry_transforms/test_nppi_copyConstBorder.cpp:339
Expected equality of these values:
  dstData[i]
    Which is: '\0'
  srcData[i]
    Which is: '\x94' (148)
Data mismatch at index 5
]]></failure>
      <failure message="/home/cjxu/npp/test/unit/nppi/nppi_geometry_transforms/test_nppi_copyConstBorder.cpp:339&#x0A;Expected equality of these values:&#x0A;  dstData[i]&#x0A;    Which is: &apos;\0&apos;&#x0A;  srcData[i]&#x0A;    Which is: &apos;\x85&apos; (133)&#x0A;Data mismatch at index 6&#x0A;" type=""><![CDATA[/home/cjxu/npp/test/unit/nppi/nppi_geometry_transforms/test_nppi_copyConstBorder.cpp:339
Expected equality of these values:
  dstData[i]
    Which is: '\0'
  srcData[i]
    Which is: '\x85' (133)
Data mismatch at index 6
]]></failure>
      <failure message="/home/cjxu/npp/test/unit/nppi/nppi_geometry_transforms/test_nppi_copyConstBorder.cpp:339&#x0A;Expected equality of these values:&#x0A;  dstData[i]&#x0A;    Which is: &apos;\0&apos;&#x0A;  srcData[i]&#x0A;    Which is: &apos;\\&apos; (92, 0x5C)&#x0A;Data mismatch at index 7&#x0A;" type=""><![CDATA[/home/cjxu/npp/test/unit/nppi/nppi_geometry_transforms/test_nppi_copyConstBorder.cpp:339
Expected equality of these values:
  dstData[i]
    Which is: '\0'
  srcData[i]
    Which is: '\\' (92, 0x5C)
Data mismatch at index 7
]]></failure>
      <failure message="/home/cjxu/npp/test/unit/nppi/nppi_geometry_transforms/test_nppi_copyConstBorder.cpp:339&#x0A;Expected equality of these values:&#x0A;  dstData[i]&#x0A;    Which is: &apos;\0&apos;&#x0A;  srcData[i]&#x0A;    Which is: &apos;\x1F&apos; (31)&#x0A;Data mismatch at index 8&#x0A;" type=""><![CDATA[/home/cjxu/npp/test/unit/nppi/nppi_geometry_transforms/test_nppi_copyConstBorder.cpp:339
Expected equality of these values:
  dstData[i]
    Which is: '\0'
  srcData[i]
    Which is: '\x1F' (31)
Data mismatch at index 8
]]></failure>
      <failure message="/home/cjxu/npp/test/unit/nppi/nppi_geometry_transforms/test_nppi_copyConstBorder.cpp:339&#x0A;Expected equality of these values:&#x0A;  dstData[i]&#x0A;    Which is: &apos;\0&apos;&#x0A;  srcData[i]&#x0A;    Which is: &apos;\xEE&apos; (238)&#x0A;Data mismatch at index 9&#x0A;" type=""><![CDATA[/home/cjxu/npp/test/unit/nppi/nppi_geometry_transforms/test_nppi_copyConstBorder.cpp:339
Expected equality of these values:
  dstData[i]
    Which is: '\0'
  srcData[i]
    Which is: '\xEE' (238)
Data mismatch at index 9
]]></failure>
      <failure message="/home/cjxu/npp/test/unit/nppi/nppi_geometry_transforms/test_nppi_copyConstBorder.cpp:339&#x0A;Expected equality of these values:&#x0A;  dstData[i]&#x0A;    Which is: &apos;\0&apos;&#x0A;  srcData[i]&#x0A;    Which is: &apos;\x98&apos; (152)&#x0A;Data mismatch at index 10&#x0A;" type=""><![CDATA[/home/cjxu/npp/test/unit/nppi/nppi_geometry_transforms/test_nppi_copyConstBorder.cpp:339
Expected equality of these values:
  dstData[i]
    Which is: '\0'
  srcData[i]
    Which is: '\x98' (152)
Data mismatch at index 10
]]></failure>
      <failure message="/home/cjxu/npp/test/unit/nppi/nppi_geometry_transforms/test_nppi_copyConstBorder.cpp:339&#x0A;Expected equality of these values:&#x0A;  dstData[i]&#x0A;    Which is: &apos;\0&apos;&#x0A;  srcData[i]&#x0A;    Which is: &apos;\xE8&apos; (232)&#x0A;Data mismatch at index 11&#x0A;" type=""><![CDATA[/home/cjxu/npp/test/unit/nppi/nppi_geometry_transforms/test_nppi_copyConstBorder.cpp:339
Expected equality of these values:
  dstData[i]
    Which is: '\0'
  srcData[i]
    Which is: '\xE8' (232)
Data mismatch at index 11
]]></failure>
      <failure message="/home/cjxu/npp/test/unit/nppi/nppi_geometry_transforms/test_nppi_copyConstBorder.cpp:339&#x0A;Expected equality of these values:&#x0A;  dstData[i]&#x0A;    Which is: &apos;\0&apos;&#x0A;  srcData[i]&#x0A;    Which is: &apos;\x15&apos; (21)&#x0A;Data mismatch at index 12&#x0A;" type=""><![CDATA[/home/cjxu/npp/test/unit/nppi/nppi_geometry_transforms/test_nppi_copyConstBorder.cpp:339
Expected equality of these values:
  dstData[i]
    Which is: '\0'
  srcData[i]
    Which is: '\x15' (21)
Data mismatch at index 12
]]></failure>
      <failure message="/home/cjxu/npp/test/unit/nppi/nppi_geometry_transforms/test_nppi_copyConstBorder.cpp:339&#x0A;Expected equality of these values:&#x0A;  dstData[i]&#x0A;    Which is: &apos;\0&apos;&#x0A;  srcData[i]&#x0A;    Which is: &apos;\x86&apos; (134)&#x0A;Data mismatch at index 13&#x0A;" type=""><![CDATA[/home/cjxu/npp/test/unit/nppi/nppi_geometry_transforms/test_nppi_copyConstBorder.cpp:339
Expected equality of these values:
  dstData[i]
    Which is: '\0'
  srcData[i]
    Which is: '\x86' (134)
Data mismatch at index 13
]]></failure>
      <failure message="/home/cjxu/npp/test/unit/nppi/nppi_geometry_transforms/test_nppi_copyConstBorder.cpp:339&#x0A;Expected equality of these values:&#x0A;  dstData[i]&#x0A;    Which is: &apos;\0&apos;&#x0A;  srcData[i]&#x0A;    Which is: &apos;\x9F&apos; (159)&#x0A;Data mismatch at index 15&#x0A;" type=""><![CDATA[/home/cjxu/npp/test/unit/nppi/nppi_geometry_transforms/test_nppi_copyConstBorder.cpp:339
Expected equality of these values:
  dstData[i]
    Which is: '\0'
  srcData[i]
    Which is: '\x9F' (159)
Data mismatch at index 15
]]></failure>
      <failure message="/home/cjxu/npp/test/unit/nppi/nppi_geometry_transforms/test_nppi_copyConstBorder.cpp:339&#x0A;Expected equality of these values:&#x0A;  dstData[i]&#x0A;    Which is: &apos;\0&apos;&#x0A;  srcData[i]&#x0A;    Which is: &apos;K&apos; (75, 0x4B)&#x0A;Data mismatch at index 16&#x0A;" type=""><![CDATA[/home/cjxu/npp/test/unit/nppi/nppi_geometry_transforms/test_nppi_copyConstBorder.cpp:339
Expected equality of these values:
  dstData[i]
    Which is: '\0'
  srcData[i]
    Which is: 'K' (75, 0x4B)
Data mismatch at index 16
]]></failure>
      <failure message="/home/cjxu/npp/test/unit/nppi/nppi_geometry_transforms/test_nppi_copyConstBorder.cpp:339&#x0A;Expected equality of these values:&#x0A;  dstData[i]&#x0A;    Which is: &apos;\0&apos;&#x0A;  srcData[i]&#x0A;    Which is: &apos;E&apos; (69, 0x45)&#x0A;Data mismatch at index 17&#x0A;" type=""><![CDATA[/home/cjxu/npp/test/unit/nppi/nppi_geometry_transforms/test_nppi_copyConstBorder.cpp:339
Expected equality of these values:
  dstData[i]
    Which is: '\0'
  srcData[i]
    Which is: 'E' (69, 0x45)
Data mismatch at index 17
]]></failure>
      <failure message="/home/cjxu/npp/test/unit/nppi/nppi_geometry_transforms/test_nppi_copyConstBorder.cpp:339&#x0A;Expected equality of these values:&#x0A;  dstData[i]&#x0A;    Which is: &apos;\0&apos;&#x0A;  srcData[i]&#x0A;    Which is: &apos;\x18&apos; (24)&#x0A;Data mismatch at index 18&#x0A;" type=""><![CDATA[/home/cjxu/npp/test/unit/nppi/nppi_geometry_transforms/test_nppi_copyConstBorder.cpp:339
Expected equality of these values:
  dstData[i]
    Which is: '\0'
  srcData[i]
    Which is: '\x18' (24)
Data mismatch at index 18
]]></failure>
      <failure message="/home/cjxu/npp/test/unit/nppi/nppi_geometry_transforms/test_nppi_copyConstBorder.cpp:339&#x0A;Expected equality of these values:&#x0A;  dstData[i]&#x0A;    Which is: &apos;\0&apos;&#x0A;  srcData[i]&#x0A;    Which is: &apos;\xFB&apos; (251)&#x0A;Data mismatch at index 19&#x0A;" type=""><![CDATA[/home/cjxu/npp/test/unit/nppi/nppi_geometry_transforms/test_nppi_copyConstBorder.cpp:339
Expected equality of these values:
  dstData[i]
    Which is: '\0'
  srcData[i]
    Which is: '\xFB' (251)
Data mismatch at index 19
]]></failure>
      <failure message="/home/cjxu/npp/test/unit/nppi/nppi_geometry_transforms/test_nppi_copyConstBorder.cpp:339&#x0A;Expected equality of these values:&#x0A;  dstData[i]&#x0A;    Which is: &apos;\0&apos;&#x0A;  srcData[i]&#x0A;    Which is: &apos;1&apos; (49, 0x31)&#x0A;Data mismatch at index 20&#x0A;" type=""><![CDATA[/home/cjxu/npp/test/unit/nppi/nppi_geometry_transforms/test_nppi_copyConstBorder.cpp:339
Expected equality of these values:
  dstData[i]
    Which is: '\0'
  srcData[i]
    Which is: '1' (49, 0x31)
Data mismatch at index 20
]]></failure>
      <failure message="/home/cjxu/npp/test/unit/nppi/nppi_geometry_transforms/test_nppi_copyConstBorder.cpp:339&#x0A;Expected equality of these values:&#x0A;  dstData[i]&#x0A;    Which is: &apos;\0&apos;&#x0A;  srcData[i]&#x0A;    Which is: &apos;\xE1&apos; (225)&#x0A;Data mismatch at index 21&#x0A;" type=""><![CDATA[/home/cjxu/npp/test/unit/nppi/nppi_geometry_transforms/test_nppi_copyConstBorder.cpp:339
Expected equality of these values:
  dstData[i]
    Which is: '\0'
  srcData[i]
    Which is: '\xE1' (225)
Data mismatch at index 21
]]></failure>
      <failure message="/home/cjxu/npp/test/unit/nppi/nppi_geometry_transforms/test_nppi_copyConstBorder.cpp:339&#x0A;Expected equality of these values:&#x0A;  dstData[i]&#x0A;    Which is: &apos;\0&apos;&#x0A;  srcData[i]&#x0A;    Which is: &apos;\x13&apos; (19)&#x0A;Data mismatch at index 22&#x0A;" type=""><![CDATA[/home/cjxu/npp/test/unit/nppi/nppi_geometry_transforms/test_nppi_copyConstBorder.cpp:339
Expected equality of these values:
  dstData[i]
    Which is: '\0'
  srcData[i]
    Which is: '\x13' (19)
Data mismatch at index 22
]]></failure>
      <failure message="/home/cjxu/npp/test/unit/nppi/nppi_geometry_transforms/test_nppi_copyConstBorder.cpp:339&#x0A;Expected equality of these values:&#x0A;  dstData[i]&#x0A;    Which is: &apos;\0&apos;&#x0A;  srcData[i]&#x0A;    Which is: &apos;-&apos; (45, 0x2D)&#x0A;Data mismatch at index 23&#x0A;" type=""><![CDATA[/home/cjxu/npp/test/unit/nppi/nppi_geometry_transforms/test_nppi_copyConstBorder.cpp:339
Expected equality of these values:
  dstData[i]
    Which is: '\0'
  srcData[i]
    Which is: '-' (45, 0x2D)
Data mismatch at index 23
]]></failure>
      <failure message="/home/cjxu/npp/test/unit/nppi/nppi_geometry_transforms/test_nppi_copyConstBorder.cpp:339&#x0A;Expected equality of these values:&#x0A;  dstData[i]&#x0A;    Which is: &apos;\0&apos;&#x0A;  srcData[i]&#x0A;    Which is: &apos;]&apos; (93, 0x5D)&#x0A;Data mismatch at index 24&#x0A;" type=""><![CDATA[/home/cjxu/npp/test/unit/nppi/nppi_geometry_transforms/test_nppi_copyConstBorder.cpp:339
Expected equality of these values:
  dstData[i]
    Which is: '\0'
  srcData[i]
    Which is: ']' (93, 0x5D)
Data mismatch at index 24
]]></failure>
      <failure message="/home/cjxu/npp/test/unit/nppi/nppi_geometry_transforms/test_nppi_copyConstBorder.cpp:339&#x0A;Expected equality of these values:&#x0A;  dstData[i]&#x0A;    Which is: &apos;\0&apos;&#x0A;  srcData[i]&#x0A;    Which is: &apos;\xFD&apos; (253)&#x0A;Data mismatch at index 25&#x0A;" type=""><![CDATA[/home/cjxu/npp/test/unit/nppi/nppi_geometry_transforms/test_nppi_copyConstBorder.cpp:339
Expected equality of these values:
  dstData[i]
    Which is: '\0'
  srcData[i]
    Which is: '\xFD' (253)
Data mismatch at index 25
]]></failure>
      <failure message="/home/cjxu/npp/test/unit/nppi/nppi_geometry_transforms/test_nppi_copyConstBorder.cpp:339&#x0A;Expected equality of these values:&#x0A;  dstData[i]&#x0A;    Which is: &apos;\0&apos;&#x0A;  srcData[i]&#x0A;    Which is: &apos;\x3&apos; (3)&#x0A;Data mismatch at index 26&#x0A;" type=""><![CDATA[/home/cjxu/npp/test/unit/nppi/nppi_geometry_transforms/test_nppi_copyConstBorder.cpp:339
Expected equality of these values:
  dstData[i]
    Which is: '\0'
  srcData[i]
    Which is: '\x3' (3)
Data mismatch at index 26
]]></failure>
      <failure message="/home/cjxu/npp/test/unit/nppi/nppi_geometry_transforms/test_nppi_copyConstBorder.cpp:339&#x0A;Expected equality of these values:&#x0A;  dstData[i]&#x0A;    Which is: &apos;\0&apos;&#x0A;  srcData[i]&#x0A;    Which is: &apos;n&apos; (110, 0x6E)&#x0A;Data mismatch at index 27&#x0A;" type=""><![CDATA[/home/cjxu/npp/test/unit/nppi/nppi_geometry_transforms/test_nppi_copyConstBorder.cpp:339
Expected equality of these values:
  dstData[i]
    Which is: '\0'
  srcData[i]
    Which is: 'n' (110, 0x6E)
Data mismatch at index 27
]]></failure>
      <failure message="/home/cjxu/npp/test/unit/nppi/nppi_geometry_transforms/test_nppi_copyConstBorder.cpp:339&#x0A;Expected equality of these values:&#x0A;  dstData[i]&#x0A;    Which is: &apos;\0&apos;&#x0A;  srcData[i]&#x0A;    Which is: &apos;\xE0&apos; (224)&#x0A;Data mismatch at index 28&#x0A;" type=""><![CDATA[/home/cjxu/npp/test/unit/nppi/nppi_geometry_transforms/test_nppi_copyConstBorder.cpp:339
Expected equality of these values:
  dstData[i]
    Which is: '\0'
  srcData[i]
    Which is: '\xE0' (224)
Data mismatch at index 28
]]></failure>
      <failure message="/home/cjxu/npp/test/unit/nppi/nppi_geometry_transforms/test_nppi_copyConstBorder.cpp:339&#x0A;Expected equality of these values:&#x0A;  dstData[i]&#x0A;    Which is: &apos;\0&apos;&#x0A;  srcData[i]&#x0A;    Which is: &apos;\xF8&apos; (248)&#x0A;Data mismatch at index 29&#x0A;" type=""><![CDATA[/home/cjxu/npp/test/unit/nppi/nppi_geometry_transforms/test_nppi_copyConstBorder.cpp:339
Expected equality of these values:
  dstData[i]
    Which is: '\0'
  srcData[i]
    Which is: '\xF8' (248)
Data mismatch at index 29
]]></failure>
      <failure message="/home/cjxu/npp/test/unit/nppi/nppi_geometry_transforms/test_nppi_copyConstBorder.cpp:339&#x0A;Expected equality of these values:&#x0A;  dstData[i]&#x0A;    Which is: &apos;\0&apos;&#x0A;  srcData[i]&#x0A;    Which is: &apos;\x80&apos; (128)&#x0A;Data mismatch at index 30&#x0A;" type=""><![CDATA[/home/cjxu/npp/test/unit/nppi/nppi_geometry_transforms/test_nppi_copyConstBorder.cpp:339
Expected equality of these values:
  dstData[i]
    Which is: '\0'
  srcData[i]
    Which is: '\x80' (128)
Data mismatch at index 30
]]></failure>
      <failure message="/home/cjxu/npp/test/unit/nppi/nppi_geometry_transforms/test_nppi_copyConstBorder.cpp:339&#x0A;Expected equality of these values:&#x0A;  dstData[i]&#x0A;    Which is: &apos;\0&apos;&#x0A;  srcData[i]&#x0A;    Which is: &apos;\x9C&apos; (156)&#x0A;Data mismatch at index 31&#x0A;" type=""><![CDATA[/home/cjxu/npp/test/unit/nppi/nppi_geometry_transforms/test_nppi_copyConstBorder.cpp:339
Expected equality of these values:
  dstData[i]
    Which is: '\0'
  srcData[i]
    Which is: '\x9C' (156)
Data mismatch at index 31
]]></failure>
      <failure message="/home/cjxu/npp/test/unit/nppi/nppi_geometry_transforms/test_nppi_copyConstBorder.cpp:339&#x0A;Expected equality of these values:&#x0A;  dstData[i]&#x0A;    Which is: &apos;\0&apos;&#x0A;  srcData[i]&#x0A;    Which is: &apos;\xBF&apos; (191)&#x0A;Data mismatch at index 32&#x0A;" type=""><![CDATA[/home/cjxu/npp/test/unit/nppi/nppi_geometry_transforms/test_nppi_copyConstBorder.cpp:339
Expected equality of these values:
  dstData[i]
    Which is: '\0'
  srcData[i]
    Which is: '\xBF' (191)
Data mismatch at index 32
]]></failure>
      <failure message="/home/cjxu/npp/test/unit/nppi/nppi_geometry_transforms/test_nppi_copyConstBorder.cpp:339&#x0A;Expected equality of these values:&#x0A;  dstData[i]&#x0A;    Which is: &apos;\0&apos;&#x0A;  srcData[i]&#x0A;    Which is: &apos;\xC2&apos; (194)&#x0A;Data mismatch at index 33&#x0A;" type=""><![CDATA[/home/cjxu/npp/test/unit/nppi/nppi_geometry_transforms/test_nppi_copyConstBorder.cpp:339
Expected equality of these values:
  dstData[i]
    Which is: '\0'
  srcData[i]
    Which is: '\xC2' (194)
Data mismatch at index 33
]]></failure>
      <failure message="/home/cjxu/npp/test/unit/nppi/nppi_geometry_transforms/test_nppi_copyConstBorder.cpp:339&#x0A;Expected equality of these values:&#x0A;  dstData[i]&#x0A;    Which is: &apos;\0&apos;&#x0A;  srcData[i]&#x0A;    Which is: &apos;f&apos; (102, 0x66)&#x0A;Data mismatch at index 34&#x0A;" type=""><![CDATA[/home/cjxu/npp/test/unit/nppi/nppi_geometry_transforms/test_nppi_copyConstBorder.cpp:339
Expected equality of these values:
  dstData[i]
    Which is: '\0'
  srcData[i]
    Which is: 'f' (102, 0x66)
Data mismatch at index 34
]]></failure>
      <failure message="/home/cjxu/npp/test/unit/nppi/nppi_geometry_transforms/test_nppi_copyConstBorder.cpp:339&#x0A;Expected equality of these values:&#x0A;  dstData[i]&#x0A;    Which is: &apos;\0&apos;&#x0A;  srcData[i]&#x0A;    Which is: &apos;U&apos; (85, 0x55)&#x0A;Data mismatch at index 35&#x0A;" type=""><![CDATA[/home/cjxu/npp/test/unit/nppi/nppi_geometry_transforms/test_nppi_copyConstBorder.cpp:339
Expected equality of these values:
  dstData[i]
    Which is: '\0'
  srcData[i]
    Which is: 'U' (85, 0x55)
Data mismatch at index 35
]]></failure>
      <failure message="/home/cjxu/npp/test/unit/nppi/nppi_geometry_transforms/test_nppi_copyConstBorder.cpp:339&#x0A;Expected equality of these values:&#x0A;  dstData[i]&#x0A;    Which is: &apos;\0&apos;&#x0A;  srcData[i]&#x0A;    Which is: &apos;V&apos; (86, 0x56)&#x0A;Data mismatch at index 36&#x0A;" type=""><![CDATA[/home/cjxu/npp/test/unit/nppi/nppi_geometry_transforms/test_nppi_copyConstBorder.cpp:339
Expected equality of these values:
  dstData[i]
    Which is: '\0'
  srcData[i]
    Which is: 'V' (86, 0x56)
Data mismatch at index 36
]]></failure>
      <failure message="/home/cjxu/npp/test/unit/nppi/nppi_geometry_transforms/test_nppi_copyConstBorder.cpp:339&#x0A;Expected equality of these values:&#x0A;  dstData[i]&#x0A;    Which is: &apos;\0&apos;&#x0A;  srcData[i]&#x0A;    Which is: &apos;\xEB&apos; (235)&#x0A;Data mismatch at index 37&#x0A;" type=""><![CDATA[/home/cjxu/npp/test/unit/nppi/nppi_geometry_transforms/test_nppi_copyConstBorder.cpp:339
Expected equality of these values:
  dstData[i]
    Which is: '\0'
  srcData[i]
    Which is: '\xEB' (235)
Data mismatch at index 37
]]></failure>
      <failure message="/home/cjxu/npp/test/unit/nppi/nppi_geometry_transforms/test_nppi_copyConstBorder.cpp:339&#x0A;Expected equality of these values:&#x0A;  dstData[i]&#x0A;    Which is: &apos;\0&apos;&#x0A;  srcData[i]&#x0A;    Which is: &apos;\xB2&apos; (178)&#x0A;Data mismatch at index 38&#x0A;" type=""><![CDATA[/home/cjxu/npp/test/unit/nppi/nppi_geometry_transforms/test_nppi_copyConstBorder.cpp:339
Expected equality of these values:
  dstData[i]
    Which is: '\0'
  srcData[i]
    Which is: '\xB2' (178)
Data mismatch at index 38
]]></failure>
      <failure message="/home/cjxu/npp/test/unit/nppi/nppi_geometry_transforms/test_nppi_copyConstBorder.cpp:339&#x0A;Expected equality of these values:&#x0A;  dstData[i]&#x0A;    Which is: &apos;\0&apos;&#x0A;  srcData[i]&#x0A;    Which is: &apos;u&apos; (117, 0x75)&#x0A;Data mismatch at index 39&#x0A;" type=""><![CDATA[/home/cjxu/npp/test/unit/nppi/nppi_geometry_transforms/test_nppi_copyConstBorder.cpp:339
Expected equality of these values:
  dstData[i]
    Which is: '\0'
  srcData[i]
    Which is: 'u' (117, 0x75)
Data mismatch at index 39
]]></failure>
      <failure message="/home/cjxu/npp/test/unit/nppi/nppi_geometry_transforms/test_nppi_copyConstBorder.cpp:339&#x0A;Expected equality of these values:&#x0A;  dstData[i]&#x0A;    Which is: &apos;\0&apos;&#x0A;  srcData[i]&#x0A;    Which is: &apos;\xD9&apos; (217)&#x0A;Data mismatch at index 40&#x0A;" type=""><![CDATA[/home/cjxu/npp/test/unit/nppi/nppi_geometry_transforms/test_nppi_copyConstBorder.cpp:339
Expected equality of these values:
  dstData[i]
    Which is: '\0'
  srcData[i]
    Which is: '\xD9' (217)
Data mismatch at index 40
]]></failure>
      <failure message="/home/cjxu/npp/test/unit/nppi/nppi_geometry_transforms/test_nppi_copyConstBorder.cpp:339&#x0A;Expected equality of these values:&#x0A;  dstData[i]&#x0A;    Which is: &apos;\0&apos;&#x0A;  srcData[i]&#x0A;    Which is: &apos;J&apos; (74, 0x4A)&#x0A;Data mismatch at index 41&#x0A;" type=""><![CDATA[/home/cjxu/npp/test/unit/nppi/nppi_geometry_transforms/test_nppi_copyConstBorder.cpp:339
Expected equality of these values:
  dstData[i]
    Which is: '\0'
  srcData[i]
    Which is: 'J' (74, 0x4A)
Data mismatch at index 41
]]></failure>
      <failure message="/home/cjxu/npp/test/unit/nppi/nppi_geometry_transforms/test_nppi_copyConstBorder.cpp:339&#x0A;Expected equality of these values:&#x0A;  dstData[i]&#x0A;    Which is: &apos;\0&apos;&#x0A;  srcData[i]&#x0A;    Which is: &apos;]&apos; (93, 0x5D)&#x0A;Data mismatch at index 42&#x0A;" type=""><![CDATA[/home/cjxu/npp/test/unit/nppi/nppi_geometry_transforms/test_nppi_copyConstBorder.cpp:339
Expected equality of these values:
  dstData[i]
    Which is: '\0'
  srcData[i]
    Which is: ']' (93, 0x5D)
Data mismatch at index 42
]]></failure>
      <failure message="/home/cjxu/npp/test/unit/nppi/nppi_geometry_transforms/test_nppi_copyConstBorder.cpp:339&#x0A;Expected equality of these values:&#x0A;  dstData[i]&#x0A;    Which is: &apos;\0&apos;&#x0A;  srcData[i]&#x0A;    Which is: &apos;\xEF&apos; (239)&#x0A;Data mismatch at index 43&#x0A;" type=""><![CDATA[/home/cjxu/npp/test/unit/nppi/nppi_geometry_transforms/test_nppi_copyConstBorder.cpp:339
Expected equality of these values:
  dstData[i]
    Which is: '\0'
  srcData[i]
    Which is: '\xEF' (239)
Data mismatch at index 43
]]></failure>
      <failure message="/home/cjxu/npp/test/unit/nppi/nppi_geometry_transforms/test_nppi_copyConstBorder.cpp:339&#x0A;Expected equality of these values:&#x0A;  dstData[i]&#x0A;    Which is: &apos;\0&apos;&#x0A;  srcData[i]&#x0A;    Which is: &apos;\xD0&apos; (208)&#x0A;Data mismatch at index 44&#x0A;" type=""><![CDATA[/home/cjxu/npp/test/unit/nppi/nppi_geometry_transforms/test_nppi_copyConstBorder.cpp:339
Expected equality of these values:
  dstData[i]
    Which is: '\0'
  srcData[i]
    Which is: '\xD0' (208)
Data mismatch at index 44
]]></failure>
      <failure message="/home/cjxu/npp/test/unit/nppi/nppi_geometry_transforms/test_nppi_copyConstBorder.cpp:339&#x0A;Expected equality of these values:&#x0A;  dstData[i]&#x0A;    Which is: &apos;\0&apos;&#x0A;  srcData[i]&#x0A;    Which is: &apos;]&apos; (93, 0x5D)&#x0A;Data mismatch at index 45&#x0A;" type=""><![CDATA[/home/cjxu/npp/test/unit/nppi/nppi_geometry_transforms/test_nppi_copyConstBorder.cpp:339
Expected equality of these values:
  dstData[i]
    Which is: '\0'
  srcData[i]
    Which is: ']' (93, 0x5D)
Data mismatch at index 45
]]></failure>
      <failure message="/home/cjxu/npp/test/unit/nppi/nppi_geometry_transforms/test_nppi_copyConstBorder.cpp:339&#x0A;Expected equality of these values:&#x0A;  dstData[i]&#x0A;    Which is: &apos;\0&apos;&#x0A;  srcData[i]&#x0A;    Which is: &apos;\x8E&apos; (142)&#x0A;Data mismatch at index 46&#x0A;" type=""><![CDATA[/home/cjxu/npp/test/unit/nppi/nppi_geometry_transforms/test_nppi_copyConstBorder.cpp:339
Expected equality of these values:
  dstData[i]
    Which is: '\0'
  srcData[i]
    Which is: '\x8E' (142)
Data mismatch at index 46
]]></failure>
      <failure message="/home/cjxu/npp/test/unit/nppi/nppi_geometry_transforms/test_nppi_copyConstBorder.cpp:339&#x0A;Expected equality of these values:&#x0A;  dstData[i]&#x0A;    Which is: &apos;\0&apos;&#x0A;  srcData[i]&#x0A;    Which is: &apos;\x1C&apos; (28)&#x0A;Data mismatch at index 47&#x0A;" type=""><![CDATA[/home/cjxu/npp/test/unit/nppi/nppi_geometry_transforms/test_nppi_copyConstBorder.cpp:339
Expected equality of these values:
  dstData[i]
    Which is: '\0'
  srcData[i]
    Which is: '\x1C' (28)
Data mismatch at index 47
]]></failure>
      <failure message="/home/cjxu/npp/test/unit/nppi/nppi_geometry_transforms/test_nppi_copyConstBorder.cpp:339&#x0A;Expected equality of these values:&#x0A;  dstData[i]&#x0A;    Which is: &apos;\0&apos;&#x0A;  srcData[i]&#x0A;    Which is: &apos;\xA3&apos; (163)&#x0A;Data mismatch at index 48&#x0A;" type=""><![CDATA[/home/cjxu/npp/test/unit/nppi/nppi_geometry_transforms/test_nppi_copyConstBorder.cpp:339
Expected equality of these values:
  dstData[i]
    Which is: '\0'
  srcData[i]
    Which is: '\xA3' (163)
Data mismatch at index 48
]]></failure>
      <failure message="/home/cjxu/npp/test/unit/nppi/nppi_geometry_transforms/test_nppi_copyConstBorder.cpp:339&#x0A;Expected equality of these values:&#x0A;  dstData[i]&#x0A;    Which is: &apos;\0&apos;&#x0A;  srcData[i]&#x0A;    Which is: &apos;\xA6&apos; (166)&#x0A;Data mismatch at index 49&#x0A;" type=""><![CDATA[/home/cjxu/npp/test/unit/nppi/nppi_geometry_transforms/test_nppi_copyConstBorder.cpp:339
Expected equality of these values:
  dstData[i]
    Which is: '\0'
  srcData[i]
    Which is: '\xA6' (166)
Data mismatch at index 49
]]></failure>
      <failure message="/home/cjxu/npp/test/unit/nppi/nppi_geometry_transforms/test_nppi_copyConstBorder.cpp:339&#x0A;Expected equality of these values:&#x0A;  dstData[i]&#x0A;    Which is: &apos;\0&apos;&#x0A;  srcData[i]&#x0A;    Which is: &apos;\x17&apos; (23)&#x0A;Data mismatch at index 50&#x0A;" type=""><![CDATA[/home/cjxu/npp/test/unit/nppi/nppi_geometry_transforms/test_nppi_copyConstBorder.cpp:339
Expected equality of these values:
  dstData[i]
    Which is: '\0'
  srcData[i]
    Which is: '\x17' (23)
Data mismatch at index 50
]]></failure>
      <failure message="/home/cjxu/npp/test/unit/nppi/nppi_geometry_transforms/test_nppi_copyConstBorder.cpp:339&#x0A;Expected equality of these values:&#x0A;  dstData[i]&#x0A;    Which is: &apos;\0&apos;&#x0A;  srcData[i]&#x0A;    Which is: &apos;\xD4&apos; (212)&#x0A;Data mismatch at index 51&#x0A;" type=""><![CDATA[/home/cjxu/npp/test/unit/nppi/nppi_geometry_transforms/test_nppi_copyConstBorder.cpp:339
Expected equality of these values:
  dstData[i]
    Which is: '\0'
  srcData[i]
    Which is: '\xD4' (212)
Data mismatch at index 51
]]></failure>
      <failure message="/home/cjxu/npp/test/unit/nppi/nppi_geometry_transforms/test_nppi_copyConstBorder.cpp:339&#x0A;Expected equality of these values:&#x0A;  dstData[i]&#x0A;    Which is: &apos;\0&apos;&#x0A;  srcData[i]&#x0A;    Which is: &apos;\x87&apos; (135)&#x0A;Data mismatch at index 52&#x0A;" type=""><![CDATA[/home/cjxu/npp/test/unit/nppi/nppi_geometry_transforms/test_nppi_copyConstBorder.cpp:339
Expected equality of these values:
  dstData[i]
    Which is: '\0'
  srcData[i]
    Which is: '\x87' (135)
Data mismatch at index 52
]]></failure>
      <failure message="/home/cjxu/npp/test/unit/nppi/nppi_geometry_transforms/test_nppi_copyConstBorder.cpp:339&#x0A;Expected equality of these values:&#x0A;  dstData[i]&#x0A;    Which is: &apos;\0&apos;&#x0A;  srcData[i]&#x0A;    Which is: &apos;*&apos; (42, 0x2A)&#x0A;Data mismatch at index 53&#x0A;" type=""><![CDATA[/home/cjxu/npp/test/unit/nppi/nppi_geometry_transforms/test_nppi_copyConstBorder.cpp:339
Expected equality of these values:
  dstData[i]
    Which is: '\0'
  srcData[i]
    Which is: '*' (42, 0x2A)
Data mismatch at index 53
]]></failure>
      <failure message="/home/cjxu/npp/test/unit/nppi/nppi_geometry_transforms/test_nppi_copyConstBorder.cpp:339&#x0A;Expected equality of these values:&#x0A;  dstData[i]&#x0A;    Which is: &apos;\0&apos;&#x0A;  srcData[i]&#x0A;    Which is: &apos;\x1&apos; (1)&#x0A;Data mismatch at index 54&#x0A;" type=""><![CDATA[/home/cjxu/npp/test/unit/nppi/nppi_geometry_transforms/test_nppi_copyConstBorder.cpp:339
Expected equality of these values:
  dstData[i]
    Which is: '\0'
  srcData[i]
    Which is: '\x1' (1)
Data mismatch at index 54
]]></failure>
      <failure message="/home/cjxu/npp/test/unit/nppi/nppi_geometry_transforms/test_nppi_copyConstBorder.cpp:339&#x0A;Expected equality of these values:&#x0A;  dstData[i]&#x0A;    Which is: &apos;\0&apos;&#x0A;  srcData[i]&#x0A;    Which is: &apos;\xE4&apos; (228)&#x0A;Data mismatch at index 55&#x0A;" type=""><![CDATA[/home/cjxu/npp/test/unit/nppi/nppi_geometry_transforms/test_nppi_copyConstBorder.cpp:339
Expected equality of these values:
  dstData[i]
    Which is: '\0'
  srcData[i]
    Which is: '\xE4' (228)
Data mismatch at index 55
]]></failure>
      <failure message="/home/cjxu/npp/test/unit/nppi/nppi_geometry_transforms/test_nppi_copyConstBorder.cpp:339&#x0A;Expected equality of these values:&#x0A;  dstData[i]&#x0A;    Which is: &apos;\0&apos;&#x0A;  srcData[i]&#x0A;    Which is: &apos;\&apos;&apos; (39, 0x27)&#x0A;Data mismatch at index 56&#x0A;" type=""><![CDATA[/home/cjxu/npp/test/unit/nppi/nppi_geometry_transforms/test_nppi_copyConstBorder.cpp:339
Expected equality of these values:
  dstData[i]
    Which is: '\0'
  srcData[i]
    Which is: '\'' (39, 0x27)
Data mismatch at index 56
]]></failure>
      <failure message="/home/cjxu/npp/test/unit/nppi/nppi_geometry_transforms/test_nppi_copyConstBorder.cpp:339&#x0A;Expected equality of these values:&#x0A;  dstData[i]&#x0A;    Which is: &apos;\0&apos;&#x0A;  srcData[i]&#x0A;    Which is: &apos;\x4&apos; (4)&#x0A;Data mismatch at index 57&#x0A;" type=""><![CDATA[/home/cjxu/npp/test/unit/nppi/nppi_geometry_transforms/test_nppi_copyConstBorder.cpp:339
Expected equality of these values:
  dstData[i]
    Which is: '\0'
  srcData[i]
    Which is: '\x4' (4)
Data mismatch at index 57
]]></failure>
      <failure message="/home/cjxu/npp/test/unit/nppi/nppi_geometry_transforms/test_nppi_copyConstBorder.cpp:339&#x0A;Expected equality of these values:&#x0A;  dstData[i]&#x0A;    Which is: &apos;\0&apos;&#x0A;  srcData[i]&#x0A;    Which is: &apos;R&apos; (82, 0x52)&#x0A;Data mismatch at index 58&#x0A;" type=""><![CDATA[/home/cjxu/npp/test/unit/nppi/nppi_geometry_transforms/test_nppi_copyConstBorder.cpp:339
Expected equality of these values:
  dstData[i]
    Which is: '\0'
  srcData[i]
    Which is: 'R' (82, 0x52)
Data mismatch at index 58
]]></failure>
      <failure message="/home/cjxu/npp/test/unit/nppi/nppi_geometry_transforms/test_nppi_copyConstBorder.cpp:339&#x0A;Expected equality of these values:&#x0A;  dstData[i]&#x0A;    Which is: &apos;\0&apos;&#x0A;  srcData[i]&#x0A;    Which is: &apos;\b&apos; (8)&#x0A;Data mismatch at index 59&#x0A;" type=""><![CDATA[/home/cjxu/npp/test/unit/nppi/nppi_geometry_transforms/test_nppi_copyConstBorder.cpp:339
Expected equality of these values:
  dstData[i]
    Which is: '\0'
  srcData[i]
    Which is: '\b' (8)
Data mismatch at index 59
]]></failure>
      <failure message="/home/cjxu/npp/test/unit/nppi/nppi_geometry_transforms/test_nppi_copyConstBorder.cpp:339&#x0A;Expected equality of these values:&#x0A;  dstData[i]&#x0A;    Which is: &apos;\0&apos;&#x0A;  srcData[i]&#x0A;    Which is: &apos;\xFC&apos; (252)&#x0A;Data mismatch at index 60&#x0A;" type=""><![CDATA[/home/cjxu/npp/test/unit/nppi/nppi_geometry_transforms/test_nppi_copyConstBorder.cpp:339
Expected equality of these values:
  dstData[i]
    Which is: '\0'
  srcData[i]
    Which is: '\xFC' (252)
Data mismatch at index 60
]]></failure>
      <failure message="/home/cjxu/npp/test/unit/nppi/nppi_geometry_transforms/test_nppi_copyConstBorder.cpp:339&#x0A;Expected equality of these values:&#x0A;  dstData[i]&#x0A;    Which is: &apos;\0&apos;&#x0A;  srcData[i]&#x0A;    Which is: &apos;\xD3&apos; (211)&#x0A;Data mismatch at index 61&#x0A;" type=""><![CDATA[/home/cjxu/npp/test/unit/nppi/nppi_geometry_transforms/test_nppi_copyConstBorder.cpp:339
Expected equality of these values:
  dstData[i]
    Which is: '\0'
  srcData[i]
    Which is: '\xD3' (211)
Data mismatch at index 61
]]></failure>
      <failure message="/home/cjxu/npp/test/unit/nppi/nppi_geometry_transforms/test_nppi_copyConstBorder.cpp:339&#x0A;Expected equality of these values:&#x0A;  dstData[i]&#x0A;    Which is: &apos;\0&apos;&#x0A;  srcData[i]&#x0A;    Which is: &apos;\xA4&apos; (164)&#x0A;Data mismatch at index 62&#x0A;" type=""><![CDATA[/home/cjxu/npp/test/unit/nppi/nppi_geometry_transforms/test_nppi_copyConstBorder.cpp:339
Expected equality of these values:
  dstData[i]
    Which is: '\0'
  srcData[i]
    Which is: '\xA4' (164)
Data mismatch at index 62
]]></failure>
      <failure message="/home/cjxu/npp/test/unit/nppi/nppi_geometry_transforms/test_nppi_copyConstBorder.cpp:339&#x0A;Expected equality of these values:&#x0A;  dstData[i]&#x0A;    Which is: &apos;\0&apos;&#x0A;  srcData[i]&#x0A;    Which is: &apos;\xBC&apos; (188)&#x0A;Data mismatch at index 63&#x0A;" type=""><![CDATA[/home/cjxu/npp/test/unit/nppi/nppi_geometry_transforms/test_nppi_copyConstBorder.cpp:339
Expected equality of these values:
  dstData[i]
    Which is: '\0'
  srcData[i]
    Which is: '\xBC' (188)
Data mismatch at index 63
]]></failure>
      <failure message="/home/cjxu/npp/test/unit/nppi/nppi_geometry_transforms/test_nppi_copyConstBorder.cpp:339&#x0A;Expected equality of these values:&#x0A;  dstData[i]&#x0A;    Which is: &apos;\0&apos;&#x0A;  srcData[i]&#x0A;    Which is: &apos;\x95&apos; (149)&#x0A;Data mismatch at index 64&#x0A;" type=""><![CDATA[/home/cjxu/npp/test/unit/nppi/nppi_geometry_transforms/test_nppi_copyConstBorder.cpp:339
Expected equality of these values:
  dstData[i]
    Which is: '\0'
  srcData[i]
    Which is: '\x95' (149)
Data mismatch at index 64
]]></failure>
      <failure message="/home/cjxu/npp/test/unit/nppi/nppi_geometry_transforms/test_nppi_copyConstBorder.cpp:339&#x0A;Expected equality of these values:&#x0A;  dstData[i]&#x0A;    Which is: &apos;\0&apos;&#x0A;  srcData[i]&#x0A;    Which is: &apos;\n&apos; (10, 0xA)&#x0A;With diff:&#x0A;@@ -1,1 +1,2 @@&#x0A;-&apos;\0&apos;&#x0A;+&apos;&#x0A;+&apos; (10, 0xA)&#x0A;&#x0A;Data mismatch at index 65&#x0A;" type=""><![CDATA[/home/cjxu/npp/test/unit/nppi/nppi_geometry_transforms/test_nppi_copyConstBorder.cpp:339
Expected equality of these values:
  dstData[i]
    Which is: '\0'
  srcData[i]
    Which is: '\n' (10, 0xA)
With diff:
@@ -1,1 +1,2 @@
-'\0'
+'
+' (10, 0xA)

Data mismatch at index 65
]]></failure>
      <failure message="/home/cjxu/npp/test/unit/nppi/nppi_geometry_transforms/test_nppi_copyConstBorder.cpp:339&#x0A;Expected equality of these values:&#x0A;  dstData[i]&#x0A;    Which is: &apos;\0&apos;&#x0A;  srcData[i]&#x0A;    Which is: &apos;\x11&apos; (17)&#x0A;Data mismatch at index 66&#x0A;" type=""><![CDATA[/home/cjxu/npp/test/unit/nppi/nppi_geometry_transforms/test_nppi_copyConstBorder.cpp:339
Expected equality of these values:
  dstData[i]
    Which is: '\0'
  srcData[i]
    Which is: '\x11' (17)
Data mismatch at index 66
]]></failure>
      <failure message="/home/cjxu/npp/test/unit/nppi/nppi_geometry_transforms/test_nppi_copyConstBorder.cpp:339&#x0A;Expected equality of these values:&#x0A;  dstData[i]&#x0A;    Which is: &apos;\0&apos;&#x0A;  srcData[i]&#x0A;    Which is: &apos;\xEB&apos; (235)&#x0A;Data mismatch at index 67&#x0A;" type=""><![CDATA[/home/cjxu/npp/test/unit/nppi/nppi_geometry_transforms/test_nppi_copyConstBorder.cpp:339
Expected equality of these values:
  dstData[i]
    Which is: '\0'
  srcData[i]
    Which is: '\xEB' (235)
Data mismatch at index 67
]]></failure>
      <failure message="/home/cjxu/npp/test/unit/nppi/nppi_geometry_transforms/test_nppi_copyConstBorder.cpp:339&#x0A;Expected equality of these values:&#x0A;  dstData[i]&#x0A;    Which is: &apos;\0&apos;&#x0A;  srcData[i]&#x0A;    Which is: &apos;\xF5&apos; (245)&#x0A;Data mismatch at index 68&#x0A;" type=""><![CDATA[/home/cjxu/npp/test/unit/nppi/nppi_geometry_transforms/test_nppi_copyConstBorder.cpp:339
Expected equality of these values:
  dstData[i]
    Which is: '\0'
  srcData[i]
    Which is: '\xF5' (245)
Data mismatch at index 68
]]></failure>
      <failure message="/home/cjxu/npp/test/unit/nppi/nppi_geometry_transforms/test_nppi_copyConstBorder.cpp:339&#x0A;Expected equality of these values:&#x0A;  dstData[i]&#x0A;    Which is: &apos;\0&apos;&#x0A;  srcData[i]&#x0A;    Which is: &apos;\xC3&apos; (195)&#x0A;Data mismatch at index 69&#x0A;" type=""><![CDATA[/home/cjxu/npp/test/unit/nppi/nppi_geometry_transforms/test_nppi_copyConstBorder.cpp:339
Expected equality of these values:
  dstData[i]
    Which is: '\0'
  srcData[i]
    Which is: '\xC3' (195)
Data mismatch at index 69
]]></failure>
      <failure message="/home/cjxu/npp/test/unit/nppi/nppi_geometry_transforms/test_nppi_copyConstBorder.cpp:339&#x0A;Expected equality of these values:&#x0A;  dstData[i]&#x0A;    Which is: &apos;\0&apos;&#x0A;  srcData[i]&#x0A;    Which is: &apos;`&apos; (96, 0x60)&#x0A;Data mismatch at index 70&#x0A;" type=""><![CDATA[/home/cjxu/npp/test/unit/nppi/nppi_geometry_transforms/test_nppi_copyConstBorder.cpp:339
Expected equality of these values:
  dstData[i]
    Which is: '\0'
  srcData[i]
    Which is: '`' (96, 0x60)
Data mismatch at index 70
]]></failure>
      <failure message="/home/cjxu/npp/test/unit/nppi/nppi_geometry_transforms/test_nppi_copyConstBorder.cpp:339&#x0A;Expected equality of these values:&#x0A;  dstData[i]&#x0A;    Which is: &apos;\0&apos;&#x0A;  srcData[i]&#x0A;    Which is: &apos;\xCF&apos; (207)&#x0A;Data mismatch at index 71&#x0A;" type=""><![CDATA[/home/cjxu/npp/test/unit/nppi/nppi_geometry_transforms/test_nppi_copyConstBorder.cpp:339
Expected equality of these values:
  dstData[i]
    Which is: '\0'
  srcData[i]
    Which is: '\xCF' (207)
Data mismatch at index 71
]]></failure>
      <failure message="/home/cjxu/npp/test/unit/nppi/nppi_geometry_transforms/test_nppi_copyConstBorder.cpp:339&#x0A;Expected equality of these values:&#x0A;  dstData[i]&#x0A;    Which is: &apos;\0&apos;&#x0A;  srcData[i]&#x0A;    Which is: &apos;\r&apos; (13, 0xD)&#x0A;Data mismatch at index 72&#x0A;" type=""><![CDATA[/home/cjxu/npp/test/unit/nppi/nppi_geometry_transforms/test_nppi_copyConstBorder.cpp:339
Expected equality of these values:
  dstData[i]
    Which is: '\0'
  srcData[i]
    Which is: '\r' (13, 0xD)
Data mismatch at index 72
]]></failure>
      <failure message="/home/cjxu/npp/test/unit/nppi/nppi_geometry_transforms/test_nppi_copyConstBorder.cpp:339&#x0A;Expected equality of these values:&#x0A;  dstData[i]&#x0A;    Which is: &apos;\0&apos;&#x0A;  srcData[i]&#x0A;    Which is: &apos;\xBE&apos; (190)&#x0A;Data mismatch at index 73&#x0A;" type=""><![CDATA[/home/cjxu/npp/test/unit/nppi/nppi_geometry_transforms/test_nppi_copyConstBorder.cpp:339
Expected equality of these values:
  dstData[i]
    Which is: '\0'
  srcData[i]
    Which is: '\xBE' (190)
Data mismatch at index 73
]]></failure>
      <failure message="/home/cjxu/npp/test/unit/nppi/nppi_geometry_transforms/test_nppi_copyConstBorder.cpp:339&#x0A;Expected equality of these values:&#x0A;  dstData[i]&#x0A;    Which is: &apos;\0&apos;&#x0A;  srcData[i]&#x0A;    Which is: &apos;\xBE&apos; (190)&#x0A;Data mismatch at index 74&#x0A;" type=""><![CDATA[/home/cjxu/npp/test/unit/nppi/nppi_geometry_transforms/test_nppi_copyConstBorder.cpp:339
Expected equality of these values:
  dstData[i]
    Which is: '\0'
  srcData[i]
    Which is: '\xBE' (190)
Data mismatch at index 74
]]></failure>
      <failure message="/home/cjxu/npp/test/unit/nppi/nppi_geometry_transforms/test_nppi_copyConstBorder.cpp:339&#x0A;Expected equality of these values:&#x0A;  dstData[i]&#x0A;    Which is: &apos;\0&apos;&#x0A;  srcData[i]&#x0A;    Which is: &apos;\xDE&apos; (222)&#x0A;Data mismatch at index 75&#x0A;" type=""><![CDATA[/home/cjxu/npp/test/unit/nppi/nppi_geometry_transforms/test_nppi_copyConstBorder.cpp:339
Expected equality of these values:
  dstData[i]
    Which is: '\0'
  srcData[i]
    Which is: '\xDE' (222)
Data mismatch at index 75
]]></failure>
      <failure message="/home/cjxu/npp/test/unit/nppi/nppi_geometry_transforms/test_nppi_copyConstBorder.cpp:339&#x0A;Expected equality of these values:&#x0A;  dstData[i]&#x0A;    Which is: &apos;\0&apos;&#x0A;  srcData[i]&#x0A;    Which is: &apos;\x1B&apos; (27)&#x0A;Data mismatch at index 76&#x0A;" type=""><![CDATA[/home/cjxu/npp/test/unit/nppi/nppi_geometry_transforms/test_nppi_copyConstBorder.cpp:339
Expected equality of these values:
  dstData[i]
    Which is: '\0'
  srcData[i]
    Which is: '\x1B' (27)
Data mismatch at index 76
]]></failure>
      <failure message="/home/cjxu/npp/test/unit/nppi/nppi_geometry_transforms/test_nppi_copyConstBorder.cpp:339&#x0A;Expected equality of these values:&#x0A;  dstData[i]&#x0A;    Which is: &apos;\0&apos;&#x0A;  srcData[i]&#x0A;    Which is: &apos;L&apos; (76, 0x4C)&#x0A;Data mismatch at index 77&#x0A;" type=""><![CDATA[/home/cjxu/npp/test/unit/nppi/nppi_geometry_transforms/test_nppi_copyConstBorder.cpp:339
Expected equality of these values:
  dstData[i]
    Which is: '\0'
  srcData[i]
    Which is: 'L' (76, 0x4C)
Data mismatch at index 77
]]></failure>
      <failure message="/home/cjxu/npp/test/unit/nppi/nppi_geometry_transforms/test_nppi_copyConstBorder.cpp:339&#x0A;Expected equality of these values:&#x0A;  dstData[i]&#x0A;    Which is: &apos;\0&apos;&#x0A;  srcData[i]&#x0A;    Which is: &apos;\xFA&apos; (250)&#x0A;Data mismatch at index 78&#x0A;" type=""><![CDATA[/home/cjxu/npp/test/unit/nppi/nppi_geometry_transforms/test_nppi_copyConstBorder.cpp:339
Expected equality of these values:
  dstData[i]
    Which is: '\0'
  srcData[i]
    Which is: '\xFA' (250)
Data mismatch at index 78
]]></failure>
      <failure message="/home/cjxu/npp/test/unit/nppi/nppi_geometry_transforms/test_nppi_copyConstBorder.cpp:339&#x0A;Expected equality of these values:&#x0A;  dstData[i]&#x0A;    Which is: &apos;\0&apos;&#x0A;  srcData[i]&#x0A;    Which is: &apos;\xBE&apos; (190)&#x0A;Data mismatch at index 79&#x0A;" type=""><![CDATA[/home/cjxu/npp/test/unit/nppi/nppi_geometry_transforms/test_nppi_copyConstBorder.cpp:339
Expected equality of these values:
  dstData[i]
    Which is: '\0'
  srcData[i]
    Which is: '\xBE' (190)
Data mismatch at index 79
]]></failure>
      <failure message="/home/cjxu/npp/test/unit/nppi/nppi_geometry_transforms/test_nppi_copyConstBorder.cpp:339&#x0A;Expected equality of these values:&#x0A;  dstData[i]&#x0A;    Which is: &apos;\0&apos;&#x0A;  srcData[i]&#x0A;    Which is: &apos;\xF3&apos; (243)&#x0A;Data mismatch at index 80&#x0A;" type=""><![CDATA[/home/cjxu/npp/test/unit/nppi/nppi_geometry_transforms/test_nppi_copyConstBorder.cpp:339
Expected equality of these values:
  dstData[i]
    Which is: '\0'
  srcData[i]
    Which is: '\xF3' (243)
Data mismatch at index 80
]]></failure>
      <failure message="/home/cjxu/npp/test/unit/nppi/nppi_geometry_transforms/test_nppi_copyConstBorder.cpp:339&#x0A;Expected equality of these values:&#x0A;  dstData[i]&#x0A;    Which is: &apos;\0&apos;&#x0A;  srcData[i]&#x0A;    Which is: &apos;\x11&apos; (17)&#x0A;Data mismatch at index 81&#x0A;" type=""><![CDATA[/home/cjxu/npp/test/unit/nppi/nppi_geometry_transforms/test_nppi_copyConstBorder.cpp:339
Expected equality of these values:
  dstData[i]
    Which is: '\0'
  srcData[i]
    Which is: '\x11' (17)
Data mismatch at index 81
]]></failure>
      <failure message="/home/cjxu/npp/test/unit/nppi/nppi_geometry_transforms/test_nppi_copyConstBorder.cpp:339&#x0A;Expected equality of these values:&#x0A;  dstData[i]&#x0A;    Which is: &apos;\0&apos;&#x0A;  srcData[i]&#x0A;    Which is: &apos;\x93&apos; (147)&#x0A;Data mismatch at index 82&#x0A;" type=""><![CDATA[/home/cjxu/npp/test/unit/nppi/nppi_geometry_transforms/test_nppi_copyConstBorder.cpp:339
Expected equality of these values:
  dstData[i]
    Which is: '\0'
  srcData[i]
    Which is: '\x93' (147)
Data mismatch at index 82
]]></failure>
      <failure message="/home/cjxu/npp/test/unit/nppi/nppi_geometry_transforms/test_nppi_copyConstBorder.cpp:339&#x0A;Expected equality of these values:&#x0A;  dstData[i]&#x0A;    Which is: &apos;\0&apos;&#x0A;  srcData[i]&#x0A;    Which is: &apos;z&apos; (122, 0x7A)&#x0A;Data mismatch at index 83&#x0A;" type=""><![CDATA[/home/cjxu/npp/test/unit/nppi/nppi_geometry_transforms/test_nppi_copyConstBorder.cpp:339
Expected equality of these values:
  dstData[i]
    Which is: '\0'
  srcData[i]
    Which is: 'z' (122, 0x7A)
Data mismatch at index 83
]]></failure>
      <failure message="/home/cjxu/npp/test/unit/nppi/nppi_geometry_transforms/test_nppi_copyConstBorder.cpp:339&#x0A;Expected equality of these values:&#x0A;  dstData[i]&#x0A;    Which is: &apos;\0&apos;&#x0A;  srcData[i]&#x0A;    Which is: &apos;;&apos; (59, 0x3B)&#x0A;Data mismatch at index 84&#x0A;" type=""><![CDATA[/home/cjxu/npp/test/unit/nppi/nppi_geometry_transforms/test_nppi_copyConstBorder.cpp:339
Expected equality of these values:
  dstData[i]
    Which is: '\0'
  srcData[i]
    Which is: ';' (59, 0x3B)
Data mismatch at index 84
]]></failure>
      <failure message="/home/cjxu/npp/test/unit/nppi/nppi_geometry_transforms/test_nppi_copyConstBorder.cpp:339&#x0A;Expected equality of these values:&#x0A;  dstData[i]&#x0A;    Which is: &apos;\0&apos;&#x0A;  srcData[i]&#x0A;    Which is: &apos;\x94&apos; (148)&#x0A;Data mismatch at index 85&#x0A;" type=""><![CDATA[/home/cjxu/npp/test/unit/nppi/nppi_geometry_transforms/test_nppi_copyConstBorder.cpp:339
Expected equality of these values:
  dstData[i]
    Which is: '\0'
  srcData[i]
    Which is: '\x94' (148)
Data mismatch at index 85
]]></failure>
      <failure message="/home/cjxu/npp/test/unit/nppi/nppi_geometry_transforms/test_nppi_copyConstBorder.cpp:339&#x0A;Expected equality of these values:&#x0A;  dstData[i]&#x0A;    Which is: &apos;\0&apos;&#x0A;  srcData[i]&#x0A;    Which is: &apos;_&apos; (95, 0x5F)&#x0A;Data mismatch at index 86&#x0A;" type=""><![CDATA[/home/cjxu/npp/test/unit/nppi/nppi_geometry_transforms/test_nppi_copyConstBorder.cpp:339
Expected equality of these values:
  dstData[i]
    Which is: '\0'
  srcData[i]
    Which is: '_' (95, 0x5F)
Data mismatch at index 86
]]></failure>
      <failure message="/home/cjxu/npp/test/unit/nppi/nppi_geometry_transforms/test_nppi_copyConstBorder.cpp:339&#x0A;Expected equality of these values:&#x0A;  dstData[i]&#x0A;    Which is: &apos;\0&apos;&#x0A;  srcData[i]&#x0A;    Which is: &apos;b&apos; (98, 0x62)&#x0A;Data mismatch at index 87&#x0A;" type=""><![CDATA[/home/cjxu/npp/test/unit/nppi/nppi_geometry_transforms/test_nppi_copyConstBorder.cpp:339
Expected equality of these values:
  dstData[i]
    Which is: '\0'
  srcData[i]
    Which is: 'b' (98, 0x62)
Data mismatch at index 87
]]></failure>
      <failure message="/home/cjxu/npp/test/unit/nppi/nppi_geometry_transforms/test_nppi_copyConstBorder.cpp:339&#x0A;Expected equality of these values:&#x0A;  dstData[i]&#x0A;    Which is: &apos;\0&apos;&#x0A;  srcData[i]&#x0A;    Which is: &apos;\x99&apos; (153)&#x0A;Data mismatch at index 88&#x0A;" type=""><![CDATA[/home/cjxu/npp/test/unit/nppi/nppi_geometry_transforms/test_nppi_copyConstBorder.cpp:339
Expected equality of these values:
  dstData[i]
    Which is: '\0'
  srcData[i]
    Which is: '\x99' (153)
Data mismatch at index 88
]]></failure>
      <failure message="/home/cjxu/npp/test/unit/nppi/nppi_geometry_transforms/test_nppi_copyConstBorder.cpp:339&#x0A;Expected equality of these values:&#x0A;  dstData[i]&#x0A;    Which is: &apos;\0&apos;&#x0A;  srcData[i]&#x0A;    Which is: &apos;\xB1&apos; (177)&#x0A;Data mismatch at index 89&#x0A;" type=""><![CDATA[/home/cjxu/npp/test/unit/nppi/nppi_geometry_transforms/test_nppi_copyConstBorder.cpp:339
Expected equality of these values:
  dstData[i]
    Which is: '\0'
  srcData[i]
    Which is: '\xB1' (177)
Data mismatch at index 89
]]></failure>
      <failure message="/home/cjxu/npp/test/unit/nppi/nppi_geometry_transforms/test_nppi_copyConstBorder.cpp:339&#x0A;Expected equality of these values:&#x0A;  dstData[i]&#x0A;    Which is: &apos;\0&apos;&#x0A;  srcData[i]&#x0A;    Which is: &apos;j&apos; (106, 0x6A)&#x0A;Data mismatch at index 90&#x0A;" type=""><![CDATA[/home/cjxu/npp/test/unit/nppi/nppi_geometry_transforms/test_nppi_copyConstBorder.cpp:339
Expected equality of these values:
  dstData[i]
    Which is: '\0'
  srcData[i]
    Which is: 'j' (106, 0x6A)
Data mismatch at index 90
]]></failure>
      <failure message="/home/cjxu/npp/test/unit/nppi/nppi_geometry_transforms/test_nppi_copyConstBorder.cpp:339&#x0A;Expected equality of these values:&#x0A;  dstData[i]&#x0A;    Which is: &apos;\0&apos;&#x0A;  srcData[i]&#x0A;    Which is: &apos;\x95&apos; (149)&#x0A;Data mismatch at index 91&#x0A;" type=""><![CDATA[/home/cjxu/npp/test/unit/nppi/nppi_geometry_transforms/test_nppi_copyConstBorder.cpp:339
Expected equality of these values:
  dstData[i]
    Which is: '\0'
  srcData[i]
    Which is: '\x95' (149)
Data mismatch at index 91
]]></failure>
      <failure message="/home/cjxu/npp/test/unit/nppi/nppi_geometry_transforms/test_nppi_copyConstBorder.cpp:339&#x0A;Expected equality of these values:&#x0A;  dstData[i]&#x0A;    Which is: &apos;\0&apos;&#x0A;  srcData[i]&#x0A;    Which is: &apos;\x84&apos; (132)&#x0A;Data mismatch at index 92&#x0A;" type=""><![CDATA[/home/cjxu/npp/test/unit/nppi/nppi_geometry_transforms/test_nppi_copyConstBorder.cpp:339
Expected equality of these values:
  dstData[i]
    Which is: '\0'
  srcData[i]
    Which is: '\x84' (132)
Data mismatch at index 92
]]></failure>
      <failure message="/home/cjxu/npp/test/unit/nppi/nppi_geometry_transforms/test_nppi_copyConstBorder.cpp:339&#x0A;Expected equality of these values:&#x0A;  dstData[i]&#x0A;    Which is: &apos;\0&apos;&#x0A;  srcData[i]&#x0A;    Which is: &apos;\xE&apos; (14)&#x0A;Data mismatch at index 93&#x0A;" type=""><![CDATA[/home/cjxu/npp/test/unit/nppi/nppi_geometry_transforms/test_nppi_copyConstBorder.cpp:339
Expected equality of these values:
  dstData[i]
    Which is: '\0'
  srcData[i]
    Which is: '\xE' (14)
Data mismatch at index 93
]]></failure>
      <failure message="/home/cjxu/npp/test/unit/nppi/nppi_geometry_transforms/test_nppi_copyConstBorder.cpp:339&#x0A;Expected equality of these values:&#x0A;  dstData[i]&#x0A;    Which is: &apos;\0&apos;&#x0A;  srcData[i]&#x0A;    Which is: &apos;Q&apos; (81, 0x51)&#x0A;Data mismatch at index 94&#x0A;" type=""><![CDATA[/home/cjxu/npp/test/unit/nppi/nppi_geometry_transforms/test_nppi_copyConstBorder.cpp:339
Expected equality of these values:
  dstData[i]
    Which is: '\0'
  srcData[i]
    Which is: 'Q' (81, 0x51)
Data mismatch at index 94
]]></failure>
      <failure message="/home/cjxu/npp/test/unit/nppi/nppi_geometry_transforms/test_nppi_copyConstBorder.cpp:339&#x0A;Expected equality of these values:&#x0A;  dstData[i]&#x0A;    Which is: &apos;\0&apos;&#x0A;  srcData[i]&#x0A;    Which is: &apos;\x19&apos; (25)&#x0A;Data mismatch at index 95&#x0A;" type=""><![CDATA[/home/cjxu/npp/test/unit/nppi/nppi_geometry_transforms/test_nppi_copyConstBorder.cpp:339
Expected equality of these values:
  dstData[i]
    Which is: '\0'
  srcData[i]
    Which is: '\x19' (25)
Data mismatch at index 95
]]></failure>
      <failure message="/home/cjxu/npp/test/unit/nppi/nppi_geometry_transforms/test_nppi_copyConstBorder.cpp:339&#x0A;Expected equality of these values:&#x0A;  dstData[i]&#x0A;    Which is: &apos;\0&apos;&#x0A;  srcData[i]&#x0A;    Which is: &apos;\x18&apos; (24)&#x0A;Data mismatch at index 96&#x0A;" type=""><![CDATA[/home/cjxu/npp/test/unit/nppi/nppi_geometry_transforms/test_nppi_copyConstBorder.cpp:339
Expected equality of these values:
  dstData[i]
    Which is: '\0'
  srcData[i]
    Which is: '\x18' (24)
Data mismatch at index 96
]]></failure>
      <failure message="/home/cjxu/npp/test/unit/nppi/nppi_geometry_transforms/test_nppi_copyConstBorder.cpp:339&#x0A;Expected equality of these values:&#x0A;  dstData[i]&#x0A;    Which is: &apos;\0&apos;&#x0A;  srcData[i]&#x0A;    Which is: &apos;c&apos; (99, 0x63)&#x0A;Data mismatch at index 97&#x0A;" type=""><![CDATA[/home/cjxu/npp/test/unit/nppi/nppi_geometry_transforms/test_nppi_copyConstBorder.cpp:339
Expected equality of these values:
  dstData[i]
    Which is: '\0'
  srcData[i]
    Which is: 'c' (99, 0x63)
Data mismatch at index 97
]]></failure>
      <failure message="/home/cjxu/npp/test/unit/nppi/nppi_geometry_transforms/test_nppi_copyConstBorder.cpp:339&#x0A;Expected equality of these values:&#x0A;  dstData[i]&#x0A;    Which is: &apos;\0&apos;&#x0A;  srcData[i]&#x0A;    Which is: &apos;\x4&apos; (4)&#x0A;Data mismatch at index 98&#x0A;" type=""><![CDATA[/home/cjxu/npp/test/unit/nppi/nppi_geometry_transforms/test_nppi_copyConstBorder.cpp:339
Expected equality of these values:
  dstData[i]
    Which is: '\0'
  srcData[i]
    Which is: '\x4' (4)
Data mismatch at index 98
]]></failure>
      <failure message="/home/cjxu/npp/test/unit/nppi/nppi_geometry_transforms/test_nppi_copyConstBorder.cpp:339&#x0A;Expected equality of these values:&#x0A;  dstData[i]&#x0A;    Which is: &apos;\0&apos;&#x0A;  srcData[i]&#x0A;    Which is: &apos;\xE&apos; (14)&#x0A;Data mismatch at index 99&#x0A;" type=""><![CDATA[/home/cjxu/npp/test/unit/nppi/nppi_geometry_transforms/test_nppi_copyConstBorder.cpp:339
Expected equality of these values:
  dstData[i]
    Which is: '\0'
  srcData[i]
    Which is: '\xE' (14)
Data mismatch at index 99
]]></failure>
      <failure message="/home/cjxu/npp/test/unit/nppi/nppi_geometry_transforms/test_nppi_copyConstBorder.cpp:339&#x0A;Expected equality of these values:&#x0A;  dstData[i]&#x0A;    Which is: &apos;\0&apos;&#x0A;  srcData[i]&#x0A;    Which is: &apos;&amp;&apos; (38, 0x26)&#x0A;Data mismatch at index 100&#x0A;" type=""><![CDATA[/home/cjxu/npp/test/unit/nppi/nppi_geometry_transforms/test_nppi_copyConstBorder.cpp:339
Expected equality of these values:
  dstData[i]
    Which is: '\0'
  srcData[i]
    Which is: '&' (38, 0x26)
Data mismatch at index 100
]]></failure>
      <failure message="/home/cjxu/npp/test/unit/nppi/nppi_geometry_transforms/test_nppi_copyConstBorder.cpp:339&#x0A;Expected equality of these values:&#x0A;  dstData[i]&#x0A;    Which is: &apos;\0&apos;&#x0A;  srcData[i]&#x0A;    Which is: &apos;e&apos; (101, 0x65)&#x0A;Data mismatch at index 101&#x0A;" type=""><![CDATA[/home/cjxu/npp/test/unit/nppi/nppi_geometry_transforms/test_nppi_copyConstBorder.cpp:339
Expected equality of these values:
  dstData[i]
    Which is: '\0'
  srcData[i]
    Which is: 'e' (101, 0x65)
Data mismatch at index 101
]]></failure>
      <failure message="/home/cjxu/npp/test/unit/nppi/nppi_geometry_transforms/test_nppi_copyConstBorder.cpp:339&#x0A;Expected equality of these values:&#x0A;  dstData[i]&#x0A;    Which is: &apos;\0&apos;&#x0A;  srcData[i]&#x0A;    Which is: &apos;\xDD&apos; (221)&#x0A;Data mismatch at index 102&#x0A;" type=""><![CDATA[/home/cjxu/npp/test/unit/nppi/nppi_geometry_transforms/test_nppi_copyConstBorder.cpp:339
Expected equality of these values:
  dstData[i]
    Which is: '\0'
  srcData[i]
    Which is: '\xDD' (221)
Data mismatch at index 102
]]></failure>
      <failure message="/home/cjxu/npp/test/unit/nppi/nppi_geometry_transforms/test_nppi_copyConstBorder.cpp:339&#x0A;Expected equality of these values:&#x0A;  dstData[i]&#x0A;    Which is: &apos;\0&apos;&#x0A;  srcData[i]&#x0A;    Which is: &apos;4&apos; (52, 0x34)&#x0A;Data mismatch at index 103&#x0A;" type=""><![CDATA[/home/cjxu/npp/test/unit/nppi/nppi_geometry_transforms/test_nppi_copyConstBorder.cpp:339
Expected equality of these values:
  dstData[i]
    Which is: '\0'
  srcData[i]
    Which is: '4' (52, 0x34)
Data mismatch at index 103
]]></failure>
      <failure message="/home/cjxu/npp/test/unit/nppi/nppi_geometry_transforms/test_nppi_copyConstBorder.cpp:339&#x0A;Expected equality of these values:&#x0A;  dstData[i]&#x0A;    Which is: &apos;\0&apos;&#x0A;  srcData[i]&#x0A;    Which is: &apos;#&apos; (35, 0x23)&#x0A;Data mismatch at index 104&#x0A;" type=""><![CDATA[/home/cjxu/npp/test/unit/nppi/nppi_geometry_transforms/test_nppi_copyConstBorder.cpp:339
Expected equality of these values:
  dstData[i]
    Which is: '\0'
  srcData[i]
    Which is: '#' (35, 0x23)
Data mismatch at index 104
]]></failure>
      <failure message="/home/cjxu/npp/test/unit/nppi/nppi_geometry_transforms/test_nppi_copyConstBorder.cpp:339&#x0A;Expected equality of these values:&#x0A;  dstData[i]&#x0A;    Which is: &apos;\0&apos;&#x0A;  srcData[i]&#x0A;    Which is: &apos;\x9B&apos; (155)&#x0A;Data mismatch at index 105&#x0A;" type=""><![CDATA[/home/cjxu/npp/test/unit/nppi/nppi_geometry_transforms/test_nppi_copyConstBorder.cpp:339
Expected equality of these values:
  dstData[i]
    Which is: '\0'
  srcData[i]
    Which is: '\x9B' (155)
Data mismatch at index 105
]]></failure>
      <failure message="/home/cjxu/npp/test/unit/nppi/nppi_geometry_transforms/test_nppi_copyConstBorder.cpp:339&#x0A;Expected equality of these values:&#x0A;  dstData[i]&#x0A;    Which is: &apos;\0&apos;&#x0A;  srcData[i]&#x0A;    Which is: &apos;\x12&apos; (18)&#x0A;Data mismatch at index 106&#x0A;" type=""><![CDATA[/home/cjxu/npp/test/unit/nppi/nppi_geometry_transforms/test_nppi_copyConstBorder.cpp:339
Expected equality of these values:
  dstData[i]
    Which is: '\0'
  srcData[i]
    Which is: '\x12' (18)
Data mismatch at index 106
]]></failure>
      <failure message="/home/cjxu/npp/test/unit/nppi/nppi_geometry_transforms/test_nppi_copyConstBorder.cpp:339&#x0A;Expected equality of these values:&#x0A;  dstData[i]&#x0A;    Which is: &apos;\0&apos;&#x0A;  srcData[i]&#x0A;    Which is: &apos;&gt;&apos; (62, 0x3E)&#x0A;Data mismatch at index 107&#x0A;" type=""><![CDATA[/home/cjxu/npp/test/unit/nppi/nppi_geometry_transforms/test_nppi_copyConstBorder.cpp:339
Expected equality of these values:
  dstData[i]
    Which is: '\0'
  srcData[i]
    Which is: '>' (62, 0x3E)
Data mismatch at index 107
]]></failure>
      <failure message="/home/cjxu/npp/test/unit/nppi/nppi_geometry_transforms/test_nppi_copyConstBorder.cpp:339&#x0A;Expected equality of these values:&#x0A;  dstData[i]&#x0A;    Which is: &apos;\0&apos;&#x0A;  srcData[i]&#x0A;    Which is: &apos;\xE7&apos; (231)&#x0A;Data mismatch at index 108&#x0A;" type=""><![CDATA[/home/cjxu/npp/test/unit/nppi/nppi_geometry_transforms/test_nppi_copyConstBorder.cpp:339
Expected equality of these values:
  dstData[i]
    Which is: '\0'
  srcData[i]
    Which is: '\xE7' (231)
Data mismatch at index 108
]]></failure>
      <failure message="/home/cjxu/npp/test/unit/nppi/nppi_geometry_transforms/test_nppi_copyConstBorder.cpp:339&#x0A;Expected equality of these values:&#x0A;  dstData[i]&#x0A;    Which is: &apos;\0&apos;&#x0A;  srcData[i]&#x0A;    Which is: &apos;\f&apos; (12, 0xC)&#x0A;Data mismatch at index 109&#x0A;" type=""><![CDATA[/home/cjxu/npp/test/unit/nppi/nppi_geometry_transforms/test_nppi_copyConstBorder.cpp:339
Expected equality of these values:
  dstData[i]
    Which is: '\0'
  srcData[i]
    Which is: '\f' (12, 0xC)
Data mismatch at index 109
]]></failure>
      <failure message="/home/cjxu/npp/test/unit/nppi/nppi_geometry_transforms/test_nppi_copyConstBorder.cpp:339&#x0A;Expected equality of these values:&#x0A;  dstData[i]&#x0A;    Which is: &apos;\0&apos;&#x0A;  srcData[i]&#x0A;    Which is: &apos;\xFD&apos; (253)&#x0A;Data mismatch at index 110&#x0A;" type=""><![CDATA[/home/cjxu/npp/test/unit/nppi/nppi_geometry_transforms/test_nppi_copyConstBorder.cpp:339
Expected equality of these values:
  dstData[i]
    Which is: '\0'
  srcData[i]
    Which is: '\xFD' (253)
Data mismatch at index 110
]]></failure>
      <failure message="/home/cjxu/npp/test/unit/nppi/nppi_geometry_transforms/test_nppi_copyConstBorder.cpp:339&#x0A;Expected equality of these values:&#x0A;  dstData[i]&#x0A;    Which is: &apos;\0&apos;&#x0A;  srcData[i]&#x0A;    Which is: &apos;\xDA&apos; (218)&#x0A;Data mismatch at index 111&#x0A;" type=""><![CDATA[/home/cjxu/npp/test/unit/nppi/nppi_geometry_transforms/test_nppi_copyConstBorder.cpp:339
Expected equality of these values:
  dstData[i]
    Which is: '\0'
  srcData[i]
    Which is: '\xDA' (218)
Data mismatch at index 111
]]></failure>
      <failure message="/home/cjxu/npp/test/unit/nppi/nppi_geometry_transforms/test_nppi_copyConstBorder.cpp:339&#x0A;Expected equality of these values:&#x0A;  dstData[i]&#x0A;    Which is: &apos;\0&apos;&#x0A;  srcData[i]&#x0A;    Which is: &apos;\x1D&apos; (29)&#x0A;Data mismatch at index 112&#x0A;" type=""><![CDATA[/home/cjxu/npp/test/unit/nppi/nppi_geometry_transforms/test_nppi_copyConstBorder.cpp:339
Expected equality of these values:
  dstData[i]
    Which is: '\0'
  srcData[i]
    Which is: '\x1D' (29)
Data mismatch at index 112
]]></failure>
      <failure message="/home/cjxu/npp/test/unit/nppi/nppi_geometry_transforms/test_nppi_copyConstBorder.cpp:339&#x0A;Expected equality of these values:&#x0A;  dstData[i]&#x0A;    Which is: &apos;\0&apos;&#x0A;  srcData[i]&#x0A;    Which is: &apos;\x90&apos; (144)&#x0A;Data mismatch at index 113&#x0A;" type=""><![CDATA[/home/cjxu/npp/test/unit/nppi/nppi_geometry_transforms/test_nppi_copyConstBorder.cpp:339
Expected equality of these values:
  dstData[i]
    Which is: '\0'
  srcData[i]
    Which is: '\x90' (144)
Data mismatch at index 113
]]></failure>
      <failure message="/home/cjxu/npp/test/unit/nppi/nppi_geometry_transforms/test_nppi_copyConstBorder.cpp:339&#x0A;Expected equality of these values:&#x0A;  dstData[i]&#x0A;    Which is: &apos;\0&apos;&#x0A;  srcData[i]&#x0A;    Which is: &apos;U&apos; (85, 0x55)&#x0A;Data mismatch at index 114&#x0A;" type=""><![CDATA[/home/cjxu/npp/test/unit/nppi/nppi_geometry_transforms/test_nppi_copyConstBorder.cpp:339
Expected equality of these values:
  dstData[i]
    Which is: '\0'
  srcData[i]
    Which is: 'U' (85, 0x55)
Data mismatch at index 114
]]></failure>
      <failure message="/home/cjxu/npp/test/unit/nppi/nppi_geometry_transforms/test_nppi_copyConstBorder.cpp:339&#x0A;Expected equality of these values:&#x0A;  dstData[i]&#x0A;    Which is: &apos;\0&apos;&#x0A;  srcData[i]&#x0A;    Which is: &apos;X&apos; (88, 0x58)&#x0A;Data mismatch at index 115&#x0A;" type=""><![CDATA[/home/cjxu/npp/test/unit/nppi/nppi_geometry_transforms/test_nppi_copyConstBorder.cpp:339
Expected equality of these values:
  dstData[i]
    Which is: '\0'
  srcData[i]
    Which is: 'X' (88, 0x58)
Data mismatch at index 115
]]></failure>
      <failure message="/home/cjxu/npp/test/unit/nppi/nppi_geometry_transforms/test_nppi_copyConstBorder.cpp:339&#x0A;Expected equality of these values:&#x0A;  dstData[i]&#x0A;    Which is: &apos;\0&apos;&#x0A;  srcData[i]&#x0A;    Which is: &apos;$&apos; (36, 0x24)&#x0A;Data mismatch at index 116&#x0A;" type=""><![CDATA[/home/cjxu/npp/test/unit/nppi/nppi_geometry_transforms/test_nppi_copyConstBorder.cpp:339
Expected equality of these values:
  dstData[i]
    Which is: '\0'
  srcData[i]
    Which is: '$' (36, 0x24)
Data mismatch at index 116
]]></failure>
      <failure message="/home/cjxu/npp/test/unit/nppi/nppi_geometry_transforms/test_nppi_copyConstBorder.cpp:339&#x0A;Expected equality of these values:&#x0A;  dstData[i]&#x0A;    Which is: &apos;\0&apos;&#x0A;  srcData[i]&#x0A;    Which is: &apos;\xB4&apos; (180)&#x0A;Data mismatch at index 117&#x0A;" type=""><![CDATA[/home/cjxu/npp/test/unit/nppi/nppi_geometry_transforms/test_nppi_copyConstBorder.cpp:339
Expected equality of these values:
  dstData[i]
    Which is: '\0'
  srcData[i]
    Which is: '\xB4' (180)
Data mismatch at index 117
]]></failure>
      <failure message="/home/cjxu/npp/test/unit/nppi/nppi_geometry_transforms/test_nppi_copyConstBorder.cpp:339&#x0A;Expected equality of these values:&#x0A;  dstData[i]&#x0A;    Which is: &apos;\0&apos;&#x0A;  srcData[i]&#x0A;    Which is: &apos;\xBA&apos; (186)&#x0A;Data mismatch at index 118&#x0A;" type=""><![CDATA[/home/cjxu/npp/test/unit/nppi/nppi_geometry_transforms/test_nppi_copyConstBorder.cpp:339
Expected equality of these values:
  dstData[i]
    Which is: '\0'
  srcData[i]
    Which is: '\xBA' (186)
Data mismatch at index 118
]]></failure>
      <failure message="/home/cjxu/npp/test/unit/nppi/nppi_geometry_transforms/test_nppi_copyConstBorder.cpp:339&#x0A;Expected equality of these values:&#x0A;  dstData[i]&#x0A;    Which is: &apos;\0&apos;&#x0A;  srcData[i]&#x0A;    Which is: &apos;\xBD&apos; (189)&#x0A;Data mismatch at index 119&#x0A;" type=""><![CDATA[/home/cjxu/npp/test/unit/nppi/nppi_geometry_transforms/test_nppi_copyConstBorder.cpp:339
Expected equality of these values:
  dstData[i]
    Which is: '\0'
  srcData[i]
    Which is: '\xBD' (189)
Data mismatch at index 119
]]></failure>
      <failure message="/home/cjxu/npp/test/unit/nppi/nppi_geometry_transforms/test_nppi_copyConstBorder.cpp:339&#x0A;Expected equality of these values:&#x0A;  dstData[i]&#x0A;    Which is: &apos;\0&apos;&#x0A;  srcData[i]&#x0A;    Which is: &apos;e&apos; (101, 0x65)&#x0A;Data mismatch at index 120&#x0A;" type=""><![CDATA[/home/cjxu/npp/test/unit/nppi/nppi_geometry_transforms/test_nppi_copyConstBorder.cpp:339
Expected equality of these values:
  dstData[i]
    Which is: '\0'
  srcData[i]
    Which is: 'e' (101, 0x65)
Data mismatch at index 120
]]></failure>
      <failure message="/home/cjxu/npp/test/unit/nppi/nppi_geometry_transforms/test_nppi_copyConstBorder.cpp:339&#x0A;Expected equality of these values:&#x0A;  dstData[i]&#x0A;    Which is: &apos;\0&apos;&#x0A;  srcData[i]&#x0A;    Which is: &apos;%&apos; (37, 0x25)&#x0A;Data mismatch at index 121&#x0A;" type=""><![CDATA[/home/cjxu/npp/test/unit/nppi/nppi_geometry_transforms/test_nppi_copyConstBorder.cpp:339
Expected equality of these values:
  dstData[i]
    Which is: '\0'
  srcData[i]
    Which is: '%' (37, 0x25)
Data mismatch at index 121
]]></failure>
      <failure message="/home/cjxu/npp/test/unit/nppi/nppi_geometry_transforms/test_nppi_copyConstBorder.cpp:339&#x0A;Expected equality of these values:&#x0A;  dstData[i]&#x0A;    Which is: &apos;\0&apos;&#x0A;  srcData[i]&#x0A;    Which is: &apos;S&apos; (83, 0x53)&#x0A;Data mismatch at index 122&#x0A;" type=""><![CDATA[/home/cjxu/npp/test/unit/nppi/nppi_geometry_transforms/test_nppi_copyConstBorder.cpp:339
Expected equality of these values:
  dstData[i]
    Which is: '\0'
  srcData[i]
    Which is: 'S' (83, 0x53)
Data mismatch at index 122
]]></failure>
      <failure message="/home/cjxu/npp/test/unit/nppi/nppi_geometry_transforms/test_nppi_copyConstBorder.cpp:339&#x0A;Expected equality of these values:&#x0A;  dstData[i]&#x0A;    Which is: &apos;\0&apos;&#x0A;  srcData[i]&#x0A;    Which is: &apos;\xEA&apos; (234)&#x0A;Data mismatch at index 123&#x0A;" type=""><![CDATA[/home/cjxu/npp/test/unit/nppi/nppi_geometry_transforms/test_nppi_copyConstBorder.cpp:339
Expected equality of these values:
  dstData[i]
    Which is: '\0'
  srcData[i]
    Which is: '\xEA' (234)
Data mismatch at index 123
]]></failure>
      <failure message="/home/cjxu/npp/test/unit/nppi/nppi_geometry_transforms/test_nppi_copyConstBorder.cpp:339&#x0A;Expected equality of these values:&#x0A;  dstData[i]&#x0A;    Which is: &apos;\0&apos;&#x0A;  srcData[i]&#x0A;    Which is: &apos;3&apos; (51, 0x33)&#x0A;Data mismatch at index 124&#x0A;" type=""><![CDATA[/home/cjxu/npp/test/unit/nppi/nppi_geometry_transforms/test_nppi_copyConstBorder.cpp:339
Expected equality of these values:
  dstData[i]
    Which is: '\0'
  srcData[i]
    Which is: '3' (51, 0x33)
Data mismatch at index 124
]]></failure>
      <failure message="/home/cjxu/npp/test/unit/nppi/nppi_geometry_transforms/test_nppi_copyConstBorder.cpp:339&#x0A;Expected equality of these values:&#x0A;  dstData[i]&#x0A;    Which is: &apos;\0&apos;&#x0A;  srcData[i]&#x0A;    Which is: &apos;\xA4&apos; (164)&#x0A;Data mismatch at index 125&#x0A;" type=""><![CDATA[/home/cjxu/npp/test/unit/nppi/nppi_geometry_transforms/test_nppi_copyConstBorder.cpp:339
Expected equality of these values:
  dstData[i]
    Which is: '\0'
  srcData[i]
    Which is: '\xA4' (164)
Data mismatch at index 125
]]></failure>
      <failure message="/home/cjxu/npp/test/unit/nppi/nppi_geometry_transforms/test_nppi_copyConstBorder.cpp:339&#x0A;Expected equality of these values:&#x0A;  dstData[i]&#x0A;    Which is: &apos;\0&apos;&#x0A;  srcData[i]&#x0A;    Which is: &apos;\x3&apos; (3)&#x0A;Data mismatch at index 126&#x0A;" type=""><![CDATA[/home/cjxu/npp/test/unit/nppi/nppi_geometry_transforms/test_nppi_copyConstBorder.cpp:339
Expected equality of these values:
  dstData[i]
    Which is: '\0'
  srcData[i]
    Which is: '\x3' (3)
Data mismatch at index 126
]]></failure>
      <failure message="/home/cjxu/npp/test/unit/nppi/nppi_geometry_transforms/test_nppi_copyConstBorder.cpp:339&#x0A;Expected equality of these values:&#x0A;  dstData[i]&#x0A;    Which is: &apos;\0&apos;&#x0A;  srcData[i]&#x0A;    Which is: &apos;L&apos; (76, 0x4C)&#x0A;Data mismatch at index 127&#x0A;" type=""><![CDATA[/home/cjxu/npp/test/unit/nppi/nppi_geometry_transforms/test_nppi_copyConstBorder.cpp:339
Expected equality of these values:
  dstData[i]
    Which is: '\0'
  srcData[i]
    Which is: 'L' (76, 0x4C)
Data mismatch at index 127
]]></failure>
      <failure message="/home/cjxu/npp/test/unit/nppi/nppi_geometry_transforms/test_nppi_copyConstBorder.cpp:339&#x0A;Expected equality of these values:&#x0A;  dstData[i]&#x0A;    Which is: &apos;\0&apos;&#x0A;  srcData[i]&#x0A;    Which is: &apos;\a&apos; (7)&#x0A;Data mismatch at index 128&#x0A;" type=""><![CDATA[/home/cjxu/npp/test/unit/nppi/nppi_geometry_transforms/test_nppi_copyConstBorder.cpp:339
Expected equality of these values:
  dstData[i]
    Which is: '\0'
  srcData[i]
    Which is: '\a' (7)
Data mismatch at index 128
]]></failure>
      <failure message="/home/cjxu/npp/test/unit/nppi/nppi_geometry_transforms/test_nppi_copyConstBorder.cpp:339&#x0A;Expected equality of these values:&#x0A;  dstData[i]&#x0A;    Which is: &apos;\0&apos;&#x0A;  srcData[i]&#x0A;    Which is: &apos;\b&apos; (8)&#x0A;Data mismatch at index 129&#x0A;" type=""><![CDATA[/home/cjxu/npp/test/unit/nppi/nppi_geometry_transforms/test_nppi_copyConstBorder.cpp:339
Expected equality of these values:
  dstData[i]
    Which is: '\0'
  srcData[i]
    Which is: '\b' (8)
Data mismatch at index 129
]]></failure>
      <failure message="/home/cjxu/npp/test/unit/nppi/nppi_geometry_transforms/test_nppi_copyConstBorder.cpp:339&#x0A;Expected equality of these values:&#x0A;  dstData[i]&#x0A;    Which is: &apos;\0&apos;&#x0A;  srcData[i]&#x0A;    Which is: &apos;Z&apos; (90, 0x5A)&#x0A;Data mismatch at index 130&#x0A;" type=""><![CDATA[/home/cjxu/npp/test/unit/nppi/nppi_geometry_transforms/test_nppi_copyConstBorder.cpp:339
Expected equality of these values:
  dstData[i]
    Which is: '\0'
  srcData[i]
    Which is: 'Z' (90, 0x5A)
Data mismatch at index 130
]]></failure>
      <failure message="/home/cjxu/npp/test/unit/nppi/nppi_geometry_transforms/test_nppi_copyConstBorder.cpp:339&#x0A;Expected equality of these values:&#x0A;  dstData[i]&#x0A;    Which is: &apos;\0&apos;&#x0A;  srcData[i]&#x0A;    Which is: &apos;.&apos; (46, 0x2E)&#x0A;Data mismatch at index 131&#x0A;" type=""><![CDATA[/home/cjxu/npp/test/unit/nppi/nppi_geometry_transforms/test_nppi_copyConstBorder.cpp:339
Expected equality of these values:
  dstData[i]
    Which is: '\0'
  srcData[i]
    Which is: '.' (46, 0x2E)
Data mismatch at index 131
]]></failure>
      <failure message="/home/cjxu/npp/test/unit/nppi/nppi_geometry_transforms/test_nppi_copyConstBorder.cpp:339&#x0A;Expected equality of these values:&#x0A;  dstData[i]&#x0A;    Which is: &apos;\0&apos;&#x0A;  srcData[i]&#x0A;    Which is: &apos;m&apos; (109, 0x6D)&#x0A;Data mismatch at index 132&#x0A;" type=""><![CDATA[/home/cjxu/npp/test/unit/nppi/nppi_geometry_transforms/test_nppi_copyConstBorder.cpp:339
Expected equality of these values:
  dstData[i]
    Which is: '\0'
  srcData[i]
    Which is: 'm' (109, 0x6D)
Data mismatch at index 132
]]></failure>
      <failure message="/home/cjxu/npp/test/unit/nppi/nppi_geometry_transforms/test_nppi_copyConstBorder.cpp:339&#x0A;Expected equality of these values:&#x0A;  dstData[i]&#x0A;    Which is: &apos;\0&apos;&#x0A;  srcData[i]&#x0A;    Which is: &apos;7&apos; (55, 0x37)&#x0A;Data mismatch at index 133&#x0A;" type=""><![CDATA[/home/cjxu/npp/test/unit/nppi/nppi_geometry_transforms/test_nppi_copyConstBorder.cpp:339
Expected equality of these values:
  dstData[i]
    Which is: '\0'
  srcData[i]
    Which is: '7' (55, 0x37)
Data mismatch at index 133
]]></failure>
      <failure message="/home/cjxu/npp/test/unit/nppi/nppi_geometry_transforms/test_nppi_copyConstBorder.cpp:339&#x0A;Expected equality of these values:&#x0A;  dstData[i]&#x0A;    Which is: &apos;\0&apos;&#x0A;  srcData[i]&#x0A;    Which is: &apos;b&apos; (98, 0x62)&#x0A;Data mismatch at index 134&#x0A;" type=""><![CDATA[/home/cjxu/npp/test/unit/nppi/nppi_geometry_transforms/test_nppi_copyConstBorder.cpp:339
Expected equality of these values:
  dstData[i]
    Which is: '\0'
  srcData[i]
    Which is: 'b' (98, 0x62)
Data mismatch at index 134
]]></failure>
      <failure message="/home/cjxu/npp/test/unit/nppi/nppi_geometry_transforms/test_nppi_copyConstBorder.cpp:339&#x0A;Expected equality of these values:&#x0A;  dstData[i]&#x0A;    Which is: &apos;\0&apos;&#x0A;  srcData[i]&#x0A;    Which is: &apos;\x90&apos; (144)&#x0A;Data mismatch at index 135&#x0A;" type=""><![CDATA[/home/cjxu/npp/test/unit/nppi/nppi_geometry_transforms/test_nppi_copyConstBorder.cpp:339
Expected equality of these values:
  dstData[i]
    Which is: '\0'
  srcData[i]
    Which is: '\x90' (144)
Data mismatch at index 135
]]></failure>
      <failure message="/home/cjxu/npp/test/unit/nppi/nppi_geometry_transforms/test_nppi_copyConstBorder.cpp:339&#x0A;Expected equality of these values:&#x0A;  dstData[i]&#x0A;    Which is: &apos;\0&apos;&#x0A;  srcData[i]&#x0A;    Which is: &apos;\xD2&apos; (210)&#x0A;Data mismatch at index 136&#x0A;" type=""><![CDATA[/home/cjxu/npp/test/unit/nppi/nppi_geometry_transforms/test_nppi_copyConstBorder.cpp:339
Expected equality of these values:
  dstData[i]
    Which is: '\0'
  srcData[i]
    Which is: '\xD2' (210)
Data mismatch at index 136
]]></failure>
      <failure message="/home/cjxu/npp/test/unit/nppi/nppi_geometry_transforms/test_nppi_copyConstBorder.cpp:339&#x0A;Expected equality of these values:&#x0A;  dstData[i]&#x0A;    Which is: &apos;\0&apos;&#x0A;  srcData[i]&#x0A;    Which is: &apos;t&apos; (116, 0x74)&#x0A;Data mismatch at index 137&#x0A;" type=""><![CDATA[/home/cjxu/npp/test/unit/nppi/nppi_geometry_transforms/test_nppi_copyConstBorder.cpp:339
Expected equality of these values:
  dstData[i]
    Which is: '\0'
  srcData[i]
    Which is: 't' (116, 0x74)
Data mismatch at index 137
]]></failure>
      <failure message="/home/cjxu/npp/test/unit/nppi/nppi_geometry_transforms/test_nppi_copyConstBorder.cpp:339&#x0A;Expected equality of these values:&#x0A;  dstData[i]&#x0A;    Which is: &apos;\0&apos;&#x0A;  srcData[i]&#x0A;    Which is: &apos;\xCE&apos; (206)&#x0A;Data mismatch at index 138&#x0A;" type=""><![CDATA[/home/cjxu/npp/test/unit/nppi/nppi_geometry_transforms/test_nppi_copyConstBorder.cpp:339
Expected equality of these values:
  dstData[i]
    Which is: '\0'
  srcData[i]
    Which is: '\xCE' (206)
Data mismatch at index 138
]]></failure>
      <failure message="/home/cjxu/npp/test/unit/nppi/nppi_geometry_transforms/test_nppi_copyConstBorder.cpp:339&#x0A;Expected equality of these values:&#x0A;  dstData[i]&#x0A;    Which is: &apos;\0&apos;&#x0A;  srcData[i]&#x0A;    Which is: &apos;\xB9&apos; (185)&#x0A;Data mismatch at index 139&#x0A;" type=""><![CDATA[/home/cjxu/npp/test/unit/nppi/nppi_geometry_transforms/test_nppi_copyConstBorder.cpp:339
Expected equality of these values:
  dstData[i]
    Which is: '\0'
  srcData[i]
    Which is: '\xB9' (185)
Data mismatch at index 139
]]></failure>
      <failure message="/home/cjxu/npp/test/unit/nppi/nppi_geometry_transforms/test_nppi_copyConstBorder.cpp:339&#x0A;Expected equality of these values:&#x0A;  dstData[i]&#x0A;    Which is: &apos;\0&apos;&#x0A;  srcData[i]&#x0A;    Which is: &apos;\x80&apos; (128)&#x0A;Data mismatch at index 140&#x0A;" type=""><![CDATA[/home/cjxu/npp/test/unit/nppi/nppi_geometry_transforms/test_nppi_copyConstBorder.cpp:339
Expected equality of these values:
  dstData[i]
    Which is: '\0'
  srcData[i]
    Which is: '\x80' (128)
Data mismatch at index 140
]]></failure>
      <failure message="/home/cjxu/npp/test/unit/nppi/nppi_geometry_transforms/test_nppi_copyConstBorder.cpp:339&#x0A;Expected equality of these values:&#x0A;  dstData[i]&#x0A;    Which is: &apos;\0&apos;&#x0A;  srcData[i]&#x0A;    Which is: &apos;\xCB&apos; (203)&#x0A;Data mismatch at index 141&#x0A;" type=""><![CDATA[/home/cjxu/npp/test/unit/nppi/nppi_geometry_transforms/test_nppi_copyConstBorder.cpp:339
Expected equality of these values:
  dstData[i]
    Which is: '\0'
  srcData[i]
    Which is: '\xCB' (203)
Data mismatch at index 141
]]></failure>
      <failure message="/home/cjxu/npp/test/unit/nppi/nppi_geometry_transforms/test_nppi_copyConstBorder.cpp:339&#x0A;Expected equality of these values:&#x0A;  dstData[i]&#x0A;    Which is: &apos;\0&apos;&#x0A;  srcData[i]&#x0A;    Which is: &apos;\x94&apos; (148)&#x0A;Data mismatch at index 142&#x0A;" type=""><![CDATA[/home/cjxu/npp/test/unit/nppi/nppi_geometry_transforms/test_nppi_copyConstBorder.cpp:339
Expected equality of these values:
  dstData[i]
    Which is: '\0'
  srcData[i]
    Which is: '\x94' (148)
Data mismatch at index 142
]]></failure>
      <failure message="/home/cjxu/npp/test/unit/nppi/nppi_geometry_transforms/test_nppi_copyConstBorder.cpp:339&#x0A;Expected equality of these values:&#x0A;  dstData[i]&#x0A;    Which is: &apos;\0&apos;&#x0A;  srcData[i]&#x0A;    Which is: &apos;\x9D&apos; (157)&#x0A;Data mismatch at index 143&#x0A;" type=""><![CDATA[/home/cjxu/npp/test/unit/nppi/nppi_geometry_transforms/test_nppi_copyConstBorder.cpp:339
Expected equality of these values:
  dstData[i]
    Which is: '\0'
  srcData[i]
    Which is: '\x9D' (157)
Data mismatch at index 143
]]></failure>
      <failure message="/home/cjxu/npp/test/unit/nppi/nppi_geometry_transforms/test_nppi_copyConstBorder.cpp:339&#x0A;Expected equality of these values:&#x0A;  dstData[i]&#x0A;    Which is: &apos;\0&apos;&#x0A;  srcData[i]&#x0A;    Which is: &apos;[&apos; (91, 0x5B)&#x0A;Data mismatch at index 144&#x0A;" type=""><![CDATA[/home/cjxu/npp/test/unit/nppi/nppi_geometry_transforms/test_nppi_copyConstBorder.cpp:339
Expected equality of these values:
  dstData[i]
    Which is: '\0'
  srcData[i]
    Which is: '[' (91, 0x5B)
Data mismatch at index 144
]]></failure>
      <failure message="/home/cjxu/npp/test/unit/nppi/nppi_geometry_transforms/test_nppi_copyConstBorder.cpp:339&#x0A;Expected equality of these values:&#x0A;  dstData[i]&#x0A;    Which is: &apos;\0&apos;&#x0A;  srcData[i]&#x0A;    Which is: &apos;\xE9&apos; (233)&#x0A;Data mismatch at index 145&#x0A;" type=""><![CDATA[/home/cjxu/npp/test/unit/nppi/nppi_geometry_transforms/test_nppi_copyConstBorder.cpp:339
Expected equality of these values:
  dstData[i]
    Which is: '\0'
  srcData[i]
    Which is: '\xE9' (233)
Data mismatch at index 145
]]></failure>
      <failure message="/home/cjxu/npp/test/unit/nppi/nppi_geometry_transforms/test_nppi_copyConstBorder.cpp:339&#x0A;Expected equality of these values:&#x0A;  dstData[i]&#x0A;    Which is: &apos;\0&apos;&#x0A;  srcData[i]&#x0A;    Which is: &apos;\xF5&apos; (245)&#x0A;Data mismatch at index 146&#x0A;" type=""><![CDATA[/home/cjxu/npp/test/unit/nppi/nppi_geometry_transforms/test_nppi_copyConstBorder.cpp:339
Expected equality of these values:
  dstData[i]
    Which is: '\0'
  srcData[i]
    Which is: '\xF5' (245)
Data mismatch at index 146
]]></failure>
      <failure message="/home/cjxu/npp/test/unit/nppi/nppi_geometry_transforms/test_nppi_copyConstBorder.cpp:339&#x0A;Expected equality of these values:&#x0A;  dstData[i]&#x0A;    Which is: &apos;\0&apos;&#x0A;  srcData[i]&#x0A;    Which is: &apos;\x80&apos; (128)&#x0A;Data mismatch at index 147&#x0A;" type=""><![CDATA[/home/cjxu/npp/test/unit/nppi/nppi_geometry_transforms/test_nppi_copyConstBorder.cpp:339
Expected equality of these values:
  dstData[i]
    Which is: '\0'
  srcData[i]
    Which is: '\x80' (128)
Data mismatch at index 147
]]></failure>
      <failure message="/home/cjxu/npp/test/unit/nppi/nppi_geometry_transforms/test_nppi_copyConstBorder.cpp:339&#x0A;Expected equality of these values:&#x0A;  dstData[i]&#x0A;    Which is: &apos;\0&apos;&#x0A;  srcData[i]&#x0A;    Which is: &apos;\x9D&apos; (157)&#x0A;Data mismatch at index 148&#x0A;" type=""><![CDATA[/home/cjxu/npp/test/unit/nppi/nppi_geometry_transforms/test_nppi_copyConstBorder.cpp:339
Expected equality of these values:
  dstData[i]
    Which is: '\0'
  srcData[i]
    Which is: '\x9D' (157)
Data mismatch at index 148
]]></failure>
      <failure message="/home/cjxu/npp/test/unit/nppi/nppi_geometry_transforms/test_nppi_copyConstBorder.cpp:339&#x0A;Expected equality of these values:&#x0A;  dstData[i]&#x0A;    Which is: &apos;\0&apos;&#x0A;  srcData[i]&#x0A;    Which is: &apos;\xAF&apos; (175)&#x0A;Data mismatch at index 149&#x0A;" type=""><![CDATA[/home/cjxu/npp/test/unit/nppi/nppi_geometry_transforms/test_nppi_copyConstBorder.cpp:339
Expected equality of these values:
  dstData[i]
    Which is: '\0'
  srcData[i]
    Which is: '\xAF' (175)
Data mismatch at index 149
]]></failure>
      <failure message="/home/cjxu/npp/test/unit/nppi/nppi_geometry_transforms/test_nppi_copyConstBorder.cpp:339&#x0A;Expected equality of these values:&#x0A;  dstData[i]&#x0A;    Which is: &apos;\0&apos;&#x0A;  srcData[i]&#x0A;    Which is: &apos;=&apos; (61, 0x3D)&#x0A;Data mismatch at index 150&#x0A;" type=""><![CDATA[/home/cjxu/npp/test/unit/nppi/nppi_geometry_transforms/test_nppi_copyConstBorder.cpp:339
Expected equality of these values:
  dstData[i]
    Which is: '\0'
  srcData[i]
    Which is: '=' (61, 0x3D)
Data mismatch at index 150
]]></failure>
      <failure message="/home/cjxu/npp/test/unit/nppi/nppi_geometry_transforms/test_nppi_copyConstBorder.cpp:339&#x0A;Expected equality of these values:&#x0A;  dstData[i]&#x0A;    Which is: &apos;\0&apos;&#x0A;  srcData[i]&#x0A;    Which is: &apos;\x2&apos; (2)&#x0A;Data mismatch at index 151&#x0A;" type=""><![CDATA[/home/cjxu/npp/test/unit/nppi/nppi_geometry_transforms/test_nppi_copyConstBorder.cpp:339
Expected equality of these values:
  dstData[i]
    Which is: '\0'
  srcData[i]
    Which is: '\x2' (2)
Data mismatch at index 151
]]></failure>
      <failure message="/home/cjxu/npp/test/unit/nppi/nppi_geometry_transforms/test_nppi_copyConstBorder.cpp:339&#x0A;Expected equality of these values:&#x0A;  dstData[i]&#x0A;    Which is: &apos;\0&apos;&#x0A;  srcData[i]&#x0A;    Which is: &apos;\xD4&apos; (212)&#x0A;Data mismatch at index 152&#x0A;" type=""><![CDATA[/home/cjxu/npp/test/unit/nppi/nppi_geometry_transforms/test_nppi_copyConstBorder.cpp:339
Expected equality of these values:
  dstData[i]
    Which is: '\0'
  srcData[i]
    Which is: '\xD4' (212)
Data mismatch at index 152
]]></failure>
      <failure message="/home/cjxu/npp/test/unit/nppi/nppi_geometry_transforms/test_nppi_copyConstBorder.cpp:339&#x0A;Expected equality of these values:&#x0A;  dstData[i]&#x0A;    Which is: &apos;\0&apos;&#x0A;  srcData[i]&#x0A;    Which is: &apos;\x90&apos; (144)&#x0A;Data mismatch at index 153&#x0A;" type=""><![CDATA[/home/cjxu/npp/test/unit/nppi/nppi_geometry_transforms/test_nppi_copyConstBorder.cpp:339
Expected equality of these values:
  dstData[i]
    Which is: '\0'
  srcData[i]
    Which is: '\x90' (144)
Data mismatch at index 153
]]></failure>
      <failure message="/home/cjxu/npp/test/unit/nppi/nppi_geometry_transforms/test_nppi_copyConstBorder.cpp:339&#x0A;Expected equality of these values:&#x0A;  dstData[i]&#x0A;    Which is: &apos;\0&apos;&#x0A;  srcData[i]&#x0A;    Which is: &apos;\xEC&apos; (236)&#x0A;Data mismatch at index 154&#x0A;" type=""><![CDATA[/home/cjxu/npp/test/unit/nppi/nppi_geometry_transforms/test_nppi_copyConstBorder.cpp:339
Expected equality of these values:
  dstData[i]
    Which is: '\0'
  srcData[i]
    Which is: '\xEC' (236)
Data mismatch at index 154
]]></failure>
      <failure message="/home/cjxu/npp/test/unit/nppi/nppi_geometry_transforms/test_nppi_copyConstBorder.cpp:339&#x0A;Expected equality of these values:&#x0A;  dstData[i]&#x0A;    Which is: &apos;\0&apos;&#x0A;  srcData[i]&#x0A;    Which is: &apos;\b&apos; (8)&#x0A;Data mismatch at index 155&#x0A;" type=""><![CDATA[/home/cjxu/npp/test/unit/nppi/nppi_geometry_transforms/test_nppi_copyConstBorder.cpp:339
Expected equality of these values:
  dstData[i]
    Which is: '\0'
  srcData[i]
    Which is: '\b' (8)
Data mismatch at index 155
]]></failure>
      <failure message="/home/cjxu/npp/test/unit/nppi/nppi_geometry_transforms/test_nppi_copyConstBorder.cpp:339&#x0A;Expected equality of these values:&#x0A;  dstData[i]&#x0A;    Which is: &apos;\0&apos;&#x0A;  srcData[i]&#x0A;    Which is: &apos;5&apos; (53, 0x35)&#x0A;Data mismatch at index 156&#x0A;" type=""><![CDATA[/home/cjxu/npp/test/unit/nppi/nppi_geometry_transforms/test_nppi_copyConstBorder.cpp:339
Expected equality of these values:
  dstData[i]
    Which is: '\0'
  srcData[i]
    Which is: '5' (53, 0x35)
Data mismatch at index 156
]]></failure>
      <failure message="/home/cjxu/npp/test/unit/nppi/nppi_geometry_transforms/test_nppi_copyConstBorder.cpp:339&#x0A;Expected equality of these values:&#x0A;  dstData[i]&#x0A;    Which is: &apos;\0&apos;&#x0A;  srcData[i]&#x0A;    Which is: &apos;\xF0&apos; (240)&#x0A;Data mismatch at index 157&#x0A;" type=""><![CDATA[/home/cjxu/npp/test/unit/nppi/nppi_geometry_transforms/test_nppi_copyConstBorder.cpp:339
Expected equality of these values:
  dstData[i]
    Which is: '\0'
  srcData[i]
    Which is: '\xF0' (240)
Data mismatch at index 157
]]></failure>
      <failure message="/home/cjxu/npp/test/unit/nppi/nppi_geometry_transforms/test_nppi_copyConstBorder.cpp:339&#x0A;Expected equality of these values:&#x0A;  dstData[i]&#x0A;    Which is: &apos;\0&apos;&#x0A;  srcData[i]&#x0A;    Which is: &apos;T&apos; (84, 0x54)&#x0A;Data mismatch at index 158&#x0A;" type=""><![CDATA[/home/cjxu/npp/test/unit/nppi/nppi_geometry_transforms/test_nppi_copyConstBorder.cpp:339
Expected equality of these values:
  dstData[i]
    Which is: '\0'
  srcData[i]
    Which is: 'T' (84, 0x54)
Data mismatch at index 158
]]></failure>
      <failure message="/home/cjxu/npp/test/unit/nppi/nppi_geometry_transforms/test_nppi_copyConstBorder.cpp:339&#x0A;Expected equality of these values:&#x0A;  dstData[i]&#x0A;    Which is: &apos;\0&apos;&#x0A;  srcData[i]&#x0A;    Which is: &apos;&lt;&apos; (60, 0x3C)&#x0A;Data mismatch at index 159&#x0A;" type=""><![CDATA[/home/cjxu/npp/test/unit/nppi/nppi_geometry_transforms/test_nppi_copyConstBorder.cpp:339
Expected equality of these values:
  dstData[i]
    Which is: '\0'
  srcData[i]
    Which is: '<' (60, 0x3C)
Data mismatch at index 159
]]></failure>
      <failure message="/home/cjxu/npp/test/unit/nppi/nppi_geometry_transforms/test_nppi_copyConstBorder.cpp:339&#x0A;Expected equality of these values:&#x0A;  dstData[i]&#x0A;    Which is: &apos;\0&apos;&#x0A;  srcData[i]&#x0A;    Which is: &apos;\xF8&apos; (248)&#x0A;Data mismatch at index 160&#x0A;" type=""><![CDATA[/home/cjxu/npp/test/unit/nppi/nppi_geometry_transforms/test_nppi_copyConstBorder.cpp:339
Expected equality of these values:
  dstData[i]
    Which is: '\0'
  srcData[i]
    Which is: '\xF8' (248)
Data mismatch at index 160
]]></failure>
      <failure message="/home/cjxu/npp/test/unit/nppi/nppi_geometry_transforms/test_nppi_copyConstBorder.cpp:339&#x0A;Expected equality of these values:&#x0A;  dstData[i]&#x0A;    Which is: &apos;\0&apos;&#x0A;  srcData[i]&#x0A;    Which is: &apos;\xAE&apos; (174)&#x0A;Data mismatch at index 161&#x0A;" type=""><![CDATA[/home/cjxu/npp/test/unit/nppi/nppi_geometry_transforms/test_nppi_copyConstBorder.cpp:339
Expected equality of these values:
  dstData[i]
    Which is: '\0'
  srcData[i]
    Which is: '\xAE' (174)
Data mismatch at index 161
]]></failure>
      <failure message="/home/cjxu/npp/test/unit/nppi/nppi_geometry_transforms/test_nppi_copyConstBorder.cpp:339&#x0A;Expected equality of these values:&#x0A;  dstData[i]&#x0A;    Which is: &apos;\0&apos;&#x0A;  srcData[i]&#x0A;    Which is: &apos;j&apos; (106, 0x6A)&#x0A;Data mismatch at index 162&#x0A;" type=""><![CDATA[/home/cjxu/npp/test/unit/nppi/nppi_geometry_transforms/test_nppi_copyConstBorder.cpp:339
Expected equality of these values:
  dstData[i]
    Which is: '\0'
  srcData[i]
    Which is: 'j' (106, 0x6A)
Data mismatch at index 162
]]></failure>
      <failure message="/home/cjxu/npp/test/unit/nppi/nppi_geometry_transforms/test_nppi_copyConstBorder.cpp:339&#x0A;Expected equality of these values:&#x0A;  dstData[i]&#x0A;    Which is: &apos;\0&apos;&#x0A;  srcData[i]&#x0A;    Which is: &apos;e&apos; (101, 0x65)&#x0A;Data mismatch at index 163&#x0A;" type=""><![CDATA[/home/cjxu/npp/test/unit/nppi/nppi_geometry_transforms/test_nppi_copyConstBorder.cpp:339
Expected equality of these values:
  dstData[i]
    Which is: '\0'
  srcData[i]
    Which is: 'e' (101, 0x65)
Data mismatch at index 163
]]></failure>
      <failure message="/home/cjxu/npp/test/unit/nppi/nppi_geometry_transforms/test_nppi_copyConstBorder.cpp:339&#x0A;Expected equality of these values:&#x0A;  dstData[i]&#x0A;    Which is: &apos;\0&apos;&#x0A;  srcData[i]&#x0A;    Which is: &apos;\xE5&apos; (229)&#x0A;Data mismatch at index 164&#x0A;" type=""><![CDATA[/home/cjxu/npp/test/unit/nppi/nppi_geometry_transforms/test_nppi_copyConstBorder.cpp:339
Expected equality of these values:
  dstData[i]
    Which is: '\0'
  srcData[i]
    Which is: '\xE5' (229)
Data mismatch at index 164
]]></failure>
      <failure message="/home/cjxu/npp/test/unit/nppi/nppi_geometry_transforms/test_nppi_copyConstBorder.cpp:339&#x0A;Expected equality of these values:&#x0A;  dstData[i]&#x0A;    Which is: &apos;\0&apos;&#x0A;  srcData[i]&#x0A;    Which is: &apos;\xCC&apos; (204)&#x0A;Data mismatch at index 165&#x0A;" type=""><![CDATA[/home/cjxu/npp/test/unit/nppi/nppi_geometry_transforms/test_nppi_copyConstBorder.cpp:339
Expected equality of these values:
  dstData[i]
    Which is: '\0'
  srcData[i]
    Which is: '\xCC' (204)
Data mismatch at index 165
]]></failure>
      <failure message="/home/cjxu/npp/test/unit/nppi/nppi_geometry_transforms/test_nppi_copyConstBorder.cpp:339&#x0A;Expected equality of these values:&#x0A;  dstData[i]&#x0A;    Which is: &apos;\0&apos;&#x0A;  srcData[i]&#x0A;    Which is: &apos;\xF5&apos; (245)&#x0A;Data mismatch at index 166&#x0A;" type=""><![CDATA[/home/cjxu/npp/test/unit/nppi/nppi_geometry_transforms/test_nppi_copyConstBorder.cpp:339
Expected equality of these values:
  dstData[i]
    Which is: '\0'
  srcData[i]
    Which is: '\xF5' (245)
Data mismatch at index 166
]]></failure>
      <failure message="/home/cjxu/npp/test/unit/nppi/nppi_geometry_transforms/test_nppi_copyConstBorder.cpp:339&#x0A;Expected equality of these values:&#x0A;  dstData[i]&#x0A;    Which is: &apos;\0&apos;&#x0A;  srcData[i]&#x0A;    Which is: &apos;\xB7&apos; (183)&#x0A;Data mismatch at index 167&#x0A;" type=""><![CDATA[/home/cjxu/npp/test/unit/nppi/nppi_geometry_transforms/test_nppi_copyConstBorder.cpp:339
Expected equality of these values:
  dstData[i]
    Which is: '\0'
  srcData[i]
    Which is: '\xB7' (183)
Data mismatch at index 167
]]></failure>
      <failure message="/home/cjxu/npp/test/unit/nppi/nppi_geometry_transforms/test_nppi_copyConstBorder.cpp:339&#x0A;Expected equality of these values:&#x0A;  dstData[i]&#x0A;    Which is: &apos;\0&apos;&#x0A;  srcData[i]&#x0A;    Which is: &apos;@&apos; (64, 0x40)&#x0A;Data mismatch at index 168&#x0A;" type=""><![CDATA[/home/cjxu/npp/test/unit/nppi/nppi_geometry_transforms/test_nppi_copyConstBorder.cpp:339
Expected equality of these values:
  dstData[i]
    Which is: '\0'
  srcData[i]
    Which is: '@' (64, 0x40)
Data mismatch at index 168
]]></failure>
      <failure message="/home/cjxu/npp/test/unit/nppi/nppi_geometry_transforms/test_nppi_copyConstBorder.cpp:339&#x0A;Expected equality of these values:&#x0A;  dstData[i]&#x0A;    Which is: &apos;\0&apos;&#x0A;  srcData[i]&#x0A;    Which is: &apos;\xC3&apos; (195)&#x0A;Data mismatch at index 169&#x0A;" type=""><![CDATA[/home/cjxu/npp/test/unit/nppi/nppi_geometry_transforms/test_nppi_copyConstBorder.cpp:339
Expected equality of these values:
  dstData[i]
    Which is: '\0'
  srcData[i]
    Which is: '\xC3' (195)
Data mismatch at index 169
]]></failure>
      <failure message="/home/cjxu/npp/test/unit/nppi/nppi_geometry_transforms/test_nppi_copyConstBorder.cpp:339&#x0A;Expected equality of these values:&#x0A;  dstData[i]&#x0A;    Which is: &apos;\0&apos;&#x0A;  srcData[i]&#x0A;    Which is: &apos;p&apos; (112, 0x70)&#x0A;Data mismatch at index 170&#x0A;" type=""><![CDATA[/home/cjxu/npp/test/unit/nppi/nppi_geometry_transforms/test_nppi_copyConstBorder.cpp:339
Expected equality of these values:
  dstData[i]
    Which is: '\0'
  srcData[i]
    Which is: 'p' (112, 0x70)
Data mismatch at index 170
]]></failure>
      <failure message="/home/cjxu/npp/test/unit/nppi/nppi_geometry_transforms/test_nppi_copyConstBorder.cpp:339&#x0A;Expected equality of these values:&#x0A;  dstData[i]&#x0A;    Which is: &apos;\0&apos;&#x0A;  srcData[i]&#x0A;    Which is: &apos;\xC0&apos; (192)&#x0A;Data mismatch at index 171&#x0A;" type=""><![CDATA[/home/cjxu/npp/test/unit/nppi/nppi_geometry_transforms/test_nppi_copyConstBorder.cpp:339
Expected equality of these values:
  dstData[i]
    Which is: '\0'
  srcData[i]
    Which is: '\xC0' (192)
Data mismatch at index 171
]]></failure>
      <failure message="/home/cjxu/npp/test/unit/nppi/nppi_geometry_transforms/test_nppi_copyConstBorder.cpp:339&#x0A;Expected equality of these values:&#x0A;  dstData[i]&#x0A;    Which is: &apos;\0&apos;&#x0A;  srcData[i]&#x0A;    Which is: &apos;\x8F&apos; (143)&#x0A;Data mismatch at index 172&#x0A;" type=""><![CDATA[/home/cjxu/npp/test/unit/nppi/nppi_geometry_transforms/test_nppi_copyConstBorder.cpp:339
Expected equality of these values:
  dstData[i]
    Which is: '\0'
  srcData[i]
    Which is: '\x8F' (143)
Data mismatch at index 172
]]></failure>
      <failure message="/home/cjxu/npp/test/unit/nppi/nppi_geometry_transforms/test_nppi_copyConstBorder.cpp:339&#x0A;Expected equality of these values:&#x0A;  dstData[i]&#x0A;    Which is: &apos;\0&apos;&#x0A;  srcData[i]&#x0A;    Which is: &apos;\x4&apos; (4)&#x0A;Data mismatch at index 173&#x0A;" type=""><![CDATA[/home/cjxu/npp/test/unit/nppi/nppi_geometry_transforms/test_nppi_copyConstBorder.cpp:339
Expected equality of these values:
  dstData[i]
    Which is: '\0'
  srcData[i]
    Which is: '\x4' (4)
Data mismatch at index 173
]]></failure>
      <failure message="/home/cjxu/npp/test/unit/nppi/nppi_geometry_transforms/test_nppi_copyConstBorder.cpp:339&#x0A;Expected equality of these values:&#x0A;  dstData[i]&#x0A;    Which is: &apos;\0&apos;&#x0A;  srcData[i]&#x0A;    Which is: &apos;]&apos; (93, 0x5D)&#x0A;Data mismatch at index 174&#x0A;" type=""><![CDATA[/home/cjxu/npp/test/unit/nppi/nppi_geometry_transforms/test_nppi_copyConstBorder.cpp:339
Expected equality of these values:
  dstData[i]
    Which is: '\0'
  srcData[i]
    Which is: ']' (93, 0x5D)
Data mismatch at index 174
]]></failure>
      <failure message="/home/cjxu/npp/test/unit/nppi/nppi_geometry_transforms/test_nppi_copyConstBorder.cpp:339&#x0A;Expected equality of these values:&#x0A;  dstData[i]&#x0A;    Which is: &apos;\0&apos;&#x0A;  srcData[i]&#x0A;    Which is: &apos;\xEA&apos; (234)&#x0A;Data mismatch at index 175&#x0A;" type=""><![CDATA[/home/cjxu/npp/test/unit/nppi/nppi_geometry_transforms/test_nppi_copyConstBorder.cpp:339
Expected equality of these values:
  dstData[i]
    Which is: '\0'
  srcData[i]
    Which is: '\xEA' (234)
Data mismatch at index 175
]]></failure>
      <failure message="/home/cjxu/npp/test/unit/nppi/nppi_geometry_transforms/test_nppi_copyConstBorder.cpp:339&#x0A;Expected equality of these values:&#x0A;  dstData[i]&#x0A;    Which is: &apos;\0&apos;&#x0A;  srcData[i]&#x0A;    Which is: &apos;\xED&apos; (237)&#x0A;Data mismatch at index 176&#x0A;" type=""><![CDATA[/home/cjxu/npp/test/unit/nppi/nppi_geometry_transforms/test_nppi_copyConstBorder.cpp:339
Expected equality of these values:
  dstData[i]
    Which is: '\0'
  srcData[i]
    Which is: '\xED' (237)
Data mismatch at index 176
]]></failure>
      <failure message="/home/cjxu/npp/test/unit/nppi/nppi_geometry_transforms/test_nppi_copyConstBorder.cpp:339&#x0A;Expected equality of these values:&#x0A;  dstData[i]&#x0A;    Which is: &apos;\0&apos;&#x0A;  srcData[i]&#x0A;    Which is: &apos;R&apos; (82, 0x52)&#x0A;Data mismatch at index 177&#x0A;" type=""><![CDATA[/home/cjxu/npp/test/unit/nppi/nppi_geometry_transforms/test_nppi_copyConstBorder.cpp:339
Expected equality of these values:
  dstData[i]
    Which is: '\0'
  srcData[i]
    Which is: 'R' (82, 0x52)
Data mismatch at index 177
]]></failure>
      <failure message="/home/cjxu/npp/test/unit/nppi/nppi_geometry_transforms/test_nppi_copyConstBorder.cpp:339&#x0A;Expected equality of these values:&#x0A;  dstData[i]&#x0A;    Which is: &apos;\0&apos;&#x0A;  srcData[i]&#x0A;    Which is: &apos;j&apos; (106, 0x6A)&#x0A;Data mismatch at index 178&#x0A;" type=""><![CDATA[/home/cjxu/npp/test/unit/nppi/nppi_geometry_transforms/test_nppi_copyConstBorder.cpp:339
Expected equality of these values:
  dstData[i]
    Which is: '\0'
  srcData[i]
    Which is: 'j' (106, 0x6A)
Data mismatch at index 178
]]></failure>
      <failure message="/home/cjxu/npp/test/unit/nppi/nppi_geometry_transforms/test_nppi_copyConstBorder.cpp:339&#x0A;Expected equality of these values:&#x0A;  dstData[i]&#x0A;    Which is: &apos;\0&apos;&#x0A;  srcData[i]&#x0A;    Which is: &apos;\x8A&apos; (138)&#x0A;Data mismatch at index 179&#x0A;" type=""><![CDATA[/home/cjxu/npp/test/unit/nppi/nppi_geometry_transforms/test_nppi_copyConstBorder.cpp:339
Expected equality of these values:
  dstData[i]
    Which is: '\0'
  srcData[i]
    Which is: '\x8A' (138)
Data mismatch at index 179
]]></failure>
      <failure message="/home/cjxu/npp/test/unit/nppi/nppi_geometry_transforms/test_nppi_copyConstBorder.cpp:339&#x0A;Expected equality of these values:&#x0A;  dstData[i]&#x0A;    Which is: &apos;\0&apos;&#x0A;  srcData[i]&#x0A;    Which is: &apos;\x2&apos; (2)&#x0A;Data mismatch at index 180&#x0A;" type=""><![CDATA[/home/cjxu/npp/test/unit/nppi/nppi_geometry_transforms/test_nppi_copyConstBorder.cpp:339
Expected equality of these values:
  dstData[i]
    Which is: '\0'
  srcData[i]
    Which is: '\x2' (2)
Data mismatch at index 180
]]></failure>
      <failure message="/home/cjxu/npp/test/unit/nppi/nppi_geometry_transforms/test_nppi_copyConstBorder.cpp:339&#x0A;Expected equality of these values:&#x0A;  dstData[i]&#x0A;    Which is: &apos;\0&apos;&#x0A;  srcData[i]&#x0A;    Which is: &apos;\xA8&apos; (168)&#x0A;Data mismatch at index 181&#x0A;" type=""><![CDATA[/home/cjxu/npp/test/unit/nppi/nppi_geometry_transforms/test_nppi_copyConstBorder.cpp:339
Expected equality of these values:
  dstData[i]
    Which is: '\0'
  srcData[i]
    Which is: '\xA8' (168)
Data mismatch at index 181
]]></failure>
      <failure message="/home/cjxu/npp/test/unit/nppi/nppi_geometry_transforms/test_nppi_copyConstBorder.cpp:339&#x0A;Expected equality of these values:&#x0A;  dstData[i]&#x0A;    Which is: &apos;\0&apos;&#x0A;  srcData[i]&#x0A;    Which is: &apos;\x8D&apos; (141)&#x0A;Data mismatch at index 182&#x0A;" type=""><![CDATA[/home/cjxu/npp/test/unit/nppi/nppi_geometry_transforms/test_nppi_copyConstBorder.cpp:339
Expected equality of these values:
  dstData[i]
    Which is: '\0'
  srcData[i]
    Which is: '\x8D' (141)
Data mismatch at index 182
]]></failure>
      <failure message="/home/cjxu/npp/test/unit/nppi/nppi_geometry_transforms/test_nppi_copyConstBorder.cpp:339&#x0A;Expected equality of these values:&#x0A;  dstData[i]&#x0A;    Which is: &apos;\0&apos;&#x0A;  srcData[i]&#x0A;    Which is: &apos;\xD6&apos; (214)&#x0A;Data mismatch at index 183&#x0A;" type=""><![CDATA[/home/cjxu/npp/test/unit/nppi/nppi_geometry_transforms/test_nppi_copyConstBorder.cpp:339
Expected equality of these values:
  dstData[i]
    Which is: '\0'
  srcData[i]
    Which is: '\xD6' (214)
Data mismatch at index 183
]]></failure>
      <failure message="/home/cjxu/npp/test/unit/nppi/nppi_geometry_transforms/test_nppi_copyConstBorder.cpp:339&#x0A;Expected equality of these values:&#x0A;  dstData[i]&#x0A;    Which is: &apos;\0&apos;&#x0A;  srcData[i]&#x0A;    Which is: &apos;8&apos; (56, 0x38)&#x0A;Data mismatch at index 184&#x0A;" type=""><![CDATA[/home/cjxu/npp/test/unit/nppi/nppi_geometry_transforms/test_nppi_copyConstBorder.cpp:339
Expected equality of these values:
  dstData[i]
    Which is: '\0'
  srcData[i]
    Which is: '8' (56, 0x38)
Data mismatch at index 184
]]></failure>
      <failure message="/home/cjxu/npp/test/unit/nppi/nppi_geometry_transforms/test_nppi_copyConstBorder.cpp:339&#x0A;Expected equality of these values:&#x0A;  dstData[i]&#x0A;    Which is: &apos;\0&apos;&#x0A;  srcData[i]&#x0A;    Which is: &apos;y&apos; (121, 0x79)&#x0A;Data mismatch at index 185&#x0A;" type=""><![CDATA[/home/cjxu/npp/test/unit/nppi/nppi_geometry_transforms/test_nppi_copyConstBorder.cpp:339
Expected equality of these values:
  dstData[i]
    Which is: '\0'
  srcData[i]
    Which is: 'y' (121, 0x79)
Data mismatch at index 185
]]></failure>
      <failure message="/home/cjxu/npp/test/unit/nppi/nppi_geometry_transforms/test_nppi_copyConstBorder.cpp:339&#x0A;Expected equality of these values:&#x0A;  dstData[i]&#x0A;    Which is: &apos;\0&apos;&#x0A;  srcData[i]&#x0A;    Which is: &apos;\xDE&apos; (222)&#x0A;Data mismatch at index 186&#x0A;" type=""><![CDATA[/home/cjxu/npp/test/unit/nppi/nppi_geometry_transforms/test_nppi_copyConstBorder.cpp:339
Expected equality of these values:
  dstData[i]
    Which is: '\0'
  srcData[i]
    Which is: '\xDE' (222)
Data mismatch at index 186
]]></failure>
      <failure message="/home/cjxu/npp/test/unit/nppi/nppi_geometry_transforms/test_nppi_copyConstBorder.cpp:339&#x0A;Expected equality of these values:&#x0A;  dstData[i]&#x0A;    Which is: &apos;\0&apos;&#x0A;  srcData[i]&#x0A;    Which is: &apos;m&apos; (109, 0x6D)&#x0A;Data mismatch at index 187&#x0A;" type=""><![CDATA[/home/cjxu/npp/test/unit/nppi/nppi_geometry_transforms/test_nppi_copyConstBorder.cpp:339
Expected equality of these values:
  dstData[i]
    Which is: '\0'
  srcData[i]
    Which is: 'm' (109, 0x6D)
Data mismatch at index 187
]]></failure>
      <failure message="/home/cjxu/npp/test/unit/nppi/nppi_geometry_transforms/test_nppi_copyConstBorder.cpp:339&#x0A;Expected equality of these values:&#x0A;  dstData[i]&#x0A;    Which is: &apos;\0&apos;&#x0A;  srcData[i]&#x0A;    Which is: &apos;i&apos; (105, 0x69)&#x0A;Data mismatch at index 188&#x0A;" type=""><![CDATA[/home/cjxu/npp/test/unit/nppi/nppi_geometry_transforms/test_nppi_copyConstBorder.cpp:339
Expected equality of these values:
  dstData[i]
    Which is: '\0'
  srcData[i]
    Which is: 'i' (105, 0x69)
Data mismatch at index 188
]]></failure>
      <failure message="/home/cjxu/npp/test/unit/nppi/nppi_geometry_transforms/test_nppi_copyConstBorder.cpp:339&#x0A;Expected equality of these values:&#x0A;  dstData[i]&#x0A;    Which is: &apos;\0&apos;&#x0A;  srcData[i]&#x0A;    Which is: &apos;2&apos; (50, 0x32)&#x0A;Data mismatch at index 189&#x0A;" type=""><![CDATA[/home/cjxu/npp/test/unit/nppi/nppi_geometry_transforms/test_nppi_copyConstBorder.cpp:339
Expected equality of these values:
  dstData[i]
    Which is: '\0'
  srcData[i]
    Which is: '2' (50, 0x32)
Data mismatch at index 189
]]></failure>
      <failure message="/home/cjxu/npp/test/unit/nppi/nppi_geometry_transforms/test_nppi_copyConstBorder.cpp:339&#x0A;Expected equality of these values:&#x0A;  dstData[i]&#x0A;    Which is: &apos;\0&apos;&#x0A;  srcData[i]&#x0A;    Which is: &apos;\xAA&apos; (170)&#x0A;Data mismatch at index 190&#x0A;" type=""><![CDATA[/home/cjxu/npp/test/unit/nppi/nppi_geometry_transforms/test_nppi_copyConstBorder.cpp:339
Expected equality of these values:
  dstData[i]
    Which is: '\0'
  srcData[i]
    Which is: '\xAA' (170)
Data mismatch at index 190
]]></failure>
      <failure message="/home/cjxu/npp/test/unit/nppi/nppi_geometry_transforms/test_nppi_copyConstBorder.cpp:339&#x0A;Expected equality of these values:&#x0A;  dstData[i]&#x0A;    Which is: &apos;\0&apos;&#x0A;  srcData[i]&#x0A;    Which is: &apos;a&apos; (97, 0x61)&#x0A;Data mismatch at index 191&#x0A;" type=""><![CDATA[/home/cjxu/npp/test/unit/nppi/nppi_geometry_transforms/test_nppi_copyConstBorder.cpp:339
Expected equality of these values:
  dstData[i]
    Which is: '\0'
  srcData[i]
    Which is: 'a' (97, 0x61)
Data mismatch at index 191
]]></failure>
    </testcase>
    <testcase name="DISABLED_ErrorHandling" file="/home/cjxu/npp/test/unit/nppi/nppi_geometry_transforms/test_nppi_copyConstBorder.cpp" line="349" status="notrun" result="suppressed" time="0." timestamp="1970-01-01T08:00:00.000" classname="NPPICopyConstBorderTest" />
  </testsuite>
  <testsuite name="GeometryTest" tests="4" failures="4" disabled="0" skipped="0" errors="0" time="0." timestamp="2025-09-13T22:25:51.652">
    <testcase name="Mirror_HorizontalAxis" file="/home/cjxu/npp/test/unit/nppi/nppi_geometry_transforms/test_nppi_geometry.cpp" line="39" status="run" result="completed" time="0." timestamp="2025-09-13T22:25:51.652" classname="GeometryTest">
      <failure message="/home/cjxu/npp/test/unit/nppi/nppi_geometry_transforms/test_nppi_geometry.cpp:18&#x0A;Expected: (d_src) != (nullptr), actual: NULL vs (nullptr)&#x0A;Failed to allocate src memory&#x0A;" type=""><![CDATA[/home/cjxu/npp/test/unit/nppi/nppi_geometry_transforms/test_nppi_geometry.cpp:18
Expected: (d_src) != (nullptr), actual: NULL vs (nullptr)
Failed to allocate src memory
]]></failure>
    </testcase>
    <testcase name="Mirror_VerticalAxis" file="/home/cjxu/npp/test/unit/nppi/nppi_geometry_transforms/test_nppi_geometry.cpp" line="71" status="run" result="completed" time="0." timestamp="2025-09-13T22:25:51.652" classname="GeometryTest">
      <failure message="/home/cjxu/npp/test/unit/nppi/nppi_geometry_transforms/test_nppi_geometry.cpp:18&#x0A;Expected: (d_src) != (nullptr), actual: NULL vs (nullptr)&#x0A;Failed to allocate src memory&#x0A;" type=""><![CDATA[/home/cjxu/npp/test/unit/nppi/nppi_geometry_transforms/test_nppi_geometry.cpp:18
Expected: (d_src) != (nullptr), actual: NULL vs (nullptr)
Failed to allocate src memory
]]></failure>
    </testcase>
    <testcase name="Mirror_BothAxis" file="/home/cjxu/npp/test/unit/nppi/nppi_geometry_transforms/test_nppi_geometry.cpp" line="103" status="run" result="completed" time="0." timestamp="2025-09-13T22:25:51.652" classname="GeometryTest">
      <failure message="/home/cjxu/npp/test/unit/nppi/nppi_geometry_transforms/test_nppi_geometry.cpp:18&#x0A;Expected: (d_src) != (nullptr), actual: NULL vs (nullptr)&#x0A;Failed to allocate src memory&#x0A;" type=""><![CDATA[/home/cjxu/npp/test/unit/nppi/nppi_geometry_transforms/test_nppi_geometry.cpp:18
Expected: (d_src) != (nullptr), actual: NULL vs (nullptr)
Failed to allocate src memory
]]></failure>
    </testcase>
    <testcase name="Mirror_InPlace" file="/home/cjxu/npp/test/unit/nppi/nppi_geometry_transforms/test_nppi_geometry.cpp" line="135" status="run" result="completed" time="0." timestamp="2025-09-13T22:25:51.652" classname="GeometryTest">
      <failure message="/home/cjxu/npp/test/unit/nppi/nppi_geometry_transforms/test_nppi_geometry.cpp:18&#x0A;Expected: (d_src) != (nullptr), actual: NULL vs (nullptr)&#x0A;Failed to allocate src memory&#x0A;" type=""><![CDATA[/home/cjxu/npp/test/unit/nppi/nppi_geometry_transforms/test_nppi_geometry.cpp:18
Expected: (d_src) != (nullptr), actual: NULL vs (nullptr)
Failed to allocate src memory
]]></failure>
    </testcase>
  </testsuite>
  <testsuite name="GeometryParameterTest" tests="3" failures="1" disabled="0" skipped="0" errors="0" time="0.002" timestamp="2025-09-13T22:25:51.652">
    <testcase name="NullPointerError" file="/home/cjxu/npp/test/unit/nppi/nppi_geometry_transforms/test_nppi_geometry.cpp" line="166" status="run" result="completed" time="0.001" timestamp="2025-09-13T22:25:51.652" classname="GeometryParameterTest" />
    <testcase name="InvalidSize" file="/home/cjxu/npp/test/unit/nppi/nppi_geometry_transforms/test_nppi_geometry.cpp" line="177" status="run" result="completed" time="0." timestamp="2025-09-13T22:25:51.654" classname="GeometryParameterTest">
      <failure message="/home/cjxu/npp/test/unit/nppi/nppi_geometry_transforms/test_nppi_geometry.cpp:183&#x0A;Expected equality of these values:&#x0A;  nppiMirror_8u_C1R(&amp;dummy, step, &amp;dummy, step, size, NPP_HORIZONTAL_AXIS)&#x0A;    Which is: 0&#x0A;  NPP_SIZE_ERROR&#x0A;    Which is: -6&#x0A;" type=""><![CDATA[/home/cjxu/npp/test/unit/nppi/nppi_geometry_transforms/test_nppi_geometry.cpp:183
Expected equality of these values:
  nppiMirror_8u_C1R(&dummy, step, &dummy, step, size, NPP_HORIZONTAL_AXIS)
    Which is: 0
  NPP_SIZE_ERROR
    Which is: -6
]]></failure>
      <failure message="/home/cjxu/npp/test/unit/nppi/nppi_geometry_transforms/test_nppi_geometry.cpp:188&#x0A;Expected equality of these values:&#x0A;  nppiMirror_8u_C1R(&amp;dummy, step, &amp;dummy, step, size, NPP_VERTICAL_AXIS)&#x0A;    Which is: 0&#x0A;  NPP_SIZE_ERROR&#x0A;    Which is: -6&#x0A;" type=""><![CDATA[/home/cjxu/npp/test/unit/nppi/nppi_geometry_transforms/test_nppi_geometry.cpp:188
Expected equality of these values:
  nppiMirror_8u_C1R(&dummy, step, &dummy, step, size, NPP_VERTICAL_AXIS)
    Which is: 0
  NPP_SIZE_ERROR
    Which is: -6
]]></failure>
    </testcase>
    <testcase name="InvalidFlipAxis" file="/home/cjxu/npp/test/unit/nppi/nppi_geometry_transforms/test_nppi_geometry.cpp" line="192" status="run" result="completed" time="0." timestamp="2025-09-13T22:25:51.654" classname="GeometryParameterTest" />
  </testsuite>
  <testsuite name="ResizeFunctionalTest" tests="4" failures="3" disabled="1" skipped="0" errors="0" time="0." timestamp="2025-09-13T22:25:51.654">
    <testcase name="Resize_8u_C1R_NearestNeighbor" file="/home/cjxu/npp/test/unit/nppi/nppi_geometry_transforms/test_nppi_resize.cpp" line="21" status="run" result="completed" time="0." timestamp="2025-09-13T22:25:51.654" classname="ResizeFunctionalTest">
      <failure message="unknown file&#x0A;C++ exception with description &quot;Failed to allocate NPP image memory&quot; thrown in the test body.&#x0A;" type=""><![CDATA[unknown file
C++ exception with description "Failed to allocate NPP image memory" thrown in the test body.
]]></failure>
      <failure message="/home/cjxu/npp/test/unit/nppi/nppi_geometry_transforms/../../framework/npp_test_base.h:46&#x0A;Expected equality of these values:&#x0A;  err&#x0A;    Which is: 700&#x0A;  cudaSuccess&#x0A;    Which is: 0&#x0A;CUDA error after test: an illegal memory access was encountered&#x0A;" type=""><![CDATA[/home/cjxu/npp/test/unit/nppi/nppi_geometry_transforms/../../framework/npp_test_base.h:46
Expected equality of these values:
  err
    Which is: 700
  cudaSuccess
    Which is: 0
CUDA error after test: an illegal memory access was encountered
]]></failure>
    </testcase>
    <testcase name="Resize_8u_C1R_Bilinear" file="/home/cjxu/npp/test/unit/nppi/nppi_geometry_transforms/test_nppi_resize.cpp" line="68" status="run" result="completed" time="0." timestamp="2025-09-13T22:25:51.654" classname="ResizeFunctionalTest">
      <failure message="unknown file&#x0A;C++ exception with description &quot;Failed to allocate NPP image memory&quot; thrown in the test body.&#x0A;" type=""><![CDATA[unknown file
C++ exception with description "Failed to allocate NPP image memory" thrown in the test body.
]]></failure>
      <failure message="/home/cjxu/npp/test/unit/nppi/nppi_geometry_transforms/../../framework/npp_test_base.h:46&#x0A;Expected equality of these values:&#x0A;  err&#x0A;    Which is: 700&#x0A;  cudaSuccess&#x0A;    Which is: 0&#x0A;CUDA error after test: an illegal memory access was encountered&#x0A;" type=""><![CDATA[/home/cjxu/npp/test/unit/nppi/nppi_geometry_transforms/../../framework/npp_test_base.h:46
Expected equality of these values:
  err
    Which is: 700
  cudaSuccess
    Which is: 0
CUDA error after test: an illegal memory access was encountered
]]></failure>
    </testcase>
    <testcase name="Resize_8u_C3R_NearestNeighbor" file="/home/cjxu/npp/test/unit/nppi/nppi_geometry_transforms/test_nppi_resize.cpp" line="116" status="run" result="completed" time="0." timestamp="2025-09-13T22:25:51.654" classname="ResizeFunctionalTest">
      <failure message="unknown file&#x0A;C++ exception with description &quot;Failed to allocate NPP image memory&quot; thrown in the test body.&#x0A;" type=""><![CDATA[unknown file
C++ exception with description "Failed to allocate NPP image memory" thrown in the test body.
]]></failure>
      <failure message="/home/cjxu/npp/test/unit/nppi/nppi_geometry_transforms/../../framework/npp_test_base.h:46&#x0A;Expected equality of these values:&#x0A;  err&#x0A;    Which is: 700&#x0A;  cudaSuccess&#x0A;    Which is: 0&#x0A;CUDA error after test: an illegal memory access was encountered&#x0A;" type=""><![CDATA[/home/cjxu/npp/test/unit/nppi/nppi_geometry_transforms/../../framework/npp_test_base.h:46
Expected equality of these values:
  err
    Which is: 700
  cudaSuccess
    Which is: 0
CUDA error after test: an illegal memory access was encountered
]]></failure>
    </testcase>
    <testcase name="DISABLED_Resize_ErrorHandling" file="/home/cjxu/npp/test/unit/nppi/nppi_geometry_transforms/test_nppi_resize.cpp" line="169" status="notrun" result="suppressed" time="0." timestamp="1970-01-01T08:00:00.000" classname="ResizeFunctionalTest" />
  </testsuite>
  <testsuite name="WarpAffineFunctionalTest" tests="8" failures="7" disabled="1" skipped="0" errors="0" time="0." timestamp="2025-09-13T22:25:51.654">
    <testcase name="WarpAffine_8u_C1R_Identity" file="/home/cjxu/npp/test/unit/nppi/nppi_geometry_transforms/test_nppi_warp_affine.cpp" line="26" status="run" result="completed" time="0." timestamp="2025-09-13T22:25:51.654" classname="WarpAffineFunctionalTest">
      <failure message="/home/cjxu/npp/test/unit/nppi/nppi_geometry_transforms/test_nppi_warp_affine.cpp:43&#x0A;Expected: (d_src) != (nullptr), actual: NULL vs (nullptr)&#x0A;" type=""><![CDATA[/home/cjxu/npp/test/unit/nppi/nppi_geometry_transforms/test_nppi_warp_affine.cpp:43
Expected: (d_src) != (nullptr), actual: NULL vs (nullptr)
]]></failure>
    </testcase>
    <testcase name="WarpAffine_8u_C1R_Translation" file="/home/cjxu/npp/test/unit/nppi/nppi_geometry_transforms/test_nppi_warp_affine.cpp" line="80" status="run" result="completed" time="0." timestamp="2025-09-13T22:25:51.654" classname="WarpAffineFunctionalTest">
      <failure message="/home/cjxu/npp/test/unit/nppi/nppi_geometry_transforms/test_nppi_warp_affine.cpp:102&#x0A;Expected: (d_src) != (nullptr), actual: NULL vs (nullptr)&#x0A;" type=""><![CDATA[/home/cjxu/npp/test/unit/nppi/nppi_geometry_transforms/test_nppi_warp_affine.cpp:102
Expected: (d_src) != (nullptr), actual: NULL vs (nullptr)
]]></failure>
    </testcase>
    <testcase name="WarpAffine_32f_C1R_Scaling" file="/home/cjxu/npp/test/unit/nppi/nppi_geometry_transforms/test_nppi_warp_affine.cpp" line="151" status="run" result="completed" time="0." timestamp="2025-09-13T22:25:51.654" classname="WarpAffineFunctionalTest">
      <failure message="/home/cjxu/npp/test/unit/nppi/nppi_geometry_transforms/test_nppi_warp_affine.cpp:169&#x0A;Expected: (d_src) != (nullptr), actual: NULL vs (nullptr)&#x0A;" type=""><![CDATA[/home/cjxu/npp/test/unit/nppi/nppi_geometry_transforms/test_nppi_warp_affine.cpp:169
Expected: (d_src) != (nullptr), actual: NULL vs (nullptr)
]]></failure>
    </testcase>
    <testcase name="WarpAffine_8u_C3R_Identity" file="/home/cjxu/npp/test/unit/nppi/nppi_geometry_transforms/test_nppi_warp_affine.cpp" line="209" status="run" result="completed" time="0." timestamp="2025-09-13T22:25:51.654" classname="WarpAffineFunctionalTest">
      <failure message="/home/cjxu/npp/test/unit/nppi/nppi_geometry_transforms/test_nppi_warp_affine.cpp:229&#x0A;Expected: (d_src) != (nullptr), actual: NULL vs (nullptr)&#x0A;" type=""><![CDATA[/home/cjxu/npp/test/unit/nppi/nppi_geometry_transforms/test_nppi_warp_affine.cpp:229
Expected: (d_src) != (nullptr), actual: NULL vs (nullptr)
]]></failure>
    </testcase>
    <testcase name="WarpAffine_32f_C1R_Rotation" file="/home/cjxu/npp/test/unit/nppi/nppi_geometry_transforms/test_nppi_warp_affine.cpp" line="267" status="run" result="completed" time="0." timestamp="2025-09-13T22:25:51.654" classname="WarpAffineFunctionalTest">
      <failure message="/home/cjxu/npp/test/unit/nppi/nppi_geometry_transforms/test_nppi_warp_affine.cpp:290&#x0A;Expected: (d_src) != (nullptr), actual: NULL vs (nullptr)&#x0A;" type=""><![CDATA[/home/cjxu/npp/test/unit/nppi/nppi_geometry_transforms/test_nppi_warp_affine.cpp:290
Expected: (d_src) != (nullptr), actual: NULL vs (nullptr)
]]></failure>
    </testcase>
    <testcase name="WarpAffine_InterpolationMethods" file="/home/cjxu/npp/test/unit/nppi/nppi_geometry_transforms/test_nppi_warp_affine.cpp" line="334" status="run" result="completed" time="0." timestamp="2025-09-13T22:25:51.654" classname="WarpAffineFunctionalTest">
      <failure message="/home/cjxu/npp/test/unit/nppi/nppi_geometry_transforms/test_nppi_warp_affine.cpp:351&#x0A;Expected: (d_src) != (nullptr), actual: NULL vs (nullptr)&#x0A;" type=""><![CDATA[/home/cjxu/npp/test/unit/nppi/nppi_geometry_transforms/test_nppi_warp_affine.cpp:351
Expected: (d_src) != (nullptr), actual: NULL vs (nullptr)
]]></failure>
    </testcase>
    <testcase name="DISABLED_WarpAffine_ErrorHandling" file="/home/cjxu/npp/test/unit/nppi/nppi_geometry_transforms/test_nppi_warp_affine.cpp" line="385" status="notrun" result="suppressed" time="0." timestamp="1970-01-01T08:00:00.000" classname="WarpAffineFunctionalTest" />
    <testcase name="WarpAffine_StreamContext" file="/home/cjxu/npp/test/unit/nppi/nppi_geometry_transforms/test_nppi_warp_affine.cpp" line="415" status="run" result="completed" time="0." timestamp="2025-09-13T22:25:51.654" classname="WarpAffineFunctionalTest">
      <failure message="/home/cjxu/npp/test/unit/nppi/nppi_geometry_transforms/test_nppi_warp_affine.cpp:431&#x0A;Expected: (d_src) != (nullptr), actual: NULL vs (nullptr)&#x0A;" type=""><![CDATA[/home/cjxu/npp/test/unit/nppi/nppi_geometry_transforms/test_nppi_warp_affine.cpp:431
Expected: (d_src) != (nullptr), actual: NULL vs (nullptr)
]]></failure>
    </testcase>
  </testsuite>
  <testsuite name="WarpPerspectiveFunctionalTest" tests="8" failures="7" disabled="1" skipped="0" errors="0" time="0." timestamp="2025-09-13T22:25:51.654">
    <testcase name="WarpPerspective_8u_C1R_Identity" file="/home/cjxu/npp/test/unit/nppi/nppi_geometry_transforms/test_nppi_warp_perspective.cpp" line="26" status="run" result="completed" time="0." timestamp="2025-09-13T22:25:51.654" classname="WarpPerspectiveFunctionalTest">
      <failure message="/home/cjxu/npp/test/unit/nppi/nppi_geometry_transforms/test_nppi_warp_perspective.cpp:43&#x0A;Expected: (d_src) != (nullptr), actual: NULL vs (nullptr)&#x0A;" type=""><![CDATA[/home/cjxu/npp/test/unit/nppi/nppi_geometry_transforms/test_nppi_warp_perspective.cpp:43
Expected: (d_src) != (nullptr), actual: NULL vs (nullptr)
]]></failure>
    </testcase>
    <testcase name="WarpPerspective_8u_C1R_Translation" file="/home/cjxu/npp/test/unit/nppi/nppi_geometry_transforms/test_nppi_warp_perspective.cpp" line="80" status="run" result="completed" time="0." timestamp="2025-09-13T22:25:51.655" classname="WarpPerspectiveFunctionalTest">
      <failure message="/home/cjxu/npp/test/unit/nppi/nppi_geometry_transforms/test_nppi_warp_perspective.cpp:97&#x0A;Expected: (d_src) != (nullptr), actual: NULL vs (nullptr)&#x0A;" type=""><![CDATA[/home/cjxu/npp/test/unit/nppi/nppi_geometry_transforms/test_nppi_warp_perspective.cpp:97
Expected: (d_src) != (nullptr), actual: NULL vs (nullptr)
]]></failure>
    </testcase>
    <testcase name="WarpPerspective_32f_C1R_Scaling" file="/home/cjxu/npp/test/unit/nppi/nppi_geometry_transforms/test_nppi_warp_perspective.cpp" line="140" status="run" result="completed" time="0." timestamp="2025-09-13T22:25:51.655" classname="WarpPerspectiveFunctionalTest">
      <failure message="/home/cjxu/npp/test/unit/nppi/nppi_geometry_transforms/test_nppi_warp_perspective.cpp:157&#x0A;Expected: (d_src) != (nullptr), actual: NULL vs (nullptr)&#x0A;" type=""><![CDATA[/home/cjxu/npp/test/unit/nppi/nppi_geometry_transforms/test_nppi_warp_perspective.cpp:157
Expected: (d_src) != (nullptr), actual: NULL vs (nullptr)
]]></failure>
    </testcase>
    <testcase name="WarpPerspective_8u_C3R_Identity" file="/home/cjxu/npp/test/unit/nppi/nppi_geometry_transforms/test_nppi_warp_perspective.cpp" line="197" status="run" result="completed" time="0." timestamp="2025-09-13T22:25:51.655" classname="WarpPerspectiveFunctionalTest">
      <failure message="/home/cjxu/npp/test/unit/nppi/nppi_geometry_transforms/test_nppi_warp_perspective.cpp:217&#x0A;Expected: (d_src) != (nullptr), actual: NULL vs (nullptr)&#x0A;" type=""><![CDATA[/home/cjxu/npp/test/unit/nppi/nppi_geometry_transforms/test_nppi_warp_perspective.cpp:217
Expected: (d_src) != (nullptr), actual: NULL vs (nullptr)
]]></failure>
    </testcase>
    <testcase name="WarpPerspective_32f_C1R_Perspective" file="/home/cjxu/npp/test/unit/nppi/nppi_geometry_transforms/test_nppi_warp_perspective.cpp" line="254" status="run" result="completed" time="0." timestamp="2025-09-13T22:25:51.655" classname="WarpPerspectiveFunctionalTest">
      <failure message="/home/cjxu/npp/test/unit/nppi/nppi_geometry_transforms/test_nppi_warp_perspective.cpp:272&#x0A;Expected: (d_src) != (nullptr), actual: NULL vs (nullptr)&#x0A;" type=""><![CDATA[/home/cjxu/npp/test/unit/nppi/nppi_geometry_transforms/test_nppi_warp_perspective.cpp:272
Expected: (d_src) != (nullptr), actual: NULL vs (nullptr)
]]></failure>
    </testcase>
    <testcase name="WarpPerspective_InterpolationMethods" file="/home/cjxu/npp/test/unit/nppi/nppi_geometry_transforms/test_nppi_warp_perspective.cpp" line="313" status="run" result="completed" time="0." timestamp="2025-09-13T22:25:51.655" classname="WarpPerspectiveFunctionalTest">
      <failure message="/home/cjxu/npp/test/unit/nppi/nppi_geometry_transforms/test_nppi_warp_perspective.cpp:330&#x0A;Expected: (d_src) != (nullptr), actual: NULL vs (nullptr)&#x0A;" type=""><![CDATA[/home/cjxu/npp/test/unit/nppi/nppi_geometry_transforms/test_nppi_warp_perspective.cpp:330
Expected: (d_src) != (nullptr), actual: NULL vs (nullptr)
]]></failure>
    </testcase>
    <testcase name="DISABLED_WarpPerspective_ErrorHandling" file="/home/cjxu/npp/test/unit/nppi/nppi_geometry_transforms/test_nppi_warp_perspective.cpp" line="387" status="notrun" result="suppressed" time="0." timestamp="1970-01-01T08:00:00.000" classname="WarpPerspectiveFunctionalTest" />
    <testcase name="WarpPerspective_StreamContext" file="/home/cjxu/npp/test/unit/nppi/nppi_geometry_transforms/test_nppi_warp_perspective.cpp" line="406" status="run" result="completed" time="0." timestamp="2025-09-13T22:25:51.655" classname="WarpPerspectiveFunctionalTest">
      <failure message="/home/cjxu/npp/test/unit/nppi/nppi_geometry_transforms/test_nppi_warp_perspective.cpp:417&#x0A;Expected: (d_src) != (nullptr), actual: NULL vs (nullptr)&#x0A;" type=""><![CDATA[/home/cjxu/npp/test/unit/nppi/nppi_geometry_transforms/test_nppi_warp_perspective.cpp:417
Expected: (d_src) != (nullptr), actual: NULL vs (nullptr)
]]></failure>
    </testcase>
  </testsuite>
  <testsuite name="MorphologyFunctionalTest" tests="6" failures="5" disabled="1" skipped="0" errors="0" time="0." timestamp="2025-09-13T22:25:51.655">
    <testcase name="Erode3x3_8u_C1R_Basic" file="/home/cjxu/npp/test/unit/nppi/nppi_morphological_operations/test_nppi_morphology.cpp" line="48" status="run" result="completed" time="0." timestamp="2025-09-13T22:25:51.655" classname="MorphologyFunctionalTest">
      <failure message="unknown file&#x0A;C++ exception with description &quot;Failed to allocate NPP image memory&quot; thrown in the test body.&#x0A;" type=""><![CDATA[unknown file
C++ exception with description "Failed to allocate NPP image memory" thrown in the test body.
]]></failure>
      <failure message="/home/cjxu/npp/test/unit/nppi/nppi_morphological_operations/../../framework/npp_test_base.h:46&#x0A;Expected equality of these values:&#x0A;  err&#x0A;    Which is: 700&#x0A;  cudaSuccess&#x0A;    Which is: 0&#x0A;CUDA error after test: an illegal memory access was encountered&#x0A;" type=""><![CDATA[/home/cjxu/npp/test/unit/nppi/nppi_morphological_operations/../../framework/npp_test_base.h:46
Expected equality of these values:
  err
    Which is: 700
  cudaSuccess
    Which is: 0
CUDA error after test: an illegal memory access was encountered
]]></failure>
    </testcase>
    <testcase name="Dilate3x3_8u_C1R_Basic" file="/home/cjxu/npp/test/unit/nppi/nppi_morphological_operations/test_nppi_morphology.cpp" line="94" status="run" result="completed" time="0." timestamp="2025-09-13T22:25:51.655" classname="MorphologyFunctionalTest">
      <failure message="unknown file&#x0A;C++ exception with description &quot;Failed to allocate NPP image memory&quot; thrown in the test body.&#x0A;" type=""><![CDATA[unknown file
C++ exception with description "Failed to allocate NPP image memory" thrown in the test body.
]]></failure>
      <failure message="/home/cjxu/npp/test/unit/nppi/nppi_morphological_operations/../../framework/npp_test_base.h:46&#x0A;Expected equality of these values:&#x0A;  err&#x0A;    Which is: 700&#x0A;  cudaSuccess&#x0A;    Which is: 0&#x0A;CUDA error after test: an illegal memory access was encountered&#x0A;" type=""><![CDATA[/home/cjxu/npp/test/unit/nppi/nppi_morphological_operations/../../framework/npp_test_base.h:46
Expected equality of these values:
  err
    Which is: 700
  cudaSuccess
    Which is: 0
CUDA error after test: an illegal memory access was encountered
]]></failure>
    </testcase>
    <testcase name="Erode3x3_32f_C1R_Float" file="/home/cjxu/npp/test/unit/nppi/nppi_morphological_operations/test_nppi_morphology.cpp" line="136" status="run" result="completed" time="0." timestamp="2025-09-13T22:25:51.655" classname="MorphologyFunctionalTest">
      <failure message="unknown file&#x0A;C++ exception with description &quot;Failed to allocate NPP image memory&quot; thrown in the test body.&#x0A;" type=""><![CDATA[unknown file
C++ exception with description "Failed to allocate NPP image memory" thrown in the test body.
]]></failure>
      <failure message="/home/cjxu/npp/test/unit/nppi/nppi_morphological_operations/../../framework/npp_test_base.h:46&#x0A;Expected equality of these values:&#x0A;  err&#x0A;    Which is: 700&#x0A;  cudaSuccess&#x0A;    Which is: 0&#x0A;CUDA error after test: an illegal memory access was encountered&#x0A;" type=""><![CDATA[/home/cjxu/npp/test/unit/nppi/nppi_morphological_operations/../../framework/npp_test_base.h:46
Expected equality of these values:
  err
    Which is: 700
  cudaSuccess
    Which is: 0
CUDA error after test: an illegal memory access was encountered
]]></failure>
    </testcase>
    <testcase name="Dilate3x3_32f_C1R_Float" file="/home/cjxu/npp/test/unit/nppi/nppi_morphological_operations/test_nppi_morphology.cpp" line="182" status="run" result="completed" time="0." timestamp="2025-09-13T22:25:51.655" classname="MorphologyFunctionalTest">
      <failure message="unknown file&#x0A;C++ exception with description &quot;Failed to allocate NPP image memory&quot; thrown in the test body.&#x0A;" type=""><![CDATA[unknown file
C++ exception with description "Failed to allocate NPP image memory" thrown in the test body.
]]></failure>
      <failure message="/home/cjxu/npp/test/unit/nppi/nppi_morphological_operations/../../framework/npp_test_base.h:46&#x0A;Expected equality of these values:&#x0A;  err&#x0A;    Which is: 700&#x0A;  cudaSuccess&#x0A;    Which is: 0&#x0A;CUDA error after test: an illegal memory access was encountered&#x0A;" type=""><![CDATA[/home/cjxu/npp/test/unit/nppi/nppi_morphological_operations/../../framework/npp_test_base.h:46
Expected equality of these values:
  err
    Which is: 700
  cudaSuccess
    Which is: 0
CUDA error after test: an illegal memory access was encountered
]]></failure>
    </testcase>
    <testcase name="DISABLED_Morphology_ErrorHandling" file="/home/cjxu/npp/test/unit/nppi/nppi_morphological_operations/test_nppi_morphology.cpp" line="219" status="notrun" result="suppressed" time="0." timestamp="1970-01-01T08:00:00.000" classname="MorphologyFunctionalTest" />
    <testcase name="Morphology_OpenClose_Operations" file="/home/cjxu/npp/test/unit/nppi/nppi_morphological_operations/test_nppi_morphology.cpp" line="257" status="run" result="completed" time="0." timestamp="2025-09-13T22:25:51.655" classname="MorphologyFunctionalTest">
      <failure message="unknown file&#x0A;C++ exception with description &quot;Failed to allocate NPP image memory&quot; thrown in the test body.&#x0A;" type=""><![CDATA[unknown file
C++ exception with description "Failed to allocate NPP image memory" thrown in the test body.
]]></failure>
      <failure message="/home/cjxu/npp/test/unit/nppi/nppi_morphological_operations/../../framework/npp_test_base.h:46&#x0A;Expected equality of these values:&#x0A;  err&#x0A;    Which is: 700&#x0A;  cudaSuccess&#x0A;    Which is: 0&#x0A;CUDA error after test: an illegal memory access was encountered&#x0A;" type=""><![CDATA[/home/cjxu/npp/test/unit/nppi/nppi_morphological_operations/../../framework/npp_test_base.h:46
Expected equality of these values:
  err
    Which is: 700
  cudaSuccess
    Which is: 0
CUDA error after test: an illegal memory access was encountered
]]></failure>
    </testcase>
  </testsuite>
  <testsuite name="NPPIWatershedTest" tests="4" failures="1" disabled="2" skipped="0" errors="0" time="0." timestamp="2025-09-13T22:25:51.655">
    <testcase name="SegmentWatershedGetBufferSize_Basic" file="/home/cjxu/npp/test/unit/nppi/nppi_segmentation/test_nppi_watershed.cpp" line="20" status="run" result="completed" time="0." timestamp="2025-09-13T22:25:51.655" classname="NPPIWatershedTest" />
    <testcase name="DISABLED_SegmentWatershedGetBufferSize_ErrorHandling" file="/home/cjxu/npp/test/unit/nppi/nppi_segmentation/test_nppi_watershed.cpp" line="30" status="notrun" result="suppressed" time="0." timestamp="1970-01-01T08:00:00.000" classname="NPPIWatershedTest" />
    <testcase name="SegmentWatershed_8u_C1IR_Basic" file="/home/cjxu/npp/test/unit/nppi/nppi_segmentation/test_nppi_watershed.cpp" line="43" status="run" result="completed" time="0." timestamp="2025-09-13T22:25:51.655" classname="NPPIWatershedTest">
      <failure message="/home/cjxu/npp/test/unit/nppi/nppi_segmentation/test_nppi_watershed.cpp:83&#x0A;Expected equality of these values:&#x0A;  status&#x0A;    Which is: -8&#x0A;  NPP_SUCCESS&#x0A;    Which is: 0&#x0A;" type=""><![CDATA[/home/cjxu/npp/test/unit/nppi/nppi_segmentation/test_nppi_watershed.cpp:83
Expected equality of these values:
  status
    Which is: -8
  NPP_SUCCESS
    Which is: 0
]]></failure>
      <failure message="/home/cjxu/npp/test/unit/nppi/nppi_segmentation/test_nppi_watershed.cpp:97&#x0A;Expected: (label1Count) &gt; (0), actual: 0 vs 0&#x0A;" type=""><![CDATA[/home/cjxu/npp/test/unit/nppi/nppi_segmentation/test_nppi_watershed.cpp:97
Expected: (label1Count) > (0), actual: 0 vs 0
]]></failure>
      <failure message="/home/cjxu/npp/test/unit/nppi/nppi_segmentation/test_nppi_watershed.cpp:98&#x0A;Expected: (label2Count) &gt; (0), actual: 0 vs 0&#x0A;" type=""><![CDATA[/home/cjxu/npp/test/unit/nppi/nppi_segmentation/test_nppi_watershed.cpp:98
Expected: (label2Count) > (0), actual: 0 vs 0
]]></failure>
    </testcase>
    <testcase name="DISABLED_SegmentWatershed_ErrorHandling" file="/home/cjxu/npp/test/unit/nppi/nppi_segmentation/test_nppi_watershed.cpp" line="108" status="notrun" result="suppressed" time="0." timestamp="1970-01-01T08:00:00.000" classname="NPPIWatershedTest" />
  </testsuite>
  <testsuite name="NPPIHistogramTest" tests="6" failures="3" disabled="2" skipped="0" errors="0" time="0.025" timestamp="2025-09-13T22:25:51.655">
    <testcase name="EvenLevelsHost_32s" file="/home/cjxu/npp/test/unit/nppi/nppi_statistics_functions/test_nppi_histogram.cpp" line="20" status="run" result="completed" time="0." timestamp="2025-09-13T22:25:51.655" classname="NPPIHistogramTest" />
    <testcase name="DISABLED_EvenLevelsHost_ErrorHandling" file="/home/cjxu/npp/test/unit/nppi/nppi_statistics_functions/test_nppi_histogram.cpp" line="41" status="notrun" result="suppressed" time="0." timestamp="1970-01-01T08:00:00.000" classname="NPPIHistogramTest" />
    <testcase name="HistogramEvenGetBufferSize_8u_C1R" file="/home/cjxu/npp/test/unit/nppi/nppi_statistics_functions/test_nppi_histogram.cpp" line="58" status="run" result="completed" time="0.025" timestamp="2025-09-13T22:25:51.655" classname="NPPIHistogramTest">
      <failure message="unknown file&#x0A;Unknown C++ exception thrown in the test body.&#x0A;" type=""><![CDATA[unknown file
Unknown C++ exception thrown in the test body.
]]></failure>
    </testcase>
    <testcase name="HistogramEven_8u_C1R_Basic" file="/home/cjxu/npp/test/unit/nppi/nppi_statistics_functions/test_nppi_histogram.cpp" line="68" status="run" result="completed" time="0." timestamp="2025-09-13T22:25:51.680" classname="NPPIHistogramTest">
      <failure message="unknown file&#x0A;Unknown C++ exception thrown in the test body.&#x0A;" type=""><![CDATA[unknown file
Unknown C++ exception thrown in the test body.
]]></failure>
    </testcase>
    <testcase name="DISABLED_HistogramEven_ErrorHandling" file="/home/cjxu/npp/test/unit/nppi/nppi_statistics_functions/test_nppi_histogram.cpp" line="125" status="notrun" result="suppressed" time="0." timestamp="1970-01-01T08:00:00.000" classname="NPPIHistogramTest" />
    <testcase name="HistogramEven_8u_C1R_Enhanced" file="/home/cjxu/npp/test/unit/nppi/nppi_statistics_functions/test_nppi_histogram.cpp" line="153" status="run" result="completed" time="0." timestamp="2025-09-13T22:25:51.680" classname="NPPIHistogramTest">
      <failure message="/home/cjxu/npp/test/unit/nppi/nppi_statistics_functions/test_nppi_histogram.cpp:168&#x0A;Expected: (d_src) != (nullptr), actual: NULL vs (nullptr)&#x0A;" type=""><![CDATA[/home/cjxu/npp/test/unit/nppi/nppi_statistics_functions/test_nppi_histogram.cpp:168
Expected: (d_src) != (nullptr), actual: NULL vs (nullptr)
]]></failure>
    </testcase>
  </testsuite>
  <testsuite name="ThresholdFunctionalTest" tests="6" failures="5" disabled="1" skipped="0" errors="0" time="0." timestamp="2025-09-13T22:25:51.680">
    <testcase name="Threshold_8u_C1R_Less" file="/home/cjxu/npp/test/unit/nppi/nppi_threshold_and_compare_operations/test_nppi_threshold.cpp" line="22" status="run" result="completed" time="0." timestamp="2025-09-13T22:25:51.680" classname="ThresholdFunctionalTest">
      <failure message="unknown file&#x0A;C++ exception with description &quot;Failed to allocate NPP image memory&quot; thrown in the test body.&#x0A;" type=""><![CDATA[unknown file
C++ exception with description "Failed to allocate NPP image memory" thrown in the test body.
]]></failure>
      <failure message="/home/cjxu/npp/test/unit/nppi/nppi_threshold_and_compare_operations/../../framework/npp_test_base.h:46&#x0A;Expected equality of these values:&#x0A;  err&#x0A;    Which is: 700&#x0A;  cudaSuccess&#x0A;    Which is: 0&#x0A;CUDA error after test: an illegal memory access was encountered&#x0A;" type=""><![CDATA[/home/cjxu/npp/test/unit/nppi/nppi_threshold_and_compare_operations/../../framework/npp_test_base.h:46
Expected equality of these values:
  err
    Which is: 700
  cudaSuccess
    Which is: 0
CUDA error after test: an illegal memory access was encountered
]]></failure>
    </testcase>
    <testcase name="Threshold_8u_C1R_Greater" file="/home/cjxu/npp/test/unit/nppi/nppi_threshold_and_compare_operations/test_nppi_threshold.cpp" line="58" status="run" result="completed" time="0." timestamp="2025-09-13T22:25:51.681" classname="ThresholdFunctionalTest">
      <failure message="unknown file&#x0A;C++ exception with description &quot;Failed to allocate NPP image memory&quot; thrown in the test body.&#x0A;" type=""><![CDATA[unknown file
C++ exception with description "Failed to allocate NPP image memory" thrown in the test body.
]]></failure>
      <failure message="/home/cjxu/npp/test/unit/nppi/nppi_threshold_and_compare_operations/../../framework/npp_test_base.h:46&#x0A;Expected equality of these values:&#x0A;  err&#x0A;    Which is: 700&#x0A;  cudaSuccess&#x0A;    Which is: 0&#x0A;CUDA error after test: an illegal memory access was encountered&#x0A;" type=""><![CDATA[/home/cjxu/npp/test/unit/nppi/nppi_threshold_and_compare_operations/../../framework/npp_test_base.h:46
Expected equality of these values:
  err
    Which is: 700
  cudaSuccess
    Which is: 0
CUDA error after test: an illegal memory access was encountered
]]></failure>
    </testcase>
    <testcase name="Threshold_8u_C1IR_InPlace" file="/home/cjxu/npp/test/unit/nppi/nppi_threshold_and_compare_operations/test_nppi_threshold.cpp" line="94" status="run" result="completed" time="0." timestamp="2025-09-13T22:25:51.681" classname="ThresholdFunctionalTest">
      <failure message="unknown file&#x0A;C++ exception with description &quot;Failed to allocate NPP image memory&quot; thrown in the test body.&#x0A;" type=""><![CDATA[unknown file
C++ exception with description "Failed to allocate NPP image memory" thrown in the test body.
]]></failure>
      <failure message="/home/cjxu/npp/test/unit/nppi/nppi_threshold_and_compare_operations/../../framework/npp_test_base.h:46&#x0A;Expected equality of these values:&#x0A;  err&#x0A;    Which is: 700&#x0A;  cudaSuccess&#x0A;    Which is: 0&#x0A;CUDA error after test: an illegal memory access was encountered&#x0A;" type=""><![CDATA[/home/cjxu/npp/test/unit/nppi/nppi_threshold_and_compare_operations/../../framework/npp_test_base.h:46
Expected equality of these values:
  err
    Which is: 700
  cudaSuccess
    Which is: 0
CUDA error after test: an illegal memory access was encountered
]]></failure>
    </testcase>
    <testcase name="Threshold_32f_C1R_Float" file="/home/cjxu/npp/test/unit/nppi/nppi_threshold_and_compare_operations/test_nppi_threshold.cpp" line="130" status="run" result="completed" time="0." timestamp="2025-09-13T22:25:51.681" classname="ThresholdFunctionalTest">
      <failure message="unknown file&#x0A;C++ exception with description &quot;Failed to allocate NPP image memory&quot; thrown in the test body.&#x0A;" type=""><![CDATA[unknown file
C++ exception with description "Failed to allocate NPP image memory" thrown in the test body.
]]></failure>
      <failure message="/home/cjxu/npp/test/unit/nppi/nppi_threshold_and_compare_operations/../../framework/npp_test_base.h:46&#x0A;Expected equality of these values:&#x0A;  err&#x0A;    Which is: 700&#x0A;  cudaSuccess&#x0A;    Which is: 0&#x0A;CUDA error after test: an illegal memory access was encountered&#x0A;" type=""><![CDATA[/home/cjxu/npp/test/unit/nppi/nppi_threshold_and_compare_operations/../../framework/npp_test_base.h:46
Expected equality of these values:
  err
    Which is: 700
  cudaSuccess
    Which is: 0
CUDA error after test: an illegal memory access was encountered
]]></failure>
    </testcase>
    <testcase name="DISABLED_Threshold_ErrorHandling" file="/home/cjxu/npp/test/unit/nppi/nppi_threshold_and_compare_operations/test_nppi_threshold.cpp" line="166" status="notrun" result="suppressed" time="0." timestamp="1970-01-01T08:00:00.000" classname="ThresholdFunctionalTest" />
    <testcase name="Threshold_BinaryImage" file="/home/cjxu/npp/test/unit/nppi/nppi_threshold_and_compare_operations/test_nppi_threshold.cpp" line="199" status="run" result="completed" time="0." timestamp="2025-09-13T22:25:51.681" classname="ThresholdFunctionalTest">
      <failure message="unknown file&#x0A;C++ exception with description &quot;Failed to allocate NPP image memory&quot; thrown in the test body.&#x0A;" type=""><![CDATA[unknown file
C++ exception with description "Failed to allocate NPP image memory" thrown in the test body.
]]></failure>
      <failure message="/home/cjxu/npp/test/unit/nppi/nppi_threshold_and_compare_operations/../../framework/npp_test_base.h:46&#x0A;Expected equality of these values:&#x0A;  err&#x0A;    Which is: 700&#x0A;  cudaSuccess&#x0A;    Which is: 0&#x0A;CUDA error after test: an illegal memory access was encountered&#x0A;" type=""><![CDATA[/home/cjxu/npp/test/unit/nppi/nppi_threshold_and_compare_operations/../../framework/npp_test_base.h:46
Expected equality of these values:
  err
    Which is: 700
  cudaSuccess
    Which is: 0
CUDA error after test: an illegal memory access was encountered
]]></failure>
    </testcase>
  </testsuite>
  <testsuite name="SupportFunctionsTest" tests="7" failures="6" disabled="1" skipped="0" errors="0" time="0." timestamp="2025-09-13T22:25:51.681">
    <testcase name="GetLibVersion_BasicTest" file="/home/cjxu/npp/test/unit/nppi/test_nppi_support_functions.cpp" line="21" status="run" result="completed" time="0." timestamp="2025-09-13T22:25:51.681" classname="SupportFunctionsTest">
      <failure message="/home/cjxu/npp/test/unit/nppi/../framework/npp_test_base.h:46&#x0A;Expected equality of these values:&#x0A;  err&#x0A;    Which is: 700&#x0A;  cudaSuccess&#x0A;    Which is: 0&#x0A;CUDA error after test: an illegal memory access was encountered&#x0A;" type=""><![CDATA[/home/cjxu/npp/test/unit/nppi/../framework/npp_test_base.h:46
Expected equality of these values:
  err
    Which is: 700
  cudaSuccess
    Which is: 0
CUDA error after test: an illegal memory access was encountered
]]></failure>
    </testcase>
    <testcase name="GetGpuName_BasicTest" file="/home/cjxu/npp/test/unit/nppi/test_nppi_support_functions.cpp" line="52" status="run" result="completed" time="0." timestamp="2025-09-13T22:25:51.681" classname="SupportFunctionsTest">
      <failure message="/home/cjxu/npp/test/unit/nppi/../framework/npp_test_base.h:46&#x0A;Expected equality of these values:&#x0A;  err&#x0A;    Which is: 700&#x0A;  cudaSuccess&#x0A;    Which is: 0&#x0A;CUDA error after test: an illegal memory access was encountered&#x0A;" type=""><![CDATA[/home/cjxu/npp/test/unit/nppi/../framework/npp_test_base.h:46
Expected equality of these values:
  err
    Which is: 700
  cudaSuccess
    Which is: 0
CUDA error after test: an illegal memory access was encountered
]]></failure>
    </testcase>
    <testcase name="GetStreamContext_BasicTest" file="/home/cjxu/npp/test/unit/nppi/test_nppi_support_functions.cpp" line="65" status="run" result="completed" time="0." timestamp="2025-09-13T22:25:51.681" classname="SupportFunctionsTest">
      <failure message="/home/cjxu/npp/test/unit/nppi/../framework/npp_test_base.h:46&#x0A;Expected equality of these values:&#x0A;  err&#x0A;    Which is: 700&#x0A;  cudaSuccess&#x0A;    Which is: 0&#x0A;CUDA error after test: an illegal memory access was encountered&#x0A;" type=""><![CDATA[/home/cjxu/npp/test/unit/nppi/../framework/npp_test_base.h:46
Expected equality of these values:
  err
    Which is: 700
  cudaSuccess
    Which is: 0
CUDA error after test: an illegal memory access was encountered
]]></failure>
    </testcase>
    <testcase name="SetGetStreamContext_BasicTest" file="/home/cjxu/npp/test/unit/nppi/test_nppi_support_functions.cpp" line="79" status="run" result="completed" time="0." timestamp="2025-09-13T22:25:51.681" classname="SupportFunctionsTest">
      <failure message="/home/cjxu/npp/test/unit/nppi/../framework/npp_test_base.h:46&#x0A;Expected equality of these values:&#x0A;  err&#x0A;    Which is: 700&#x0A;  cudaSuccess&#x0A;    Which is: 0&#x0A;CUDA error after test: an illegal memory access was encountered&#x0A;" type=""><![CDATA[/home/cjxu/npp/test/unit/nppi/../framework/npp_test_base.h:46
Expected equality of these values:
  err
    Which is: 700
  cudaSuccess
    Which is: 0
CUDA error after test: an illegal memory access was encountered
]]></failure>
    </testcase>
    <testcase name="GetGpuDeviceProperties_BasicTest" file="/home/cjxu/npp/test/unit/nppi/test_nppi_support_functions.cpp" line="100" status="run" result="completed" time="0." timestamp="2025-09-13T22:25:51.681" classname="SupportFunctionsTest">
      <failure message="/home/cjxu/npp/test/unit/nppi/../framework/npp_test_base.h:46&#x0A;Expected equality of these values:&#x0A;  err&#x0A;    Which is: 700&#x0A;  cudaSuccess&#x0A;    Which is: 0&#x0A;CUDA error after test: an illegal memory access was encountered&#x0A;" type=""><![CDATA[/home/cjxu/npp/test/unit/nppi/../framework/npp_test_base.h:46
Expected equality of these values:
  err
    Which is: 700
  cudaSuccess
    Which is: 0
CUDA error after test: an illegal memory access was encountered
]]></failure>
    </testcase>
    <testcase name="GetGpuNumSMs_BasicTest" file="/home/cjxu/npp/test/unit/nppi/test_nppi_support_functions.cpp" line="121" status="run" result="completed" time="0." timestamp="2025-09-13T22:25:51.681" classname="SupportFunctionsTest">
      <failure message="/home/cjxu/npp/test/unit/nppi/../framework/npp_test_base.h:46&#x0A;Expected equality of these values:&#x0A;  err&#x0A;    Which is: 700&#x0A;  cudaSuccess&#x0A;    Which is: 0&#x0A;CUDA error after test: an illegal memory access was encountered&#x0A;" type=""><![CDATA[/home/cjxu/npp/test/unit/nppi/../framework/npp_test_base.h:46
Expected equality of these values:
  err
    Which is: 700
  cudaSuccess
    Which is: 0
CUDA error after test: an illegal memory access was encountered
]]></failure>
    </testcase>
    <testcase name="DISABLED_ErrorHandling_NullPointer" file="/home/cjxu/npp/test/unit/nppi/test_nppi_support_functions.cpp" line="131" status="notrun" result="suppressed" time="0." timestamp="1970-01-01T08:00:00.000" classname="SupportFunctionsTest" />
  </testsuite>
  <testsuite name="NPPSAddFunctionalTest" tests="6" failures="4" disabled="2" skipped="0" errors="0" time="0.015" timestamp="2025-09-13T22:25:51.681">
    <testcase name="Add_32f_BasicOperation" file="/home/cjxu/npp/test/unit/npps/npps_arithmetic_operations/test_npps_add.cpp" line="25" status="run" result="completed" time="0." timestamp="2025-09-13T22:25:51.681" classname="NPPSAddFunctionalTest">
      <failure message="/home/cjxu/npp/test/unit/npps/npps_arithmetic_operations/test_npps_add.cpp:45&#x0A;Value of: d_src1 &amp;&amp; d_src2 &amp;&amp; d_dst&#x0A;  Actual: false&#x0A;Expected: true&#x0A;GPU memory allocation failed&#x0A;" type=""><![CDATA[/home/cjxu/npp/test/unit/npps/npps_arithmetic_operations/test_npps_add.cpp:45
Value of: d_src1 && d_src2 && d_dst
  Actual: false
Expected: true
GPU memory allocation failed
]]></failure>
    </testcase>
    <testcase name="Add_32f_LargeSignals" file="/home/cjxu/npp/test/unit/npps/npps_arithmetic_operations/test_npps_add.cpp" line="70" status="run" result="completed" time="0.015" timestamp="2025-09-13T22:25:51.681" classname="NPPSAddFunctionalTest">
      <failure message="/home/cjxu/npp/test/unit/npps/npps_arithmetic_operations/test_npps_add.cpp:93&#x0A;Value of: d_src1 &amp;&amp; d_src2 &amp;&amp; d_dst&#x0A;  Actual: false&#x0A;Expected: true&#x0A;GPU memory allocation failed&#x0A;" type=""><![CDATA[/home/cjxu/npp/test/unit/npps/npps_arithmetic_operations/test_npps_add.cpp:93
Value of: d_src1 && d_src2 && d_dst
  Actual: false
Expected: true
GPU memory allocation failed
]]></failure>
    </testcase>
    <testcase name="Add_16s_BasicOperation" file="/home/cjxu/npp/test/unit/npps/npps_arithmetic_operations/test_npps_add.cpp" line="122" status="run" result="completed" time="0." timestamp="2025-09-13T22:25:51.697" classname="NPPSAddFunctionalTest">
      <failure message="/home/cjxu/npp/test/unit/npps/npps_arithmetic_operations/test_npps_add.cpp:144&#x0A;Value of: d_src1 &amp;&amp; d_src2 &amp;&amp; d_dst&#x0A;  Actual: false&#x0A;Expected: true&#x0A;GPU memory allocation failed&#x0A;" type=""><![CDATA[/home/cjxu/npp/test/unit/npps/npps_arithmetic_operations/test_npps_add.cpp:144
Value of: d_src1 && d_src2 && d_dst
  Actual: false
Expected: true
GPU memory allocation failed
]]></failure>
    </testcase>
    <testcase name="Add_32fc_BasicOperation" file="/home/cjxu/npp/test/unit/npps/npps_arithmetic_operations/test_npps_add.cpp" line="173" status="run" result="completed" time="0." timestamp="2025-09-13T22:25:51.697" classname="NPPSAddFunctionalTest">
      <failure message="/home/cjxu/npp/test/unit/npps/npps_arithmetic_operations/test_npps_add.cpp:197&#x0A;Value of: d_src1 &amp;&amp; d_src2 &amp;&amp; d_dst&#x0A;  Actual: false&#x0A;Expected: true&#x0A;GPU memory allocation failed&#x0A;" type=""><![CDATA[/home/cjxu/npp/test/unit/npps/npps_arithmetic_operations/test_npps_add.cpp:197
Value of: d_src1 && d_src2 && d_dst
  Actual: false
Expected: true
GPU memory allocation failed
]]></failure>
    </testcase>
    <testcase name="DISABLED_ErrorHandling_NullPointers" file="/home/cjxu/npp/test/unit/npps/npps_arithmetic_operations/test_npps_add.cpp" line="228" status="notrun" result="suppressed" time="0." timestamp="1970-01-01T08:00:00.000" classname="NPPSAddFunctionalTest" />
    <testcase name="DISABLED_ErrorHandling_ZeroLength" file="/home/cjxu/npp/test/unit/npps/npps_arithmetic_operations/test_npps_add.cpp" line="245" status="notrun" result="suppressed" time="0." timestamp="1970-01-01T08:00:00.000" classname="NPPSAddFunctionalTest" />
  </testsuite>
  <testsuite name="NPPSSetFunctionalTest" tests="9" failures="7" disabled="2" skipped="0" errors="0" time="0." timestamp="2025-09-13T22:25:51.697">
    <testcase name="Set_8u_BasicOperation" file="/home/cjxu/npp/test/unit/npps/npps_initialization/test_npps_set.cpp" line="21" status="run" result="completed" time="0." timestamp="2025-09-13T22:25:51.697" classname="NPPSSetFunctionalTest">
      <failure message="/home/cjxu/npp/test/unit/npps/npps_initialization/test_npps_set.cpp:28&#x0A;Value of: d_dst&#x0A;  Actual: false&#x0A;Expected: true&#x0A;GPU memory allocation failed&#x0A;" type=""><![CDATA[/home/cjxu/npp/test/unit/npps/npps_initialization/test_npps_set.cpp:28
Value of: d_dst
  Actual: false
Expected: true
GPU memory allocation failed
]]></failure>
    </testcase>
    <testcase name="Set_8u_BoundaryValues" file="/home/cjxu/npp/test/unit/npps/npps_initialization/test_npps_set.cpp" line="46" status="run" result="completed" time="0." timestamp="2025-09-13T22:25:51.697" classname="NPPSSetFunctionalTest">
      <failure message="/home/cjxu/npp/test/unit/npps/npps_initialization/test_npps_set.cpp:55&#x0A;Value of: d_dst&#x0A;  Actual: false&#x0A;Expected: true&#x0A;" type=""><![CDATA[/home/cjxu/npp/test/unit/npps/npps_initialization/test_npps_set.cpp:55
Value of: d_dst
  Actual: false
Expected: true
]]></failure>
    </testcase>
    <testcase name="Set_32f_BasicOperation" file="/home/cjxu/npp/test/unit/npps/npps_initialization/test_npps_set.cpp" line="75" status="run" result="completed" time="0." timestamp="2025-09-13T22:25:51.697" classname="NPPSSetFunctionalTest">
      <failure message="/home/cjxu/npp/test/unit/npps/npps_initialization/test_npps_set.cpp:82&#x0A;Value of: d_dst&#x0A;  Actual: false&#x0A;Expected: true&#x0A;GPU memory allocation failed&#x0A;" type=""><![CDATA[/home/cjxu/npp/test/unit/npps/npps_initialization/test_npps_set.cpp:82
Value of: d_dst
  Actual: false
Expected: true
GPU memory allocation failed
]]></failure>
    </testcase>
    <testcase name="Set_32f_SpecialValues" file="/home/cjxu/npp/test/unit/npps/npps_initialization/test_npps_set.cpp" line="100" status="run" result="completed" time="0." timestamp="2025-09-13T22:25:51.697" classname="NPPSSetFunctionalTest">
      <failure message="/home/cjxu/npp/test/unit/npps/npps_initialization/test_npps_set.cpp:109&#x0A;Value of: d_dst&#x0A;  Actual: false&#x0A;Expected: true&#x0A;" type=""><![CDATA[/home/cjxu/npp/test/unit/npps/npps_initialization/test_npps_set.cpp:109
Value of: d_dst
  Actual: false
Expected: true
]]></failure>
    </testcase>
    <testcase name="Set_32f_LargeSignal" file="/home/cjxu/npp/test/unit/npps/npps_initialization/test_npps_set.cpp" line="125" status="run" result="completed" time="0." timestamp="2025-09-13T22:25:51.697" classname="NPPSSetFunctionalTest">
      <failure message="/home/cjxu/npp/test/unit/npps/npps_initialization/test_npps_set.cpp:132&#x0A;Value of: d_dst&#x0A;  Actual: false&#x0A;Expected: true&#x0A;GPU memory allocation failed&#x0A;" type=""><![CDATA[/home/cjxu/npp/test/unit/npps/npps_initialization/test_npps_set.cpp:132
Value of: d_dst
  Actual: false
Expected: true
GPU memory allocation failed
]]></failure>
    </testcase>
    <testcase name="Set_32fc_BasicOperation" file="/home/cjxu/npp/test/unit/npps/npps_initialization/test_npps_set.cpp" line="161" status="run" result="completed" time="0." timestamp="2025-09-13T22:25:51.697" classname="NPPSSetFunctionalTest">
      <failure message="/home/cjxu/npp/test/unit/npps/npps_initialization/test_npps_set.cpp:168&#x0A;Value of: d_dst&#x0A;  Actual: false&#x0A;Expected: true&#x0A;GPU memory allocation failed&#x0A;" type=""><![CDATA[/home/cjxu/npp/test/unit/npps/npps_initialization/test_npps_set.cpp:168
Value of: d_dst
  Actual: false
Expected: true
GPU memory allocation failed
]]></failure>
    </testcase>
    <testcase name="Zero_32f_BasicOperation" file="/home/cjxu/npp/test/unit/npps/npps_initialization/test_npps_set.cpp" line="191" status="run" result="completed" time="0." timestamp="2025-09-13T22:25:51.697" classname="NPPSSetFunctionalTest">
      <failure message="/home/cjxu/npp/test/unit/npps/npps_initialization/test_npps_set.cpp:197&#x0A;Value of: d_dst&#x0A;  Actual: false&#x0A;Expected: true&#x0A;GPU memory allocation failed&#x0A;" type=""><![CDATA[/home/cjxu/npp/test/unit/npps/npps_initialization/test_npps_set.cpp:197
Value of: d_dst
  Actual: false
Expected: true
GPU memory allocation failed
]]></failure>
    </testcase>
    <testcase name="DISABLED_ErrorHandling_NullPointers" file="/home/cjxu/npp/test/unit/npps/npps_initialization/test_npps_set.cpp" line="224" status="notrun" result="suppressed" time="0." timestamp="1970-01-01T08:00:00.000" classname="NPPSSetFunctionalTest" />
    <testcase name="DISABLED_ErrorHandling_ZeroLength" file="/home/cjxu/npp/test/unit/npps/npps_initialization/test_npps_set.cpp" line="237" status="notrun" result="suppressed" time="0." timestamp="1970-01-01T08:00:00.000" classname="NPPSSetFunctionalTest" />
  </testsuite>
  <testsuite name="NPPSSumFunctionalTest" tests="7" failures="4" disabled="2" skipped="0" errors="0" time="0." timestamp="2025-09-13T22:25:51.697">
    <testcase name="Sum_32f_BasicOperation" file="/home/cjxu/npp/test/unit/npps/npps_statistics_functions/test_npps_sum.cpp" line="22" status="run" result="completed" time="0." timestamp="2025-09-13T22:25:51.697" classname="NPPSSumFunctionalTest">
      <failure message="/home/cjxu/npp/test/unit/npps/npps_statistics_functions/test_npps_sum.cpp:47&#x0A;Value of: d_src &amp;&amp; d_sum &amp;&amp; d_buffer&#x0A;  Actual: false&#x0A;Expected: true&#x0A;GPU memory allocation failed&#x0A;" type=""><![CDATA[/home/cjxu/npp/test/unit/npps/npps_statistics_functions/test_npps_sum.cpp:47
Value of: d_src && d_sum && d_buffer
  Actual: false
Expected: true
GPU memory allocation failed
]]></failure>
    </testcase>
    <testcase name="Sum_32f_SequentialPattern" file="/home/cjxu/npp/test/unit/npps/npps_statistics_functions/test_npps_sum.cpp" line="69" status="run" result="completed" time="0." timestamp="2025-09-13T22:25:51.697" classname="NPPSSumFunctionalTest">
      <failure message="/home/cjxu/npp/test/unit/npps/npps_statistics_functions/test_npps_sum.cpp:92&#x0A;Value of: d_src &amp;&amp; d_sum &amp;&amp; d_buffer&#x0A;  Actual: false&#x0A;Expected: true&#x0A;" type=""><![CDATA[/home/cjxu/npp/test/unit/npps/npps_statistics_functions/test_npps_sum.cpp:92
Value of: d_src && d_sum && d_buffer
  Actual: false
Expected: true
]]></failure>
    </testcase>
    <testcase name="Sum_32f_LargeSignal" file="/home/cjxu/npp/test/unit/npps/npps_statistics_functions/test_npps_sum.cpp" line="110" status="run" result="completed" time="0." timestamp="2025-09-13T22:25:51.697" classname="NPPSSumFunctionalTest">
      <failure message="/home/cjxu/npp/test/unit/npps/npps_statistics_functions/test_npps_sum.cpp:130&#x0A;Value of: d_src &amp;&amp; d_sum &amp;&amp; d_buffer&#x0A;  Actual: false&#x0A;Expected: true&#x0A;" type=""><![CDATA[/home/cjxu/npp/test/unit/npps/npps_statistics_functions/test_npps_sum.cpp:130
Value of: d_src && d_sum && d_buffer
  Actual: false
Expected: true
]]></failure>
    </testcase>
    <testcase name="Sum_32fc_BasicOperation" file="/home/cjxu/npp/test/unit/npps/npps_statistics_functions/test_npps_sum.cpp" line="152" status="run" result="completed" time="0." timestamp="2025-09-13T22:25:51.697" classname="NPPSSumFunctionalTest">
      <failure message="/home/cjxu/npp/test/unit/npps/npps_statistics_functions/test_npps_sum.cpp:178&#x0A;Value of: d_src &amp;&amp; d_sum &amp;&amp; d_buffer&#x0A;  Actual: false&#x0A;Expected: true&#x0A;" type=""><![CDATA[/home/cjxu/npp/test/unit/npps/npps_statistics_functions/test_npps_sum.cpp:178
Value of: d_src && d_sum && d_buffer
  Actual: false
Expected: true
]]></failure>
    </testcase>
    <testcase name="GetBufferSize_32f" file="/home/cjxu/npp/test/unit/npps/npps_statistics_functions/test_npps_sum.cpp" line="202" status="run" result="completed" time="0." timestamp="2025-09-13T22:25:51.697" classname="NPPSSumFunctionalTest" />
    <testcase name="DISABLED_ErrorHandling_NullPointers" file="/home/cjxu/npp/test/unit/npps/npps_statistics_functions/test_npps_sum.cpp" line="218" status="notrun" result="suppressed" time="0." timestamp="1970-01-01T08:00:00.000" classname="NPPSSumFunctionalTest" />
    <testcase name="DISABLED_ErrorHandling_ZeroLength" file="/home/cjxu/npp/test/unit/npps/npps_statistics_functions/test_npps_sum.cpp" line="244" status="notrun" result="suppressed" time="0." timestamp="1970-01-01T08:00:00.000" classname="NPPSSumFunctionalTest" />
  </testsuite>
  <testsuite name="NppsSupportTest" tests="6" failures="6" disabled="0" skipped="0" errors="0" time="0." timestamp="2025-09-13T22:25:51.697">
    <testcase name="Malloc_8u" file="/home/cjxu/npp/test/unit/npps/test_npps_support.cpp" line="20" status="run" result="completed" time="0." timestamp="2025-09-13T22:25:51.697" classname="NppsSupportTest">
      <failure message="/home/cjxu/npp/test/unit/npps/test_npps_support.cpp:22&#x0A;Expected: (signal) != (nullptr), actual: NULL vs (nullptr)&#x0A;Failed to allocate 8u signal memory&#x0A;" type=""><![CDATA[/home/cjxu/npp/test/unit/npps/test_npps_support.cpp:22
Expected: (signal) != (nullptr), actual: NULL vs (nullptr)
Failed to allocate 8u signal memory
]]></failure>
    </testcase>
    <testcase name="Malloc_16s" file="/home/cjxu/npp/test/unit/npps/test_npps_support.cpp" line="48" status="run" result="completed" time="0." timestamp="2025-09-13T22:25:51.697" classname="NppsSupportTest">
      <failure message="/home/cjxu/npp/test/unit/npps/test_npps_support.cpp:50&#x0A;Expected: (signal) != (nullptr), actual: NULL vs (nullptr)&#x0A;Failed to allocate 16s signal memory&#x0A;" type=""><![CDATA[/home/cjxu/npp/test/unit/npps/test_npps_support.cpp:50
Expected: (signal) != (nullptr), actual: NULL vs (nullptr)
Failed to allocate 16s signal memory
]]></failure>
    </testcase>
    <testcase name="Malloc_32f" file="/home/cjxu/npp/test/unit/npps/test_npps_support.cpp" line="76" status="run" result="completed" time="0." timestamp="2025-09-13T22:25:51.697" classname="NppsSupportTest">
      <failure message="/home/cjxu/npp/test/unit/npps/test_npps_support.cpp:78&#x0A;Expected: (signal) != (nullptr), actual: NULL vs (nullptr)&#x0A;Failed to allocate 32f signal memory&#x0A;" type=""><![CDATA[/home/cjxu/npp/test/unit/npps/test_npps_support.cpp:78
Expected: (signal) != (nullptr), actual: NULL vs (nullptr)
Failed to allocate 32f signal memory
]]></failure>
    </testcase>
    <testcase name="Malloc_32fc" file="/home/cjxu/npp/test/unit/npps/test_npps_support.cpp" line="104" status="run" result="completed" time="0." timestamp="2025-09-13T22:25:51.697" classname="NppsSupportTest">
      <failure message="/home/cjxu/npp/test/unit/npps/test_npps_support.cpp:106&#x0A;Expected: (signal) != (nullptr), actual: NULL vs (nullptr)&#x0A;Failed to allocate 32fc signal memory&#x0A;" type=""><![CDATA[/home/cjxu/npp/test/unit/npps/test_npps_support.cpp:106
Expected: (signal) != (nullptr), actual: NULL vs (nullptr)
Failed to allocate 32fc signal memory
]]></failure>
    </testcase>
    <testcase name="Malloc_64f" file="/home/cjxu/npp/test/unit/npps/test_npps_support.cpp" line="134" status="run" result="completed" time="0." timestamp="2025-09-13T22:25:51.697" classname="NppsSupportTest">
      <failure message="/home/cjxu/npp/test/unit/npps/test_npps_support.cpp:136&#x0A;Expected: (signal) != (nullptr), actual: NULL vs (nullptr)&#x0A;Failed to allocate 64f signal memory&#x0A;" type=""><![CDATA[/home/cjxu/npp/test/unit/npps/test_npps_support.cpp:136
Expected: (signal) != (nullptr), actual: NULL vs (nullptr)
Failed to allocate 64f signal memory
]]></failure>
    </testcase>
    <testcase name="MemoryAlignment" file="/home/cjxu/npp/test/unit/npps/test_npps_support.cpp" line="180" status="run" result="completed" time="0." timestamp="2025-09-13T22:25:51.697" classname="NppsSupportTest">
      <failure message="/home/cjxu/npp/test/unit/npps/test_npps_support.cpp:185&#x0A;Expected: (signal1) != (nullptr), actual: NULL vs (nullptr)&#x0A;" type=""><![CDATA[/home/cjxu/npp/test/unit/npps/test_npps_support.cpp:185
Expected: (signal1) != (nullptr), actual: NULL vs (nullptr)
]]></failure>
    </testcase>
  </testsuite>
  <testsuite name="NppsSupportParameterTest" tests="2" failures="1" disabled="0" skipped="0" errors="0" time="0." timestamp="2025-09-13T22:25:51.697">
    <testcase name="NullSize" file="/home/cjxu/npp/test/unit/npps/test_npps_support.cpp" line="162" status="run" result="completed" time="0." timestamp="2025-09-13T22:25:51.697" classname="NppsSupportParameterTest" />
    <testcase name="FreeSafety" file="/home/cjxu/npp/test/unit/npps/test_npps_support.cpp" line="169" status="run" result="completed" time="0." timestamp="2025-09-13T22:25:51.697" classname="NppsSupportParameterTest">
      <failure message="/home/cjxu/npp/test/unit/npps/test_npps_support.cpp:175&#x0A;Expected: (signal) != (nullptr), actual: NULL vs (nullptr)&#x0A;" type=""><![CDATA[/home/cjxu/npp/test/unit/npps/test_npps_support.cpp:175
Expected: (signal) != (nullptr), actual: NULL vs (nullptr)
]]></failure>
    </testcase>
  </testsuite>
  <testsuite name="NppsSupportLargeMemoryTest" tests="1" failures="0" disabled="0" skipped="1" errors="0" time="0." timestamp="2025-09-13T22:25:51.697">
    <testcase name="LargeAllocation" file="/home/cjxu/npp/test/unit/npps/test_npps_support.cpp" line="206" status="run" result="skipped" time="0." timestamp="2025-09-13T22:25:51.697" classname="NppsSupportLargeMemoryTest">
      <skipped message="/home/cjxu/npp/test/unit/npps/test_npps_support.cpp:229&#x0A;Large memory allocation failed - possibly due to insufficient GPU memory&#x0A;"><![CDATA[/home/cjxu/npp/test/unit/npps/test_npps_support.cpp:229
Large memory allocation failed - possibly due to insufficient GPU memory
]]></skipped>
    </testcase>
  </testsuite>
</testsuites>
